{"timestamp":"2026-10-02T15:49:45.459+0200","agent":{"id":"001","name":"Windows_VM","ip":"192.168.232.130"},"manager":{"name":"dcasey-virtual-machine"},"id":"1790948985.366724","full_log":"{\"win\":{\"system\":{\"providerName\":\"Microsoft-Windows-Sysmon\",\"providerGuid\":\"{5770385f-c22a-43e0-bf4c-06f5698ffbd9}\",\"eventID\":\"1\",\"version\":\"5\",\"level\":\"4\",\"task\":\"1\",\"opcode\":\"0\",\"keywords\":\"0x8000000000000000\",\"systemTime\":\"2026-10-02T14:49:40.6015148Z\",\"eventRecordID\":\"15058\",\"processID\":\"3504\",\"threadID\":\"4956\",\"channel\":\"Microsoft-Windows-Sysmon/Operational\",\"computer\":\"DESKTOP-5OG7C28\",\"severityValue\":\"INFORMATION\",\"message\":\"\\\"Process Create:\\r\\nRuleName: -\\r\\nUtcTime: 2026-10-02 14:49:40.593\\r\\nProcessGuid: {4b2ce92d-c484-6abf-2d03-000000001400}\\r\\nProcessId: 8184\\r\\nImage: C:\\\\Program Files\\\\WindowsApps\\\\Microsoft.DesktopAppInstaller_1.29.379.0_x64__8wekyb3d8bbwe\\\\WindowsPackageManagerServer.exe\\r\\nFileVersion: -\\r\\nDescription: -\\r\\nProduct: -\\r\\nCompany: -\\r\\nOriginalFileName: -\\r\\nCommandLine: \\\"C:\\\\Program Files\\\\WindowsApps\\\\Microsoft.DesktopAppInstaller_1.29.379.0_x64__8wekyb3d8bbwe\\\\WindowsPackageManagerServer.exe\\\" -Embedding\\r\\nCurrentDirectory: C:\\\\WINDOWS\\\\system32\\\\\\r\\nUser: DESKTOP-5OG7C28\\\\Darragh Casey\\r\\nLogonGuid: {4b2ce92d-826e-6abe-a98d-0a0000000000}\\r\\nLogonId: 0xA8DA9\\r\\nTerminalSessionId: 1\\r\\nIntegrityLevel: Medium\\r\\nHashes: MD5=4FA6ED0740DBB673B70C6126C20B8032,SHA256=FD2F533A9F40BFE4F7FD59D15C7B5734C76746BBE6DCEDAA878C441BA544E0B5,IMPHASH=FF8020E3645EA82B62AC4E010A1B4EDF\\r\\nParentProcessGuid: {00000000-0000-0000-0000-000000000000}\\r\\nParentProcessId: 952\\r\\nParentImage: -\\r\\nParentCommandLine: -\\r\\nParentUser: -\\\"\"},\"eventdata\":{\"utcTime\":\"2026-10-02 14:49:40.593\",\"processGuid\":\"{4b2ce92d-c484-6abf-2d03-000000001400}\",\"processId\":\"8184\",\"image\":\"C:\\\\\\\\Program Files\\\\\\\\WindowsApps\\\\\\\\Microsoft.DesktopAppInstaller_1.29.379.0_x64__8wekyb3d8bbwe\\\\\\\\WindowsPackageManagerServer.exe\",\"commandLine\":\"\\\\\\\"C:\\\\\\\\Program Files\\\\\\\\WindowsApps\\\\\\\\Microsoft.DesktopAppInstaller_1.29.379.0_x64__8wekyb3d8bbwe\\\\\\\\WindowsPackageManagerServer.exe\\\\\\\" -Embedding\",\"currentDirectory\":\"C:\\\\\\\\WINDOWS\\\\\\\\system32\\\\\\\\\",\"user\":\"DESKTOP-5OG7C28\\\\\\\\Darragh Casey\",\"logonGuid\":\"{4b2ce92d-826e-6abe-a98d-0a0000000000}\",\"logonId\":\"0xa8da9\",\"terminalSessionId\":\"1\",\"integrityLevel\":\"Medium\",\"hashes\":\"MD5=4FA6ED0740DBB673B70C6126C20B8032,SHA256=FD2F533A9F40BFE4F7FD59D15C7B5734C76746BBE6DCEDAA878C441BA544E0B5,IMPHASH=FF8020E3645EA82B62AC4E010A1B4EDF\",\"parentProcessGuid\":\"{00000000-0000-0000-0000-000000000000}\",\"parentProcessId\":\"952\"}}}","decoder":{"name":"windows_eventchannel"},"data":{"win":{"system":{"providerName":"Microsoft-Windows-Sysmon","providerGuid":"{5770385f-c22a-43e0-bf4c-06f5698ffbd9}","eventID":"1","version":"5","level":"4","task":"1","opcode":"0","keywords":"0x8000000000000000","systemTime":"2026-10-02T14:49:40.6015148Z","eventRecordID":"15058","processID":"3504","threadID":"4956","channel":"Microsoft-Windows-Sysmon/Operational","computer":"DESKTOP-5OG7C28","severityValue":"INFORMATION","message":"\"Process Create:\r\nRuleName: -\r\nUtcTime: 2026-10-02 14:49:40.593\r\nProcessGuid: {4b2ce92d-c484-6abf-2d03-000000001400}\r\nProcessId: 8184\r\nImage: C:\\Program Files\\WindowsApps\\Microsoft.DesktopAppInstaller_1.29.379.0_x64__8wekyb3d8bbwe\\WindowsPackageManagerServer.exe\r\nFileVersion: -\r\nDescription: -\r\nProduct: -\r\nCompany: -\r\nOriginalFileName: -\r\nCommandLine: \"C:\\Program Files\\WindowsApps\\Microsoft.DesktopAppInstaller_1.29.379.0_x64__8wekyb3d8bbwe\\WindowsPackageManagerServer.exe\" -Embedding\r\nCurrentDirectory: C:\\WINDOWS\\system32\\\r\nUser: DESKTOP-5OG7C28\\Darragh Casey\r\nLogonGuid: {4b2ce92d-826e-6abe-a98d-0a0000000000}\r\nLogonId: 0xA8DA9\r\nTerminalSessionId: 1\r\nIntegrityLevel: Medium\r\nHashes: MD5=4FA6ED0740DBB673B70C6126C20B8032,SHA256=FD2F533A9F40BFE4F7FD59D15C7B5734C76746BBE6DCEDAA878C441BA544E0B5,IMPHASH=FF8020E3645EA82B62AC4E010A1B4EDF\r\nParentProcessGuid: {00000000-0000-0000-0000-000000000000}\r\nParentProcessId: 952\r\nParentImage: -\r\nParentCommandLine: -\r\nParentUser: -\""},"eventdata":{"utcTime":"2026-10-02 14:49:40.593","processGuid":"{4b2ce92d-c484-6abf-2d03-000000001400}","processId":"8184","image":"C:\\\\Program Files\\\\WindowsApps\\\\Microsoft.DesktopAppInstaller_1.29.379.0_x64__8wekyb3d8bbwe\\\\WindowsPackageManagerServer.exe","commandLine":"\\\"C:\\\\Program Files\\\\WindowsApps\\\\Microsoft.DesktopAppInstaller_1.29.379.0_x64__8wekyb3d8bbwe\\\\WindowsPackageManagerServer.exe\\\" -Embedding","currentDirectory":"C:\\\\WINDOWS\\\\system32\\\\","user":"DESKTOP-5OG7C28\\\\Darragh Casey","logonGuid":"{4b2ce92d-826e-6abe-a98d-0a0000000000}","logonId":"0xa8da9","terminalSessionId":"1","integrityLevel":"Medium","hashes":"MD5=4FA6ED0740DBB673B70C6126C20B8032,SHA256=FD2F533A9F40BFE4F7FD59D15C7B5734C76746BBE6DCEDAA878C441BA544E0B5,IMPHASH=FF8020E3645EA82B62AC4E010A1B4EDF","parentProcessGuid":"{00000000-0000-0000-0000-000000000000}","parentProcessId":"952"}}},"location":"EventChannel"}
{"timestamp":"2026-10-02T15:49:45.912+0200","agent":{"id":"001","name":"Windows_VM","ip":"192.168.232.130"},"manager":{"name":"dcasey-virtual-machine"},"id":"1790948985.366724","full_log":"{\"win\":{\"system\":{\"providerName\":\"Microsoft-Windows-Kernel-General\",\"providerGuid\":\"{a68ca8b7-004f-d7b6-a698-07e2de0f1f5d}\",\"eventID\":\"16\",\"version\":\"0\",\"level\":\"4\",\"task\":\"0\",\"opcode\":\"0\",\"keywords\":\"0x8000000000000000\",\"systemTime\":\"2026-10-02T14:49:41.0498581Z\",\"eventRecordID\":\"2988\",\"processID\":\"8184\",\"threadID\":\"1080\",\"channel\":\"System\",\"computer\":\"DESKTOP-5OG7C28\",\"severityValue\":\"INFORMATION\",\"message\":\"\\\"The access history in hive \\\\??\\\\C:\\\\Users\\\\Darragh Casey\\\\AppData\\\\Local\\\\Packages\\\\Microsoft.DesktopAppInstaller_8wekyb3d8bbwe\\\\Settings\\\\settings.dat was cleared updating 2 keys and creating 1 modified pages.\\\"\"},\"eventdata\":{\"hiveNameLength\":\"115\",\"hiveName\":\"\\\\\\\\??\\\\\\\\C:\\\\\\\\Users\\\\\\\\Darragh Casey\\\\\\\\AppData\\\\\\\\Local\\\\\\\\Packages\\\\\\\\Microsoft.DesktopAppInstaller_8wekyb3d8bbwe\\\\\\\\Settings\\\\\\\\settings.dat\",\"keysUpdated\":\"2\",\"dirtyPages\":\"1\"}}}","decoder":{"name":"windows_eventchannel"},"data":{"win":{"system":{"providerName":"Microsoft-Windows-Kernel-General","providerGuid":"{a68ca8b7-004f-d7b6-a698-07e2de0f1f5d}","eventID":"16","version":"0","level":"4","task":"0","opcode":"0","keywords":"0x8000000000000000","systemTime":"2026-10-02T14:49:41.0498581Z","eventRecordID":"2988","processID":"8184","threadID":"1080","channel":"System","computer":"DESKTOP-5OG7C28","severityValue":"INFORMATION","message":"\"The access history in hive \\??\\C:\\Users\\Darragh Casey\\AppData\\Local\\Packages\\Microsoft.DesktopAppInstaller_8wekyb3d8bbwe\\Settings\\settings.dat was cleared updating 2 keys and creating 1 modified pages.\""},"eventdata":{"hiveNameLength":"115","hiveName":"\\\\??\\\\C:\\\\Users\\\\Darragh Casey\\\\AppData\\\\Local\\\\Packages\\\\Microsoft.DesktopAppInstaller_8wekyb3d8bbwe\\\\Settings\\\\settings.dat","keysUpdated":"2","dirtyPages":"1"}}},"location":"EventChannel"}
{"timestamp":"2026-10-02T15:49:47.795+0200","agent":{"id":"001","name":"Windows_VM","ip":"192.168.232.130"},"manager":{"name":"dcasey-virtual-machine"},"id":"1790948987.366724","full_log":"{\"win\":{\"system\":{\"providerName\":\"Microsoft-Windows-Security-Auditing\",\"providerGuid\":\"{54849625-5478-4994-a5ba-3e3b0328c30d}\",\"eventID\":\"5382\",\"version\":\"0\",\"level\":\"0\",\"task\":\"13824\",\"opcode\":\"0\",\"keywords\":\"0x8020000000000000\",\"systemTime\":\"2026-10-02T14:49:42.9380381Z\",\"eventRecordID\":\"54069\",\"processID\":\"820\",\"threadID\":\"1136\",\"channel\":\"Security\",\"computer\":\"DESKTOP-5OG7C28\",\"severityValue\":\"AUDIT_SUCCESS\",\"message\":\"\\\"Vault credentials were read.\\r\\n\\r\\nSubject:\\r\\n\\tSecurity ID:\\t\\tS-1-5-21-2586188580-1629295405-1270050116-1001\\r\\n\\tAccount Name:\\t\\tDarragh Casey\\r\\n\\tAccount Domain:\\t\\tDESKTOP-5OG7C28\\r\\n\\tLogon ID:\\t\\t0xA8DA9\\r\\n\\r\\nThis event occurs when a user reads a stored vault credential.\\\"\"},\"eventdata\":{\"subjectUserSid\":\"S-1-5-21-2586188580-1629295405-1270050116-1001\",\"subjectUserName\":\"Darragh Casey\",\"subjectDomainName\":\"DESKTOP-5OG7C28\",\"subjectLogonId\":\"0xa8da9\",\"schemaFriendlyName\":\"Windows Web Password Credential\",\"schema\":\"{3ccd5499-87a8-4b10-a215-608888dd3b55}\",\"resource\":\"SnapshotEncryptionKey\",\"identity\":\"MicrosoftStore-Installs\",\"flags\":\"0\",\"returnCode\":\"0\",\"processCreationTime\":\"2026-10-02T14:49:39.7674641Z\",\"clientProcessId\":\"3084\"}}}","decoder":{"name":"windows_eventchannel"},"data":{"win":{"system":{"providerName":"Microsoft-Windows-Security-Auditing","providerGuid":"{54849625-5478-4994-a5ba-3e3b0328c30d}","eventID":"5382","version":"0","level":"0","task":"13824","opcode":"0","keywords":"0x8020000000000000","systemTime":"2026-10-02T14:49:42.9380381Z","eventRecordID":"54069","processID":"820","threadID":"1136","channel":"Security","computer":"DESKTOP-5OG7C28","severityValue":"AUDIT_SUCCESS","message":"\"Vault credentials were read.\r\n\r\nSubject:\r\n\tSecurity ID:\t\tS-1-5-21-2586188580-1629295405-1270050116-1001\r\n\tAccount Name:\t\tDarragh Casey\r\n\tAccount Domain:\t\tDESKTOP-5OG7C28\r\n\tLogon ID:\t\t0xA8DA9\r\n\r\nThis event occurs when a user reads a stored vault credential.\""},"eventdata":{"subjectUserSid":"S-1-5-21-2586188580-1629295405-1270050116-1001","subjectUserName":"Darragh Casey","subjectDomainName":"DESKTOP-5OG7C28","subjectLogonId":"0xa8da9","schemaFriendlyName":"Windows Web Password Credential","schema":"{3ccd5499-87a8-4b10-a215-608888dd3b55}","resource":"SnapshotEncryptionKey","identity":"MicrosoftStore-Installs","flags":"0","returnCode":"0","processCreationTime":"2026-10-02T14:49:39.7674641Z","clientProcessId":"3084"}}},"location":"EventChannel"}
{"timestamp":"2026-10-02T15:49:47.798+0200","agent":{"id":"001","name":"Windows_VM","ip":"192.168.232.130"},"manager":{"name":"dcasey-virtual-machine"},"id":"1790948987.366724","full_log":"{\"win\":{\"system\":{\"providerName\":\"Microsoft-Windows-Security-Auditing\",\"providerGuid\":\"{54849625-5478-4994-a5ba-3e3b0328c30d}\",\"eventID\":\"5382\",\"version\":\"0\",\"level\":\"0\",\"task\":\"13824\",\"opcode\":\"0\",\"keywords\":\"0x8020000000000000\",\"systemTime\":\"2026-10-02T14:49:42.9399135Z\",\"eventRecordID\":\"54070\",\"processID\":\"820\",\"threadID\":\"1136\",\"channel\":\"Security\",\"computer\":\"DESKTOP-5OG7C28\",\"severityValue\":\"AUDIT_SUCCESS\",\"message\":\"\\\"Vault credentials were read.\\r\\n\\r\\nSubject:\\r\\n\\tSecurity ID:\\t\\tS-1-5-21-2586188580-1629295405-1270050116-1001\\r\\n\\tAccount Name:\\t\\tDarragh Casey\\r\\n\\tAccount Domain:\\t\\tDESKTOP-5OG7C28\\r\\n\\tLogon ID:\\t\\t0xA8DA9\\r\\n\\r\\nThis event occurs when a user reads a stored vault credential.\\\"\"},\"eventdata\":{\"subjectUserSid\":\"S-1-5-21-2586188580-1629295405-1270050116-1001\",\"subjectUserName\":\"Darragh Casey\",\"subjectDomainName\":\"DESKTOP-5OG7C28\",\"subjectLogonId\":\"0xa8da9\",\"schemaFriendlyName\":\"Windows Web Password Credential\",\"schema\":\"{3ccd5499-87a8-4b10-a215-608888dd3b55}\",\"resource\":\"SnapshotEncryptionIV\",\"identity\":\"MicrosoftStore-Installs\",\"flags\":\"0\",\"returnCode\":\"0\",\"processCreationTime\":\"2026-10-02T14:49:39.7674641Z\",\"clientProcessId\":\"3084\"}}}","decoder":{"name":"windows_eventchannel"},"data":{"win":{"system":{"providerName":"Microsoft-Windows-Security-Auditing","providerGuid":"{54849625-5478-4994-a5ba-3e3b0328c30d}","eventID":"5382","version":"0","level":"0","task":"13824","opcode":"0","keywords":"0x8020000000000000","systemTime":"2026-10-02T14:49:42.9399135Z","eventRecordID":"54070","processID":"820","threadID":"1136","channel":"Security","computer":"DESKTOP-5OG7C28","severityValue":"AUDIT_SUCCESS","message":"\"Vault credentials were read.\r\n\r\nSubject:\r\n\tSecurity ID:\t\tS-1-5-21-2586188580-1629295405-1270050116-1001\r\n\tAccount Name:\t\tDarragh Casey\r\n\tAccount Domain:\t\tDESKTOP-5OG7C28\r\n\tLogon ID:\t\t0xA8DA9\r\n\r\nThis event occurs when a user reads a stored vault credential.\""},"eventdata":{"subjectUserSid":"S-1-5-21-2586188580-1629295405-1270050116-1001","subjectUserName":"Darragh Casey","subjectDomainName":"DESKTOP-5OG7C28","subjectLogonId":"0xa8da9","schemaFriendlyName":"Windows Web Password Credential","schema":"{3ccd5499-87a8-4b10-a215-608888dd3b55}","resource":"SnapshotEncryptionIV","identity":"MicrosoftStore-Installs","flags":"0","returnCode":"0","processCreationTime":"2026-10-02T14:49:39.7674641Z","clientProcessId":"3084"}}},"location":"EventChannel"}
{"timestamp":"2026-10-02T15:49:48.502+0200","rule":{"level":3,"description":"Service startup type was changed","id":"61104","info":"This does not appear to be logged on Windows 2000","firedtimes":4,"mail":false,"groups":["windows","windows_system","policy_changed"],"pci_dss":["10.6"],"gdpr":["IV_35.7.d"],"hipaa":["164.312.b"],"nist_800_53":["AU.6"],"tsc":["CC6.1","CC6.8","CC7.2","CC7.3"]},"agent":{"id":"001","name":"Windows_VM","ip":"192.168.232.130"},"manager":{"name":"dcasey-virtual-machine"},"id":"1790948988.366724","full_log":"{\"win\":{\"system\":{\"providerName\":\"Service Control Manager\",\"providerGuid\":\"{555908d1-a6d7-4695-8e1e-26931d2012f4}\",\"eventSourceName\":\"Service Control Manager\",\"eventID\":\"7040\",\"version\":\"0\",\"level\":\"4\",\"task\":\"0\",\"opcode\":\"0\",\"keywords\":\"0x8080000000000000\",\"systemTime\":\"2026-10-02T14:49:43.6493776Z\",\"eventRecordID\":\"2989\",\"processID\":\"812\",\"threadID\":\"5872\",\"channel\":\"System\",\"computer\":\"DESKTOP-5OG7C28\",\"severityValue\":\"INFORMATION\",\"message\":\"\\\"The start type of the Background Intelligent Transfer Service service was changed from auto start to demand start.\\\"\"},\"eventdata\":{\"param1\":\"Background Intelligent Transfer Service\",\"param2\":\"auto start\",\"param3\":\"demand start\",\"param4\":\"BITS\"}}}","decoder":{"name":"windows_eventchannel"},"data":{"win":{"system":{"providerName":"Service Control Manager","providerGuid":"{555908d1-a6d7-4695-8e1e-26931d2012f4}","eventSourceName":"Service Control Manager","eventID":"7040","version":"0","level":"4","task":"0","opcode":"0","keywords":"0x8080000000000000","systemTime":"2026-10-02T14:49:43.6493776Z","eventRecordID":"2989","processID":"812","threadID":"5872","channel":"System","computer":"DESKTOP-5OG7C28","severityValue":"INFORMATION","message":"\"The start type of the Background Intelligent Transfer Service service was changed from auto start to demand start.\""},"eventdata":{"param1":"Background Intelligent Transfer Service","param2":"auto start","param3":"demand start","param4":"BITS"}}},"location":"EventChannel"}
{"timestamp":"2026-10-02T15:49:54.731+0200","rule":{"level":2,"description":"Unknown problem somewhere in the system.","id":"1002","firedtimes":3,"mail":false,"groups":["syslog","errors"],"gpg13":["4.3"]},"agent":{"id":"000","name":"dcasey-virtual-machine"},"manager":{"name":"dcasey-virtual-machine"},"id":"1790948994.368550","full_log":"Oct 02 13:49:53 dcasey-virtual-machine unknown[5419]: gtk_widget_get_scale_factor: assertion 'GTK_IS_WIDGET (widget)' failed","predecoder":{"program_name":"unknown","timestamp":"Oct 02 13:49:53","hostname":"dcasey-virtual-machine"},"decoder":{},"location":"journald"}
{"timestamp":"2026-10-02T15:49:54.731+0200","rule":{"level":2,"description":"Unknown problem somewhere in the system.","id":"1002","firedtimes":4,"mail":false,"groups":["syslog","errors"],"gpg13":["4.3"]},"agent":{"id":"000","name":"dcasey-virtual-machine"},"manager":{"name":"dcasey-virtual-machine"},"id":"1790948994.368550","full_log":"Oct 02 13:49:53 dcasey-virtual-machine unknown[5419]: gtk_widget_get_scale_factor: assertion 'GTK_IS_WIDGET (widget)' failed","predecoder":{"program_name":"unknown","timestamp":"Oct 02 13:49:53","hostname":"dcasey-virtual-machine"},"decoder":{},"location":"journald"}
{"timestamp":"2026-10-02T15:50:08.739+0200","agent":{"id":"000","name":"dcasey-virtual-machine"},"manager":{"name":"dcasey-virtual-machine"},"id":"1790949008.368550","full_log":"Oct 02 13:50:07 dcasey-virtual-machine systemd[1]: Starting Fingerprint Authentication Daemon...","predecoder":{"program_name":"systemd","timestamp":"Oct 02 13:50:07","hostname":"dcasey-virtual-machine"},"decoder":{"name":"systemd"},"location":"journald"}
{"timestamp":"2026-10-02T15:50:08.739+0200","agent":{"id":"000","name":"dcasey-virtual-machine"},"manager":{"name":"dcasey-virtual-machine"},"id":"1790949008.368550","full_log":"Oct 02 13:50:07 dcasey-virtual-machine dbus-daemon[832]: [system] Activating via systemd: service name='net.reactivated.Fprint' unit='fprintd.service' requested by ':1.76' (uid=1000 pid=2667 comm=\"/usr/bin/gnome-shell \" label=\"unconfined\")","predecoder":{"program_name":"dbus-daemon","timestamp":"Oct 02 13:50:07","hostname":"dcasey-virtual-machine"},"decoder":{},"location":"journald"}
{"timestamp":"2026-10-02T15:50:08.739+0200","agent":{"id":"000","name":"dcasey-virtual-machine"},"manager":{"name":"dcasey-virtual-machine"},"id":"1790949008.368550","full_log":"Oct 02 13:50:07 dcasey-virtual-machine dbus-daemon[832]: [system] Successfully activated service 'net.reactivated.Fprint'","predecoder":{"program_name":"dbus-daemon","timestamp":"Oct 02 13:50:07","hostname":"dcasey-virtual-machine"},"decoder":{},"location":"journald"}
{"timestamp":"2026-10-02T15:50:08.739+0200","agent":{"id":"000","name":"dcasey-virtual-machine"},"manager":{"name":"dcasey-virtual-machine"},"id":"1790949008.368550","full_log":"Oct 02 13:50:07 dcasey-virtual-machine systemd[1]: Started Fingerprint Authentication Daemon.","predecoder":{"program_name":"systemd","timestamp":"Oct 02 13:50:07","hostname":"dcasey-virtual-machine"},"decoder":{"name":"systemd"},"location":"journald"}
{"timestamp":"2026-10-02T15:50:08.739+0200","rule":{"level":2,"description":"Unknown problem somewhere in the system.","id":"1002","firedtimes":5,"mail":false,"groups":["syslog","errors"],"gpg13":["4.3"]},"agent":{"id":"000","name":"dcasey-virtual-machine"},"manager":{"name":"dcasey-virtual-machine"},"id":"1790949008.368550","full_log":"Oct 02 13:50:07 dcasey-virtual-machine unknown[2667]: JS ERROR: Failed to initialize fprintd service: Gio.IOErrorEnum: GDBus.Error:net.reactivated.Fprint.Error.NoSuchDevice: No devices available\nasyncCallback@resource:///org/gnome/gjs/modules/core/overrides/Gio.js:114:23\n","predecoder":{"program_name":"unknown","timestamp":"Oct 02 13:50:07","hostname":"dcasey-virtual-machine"},"decoder":{},"location":"journald"}
{"timestamp":"2026-10-02T15:50:12.740+0200","agent":{"id":"000","name":"dcasey-virtual-machine"},"manager":{"name":"dcasey-virtual-machine"},"id":"1790949012.368550","full_log":"Oct 02 13:50:11 dcasey-virtual-machine dbus-daemon[2294]: [session uid=1000 pid=2294] Activating service name='org.freedesktop.FileManager1' requested by ':1.28' (uid=1000 pid=2667 comm=\"/usr/bin/gnome-shell \" label=\"unconfined\")","predecoder":{"program_name":"dbus-daemon","timestamp":"Oct 02 13:50:11","hostname":"dcasey-virtual-machine"},"decoder":{},"location":"journald"}
{"timestamp":"2026-10-02T15:50:12.740+0200","agent":{"id":"000","name":"dcasey-virtual-machine"},"manager":{"name":"dcasey-virtual-machine"},"id":"1790949012.368550","full_log":"Oct 02 13:50:11 dcasey-virtual-machine NetworkManager[834]: <info>  [1790949011.2777] agent-manager: agent[982b5f468565741e,:1.76/org.gnome.Shell.NetworkAgent/1000]: agent registered","predecoder":{"program_name":"NetworkManager","timestamp":"Oct 02 13:50:11","hostname":"dcasey-virtual-machine"},"decoder":{},"location":"journald"}
{"timestamp":"2026-10-02T15:50:12.740+0200","agent":{"id":"000","name":"dcasey-virtual-machine"},"manager":{"name":"dcasey-virtual-machine"},"id":"1790949012.368550","full_log":"Oct 02 13:50:11 dcasey-virtual-machine dbus-daemon[2294]: [session uid=1000 pid=2294] Successfully activated service 'org.freedesktop.FileManager1'","predecoder":{"program_name":"dbus-daemon","timestamp":"Oct 02 13:50:11","hostname":"dcasey-virtual-machine"},"decoder":{},"location":"journald"}
{"timestamp":"2026-10-02T15:50:12.740+0200","agent":{"id":"000","name":"dcasey-virtual-machine"},"manager":{"name":"dcasey-virtual-machine"},"id":"1790949012.368550","full_log":"Oct 02 13:50:11 dcasey-virtual-machine ubuntu-appindicators@ubuntu.com[2667]: unable to update icon for livepatch","predecoder":{"program_name":"ubuntu-appindicators@ubuntu.com","timestamp":"Oct 02 13:50:11","hostname":"dcasey-virtual-machine"},"decoder":{},"location":"journald"}
{"timestamp":"2026-10-02T15:50:12.740+0200","agent":{"id":"000","name":"dcasey-virtual-machine"},"manager":{"name":"dcasey-virtual-machine"},"id":"1790949012.368550","full_log":"Oct 02 13:50:11 dcasey-virtual-machine gnome-shell[2667]: Window manager warning: Overwriting existing binding of keysym 31 with keysym 31 (keycode a).","predecoder":{"program_name":"gnome-shell","timestamp":"Oct 02 13:50:11","hostname":"dcasey-virtual-machine"},"decoder":{},"location":"journald"}
{"timestamp":"2026-10-02T15:50:12.740+0200","agent":{"id":"000","name":"dcasey-virtual-machine"},"manager":{"name":"dcasey-virtual-machine"},"id":"1790949012.368550","full_log":"Oct 02 13:50:10 dcasey-virtual-machine gdm-password][11754]: gkr-pam: unlocked login keyring","predecoder":{"timestamp":"Oct 02 13:50:10","hostname":"dcasey-virtual-machine"},"decoder":{},"location":"journald"}
{"timestamp":"2026-10-02T15:50:12.740+0200","agent":{"id":"000","name":"dcasey-virtual-machine"},"manager":{"name":"dcasey-virtual-machine"},"id":"1790949012.368550","full_log":"Oct 02 13:50:11 dcasey-virtual-machine gnome-shell[2667]: Window manager warning: Overwriting existing binding of keysym 32 with keysym 32 (keycode b).","predecoder":{"program_name":"gnome-shell","timestamp":"Oct 02 13:50:11","hostname":"dcasey-virtual-machine"},"decoder":{},"location":"journald"}
{"timestamp":"2026-10-02T15:50:12.740+0200","agent":{"id":"000","name":"dcasey-virtual-machine"},"manager":{"name":"dcasey-virtual-machine"},"id":"1790949012.368550","full_log":"Oct 02 13:50:11 dcasey-virtual-machine gnome-shell[2667]: Window manager warning: Overwriting existing binding of keysym 34 with keysym 34 (keycode d).","predecoder":{"program_name":"gnome-shell","timestamp":"Oct 02 13:50:11","hostname":"dcasey-virtual-machine"},"decoder":{},"location":"journald"}
{"timestamp":"2026-10-02T15:50:12.740+0200","agent":{"id":"000","name":"dcasey-virtual-machine"},"manager":{"name":"dcasey-virtual-machine"},"id":"1790949012.368550","full_log":"Oct 02 13:50:11 dcasey-virtual-machine gnome-shell[2667]: Window manager warning: Overwriting existing binding of keysym 35 with keysym 35 (keycode e).","predecoder":{"program_name":"gnome-shell","timestamp":"Oct 02 13:50:11","hostname":"dcasey-virtual-machine"},"decoder":{},"location":"journald"}
{"timestamp":"2026-10-02T15:50:12.740+0200","agent":{"id":"000","name":"dcasey-virtual-machine"},"manager":{"name":"dcasey-virtual-machine"},"id":"1790949012.368550","full_log":"Oct 02 13:50:11 dcasey-virtual-machine gnome-shell[2667]: Window manager warning: Overwriting existing binding of keysym 33 with keysym 33 (keycode c).","predecoder":{"program_name":"gnome-shell","timestamp":"Oct 02 13:50:11","hostname":"dcasey-virtual-machine"},"decoder":{},"location":"journald"}
{"timestamp":"2026-10-02T15:50:12.740+0200","agent":{"id":"000","name":"dcasey-virtual-machine"},"manager":{"name":"dcasey-virtual-machine"},"id":"1790949012.368550","full_log":"Oct 02 13:50:11 dcasey-virtual-machine gnome-shell[2667]: Window manager warning: Overwriting existing binding of keysym 36 with keysym 36 (keycode f).","predecoder":{"program_name":"gnome-shell","timestamp":"Oct 02 13:50:11","hostname":"dcasey-virtual-machine"},"decoder":{},"location":"journald"}
{"timestamp":"2026-10-02T15:50:12.740+0200","agent":{"id":"000","name":"dcasey-virtual-machine"},"manager":{"name":"dcasey-virtual-machine"},"id":"1790949012.368550","full_log":"Oct 02 13:50:11 dcasey-virtual-machine gnome-shell[2667]: Window manager warning: Overwriting existing binding of keysym 37 with keysym 37 (keycode 10).","predecoder":{"program_name":"gnome-shell","timestamp":"Oct 02 13:50:11","hostname":"dcasey-virtual-machine"},"decoder":{},"location":"journald"}
{"timestamp":"2026-10-02T15:50:12.740+0200","agent":{"id":"000","name":"dcasey-virtual-machine"},"manager":{"name":"dcasey-virtual-machine"},"id":"1790949012.368550","full_log":"Oct 02 13:50:11 dcasey-virtual-machine gnome-shell[2667]: Window manager warning: Overwriting existing binding of keysym 39 with keysym 39 (keycode 12).","predecoder":{"program_name":"gnome-shell","timestamp":"Oct 02 13:50:11","hostname":"dcasey-virtual-machine"},"decoder":{},"location":"journald"}
{"timestamp":"2026-10-02T15:50:12.740+0200","agent":{"id":"000","name":"dcasey-virtual-machine"},"manager":{"name":"dcasey-virtual-machine"},"id":"1790949012.368550","full_log":"Oct 02 13:50:11 dcasey-virtual-machine ubuntu-appindicators@ubuntu.com[2667]: unable to update icon for software-update-available","predecoder":{"program_name":"ubuntu-appindicators@ubuntu.com","timestamp":"Oct 02 13:50:11","hostname":"dcasey-virtual-machine"},"decoder":{},"location":"journald"}
{"timestamp":"2026-10-02T15:50:12.740+0200","agent":{"id":"000","name":"dcasey-virtual-machine"},"manager":{"name":"dcasey-virtual-machine"},"id":"1790949012.368550","full_log":"Oct 02 13:50:12 dcasey-virtual-machine gnome-shell[2667]: DING: Detected async api for thumbnails","predecoder":{"program_name":"gnome-shell","timestamp":"Oct 02 13:50:12","hostname":"dcasey-virtual-machine"},"decoder":{},"location":"journald"}
{"timestamp":"2026-10-02T15:50:12.740+0200","agent":{"id":"000","name":"dcasey-virtual-machine"},"manager":{"name":"dcasey-virtual-machine"},"id":"1790949012.368550","full_log":"Oct 02 13:50:11 dcasey-virtual-machine gnome-shell[2667]: Window manager warning: Overwriting existing binding of keysym 38 with keysym 38 (keycode 11).","predecoder":{"program_name":"gnome-shell","timestamp":"Oct 02 13:50:11","hostname":"dcasey-virtual-machine"},"decoder":{},"location":"journald"}
{"timestamp":"2026-10-02T15:50:12.740+0200","agent":{"id":"000","name":"dcasey-virtual-machine"},"manager":{"name":"dcasey-virtual-machine"},"id":"1790949012.368550","full_log":"Oct 02 13:50:12 dcasey-virtual-machine gnome-shell[2667]: DING: GNOME nautilus 42.6","predecoder":{"program_name":"gnome-shell","timestamp":"Oct 02 13:50:12","hostname":"dcasey-virtual-machine"},"decoder":{},"location":"journald"}
{"timestamp":"2026-10-02T15:50:12.741+0200","agent":{"id":"000","name":"dcasey-virtual-machine"},"manager":{"name":"dcasey-virtual-machine"},"id":"1790949012.368550","full_log":"Oct 02 13:50:12 dcasey-virtual-machine dbus-daemon[2294]: [session uid=1000 pid=2294] Successfully activated service 'org.gnome.ArchiveManager1'","predecoder":{"program_name":"dbus-daemon","timestamp":"Oct 02 13:50:12","hostname":"dcasey-virtual-machine"},"decoder":{},"location":"journald"}
{"timestamp":"2026-10-02T15:50:12.741+0200","agent":{"id":"000","name":"dcasey-virtual-machine"},"manager":{"name":"dcasey-virtual-machine"},"id":"1790949012.368550","full_log":"Oct 02 13:50:11 dcasey-virtual-machine dbus-daemon[2294]: [session uid=1000 pid=2294] Activating service name='org.gnome.ArchiveManager1' requested by ':1.132' (uid=1000 pid=11772 comm=\"gjs /usr/share/gnome-shell/extensions/ding@rasters\" label=\"unconfined\")","predecoder":{"program_name":"dbus-daemon","timestamp":"Oct 02 13:50:11","hostname":"dcasey-virtual-machine"},"decoder":{},"location":"journald"}
{"timestamp":"2026-10-02T15:50:23.595+0200","agent":{"id":"001","name":"Windows_VM","ip":"192.168.232.130"},"manager":{"name":"dcasey-virtual-machine"},"id":"1790949023.368550","full_log":"{\"win\":{\"system\":{\"providerName\":\"Microsoft-Windows-Sysmon\",\"providerGuid\":\"{5770385f-c22a-43e0-bf4c-06f5698ffbd9}\",\"eventID\":\"1\",\"version\":\"5\",\"level\":\"4\",\"task\":\"1\",\"opcode\":\"0\",\"keywords\":\"0x8000000000000000\",\"systemTime\":\"2026-10-02T14:50:18.3468152Z\",\"eventRecordID\":\"15059\",\"processID\":\"3504\",\"threadID\":\"4956\",\"channel\":\"Microsoft-Windows-Sysmon/Operational\",\"computer\":\"DESKTOP-5OG7C28\",\"severityValue\":\"INFORMATION\",\"message\":\"\\\"Process Create:\\r\\nRuleName: -\\r\\nUtcTime: 2026-10-02 14:50:18.341\\r\\nProcessGuid: {4b2ce92d-c4aa-6abf-2e03-000000001400}\\r\\nProcessId: 1908\\r\\nImage: C:\\\\Windows\\\\System32\\\\svchost.exe\\r\\nFileVersion: 10.0.26100.8737 (WinBuild.160101.0800)\\r\\nDescription: Host Process for Windows Services\\r\\nProduct: Microsoft® Windows® Operating System\\r\\nCompany: Microsoft Corporation\\r\\nOriginalFileName: svchost.exe\\r\\nCommandLine: C:\\\\WINDOWS\\\\System32\\\\svchost.exe -k netsvcs -p -s NetSetupSvc\\r\\nCurrentDirectory: C:\\\\WINDOWS\\\\system32\\\\\\r\\nUser: NT AUTHORITY\\\\SYSTEM\\r\\nLogonGuid: {4b2ce92d-824a-6abe-e703-000000000000}\\r\\nLogonId: 0x3E7\\r\\nTerminalSessionId: 0\\r\\nIntegrityLevel: System\\r\\nHashes: MD5=07FE1BE55D1049C7B48E270C466502D4,SHA256=1222A44A5FDB4EFDE4DFCB41093648627950E7EC02D8667F1C26CCAE31D922E2,IMPHASH=DE43BD45CC98C143357416C7519ECCFD\\r\\nParentProcessGuid: {4b2ce92d-824a-6abe-0b00-000000001400}\\r\\nParentProcessId: 812\\r\\nParentImage: C:\\\\Windows\\\\System32\\\\services.exe\\r\\nParentCommandLine: C:\\\\WINDOWS\\\\system32\\\\services.exe\\r\\nParentUser: NT AUTHORITY\\\\SYSTEM\\\"\"},\"eventdata\":{\"utcTime\":\"2026-10-02 14:50:18.341\",\"processGuid\":\"{4b2ce92d-c4aa-6abf-2e03-000000001400}\",\"processId\":\"1908\",\"image\":\"C:\\\\\\\\Windows\\\\\\\\System32\\\\\\\\svchost.exe\",\"fileVersion\":\"10.0.26100.8737 (WinBuild.160101.0800)\",\"description\":\"Host Process for Windows Services\",\"product\":\"Microsoft® Windows® Operating System\",\"company\":\"Microsoft Corporation\",\"originalFileName\":\"svchost.exe\",\"commandLine\":\"C:\\\\\\\\WINDOWS\\\\\\\\System32\\\\\\\\svchost.exe -k netsvcs -p -s NetSetupSvc\",\"currentDirectory\":\"C:\\\\\\\\WINDOWS\\\\\\\\system32\\\\\\\\\",\"user\":\"NT AUTHORITY\\\\\\\\SYSTEM\",\"logonGuid\":\"{4b2ce92d-824a-6abe-e703-000000000000}\",\"logonId\":\"0x3e7\",\"terminalSessionId\":\"0\",\"integrityLevel\":\"System\",\"hashes\":\"MD5=07FE1BE55D1049C7B48E270C466502D4,SHA256=1222A44A5FDB4EFDE4DFCB41093648627950E7EC02D8667F1C26CCAE31D922E2,IMPHASH=DE43BD45CC98C143357416C7519ECCFD\",\"parentProcessGuid\":\"{4b2ce92d-824a-6abe-0b00-000000001400}\",\"parentProcessId\":\"812\",\"parentImage\":\"C:\\\\\\\\Windows\\\\\\\\System32\\\\\\\\services.exe\",\"parentCommandLine\":\"C:\\\\\\\\WINDOWS\\\\\\\\system32\\\\\\\\services.exe\",\"parentUser\":\"NT AUTHORITY\\\\\\\\SYSTEM\"}}}","decoder":{"name":"windows_eventchannel"},"data":{"win":{"system":{"providerName":"Microsoft-Windows-Sysmon","providerGuid":"{5770385f-c22a-43e0-bf4c-06f5698ffbd9}","eventID":"1","version":"5","level":"4","task":"1","opcode":"0","keywords":"0x8000000000000000","systemTime":"2026-10-02T14:50:18.3468152Z","eventRecordID":"15059","processID":"3504","threadID":"4956","channel":"Microsoft-Windows-Sysmon/Operational","computer":"DESKTOP-5OG7C28","severityValue":"INFORMATION","message":"\"Process Create:\r\nRuleName: -\r\nUtcTime: 2026-10-02 14:50:18.341\r\nProcessGuid: {4b2ce92d-c4aa-6abf-2e03-000000001400}\r\nProcessId: 1908\r\nImage: C:\\Windows\\System32\\svchost.exe\r\nFileVersion: 10.0.26100.8737 (WinBuild.160101.0800)\r\nDescription: Host Process for Windows Services\r\nProduct: Microsoft® Windows® Operating System\r\nCompany: Microsoft Corporation\r\nOriginalFileName: svchost.exe\r\nCommandLine: C:\\WINDOWS\\System32\\svchost.exe -k netsvcs -p -s NetSetupSvc\r\nCurrentDirectory: C:\\WINDOWS\\system32\\\r\nUser: NT AUTHORITY\\SYSTEM\r\nLogonGuid: {4b2ce92d-824a-6abe-e703-000000000000}\r\nLogonId: 0x3E7\r\nTerminalSessionId: 0\r\nIntegrityLevel: System\r\nHashes: MD5=07FE1BE55D1049C7B48E270C466502D4,SHA256=1222A44A5FDB4EFDE4DFCB41093648627950E7EC02D8667F1C26CCAE31D922E2,IMPHASH=DE43BD45CC98C143357416C7519ECCFD\r\nParentProcessGuid: {4b2ce92d-824a-6abe-0b00-000000001400}\r\nParentProcessId: 812\r\nParentImage: C:\\Windows\\System32\\services.exe\r\nParentCommandLine: C:\\WINDOWS\\system32\\services.exe\r\nParentUser: NT AUTHORITY\\SYSTEM\""},"eventdata":{"utcTime":"2026-10-02 14:50:18.341","processGuid":"{4b2ce92d-c4aa-6abf-2e03-000000001400}","processId":"1908","image":"C:\\\\Windows\\\\System32\\\\svchost.exe","fileVersion":"10.0.26100.8737 (WinBuild.160101.0800)","description":"Host Process for Windows Services","product":"Microsoft® Windows® Operating System","company":"Microsoft Corporation","originalFileName":"svchost.exe","commandLine":"C:\\\\WINDOWS\\\\System32\\\\svchost.exe -k netsvcs -p -s NetSetupSvc","currentDirectory":"C:\\\\WINDOWS\\\\system32\\\\","user":"NT AUTHORITY\\\\SYSTEM","logonGuid":"{4b2ce92d-824a-6abe-e703-000000000000}","logonId":"0x3e7","terminalSessionId":"0","integrityLevel":"System","hashes":"MD5=07FE1BE55D1049C7B48E270C466502D4,SHA256=1222A44A5FDB4EFDE4DFCB41093648627950E7EC02D8667F1C26CCAE31D922E2,IMPHASH=DE43BD45CC98C143357416C7519ECCFD","parentProcessGuid":"{4b2ce92d-824a-6abe-0b00-000000001400}","parentProcessId":"812","parentImage":"C:\\\\Windows\\\\System32\\\\services.exe","parentCommandLine":"C:\\\\WINDOWS\\\\system32\\\\services.exe","parentUser":"NT AUTHORITY\\\\SYSTEM"}}},"location":"EventChannel"}
{"timestamp":"2026-10-02T15:50:23.598+0200","agent":{"id":"001","name":"Windows_VM","ip":"192.168.232.130"},"manager":{"name":"dcasey-virtual-machine"},"id":"1790949023.368550","full_log":"{\"win\":{\"system\":{\"providerName\":\"Microsoft-Windows-Security-Auditing\",\"providerGuid\":\"{54849625-5478-4994-a5ba-3e3b0328c30d}\",\"eventID\":\"4624\",\"version\":\"3\",\"level\":\"0\",\"task\":\"12544\",\"opcode\":\"0\",\"keywords\":\"0x8020000000000000\",\"systemTime\":\"2026-10-02T14:50:18.3387183Z\",\"eventRecordID\":\"54071\",\"processID\":\"820\",\"threadID\":\"2060\",\"channel\":\"Security\",\"computer\":\"DESKTOP-5OG7C28\",\"severityValue\":\"AUDIT_SUCCESS\",\"message\":\"\\\"An account was successfully logged on.\\r\\n\\r\\nSubject:\\r\\n\\tSecurity ID:\\t\\tS-1-5-18\\r\\n\\tAccount Name:\\t\\tDESKTOP-5OG7C28$\\r\\n\\tAccount Domain:\\t\\tWORKGROUP\\r\\n\\tLogon ID:\\t\\t0x3E7\\r\\n\\r\\nLogon Information:\\r\\n\\tLogon Type:\\t\\t5\\r\\n\\tRestricted Admin Mode:\\t-\\r\\n\\tRemote Credential Guard:\\t-\\r\\n\\tVirtual Account:\\t\\tNo\\r\\n\\tElevated Token:\\t\\tYes\\r\\n\\r\\nImpersonation Level:\\t\\tImpersonation\\r\\n\\r\\nNew Logon:\\r\\n\\tSecurity ID:\\t\\tS-1-5-18\\r\\n\\tAccount Name:\\t\\tSYSTEM\\r\\n\\tAccount Domain:\\t\\tNT AUTHORITY\\r\\n\\tLogon ID:\\t\\t0x3E7\\r\\n\\tLinked Logon ID:\\t\\t0x0\\r\\n\\tNetwork Account Name:\\t-\\r\\n\\tNetwork Account Domain:\\t-\\r\\n\\tLogon GUID:\\t\\t{00000000-0000-0000-0000-000000000000}\\r\\n\\r\\nProcess Information:\\r\\n\\tProcess ID:\\t\\t0x32c\\r\\n\\tProcess Name:\\t\\tC:\\\\Windows\\\\System32\\\\services.exe\\r\\n\\r\\nNetwork Information:\\r\\n\\tWorkstation Name:\\t-\\r\\n\\tSource Network Address:\\t-\\r\\n\\tSource Port:\\t\\t-\\r\\n\\r\\nDetailed Authentication Information:\\r\\n\\tLogon Process:\\t\\tAdvapi  \\r\\n\\tAuthentication Package:\\tNegotiate\\r\\n\\tTransited Services:\\t-\\r\\n\\tPackage Name (NTLM only):\\t-\\r\\n\\tKey Length:\\t\\t0\\r\\n\\r\\nThis event is generated when a logon session is created. It is generated on the computer that was accessed.\\r\\n\\r\\nThe subject fields indicate the account on the local system which requested the logon. This is most commonly a service such as the Server service, or a local process such as Winlogon.exe or Services.exe.\\r\\n\\r\\nThe logon type field indicates the kind of logon that occurred. The most common types are 2 (interactive) and 3 (network).\\r\\n\\r\\nThe New Logon fields indicate the account for whom the new logon was created, i.e. the account that was logged on.\\r\\n\\r\\nThe network fields indicate where a remote logon request originated. Workstation name is not always available and may be left blank in some cases.\\r\\n\\r\\nThe impersonation level field indicates the extent to which a process in the logon session can impersonate.\\r\\n\\r\\nThe authentication information fields provide detailed information about this specific logon request.\\r\\n\\t- Logon GUID is a unique identifier that can be used to correlate this event with a KDC event.\\r\\n\\t- Transited services indicate which intermediate services have participated in this logon request.\\r\\n\\t- Package name indicates which sub-protocol was used among the NTLM protocols.\\r\\n\\t- Key length indicates the length of the generated session key. This will be 0 if no session key was requested.\\\"\"},\"eventdata\":{\"subjectUserSid\":\"S-1-5-18\",\"subjectUserName\":\"DESKTOP-5OG7C28$\",\"subjectDomainName\":\"WORKGROUP\",\"subjectLogonId\":\"0x3e7\",\"targetUserSid\":\"S-1-5-18\",\"targetUserName\":\"SYSTEM\",\"targetDomainName\":\"NT AUTHORITY\",\"targetLogonId\":\"0x3e7\",\"logonType\":\"5\",\"logonProcessName\":\"Advapi\",\"authenticationPackageName\":\"Negotiate\",\"logonGuid\":\"{00000000-0000-0000-0000-000000000000}\",\"keyLength\":\"0\",\"processId\":\"0x32c\",\"processName\":\"C:\\\\\\\\Windows\\\\\\\\System32\\\\\\\\services.exe\",\"impersonationLevel\":\"%%1833\",\"virtualAccount\":\"%%1843\",\"targetLinkedLogonId\":\"0x0\",\"elevatedToken\":\"%%1842\"}}}","decoder":{"name":"windows_eventchannel"},"data":{"win":{"system":{"providerName":"Microsoft-Windows-Security-Auditing","providerGuid":"{54849625-5478-4994-a5ba-3e3b0328c30d}","eventID":"4624","version":"3","level":"0","task":"12544","opcode":"0","keywords":"0x8020000000000000","systemTime":"2026-10-02T14:50:18.3387183Z","eventRecordID":"54071","processID":"820","threadID":"2060","channel":"Security","computer":"DESKTOP-5OG7C28","severityValue":"AUDIT_SUCCESS","message":"\"An account was successfully logged on.\r\n\r\nSubject:\r\n\tSecurity ID:\t\tS-1-5-18\r\n\tAccount Name:\t\tDESKTOP-5OG7C28$\r\n\tAccount Domain:\t\tWORKGROUP\r\n\tLogon ID:\t\t0x3E7\r\n\r\nLogon Information:\r\n\tLogon Type:\t\t5\r\n\tRestricted Admin Mode:\t-\r\n\tRemote Credential Guard:\t-\r\n\tVirtual Account:\t\tNo\r\n\tElevated Token:\t\tYes\r\n\r\nImpersonation Level:\t\tImpersonation\r\n\r\nNew Logon:\r\n\tSecurity ID:\t\tS-1-5-18\r\n\tAccount Name:\t\tSYSTEM\r\n\tAccount Domain:\t\tNT AUTHORITY\r\n\tLogon ID:\t\t0x3E7\r\n\tLinked Logon ID:\t\t0x0\r\n\tNetwork Account Name:\t-\r\n\tNetwork Account Domain:\t-\r\n\tLogon GUID:\t\t{00000000-0000-0000-0000-000000000000}\r\n\r\nProcess Information:\r\n\tProcess ID:\t\t0x32c\r\n\tProcess Name:\t\tC:\\Windows\\System32\\services.exe\r\n\r\nNetwork Information:\r\n\tWorkstation Name:\t-\r\n\tSource Network Address:\t-\r\n\tSource Port:\t\t-\r\n\r\nDetailed Authentication Information:\r\n\tLogon Process:\t\tAdvapi  \r\n\tAuthentication Package:\tNegotiate\r\n\tTransited Services:\t-\r\n\tPackage Name (NTLM only):\t-\r\n\tKey Length:\t\t0\r\n\r\nThis event is generated when a logon session is created. It is generated on the computer that was accessed.\r\n\r\nThe subject fields indicate the account on the local system which requested the logon. This is most commonly a service such as the Server service, or a local process such as Winlogon.exe or Services.exe.\r\n\r\nThe logon type field indicates the kind of logon that occurred. The most common types are 2 (interactive) and 3 (network).\r\n\r\nThe New Logon fields indicate the account for whom the new logon was created, i.e. the account that was logged on.\r\n\r\nThe network fields indicate where a remote logon request originated. Workstation name is not always available and may be left blank in some cases.\r\n\r\nThe impersonation level field indicates the extent to which a process in the logon session can impersonate.\r\n\r\nThe authentication information fields provide detailed information about this specific logon request.\r\n\t- Logon GUID is a unique identifier that can be used to correlate this event with a KDC event.\r\n\t- Transited services indicate which intermediate services have participated in this logon request.\r\n\t- Package name indicates which sub-protocol was used among the NTLM protocols.\r\n\t- Key length indicates the length of the generated session key. This will be 0 if no session key was requested.\""},"eventdata":{"subjectUserSid":"S-1-5-18","subjectUserName":"DESKTOP-5OG7C28$","subjectDomainName":"WORKGROUP","subjectLogonId":"0x3e7","targetUserSid":"S-1-5-18","targetUserName":"SYSTEM","targetDomainName":"NT AUTHORITY","targetLogonId":"0x3e7","logonType":"5","logonProcessName":"Advapi","authenticationPackageName":"Negotiate","logonGuid":"{00000000-0000-0000-0000-000000000000}","keyLength":"0","processId":"0x32c","processName":"C:\\\\Windows\\\\System32\\\\services.exe","impersonationLevel":"%%1833","virtualAccount":"%%1843","targetLinkedLogonId":"0x0","elevatedToken":"%%1842"}}},"location":"EventChannel"}
{"timestamp":"2026-10-02T15:50:23.598+0200","agent":{"id":"001","name":"Windows_VM","ip":"192.168.232.130"},"manager":{"name":"dcasey-virtual-machine"},"id":"1790949023.368550","full_log":"{\"win\":{\"system\":{\"providerName\":\"Microsoft-Windows-Security-Auditing\",\"providerGuid\":\"{54849625-5478-4994-a5ba-3e3b0328c30d}\",\"eventID\":\"4672\",\"version\":\"0\",\"level\":\"0\",\"task\":\"12548\",\"opcode\":\"0\",\"keywords\":\"0x8020000000000000\",\"systemTime\":\"2026-10-02T14:50:18.3387270Z\",\"eventRecordID\":\"54072\",\"processID\":\"820\",\"threadID\":\"2060\",\"channel\":\"Security\",\"computer\":\"DESKTOP-5OG7C28\",\"severityValue\":\"AUDIT_SUCCESS\",\"message\":\"\\\"Special privileges assigned to new logon.\\r\\n\\r\\nSubject:\\r\\n\\tSecurity ID:\\t\\tS-1-5-18\\r\\n\\tAccount Name:\\t\\tSYSTEM\\r\\n\\tAccount Domain:\\t\\tNT AUTHORITY\\r\\n\\tLogon ID:\\t\\t0x3E7\\r\\n\\r\\nPrivileges:\\t\\tSeAssignPrimaryTokenPrivilege\\r\\n\\t\\t\\tSeTcbPrivilege\\r\\n\\t\\t\\tSeSecurityPrivilege\\r\\n\\t\\t\\tSeTakeOwnershipPrivilege\\r\\n\\t\\t\\tSeLoadDriverPrivilege\\r\\n\\t\\t\\tSeBackupPrivilege\\r\\n\\t\\t\\tSeRestorePrivilege\\r\\n\\t\\t\\tSeDebugPrivilege\\r\\n\\t\\t\\tSeAuditPrivilege\\r\\n\\t\\t\\tSeSystemEnvironmentPrivilege\\r\\n\\t\\t\\tSeImpersonatePrivilege\\r\\n\\t\\t\\tSeDelegateSessionUserImpersonatePrivilege\\\"\"},\"eventdata\":{\"subjectUserSid\":\"S-1-5-18\",\"subjectUserName\":\"SYSTEM\",\"subjectDomainName\":\"NT AUTHORITY\",\"subjectLogonId\":\"0x3e7\",\"privilegeList\":\"SeAssignPrimaryTokenPrivilege     SeTcbPrivilege     SeSecurityPrivilege     SeTakeOwnershipPrivilege     SeLoadDriverPrivilege     SeBackupPrivilege     SeRestorePrivilege     SeDebugPrivilege     SeAuditPrivilege     SeSystemEnvironmentPrivilege     SeImpersonatePrivilege     SeDelegateSessionUserImpersonatePrivilege\"}}}","decoder":{"name":"windows_eventchannel"},"data":{"win":{"system":{"providerName":"Microsoft-Windows-Security-Auditing","providerGuid":"{54849625-5478-4994-a5ba-3e3b0328c30d}","eventID":"4672","version":"0","level":"0","task":"12548","opcode":"0","keywords":"0x8020000000000000","systemTime":"2026-10-02T14:50:18.3387270Z","eventRecordID":"54072","processID":"820","threadID":"2060","channel":"Security","computer":"DESKTOP-5OG7C28","severityValue":"AUDIT_SUCCESS","message":"\"Special privileges assigned to new logon.\r\n\r\nSubject:\r\n\tSecurity ID:\t\tS-1-5-18\r\n\tAccount Name:\t\tSYSTEM\r\n\tAccount Domain:\t\tNT AUTHORITY\r\n\tLogon ID:\t\t0x3E7\r\n\r\nPrivileges:\t\tSeAssignPrimaryTokenPrivilege\r\n\t\t\tSeTcbPrivilege\r\n\t\t\tSeSecurityPrivilege\r\n\t\t\tSeTakeOwnershipPrivilege\r\n\t\t\tSeLoadDriverPrivilege\r\n\t\t\tSeBackupPrivilege\r\n\t\t\tSeRestorePrivilege\r\n\t\t\tSeDebugPrivilege\r\n\t\t\tSeAuditPrivilege\r\n\t\t\tSeSystemEnvironmentPrivilege\r\n\t\t\tSeImpersonatePrivilege\r\n\t\t\tSeDelegateSessionUserImpersonatePrivilege\""},"eventdata":{"subjectUserSid":"S-1-5-18","subjectUserName":"SYSTEM","subjectDomainName":"NT AUTHORITY","subjectLogonId":"0x3e7","privilegeList":"SeAssignPrimaryTokenPrivilege     SeTcbPrivilege     SeSecurityPrivilege     SeTakeOwnershipPrivilege     SeLoadDriverPrivilege     SeBackupPrivilege     SeRestorePrivilege     SeDebugPrivilege     SeAuditPrivilege     SeSystemEnvironmentPrivilege     SeImpersonatePrivilege     SeDelegateSessionUserImpersonatePrivilege"}}},"location":"EventChannel"}
