{"timestamp":"2026-10-02T16:55:27.006+0200","agent":{"id":"001","name":"Windows_VM","ip":"192.168.232.130"},"manager":{"name":"dcasey-virtual-machine"},"id":"1790952927.506355","full_log":"{\"win\":{\"system\":{\"providerName\":\"Microsoft-Windows-Sysmon\",\"providerGuid\":\"{5770385f-c22a-43e0-bf4c-06f5698ffbd9}\",\"eventID\":\"1\",\"version\":\"5\",\"level\":\"4\",\"task\":\"1\",\"opcode\":\"0\",\"keywords\":\"0x8000000000000000\",\"systemTime\":\"2026-10-02T14:55:26.3312208Z\",\"eventRecordID\":\"15244\",\"processID\":\"3504\",\"threadID\":\"4956\",\"channel\":\"Microsoft-Windows-Sysmon/Operational\",\"computer\":\"DESKTOP-5OG7C28\",\"severityValue\":\"INFORMATION\",\"message\":\"\\\"Process Create:\\r\\nRuleName: -\\r\\nUtcTime: 2026-10-02 14:55:26.328\\r\\nProcessGuid: {4b2ce92d-c5de-6abf-7a04-000000001400}\\r\\nProcessId: 4484\\r\\nImage: C:\\\\Windows\\\\System32\\\\WindowsPowerShell\\\\v1.0\\\\powershell.exe\\r\\nFileVersion: 10.0.26100.9278 (WinBuild.160101.0800)\\r\\nDescription: Windows PowerShell\\r\\nProduct: Microsoft® Windows® Operating System\\r\\nCompany: Microsoft Corporation\\r\\nOriginalFileName: PowerShell.EXE\\r\\nCommandLine: \\\"powershell.exe\\\" & {if (Test-Path \\\\\\\"\\\"C:\\\\AtomicRedTeam\\\\atomics\\\\..\\\\ExternalPayloads\\\\T1059.003_script.bat\\\\\\\"\\\") {exit 0} else {exit 1}}\\r\\nCurrentDirectory: C:\\\\Users\\\\DARRAG~1\\\\AppData\\\\Local\\\\Temp\\\\\\r\\nUser: DESKTOP-5OG7C28\\\\Darragh Casey\\r\\nLogonGuid: {4b2ce92d-826e-6abe-6d8d-0a0000000000}\\r\\nLogonId: 0xA8D6D\\r\\nTerminalSessionId: 1\\r\\nIntegrityLevel: High\\r\\nHashes: MD5=61F649A6FDC374A6BF36C860519E017C,SHA256=8BB6FA8C283B4D92120B1EF249A9B311B0F804D4CABBE9981159976C8BE76A5E,IMPHASH=2F87CE4617F593D7148B739BBF06D059\\r\\nParentProcessGuid: {00000000-0000-0000-0000-000000000000}\\r\\nParentProcessId: 4408\\r\\nParentImage: -\\r\\nParentCommandLine: -\\r\\nParentUser: -\\\"\"},\"eventdata\":{\"utcTime\":\"2026-10-02 14:55:26.328\",\"processGuid\":\"{4b2ce92d-c5de-6abf-7a04-000000001400}\",\"processId\":\"4484\",\"image\":\"C:\\\\\\\\Windows\\\\\\\\System32\\\\\\\\WindowsPowerShell\\\\\\\\v1.0\\\\\\\\powershell.exe\",\"fileVersion\":\"10.0.26100.9278 (WinBuild.160101.0800)\",\"description\":\"Windows PowerShell\",\"product\":\"Microsoft® Windows® Operating System\",\"company\":\"Microsoft Corporation\",\"originalFileName\":\"PowerShell.EXE\",\"commandLine\":\"\\\\\\\"powershell.exe\\\\\\\" &amp; {if (Test-Path \\\\\\\\\\\\\\\"\\\\\\\"C:\\\\\\\\AtomicRedTeam\\\\\\\\atomics\\\\\\\\..\\\\\\\\ExternalPayloads\\\\\\\\T1059.003_script.bat\\\\\\\\\\\\\\\"\\\\\\\") {exit 0} else {exit 1}}\",\"currentDirectory\":\"C:\\\\\\\\Users\\\\\\\\DARRAG~1\\\\\\\\AppData\\\\\\\\Local\\\\\\\\Temp\\\\\\\\\",\"user\":\"DESKTOP-5OG7C28\\\\\\\\Darragh Casey\",\"logonGuid\":\"{4b2ce92d-826e-6abe-6d8d-0a0000000000}\",\"logonId\":\"0xa8d6d\",\"terminalSessionId\":\"1\",\"integrityLevel\":\"High\",\"hashes\":\"MD5=61F649A6FDC374A6BF36C860519E017C,SHA256=8BB6FA8C283B4D92120B1EF249A9B311B0F804D4CABBE9981159976C8BE76A5E,IMPHASH=2F87CE4617F593D7148B739BBF06D059\",\"parentProcessGuid\":\"{00000000-0000-0000-0000-000000000000}\",\"parentProcessId\":\"4408\"}}}","decoder":{"name":"windows_eventchannel"},"data":{"win":{"system":{"providerName":"Microsoft-Windows-Sysmon","providerGuid":"{5770385f-c22a-43e0-bf4c-06f5698ffbd9}","eventID":"1","version":"5","level":"4","task":"1","opcode":"0","keywords":"0x8000000000000000","systemTime":"2026-10-02T14:55:26.3312208Z","eventRecordID":"15244","processID":"3504","threadID":"4956","channel":"Microsoft-Windows-Sysmon/Operational","computer":"DESKTOP-5OG7C28","severityValue":"INFORMATION","message":"\"Process Create:\r\nRuleName: -\r\nUtcTime: 2026-10-02 14:55:26.328\r\nProcessGuid: {4b2ce92d-c5de-6abf-7a04-000000001400}\r\nProcessId: 4484\r\nImage: C:\\Windows\\System32\\WindowsPowerShell\\v1.0\\powershell.exe\r\nFileVersion: 10.0.26100.9278 (WinBuild.160101.0800)\r\nDescription: Windows PowerShell\r\nProduct: Microsoft® Windows® Operating System\r\nCompany: Microsoft Corporation\r\nOriginalFileName: PowerShell.EXE\r\nCommandLine: \"powershell.exe\" & {if (Test-Path \\\"\"C:\\AtomicRedTeam\\atomics\\..\\ExternalPayloads\\T1059.003_script.bat\\\"\") {exit 0} else {exit 1}}\r\nCurrentDirectory: C:\\Users\\DARRAG~1\\AppData\\Local\\Temp\\\r\nUser: DESKTOP-5OG7C28\\Darragh Casey\r\nLogonGuid: {4b2ce92d-826e-6abe-6d8d-0a0000000000}\r\nLogonId: 0xA8D6D\r\nTerminalSessionId: 1\r\nIntegrityLevel: High\r\nHashes: MD5=61F649A6FDC374A6BF36C860519E017C,SHA256=8BB6FA8C283B4D92120B1EF249A9B311B0F804D4CABBE9981159976C8BE76A5E,IMPHASH=2F87CE4617F593D7148B739BBF06D059\r\nParentProcessGuid: {00000000-0000-0000-0000-000000000000}\r\nParentProcessId: 4408\r\nParentImage: -\r\nParentCommandLine: -\r\nParentUser: -\""},"eventdata":{"utcTime":"2026-10-02 14:55:26.328","processGuid":"{4b2ce92d-c5de-6abf-7a04-000000001400}","processId":"4484","image":"C:\\\\Windows\\\\System32\\\\WindowsPowerShell\\\\v1.0\\\\powershell.exe","fileVersion":"10.0.26100.9278 (WinBuild.160101.0800)","description":"Windows PowerShell","product":"Microsoft® Windows® Operating System","company":"Microsoft Corporation","originalFileName":"PowerShell.EXE","commandLine":"\\\"powershell.exe\\\" &amp; {if (Test-Path \\\\\\\"\\\"C:\\\\AtomicRedTeam\\\\atomics\\\\..\\\\ExternalPayloads\\\\T1059.003_script.bat\\\\\\\"\\\") {exit 0} else {exit 1}}","currentDirectory":"C:\\\\Users\\\\DARRAG~1\\\\AppData\\\\Local\\\\Temp\\\\","user":"DESKTOP-5OG7C28\\\\Darragh Casey","logonGuid":"{4b2ce92d-826e-6abe-6d8d-0a0000000000}","logonId":"0xa8d6d","terminalSessionId":"1","integrityLevel":"High","hashes":"MD5=61F649A6FDC374A6BF36C860519E017C,SHA256=8BB6FA8C283B4D92120B1EF249A9B311B0F804D4CABBE9981159976C8BE76A5E,IMPHASH=2F87CE4617F593D7148B739BBF06D059","parentProcessGuid":"{00000000-0000-0000-0000-000000000000}","parentProcessId":"4408"}}},"location":"EventChannel"}
{"timestamp":"2026-10-02T16:55:27.041+0200","agent":{"id":"001","name":"Windows_VM","ip":"192.168.232.130"},"manager":{"name":"dcasey-virtual-machine"},"id":"1790952927.506355","full_log":"{\"win\":{\"system\":{\"providerName\":\"Microsoft-Windows-Sysmon\",\"providerGuid\":\"{5770385f-c22a-43e0-bf4c-06f5698ffbd9}\",\"eventID\":\"1\",\"version\":\"5\",\"level\":\"4\",\"task\":\"1\",\"opcode\":\"0\",\"keywords\":\"0x8000000000000000\",\"systemTime\":\"2026-10-02T14:55:26.6812010Z\",\"eventRecordID\":\"15246\",\"processID\":\"3504\",\"threadID\":\"4956\",\"channel\":\"Microsoft-Windows-Sysmon/Operational\",\"computer\":\"DESKTOP-5OG7C28\",\"severityValue\":\"INFORMATION\",\"message\":\"\\\"Process Create:\\r\\nRuleName: -\\r\\nUtcTime: 2026-10-02 14:55:26.679\\r\\nProcessGuid: {4b2ce92d-c5de-6abf-7c04-000000001400}\\r\\nProcessId: 1712\\r\\nImage: C:\\\\Windows\\\\System32\\\\HOSTNAME.EXE\\r\\nFileVersion: 10.0.26100.9278 (WinBuild.160101.0800)\\r\\nDescription: Hostname APP\\r\\nProduct: Microsoft® Windows® Operating System\\r\\nCompany: Microsoft Corporation\\r\\nOriginalFileName: hostname.exe\\r\\nCommandLine: \\\"C:\\\\WINDOWS\\\\system32\\\\HOSTNAME.EXE\\\"\\r\\nCurrentDirectory: C:\\\\Users\\\\Darragh Casey\\\\Desktop\\\\T1059.003\\\\\\r\\nUser: DESKTOP-5OG7C28\\\\Darragh Casey\\r\\nLogonGuid: {4b2ce92d-826e-6abe-6d8d-0a0000000000}\\r\\nLogonId: 0xA8D6D\\r\\nTerminalSessionId: 1\\r\\nIntegrityLevel: High\\r\\nHashes: MD5=C405D49FB634C366EF63246D2319AF49,SHA256=22EC2260B5C32177F7D14A33975E1005988BBA0DF3427CC8B47CEC671D3F2A1F,IMPHASH=8CB84C534505B1E47EF25FA2CD9A16BB\\r\\nParentProcessGuid: {00000000-0000-0000-0000-000000000000}\\r\\nParentProcessId: 4408\\r\\nParentImage: -\\r\\nParentCommandLine: -\\r\\nParentUser: -\\\"\"},\"eventdata\":{\"utcTime\":\"2026-10-02 14:55:26.679\",\"processGuid\":\"{4b2ce92d-c5de-6abf-7c04-000000001400}\",\"processId\":\"1712\",\"image\":\"C:\\\\\\\\Windows\\\\\\\\System32\\\\\\\\HOSTNAME.EXE\",\"fileVersion\":\"10.0.26100.9278 (WinBuild.160101.0800)\",\"description\":\"Hostname APP\",\"product\":\"Microsoft® Windows® Operating System\",\"company\":\"Microsoft Corporation\",\"originalFileName\":\"hostname.exe\",\"commandLine\":\"\\\\\\\"C:\\\\\\\\WINDOWS\\\\\\\\system32\\\\\\\\HOSTNAME.EXE\\\\\\\"\",\"currentDirectory\":\"C:\\\\\\\\Users\\\\\\\\Darragh Casey\\\\\\\\Desktop\\\\\\\\T1059.003\\\\\\\\\",\"user\":\"DESKTOP-5OG7C28\\\\\\\\Darragh Casey\",\"logonGuid\":\"{4b2ce92d-826e-6abe-6d8d-0a0000000000}\",\"logonId\":\"0xa8d6d\",\"terminalSessionId\":\"1\",\"integrityLevel\":\"High\",\"hashes\":\"MD5=C405D49FB634C366EF63246D2319AF49,SHA256=22EC2260B5C32177F7D14A33975E1005988BBA0DF3427CC8B47CEC671D3F2A1F,IMPHASH=8CB84C534505B1E47EF25FA2CD9A16BB\",\"parentProcessGuid\":\"{00000000-0000-0000-0000-000000000000}\",\"parentProcessId\":\"4408\"}}}","decoder":{"name":"windows_eventchannel"},"data":{"win":{"system":{"providerName":"Microsoft-Windows-Sysmon","providerGuid":"{5770385f-c22a-43e0-bf4c-06f5698ffbd9}","eventID":"1","version":"5","level":"4","task":"1","opcode":"0","keywords":"0x8000000000000000","systemTime":"2026-10-02T14:55:26.6812010Z","eventRecordID":"15246","processID":"3504","threadID":"4956","channel":"Microsoft-Windows-Sysmon/Operational","computer":"DESKTOP-5OG7C28","severityValue":"INFORMATION","message":"\"Process Create:\r\nRuleName: -\r\nUtcTime: 2026-10-02 14:55:26.679\r\nProcessGuid: {4b2ce92d-c5de-6abf-7c04-000000001400}\r\nProcessId: 1712\r\nImage: C:\\Windows\\System32\\HOSTNAME.EXE\r\nFileVersion: 10.0.26100.9278 (WinBuild.160101.0800)\r\nDescription: Hostname APP\r\nProduct: Microsoft® Windows® Operating System\r\nCompany: Microsoft Corporation\r\nOriginalFileName: hostname.exe\r\nCommandLine: \"C:\\WINDOWS\\system32\\HOSTNAME.EXE\"\r\nCurrentDirectory: C:\\Users\\Darragh Casey\\Desktop\\T1059.003\\\r\nUser: DESKTOP-5OG7C28\\Darragh Casey\r\nLogonGuid: {4b2ce92d-826e-6abe-6d8d-0a0000000000}\r\nLogonId: 0xA8D6D\r\nTerminalSessionId: 1\r\nIntegrityLevel: High\r\nHashes: MD5=C405D49FB634C366EF63246D2319AF49,SHA256=22EC2260B5C32177F7D14A33975E1005988BBA0DF3427CC8B47CEC671D3F2A1F,IMPHASH=8CB84C534505B1E47EF25FA2CD9A16BB\r\nParentProcessGuid: {00000000-0000-0000-0000-000000000000}\r\nParentProcessId: 4408\r\nParentImage: -\r\nParentCommandLine: -\r\nParentUser: -\""},"eventdata":{"utcTime":"2026-10-02 14:55:26.679","processGuid":"{4b2ce92d-c5de-6abf-7c04-000000001400}","processId":"1712","image":"C:\\\\Windows\\\\System32\\\\HOSTNAME.EXE","fileVersion":"10.0.26100.9278 (WinBuild.160101.0800)","description":"Hostname APP","product":"Microsoft® Windows® Operating System","company":"Microsoft Corporation","originalFileName":"hostname.exe","commandLine":"\\\"C:\\\\WINDOWS\\\\system32\\\\HOSTNAME.EXE\\\"","currentDirectory":"C:\\\\Users\\\\Darragh Casey\\\\Desktop\\\\T1059.003\\\\","user":"DESKTOP-5OG7C28\\\\Darragh Casey","logonGuid":"{4b2ce92d-826e-6abe-6d8d-0a0000000000}","logonId":"0xa8d6d","terminalSessionId":"1","integrityLevel":"High","hashes":"MD5=C405D49FB634C366EF63246D2319AF49,SHA256=22EC2260B5C32177F7D14A33975E1005988BBA0DF3427CC8B47CEC671D3F2A1F,IMPHASH=8CB84C534505B1E47EF25FA2CD9A16BB","parentProcessGuid":"{00000000-0000-0000-0000-000000000000}","parentProcessId":"4408"}}},"location":"EventChannel"}
{"timestamp":"2026-10-02T16:55:27.089+0200","agent":{"id":"001","name":"Windows_VM","ip":"192.168.232.130"},"manager":{"name":"dcasey-virtual-machine"},"id":"1790952927.506355","full_log":"{\"win\":{\"system\":{\"providerName\":\"Microsoft-Windows-Sysmon\",\"providerGuid\":\"{5770385f-c22a-43e0-bf4c-06f5698ffbd9}\",\"eventID\":\"1\",\"version\":\"5\",\"level\":\"4\",\"task\":\"1\",\"opcode\":\"0\",\"keywords\":\"0x8000000000000000\",\"systemTime\":\"2026-10-02T14:55:26.7133393Z\",\"eventRecordID\":\"15247\",\"processID\":\"3504\",\"threadID\":\"4956\",\"channel\":\"Microsoft-Windows-Sysmon/Operational\",\"computer\":\"DESKTOP-5OG7C28\",\"severityValue\":\"INFORMATION\",\"message\":\"\\\"Process Create:\\r\\nRuleName: -\\r\\nUtcTime: 2026-10-02 14:55:26.710\\r\\nProcessGuid: {4b2ce92d-c5de-6abf-7d04-000000001400}\\r\\nProcessId: 10400\\r\\nImage: C:\\\\Windows\\\\System32\\\\whoami.exe\\r\\nFileVersion: 10.0.26100.1882 (WinBuild.160101.0800)\\r\\nDescription: whoami - displays logged on user information\\r\\nProduct: Microsoft® Windows® Operating System\\r\\nCompany: Microsoft Corporation\\r\\nOriginalFileName: whoami.exe\\r\\nCommandLine: \\\"C:\\\\WINDOWS\\\\system32\\\\whoami.exe\\\"\\r\\nCurrentDirectory: C:\\\\Users\\\\Darragh Casey\\\\Desktop\\\\T1059.003\\\\\\r\\nUser: DESKTOP-5OG7C28\\\\Darragh Casey\\r\\nLogonGuid: {4b2ce92d-826e-6abe-6d8d-0a0000000000}\\r\\nLogonId: 0xA8D6D\\r\\nTerminalSessionId: 1\\r\\nIntegrityLevel: High\\r\\nHashes: MD5=956692DADC5B2CEB46E9219F7A5BEFFA,SHA256=23240EF9F8B0A9A324110B1C2331DE31DC1B0E08F5359CB707E51A939AF56CD3,IMPHASH=E4464BCD92DF7AC69CCD074CB9C0EFED\\r\\nParentProcessGuid: {00000000-0000-0000-0000-000000000000}\\r\\nParentProcessId: 4408\\r\\nParentImage: -\\r\\nParentCommandLine: -\\r\\nParentUser: -\\\"\"},\"eventdata\":{\"utcTime\":\"2026-10-02 14:55:26.710\",\"processGuid\":\"{4b2ce92d-c5de-6abf-7d04-000000001400}\",\"processId\":\"10400\",\"image\":\"C:\\\\\\\\Windows\\\\\\\\System32\\\\\\\\whoami.exe\",\"fileVersion\":\"10.0.26100.1882 (WinBuild.160101.0800)\",\"description\":\"whoami - displays logged on user information\",\"product\":\"Microsoft® Windows® Operating System\",\"company\":\"Microsoft Corporation\",\"originalFileName\":\"whoami.exe\",\"commandLine\":\"\\\\\\\"C:\\\\\\\\WINDOWS\\\\\\\\system32\\\\\\\\whoami.exe\\\\\\\"\",\"currentDirectory\":\"C:\\\\\\\\Users\\\\\\\\Darragh Casey\\\\\\\\Desktop\\\\\\\\T1059.003\\\\\\\\\",\"user\":\"DESKTOP-5OG7C28\\\\\\\\Darragh Casey\",\"logonGuid\":\"{4b2ce92d-826e-6abe-6d8d-0a0000000000}\",\"logonId\":\"0xa8d6d\",\"terminalSessionId\":\"1\",\"integrityLevel\":\"High\",\"hashes\":\"MD5=956692DADC5B2CEB46E9219F7A5BEFFA,SHA256=23240EF9F8B0A9A324110B1C2331DE31DC1B0E08F5359CB707E51A939AF56CD3,IMPHASH=E4464BCD92DF7AC69CCD074CB9C0EFED\",\"parentProcessGuid\":\"{00000000-0000-0000-0000-000000000000}\",\"parentProcessId\":\"4408\"}}}","decoder":{"name":"windows_eventchannel"},"data":{"win":{"system":{"providerName":"Microsoft-Windows-Sysmon","providerGuid":"{5770385f-c22a-43e0-bf4c-06f5698ffbd9}","eventID":"1","version":"5","level":"4","task":"1","opcode":"0","keywords":"0x8000000000000000","systemTime":"2026-10-02T14:55:26.7133393Z","eventRecordID":"15247","processID":"3504","threadID":"4956","channel":"Microsoft-Windows-Sysmon/Operational","computer":"DESKTOP-5OG7C28","severityValue":"INFORMATION","message":"\"Process Create:\r\nRuleName: -\r\nUtcTime: 2026-10-02 14:55:26.710\r\nProcessGuid: {4b2ce92d-c5de-6abf-7d04-000000001400}\r\nProcessId: 10400\r\nImage: C:\\Windows\\System32\\whoami.exe\r\nFileVersion: 10.0.26100.1882 (WinBuild.160101.0800)\r\nDescription: whoami - displays logged on user information\r\nProduct: Microsoft® Windows® Operating System\r\nCompany: Microsoft Corporation\r\nOriginalFileName: whoami.exe\r\nCommandLine: \"C:\\WINDOWS\\system32\\whoami.exe\"\r\nCurrentDirectory: C:\\Users\\Darragh Casey\\Desktop\\T1059.003\\\r\nUser: DESKTOP-5OG7C28\\Darragh Casey\r\nLogonGuid: {4b2ce92d-826e-6abe-6d8d-0a0000000000}\r\nLogonId: 0xA8D6D\r\nTerminalSessionId: 1\r\nIntegrityLevel: High\r\nHashes: MD5=956692DADC5B2CEB46E9219F7A5BEFFA,SHA256=23240EF9F8B0A9A324110B1C2331DE31DC1B0E08F5359CB707E51A939AF56CD3,IMPHASH=E4464BCD92DF7AC69CCD074CB9C0EFED\r\nParentProcessGuid: {00000000-0000-0000-0000-000000000000}\r\nParentProcessId: 4408\r\nParentImage: -\r\nParentCommandLine: -\r\nParentUser: -\""},"eventdata":{"utcTime":"2026-10-02 14:55:26.710","processGuid":"{4b2ce92d-c5de-6abf-7d04-000000001400}","processId":"10400","image":"C:\\\\Windows\\\\System32\\\\whoami.exe","fileVersion":"10.0.26100.1882 (WinBuild.160101.0800)","description":"whoami - displays logged on user information","product":"Microsoft® Windows® Operating System","company":"Microsoft Corporation","originalFileName":"whoami.exe","commandLine":"\\\"C:\\\\WINDOWS\\\\system32\\\\whoami.exe\\\"","currentDirectory":"C:\\\\Users\\\\Darragh Casey\\\\Desktop\\\\T1059.003\\\\","user":"DESKTOP-5OG7C28\\\\Darragh Casey","logonGuid":"{4b2ce92d-826e-6abe-6d8d-0a0000000000}","logonId":"0xa8d6d","terminalSessionId":"1","integrityLevel":"High","hashes":"MD5=956692DADC5B2CEB46E9219F7A5BEFFA,SHA256=23240EF9F8B0A9A324110B1C2331DE31DC1B0E08F5359CB707E51A939AF56CD3,IMPHASH=E4464BCD92DF7AC69CCD074CB9C0EFED","parentProcessGuid":"{00000000-0000-0000-0000-000000000000}","parentProcessId":"4408"}}},"location":"EventChannel"}
{"timestamp":"2026-10-02T16:55:27.921+0200","agent":{"id":"001","name":"Windows_VM","ip":"192.168.232.130"},"manager":{"name":"dcasey-virtual-machine"},"id":"1790952927.506355","full_log":"{\"win\":{\"system\":{\"providerName\":\"Microsoft-Windows-Sysmon\",\"providerGuid\":\"{5770385f-c22a-43e0-bf4c-06f5698ffbd9}\",\"eventID\":\"1\",\"version\":\"5\",\"level\":\"4\",\"task\":\"1\",\"opcode\":\"0\",\"keywords\":\"0x8000000000000000\",\"systemTime\":\"2026-10-02T14:55:26.9671221Z\",\"eventRecordID\":\"15248\",\"processID\":\"3504\",\"threadID\":\"4956\",\"channel\":\"Microsoft-Windows-Sysmon/Operational\",\"computer\":\"DESKTOP-5OG7C28\",\"severityValue\":\"INFORMATION\",\"message\":\"\\\"Process Create:\\r\\nRuleName: -\\r\\nUtcTime: 2026-10-02 14:55:26.958\\r\\nProcessGuid: {4b2ce92d-c5de-6abf-7e04-000000001400}\\r\\nProcessId: 1212\\r\\nImage: C:\\\\Windows\\\\System32\\\\WindowsPowerShell\\\\v1.0\\\\powershell.exe\\r\\nFileVersion: 10.0.26100.9278 (WinBuild.160101.0800)\\r\\nDescription: Windows PowerShell\\r\\nProduct: Microsoft® Windows® Operating System\\r\\nCompany: Microsoft Corporation\\r\\nOriginalFileName: PowerShell.EXE\\r\\nCommandLine: \\\"powershell.exe\\\" & {Start-Process \\\\\\\"\\\"C:\\\\AtomicRedTeam\\\\atomics\\\\..\\\\ExternalPayloads\\\\T1059.003_script.bat\\\\\\\"\\\"}\\r\\nCurrentDirectory: C:\\\\Users\\\\DARRAG~1\\\\AppData\\\\Local\\\\Temp\\\\\\r\\nUser: DESKTOP-5OG7C28\\\\Darragh Casey\\r\\nLogonGuid: {4b2ce92d-826e-6abe-6d8d-0a0000000000}\\r\\nLogonId: 0xA8D6D\\r\\nTerminalSessionId: 1\\r\\nIntegrityLevel: High\\r\\nHashes: MD5=61F649A6FDC374A6BF36C860519E017C,SHA256=8BB6FA8C283B4D92120B1EF249A9B311B0F804D4CABBE9981159976C8BE76A5E,IMPHASH=2F87CE4617F593D7148B739BBF06D059\\r\\nParentProcessGuid: {00000000-0000-0000-0000-000000000000}\\r\\nParentProcessId: 4408\\r\\nParentImage: -\\r\\nParentCommandLine: -\\r\\nParentUser: -\\\"\"},\"eventdata\":{\"utcTime\":\"2026-10-02 14:55:26.958\",\"processGuid\":\"{4b2ce92d-c5de-6abf-7e04-000000001400}\",\"processId\":\"1212\",\"image\":\"C:\\\\\\\\Windows\\\\\\\\System32\\\\\\\\WindowsPowerShell\\\\\\\\v1.0\\\\\\\\powershell.exe\",\"fileVersion\":\"10.0.26100.9278 (WinBuild.160101.0800)\",\"description\":\"Windows PowerShell\",\"product\":\"Microsoft® Windows® Operating System\",\"company\":\"Microsoft Corporation\",\"originalFileName\":\"PowerShell.EXE\",\"commandLine\":\"\\\\\\\"powershell.exe\\\\\\\" &amp; {Start-Process \\\\\\\\\\\\\\\"\\\\\\\"C:\\\\\\\\AtomicRedTeam\\\\\\\\atomics\\\\\\\\..\\\\\\\\ExternalPayloads\\\\\\\\T1059.003_script.bat\\\\\\\\\\\\\\\"\\\\\\\"}\",\"currentDirectory\":\"C:\\\\\\\\Users\\\\\\\\DARRAG~1\\\\\\\\AppData\\\\\\\\Local\\\\\\\\Temp\\\\\\\\\",\"user\":\"DESKTOP-5OG7C28\\\\\\\\Darragh Casey\",\"logonGuid\":\"{4b2ce92d-826e-6abe-6d8d-0a0000000000}\",\"logonId\":\"0xa8d6d\",\"terminalSessionId\":\"1\",\"integrityLevel\":\"High\",\"hashes\":\"MD5=61F649A6FDC374A6BF36C860519E017C,SHA256=8BB6FA8C283B4D92120B1EF249A9B311B0F804D4CABBE9981159976C8BE76A5E,IMPHASH=2F87CE4617F593D7148B739BBF06D059\",\"parentProcessGuid\":\"{00000000-0000-0000-0000-000000000000}\",\"parentProcessId\":\"4408\"}}}","decoder":{"name":"windows_eventchannel"},"data":{"win":{"system":{"providerName":"Microsoft-Windows-Sysmon","providerGuid":"{5770385f-c22a-43e0-bf4c-06f5698ffbd9}","eventID":"1","version":"5","level":"4","task":"1","opcode":"0","keywords":"0x8000000000000000","systemTime":"2026-10-02T14:55:26.9671221Z","eventRecordID":"15248","processID":"3504","threadID":"4956","channel":"Microsoft-Windows-Sysmon/Operational","computer":"DESKTOP-5OG7C28","severityValue":"INFORMATION","message":"\"Process Create:\r\nRuleName: -\r\nUtcTime: 2026-10-02 14:55:26.958\r\nProcessGuid: {4b2ce92d-c5de-6abf-7e04-000000001400}\r\nProcessId: 1212\r\nImage: C:\\Windows\\System32\\WindowsPowerShell\\v1.0\\powershell.exe\r\nFileVersion: 10.0.26100.9278 (WinBuild.160101.0800)\r\nDescription: Windows PowerShell\r\nProduct: Microsoft® Windows® Operating System\r\nCompany: Microsoft Corporation\r\nOriginalFileName: PowerShell.EXE\r\nCommandLine: \"powershell.exe\" & {Start-Process \\\"\"C:\\AtomicRedTeam\\atomics\\..\\ExternalPayloads\\T1059.003_script.bat\\\"\"}\r\nCurrentDirectory: C:\\Users\\DARRAG~1\\AppData\\Local\\Temp\\\r\nUser: DESKTOP-5OG7C28\\Darragh Casey\r\nLogonGuid: {4b2ce92d-826e-6abe-6d8d-0a0000000000}\r\nLogonId: 0xA8D6D\r\nTerminalSessionId: 1\r\nIntegrityLevel: High\r\nHashes: MD5=61F649A6FDC374A6BF36C860519E017C,SHA256=8BB6FA8C283B4D92120B1EF249A9B311B0F804D4CABBE9981159976C8BE76A5E,IMPHASH=2F87CE4617F593D7148B739BBF06D059\r\nParentProcessGuid: {00000000-0000-0000-0000-000000000000}\r\nParentProcessId: 4408\r\nParentImage: -\r\nParentCommandLine: -\r\nParentUser: -\""},"eventdata":{"utcTime":"2026-10-02 14:55:26.958","processGuid":"{4b2ce92d-c5de-6abf-7e04-000000001400}","processId":"1212","image":"C:\\\\Windows\\\\System32\\\\WindowsPowerShell\\\\v1.0\\\\powershell.exe","fileVersion":"10.0.26100.9278 (WinBuild.160101.0800)","description":"Windows PowerShell","product":"Microsoft® Windows® Operating System","company":"Microsoft Corporation","originalFileName":"PowerShell.EXE","commandLine":"\\\"powershell.exe\\\" &amp; {Start-Process \\\\\\\"\\\"C:\\\\AtomicRedTeam\\\\atomics\\\\..\\\\ExternalPayloads\\\\T1059.003_script.bat\\\\\\\"\\\"}","currentDirectory":"C:\\\\Users\\\\DARRAG~1\\\\AppData\\\\Local\\\\Temp\\\\","user":"DESKTOP-5OG7C28\\\\Darragh Casey","logonGuid":"{4b2ce92d-826e-6abe-6d8d-0a0000000000}","logonId":"0xa8d6d","terminalSessionId":"1","integrityLevel":"High","hashes":"MD5=61F649A6FDC374A6BF36C860519E017C,SHA256=8BB6FA8C283B4D92120B1EF249A9B311B0F804D4CABBE9981159976C8BE76A5E,IMPHASH=2F87CE4617F593D7148B739BBF06D059","parentProcessGuid":"{00000000-0000-0000-0000-000000000000}","parentProcessId":"4408"}}},"location":"EventChannel"}
{"timestamp":"2026-10-02T16:55:27.928+0200","agent":{"id":"001","name":"Windows_VM","ip":"192.168.232.130"},"manager":{"name":"dcasey-virtual-machine"},"id":"1790952927.509201","full_log":"{\"win\":{\"system\":{\"providerName\":\"Microsoft-Windows-Sysmon\",\"providerGuid\":\"{5770385f-c22a-43e0-bf4c-06f5698ffbd9}\",\"eventID\":\"1\",\"version\":\"5\",\"level\":\"4\",\"task\":\"1\",\"opcode\":\"0\",\"keywords\":\"0x8000000000000000\",\"systemTime\":\"2026-10-02T14:55:27.3456279Z\",\"eventRecordID\":\"15250\",\"processID\":\"3504\",\"threadID\":\"4956\",\"channel\":\"Microsoft-Windows-Sysmon/Operational\",\"computer\":\"DESKTOP-5OG7C28\",\"severityValue\":\"INFORMATION\",\"message\":\"\\\"Process Create:\\r\\nRuleName: -\\r\\nUtcTime: 2026-10-02 14:55:27.343\\r\\nProcessGuid: {4b2ce92d-c5df-6abf-8004-000000001400}\\r\\nProcessId: 324\\r\\nImage: C:\\\\Windows\\\\System32\\\\smartscreen.exe\\r\\nFileVersion: 10.0.26100.9278 (WinBuild.160101.0800)\\r\\nDescription: Windows Defender SmartScreen\\r\\nProduct: Microsoft® Windows® Operating System\\r\\nCompany: Microsoft Corporation\\r\\nOriginalFileName: smartscreen.exe\\r\\nCommandLine: C:\\\\Windows\\\\System32\\\\smartscreen.exe -Embedding\\r\\nCurrentDirectory: C:\\\\WINDOWS\\\\system32\\\\\\r\\nUser: DESKTOP-5OG7C28\\\\Darragh Casey\\r\\nLogonGuid: {4b2ce92d-826e-6abe-a98d-0a0000000000}\\r\\nLogonId: 0xA8DA9\\r\\nTerminalSessionId: 1\\r\\nIntegrityLevel: Medium\\r\\nHashes: MD5=3ABC85C0D045F0244C34AF62CB6ACD99,SHA256=11F0BBE2201D0340A8BF5AEB7531B2D59FBF8CF091BDC3ED3FA5B985A0C58D0F,IMPHASH=3D967AE398FD13D8BAF1933856991799\\r\\nParentProcessGuid: {00000000-0000-0000-0000-000000000000}\\r\\nParentProcessId: 952\\r\\nParentImage: -\\r\\nParentCommandLine: -\\r\\nParentUser: -\\\"\"},\"eventdata\":{\"utcTime\":\"2026-10-02 14:55:27.343\",\"processGuid\":\"{4b2ce92d-c5df-6abf-8004-000000001400}\",\"processId\":\"324\",\"image\":\"C:\\\\\\\\Windows\\\\\\\\System32\\\\\\\\smartscreen.exe\",\"fileVersion\":\"10.0.26100.9278 (WinBuild.160101.0800)\",\"description\":\"Windows Defender SmartScreen\",\"product\":\"Microsoft® Windows® Operating System\",\"company\":\"Microsoft Corporation\",\"originalFileName\":\"smartscreen.exe\",\"commandLine\":\"C:\\\\\\\\Windows\\\\\\\\System32\\\\\\\\smartscreen.exe -Embedding\",\"currentDirectory\":\"C:\\\\\\\\WINDOWS\\\\\\\\system32\\\\\\\\\",\"user\":\"DESKTOP-5OG7C28\\\\\\\\Darragh Casey\",\"logonGuid\":\"{4b2ce92d-826e-6abe-a98d-0a0000000000}\",\"logonId\":\"0xa8da9\",\"terminalSessionId\":\"1\",\"integrityLevel\":\"Medium\",\"hashes\":\"MD5=3ABC85C0D045F0244C34AF62CB6ACD99,SHA256=11F0BBE2201D0340A8BF5AEB7531B2D59FBF8CF091BDC3ED3FA5B985A0C58D0F,IMPHASH=3D967AE398FD13D8BAF1933856991799\",\"parentProcessGuid\":\"{00000000-0000-0000-0000-000000000000}\",\"parentProcessId\":\"952\"}}}","decoder":{"name":"windows_eventchannel"},"data":{"win":{"system":{"providerName":"Microsoft-Windows-Sysmon","providerGuid":"{5770385f-c22a-43e0-bf4c-06f5698ffbd9}","eventID":"1","version":"5","level":"4","task":"1","opcode":"0","keywords":"0x8000000000000000","systemTime":"2026-10-02T14:55:27.3456279Z","eventRecordID":"15250","processID":"3504","threadID":"4956","channel":"Microsoft-Windows-Sysmon/Operational","computer":"DESKTOP-5OG7C28","severityValue":"INFORMATION","message":"\"Process Create:\r\nRuleName: -\r\nUtcTime: 2026-10-02 14:55:27.343\r\nProcessGuid: {4b2ce92d-c5df-6abf-8004-000000001400}\r\nProcessId: 324\r\nImage: C:\\Windows\\System32\\smartscreen.exe\r\nFileVersion: 10.0.26100.9278 (WinBuild.160101.0800)\r\nDescription: Windows Defender SmartScreen\r\nProduct: Microsoft® Windows® Operating System\r\nCompany: Microsoft Corporation\r\nOriginalFileName: smartscreen.exe\r\nCommandLine: C:\\Windows\\System32\\smartscreen.exe -Embedding\r\nCurrentDirectory: C:\\WINDOWS\\system32\\\r\nUser: DESKTOP-5OG7C28\\Darragh Casey\r\nLogonGuid: {4b2ce92d-826e-6abe-a98d-0a0000000000}\r\nLogonId: 0xA8DA9\r\nTerminalSessionId: 1\r\nIntegrityLevel: Medium\r\nHashes: MD5=3ABC85C0D045F0244C34AF62CB6ACD99,SHA256=11F0BBE2201D0340A8BF5AEB7531B2D59FBF8CF091BDC3ED3FA5B985A0C58D0F,IMPHASH=3D967AE398FD13D8BAF1933856991799\r\nParentProcessGuid: {00000000-0000-0000-0000-000000000000}\r\nParentProcessId: 952\r\nParentImage: -\r\nParentCommandLine: -\r\nParentUser: -\""},"eventdata":{"utcTime":"2026-10-02 14:55:27.343","processGuid":"{4b2ce92d-c5df-6abf-8004-000000001400}","processId":"324","image":"C:\\\\Windows\\\\System32\\\\smartscreen.exe","fileVersion":"10.0.26100.9278 (WinBuild.160101.0800)","description":"Windows Defender SmartScreen","product":"Microsoft® Windows® Operating System","company":"Microsoft Corporation","originalFileName":"smartscreen.exe","commandLine":"C:\\\\Windows\\\\System32\\\\smartscreen.exe -Embedding","currentDirectory":"C:\\\\WINDOWS\\\\system32\\\\","user":"DESKTOP-5OG7C28\\\\Darragh Casey","logonGuid":"{4b2ce92d-826e-6abe-a98d-0a0000000000}","logonId":"0xa8da9","terminalSessionId":"1","integrityLevel":"Medium","hashes":"MD5=3ABC85C0D045F0244C34AF62CB6ACD99,SHA256=11F0BBE2201D0340A8BF5AEB7531B2D59FBF8CF091BDC3ED3FA5B985A0C58D0F,IMPHASH=3D967AE398FD13D8BAF1933856991799","parentProcessGuid":"{00000000-0000-0000-0000-000000000000}","parentProcessId":"952"}}},"location":"EventChannel"}
{"timestamp":"2026-10-02T16:55:27.928+0200","rule":{"level":15,"description":"Executable file dropped in folder commonly used by malware","id":"92213","mitre":{"id":["T1105"],"tactic":["Command and Control"],"technique":["Ingress Tool Transfer"]},"firedtimes":13,"mail":true,"groups":["sysmon","sysmon_eid11_detections","windows"]},"agent":{"id":"001","name":"Windows_VM","ip":"192.168.232.130"},"manager":{"name":"dcasey-virtual-machine"},"id":"1790952927.509201","full_log":"{\"win\":{\"system\":{\"providerName\":\"Microsoft-Windows-Sysmon\",\"providerGuid\":\"{5770385f-c22a-43e0-bf4c-06f5698ffbd9}\",\"eventID\":\"11\",\"version\":\"2\",\"level\":\"4\",\"task\":\"11\",\"opcode\":\"0\",\"keywords\":\"0x8000000000000000\",\"systemTime\":\"2026-10-02T14:55:27.1247396Z\",\"eventRecordID\":\"15249\",\"processID\":\"3504\",\"threadID\":\"4956\",\"channel\":\"Microsoft-Windows-Sysmon/Operational\",\"computer\":\"DESKTOP-5OG7C28\",\"severityValue\":\"INFORMATION\",\"message\":\"\\\"File created:\\r\\nRuleName: -\\r\\nUtcTime: 2026-10-02 14:55:27.119\\r\\nProcessGuid: {4b2ce92d-c5de-6abf-7e04-000000001400}\\r\\nProcessId: 1212\\r\\nImage: C:\\\\Windows\\\\System32\\\\WindowsPowerShell\\\\v1.0\\\\powershell.exe\\r\\nTargetFilename: C:\\\\Users\\\\Darragh Casey\\\\AppData\\\\Local\\\\Temp\\\\__PSScriptPolicyTest_sct5nwuc.3fq.ps1\\r\\nCreationUtcTime: 2026-10-02 14:55:27.119\\r\\nUser: DESKTOP-5OG7C28\\\\Darragh Casey\\\"\"},\"eventdata\":{\"utcTime\":\"2026-10-02 14:55:27.119\",\"processGuid\":\"{4b2ce92d-c5de-6abf-7e04-000000001400}\",\"processId\":\"1212\",\"image\":\"C:\\\\\\\\Windows\\\\\\\\System32\\\\\\\\WindowsPowerShell\\\\\\\\v1.0\\\\\\\\powershell.exe\",\"targetFilename\":\"C:\\\\\\\\Users\\\\\\\\Darragh Casey\\\\\\\\AppData\\\\\\\\Local\\\\\\\\Temp\\\\\\\\__PSScriptPolicyTest_sct5nwuc.3fq.ps1\",\"creationUtcTime\":\"2026-10-02 14:55:27.119\",\"user\":\"DESKTOP-5OG7C28\\\\\\\\Darragh Casey\"}}}","decoder":{"name":"windows_eventchannel"},"data":{"win":{"system":{"providerName":"Microsoft-Windows-Sysmon","providerGuid":"{5770385f-c22a-43e0-bf4c-06f5698ffbd9}","eventID":"11","version":"2","level":"4","task":"11","opcode":"0","keywords":"0x8000000000000000","systemTime":"2026-10-02T14:55:27.1247396Z","eventRecordID":"15249","processID":"3504","threadID":"4956","channel":"Microsoft-Windows-Sysmon/Operational","computer":"DESKTOP-5OG7C28","severityValue":"INFORMATION","message":"\"File created:\r\nRuleName: -\r\nUtcTime: 2026-10-02 14:55:27.119\r\nProcessGuid: {4b2ce92d-c5de-6abf-7e04-000000001400}\r\nProcessId: 1212\r\nImage: C:\\Windows\\System32\\WindowsPowerShell\\v1.0\\powershell.exe\r\nTargetFilename: C:\\Users\\Darragh Casey\\AppData\\Local\\Temp\\__PSScriptPolicyTest_sct5nwuc.3fq.ps1\r\nCreationUtcTime: 2026-10-02 14:55:27.119\r\nUser: DESKTOP-5OG7C28\\Darragh Casey\""},"eventdata":{"utcTime":"2026-10-02 14:55:27.119","processGuid":"{4b2ce92d-c5de-6abf-7e04-000000001400}","processId":"1212","image":"C:\\\\Windows\\\\System32\\\\WindowsPowerShell\\\\v1.0\\\\powershell.exe","targetFilename":"C:\\\\Users\\\\Darragh Casey\\\\AppData\\\\Local\\\\Temp\\\\__PSScriptPolicyTest_sct5nwuc.3fq.ps1","creationUtcTime":"2026-10-02 14:55:27.119","user":"DESKTOP-5OG7C28\\\\Darragh Casey"}}},"location":"EventChannel"}
{"timestamp":"2026-10-02T16:55:27.929+0200","rule":{"level":4,"description":"Powershell process spawned Windows command shell instance","id":"92004","mitre":{"id":["T1059.003"],"tactic":["Execution"],"technique":["Windows Command Shell"]},"firedtimes":1,"mail":false,"groups":["sysmon","sysmon_eid1_detections","windows"]},"agent":{"id":"001","name":"Windows_VM","ip":"192.168.232.130"},"manager":{"name":"dcasey-virtual-machine"},"id":"1790952927.512047","full_log":"{\"win\":{\"system\":{\"providerName\":\"Microsoft-Windows-Sysmon\",\"providerGuid\":\"{5770385f-c22a-43e0-bf4c-06f5698ffbd9}\",\"eventID\":\"1\",\"version\":\"5\",\"level\":\"4\",\"task\":\"1\",\"opcode\":\"0\",\"keywords\":\"0x8000000000000000\",\"systemTime\":\"2026-10-02T14:55:27.4231808Z\",\"eventRecordID\":\"15251\",\"processID\":\"3504\",\"threadID\":\"4956\",\"channel\":\"Microsoft-Windows-Sysmon/Operational\",\"computer\":\"DESKTOP-5OG7C28\",\"severityValue\":\"INFORMATION\",\"message\":\"\\\"Process Create:\\r\\nRuleName: -\\r\\nUtcTime: 2026-10-02 14:55:27.411\\r\\nProcessGuid: {4b2ce92d-c5df-6abf-8104-000000001400}\\r\\nProcessId: 8188\\r\\nImage: C:\\\\Windows\\\\System32\\\\cmd.exe\\r\\nFileVersion: 10.0.26100.9278 (WinBuild.160101.0800)\\r\\nDescription: Windows Command Processor\\r\\nProduct: Microsoft® Windows® Operating System\\r\\nCompany: Microsoft Corporation\\r\\nOriginalFileName: Cmd.Exe\\r\\nCommandLine: C:\\\\WINDOWS\\\\system32\\\\cmd.exe /c \\\"\\\"C:\\\\AtomicRedTeam\\\\ExternalPayloads\\\\T1059.003_script.bat\\\" \\\"\\r\\nCurrentDirectory: C:\\\\Users\\\\Darragh Casey\\\\AppData\\\\Local\\\\Temp\\\\\\r\\nUser: DESKTOP-5OG7C28\\\\Darragh Casey\\r\\nLogonGuid: {4b2ce92d-826e-6abe-6d8d-0a0000000000}\\r\\nLogonId: 0xA8D6D\\r\\nTerminalSessionId: 1\\r\\nIntegrityLevel: High\\r\\nHashes: MD5=CE396564392FAFAAD5C07A5E2DADE4E6,SHA256=97AC98B1A92C286054CCE55239CFCCDFC23A5517BD07FE693072C9CA96C7DABB,IMPHASH=010B165E4C37F484601D3DBD700C9423\\r\\nParentProcessGuid: {4b2ce92d-c5de-6abf-7e04-000000001400}\\r\\nParentProcessId: 1212\\r\\nParentImage: C:\\\\Windows\\\\System32\\\\WindowsPowerShell\\\\v1.0\\\\powershell.exe\\r\\nParentCommandLine: \\\"powershell.exe\\\" & {Start-Process \\\\\\\"\\\"C:\\\\AtomicRedTeam\\\\atomics\\\\..\\\\ExternalPayloads\\\\T1059.003_script.bat\\\\\\\"\\\"}\\r\\nParentUser: DESKTOP-5OG7C28\\\\Darragh Casey\\\"\"},\"eventdata\":{\"utcTime\":\"2026-10-02 14:55:27.411\",\"processGuid\":\"{4b2ce92d-c5df-6abf-8104-000000001400}\",\"processId\":\"8188\",\"image\":\"C:\\\\\\\\Windows\\\\\\\\System32\\\\\\\\cmd.exe\",\"fileVersion\":\"10.0.26100.9278 (WinBuild.160101.0800)\",\"description\":\"Windows Command Processor\",\"product\":\"Microsoft® Windows® Operating System\",\"company\":\"Microsoft Corporation\",\"originalFileName\":\"Cmd.Exe\",\"commandLine\":\"C:\\\\\\\\WINDOWS\\\\\\\\system32\\\\\\\\cmd.exe /c \\\\\\\"\\\\\\\"C:\\\\\\\\AtomicRedTeam\\\\\\\\ExternalPayloads\\\\\\\\T1059.003_script.bat\\\\\\\" \\\\\\\"\",\"currentDirectory\":\"C:\\\\\\\\Users\\\\\\\\Darragh Casey\\\\\\\\AppData\\\\\\\\Local\\\\\\\\Temp\\\\\\\\\",\"user\":\"DESKTOP-5OG7C28\\\\\\\\Darragh Casey\",\"logonGuid\":\"{4b2ce92d-826e-6abe-6d8d-0a0000000000}\",\"logonId\":\"0xa8d6d\",\"terminalSessionId\":\"1\",\"integrityLevel\":\"High\",\"hashes\":\"MD5=CE396564392FAFAAD5C07A5E2DADE4E6,SHA256=97AC98B1A92C286054CCE55239CFCCDFC23A5517BD07FE693072C9CA96C7DABB,IMPHASH=010B165E4C37F484601D3DBD700C9423\",\"parentProcessGuid\":\"{4b2ce92d-c5de-6abf-7e04-000000001400}\",\"parentProcessId\":\"1212\",\"parentImage\":\"C:\\\\\\\\Windows\\\\\\\\System32\\\\\\\\WindowsPowerShell\\\\\\\\v1.0\\\\\\\\powershell.exe\",\"parentCommandLine\":\"\\\\\\\"powershell.exe\\\\\\\" &amp; {Start-Process \\\\\\\\\\\\\\\"\\\\\\\"C:\\\\\\\\AtomicRedTeam\\\\\\\\atomics\\\\\\\\..\\\\\\\\ExternalPayloads\\\\\\\\T1059.003_script.bat\\\\\\\\\\\\\\\"\\\\\\\"}\",\"parentUser\":\"DESKTOP-5OG7C28\\\\\\\\Darragh Casey\"}}}","decoder":{"name":"windows_eventchannel"},"data":{"win":{"system":{"providerName":"Microsoft-Windows-Sysmon","providerGuid":"{5770385f-c22a-43e0-bf4c-06f5698ffbd9}","eventID":"1","version":"5","level":"4","task":"1","opcode":"0","keywords":"0x8000000000000000","systemTime":"2026-10-02T14:55:27.4231808Z","eventRecordID":"15251","processID":"3504","threadID":"4956","channel":"Microsoft-Windows-Sysmon/Operational","computer":"DESKTOP-5OG7C28","severityValue":"INFORMATION","message":"\"Process Create:\r\nRuleName: -\r\nUtcTime: 2026-10-02 14:55:27.411\r\nProcessGuid: {4b2ce92d-c5df-6abf-8104-000000001400}\r\nProcessId: 8188\r\nImage: C:\\Windows\\System32\\cmd.exe\r\nFileVersion: 10.0.26100.9278 (WinBuild.160101.0800)\r\nDescription: Windows Command Processor\r\nProduct: Microsoft® Windows® Operating System\r\nCompany: Microsoft Corporation\r\nOriginalFileName: Cmd.Exe\r\nCommandLine: C:\\WINDOWS\\system32\\cmd.exe /c \"\"C:\\AtomicRedTeam\\ExternalPayloads\\T1059.003_script.bat\" \"\r\nCurrentDirectory: C:\\Users\\Darragh Casey\\AppData\\Local\\Temp\\\r\nUser: DESKTOP-5OG7C28\\Darragh Casey\r\nLogonGuid: {4b2ce92d-826e-6abe-6d8d-0a0000000000}\r\nLogonId: 0xA8D6D\r\nTerminalSessionId: 1\r\nIntegrityLevel: High\r\nHashes: MD5=CE396564392FAFAAD5C07A5E2DADE4E6,SHA256=97AC98B1A92C286054CCE55239CFCCDFC23A5517BD07FE693072C9CA96C7DABB,IMPHASH=010B165E4C37F484601D3DBD700C9423\r\nParentProcessGuid: {4b2ce92d-c5de-6abf-7e04-000000001400}\r\nParentProcessId: 1212\r\nParentImage: C:\\Windows\\System32\\WindowsPowerShell\\v1.0\\powershell.exe\r\nParentCommandLine: \"powershell.exe\" & {Start-Process \\\"\"C:\\AtomicRedTeam\\atomics\\..\\ExternalPayloads\\T1059.003_script.bat\\\"\"}\r\nParentUser: DESKTOP-5OG7C28\\Darragh Casey\""},"eventdata":{"utcTime":"2026-10-02 14:55:27.411","processGuid":"{4b2ce92d-c5df-6abf-8104-000000001400}","processId":"8188","image":"C:\\\\Windows\\\\System32\\\\cmd.exe","fileVersion":"10.0.26100.9278 (WinBuild.160101.0800)","description":"Windows Command Processor","product":"Microsoft® Windows® Operating System","company":"Microsoft Corporation","originalFileName":"Cmd.Exe","commandLine":"C:\\\\WINDOWS\\\\system32\\\\cmd.exe /c \\\"\\\"C:\\\\AtomicRedTeam\\\\ExternalPayloads\\\\T1059.003_script.bat\\\" \\\"","currentDirectory":"C:\\\\Users\\\\Darragh Casey\\\\AppData\\\\Local\\\\Temp\\\\","user":"DESKTOP-5OG7C28\\\\Darragh Casey","logonGuid":"{4b2ce92d-826e-6abe-6d8d-0a0000000000}","logonId":"0xa8d6d","terminalSessionId":"1","integrityLevel":"High","hashes":"MD5=CE396564392FAFAAD5C07A5E2DADE4E6,SHA256=97AC98B1A92C286054CCE55239CFCCDFC23A5517BD07FE693072C9CA96C7DABB,IMPHASH=010B165E4C37F484601D3DBD700C9423","parentProcessGuid":"{4b2ce92d-c5de-6abf-7e04-000000001400}","parentProcessId":"1212","parentImage":"C:\\\\Windows\\\\System32\\\\WindowsPowerShell\\\\v1.0\\\\powershell.exe","parentCommandLine":"\\\"powershell.exe\\\" &amp; {Start-Process \\\\\\\"\\\"C:\\\\AtomicRedTeam\\\\atomics\\\\..\\\\ExternalPayloads\\\\T1059.003_script.bat\\\\\\\"\\\"}","parentUser":"DESKTOP-5OG7C28\\\\Darragh Casey"}}},"location":"EventChannel"}
