{"timestamp":"2026-10-02T16:51:14.642+0200","rule":{"level":3,"description":"Service startup type was changed","id":"61104","info":"This does not appear to be logged on Windows 2000","firedtimes":2,"mail":false,"groups":["windows","windows_system","policy_changed"],"pci_dss":["10.6"],"gdpr":["IV_35.7.d"],"hipaa":["164.312.b"],"nist_800_53":["AU.6"],"tsc":["CC6.1","CC6.8","CC7.2","CC7.3"]},"agent":{"id":"001","name":"Windows_VM","ip":"192.168.232.130"},"manager":{"name":"dcasey-virtual-machine"},"id":"1790952674.497011","full_log":"{\"win\":{\"system\":{\"providerName\":\"Service Control Manager\",\"providerGuid\":\"{555908d1-a6d7-4695-8e1e-26931d2012f4}\",\"eventSourceName\":\"Service Control Manager\",\"eventID\":\"7040\",\"version\":\"0\",\"level\":\"4\",\"task\":\"0\",\"opcode\":\"0\",\"keywords\":\"0x8080000000000000\",\"systemTime\":\"2026-10-02T14:51:13.6810221Z\",\"eventRecordID\":\"3018\",\"processID\":\"812\",\"threadID\":\"5324\",\"channel\":\"System\",\"computer\":\"DESKTOP-5OG7C28\",\"severityValue\":\"INFORMATION\",\"message\":\"\\\"The start type of the Background Intelligent Transfer Service service was changed from demand start to auto start.\\\"\"},\"eventdata\":{\"param1\":\"Background Intelligent Transfer Service\",\"param2\":\"demand start\",\"param3\":\"auto start\",\"param4\":\"BITS\"}}}","decoder":{"name":"windows_eventchannel"},"data":{"win":{"system":{"providerName":"Service Control Manager","providerGuid":"{555908d1-a6d7-4695-8e1e-26931d2012f4}","eventSourceName":"Service Control Manager","eventID":"7040","version":"0","level":"4","task":"0","opcode":"0","keywords":"0x8080000000000000","systemTime":"2026-10-02T14:51:13.6810221Z","eventRecordID":"3018","processID":"812","threadID":"5324","channel":"System","computer":"DESKTOP-5OG7C28","severityValue":"INFORMATION","message":"\"The start type of the Background Intelligent Transfer Service service was changed from demand start to auto start.\""},"eventdata":{"param1":"Background Intelligent Transfer Service","param2":"demand start","param3":"auto start","param4":"BITS"}}},"location":"EventChannel"}
{"timestamp":"2026-10-02T16:51:18.907+0200","agent":{"id":"001","name":"Windows_VM","ip":"192.168.232.130"},"manager":{"name":"dcasey-virtual-machine"},"id":"1790952678.499857","full_log":"{\"win\":{\"system\":{\"providerName\":\"Microsoft-Windows-Security-Auditing\",\"providerGuid\":\"{54849625-5478-4994-a5ba-3e3b0328c30d}\",\"eventID\":\"4799\",\"version\":\"0\",\"level\":\"0\",\"task\":\"13826\",\"opcode\":\"0\",\"keywords\":\"0x8020000000000000\",\"systemTime\":\"2026-10-02T14:51:17.9421333Z\",\"eventRecordID\":\"54207\",\"processID\":\"820\",\"threadID\":\"2376\",\"channel\":\"Security\",\"computer\":\"DESKTOP-5OG7C28\",\"severityValue\":\"AUDIT_SUCCESS\",\"message\":\"\\\"A security-enabled local group membership was enumerated.\\r\\n\\r\\nSubject:\\r\\n\\tSecurity ID:\\t\\tS-1-5-18\\r\\n\\tAccount Name:\\t\\tDESKTOP-5OG7C28$\\r\\n\\tAccount Domain:\\t\\tWORKGROUP\\r\\n\\tLogon ID:\\t\\t0x3E7\\r\\n\\r\\nGroup:\\r\\n\\tSecurity ID:\\t\\tS-1-5-32-544\\r\\n\\tGroup Name:\\t\\tAdministrators\\r\\n\\tGroup Domain:\\t\\tBuiltin\\r\\n\\r\\nProcess Information:\\r\\n\\tProcess ID:\\t\\t0x744\\r\\n\\tProcess Name:\\t\\tC:\\\\Windows\\\\System32\\\\svchost.exe\\\"\"},\"eventdata\":{\"targetUserName\":\"Administrators\",\"targetDomainName\":\"Builtin\",\"targetSid\":\"S-1-5-32-544\",\"subjectUserSid\":\"S-1-5-18\",\"subjectUserName\":\"DESKTOP-5OG7C28$\",\"subjectDomainName\":\"WORKGROUP\",\"subjectLogonId\":\"0x3e7\",\"callerProcessId\":\"0x744\",\"callerProcessName\":\"C:\\\\\\\\Windows\\\\\\\\System32\\\\\\\\svchost.exe\"}}}","decoder":{"name":"windows_eventchannel"},"data":{"win":{"system":{"providerName":"Microsoft-Windows-Security-Auditing","providerGuid":"{54849625-5478-4994-a5ba-3e3b0328c30d}","eventID":"4799","version":"0","level":"0","task":"13826","opcode":"0","keywords":"0x8020000000000000","systemTime":"2026-10-02T14:51:17.9421333Z","eventRecordID":"54207","processID":"820","threadID":"2376","channel":"Security","computer":"DESKTOP-5OG7C28","severityValue":"AUDIT_SUCCESS","message":"\"A security-enabled local group membership was enumerated.\r\n\r\nSubject:\r\n\tSecurity ID:\t\tS-1-5-18\r\n\tAccount Name:\t\tDESKTOP-5OG7C28$\r\n\tAccount Domain:\t\tWORKGROUP\r\n\tLogon ID:\t\t0x3E7\r\n\r\nGroup:\r\n\tSecurity ID:\t\tS-1-5-32-544\r\n\tGroup Name:\t\tAdministrators\r\n\tGroup Domain:\t\tBuiltin\r\n\r\nProcess Information:\r\n\tProcess ID:\t\t0x744\r\n\tProcess Name:\t\tC:\\Windows\\System32\\svchost.exe\""},"eventdata":{"targetUserName":"Administrators","targetDomainName":"Builtin","targetSid":"S-1-5-32-544","subjectUserSid":"S-1-5-18","subjectUserName":"DESKTOP-5OG7C28$","subjectDomainName":"WORKGROUP","subjectLogonId":"0x3e7","callerProcessId":"0x744","callerProcessName":"C:\\\\Windows\\\\System32\\\\svchost.exe"}}},"location":"EventChannel"}
{"timestamp":"2026-10-02T16:51:18.949+0200","agent":{"id":"001","name":"Windows_VM","ip":"192.168.232.130"},"manager":{"name":"dcasey-virtual-machine"},"id":"1790952678.499857","full_log":"{\"win\":{\"system\":{\"providerName\":\"Microsoft-Windows-Security-Auditing\",\"providerGuid\":\"{54849625-5478-4994-a5ba-3e3b0328c30d}\",\"eventID\":\"4799\",\"version\":\"0\",\"level\":\"0\",\"task\":\"13826\",\"opcode\":\"0\",\"keywords\":\"0x8020000000000000\",\"systemTime\":\"2026-10-02T14:51:17.9431650Z\",\"eventRecordID\":\"54208\",\"processID\":\"820\",\"threadID\":\"2376\",\"channel\":\"Security\",\"computer\":\"DESKTOP-5OG7C28\",\"severityValue\":\"AUDIT_SUCCESS\",\"message\":\"\\\"A security-enabled local group membership was enumerated.\\r\\n\\r\\nSubject:\\r\\n\\tSecurity ID:\\t\\tS-1-5-18\\r\\n\\tAccount Name:\\t\\tDESKTOP-5OG7C28$\\r\\n\\tAccount Domain:\\t\\tWORKGROUP\\r\\n\\tLogon ID:\\t\\t0x3E7\\r\\n\\r\\nGroup:\\r\\n\\tSecurity ID:\\t\\tS-1-5-32-551\\r\\n\\tGroup Name:\\t\\tBackup Operators\\r\\n\\tGroup Domain:\\t\\tBuiltin\\r\\n\\r\\nProcess Information:\\r\\n\\tProcess ID:\\t\\t0x744\\r\\n\\tProcess Name:\\t\\tC:\\\\Windows\\\\System32\\\\svchost.exe\\\"\"},\"eventdata\":{\"targetUserName\":\"Backup Operators\",\"targetDomainName\":\"Builtin\",\"targetSid\":\"S-1-5-32-551\",\"subjectUserSid\":\"S-1-5-18\",\"subjectUserName\":\"DESKTOP-5OG7C28$\",\"subjectDomainName\":\"WORKGROUP\",\"subjectLogonId\":\"0x3e7\",\"callerProcessId\":\"0x744\",\"callerProcessName\":\"C:\\\\\\\\Windows\\\\\\\\System32\\\\\\\\svchost.exe\"}}}","decoder":{"name":"windows_eventchannel"},"data":{"win":{"system":{"providerName":"Microsoft-Windows-Security-Auditing","providerGuid":"{54849625-5478-4994-a5ba-3e3b0328c30d}","eventID":"4799","version":"0","level":"0","task":"13826","opcode":"0","keywords":"0x8020000000000000","systemTime":"2026-10-02T14:51:17.9431650Z","eventRecordID":"54208","processID":"820","threadID":"2376","channel":"Security","computer":"DESKTOP-5OG7C28","severityValue":"AUDIT_SUCCESS","message":"\"A security-enabled local group membership was enumerated.\r\n\r\nSubject:\r\n\tSecurity ID:\t\tS-1-5-18\r\n\tAccount Name:\t\tDESKTOP-5OG7C28$\r\n\tAccount Domain:\t\tWORKGROUP\r\n\tLogon ID:\t\t0x3E7\r\n\r\nGroup:\r\n\tSecurity ID:\t\tS-1-5-32-551\r\n\tGroup Name:\t\tBackup Operators\r\n\tGroup Domain:\t\tBuiltin\r\n\r\nProcess Information:\r\n\tProcess ID:\t\t0x744\r\n\tProcess Name:\t\tC:\\Windows\\System32\\svchost.exe\""},"eventdata":{"targetUserName":"Backup Operators","targetDomainName":"Builtin","targetSid":"S-1-5-32-551","subjectUserSid":"S-1-5-18","subjectUserName":"DESKTOP-5OG7C28$","subjectDomainName":"WORKGROUP","subjectLogonId":"0x3e7","callerProcessId":"0x744","callerProcessName":"C:\\\\Windows\\\\System32\\\\svchost.exe"}}},"location":"EventChannel"}
{"timestamp":"2026-10-02T16:51:20.037+0200","agent":{"id":"001","name":"Windows_VM","ip":"192.168.232.130"},"manager":{"name":"dcasey-virtual-machine"},"id":"1790952680.499857","full_log":"{\"win\":{\"system\":{\"providerName\":\"Microsoft-Windows-Sysmon\",\"providerGuid\":\"{5770385f-c22a-43e0-bf4c-06f5698ffbd9}\",\"eventID\":\"22\",\"version\":\"5\",\"level\":\"4\",\"task\":\"22\",\"opcode\":\"0\",\"keywords\":\"0x8000000000000000\",\"systemTime\":\"2026-10-02T14:51:19.0810328Z\",\"eventRecordID\":\"15230\",\"processID\":\"3504\",\"threadID\":\"4972\",\"channel\":\"Microsoft-Windows-Sysmon/Operational\",\"computer\":\"DESKTOP-5OG7C28\",\"severityValue\":\"INFORMATION\",\"message\":\"\\\"Dns query:\\r\\nRuleName: -\\r\\nUtcTime: 2026-10-02 14:51:19.176\\r\\nProcessGuid: {4b2ce92d-c4e1-6abf-6f04-000000001400}\\r\\nProcessId: 1860\\r\\nQueryName: oneclient.sfx.ms\\r\\nQueryStatus: 0\\r\\nQueryResults: type: 5 oneclient.sfx.ms.edgesuite.net;type: 5 a124.dscd.akamai.net;::ffff:95.100.109.94;::ffff:95.100.109.105;\\r\\nImage: C:\\\\Windows\\\\System32\\\\svchost.exe\\r\\nUser: NT AUTHORITY\\\\SYSTEM\\\"\"},\"eventdata\":{\"utcTime\":\"2026-10-02 14:51:19.176\",\"processGuid\":\"{4b2ce92d-c4e1-6abf-6f04-000000001400}\",\"processId\":\"1860\",\"queryName\":\"oneclient.sfx.ms\",\"queryStatus\":\"0\",\"queryResults\":\"type: 5 oneclient.sfx.ms.edgesuite.net;type: 5 a124.dscd.akamai.net;::ffff:95.100.109.94;::ffff:95.100.109.105;\",\"image\":\"C:\\\\\\\\Windows\\\\\\\\System32\\\\\\\\svchost.exe\",\"user\":\"NT AUTHORITY\\\\\\\\SYSTEM\"}}}","decoder":{"name":"windows_eventchannel"},"data":{"win":{"system":{"providerName":"Microsoft-Windows-Sysmon","providerGuid":"{5770385f-c22a-43e0-bf4c-06f5698ffbd9}","eventID":"22","version":"5","level":"4","task":"22","opcode":"0","keywords":"0x8000000000000000","systemTime":"2026-10-02T14:51:19.0810328Z","eventRecordID":"15230","processID":"3504","threadID":"4972","channel":"Microsoft-Windows-Sysmon/Operational","computer":"DESKTOP-5OG7C28","severityValue":"INFORMATION","message":"\"Dns query:\r\nRuleName: -\r\nUtcTime: 2026-10-02 14:51:19.176\r\nProcessGuid: {4b2ce92d-c4e1-6abf-6f04-000000001400}\r\nProcessId: 1860\r\nQueryName: oneclient.sfx.ms\r\nQueryStatus: 0\r\nQueryResults: type: 5 oneclient.sfx.ms.edgesuite.net;type: 5 a124.dscd.akamai.net;::ffff:95.100.109.94;::ffff:95.100.109.105;\r\nImage: C:\\Windows\\System32\\svchost.exe\r\nUser: NT AUTHORITY\\SYSTEM\""},"eventdata":{"utcTime":"2026-10-02 14:51:19.176","processGuid":"{4b2ce92d-c4e1-6abf-6f04-000000001400}","processId":"1860","queryName":"oneclient.sfx.ms","queryStatus":"0","queryResults":"type: 5 oneclient.sfx.ms.edgesuite.net;type: 5 a124.dscd.akamai.net;::ffff:95.100.109.94;::ffff:95.100.109.105;","image":"C:\\\\Windows\\\\System32\\\\svchost.exe","user":"NT AUTHORITY\\\\SYSTEM"}}},"location":"EventChannel"}
{"timestamp":"2026-10-02T16:51:21.758+0200","agent":{"id":"001","name":"Windows_VM","ip":"192.168.232.130"},"manager":{"name":"dcasey-virtual-machine"},"id":"1790952681.499857","full_log":"{\"win\":{\"system\":{\"providerName\":\"Microsoft-Windows-Sysmon\",\"providerGuid\":\"{5770385f-c22a-43e0-bf4c-06f5698ffbd9}\",\"eventID\":\"3\",\"version\":\"5\",\"level\":\"4\",\"task\":\"3\",\"opcode\":\"0\",\"keywords\":\"0x8000000000000000\",\"systemTime\":\"2026-10-02T14:51:20.7954886Z\",\"eventRecordID\":\"15231\",\"processID\":\"3504\",\"threadID\":\"4320\",\"channel\":\"Microsoft-Windows-Sysmon/Operational\",\"computer\":\"DESKTOP-5OG7C28\",\"severityValue\":\"INFORMATION\",\"message\":\"\\\"Network connection detected:\\r\\nRuleName: Usermode\\r\\nUtcTime: 2026-10-02 14:51:19.888\\r\\nProcessGuid: {4b2ce92d-c4e1-6abf-6e04-000000001400}\\r\\nProcessId: 9192\\r\\nImage: C:\\\\Users\\\\Darragh Casey\\\\AppData\\\\Local\\\\Microsoft\\\\OneDrive\\\\OneDriveStandaloneUpdater.exe\\r\\nUser: DESKTOP-5OG7C28\\\\Darragh Casey\\r\\nProtocol: tcp\\r\\nInitiated: true\\r\\nSourceIsIpv6: false\\r\\nSourceIp: 192.168.232.130\\r\\nSourceHostname: DESKTOP-5OG7C28.localdomain\\r\\nSourcePort: 53640\\r\\nSourcePortName: -\\r\\nDestinationIsIpv6: false\\r\\nDestinationIp: 52.123.128.14\\r\\nDestinationHostname: -\\r\\nDestinationPort: 443\\r\\nDestinationPortName: https\\\"\"},\"eventdata\":{\"ruleName\":\"Usermode\",\"utcTime\":\"2026-10-02 14:51:19.888\",\"processGuid\":\"{4b2ce92d-c4e1-6abf-6e04-000000001400}\",\"processId\":\"9192\",\"image\":\"C:\\\\\\\\Users\\\\\\\\Darragh Casey\\\\\\\\AppData\\\\\\\\Local\\\\\\\\Microsoft\\\\\\\\OneDrive\\\\\\\\OneDriveStandaloneUpdater.exe\",\"user\":\"DESKTOP-5OG7C28\\\\\\\\Darragh Casey\",\"protocol\":\"tcp\",\"initiated\":\"true\",\"sourceIsIpv6\":\"false\",\"sourceIp\":\"192.168.232.130\",\"sourceHostname\":\"DESKTOP-5OG7C28.localdomain\",\"sourcePort\":\"53640\",\"destinationIsIpv6\":\"false\",\"destinationIp\":\"52.123.128.14\",\"destinationPort\":\"443\",\"destinationPortName\":\"https\"}}}","decoder":{"name":"windows_eventchannel"},"data":{"win":{"system":{"providerName":"Microsoft-Windows-Sysmon","providerGuid":"{5770385f-c22a-43e0-bf4c-06f5698ffbd9}","eventID":"3","version":"5","level":"4","task":"3","opcode":"0","keywords":"0x8000000000000000","systemTime":"2026-10-02T14:51:20.7954886Z","eventRecordID":"15231","processID":"3504","threadID":"4320","channel":"Microsoft-Windows-Sysmon/Operational","computer":"DESKTOP-5OG7C28","severityValue":"INFORMATION","message":"\"Network connection detected:\r\nRuleName: Usermode\r\nUtcTime: 2026-10-02 14:51:19.888\r\nProcessGuid: {4b2ce92d-c4e1-6abf-6e04-000000001400}\r\nProcessId: 9192\r\nImage: C:\\Users\\Darragh Casey\\AppData\\Local\\Microsoft\\OneDrive\\OneDriveStandaloneUpdater.exe\r\nUser: DESKTOP-5OG7C28\\Darragh Casey\r\nProtocol: tcp\r\nInitiated: true\r\nSourceIsIpv6: false\r\nSourceIp: 192.168.232.130\r\nSourceHostname: DESKTOP-5OG7C28.localdomain\r\nSourcePort: 53640\r\nSourcePortName: -\r\nDestinationIsIpv6: false\r\nDestinationIp: 52.123.128.14\r\nDestinationHostname: -\r\nDestinationPort: 443\r\nDestinationPortName: https\""},"eventdata":{"ruleName":"Usermode","utcTime":"2026-10-02 14:51:19.888","processGuid":"{4b2ce92d-c4e1-6abf-6e04-000000001400}","processId":"9192","image":"C:\\\\Users\\\\Darragh Casey\\\\AppData\\\\Local\\\\Microsoft\\\\OneDrive\\\\OneDriveStandaloneUpdater.exe","user":"DESKTOP-5OG7C28\\\\Darragh Casey","protocol":"tcp","initiated":"true","sourceIsIpv6":"false","sourceIp":"192.168.232.130","sourceHostname":"DESKTOP-5OG7C28.localdomain","sourcePort":"53640","destinationIsIpv6":"false","destinationIp":"52.123.128.14","destinationPort":"443","destinationPortName":"https"}}},"location":"EventChannel"}
{"timestamp":"2026-10-02T16:51:21.759+0200","agent":{"id":"001","name":"Windows_VM","ip":"192.168.232.130"},"manager":{"name":"dcasey-virtual-machine"},"id":"1790952681.499857","full_log":"{\"win\":{\"system\":{\"providerName\":\"Microsoft-Windows-Sysmon\",\"providerGuid\":\"{5770385f-c22a-43e0-bf4c-06f5698ffbd9}\",\"eventID\":\"22\",\"version\":\"5\",\"level\":\"4\",\"task\":\"22\",\"opcode\":\"0\",\"keywords\":\"0x8000000000000000\",\"systemTime\":\"2026-10-02T14:51:21.0870255Z\",\"eventRecordID\":\"15232\",\"processID\":\"3504\",\"threadID\":\"4972\",\"channel\":\"Microsoft-Windows-Sysmon/Operational\",\"computer\":\"DESKTOP-5OG7C28\",\"severityValue\":\"INFORMATION\",\"message\":\"\\\"Dns query:\\r\\nRuleName: -\\r\\nUtcTime: 2026-10-02 14:51:19.844\\r\\nProcessGuid: {4b2ce92d-c4e1-6abf-6e04-000000001400}\\r\\nProcessId: 9192\\r\\nQueryName: ecs.office.com\\r\\nQueryStatus: 0\\r\\nQueryResults: type: 5 ecs.office.trafficmanager.net;type: 5 dual-s-0005-office.config.skype.com;type: 5 ecs-office.s-0005.dual-s-msedge.net;type: 5 s-0005.dual-s-msedge.net;::ffff:52.123.128.14;::ffff:52.123.129.14;\\r\\nImage: C:\\\\Users\\\\Darragh Casey\\\\AppData\\\\Local\\\\Microsoft\\\\OneDrive\\\\OneDriveStandaloneUpdater.exe\\r\\nUser: DESKTOP-5OG7C28\\\\Darragh Casey\\\"\"},\"eventdata\":{\"utcTime\":\"2026-10-02 14:51:19.844\",\"processGuid\":\"{4b2ce92d-c4e1-6abf-6e04-000000001400}\",\"processId\":\"9192\",\"queryName\":\"ecs.office.com\",\"queryStatus\":\"0\",\"queryResults\":\"type: 5 ecs.office.trafficmanager.net;type: 5 dual-s-0005-office.config.skype.com;type: 5 ecs-office.s-0005.dual-s-msedge.net;type: 5 s-0005.dual-s-msedge.net;::ffff:52.123.128.14;::ffff:52.123.129.14;\",\"image\":\"C:\\\\\\\\Users\\\\\\\\Darragh Casey\\\\\\\\AppData\\\\\\\\Local\\\\\\\\Microsoft\\\\\\\\OneDrive\\\\\\\\OneDriveStandaloneUpdater.exe\",\"user\":\"DESKTOP-5OG7C28\\\\\\\\Darragh Casey\"}}}","decoder":{"name":"windows_eventchannel"},"data":{"win":{"system":{"providerName":"Microsoft-Windows-Sysmon","providerGuid":"{5770385f-c22a-43e0-bf4c-06f5698ffbd9}","eventID":"22","version":"5","level":"4","task":"22","opcode":"0","keywords":"0x8000000000000000","systemTime":"2026-10-02T14:51:21.0870255Z","eventRecordID":"15232","processID":"3504","threadID":"4972","channel":"Microsoft-Windows-Sysmon/Operational","computer":"DESKTOP-5OG7C28","severityValue":"INFORMATION","message":"\"Dns query:\r\nRuleName: -\r\nUtcTime: 2026-10-02 14:51:19.844\r\nProcessGuid: {4b2ce92d-c4e1-6abf-6e04-000000001400}\r\nProcessId: 9192\r\nQueryName: ecs.office.com\r\nQueryStatus: 0\r\nQueryResults: type: 5 ecs.office.trafficmanager.net;type: 5 dual-s-0005-office.config.skype.com;type: 5 ecs-office.s-0005.dual-s-msedge.net;type: 5 s-0005.dual-s-msedge.net;::ffff:52.123.128.14;::ffff:52.123.129.14;\r\nImage: C:\\Users\\Darragh Casey\\AppData\\Local\\Microsoft\\OneDrive\\OneDriveStandaloneUpdater.exe\r\nUser: DESKTOP-5OG7C28\\Darragh Casey\""},"eventdata":{"utcTime":"2026-10-02 14:51:19.844","processGuid":"{4b2ce92d-c4e1-6abf-6e04-000000001400}","processId":"9192","queryName":"ecs.office.com","queryStatus":"0","queryResults":"type: 5 ecs.office.trafficmanager.net;type: 5 dual-s-0005-office.config.skype.com;type: 5 ecs-office.s-0005.dual-s-msedge.net;type: 5 s-0005.dual-s-msedge.net;::ffff:52.123.128.14;::ffff:52.123.129.14;","image":"C:\\\\Users\\\\Darragh Casey\\\\AppData\\\\Local\\\\Microsoft\\\\OneDrive\\\\OneDriveStandaloneUpdater.exe","user":"DESKTOP-5OG7C28\\\\Darragh Casey"}}},"location":"EventChannel"}
{"timestamp":"2026-10-02T16:52:11.375+0200","agent":{"id":"000","name":"dcasey-virtual-machine"},"manager":{"name":"dcasey-virtual-machine"},"id":"1790952731.499857","full_log":"Oct 02 14:52:10 dcasey-virtual-machine systemd[1]: Starting Fingerprint Authentication Daemon...","predecoder":{"program_name":"systemd","timestamp":"Oct 02 14:52:10","hostname":"dcasey-virtual-machine"},"decoder":{"name":"systemd"},"location":"journald"}
{"timestamp":"2026-10-02T16:52:11.375+0200","agent":{"id":"000","name":"dcasey-virtual-machine"},"manager":{"name":"dcasey-virtual-machine"},"id":"1790952731.499857","full_log":"Oct 02 14:52:10 dcasey-virtual-machine systemd[1]: Started Fingerprint Authentication Daemon.","predecoder":{"program_name":"systemd","timestamp":"Oct 02 14:52:10","hostname":"dcasey-virtual-machine"},"decoder":{"name":"systemd"},"location":"journald"}
{"timestamp":"2026-10-02T16:52:11.373+0200","agent":{"id":"000","name":"dcasey-virtual-machine"},"manager":{"name":"dcasey-virtual-machine"},"id":"1790952731.499857","full_log":"Oct 02 14:52:10 dcasey-virtual-machine dbus-daemon[832]: [system] Activating via systemd: service name='net.reactivated.Fprint' unit='fprintd.service' requested by ':1.76' (uid=1000 pid=2667 comm=\"/usr/bin/gnome-shell \" label=\"unconfined\")","predecoder":{"program_name":"dbus-daemon","timestamp":"Oct 02 14:52:10","hostname":"dcasey-virtual-machine"},"decoder":{},"location":"journald"}
{"timestamp":"2026-10-02T16:52:11.374+0200","agent":{"id":"000","name":"dcasey-virtual-machine"},"manager":{"name":"dcasey-virtual-machine"},"id":"1790952731.499857","full_log":"Oct 02 14:52:10 dcasey-virtual-machine dbus-daemon[832]: [system] Successfully activated service 'net.reactivated.Fprint'","predecoder":{"program_name":"dbus-daemon","timestamp":"Oct 02 14:52:10","hostname":"dcasey-virtual-machine"},"decoder":{},"location":"journald"}
{"timestamp":"2026-10-02T16:52:11.380+0200","rule":{"level":2,"description":"Unknown problem somewhere in the system.","id":"1002","firedtimes":10,"mail":false,"groups":["syslog","errors"],"gpg13":["4.3"]},"agent":{"id":"000","name":"dcasey-virtual-machine"},"manager":{"name":"dcasey-virtual-machine"},"id":"1790952731.499857","full_log":"Oct 02 14:52:10 dcasey-virtual-machine unknown[2667]: JS ERROR: Failed to initialize fprintd service: Gio.IOErrorEnum: GDBus.Error:net.reactivated.Fprint.Error.NoSuchDevice: No devices available\nasyncCallback@resource:///org/gnome/gjs/modules/core/overrides/Gio.js:114:23\n","predecoder":{"program_name":"unknown","timestamp":"Oct 02 14:52:10","hostname":"dcasey-virtual-machine"},"decoder":{},"location":"journald"}
{"timestamp":"2026-10-02T16:52:15.371+0200","agent":{"id":"000","name":"dcasey-virtual-machine"},"manager":{"name":"dcasey-virtual-machine"},"id":"1790952735.499857","full_log":"Oct 02 14:52:14 dcasey-virtual-machine NetworkManager[834]: <info>  [1790952734.0122] agent-manager: agent[4f669be798a4bfcb,:1.76/org.gnome.Shell.NetworkAgent/1000]: agent registered","predecoder":{"program_name":"NetworkManager","timestamp":"Oct 02 14:52:14","hostname":"dcasey-virtual-machine"},"decoder":{},"location":"journald"}
{"timestamp":"2026-10-02T16:52:15.375+0200","agent":{"id":"000","name":"dcasey-virtual-machine"},"manager":{"name":"dcasey-virtual-machine"},"id":"1790952735.499857","full_log":"Oct 02 14:52:14 dcasey-virtual-machine gnome-shell[2667]: Window manager warning: Overwriting existing binding of keysym 31 with keysym 31 (keycode a).","predecoder":{"program_name":"gnome-shell","timestamp":"Oct 02 14:52:14","hostname":"dcasey-virtual-machine"},"decoder":{},"location":"journald"}
{"timestamp":"2026-10-02T16:52:15.375+0200","agent":{"id":"000","name":"dcasey-virtual-machine"},"manager":{"name":"dcasey-virtual-machine"},"id":"1790952735.499857","full_log":"Oct 02 14:52:14 dcasey-virtual-machine gnome-shell[2667]: Window manager warning: Overwriting existing binding of keysym 33 with keysym 33 (keycode c).","predecoder":{"program_name":"gnome-shell","timestamp":"Oct 02 14:52:14","hostname":"dcasey-virtual-machine"},"decoder":{},"location":"journald"}
{"timestamp":"2026-10-02T16:52:15.372+0200","agent":{"id":"000","name":"dcasey-virtual-machine"},"manager":{"name":"dcasey-virtual-machine"},"id":"1790952735.499857","full_log":"Oct 02 14:52:14 dcasey-virtual-machine ubuntu-appindicators@ubuntu.com[2667]: unable to update icon for livepatch","predecoder":{"program_name":"ubuntu-appindicators@ubuntu.com","timestamp":"Oct 02 14:52:14","hostname":"dcasey-virtual-machine"},"decoder":{},"location":"journald"}
{"timestamp":"2026-10-02T16:52:15.377+0200","agent":{"id":"000","name":"dcasey-virtual-machine"},"manager":{"name":"dcasey-virtual-machine"},"id":"1790952735.499857","full_log":"Oct 02 14:52:14 dcasey-virtual-machine gnome-shell[2667]: Window manager warning: Overwriting existing binding of keysym 35 with keysym 35 (keycode e).","predecoder":{"program_name":"gnome-shell","timestamp":"Oct 02 14:52:14","hostname":"dcasey-virtual-machine"},"decoder":{},"location":"journald"}
{"timestamp":"2026-10-02T16:52:15.375+0200","agent":{"id":"000","name":"dcasey-virtual-machine"},"manager":{"name":"dcasey-virtual-machine"},"id":"1790952735.499857","full_log":"Oct 02 14:52:14 dcasey-virtual-machine gnome-shell[2667]: Window manager warning: Overwriting existing binding of keysym 34 with keysym 34 (keycode d).","predecoder":{"program_name":"gnome-shell","timestamp":"Oct 02 14:52:14","hostname":"dcasey-virtual-machine"},"decoder":{},"location":"journald"}
{"timestamp":"2026-10-02T16:52:15.375+0200","agent":{"id":"000","name":"dcasey-virtual-machine"},"manager":{"name":"dcasey-virtual-machine"},"id":"1790952735.499857","full_log":"Oct 02 14:52:14 dcasey-virtual-machine gnome-shell[2667]: Window manager warning: Overwriting existing binding of keysym 32 with keysym 32 (keycode b).","predecoder":{"program_name":"gnome-shell","timestamp":"Oct 02 14:52:14","hostname":"dcasey-virtual-machine"},"decoder":{},"location":"journald"}
{"timestamp":"2026-10-02T16:52:15.371+0200","agent":{"id":"000","name":"dcasey-virtual-machine"},"manager":{"name":"dcasey-virtual-machine"},"id":"1790952735.499857","full_log":"Oct 02 14:52:14 dcasey-virtual-machine ubuntu-appindicators@ubuntu.com[2667]: unable to update icon for software-update-available","predecoder":{"program_name":"ubuntu-appindicators@ubuntu.com","timestamp":"Oct 02 14:52:14","hostname":"dcasey-virtual-machine"},"decoder":{},"location":"journald"}
{"timestamp":"2026-10-02T16:52:15.377+0200","agent":{"id":"000","name":"dcasey-virtual-machine"},"manager":{"name":"dcasey-virtual-machine"},"id":"1790952735.499857","full_log":"Oct 02 14:52:14 dcasey-virtual-machine gnome-shell[2667]: Window manager warning: Overwriting existing binding of keysym 36 with keysym 36 (keycode f).","predecoder":{"program_name":"gnome-shell","timestamp":"Oct 02 14:52:14","hostname":"dcasey-virtual-machine"},"decoder":{},"location":"journald"}
{"timestamp":"2026-10-02T16:52:15.377+0200","agent":{"id":"000","name":"dcasey-virtual-machine"},"manager":{"name":"dcasey-virtual-machine"},"id":"1790952735.499857","full_log":"Oct 02 14:52:14 dcasey-virtual-machine gnome-shell[2667]: Window manager warning: Overwriting existing binding of keysym 38 with keysym 38 (keycode 11).","predecoder":{"program_name":"gnome-shell","timestamp":"Oct 02 14:52:14","hostname":"dcasey-virtual-machine"},"decoder":{},"location":"journald"}
{"timestamp":"2026-10-02T16:52:15.377+0200","agent":{"id":"000","name":"dcasey-virtual-machine"},"manager":{"name":"dcasey-virtual-machine"},"id":"1790952735.499857","full_log":"Oct 02 14:52:14 dcasey-virtual-machine gnome-shell[2667]: Window manager warning: Overwriting existing binding of keysym 39 with keysym 39 (keycode 12).","predecoder":{"program_name":"gnome-shell","timestamp":"Oct 02 14:52:14","hostname":"dcasey-virtual-machine"},"decoder":{},"location":"journald"}
{"timestamp":"2026-10-02T16:52:15.377+0200","agent":{"id":"000","name":"dcasey-virtual-machine"},"manager":{"name":"dcasey-virtual-machine"},"id":"1790952735.499857","full_log":"Oct 02 14:52:14 dcasey-virtual-machine gnome-shell[2667]: Window manager warning: Overwriting existing binding of keysym 37 with keysym 37 (keycode 10).","predecoder":{"program_name":"gnome-shell","timestamp":"Oct 02 14:52:14","hostname":"dcasey-virtual-machine"},"decoder":{},"location":"journald"}
{"timestamp":"2026-10-02T16:52:15.371+0200","agent":{"id":"000","name":"dcasey-virtual-machine"},"manager":{"name":"dcasey-virtual-machine"},"id":"1790952735.499857","full_log":"Oct 02 14:52:13 dcasey-virtual-machine gdm-password][13556]: gkr-pam: unlocked login keyring","predecoder":{"timestamp":"Oct 02 14:52:13","hostname":"dcasey-virtual-machine"},"decoder":{},"location":"journald"}
{"timestamp":"2026-10-02T16:52:17.372+0200","agent":{"id":"000","name":"dcasey-virtual-machine"},"manager":{"name":"dcasey-virtual-machine"},"id":"1790952737.499857","full_log":"Oct 02 14:52:16 dcasey-virtual-machine gnome-shell[2667]: DING: Detected async api for thumbnails","predecoder":{"program_name":"gnome-shell","timestamp":"Oct 02 14:52:16","hostname":"dcasey-virtual-machine"},"decoder":{},"location":"journald"}
{"timestamp":"2026-10-02T16:52:17.372+0200","agent":{"id":"000","name":"dcasey-virtual-machine"},"manager":{"name":"dcasey-virtual-machine"},"id":"1790952737.499857","full_log":"Oct 02 14:52:16 dcasey-virtual-machine gnome-shell[2667]: DING: GNOME nautilus 42.6","predecoder":{"program_name":"gnome-shell","timestamp":"Oct 02 14:52:16","hostname":"dcasey-virtual-machine"},"decoder":{},"location":"journald"}
{"timestamp":"2026-10-02T16:52:17.372+0200","agent":{"id":"000","name":"dcasey-virtual-machine"},"manager":{"name":"dcasey-virtual-machine"},"id":"1790952737.499857","full_log":"Oct 02 14:52:16 dcasey-virtual-machine dbus-daemon[2294]: [session uid=1000 pid=2294] Successfully activated service 'org.gnome.ArchiveManager1'","predecoder":{"program_name":"dbus-daemon","timestamp":"Oct 02 14:52:16","hostname":"dcasey-virtual-machine"},"decoder":{},"location":"journald"}
{"timestamp":"2026-10-02T16:52:17.372+0200","agent":{"id":"000","name":"dcasey-virtual-machine"},"manager":{"name":"dcasey-virtual-machine"},"id":"1790952737.499857","full_log":"Oct 02 14:52:15 dcasey-virtual-machine dbus-daemon[2294]: [session uid=1000 pid=2294] Activating service name='org.gnome.ArchiveManager1' requested by ':1.161' (uid=1000 pid=13566 comm=\"gjs /usr/share/gnome-shell/extensions/ding@rasters\" label=\"unconfined\")","predecoder":{"program_name":"dbus-daemon","timestamp":"Oct 02 14:52:15","hostname":"dcasey-virtual-machine"},"decoder":{},"location":"journald"}
{"timestamp":"2026-10-02T16:52:23.375+0200","agent":{"id":"000","name":"dcasey-virtual-machine"},"manager":{"name":"dcasey-virtual-machine"},"id":"1790952743.499857","full_log":"ossec: output: 'df -P': tmpfs                 5120         4      5116       1% /run/lock","decoder":{"name":"ossec"},"location":"df -P"}
{"timestamp":"2026-10-02T16:52:23.375+0200","agent":{"id":"000","name":"dcasey-virtual-machine"},"manager":{"name":"dcasey-virtual-machine"},"id":"1790952743.499857","full_log":"ossec: output: 'df -P': tmpfs              4041956        80   4041876       1% /dev/shm","decoder":{"name":"ossec"},"location":"df -P"}
{"timestamp":"2026-10-02T16:52:23.374+0200","agent":{"id":"000","name":"dcasey-virtual-machine"},"manager":{"name":"dcasey-virtual-machine"},"id":"1790952743.499857","full_log":"ossec: output: 'df -P': Filesystem     1024-blocks      Used Available Capacity Mounted on","decoder":{"name":"ossec"},"location":"df -P"}
{"timestamp":"2026-10-02T16:52:23.375+0200","agent":{"id":"000","name":"dcasey-virtual-machine"},"manager":{"name":"dcasey-virtual-machine"},"id":"1790952743.499857","full_log":"ossec: output: 'df -P': tmpfs               808388       100    808288       1% /run/user/1000","decoder":{"name":"ossec"},"location":"df -P"}
{"timestamp":"2026-10-02T16:52:23.374+0200","agent":{"id":"000","name":"dcasey-virtual-machine"},"manager":{"name":"dcasey-virtual-machine"},"id":"1790952743.499857","full_log":"ossec: output: 'df -P': tmpfs               808392      2024    806368       1% /run","decoder":{"name":"ossec"},"location":"df -P"}
{"timestamp":"2026-10-02T16:52:23.375+0200","agent":{"id":"000","name":"dcasey-virtual-machine"},"manager":{"name":"dcasey-virtual-machine"},"id":"1790952743.499857","full_log":"ossec: output: 'df -P': /dev/sr0            160192    160192         0     100% /media/dcasey/CDROM","decoder":{"name":"ossec"},"location":"df -P"}
{"timestamp":"2026-10-02T16:52:23.376+0200","agent":{"id":"000","name":"dcasey-virtual-machine"},"manager":{"name":"dcasey-virtual-machine"},"id":"1790952743.499857","full_log":"ossec: output: 'df -P': /dev/sr1           4651082   4651082         0     100% /media/dcasey/Ubuntu 22.04.5 LTS amd64","decoder":{"name":"ossec"},"location":"df -P"}
{"timestamp":"2026-10-02T16:52:23.375+0200","agent":{"id":"000","name":"dcasey-virtual-machine"},"manager":{"name":"dcasey-virtual-machine"},"id":"1790952743.499857","full_log":"ossec: output: 'df -P': /dev/sda3         50902716  26350892  22255152      55% /","decoder":{"name":"ossec"},"location":"df -P"}
{"timestamp":"2026-10-02T16:52:23.375+0200","agent":{"id":"000","name":"dcasey-virtual-machine"},"manager":{"name":"dcasey-virtual-machine"},"id":"1790952743.499857","full_log":"ossec: output: 'df -P': vmhgfs-fuse      998991868 453089648 545902220      46% /mnt/hgfs","decoder":{"name":"ossec"},"location":"df -P"}
{"timestamp":"2026-10-02T16:52:23.375+0200","agent":{"id":"000","name":"dcasey-virtual-machine"},"manager":{"name":"dcasey-virtual-machine"},"id":"1790952743.499857","full_log":"ossec: output: 'df -P': /dev/sda2           524252      6232    518020       2% /boot/efi","decoder":{"name":"ossec"},"location":"df -P"}
{"timestamp":"2026-10-02T16:52:23.382+0200","agent":{"id":"000","name":"dcasey-virtual-machine"},"manager":{"name":"dcasey-virtual-machine"},"id":"1790952743.499857","full_log":"ossec: output: 'last -n 20':\ndcasey   tty2         tty2             Thu Oct  1 16:57    gone - no logout\nreboot   system boot  6.8.0-138-generi Thu Oct  1 16:56   still running\ndcasey   tty2         tty2             Sun Sep 27 13:36 - crash (4+03:20)\nreboot   system boot  6.8.0-138-generi Sun Sep 27 13:35   still running\ndcasey   tty2         tty2             Fri Sep 25 16:46 - down  (1+20:47)\nreboot   system boot  6.8.0-138-generi Fri Sep 25 16:15 - 13:34 (1+21:19)\ndcasey   tty2         tty2             Thu Sep 10 12:16 - crash (15+03:58)\nreboot   system boot  6.8.0-138-generi Thu Sep 10 12:12 - 13:34 (17+01:21)\ndcasey   tty2         tty2             Tue Sep  8 16:20 - crash (1+19:52)\nreboot   system boot  6.8.0-138-generi Tue Sep  8 16:17 - 13:34 (18+21:17)\ndcasey   tty2         tty2             Mon Sep  7 15:46 - down   (06:10)\nreboot   system boot  6.8.0-138-generi Mon Sep  7 15:44 - 21:56  (06:11)\ndcasey   tty2         tty2             Mon Sep  7 12:16 - down   (03:06)\nreboot   system boot  6.8.0-138-generi Mon Sep  7 12:16 - 15:23  (03:06)\ndcasey   tty2         tty2             Mon Sep  7 11:49 - down   (00:26)\nreboot   system boot  6.8.0-138-generi Mon Sep  7 11:48 - 12:15  (00:26)\ndcasey   tty2         tty2             Mon Sep  7 10:55 - down   (00:52)\nreboot   system boot  6.8.0-138-generi Mon Sep  7 10:54 - 11:47  (00:53)\ndcasey   tty2         tty2             Fri Sep  4 13:07 - down  (2+08:17)\nreboot   system boot  6.8.0-138-generi Fri Sep  4 13:06 - 21:25 (2+08:19)\nwtmp begins Tue Sep  1 11:03:38 2026","decoder":{"name":"ossec"},"location":"last -n 20"}
{"timestamp":"2026-10-02T16:52:30.528+0200","agent":{"id":"001","name":"Windows_VM","ip":"192.168.232.130"},"manager":{"name":"dcasey-virtual-machine"},"id":"1790952750.499857","full_log":"{\"win\":{\"system\":{\"providerName\":\"Microsoft-Windows-Sysmon\",\"providerGuid\":\"{5770385f-c22a-43e0-bf4c-06f5698ffbd9}\",\"eventID\":\"5\",\"version\":\"3\",\"level\":\"4\",\"task\":\"5\",\"opcode\":\"0\",\"keywords\":\"0x8000000000000000\",\"systemTime\":\"2026-10-02T14:52:29.5565008Z\",\"eventRecordID\":\"15233\",\"processID\":\"3504\",\"threadID\":\"4956\",\"channel\":\"Microsoft-Windows-Sysmon/Operational\",\"computer\":\"DESKTOP-5OG7C28\",\"severityValue\":\"INFORMATION\",\"message\":\"\\\"Process terminated:\\r\\nRuleName: -\\r\\nUtcTime: 2026-10-02 14:52:29.556\\r\\nProcessGuid: {4b2ce92d-c4e1-6abf-6e04-000000001400}\\r\\nProcessId: 9192\\r\\nImage: C:\\\\Users\\\\Darragh Casey\\\\AppData\\\\Local\\\\Microsoft\\\\OneDrive\\\\OneDriveStandaloneUpdater.exe\\r\\nUser: DESKTOP-5OG7C28\\\\Darragh Casey\\\"\"},\"eventdata\":{\"utcTime\":\"2026-10-02 14:52:29.556\",\"processGuid\":\"{4b2ce92d-c4e1-6abf-6e04-000000001400}\",\"processId\":\"9192\",\"image\":\"C:\\\\\\\\Users\\\\\\\\Darragh Casey\\\\\\\\AppData\\\\\\\\Local\\\\\\\\Microsoft\\\\\\\\OneDrive\\\\\\\\OneDriveStandaloneUpdater.exe\",\"user\":\"DESKTOP-5OG7C28\\\\\\\\Darragh Casey\"}}}","decoder":{"name":"windows_eventchannel"},"data":{"win":{"system":{"providerName":"Microsoft-Windows-Sysmon","providerGuid":"{5770385f-c22a-43e0-bf4c-06f5698ffbd9}","eventID":"5","version":"3","level":"4","task":"5","opcode":"0","keywords":"0x8000000000000000","systemTime":"2026-10-02T14:52:29.5565008Z","eventRecordID":"15233","processID":"3504","threadID":"4956","channel":"Microsoft-Windows-Sysmon/Operational","computer":"DESKTOP-5OG7C28","severityValue":"INFORMATION","message":"\"Process terminated:\r\nRuleName: -\r\nUtcTime: 2026-10-02 14:52:29.556\r\nProcessGuid: {4b2ce92d-c4e1-6abf-6e04-000000001400}\r\nProcessId: 9192\r\nImage: C:\\Users\\Darragh Casey\\AppData\\Local\\Microsoft\\OneDrive\\OneDriveStandaloneUpdater.exe\r\nUser: DESKTOP-5OG7C28\\Darragh Casey\""},"eventdata":{"utcTime":"2026-10-02 14:52:29.556","processGuid":"{4b2ce92d-c4e1-6abf-6e04-000000001400}","processId":"9192","image":"C:\\\\Users\\\\Darragh Casey\\\\AppData\\\\Local\\\\Microsoft\\\\OneDrive\\\\OneDriveStandaloneUpdater.exe","user":"DESKTOP-5OG7C28\\\\Darragh Casey"}}},"location":"EventChannel"}
{"timestamp":"2026-10-02T16:52:41.397+0200","agent":{"id":"000","name":"dcasey-virtual-machine"},"manager":{"name":"dcasey-virtual-machine"},"id":"1790952761.499857","full_log":"Oct 02 14:52:41 dcasey-virtual-machine systemd[1]: fprintd.service: Deactivated successfully.","predecoder":{"program_name":"systemd","timestamp":"Oct 02 14:52:41","hostname":"dcasey-virtual-machine"},"decoder":{"name":"systemd"},"location":"journald"}
{"timestamp":"2026-10-02T16:53:00.762+0200","agent":{"id":"001","name":"Windows_VM","ip":"192.168.232.130"},"manager":{"name":"dcasey-virtual-machine"},"id":"1790952780.499857","full_log":"{\"win\":{\"system\":{\"providerName\":\"Microsoft-Windows-Sysmon\",\"providerGuid\":\"{5770385f-c22a-43e0-bf4c-06f5698ffbd9}\",\"eventID\":\"1\",\"version\":\"5\",\"level\":\"4\",\"task\":\"1\",\"opcode\":\"0\",\"keywords\":\"0x8000000000000000\",\"systemTime\":\"2026-10-02T14:52:59.7973686Z\",\"eventRecordID\":\"15234\",\"processID\":\"3504\",\"threadID\":\"4956\",\"channel\":\"Microsoft-Windows-Sysmon/Operational\",\"computer\":\"DESKTOP-5OG7C28\",\"severityValue\":\"INFORMATION\",\"message\":\"\\\"Process Create:\\r\\nRuleName: -\\r\\nUtcTime: 2026-10-02 14:52:59.793\\r\\nProcessGuid: {4b2ce92d-c54b-6abf-7004-000000001400}\\r\\nProcessId: 2576\\r\\nImage: C:\\\\Windows\\\\System32\\\\HOSTNAME.EXE\\r\\nFileVersion: 10.0.26100.9278 (WinBuild.160101.0800)\\r\\nDescription: Hostname APP\\r\\nProduct: Microsoft® Windows® Operating System\\r\\nCompany: Microsoft Corporation\\r\\nOriginalFileName: hostname.exe\\r\\nCommandLine: \\\"C:\\\\WINDOWS\\\\system32\\\\HOSTNAME.EXE\\\"\\r\\nCurrentDirectory: C:\\\\Users\\\\Darragh Casey\\\\Desktop\\\\T1059.003\\\\\\r\\nUser: DESKTOP-5OG7C28\\\\Darragh Casey\\r\\nLogonGuid: {4b2ce92d-826e-6abe-6d8d-0a0000000000}\\r\\nLogonId: 0xA8D6D\\r\\nTerminalSessionId: 1\\r\\nIntegrityLevel: High\\r\\nHashes: MD5=C405D49FB634C366EF63246D2319AF49,SHA256=22EC2260B5C32177F7D14A33975E1005988BBA0DF3427CC8B47CEC671D3F2A1F,IMPHASH=8CB84C534505B1E47EF25FA2CD9A16BB\\r\\nParentProcessGuid: {00000000-0000-0000-0000-000000000000}\\r\\nParentProcessId: 4408\\r\\nParentImage: -\\r\\nParentCommandLine: -\\r\\nParentUser: -\\\"\"},\"eventdata\":{\"utcTime\":\"2026-10-02 14:52:59.793\",\"processGuid\":\"{4b2ce92d-c54b-6abf-7004-000000001400}\",\"processId\":\"2576\",\"image\":\"C:\\\\\\\\Windows\\\\\\\\System32\\\\\\\\HOSTNAME.EXE\",\"fileVersion\":\"10.0.26100.9278 (WinBuild.160101.0800)\",\"description\":\"Hostname APP\",\"product\":\"Microsoft® Windows® Operating System\",\"company\":\"Microsoft Corporation\",\"originalFileName\":\"hostname.exe\",\"commandLine\":\"\\\\\\\"C:\\\\\\\\WINDOWS\\\\\\\\system32\\\\\\\\HOSTNAME.EXE\\\\\\\"\",\"currentDirectory\":\"C:\\\\\\\\Users\\\\\\\\Darragh Casey\\\\\\\\Desktop\\\\\\\\T1059.003\\\\\\\\\",\"user\":\"DESKTOP-5OG7C28\\\\\\\\Darragh Casey\",\"logonGuid\":\"{4b2ce92d-826e-6abe-6d8d-0a0000000000}\",\"logonId\":\"0xa8d6d\",\"terminalSessionId\":\"1\",\"integrityLevel\":\"High\",\"hashes\":\"MD5=C405D49FB634C366EF63246D2319AF49,SHA256=22EC2260B5C32177F7D14A33975E1005988BBA0DF3427CC8B47CEC671D3F2A1F,IMPHASH=8CB84C534505B1E47EF25FA2CD9A16BB\",\"parentProcessGuid\":\"{00000000-0000-0000-0000-000000000000}\",\"parentProcessId\":\"4408\"}}}","decoder":{"name":"windows_eventchannel"},"data":{"win":{"system":{"providerName":"Microsoft-Windows-Sysmon","providerGuid":"{5770385f-c22a-43e0-bf4c-06f5698ffbd9}","eventID":"1","version":"5","level":"4","task":"1","opcode":"0","keywords":"0x8000000000000000","systemTime":"2026-10-02T14:52:59.7973686Z","eventRecordID":"15234","processID":"3504","threadID":"4956","channel":"Microsoft-Windows-Sysmon/Operational","computer":"DESKTOP-5OG7C28","severityValue":"INFORMATION","message":"\"Process Create:\r\nRuleName: -\r\nUtcTime: 2026-10-02 14:52:59.793\r\nProcessGuid: {4b2ce92d-c54b-6abf-7004-000000001400}\r\nProcessId: 2576\r\nImage: C:\\Windows\\System32\\HOSTNAME.EXE\r\nFileVersion: 10.0.26100.9278 (WinBuild.160101.0800)\r\nDescription: Hostname APP\r\nProduct: Microsoft® Windows® Operating System\r\nCompany: Microsoft Corporation\r\nOriginalFileName: hostname.exe\r\nCommandLine: \"C:\\WINDOWS\\system32\\HOSTNAME.EXE\"\r\nCurrentDirectory: C:\\Users\\Darragh Casey\\Desktop\\T1059.003\\\r\nUser: DESKTOP-5OG7C28\\Darragh Casey\r\nLogonGuid: {4b2ce92d-826e-6abe-6d8d-0a0000000000}\r\nLogonId: 0xA8D6D\r\nTerminalSessionId: 1\r\nIntegrityLevel: High\r\nHashes: MD5=C405D49FB634C366EF63246D2319AF49,SHA256=22EC2260B5C32177F7D14A33975E1005988BBA0DF3427CC8B47CEC671D3F2A1F,IMPHASH=8CB84C534505B1E47EF25FA2CD9A16BB\r\nParentProcessGuid: {00000000-0000-0000-0000-000000000000}\r\nParentProcessId: 4408\r\nParentImage: -\r\nParentCommandLine: -\r\nParentUser: -\""},"eventdata":{"utcTime":"2026-10-02 14:52:59.793","processGuid":"{4b2ce92d-c54b-6abf-7004-000000001400}","processId":"2576","image":"C:\\\\Windows\\\\System32\\\\HOSTNAME.EXE","fileVersion":"10.0.26100.9278 (WinBuild.160101.0800)","description":"Hostname APP","product":"Microsoft® Windows® Operating System","company":"Microsoft Corporation","originalFileName":"hostname.exe","commandLine":"\\\"C:\\\\WINDOWS\\\\system32\\\\HOSTNAME.EXE\\\"","currentDirectory":"C:\\\\Users\\\\Darragh Casey\\\\Desktop\\\\T1059.003\\\\","user":"DESKTOP-5OG7C28\\\\Darragh Casey","logonGuid":"{4b2ce92d-826e-6abe-6d8d-0a0000000000}","logonId":"0xa8d6d","terminalSessionId":"1","integrityLevel":"High","hashes":"MD5=C405D49FB634C366EF63246D2319AF49,SHA256=22EC2260B5C32177F7D14A33975E1005988BBA0DF3427CC8B47CEC671D3F2A1F,IMPHASH=8CB84C534505B1E47EF25FA2CD9A16BB","parentProcessGuid":"{00000000-0000-0000-0000-000000000000}","parentProcessId":"4408"}}},"location":"EventChannel"}
{"timestamp":"2026-10-02T16:53:00.769+0200","agent":{"id":"001","name":"Windows_VM","ip":"192.168.232.130"},"manager":{"name":"dcasey-virtual-machine"},"id":"1790952780.499857","full_log":"{\"win\":{\"system\":{\"providerName\":\"Microsoft-Windows-Sysmon\",\"providerGuid\":\"{5770385f-c22a-43e0-bf4c-06f5698ffbd9}\",\"eventID\":\"1\",\"version\":\"5\",\"level\":\"4\",\"task\":\"1\",\"opcode\":\"0\",\"keywords\":\"0x8000000000000000\",\"systemTime\":\"2026-10-02T14:53:00.0620167Z\",\"eventRecordID\":\"15236\",\"processID\":\"3504\",\"threadID\":\"4956\",\"channel\":\"Microsoft-Windows-Sysmon/Operational\",\"computer\":\"DESKTOP-5OG7C28\",\"severityValue\":\"INFORMATION\",\"message\":\"\\\"Process Create:\\r\\nRuleName: -\\r\\nUtcTime: 2026-10-02 14:53:00.058\\r\\nProcessGuid: {4b2ce92d-c54c-6abf-7204-000000001400}\\r\\nProcessId: 7164\\r\\nImage: C:\\\\Windows\\\\System32\\\\WindowsPowerShell\\\\v1.0\\\\powershell.exe\\r\\nFileVersion: 10.0.26100.9278 (WinBuild.160101.0800)\\r\\nDescription: Windows PowerShell\\r\\nProduct: Microsoft® Windows® Operating System\\r\\nCompany: Microsoft Corporation\\r\\nOriginalFileName: PowerShell.EXE\\r\\nCommandLine: \\\"powershell.exe\\\" & {if (Test-Path \\\\\\\"\\\"C:\\\\AtomicRedTeam\\\\atomics\\\\..\\\\ExternalPayloads\\\\T1059.003_script.bat\\\\\\\"\\\") {exit 0} else {exit 1}}\\r\\nCurrentDirectory: C:\\\\Users\\\\DARRAG~1\\\\AppData\\\\Local\\\\Temp\\\\\\r\\nUser: DESKTOP-5OG7C28\\\\Darragh Casey\\r\\nLogonGuid: {4b2ce92d-826e-6abe-6d8d-0a0000000000}\\r\\nLogonId: 0xA8D6D\\r\\nTerminalSessionId: 1\\r\\nIntegrityLevel: High\\r\\nHashes: MD5=61F649A6FDC374A6BF36C860519E017C,SHA256=8BB6FA8C283B4D92120B1EF249A9B311B0F804D4CABBE9981159976C8BE76A5E,IMPHASH=2F87CE4617F593D7148B739BBF06D059\\r\\nParentProcessGuid: {00000000-0000-0000-0000-000000000000}\\r\\nParentProcessId: 4408\\r\\nParentImage: -\\r\\nParentCommandLine: -\\r\\nParentUser: -\\\"\"},\"eventdata\":{\"utcTime\":\"2026-10-02 14:53:00.058\",\"processGuid\":\"{4b2ce92d-c54c-6abf-7204-000000001400}\",\"processId\":\"7164\",\"image\":\"C:\\\\\\\\Windows\\\\\\\\System32\\\\\\\\WindowsPowerShell\\\\\\\\v1.0\\\\\\\\powershell.exe\",\"fileVersion\":\"10.0.26100.9278 (WinBuild.160101.0800)\",\"description\":\"Windows PowerShell\",\"product\":\"Microsoft® Windows® Operating System\",\"company\":\"Microsoft Corporation\",\"originalFileName\":\"PowerShell.EXE\",\"commandLine\":\"\\\\\\\"powershell.exe\\\\\\\" &amp; {if (Test-Path \\\\\\\\\\\\\\\"\\\\\\\"C:\\\\\\\\AtomicRedTeam\\\\\\\\atomics\\\\\\\\..\\\\\\\\ExternalPayloads\\\\\\\\T1059.003_script.bat\\\\\\\\\\\\\\\"\\\\\\\") {exit 0} else {exit 1}}\",\"currentDirectory\":\"C:\\\\\\\\Users\\\\\\\\DARRAG~1\\\\\\\\AppData\\\\\\\\Local\\\\\\\\Temp\\\\\\\\\",\"user\":\"DESKTOP-5OG7C28\\\\\\\\Darragh Casey\",\"logonGuid\":\"{4b2ce92d-826e-6abe-6d8d-0a0000000000}\",\"logonId\":\"0xa8d6d\",\"terminalSessionId\":\"1\",\"integrityLevel\":\"High\",\"hashes\":\"MD5=61F649A6FDC374A6BF36C860519E017C,SHA256=8BB6FA8C283B4D92120B1EF249A9B311B0F804D4CABBE9981159976C8BE76A5E,IMPHASH=2F87CE4617F593D7148B739BBF06D059\",\"parentProcessGuid\":\"{00000000-0000-0000-0000-000000000000}\",\"parentProcessId\":\"4408\"}}}","decoder":{"name":"windows_eventchannel"},"data":{"win":{"system":{"providerName":"Microsoft-Windows-Sysmon","providerGuid":"{5770385f-c22a-43e0-bf4c-06f5698ffbd9}","eventID":"1","version":"5","level":"4","task":"1","opcode":"0","keywords":"0x8000000000000000","systemTime":"2026-10-02T14:53:00.0620167Z","eventRecordID":"15236","processID":"3504","threadID":"4956","channel":"Microsoft-Windows-Sysmon/Operational","computer":"DESKTOP-5OG7C28","severityValue":"INFORMATION","message":"\"Process Create:\r\nRuleName: -\r\nUtcTime: 2026-10-02 14:53:00.058\r\nProcessGuid: {4b2ce92d-c54c-6abf-7204-000000001400}\r\nProcessId: 7164\r\nImage: C:\\Windows\\System32\\WindowsPowerShell\\v1.0\\powershell.exe\r\nFileVersion: 10.0.26100.9278 (WinBuild.160101.0800)\r\nDescription: Windows PowerShell\r\nProduct: Microsoft® Windows® Operating System\r\nCompany: Microsoft Corporation\r\nOriginalFileName: PowerShell.EXE\r\nCommandLine: \"powershell.exe\" & {if (Test-Path \\\"\"C:\\AtomicRedTeam\\atomics\\..\\ExternalPayloads\\T1059.003_script.bat\\\"\") {exit 0} else {exit 1}}\r\nCurrentDirectory: C:\\Users\\DARRAG~1\\AppData\\Local\\Temp\\\r\nUser: DESKTOP-5OG7C28\\Darragh Casey\r\nLogonGuid: {4b2ce92d-826e-6abe-6d8d-0a0000000000}\r\nLogonId: 0xA8D6D\r\nTerminalSessionId: 1\r\nIntegrityLevel: High\r\nHashes: MD5=61F649A6FDC374A6BF36C860519E017C,SHA256=8BB6FA8C283B4D92120B1EF249A9B311B0F804D4CABBE9981159976C8BE76A5E,IMPHASH=2F87CE4617F593D7148B739BBF06D059\r\nParentProcessGuid: {00000000-0000-0000-0000-000000000000}\r\nParentProcessId: 4408\r\nParentImage: -\r\nParentCommandLine: -\r\nParentUser: -\""},"eventdata":{"utcTime":"2026-10-02 14:53:00.058","processGuid":"{4b2ce92d-c54c-6abf-7204-000000001400}","processId":"7164","image":"C:\\\\Windows\\\\System32\\\\WindowsPowerShell\\\\v1.0\\\\powershell.exe","fileVersion":"10.0.26100.9278 (WinBuild.160101.0800)","description":"Windows PowerShell","product":"Microsoft® Windows® Operating System","company":"Microsoft Corporation","originalFileName":"PowerShell.EXE","commandLine":"\\\"powershell.exe\\\" &amp; {if (Test-Path \\\\\\\"\\\"C:\\\\AtomicRedTeam\\\\atomics\\\\..\\\\ExternalPayloads\\\\T1059.003_script.bat\\\\\\\"\\\") {exit 0} else {exit 1}}","currentDirectory":"C:\\\\Users\\\\DARRAG~1\\\\AppData\\\\Local\\\\Temp\\\\","user":"DESKTOP-5OG7C28\\\\Darragh Casey","logonGuid":"{4b2ce92d-826e-6abe-6d8d-0a0000000000}","logonId":"0xa8d6d","terminalSessionId":"1","integrityLevel":"High","hashes":"MD5=61F649A6FDC374A6BF36C860519E017C,SHA256=8BB6FA8C283B4D92120B1EF249A9B311B0F804D4CABBE9981159976C8BE76A5E,IMPHASH=2F87CE4617F593D7148B739BBF06D059","parentProcessGuid":"{00000000-0000-0000-0000-000000000000}","parentProcessId":"4408"}}},"location":"EventChannel"}
