{"timestamp":"2026-10-02T16:57:03.501+0200","agent":{"id":"000","name":"dcasey-virtual-machine"},"manager":{"name":"dcasey-virtual-machine"},"id":"1790953023.512047","full_log":"Oct 02 14:57:01 dcasey-virtual-machine dbus-daemon[2294]: [session uid=1000 pid=2294] Activating via systemd: service name='org.freedesktop.Tracker3.Miner.Extract' unit='tracker-extract-3.service' requested by ':1.84' (uid=1000 pid=3804 comm=\"/usr/libexec/tracker-miner-fs-3 \" label=\"unconfined\")","predecoder":{"program_name":"dbus-daemon","timestamp":"Oct 02 14:57:01","hostname":"dcasey-virtual-machine"},"decoder":{},"location":"journald"}
{"timestamp":"2026-10-02T16:57:03.502+0200","agent":{"id":"000","name":"dcasey-virtual-machine"},"manager":{"name":"dcasey-virtual-machine"},"id":"1790953023.512047","full_log":"Oct 02 14:57:02 dcasey-virtual-machine systemd[2158]: Started Tracker metadata extractor.","predecoder":{"program_name":"systemd","timestamp":"Oct 02 14:57:02","hostname":"dcasey-virtual-machine"},"decoder":{"name":"systemd"},"location":"journald"}
{"timestamp":"2026-10-02T16:57:03.502+0200","agent":{"id":"000","name":"dcasey-virtual-machine"},"manager":{"name":"dcasey-virtual-machine"},"id":"1790953023.512047","full_log":"Oct 02 14:57:02 dcasey-virtual-machine dbus-daemon[2294]: [session uid=1000 pid=2294] Successfully activated service 'org.freedesktop.Tracker3.Miner.Extract'","predecoder":{"program_name":"dbus-daemon","timestamp":"Oct 02 14:57:02","hostname":"dcasey-virtual-machine"},"decoder":{},"location":"journald"}
{"timestamp":"2026-10-02T16:57:03.502+0200","agent":{"id":"000","name":"dcasey-virtual-machine"},"manager":{"name":"dcasey-virtual-machine"},"id":"1790953023.512047","full_log":"Oct 02 14:57:01 dcasey-virtual-machine systemd[2158]: Starting Tracker metadata extractor...","predecoder":{"program_name":"systemd","timestamp":"Oct 02 14:57:01","hostname":"dcasey-virtual-machine"},"decoder":{"name":"systemd"},"location":"journald"}
{"timestamp":"2026-10-02T16:57:26.863+0200","agent":{"id":"000","name":"dcasey-virtual-machine"},"manager":{"name":"dcasey-virtual-machine"},"id":"1790953046.512047","full_log":"{\"type\":\"policies\",\"policies\":[\"cis_ubuntu22-04\"]}","decoder":{"name":"sca"},"location":"sca"}
{"timestamp":"2026-10-02T16:57:26.853+0200","agent":{"id":"000","name":"dcasey-virtual-machine"},"manager":{"name":"dcasey-virtual-machine"},"id":"1790953046.512047","full_log":"{\"type\":\"summary\",\"scan_id\":1121841596,\"name\":\"CIS Ubuntu Linux 22.04 LTS Benchmark v2.0.0.\",\"policy_id\":\"cis_ubuntu22-04\",\"file\":\"cis_ubuntu22-04.yml\",\"description\":\"This document provides prescriptive guidance for establishing a secure configuration posture for Ubuntu Linux 22.04 LTS based on CIS benchmark for Ubuntu Linux 22.04 LTS.\",\"references\":\"https://www.cisecurity.org/cis-benchmarks/\",\"passed\":80,\"failed\":97,\"invalid\":30,\"total_checks\":207,\"score\":45.197738647460938,\"start_time\":1790953039,\"end_time\":1790953043,\"hash\":\"397c1e059fef0804ecc50292c81a85e4fdba130fdcbe3542c55d9d21cf4aac7e\",\"hash_file\":\"3c703b25e3f87590c65de5b47e5c1dff5b3b66dc13a6cfe40daa83ac0182fb8c\"}","decoder":{"name":"sca"},"location":"sca"}
{"timestamp":"2026-10-02T16:58:23.514+0200","agent":{"id":"000","name":"dcasey-virtual-machine"},"manager":{"name":"dcasey-virtual-machine"},"id":"1790953103.512047","full_log":"ossec: output: 'df -P': Filesystem     1024-blocks      Used Available Capacity Mounted on","decoder":{"name":"ossec"},"location":"df -P"}
{"timestamp":"2026-10-02T16:58:23.515+0200","agent":{"id":"000","name":"dcasey-virtual-machine"},"manager":{"name":"dcasey-virtual-machine"},"id":"1790953103.512047","full_log":"ossec: output: 'df -P': /dev/sda2           524252      6232    518020       2% /boot/efi","decoder":{"name":"ossec"},"location":"df -P"}
{"timestamp":"2026-10-02T16:58:23.514+0200","agent":{"id":"000","name":"dcasey-virtual-machine"},"manager":{"name":"dcasey-virtual-machine"},"id":"1790953103.512047","full_log":"ossec: output: 'df -P': tmpfs              4041956        80   4041876       1% /dev/shm","decoder":{"name":"ossec"},"location":"df -P"}
{"timestamp":"2026-10-02T16:58:23.515+0200","agent":{"id":"000","name":"dcasey-virtual-machine"},"manager":{"name":"dcasey-virtual-machine"},"id":"1790953103.512047","full_log":"ossec: output: 'df -P': tmpfs               808388       100    808288       1% /run/user/1000","decoder":{"name":"ossec"},"location":"df -P"}
{"timestamp":"2026-10-02T16:58:23.515+0200","agent":{"id":"000","name":"dcasey-virtual-machine"},"manager":{"name":"dcasey-virtual-machine"},"id":"1790953103.512047","full_log":"ossec: output: 'df -P': /dev/sr0            160192    160192         0     100% /media/dcasey/CDROM","decoder":{"name":"ossec"},"location":"df -P"}
{"timestamp":"2026-10-02T16:58:23.516+0200","agent":{"id":"000","name":"dcasey-virtual-machine"},"manager":{"name":"dcasey-virtual-machine"},"id":"1790953103.512047","full_log":"ossec: output: 'df -P': /dev/sr1           4651082   4651082         0     100% /media/dcasey/Ubuntu 22.04.5 LTS amd64","decoder":{"name":"ossec"},"location":"df -P"}
{"timestamp":"2026-10-02T16:58:23.514+0200","agent":{"id":"000","name":"dcasey-virtual-machine"},"manager":{"name":"dcasey-virtual-machine"},"id":"1790953103.512047","full_log":"ossec: output: 'df -P': /dev/sda3         50902716  26351120  22254924      55% /","decoder":{"name":"ossec"},"location":"df -P"}
{"timestamp":"2026-10-02T16:58:23.514+0200","agent":{"id":"000","name":"dcasey-virtual-machine"},"manager":{"name":"dcasey-virtual-machine"},"id":"1790953103.512047","full_log":"ossec: output: 'df -P': tmpfs                 5120         4      5116       1% /run/lock","decoder":{"name":"ossec"},"location":"df -P"}
{"timestamp":"2026-10-02T16:58:23.514+0200","agent":{"id":"000","name":"dcasey-virtual-machine"},"manager":{"name":"dcasey-virtual-machine"},"id":"1790953103.512047","full_log":"ossec: output: 'df -P': tmpfs               808392      2008    806384       1% /run","decoder":{"name":"ossec"},"location":"df -P"}
{"timestamp":"2026-10-02T16:58:23.518+0200","agent":{"id":"000","name":"dcasey-virtual-machine"},"manager":{"name":"dcasey-virtual-machine"},"id":"1790953103.512047","full_log":"ossec: output: 'df -P': vmhgfs-fuse      998991868 453096908 545894960      46% /mnt/hgfs","decoder":{"name":"ossec"},"location":"df -P"}
{"timestamp":"2026-10-02T16:58:23.540+0200","agent":{"id":"000","name":"dcasey-virtual-machine"},"manager":{"name":"dcasey-virtual-machine"},"id":"1790953103.512047","full_log":"ossec: output: 'last -n 20':\ndcasey   tty2         tty2             Thu Oct  1 16:57    gone - no logout\nreboot   system boot  6.8.0-138-generi Thu Oct  1 16:56   still running\ndcasey   tty2         tty2             Sun Sep 27 13:36 - crash (4+03:20)\nreboot   system boot  6.8.0-138-generi Sun Sep 27 13:35   still running\ndcasey   tty2         tty2             Fri Sep 25 16:46 - down  (1+20:47)\nreboot   system boot  6.8.0-138-generi Fri Sep 25 16:15 - 13:34 (1+21:19)\ndcasey   tty2         tty2             Thu Sep 10 12:16 - crash (15+03:58)\nreboot   system boot  6.8.0-138-generi Thu Sep 10 12:12 - 13:34 (17+01:21)\ndcasey   tty2         tty2             Tue Sep  8 16:20 - crash (1+19:52)\nreboot   system boot  6.8.0-138-generi Tue Sep  8 16:17 - 13:34 (18+21:17)\ndcasey   tty2         tty2             Mon Sep  7 15:46 - down   (06:10)\nreboot   system boot  6.8.0-138-generi Mon Sep  7 15:44 - 21:56  (06:11)\ndcasey   tty2         tty2             Mon Sep  7 12:16 - down   (03:06)\nreboot   system boot  6.8.0-138-generi Mon Sep  7 12:16 - 15:23  (03:06)\ndcasey   tty2         tty2             Mon Sep  7 11:49 - down   (00:26)\nreboot   system boot  6.8.0-138-generi Mon Sep  7 11:48 - 12:15  (00:26)\ndcasey   tty2         tty2             Mon Sep  7 10:55 - down   (00:52)\nreboot   system boot  6.8.0-138-generi Mon Sep  7 10:54 - 11:47  (00:53)\ndcasey   tty2         tty2             Fri Sep  4 13:07 - down  (2+08:17)\nreboot   system boot  6.8.0-138-generi Fri Sep  4 13:06 - 21:25 (2+08:19)\nwtmp begins Tue Sep  1 11:03:38 2026","decoder":{"name":"ossec"},"location":"last -n 20"}
{"timestamp":"2026-10-02T16:58:35.543+0200","agent":{"id":"000","name":"dcasey-virtual-machine"},"manager":{"name":"dcasey-virtual-machine"},"id":"1790953115.512047","full_log":"Oct 02 14:58:34 dcasey-virtual-machine NetworkManager[834]: <info>  [1790953114.1110] dhcp4 (ens33): state changed new lease, address=192.168.232.129","predecoder":{"program_name":"NetworkManager","timestamp":"Oct 02 14:58:34","hostname":"dcasey-virtual-machine"},"decoder":{},"location":"journald"}
{"timestamp":"2026-10-02T16:59:43.166+0200","agent":{"id":"001","name":"Windows_VM","ip":"192.168.232.130"},"manager":{"name":"dcasey-virtual-machine"},"id":"1790953183.512047","full_log":"{\"win\":{\"system\":{\"providerName\":\"Microsoft-Windows-Sysmon\",\"providerGuid\":\"{5770385f-c22a-43e0-bf4c-06f5698ffbd9}\",\"eventID\":\"1\",\"version\":\"5\",\"level\":\"4\",\"task\":\"1\",\"opcode\":\"0\",\"keywords\":\"0x8000000000000000\",\"systemTime\":\"2026-10-02T14:59:42.2269389Z\",\"eventRecordID\":\"15252\",\"processID\":\"3504\",\"threadID\":\"4956\",\"channel\":\"Microsoft-Windows-Sysmon/Operational\",\"computer\":\"DESKTOP-5OG7C28\",\"severityValue\":\"INFORMATION\",\"message\":\"\\\"Process Create:\\r\\nRuleName: -\\r\\nUtcTime: 2026-10-02 14:59:42.223\\r\\nProcessGuid: {4b2ce92d-c6de-6abf-8304-000000001400}\\r\\nProcessId: 6496\\r\\nImage: C:\\\\Windows\\\\UUS\\\\amd64\\\\MoUsoCoreWorker.exe\\r\\nFileVersion: 1509.2608.11022.0\\r\\nDescription: MoUSO Core Worker Process\\r\\nProduct: Microsoft® Windows® Operating System\\r\\nCompany: Microsoft Corporation\\r\\nOriginalFileName: MoUSOCoreWorker.exe\\r\\nCommandLine: \\\"C:\\\\WINDOWS\\\\uus\\\\AMD64\\\\MoUsoCoreWorker.exe\\\" useprivatenamespaces\\r\\nCurrentDirectory: C:\\\\WINDOWS\\\\system32\\\\\\r\\nUser: NT AUTHORITY\\\\SYSTEM\\r\\nLogonGuid: {4b2ce92d-824a-6abe-e703-000000000000}\\r\\nLogonId: 0x3E7\\r\\nTerminalSessionId: 0\\r\\nIntegrityLevel: System\\r\\nHashes: MD5=CAC872010E2ABE5E5090E7E3A0EED549,SHA256=C3848A3136ACD302B13A0D930B2C7E7A44CCC31D5D5758FD55F06C178731383B,IMPHASH=6FD201EF140EA230B8153D94C2A4D885\\r\\nParentProcessGuid: {00000000-0000-0000-0000-000000000000}\\r\\nParentProcessId: 2688\\r\\nParentImage: -\\r\\nParentCommandLine: -\\r\\nParentUser: -\\\"\"},\"eventdata\":{\"utcTime\":\"2026-10-02 14:59:42.223\",\"processGuid\":\"{4b2ce92d-c6de-6abf-8304-000000001400}\",\"processId\":\"6496\",\"image\":\"C:\\\\\\\\Windows\\\\\\\\UUS\\\\\\\\amd64\\\\\\\\MoUsoCoreWorker.exe\",\"fileVersion\":\"1509.2608.11022.0\",\"description\":\"MoUSO Core Worker Process\",\"product\":\"Microsoft® Windows® Operating System\",\"company\":\"Microsoft Corporation\",\"originalFileName\":\"MoUSOCoreWorker.exe\",\"commandLine\":\"\\\\\\\"C:\\\\\\\\WINDOWS\\\\\\\\uus\\\\\\\\AMD64\\\\\\\\MoUsoCoreWorker.exe\\\\\\\" useprivatenamespaces\",\"currentDirectory\":\"C:\\\\\\\\WINDOWS\\\\\\\\system32\\\\\\\\\",\"user\":\"NT AUTHORITY\\\\\\\\SYSTEM\",\"logonGuid\":\"{4b2ce92d-824a-6abe-e703-000000000000}\",\"logonId\":\"0x3e7\",\"terminalSessionId\":\"0\",\"integrityLevel\":\"System\",\"hashes\":\"MD5=CAC872010E2ABE5E5090E7E3A0EED549,SHA256=C3848A3136ACD302B13A0D930B2C7E7A44CCC31D5D5758FD55F06C178731383B,IMPHASH=6FD201EF140EA230B8153D94C2A4D885\",\"parentProcessGuid\":\"{00000000-0000-0000-0000-000000000000}\",\"parentProcessId\":\"2688\"}}}","decoder":{"name":"windows_eventchannel"},"data":{"win":{"system":{"providerName":"Microsoft-Windows-Sysmon","providerGuid":"{5770385f-c22a-43e0-bf4c-06f5698ffbd9}","eventID":"1","version":"5","level":"4","task":"1","opcode":"0","keywords":"0x8000000000000000","systemTime":"2026-10-02T14:59:42.2269389Z","eventRecordID":"15252","processID":"3504","threadID":"4956","channel":"Microsoft-Windows-Sysmon/Operational","computer":"DESKTOP-5OG7C28","severityValue":"INFORMATION","message":"\"Process Create:\r\nRuleName: -\r\nUtcTime: 2026-10-02 14:59:42.223\r\nProcessGuid: {4b2ce92d-c6de-6abf-8304-000000001400}\r\nProcessId: 6496\r\nImage: C:\\Windows\\UUS\\amd64\\MoUsoCoreWorker.exe\r\nFileVersion: 1509.2608.11022.0\r\nDescription: MoUSO Core Worker Process\r\nProduct: Microsoft® Windows® Operating System\r\nCompany: Microsoft Corporation\r\nOriginalFileName: MoUSOCoreWorker.exe\r\nCommandLine: \"C:\\WINDOWS\\uus\\AMD64\\MoUsoCoreWorker.exe\" useprivatenamespaces\r\nCurrentDirectory: C:\\WINDOWS\\system32\\\r\nUser: NT AUTHORITY\\SYSTEM\r\nLogonGuid: {4b2ce92d-824a-6abe-e703-000000000000}\r\nLogonId: 0x3E7\r\nTerminalSessionId: 0\r\nIntegrityLevel: System\r\nHashes: MD5=CAC872010E2ABE5E5090E7E3A0EED549,SHA256=C3848A3136ACD302B13A0D930B2C7E7A44CCC31D5D5758FD55F06C178731383B,IMPHASH=6FD201EF140EA230B8153D94C2A4D885\r\nParentProcessGuid: {00000000-0000-0000-0000-000000000000}\r\nParentProcessId: 2688\r\nParentImage: -\r\nParentCommandLine: -\r\nParentUser: -\""},"eventdata":{"utcTime":"2026-10-02 14:59:42.223","processGuid":"{4b2ce92d-c6de-6abf-8304-000000001400}","processId":"6496","image":"C:\\\\Windows\\\\UUS\\\\amd64\\\\MoUsoCoreWorker.exe","fileVersion":"1509.2608.11022.0","description":"MoUSO Core Worker Process","product":"Microsoft® Windows® Operating System","company":"Microsoft Corporation","originalFileName":"MoUSOCoreWorker.exe","commandLine":"\\\"C:\\\\WINDOWS\\\\uus\\\\AMD64\\\\MoUsoCoreWorker.exe\\\" useprivatenamespaces","currentDirectory":"C:\\\\WINDOWS\\\\system32\\\\","user":"NT AUTHORITY\\\\SYSTEM","logonGuid":"{4b2ce92d-824a-6abe-e703-000000000000}","logonId":"0x3e7","terminalSessionId":"0","integrityLevel":"System","hashes":"MD5=CAC872010E2ABE5E5090E7E3A0EED549,SHA256=C3848A3136ACD302B13A0D930B2C7E7A44CCC31D5D5758FD55F06C178731383B,IMPHASH=6FD201EF140EA230B8153D94C2A4D885","parentProcessGuid":"{00000000-0000-0000-0000-000000000000}","parentProcessId":"2688"}}},"location":"EventChannel"}
{"timestamp":"2026-10-02T17:00:03.570+0200","agent":{"id":"000","name":"dcasey-virtual-machine"},"manager":{"name":"dcasey-virtual-machine"},"id":"1790953203.512047","full_log":"Oct 02 15:00:02 dcasey-virtual-machine opensearch-dashboards[877]: {\"type\":\"log\",\"@timestamp\":\"2026-10-02T15:00:02Z\",\"tags\":[\"info\",\"plugins\",\"wazuh\",\"monitoring\"],\"pid\":877,\"message\":\"Settings added to wazuh-monitoring-2026.40w index\"}","predecoder":{"program_name":"opensearch-dashboards","timestamp":"Oct 02 15:00:02","hostname":"dcasey-virtual-machine"},"decoder":{},"location":"journald"}
{"timestamp":"2026-10-02T17:00:03.570+0200","agent":{"id":"000","name":"dcasey-virtual-machine"},"manager":{"name":"dcasey-virtual-machine"},"id":"1790953203.512047","full_log":"Oct 02 15:00:02 dcasey-virtual-machine opensearch-dashboards[877]: {\"type\":\"log\",\"@timestamp\":\"2026-10-02T15:00:02Z\",\"tags\":[\"info\",\"plugins\",\"wazuh\",\"monitoring\"],\"pid\":877,\"message\":\"Bulk data to index wazuh-monitoring-2026.40w for 1 agents completed\"}","predecoder":{"program_name":"opensearch-dashboards","timestamp":"Oct 02 15:00:02","hostname":"dcasey-virtual-machine"},"decoder":{},"location":"journald"}
{"timestamp":"2026-10-02T17:00:42.342+0200","agent":{"id":"001","name":"Windows_VM","ip":"192.168.232.130"},"manager":{"name":"dcasey-virtual-machine"},"id":"1790953242.512047","full_log":"{\"win\":{\"system\":{\"providerName\":\"Microsoft-Windows-Kernel-Power\",\"providerGuid\":\"{331c3b3a-2005-44c2-ac5e-77220c37d6b4}\",\"eventID\":\"566\",\"version\":\"0\",\"level\":\"4\",\"task\":\"268\",\"opcode\":\"0\",\"keywords\":\"0x8000000000000604\",\"systemTime\":\"2026-10-02T15:00:41.4000598Z\",\"eventRecordID\":\"3020\",\"processID\":\"4\",\"threadID\":\"6060\",\"channel\":\"System\",\"computer\":\"DESKTOP-5OG7C28\",\"severityValue\":\"INFORMATION\",\"message\":\"\\\"The system session has transitioned from 15 to 16.\\r\\n\\r\\nReason SessionUnlock \\r\\n\\r\\nBootId: 20\\\"\"},\"eventdata\":{\"bootId\":\"20\",\"reason\":\"12\",\"previousSessionId\":\"15\",\"previousSessionType\":\"0\",\"previousSessionDurationInUs\":\"1922931082\",\"previousEnergyCapacityAtStart\":\"0\",\"previousFullEnergyCapacityAtStart\":\"0\",\"previousEnergyCapacityAtEnd\":\"0\",\"previousFullEnergyCapacityAtEnd\":\"0\",\"nextSessionId\":\"16\",\"nextSessionType\":\"1\",\"powerStateAc\":\"true\",\"monitorReason\":\"12\"}}}","decoder":{"name":"windows_eventchannel"},"data":{"win":{"system":{"providerName":"Microsoft-Windows-Kernel-Power","providerGuid":"{331c3b3a-2005-44c2-ac5e-77220c37d6b4}","eventID":"566","version":"0","level":"4","task":"268","opcode":"0","keywords":"0x8000000000000604","systemTime":"2026-10-02T15:00:41.4000598Z","eventRecordID":"3020","processID":"4","threadID":"6060","channel":"System","computer":"DESKTOP-5OG7C28","severityValue":"INFORMATION","message":"\"The system session has transitioned from 15 to 16.\r\n\r\nReason SessionUnlock \r\n\r\nBootId: 20\""},"eventdata":{"bootId":"20","reason":"12","previousSessionId":"15","previousSessionType":"0","previousSessionDurationInUs":"1922931082","previousEnergyCapacityAtStart":"0","previousFullEnergyCapacityAtStart":"0","previousEnergyCapacityAtEnd":"0","previousFullEnergyCapacityAtEnd":"0","nextSessionId":"16","nextSessionType":"1","powerStateAc":"true","monitorReason":"12"}}},"location":"EventChannel"}
{"timestamp":"2026-10-02T17:01:12.407+0200","agent":{"id":"001","name":"Windows_VM","ip":"192.168.232.130"},"manager":{"name":"dcasey-virtual-machine"},"id":"1790953272.512047","full_log":"{\"win\":{\"system\":{\"providerName\":\"Microsoft-Windows-Sysmon\",\"providerGuid\":\"{5770385f-c22a-43e0-bf4c-06f5698ffbd9}\",\"eventID\":\"1\",\"version\":\"5\",\"level\":\"4\",\"task\":\"1\",\"opcode\":\"0\",\"keywords\":\"0x8000000000000000\",\"systemTime\":\"2026-10-02T15:01:11.4716469Z\",\"eventRecordID\":\"15253\",\"processID\":\"3504\",\"threadID\":\"4956\",\"channel\":\"Microsoft-Windows-Sysmon/Operational\",\"computer\":\"DESKTOP-5OG7C28\",\"severityValue\":\"INFORMATION\",\"message\":\"\\\"Process Create:\\r\\nRuleName: -\\r\\nUtcTime: 2026-10-02 15:01:11.466\\r\\nProcessGuid: {4b2ce92d-c737-6abf-8404-000000001400}\\r\\nProcessId: 3944\\r\\nImage: C:\\\\Windows\\\\ImmersiveControlPanel\\\\SystemSettings.exe\\r\\nFileVersion: 10.0.26100.9278 (WinBuild.160101.0800)\\r\\nDescription: Settings\\r\\nProduct: Microsoft® Windows® Operating System\\r\\nCompany: Microsoft Corporation\\r\\nOriginalFileName: SystemSettings.exe\\r\\nCommandLine: \\\"C:\\\\Windows\\\\ImmersiveControlPanel\\\\SystemSettings.exe\\\" -ServerName:microsoft.windows.immersivecontrolpanel\\r\\nCurrentDirectory: C:\\\\Windows\\\\ImmersiveControlPanel\\\\\\r\\nUser: DESKTOP-5OG7C28\\\\Darragh Casey\\r\\nLogonGuid: {4b2ce92d-826e-6abe-a98d-0a0000000000}\\r\\nLogonId: 0xA8DA9\\r\\nTerminalSessionId: 1\\r\\nIntegrityLevel: Medium\\r\\nHashes: MD5=057079DD8BBB53E40D2899503E902592,SHA256=11382F7EFAC4978063F568F06FE90AF38F136FBE975CCE39D13667BD288B71C9,IMPHASH=AC97060BFD665F2F8A38B5C8340BDFD0\\r\\nParentProcessGuid: {00000000-0000-0000-0000-000000000000}\\r\\nParentProcessId: 952\\r\\nParentImage: -\\r\\nParentCommandLine: -\\r\\nParentUser: -\\\"\"},\"eventdata\":{\"utcTime\":\"2026-10-02 15:01:11.466\",\"processGuid\":\"{4b2ce92d-c737-6abf-8404-000000001400}\",\"processId\":\"3944\",\"image\":\"C:\\\\\\\\Windows\\\\\\\\ImmersiveControlPanel\\\\\\\\SystemSettings.exe\",\"fileVersion\":\"10.0.26100.9278 (WinBuild.160101.0800)\",\"description\":\"Settings\",\"product\":\"Microsoft® Windows® Operating System\",\"company\":\"Microsoft Corporation\",\"originalFileName\":\"SystemSettings.exe\",\"commandLine\":\"\\\\\\\"C:\\\\\\\\Windows\\\\\\\\ImmersiveControlPanel\\\\\\\\SystemSettings.exe\\\\\\\" -ServerName:microsoft.windows.immersivecontrolpanel\",\"currentDirectory\":\"C:\\\\\\\\Windows\\\\\\\\ImmersiveControlPanel\\\\\\\\\",\"user\":\"DESKTOP-5OG7C28\\\\\\\\Darragh Casey\",\"logonGuid\":\"{4b2ce92d-826e-6abe-a98d-0a0000000000}\",\"logonId\":\"0xa8da9\",\"terminalSessionId\":\"1\",\"integrityLevel\":\"Medium\",\"hashes\":\"MD5=057079DD8BBB53E40D2899503E902592,SHA256=11382F7EFAC4978063F568F06FE90AF38F136FBE975CCE39D13667BD288B71C9,IMPHASH=AC97060BFD665F2F8A38B5C8340BDFD0\",\"parentProcessGuid\":\"{00000000-0000-0000-0000-000000000000}\",\"parentProcessId\":\"952\"}}}","decoder":{"name":"windows_eventchannel"},"data":{"win":{"system":{"providerName":"Microsoft-Windows-Sysmon","providerGuid":"{5770385f-c22a-43e0-bf4c-06f5698ffbd9}","eventID":"1","version":"5","level":"4","task":"1","opcode":"0","keywords":"0x8000000000000000","systemTime":"2026-10-02T15:01:11.4716469Z","eventRecordID":"15253","processID":"3504","threadID":"4956","channel":"Microsoft-Windows-Sysmon/Operational","computer":"DESKTOP-5OG7C28","severityValue":"INFORMATION","message":"\"Process Create:\r\nRuleName: -\r\nUtcTime: 2026-10-02 15:01:11.466\r\nProcessGuid: {4b2ce92d-c737-6abf-8404-000000001400}\r\nProcessId: 3944\r\nImage: C:\\Windows\\ImmersiveControlPanel\\SystemSettings.exe\r\nFileVersion: 10.0.26100.9278 (WinBuild.160101.0800)\r\nDescription: Settings\r\nProduct: Microsoft® Windows® Operating System\r\nCompany: Microsoft Corporation\r\nOriginalFileName: SystemSettings.exe\r\nCommandLine: \"C:\\Windows\\ImmersiveControlPanel\\SystemSettings.exe\" -ServerName:microsoft.windows.immersivecontrolpanel\r\nCurrentDirectory: C:\\Windows\\ImmersiveControlPanel\\\r\nUser: DESKTOP-5OG7C28\\Darragh Casey\r\nLogonGuid: {4b2ce92d-826e-6abe-a98d-0a0000000000}\r\nLogonId: 0xA8DA9\r\nTerminalSessionId: 1\r\nIntegrityLevel: Medium\r\nHashes: MD5=057079DD8BBB53E40D2899503E902592,SHA256=11382F7EFAC4978063F568F06FE90AF38F136FBE975CCE39D13667BD288B71C9,IMPHASH=AC97060BFD665F2F8A38B5C8340BDFD0\r\nParentProcessGuid: {00000000-0000-0000-0000-000000000000}\r\nParentProcessId: 952\r\nParentImage: -\r\nParentCommandLine: -\r\nParentUser: -\""},"eventdata":{"utcTime":"2026-10-02 15:01:11.466","processGuid":"{4b2ce92d-c737-6abf-8404-000000001400}","processId":"3944","image":"C:\\\\Windows\\\\ImmersiveControlPanel\\\\SystemSettings.exe","fileVersion":"10.0.26100.9278 (WinBuild.160101.0800)","description":"Settings","product":"Microsoft® Windows® Operating System","company":"Microsoft Corporation","originalFileName":"SystemSettings.exe","commandLine":"\\\"C:\\\\Windows\\\\ImmersiveControlPanel\\\\SystemSettings.exe\\\" -ServerName:microsoft.windows.immersivecontrolpanel","currentDirectory":"C:\\\\Windows\\\\ImmersiveControlPanel\\\\","user":"DESKTOP-5OG7C28\\\\Darragh Casey","logonGuid":"{4b2ce92d-826e-6abe-a98d-0a0000000000}","logonId":"0xa8da9","terminalSessionId":"1","integrityLevel":"Medium","hashes":"MD5=057079DD8BBB53E40D2899503E902592,SHA256=11382F7EFAC4978063F568F06FE90AF38F136FBE975CCE39D13667BD288B71C9,IMPHASH=AC97060BFD665F2F8A38B5C8340BDFD0","parentProcessGuid":"{00000000-0000-0000-0000-000000000000}","parentProcessId":"952"}}},"location":"EventChannel"}
{"timestamp":"2026-10-02T17:01:13.015+0200","agent":{"id":"001","name":"Windows_VM","ip":"192.168.232.130"},"manager":{"name":"dcasey-virtual-machine"},"id":"1790953273.512047","full_log":"{\"win\":{\"system\":{\"providerName\":\"Microsoft-Windows-Security-Auditing\",\"providerGuid\":\"{54849625-5478-4994-a5ba-3e3b0328c30d}\",\"eventID\":\"4624\",\"version\":\"3\",\"level\":\"0\",\"task\":\"12544\",\"opcode\":\"0\",\"keywords\":\"0x8020000000000000\",\"systemTime\":\"2026-10-02T15:01:12.0851138Z\",\"eventRecordID\":\"54209\",\"processID\":\"820\",\"threadID\":\"10712\",\"channel\":\"Security\",\"computer\":\"DESKTOP-5OG7C28\",\"severityValue\":\"AUDIT_SUCCESS\",\"message\":\"\\\"An account was successfully logged on.\\r\\n\\r\\nSubject:\\r\\n\\tSecurity ID:\\t\\tS-1-5-18\\r\\n\\tAccount Name:\\t\\tDESKTOP-5OG7C28$\\r\\n\\tAccount Domain:\\t\\tWORKGROUP\\r\\n\\tLogon ID:\\t\\t0x3E7\\r\\n\\r\\nLogon Information:\\r\\n\\tLogon Type:\\t\\t5\\r\\n\\tRestricted Admin Mode:\\t-\\r\\n\\tRemote Credential Guard:\\t-\\r\\n\\tVirtual Account:\\t\\tNo\\r\\n\\tElevated Token:\\t\\tYes\\r\\n\\r\\nImpersonation Level:\\t\\tImpersonation\\r\\n\\r\\nNew Logon:\\r\\n\\tSecurity ID:\\t\\tS-1-5-18\\r\\n\\tAccount Name:\\t\\tSYSTEM\\r\\n\\tAccount Domain:\\t\\tNT AUTHORITY\\r\\n\\tLogon ID:\\t\\t0x3E7\\r\\n\\tLinked Logon ID:\\t\\t0x0\\r\\n\\tNetwork Account Name:\\t-\\r\\n\\tNetwork Account Domain:\\t-\\r\\n\\tLogon GUID:\\t\\t{00000000-0000-0000-0000-000000000000}\\r\\n\\r\\nProcess Information:\\r\\n\\tProcess ID:\\t\\t0x32c\\r\\n\\tProcess Name:\\t\\tC:\\\\Windows\\\\System32\\\\services.exe\\r\\n\\r\\nNetwork Information:\\r\\n\\tWorkstation Name:\\t-\\r\\n\\tSource Network Address:\\t-\\r\\n\\tSource Port:\\t\\t-\\r\\n\\r\\nDetailed Authentication Information:\\r\\n\\tLogon Process:\\t\\tAdvapi  \\r\\n\\tAuthentication Package:\\tNegotiate\\r\\n\\tTransited Services:\\t-\\r\\n\\tPackage Name (NTLM only):\\t-\\r\\n\\tKey Length:\\t\\t0\\r\\n\\r\\nThis event is generated when a logon session is created. It is generated on the computer that was accessed.\\r\\n\\r\\nThe subject fields indicate the account on the local system which requested the logon. This is most commonly a service such as the Server service, or a local process such as Winlogon.exe or Services.exe.\\r\\n\\r\\nThe logon type field indicates the kind of logon that occurred. The most common types are 2 (interactive) and 3 (network).\\r\\n\\r\\nThe New Logon fields indicate the account for whom the new logon was created, i.e. the account that was logged on.\\r\\n\\r\\nThe network fields indicate where a remote logon request originated. Workstation name is not always available and may be left blank in some cases.\\r\\n\\r\\nThe impersonation level field indicates the extent to which a process in the logon session can impersonate.\\r\\n\\r\\nThe authentication information fields provide detailed information about this specific logon request.\\r\\n\\t- Logon GUID is a unique identifier that can be used to correlate this event with a KDC event.\\r\\n\\t- Transited services indicate which intermediate services have participated in this logon request.\\r\\n\\t- Package name indicates which sub-protocol was used among the NTLM protocols.\\r\\n\\t- Key length indicates the length of the generated session key. This will be 0 if no session key was requested.\\\"\"},\"eventdata\":{\"subjectUserSid\":\"S-1-5-18\",\"subjectUserName\":\"DESKTOP-5OG7C28$\",\"subjectDomainName\":\"WORKGROUP\",\"subjectLogonId\":\"0x3e7\",\"targetUserSid\":\"S-1-5-18\",\"targetUserName\":\"SYSTEM\",\"targetDomainName\":\"NT AUTHORITY\",\"targetLogonId\":\"0x3e7\",\"logonType\":\"5\",\"logonProcessName\":\"Advapi\",\"authenticationPackageName\":\"Negotiate\",\"logonGuid\":\"{00000000-0000-0000-0000-000000000000}\",\"keyLength\":\"0\",\"processId\":\"0x32c\",\"processName\":\"C:\\\\\\\\Windows\\\\\\\\System32\\\\\\\\services.exe\",\"impersonationLevel\":\"%%1833\",\"virtualAccount\":\"%%1843\",\"targetLinkedLogonId\":\"0x0\",\"elevatedToken\":\"%%1842\"}}}","decoder":{"name":"windows_eventchannel"},"data":{"win":{"system":{"providerName":"Microsoft-Windows-Security-Auditing","providerGuid":"{54849625-5478-4994-a5ba-3e3b0328c30d}","eventID":"4624","version":"3","level":"0","task":"12544","opcode":"0","keywords":"0x8020000000000000","systemTime":"2026-10-02T15:01:12.0851138Z","eventRecordID":"54209","processID":"820","threadID":"10712","channel":"Security","computer":"DESKTOP-5OG7C28","severityValue":"AUDIT_SUCCESS","message":"\"An account was successfully logged on.\r\n\r\nSubject:\r\n\tSecurity ID:\t\tS-1-5-18\r\n\tAccount Name:\t\tDESKTOP-5OG7C28$\r\n\tAccount Domain:\t\tWORKGROUP\r\n\tLogon ID:\t\t0x3E7\r\n\r\nLogon Information:\r\n\tLogon Type:\t\t5\r\n\tRestricted Admin Mode:\t-\r\n\tRemote Credential Guard:\t-\r\n\tVirtual Account:\t\tNo\r\n\tElevated Token:\t\tYes\r\n\r\nImpersonation Level:\t\tImpersonation\r\n\r\nNew Logon:\r\n\tSecurity ID:\t\tS-1-5-18\r\n\tAccount Name:\t\tSYSTEM\r\n\tAccount Domain:\t\tNT AUTHORITY\r\n\tLogon ID:\t\t0x3E7\r\n\tLinked Logon ID:\t\t0x0\r\n\tNetwork Account Name:\t-\r\n\tNetwork Account Domain:\t-\r\n\tLogon GUID:\t\t{00000000-0000-0000-0000-000000000000}\r\n\r\nProcess Information:\r\n\tProcess ID:\t\t0x32c\r\n\tProcess Name:\t\tC:\\Windows\\System32\\services.exe\r\n\r\nNetwork Information:\r\n\tWorkstation Name:\t-\r\n\tSource Network Address:\t-\r\n\tSource Port:\t\t-\r\n\r\nDetailed Authentication Information:\r\n\tLogon Process:\t\tAdvapi  \r\n\tAuthentication Package:\tNegotiate\r\n\tTransited Services:\t-\r\n\tPackage Name (NTLM only):\t-\r\n\tKey Length:\t\t0\r\n\r\nThis event is generated when a logon session is created. It is generated on the computer that was accessed.\r\n\r\nThe subject fields indicate the account on the local system which requested the logon. This is most commonly a service such as the Server service, or a local process such as Winlogon.exe or Services.exe.\r\n\r\nThe logon type field indicates the kind of logon that occurred. The most common types are 2 (interactive) and 3 (network).\r\n\r\nThe New Logon fields indicate the account for whom the new logon was created, i.e. the account that was logged on.\r\n\r\nThe network fields indicate where a remote logon request originated. Workstation name is not always available and may be left blank in some cases.\r\n\r\nThe impersonation level field indicates the extent to which a process in the logon session can impersonate.\r\n\r\nThe authentication information fields provide detailed information about this specific logon request.\r\n\t- Logon GUID is a unique identifier that can be used to correlate this event with a KDC event.\r\n\t- Transited services indicate which intermediate services have participated in this logon request.\r\n\t- Package name indicates which sub-protocol was used among the NTLM protocols.\r\n\t- Key length indicates the length of the generated session key. This will be 0 if no session key was requested.\""},"eventdata":{"subjectUserSid":"S-1-5-18","subjectUserName":"DESKTOP-5OG7C28$","subjectDomainName":"WORKGROUP","subjectLogonId":"0x3e7","targetUserSid":"S-1-5-18","targetUserName":"SYSTEM","targetDomainName":"NT AUTHORITY","targetLogonId":"0x3e7","logonType":"5","logonProcessName":"Advapi","authenticationPackageName":"Negotiate","logonGuid":"{00000000-0000-0000-0000-000000000000}","keyLength":"0","processId":"0x32c","processName":"C:\\\\Windows\\\\System32\\\\services.exe","impersonationLevel":"%%1833","virtualAccount":"%%1843","targetLinkedLogonId":"0x0","elevatedToken":"%%1842"}}},"location":"EventChannel"}
{"timestamp":"2026-10-02T17:01:13.018+0200","agent":{"id":"001","name":"Windows_VM","ip":"192.168.232.130"},"manager":{"name":"dcasey-virtual-machine"},"id":"1790953273.512047","full_log":"{\"win\":{\"system\":{\"providerName\":\"Microsoft-Windows-Security-Auditing\",\"providerGuid\":\"{54849625-5478-4994-a5ba-3e3b0328c30d}\",\"eventID\":\"4672\",\"version\":\"0\",\"level\":\"0\",\"task\":\"12548\",\"opcode\":\"0\",\"keywords\":\"0x8020000000000000\",\"systemTime\":\"2026-10-02T15:01:12.0851251Z\",\"eventRecordID\":\"54210\",\"processID\":\"820\",\"threadID\":\"10712\",\"channel\":\"Security\",\"computer\":\"DESKTOP-5OG7C28\",\"severityValue\":\"AUDIT_SUCCESS\",\"message\":\"\\\"Special privileges assigned to new logon.\\r\\n\\r\\nSubject:\\r\\n\\tSecurity ID:\\t\\tS-1-5-18\\r\\n\\tAccount Name:\\t\\tSYSTEM\\r\\n\\tAccount Domain:\\t\\tNT AUTHORITY\\r\\n\\tLogon ID:\\t\\t0x3E7\\r\\n\\r\\nPrivileges:\\t\\tSeAssignPrimaryTokenPrivilege\\r\\n\\t\\t\\tSeTcbPrivilege\\r\\n\\t\\t\\tSeSecurityPrivilege\\r\\n\\t\\t\\tSeTakeOwnershipPrivilege\\r\\n\\t\\t\\tSeLoadDriverPrivilege\\r\\n\\t\\t\\tSeBackupPrivilege\\r\\n\\t\\t\\tSeRestorePrivilege\\r\\n\\t\\t\\tSeDebugPrivilege\\r\\n\\t\\t\\tSeAuditPrivilege\\r\\n\\t\\t\\tSeSystemEnvironmentPrivilege\\r\\n\\t\\t\\tSeImpersonatePrivilege\\r\\n\\t\\t\\tSeDelegateSessionUserImpersonatePrivilege\\\"\"},\"eventdata\":{\"subjectUserSid\":\"S-1-5-18\",\"subjectUserName\":\"SYSTEM\",\"subjectDomainName\":\"NT AUTHORITY\",\"subjectLogonId\":\"0x3e7\",\"privilegeList\":\"SeAssignPrimaryTokenPrivilege     SeTcbPrivilege     SeSecurityPrivilege     SeTakeOwnershipPrivilege     SeLoadDriverPrivilege     SeBackupPrivilege     SeRestorePrivilege     SeDebugPrivilege     SeAuditPrivilege     SeSystemEnvironmentPrivilege     SeImpersonatePrivilege     SeDelegateSessionUserImpersonatePrivilege\"}}}","decoder":{"name":"windows_eventchannel"},"data":{"win":{"system":{"providerName":"Microsoft-Windows-Security-Auditing","providerGuid":"{54849625-5478-4994-a5ba-3e3b0328c30d}","eventID":"4672","version":"0","level":"0","task":"12548","opcode":"0","keywords":"0x8020000000000000","systemTime":"2026-10-02T15:01:12.0851251Z","eventRecordID":"54210","processID":"820","threadID":"10712","channel":"Security","computer":"DESKTOP-5OG7C28","severityValue":"AUDIT_SUCCESS","message":"\"Special privileges assigned to new logon.\r\n\r\nSubject:\r\n\tSecurity ID:\t\tS-1-5-18\r\n\tAccount Name:\t\tSYSTEM\r\n\tAccount Domain:\t\tNT AUTHORITY\r\n\tLogon ID:\t\t0x3E7\r\n\r\nPrivileges:\t\tSeAssignPrimaryTokenPrivilege\r\n\t\t\tSeTcbPrivilege\r\n\t\t\tSeSecurityPrivilege\r\n\t\t\tSeTakeOwnershipPrivilege\r\n\t\t\tSeLoadDriverPrivilege\r\n\t\t\tSeBackupPrivilege\r\n\t\t\tSeRestorePrivilege\r\n\t\t\tSeDebugPrivilege\r\n\t\t\tSeAuditPrivilege\r\n\t\t\tSeSystemEnvironmentPrivilege\r\n\t\t\tSeImpersonatePrivilege\r\n\t\t\tSeDelegateSessionUserImpersonatePrivilege\""},"eventdata":{"subjectUserSid":"S-1-5-18","subjectUserName":"SYSTEM","subjectDomainName":"NT AUTHORITY","subjectLogonId":"0x3e7","privilegeList":"SeAssignPrimaryTokenPrivilege     SeTcbPrivilege     SeSecurityPrivilege     SeTakeOwnershipPrivilege     SeLoadDriverPrivilege     SeBackupPrivilege     SeRestorePrivilege     SeDebugPrivilege     SeAuditPrivilege     SeSystemEnvironmentPrivilege     SeImpersonatePrivilege     SeDelegateSessionUserImpersonatePrivilege"}}},"location":"EventChannel"}
{"timestamp":"2026-10-02T17:01:13.991+0200","agent":{"id":"001","name":"Windows_VM","ip":"192.168.232.130"},"manager":{"name":"dcasey-virtual-machine"},"id":"1790953273.512047","full_log":"{\"win\":{\"system\":{\"providerName\":\"Microsoft-Windows-Sysmon\",\"providerGuid\":\"{5770385f-c22a-43e0-bf4c-06f5698ffbd9}\",\"eventID\":\"1\",\"version\":\"5\",\"level\":\"4\",\"task\":\"1\",\"opcode\":\"0\",\"keywords\":\"0x8000000000000000\",\"systemTime\":\"2026-10-02T15:01:13.0708567Z\",\"eventRecordID\":\"15254\",\"processID\":\"3504\",\"threadID\":\"4956\",\"channel\":\"Microsoft-Windows-Sysmon/Operational\",\"computer\":\"DESKTOP-5OG7C28\",\"severityValue\":\"INFORMATION\",\"message\":\"\\\"Process Create:\\r\\nRuleName: -\\r\\nUtcTime: 2026-10-02 15:01:13.068\\r\\nProcessGuid: {4b2ce92d-c739-6abf-8604-000000001400}\\r\\nProcessId: 6588\\r\\nImage: C:\\\\Windows\\\\UUS\\\\amd64\\\\MoUsoCoreWorker.exe\\r\\nFileVersion: 1509.2608.11022.0\\r\\nDescription: MoUSO Core Worker Process\\r\\nProduct: Microsoft® Windows® Operating System\\r\\nCompany: Microsoft Corporation\\r\\nOriginalFileName: MoUSOCoreWorker.exe\\r\\nCommandLine: \\\"C:\\\\WINDOWS\\\\uus\\\\AMD64\\\\MoUsoCoreWorker.exe\\\" useprivatenamespaces\\r\\nCurrentDirectory: C:\\\\WINDOWS\\\\system32\\\\\\r\\nUser: NT AUTHORITY\\\\SYSTEM\\r\\nLogonGuid: {4b2ce92d-824a-6abe-e703-000000000000}\\r\\nLogonId: 0x3E7\\r\\nTerminalSessionId: 0\\r\\nIntegrityLevel: System\\r\\nHashes: MD5=CAC872010E2ABE5E5090E7E3A0EED549,SHA256=C3848A3136ACD302B13A0D930B2C7E7A44CCC31D5D5758FD55F06C178731383B,IMPHASH=6FD201EF140EA230B8153D94C2A4D885\\r\\nParentProcessGuid: {00000000-0000-0000-0000-000000000000}\\r\\nParentProcessId: 2688\\r\\nParentImage: -\\r\\nParentCommandLine: -\\r\\nParentUser: -\\\"\"},\"eventdata\":{\"utcTime\":\"2026-10-02 15:01:13.068\",\"processGuid\":\"{4b2ce92d-c739-6abf-8604-000000001400}\",\"processId\":\"6588\",\"image\":\"C:\\\\\\\\Windows\\\\\\\\UUS\\\\\\\\amd64\\\\\\\\MoUsoCoreWorker.exe\",\"fileVersion\":\"1509.2608.11022.0\",\"description\":\"MoUSO Core Worker Process\",\"product\":\"Microsoft® Windows® Operating System\",\"company\":\"Microsoft Corporation\",\"originalFileName\":\"MoUSOCoreWorker.exe\",\"commandLine\":\"\\\\\\\"C:\\\\\\\\WINDOWS\\\\\\\\uus\\\\\\\\AMD64\\\\\\\\MoUsoCoreWorker.exe\\\\\\\" useprivatenamespaces\",\"currentDirectory\":\"C:\\\\\\\\WINDOWS\\\\\\\\system32\\\\\\\\\",\"user\":\"NT AUTHORITY\\\\\\\\SYSTEM\",\"logonGuid\":\"{4b2ce92d-824a-6abe-e703-000000000000}\",\"logonId\":\"0x3e7\",\"terminalSessionId\":\"0\",\"integrityLevel\":\"System\",\"hashes\":\"MD5=CAC872010E2ABE5E5090E7E3A0EED549,SHA256=C3848A3136ACD302B13A0D930B2C7E7A44CCC31D5D5758FD55F06C178731383B,IMPHASH=6FD201EF140EA230B8153D94C2A4D885\",\"parentProcessGuid\":\"{00000000-0000-0000-0000-000000000000}\",\"parentProcessId\":\"2688\"}}}","decoder":{"name":"windows_eventchannel"},"data":{"win":{"system":{"providerName":"Microsoft-Windows-Sysmon","providerGuid":"{5770385f-c22a-43e0-bf4c-06f5698ffbd9}","eventID":"1","version":"5","level":"4","task":"1","opcode":"0","keywords":"0x8000000000000000","systemTime":"2026-10-02T15:01:13.0708567Z","eventRecordID":"15254","processID":"3504","threadID":"4956","channel":"Microsoft-Windows-Sysmon/Operational","computer":"DESKTOP-5OG7C28","severityValue":"INFORMATION","message":"\"Process Create:\r\nRuleName: -\r\nUtcTime: 2026-10-02 15:01:13.068\r\nProcessGuid: {4b2ce92d-c739-6abf-8604-000000001400}\r\nProcessId: 6588\r\nImage: C:\\Windows\\UUS\\amd64\\MoUsoCoreWorker.exe\r\nFileVersion: 1509.2608.11022.0\r\nDescription: MoUSO Core Worker Process\r\nProduct: Microsoft® Windows® Operating System\r\nCompany: Microsoft Corporation\r\nOriginalFileName: MoUSOCoreWorker.exe\r\nCommandLine: \"C:\\WINDOWS\\uus\\AMD64\\MoUsoCoreWorker.exe\" useprivatenamespaces\r\nCurrentDirectory: C:\\WINDOWS\\system32\\\r\nUser: NT AUTHORITY\\SYSTEM\r\nLogonGuid: {4b2ce92d-824a-6abe-e703-000000000000}\r\nLogonId: 0x3E7\r\nTerminalSessionId: 0\r\nIntegrityLevel: System\r\nHashes: MD5=CAC872010E2ABE5E5090E7E3A0EED549,SHA256=C3848A3136ACD302B13A0D930B2C7E7A44CCC31D5D5758FD55F06C178731383B,IMPHASH=6FD201EF140EA230B8153D94C2A4D885\r\nParentProcessGuid: {00000000-0000-0000-0000-000000000000}\r\nParentProcessId: 2688\r\nParentImage: -\r\nParentCommandLine: -\r\nParentUser: -\""},"eventdata":{"utcTime":"2026-10-02 15:01:13.068","processGuid":"{4b2ce92d-c739-6abf-8604-000000001400}","processId":"6588","image":"C:\\\\Windows\\\\UUS\\\\amd64\\\\MoUsoCoreWorker.exe","fileVersion":"1509.2608.11022.0","description":"MoUSO Core Worker Process","product":"Microsoft® Windows® Operating System","company":"Microsoft Corporation","originalFileName":"MoUSOCoreWorker.exe","commandLine":"\\\"C:\\\\WINDOWS\\\\uus\\\\AMD64\\\\MoUsoCoreWorker.exe\\\" useprivatenamespaces","currentDirectory":"C:\\\\WINDOWS\\\\system32\\\\","user":"NT AUTHORITY\\\\SYSTEM","logonGuid":"{4b2ce92d-824a-6abe-e703-000000000000}","logonId":"0x3e7","terminalSessionId":"0","integrityLevel":"System","hashes":"MD5=CAC872010E2ABE5E5090E7E3A0EED549,SHA256=C3848A3136ACD302B13A0D930B2C7E7A44CCC31D5D5758FD55F06C178731383B,IMPHASH=6FD201EF140EA230B8153D94C2A4D885","parentProcessGuid":"{00000000-0000-0000-0000-000000000000}","parentProcessId":"2688"}}},"location":"EventChannel"}
{"timestamp":"2026-10-02T17:03:35.655+0200","rule":{"level":2,"description":"Unknown problem somewhere in the system.","id":"1002","firedtimes":1,"mail":false,"groups":["syslog","errors"],"gpg13":["4.3"]},"agent":{"id":"000","name":"dcasey-virtual-machine"},"manager":{"name":"dcasey-virtual-machine"},"id":"1790953415.512047","full_log":"Oct 02 15:03:35 dcasey-virtual-machine unknown[5419]: gtk_widget_get_scale_factor: assertion 'GTK_IS_WIDGET (widget)' failed","predecoder":{"program_name":"unknown","timestamp":"Oct 02 15:03:35","hostname":"dcasey-virtual-machine"},"decoder":{},"location":"journald"}
{"timestamp":"2026-10-02T17:03:35.656+0200","rule":{"level":2,"description":"Unknown problem somewhere in the system.","id":"1002","firedtimes":2,"mail":false,"groups":["syslog","errors"],"gpg13":["4.3"]},"agent":{"id":"000","name":"dcasey-virtual-machine"},"manager":{"name":"dcasey-virtual-machine"},"id":"1790953415.512047","full_log":"Oct 02 15:03:35 dcasey-virtual-machine unknown[5419]: gtk_widget_get_scale_factor: assertion 'GTK_IS_WIDGET (widget)' failed","predecoder":{"program_name":"unknown","timestamp":"Oct 02 15:03:35","hostname":"dcasey-virtual-machine"},"decoder":{},"location":"journald"}
{"timestamp":"2026-10-02T17:04:23.752+0200","agent":{"id":"000","name":"dcasey-virtual-machine"},"manager":{"name":"dcasey-virtual-machine"},"id":"1790953463.512047","full_log":"ossec: output: 'df -P': tmpfs               808392      2004    806388       1% /run","decoder":{"name":"ossec"},"location":"df -P"}
{"timestamp":"2026-10-02T17:04:23.752+0200","agent":{"id":"000","name":"dcasey-virtual-machine"},"manager":{"name":"dcasey-virtual-machine"},"id":"1790953463.512047","full_log":"ossec: output: 'df -P': Filesystem     1024-blocks      Used Available Capacity Mounted on","decoder":{"name":"ossec"},"location":"df -P"}
{"timestamp":"2026-10-02T17:04:23.753+0200","agent":{"id":"000","name":"dcasey-virtual-machine"},"manager":{"name":"dcasey-virtual-machine"},"id":"1790953463.512047","full_log":"ossec: output: 'df -P': tmpfs              4041956        80   4041876       1% /dev/shm","decoder":{"name":"ossec"},"location":"df -P"}
{"timestamp":"2026-10-02T17:04:23.754+0200","agent":{"id":"000","name":"dcasey-virtual-machine"},"manager":{"name":"dcasey-virtual-machine"},"id":"1790953463.512047","full_log":"ossec: output: 'df -P': /dev/sda2           524252      6232    518020       2% /boot/efi","decoder":{"name":"ossec"},"location":"df -P"}
{"timestamp":"2026-10-02T17:04:23.756+0200","agent":{"id":"000","name":"dcasey-virtual-machine"},"manager":{"name":"dcasey-virtual-machine"},"id":"1790953463.512047","full_log":"ossec: output: 'df -P': /dev/sr1           4651082   4651082         0     100% /media/dcasey/Ubuntu 22.04.5 LTS amd64","decoder":{"name":"ossec"},"location":"df -P"}
{"timestamp":"2026-10-02T17:04:23.755+0200","agent":{"id":"000","name":"dcasey-virtual-machine"},"manager":{"name":"dcasey-virtual-machine"},"id":"1790953463.512047","full_log":"ossec: output: 'df -P': /dev/sr0            160192    160192         0     100% /media/dcasey/CDROM","decoder":{"name":"ossec"},"location":"df -P"}
{"timestamp":"2026-10-02T17:04:23.753+0200","agent":{"id":"000","name":"dcasey-virtual-machine"},"manager":{"name":"dcasey-virtual-machine"},"id":"1790953463.512047","full_log":"ossec: output: 'df -P': /dev/sda3         50902716  26351324  22254720      55% /","decoder":{"name":"ossec"},"location":"df -P"}
{"timestamp":"2026-10-02T17:04:23.753+0200","agent":{"id":"000","name":"dcasey-virtual-machine"},"manager":{"name":"dcasey-virtual-machine"},"id":"1790953463.512047","full_log":"ossec: output: 'df -P': tmpfs                 5120         4      5116       1% /run/lock","decoder":{"name":"ossec"},"location":"df -P"}
{"timestamp":"2026-10-02T17:04:23.756+0200","agent":{"id":"000","name":"dcasey-virtual-machine"},"manager":{"name":"dcasey-virtual-machine"},"id":"1790953463.512047","full_log":"ossec: output: 'df -P': vmhgfs-fuse      998991868 453106216 545885652      46% /mnt/hgfs","decoder":{"name":"ossec"},"location":"df -P"}
{"timestamp":"2026-10-02T17:04:23.754+0200","agent":{"id":"000","name":"dcasey-virtual-machine"},"manager":{"name":"dcasey-virtual-machine"},"id":"1790953463.512047","full_log":"ossec: output: 'df -P': tmpfs               808388       100    808288       1% /run/user/1000","decoder":{"name":"ossec"},"location":"df -P"}
{"timestamp":"2026-10-02T17:04:23.766+0200","agent":{"id":"000","name":"dcasey-virtual-machine"},"manager":{"name":"dcasey-virtual-machine"},"id":"1790953463.512047","full_log":"ossec: output: 'last -n 20':\ndcasey   tty2         tty2             Thu Oct  1 16:57    gone - no logout\nreboot   system boot  6.8.0-138-generi Thu Oct  1 16:56   still running\ndcasey   tty2         tty2             Sun Sep 27 13:36 - crash (4+03:20)\nreboot   system boot  6.8.0-138-generi Sun Sep 27 13:35   still running\ndcasey   tty2         tty2             Fri Sep 25 16:46 - down  (1+20:47)\nreboot   system boot  6.8.0-138-generi Fri Sep 25 16:15 - 13:34 (1+21:19)\ndcasey   tty2         tty2             Thu Sep 10 12:16 - crash (15+03:58)\nreboot   system boot  6.8.0-138-generi Thu Sep 10 12:12 - 13:34 (17+01:21)\ndcasey   tty2         tty2             Tue Sep  8 16:20 - crash (1+19:52)\nreboot   system boot  6.8.0-138-generi Tue Sep  8 16:17 - 13:34 (18+21:17)\ndcasey   tty2         tty2             Mon Sep  7 15:46 - down   (06:10)\nreboot   system boot  6.8.0-138-generi Mon Sep  7 15:44 - 21:56  (06:11)\ndcasey   tty2         tty2             Mon Sep  7 12:16 - down   (03:06)\nreboot   system boot  6.8.0-138-generi Mon Sep  7 12:16 - 15:23  (03:06)\ndcasey   tty2         tty2             Mon Sep  7 11:49 - down   (00:26)\nreboot   system boot  6.8.0-138-generi Mon Sep  7 11:48 - 12:15  (00:26)\ndcasey   tty2         tty2             Mon Sep  7 10:55 - down   (00:52)\nreboot   system boot  6.8.0-138-generi Mon Sep  7 10:54 - 11:47  (00:53)\ndcasey   tty2         tty2             Fri Sep  4 13:07 - down  (2+08:17)\nreboot   system boot  6.8.0-138-generi Fri Sep  4 13:06 - 21:25 (2+08:19)\nwtmp begins Tue Sep  1 11:03:38 2026","decoder":{"name":"ossec"},"location":"last -n 20"}
