{"timestamp":"2026-10-02T15:37:23.047+0200","agent":{"id":"001","name":"Windows_VM","ip":"192.168.232.130"},"manager":{"name":"dcasey-virtual-machine"},"id":"1790948243.321646","full_log":"{\"win\":{\"system\":{\"providerName\":\"Microsoft-Windows-Sysmon\",\"providerGuid\":\"{5770385f-c22a-43e0-bf4c-06f5698ffbd9}\",\"eventID\":\"13\",\"version\":\"2\",\"level\":\"4\",\"task\":\"13\",\"opcode\":\"0\",\"keywords\":\"0x8000000000000000\",\"systemTime\":\"2026-10-02T13:37:23.7142652Z\",\"eventRecordID\":\"14941\",\"processID\":\"3504\",\"threadID\":\"4956\",\"channel\":\"Microsoft-Windows-Sysmon/Operational\",\"computer\":\"DESKTOP-5OG7C28\",\"severityValue\":\"INFORMATION\",\"message\":\"\\\"Registry value set:\\r\\nRuleName: T1042\\r\\nEventType: SetValue\\r\\nUtcTime: 2026-10-02 13:37:23.712\\r\\nProcessGuid: {4b2ce92d-b34e-6abf-8d02-000000001400}\\r\\nProcessId: 2440\\r\\nImage: C:\\\\Program Files (x86)\\\\Microsoft\\\\EdgeUpdate\\\\Install\\\\{B6A4972A-04A1-4EA4-83CA-676CCD5C737C}\\\\EDGEMITMP_BB81F.tmp\\\\setup.exe\\r\\nTargetObject: HKCR\\\\MSEdgePDF\\\\shell\\\\open\\\\command\\\\(Default)\\r\\nDetails: \\\"C:\\\\Program Files (x86)\\\\Microsoft\\\\Edge\\\\Application\\\\msedge.exe\\\" --single-argument Incorrect function. \\r\\nUser: NT AUTHORITY\\\\SYSTEM\\\"\"},\"eventdata\":{\"ruleName\":\"T1042\",\"eventType\":\"SetValue\",\"utcTime\":\"2026-10-02 13:37:23.712\",\"processGuid\":\"{4b2ce92d-b34e-6abf-8d02-000000001400}\",\"processId\":\"2440\",\"image\":\"C:\\\\\\\\Program Files (x86)\\\\\\\\Microsoft\\\\\\\\EdgeUpdate\\\\\\\\Install\\\\\\\\{B6A4972A-04A1-4EA4-83CA-676CCD5C737C}\\\\\\\\EDGEMITMP_BB81F.tmp\\\\\\\\setup.exe\",\"targetObject\":\"HKCR\\\\\\\\MSEdgePDF\\\\\\\\shell\\\\\\\\open\\\\\\\\command\\\\\\\\(Default)\",\"details\":\"\\\\\\\"C:\\\\\\\\Program Files (x86)\\\\\\\\Microsoft\\\\\\\\Edge\\\\\\\\Application\\\\\\\\msedge.exe\\\\\\\" --single-argument %%1\",\"user\":\"NT AUTHORITY\\\\\\\\SYSTEM\"}}}","decoder":{"name":"windows_eventchannel"},"data":{"win":{"system":{"providerName":"Microsoft-Windows-Sysmon","providerGuid":"{5770385f-c22a-43e0-bf4c-06f5698ffbd9}","eventID":"13","version":"2","level":"4","task":"13","opcode":"0","keywords":"0x8000000000000000","systemTime":"2026-10-02T13:37:23.7142652Z","eventRecordID":"14941","processID":"3504","threadID":"4956","channel":"Microsoft-Windows-Sysmon/Operational","computer":"DESKTOP-5OG7C28","severityValue":"INFORMATION","message":"\"Registry value set:\r\nRuleName: T1042\r\nEventType: SetValue\r\nUtcTime: 2026-10-02 13:37:23.712\r\nProcessGuid: {4b2ce92d-b34e-6abf-8d02-000000001400}\r\nProcessId: 2440\r\nImage: C:\\Program Files (x86)\\Microsoft\\EdgeUpdate\\Install\\{B6A4972A-04A1-4EA4-83CA-676CCD5C737C}\\EDGEMITMP_BB81F.tmp\\setup.exe\r\nTargetObject: HKCR\\MSEdgePDF\\shell\\open\\command\\(Default)\r\nDetails: \"C:\\Program Files (x86)\\Microsoft\\Edge\\Application\\msedge.exe\" --single-argument Incorrect function. \r\nUser: NT AUTHORITY\\SYSTEM\""},"eventdata":{"ruleName":"T1042","eventType":"SetValue","utcTime":"2026-10-02 13:37:23.712","processGuid":"{4b2ce92d-b34e-6abf-8d02-000000001400}","processId":"2440","image":"C:\\\\Program Files (x86)\\\\Microsoft\\\\EdgeUpdate\\\\Install\\\\{B6A4972A-04A1-4EA4-83CA-676CCD5C737C}\\\\EDGEMITMP_BB81F.tmp\\\\setup.exe","targetObject":"HKCR\\\\MSEdgePDF\\\\shell\\\\open\\\\command\\\\(Default)","details":"\\\"C:\\\\Program Files (x86)\\\\Microsoft\\\\Edge\\\\Application\\\\msedge.exe\\\" --single-argument %%1","user":"NT AUTHORITY\\\\SYSTEM"}}},"location":"EventChannel"}
{"timestamp":"2026-10-02T15:37:23.050+0200","agent":{"id":"001","name":"Windows_VM","ip":"192.168.232.130"},"manager":{"name":"dcasey-virtual-machine"},"id":"1790948243.321646","full_log":"{\"win\":{\"system\":{\"providerName\":\"Microsoft-Windows-Sysmon\",\"providerGuid\":\"{5770385f-c22a-43e0-bf4c-06f5698ffbd9}\",\"eventID\":\"13\",\"version\":\"2\",\"level\":\"4\",\"task\":\"13\",\"opcode\":\"0\",\"keywords\":\"0x8000000000000000\",\"systemTime\":\"2026-10-02T13:37:23.7152041Z\",\"eventRecordID\":\"14942\",\"processID\":\"3504\",\"threadID\":\"4956\",\"channel\":\"Microsoft-Windows-Sysmon/Operational\",\"computer\":\"DESKTOP-5OG7C28\",\"severityValue\":\"INFORMATION\",\"message\":\"\\\"Registry value set:\\r\\nRuleName: T1042\\r\\nEventType: SetValue\\r\\nUtcTime: 2026-10-02 13:37:23.712\\r\\nProcessGuid: {4b2ce92d-b34e-6abf-8d02-000000001400}\\r\\nProcessId: 2440\\r\\nImage: C:\\\\Program Files (x86)\\\\Microsoft\\\\EdgeUpdate\\\\Install\\\\{B6A4972A-04A1-4EA4-83CA-676CCD5C737C}\\\\EDGEMITMP_BB81F.tmp\\\\setup.exe\\r\\nTargetObject: HKCR\\\\MSEdgePDF\\\\shell\\\\runas\\\\command\\\\(Default)\\r\\nDetails: \\\"C:\\\\Program Files (x86)\\\\Microsoft\\\\Edge\\\\Application\\\\msedge.exe\\\" --do-not-de-elevate --single-argument Incorrect function. \\r\\nUser: NT AUTHORITY\\\\SYSTEM\\\"\"},\"eventdata\":{\"ruleName\":\"T1042\",\"eventType\":\"SetValue\",\"utcTime\":\"2026-10-02 13:37:23.712\",\"processGuid\":\"{4b2ce92d-b34e-6abf-8d02-000000001400}\",\"processId\":\"2440\",\"image\":\"C:\\\\\\\\Program Files (x86)\\\\\\\\Microsoft\\\\\\\\EdgeUpdate\\\\\\\\Install\\\\\\\\{B6A4972A-04A1-4EA4-83CA-676CCD5C737C}\\\\\\\\EDGEMITMP_BB81F.tmp\\\\\\\\setup.exe\",\"targetObject\":\"HKCR\\\\\\\\MSEdgePDF\\\\\\\\shell\\\\\\\\runas\\\\\\\\command\\\\\\\\(Default)\",\"details\":\"\\\\\\\"C:\\\\\\\\Program Files (x86)\\\\\\\\Microsoft\\\\\\\\Edge\\\\\\\\Application\\\\\\\\msedge.exe\\\\\\\" --do-not-de-elevate --single-argument %%1\",\"user\":\"NT AUTHORITY\\\\\\\\SYSTEM\"}}}","decoder":{"name":"windows_eventchannel"},"data":{"win":{"system":{"providerName":"Microsoft-Windows-Sysmon","providerGuid":"{5770385f-c22a-43e0-bf4c-06f5698ffbd9}","eventID":"13","version":"2","level":"4","task":"13","opcode":"0","keywords":"0x8000000000000000","systemTime":"2026-10-02T13:37:23.7152041Z","eventRecordID":"14942","processID":"3504","threadID":"4956","channel":"Microsoft-Windows-Sysmon/Operational","computer":"DESKTOP-5OG7C28","severityValue":"INFORMATION","message":"\"Registry value set:\r\nRuleName: T1042\r\nEventType: SetValue\r\nUtcTime: 2026-10-02 13:37:23.712\r\nProcessGuid: {4b2ce92d-b34e-6abf-8d02-000000001400}\r\nProcessId: 2440\r\nImage: C:\\Program Files (x86)\\Microsoft\\EdgeUpdate\\Install\\{B6A4972A-04A1-4EA4-83CA-676CCD5C737C}\\EDGEMITMP_BB81F.tmp\\setup.exe\r\nTargetObject: HKCR\\MSEdgePDF\\shell\\runas\\command\\(Default)\r\nDetails: \"C:\\Program Files (x86)\\Microsoft\\Edge\\Application\\msedge.exe\" --do-not-de-elevate --single-argument Incorrect function. \r\nUser: NT AUTHORITY\\SYSTEM\""},"eventdata":{"ruleName":"T1042","eventType":"SetValue","utcTime":"2026-10-02 13:37:23.712","processGuid":"{4b2ce92d-b34e-6abf-8d02-000000001400}","processId":"2440","image":"C:\\\\Program Files (x86)\\\\Microsoft\\\\EdgeUpdate\\\\Install\\\\{B6A4972A-04A1-4EA4-83CA-676CCD5C737C}\\\\EDGEMITMP_BB81F.tmp\\\\setup.exe","targetObject":"HKCR\\\\MSEdgePDF\\\\shell\\\\runas\\\\command\\\\(Default)","details":"\\\"C:\\\\Program Files (x86)\\\\Microsoft\\\\Edge\\\\Application\\\\msedge.exe\\\" --do-not-de-elevate --single-argument %%1","user":"NT AUTHORITY\\\\SYSTEM"}}},"location":"EventChannel"}
{"timestamp":"2026-10-02T15:37:23.062+0200","agent":{"id":"001","name":"Windows_VM","ip":"192.168.232.130"},"manager":{"name":"dcasey-virtual-machine"},"id":"1790948243.321646","full_log":"{\"win\":{\"system\":{\"providerName\":\"Microsoft-Windows-Sysmon\",\"providerGuid\":\"{5770385f-c22a-43e0-bf4c-06f5698ffbd9}\",\"eventID\":\"13\",\"version\":\"2\",\"level\":\"4\",\"task\":\"13\",\"opcode\":\"0\",\"keywords\":\"0x8000000000000000\",\"systemTime\":\"2026-10-02T13:37:23.7218892Z\",\"eventRecordID\":\"14943\",\"processID\":\"3504\",\"threadID\":\"4956\",\"channel\":\"Microsoft-Windows-Sysmon/Operational\",\"computer\":\"DESKTOP-5OG7C28\",\"severityValue\":\"INFORMATION\",\"message\":\"\\\"Registry value set:\\r\\nRuleName: T1042\\r\\nEventType: SetValue\\r\\nUtcTime: 2026-10-02 13:37:23.720\\r\\nProcessGuid: {4b2ce92d-b34e-6abf-8d02-000000001400}\\r\\nProcessId: 2440\\r\\nImage: C:\\\\Program Files (x86)\\\\Microsoft\\\\EdgeUpdate\\\\Install\\\\{B6A4972A-04A1-4EA4-83CA-676CCD5C737C}\\\\EDGEMITMP_BB81F.tmp\\\\setup.exe\\r\\nTargetObject: HKCR\\\\MSEdgeMHT\\\\shell\\\\open\\\\command\\\\(Default)\\r\\nDetails: \\\"C:\\\\Program Files (x86)\\\\Microsoft\\\\Edge\\\\Application\\\\msedge.exe\\\" --single-argument Incorrect function. \\r\\nUser: NT AUTHORITY\\\\SYSTEM\\\"\"},\"eventdata\":{\"ruleName\":\"T1042\",\"eventType\":\"SetValue\",\"utcTime\":\"2026-10-02 13:37:23.720\",\"processGuid\":\"{4b2ce92d-b34e-6abf-8d02-000000001400}\",\"processId\":\"2440\",\"image\":\"C:\\\\\\\\Program Files (x86)\\\\\\\\Microsoft\\\\\\\\EdgeUpdate\\\\\\\\Install\\\\\\\\{B6A4972A-04A1-4EA4-83CA-676CCD5C737C}\\\\\\\\EDGEMITMP_BB81F.tmp\\\\\\\\setup.exe\",\"targetObject\":\"HKCR\\\\\\\\MSEdgeMHT\\\\\\\\shell\\\\\\\\open\\\\\\\\command\\\\\\\\(Default)\",\"details\":\"\\\\\\\"C:\\\\\\\\Program Files (x86)\\\\\\\\Microsoft\\\\\\\\Edge\\\\\\\\Application\\\\\\\\msedge.exe\\\\\\\" --single-argument %%1\",\"user\":\"NT AUTHORITY\\\\\\\\SYSTEM\"}}}","decoder":{"name":"windows_eventchannel"},"data":{"win":{"system":{"providerName":"Microsoft-Windows-Sysmon","providerGuid":"{5770385f-c22a-43e0-bf4c-06f5698ffbd9}","eventID":"13","version":"2","level":"4","task":"13","opcode":"0","keywords":"0x8000000000000000","systemTime":"2026-10-02T13:37:23.7218892Z","eventRecordID":"14943","processID":"3504","threadID":"4956","channel":"Microsoft-Windows-Sysmon/Operational","computer":"DESKTOP-5OG7C28","severityValue":"INFORMATION","message":"\"Registry value set:\r\nRuleName: T1042\r\nEventType: SetValue\r\nUtcTime: 2026-10-02 13:37:23.720\r\nProcessGuid: {4b2ce92d-b34e-6abf-8d02-000000001400}\r\nProcessId: 2440\r\nImage: C:\\Program Files (x86)\\Microsoft\\EdgeUpdate\\Install\\{B6A4972A-04A1-4EA4-83CA-676CCD5C737C}\\EDGEMITMP_BB81F.tmp\\setup.exe\r\nTargetObject: HKCR\\MSEdgeMHT\\shell\\open\\command\\(Default)\r\nDetails: \"C:\\Program Files (x86)\\Microsoft\\Edge\\Application\\msedge.exe\" --single-argument Incorrect function. \r\nUser: NT AUTHORITY\\SYSTEM\""},"eventdata":{"ruleName":"T1042","eventType":"SetValue","utcTime":"2026-10-02 13:37:23.720","processGuid":"{4b2ce92d-b34e-6abf-8d02-000000001400}","processId":"2440","image":"C:\\\\Program Files (x86)\\\\Microsoft\\\\EdgeUpdate\\\\Install\\\\{B6A4972A-04A1-4EA4-83CA-676CCD5C737C}\\\\EDGEMITMP_BB81F.tmp\\\\setup.exe","targetObject":"HKCR\\\\MSEdgeMHT\\\\shell\\\\open\\\\command\\\\(Default)","details":"\\\"C:\\\\Program Files (x86)\\\\Microsoft\\\\Edge\\\\Application\\\\msedge.exe\\\" --single-argument %%1","user":"NT AUTHORITY\\\\SYSTEM"}}},"location":"EventChannel"}
{"timestamp":"2026-10-02T15:37:23.078+0200","agent":{"id":"001","name":"Windows_VM","ip":"192.168.232.130"},"manager":{"name":"dcasey-virtual-machine"},"id":"1790948243.321646","full_log":"{\"win\":{\"system\":{\"providerName\":\"Microsoft-Windows-Sysmon\",\"providerGuid\":\"{5770385f-c22a-43e0-bf4c-06f5698ffbd9}\",\"eventID\":\"13\",\"version\":\"2\",\"level\":\"4\",\"task\":\"13\",\"opcode\":\"0\",\"keywords\":\"0x8000000000000000\",\"systemTime\":\"2026-10-02T13:37:23.7282963Z\",\"eventRecordID\":\"14945\",\"processID\":\"3504\",\"threadID\":\"4956\",\"channel\":\"Microsoft-Windows-Sysmon/Operational\",\"computer\":\"DESKTOP-5OG7C28\",\"severityValue\":\"INFORMATION\",\"message\":\"\\\"Registry value set:\\r\\nRuleName: -\\r\\nEventType: SetValue\\r\\nUtcTime: 2026-10-02 13:37:23.727\\r\\nProcessGuid: {4b2ce92d-b34e-6abf-8d02-000000001400}\\r\\nProcessId: 2440\\r\\nImage: C:\\\\Program Files (x86)\\\\Microsoft\\\\EdgeUpdate\\\\Install\\\\{B6A4972A-04A1-4EA4-83CA-676CCD5C737C}\\\\EDGEMITMP_BB81F.tmp\\\\setup.exe\\r\\nTargetObject: HKLM\\\\SOFTWARE\\\\Microsoft\\\\Windows\\\\CurrentVersion\\\\App Paths\\\\msedge.exe\\\\(Default)\\r\\nDetails: C:\\\\Program Files (x86)\\\\Microsoft\\\\Edge\\\\Application\\\\msedge.exe\\r\\nUser: NT AUTHORITY\\\\SYSTEM\\\"\"},\"eventdata\":{\"eventType\":\"SetValue\",\"utcTime\":\"2026-10-02 13:37:23.727\",\"processGuid\":\"{4b2ce92d-b34e-6abf-8d02-000000001400}\",\"processId\":\"2440\",\"image\":\"C:\\\\\\\\Program Files (x86)\\\\\\\\Microsoft\\\\\\\\EdgeUpdate\\\\\\\\Install\\\\\\\\{B6A4972A-04A1-4EA4-83CA-676CCD5C737C}\\\\\\\\EDGEMITMP_BB81F.tmp\\\\\\\\setup.exe\",\"targetObject\":\"HKLM\\\\\\\\SOFTWARE\\\\\\\\Microsoft\\\\\\\\Windows\\\\\\\\CurrentVersion\\\\\\\\App Paths\\\\\\\\msedge.exe\\\\\\\\(Default)\",\"details\":\"C:\\\\\\\\Program Files (x86)\\\\\\\\Microsoft\\\\\\\\Edge\\\\\\\\Application\\\\\\\\msedge.exe\",\"user\":\"NT AUTHORITY\\\\\\\\SYSTEM\"}}}","decoder":{"name":"windows_eventchannel"},"data":{"win":{"system":{"providerName":"Microsoft-Windows-Sysmon","providerGuid":"{5770385f-c22a-43e0-bf4c-06f5698ffbd9}","eventID":"13","version":"2","level":"4","task":"13","opcode":"0","keywords":"0x8000000000000000","systemTime":"2026-10-02T13:37:23.7282963Z","eventRecordID":"14945","processID":"3504","threadID":"4956","channel":"Microsoft-Windows-Sysmon/Operational","computer":"DESKTOP-5OG7C28","severityValue":"INFORMATION","message":"\"Registry value set:\r\nRuleName: -\r\nEventType: SetValue\r\nUtcTime: 2026-10-02 13:37:23.727\r\nProcessGuid: {4b2ce92d-b34e-6abf-8d02-000000001400}\r\nProcessId: 2440\r\nImage: C:\\Program Files (x86)\\Microsoft\\EdgeUpdate\\Install\\{B6A4972A-04A1-4EA4-83CA-676CCD5C737C}\\EDGEMITMP_BB81F.tmp\\setup.exe\r\nTargetObject: HKLM\\SOFTWARE\\Microsoft\\Windows\\CurrentVersion\\App Paths\\msedge.exe\\(Default)\r\nDetails: C:\\Program Files (x86)\\Microsoft\\Edge\\Application\\msedge.exe\r\nUser: NT AUTHORITY\\SYSTEM\""},"eventdata":{"eventType":"SetValue","utcTime":"2026-10-02 13:37:23.727","processGuid":"{4b2ce92d-b34e-6abf-8d02-000000001400}","processId":"2440","image":"C:\\\\Program Files (x86)\\\\Microsoft\\\\EdgeUpdate\\\\Install\\\\{B6A4972A-04A1-4EA4-83CA-676CCD5C737C}\\\\EDGEMITMP_BB81F.tmp\\\\setup.exe","targetObject":"HKLM\\\\SOFTWARE\\\\Microsoft\\\\Windows\\\\CurrentVersion\\\\App Paths\\\\msedge.exe\\\\(Default)","details":"C:\\\\Program Files (x86)\\\\Microsoft\\\\Edge\\\\Application\\\\msedge.exe","user":"NT AUTHORITY\\\\SYSTEM"}}},"location":"EventChannel"}
{"timestamp":"2026-10-02T15:37:23.078+0200","agent":{"id":"001","name":"Windows_VM","ip":"192.168.232.130"},"manager":{"name":"dcasey-virtual-machine"},"id":"1790948243.321646","full_log":"{\"win\":{\"system\":{\"providerName\":\"Microsoft-Windows-Sysmon\",\"providerGuid\":\"{5770385f-c22a-43e0-bf4c-06f5698ffbd9}\",\"eventID\":\"13\",\"version\":\"2\",\"level\":\"4\",\"task\":\"13\",\"opcode\":\"0\",\"keywords\":\"0x8000000000000000\",\"systemTime\":\"2026-10-02T13:37:23.7224965Z\",\"eventRecordID\":\"14944\",\"processID\":\"3504\",\"threadID\":\"4956\",\"channel\":\"Microsoft-Windows-Sysmon/Operational\",\"computer\":\"DESKTOP-5OG7C28\",\"severityValue\":\"INFORMATION\",\"message\":\"\\\"Registry value set:\\r\\nRuleName: T1042\\r\\nEventType: SetValue\\r\\nUtcTime: 2026-10-02 13:37:23.720\\r\\nProcessGuid: {4b2ce92d-b34e-6abf-8d02-000000001400}\\r\\nProcessId: 2440\\r\\nImage: C:\\\\Program Files (x86)\\\\Microsoft\\\\EdgeUpdate\\\\Install\\\\{B6A4972A-04A1-4EA4-83CA-676CCD5C737C}\\\\EDGEMITMP_BB81F.tmp\\\\setup.exe\\r\\nTargetObject: HKCR\\\\MSEdgeMHT\\\\shell\\\\runas\\\\command\\\\(Default)\\r\\nDetails: \\\"C:\\\\Program Files (x86)\\\\Microsoft\\\\Edge\\\\Application\\\\msedge.exe\\\" --do-not-de-elevate --single-argument Incorrect function. \\r\\nUser: NT AUTHORITY\\\\SYSTEM\\\"\"},\"eventdata\":{\"ruleName\":\"T1042\",\"eventType\":\"SetValue\",\"utcTime\":\"2026-10-02 13:37:23.720\",\"processGuid\":\"{4b2ce92d-b34e-6abf-8d02-000000001400}\",\"processId\":\"2440\",\"image\":\"C:\\\\\\\\Program Files (x86)\\\\\\\\Microsoft\\\\\\\\EdgeUpdate\\\\\\\\Install\\\\\\\\{B6A4972A-04A1-4EA4-83CA-676CCD5C737C}\\\\\\\\EDGEMITMP_BB81F.tmp\\\\\\\\setup.exe\",\"targetObject\":\"HKCR\\\\\\\\MSEdgeMHT\\\\\\\\shell\\\\\\\\runas\\\\\\\\command\\\\\\\\(Default)\",\"details\":\"\\\\\\\"C:\\\\\\\\Program Files (x86)\\\\\\\\Microsoft\\\\\\\\Edge\\\\\\\\Application\\\\\\\\msedge.exe\\\\\\\" --do-not-de-elevate --single-argument %%1\",\"user\":\"NT AUTHORITY\\\\\\\\SYSTEM\"}}}","decoder":{"name":"windows_eventchannel"},"data":{"win":{"system":{"providerName":"Microsoft-Windows-Sysmon","providerGuid":"{5770385f-c22a-43e0-bf4c-06f5698ffbd9}","eventID":"13","version":"2","level":"4","task":"13","opcode":"0","keywords":"0x8000000000000000","systemTime":"2026-10-02T13:37:23.7224965Z","eventRecordID":"14944","processID":"3504","threadID":"4956","channel":"Microsoft-Windows-Sysmon/Operational","computer":"DESKTOP-5OG7C28","severityValue":"INFORMATION","message":"\"Registry value set:\r\nRuleName: T1042\r\nEventType: SetValue\r\nUtcTime: 2026-10-02 13:37:23.720\r\nProcessGuid: {4b2ce92d-b34e-6abf-8d02-000000001400}\r\nProcessId: 2440\r\nImage: C:\\Program Files (x86)\\Microsoft\\EdgeUpdate\\Install\\{B6A4972A-04A1-4EA4-83CA-676CCD5C737C}\\EDGEMITMP_BB81F.tmp\\setup.exe\r\nTargetObject: HKCR\\MSEdgeMHT\\shell\\runas\\command\\(Default)\r\nDetails: \"C:\\Program Files (x86)\\Microsoft\\Edge\\Application\\msedge.exe\" --do-not-de-elevate --single-argument Incorrect function. \r\nUser: NT AUTHORITY\\SYSTEM\""},"eventdata":{"ruleName":"T1042","eventType":"SetValue","utcTime":"2026-10-02 13:37:23.720","processGuid":"{4b2ce92d-b34e-6abf-8d02-000000001400}","processId":"2440","image":"C:\\\\Program Files (x86)\\\\Microsoft\\\\EdgeUpdate\\\\Install\\\\{B6A4972A-04A1-4EA4-83CA-676CCD5C737C}\\\\EDGEMITMP_BB81F.tmp\\\\setup.exe","targetObject":"HKCR\\\\MSEdgeMHT\\\\shell\\\\runas\\\\command\\\\(Default)","details":"\\\"C:\\\\Program Files (x86)\\\\Microsoft\\\\Edge\\\\Application\\\\msedge.exe\\\" --do-not-de-elevate --single-argument %%1","user":"NT AUTHORITY\\\\SYSTEM"}}},"location":"EventChannel"}
{"timestamp":"2026-10-02T15:37:23.093+0200","agent":{"id":"001","name":"Windows_VM","ip":"192.168.232.130"},"manager":{"name":"dcasey-virtual-machine"},"id":"1790948243.321646","full_log":"{\"win\":{\"system\":{\"providerName\":\"Microsoft-Windows-Sysmon\",\"providerGuid\":\"{5770385f-c22a-43e0-bf4c-06f5698ffbd9}\",\"eventID\":\"13\",\"version\":\"2\",\"level\":\"4\",\"task\":\"13\",\"opcode\":\"0\",\"keywords\":\"0x8000000000000000\",\"systemTime\":\"2026-10-02T13:37:23.7284743Z\",\"eventRecordID\":\"14946\",\"processID\":\"3504\",\"threadID\":\"4956\",\"channel\":\"Microsoft-Windows-Sysmon/Operational\",\"computer\":\"DESKTOP-5OG7C28\",\"severityValue\":\"INFORMATION\",\"message\":\"\\\"Registry value set:\\r\\nRuleName: -\\r\\nEventType: SetValue\\r\\nUtcTime: 2026-10-02 13:37:23.727\\r\\nProcessGuid: {4b2ce92d-b34e-6abf-8d02-000000001400}\\r\\nProcessId: 2440\\r\\nImage: C:\\\\Program Files (x86)\\\\Microsoft\\\\EdgeUpdate\\\\Install\\\\{B6A4972A-04A1-4EA4-83CA-676CCD5C737C}\\\\EDGEMITMP_BB81F.tmp\\\\setup.exe\\r\\nTargetObject: HKLM\\\\SOFTWARE\\\\Microsoft\\\\Windows\\\\CurrentVersion\\\\App Paths\\\\msedge.exe\\\\Path\\r\\nDetails: C:\\\\Program Files (x86)\\\\Microsoft\\\\Edge\\\\Application\\r\\nUser: NT AUTHORITY\\\\SYSTEM\\\"\"},\"eventdata\":{\"eventType\":\"SetValue\",\"utcTime\":\"2026-10-02 13:37:23.727\",\"processGuid\":\"{4b2ce92d-b34e-6abf-8d02-000000001400}\",\"processId\":\"2440\",\"image\":\"C:\\\\\\\\Program Files (x86)\\\\\\\\Microsoft\\\\\\\\EdgeUpdate\\\\\\\\Install\\\\\\\\{B6A4972A-04A1-4EA4-83CA-676CCD5C737C}\\\\\\\\EDGEMITMP_BB81F.tmp\\\\\\\\setup.exe\",\"targetObject\":\"HKLM\\\\\\\\SOFTWARE\\\\\\\\Microsoft\\\\\\\\Windows\\\\\\\\CurrentVersion\\\\\\\\App Paths\\\\\\\\msedge.exe\\\\\\\\Path\",\"details\":\"C:\\\\\\\\Program Files (x86)\\\\\\\\Microsoft\\\\\\\\Edge\\\\\\\\Application\",\"user\":\"NT AUTHORITY\\\\\\\\SYSTEM\"}}}","decoder":{"name":"windows_eventchannel"},"data":{"win":{"system":{"providerName":"Microsoft-Windows-Sysmon","providerGuid":"{5770385f-c22a-43e0-bf4c-06f5698ffbd9}","eventID":"13","version":"2","level":"4","task":"13","opcode":"0","keywords":"0x8000000000000000","systemTime":"2026-10-02T13:37:23.7284743Z","eventRecordID":"14946","processID":"3504","threadID":"4956","channel":"Microsoft-Windows-Sysmon/Operational","computer":"DESKTOP-5OG7C28","severityValue":"INFORMATION","message":"\"Registry value set:\r\nRuleName: -\r\nEventType: SetValue\r\nUtcTime: 2026-10-02 13:37:23.727\r\nProcessGuid: {4b2ce92d-b34e-6abf-8d02-000000001400}\r\nProcessId: 2440\r\nImage: C:\\Program Files (x86)\\Microsoft\\EdgeUpdate\\Install\\{B6A4972A-04A1-4EA4-83CA-676CCD5C737C}\\EDGEMITMP_BB81F.tmp\\setup.exe\r\nTargetObject: HKLM\\SOFTWARE\\Microsoft\\Windows\\CurrentVersion\\App Paths\\msedge.exe\\Path\r\nDetails: C:\\Program Files (x86)\\Microsoft\\Edge\\Application\r\nUser: NT AUTHORITY\\SYSTEM\""},"eventdata":{"eventType":"SetValue","utcTime":"2026-10-02 13:37:23.727","processGuid":"{4b2ce92d-b34e-6abf-8d02-000000001400}","processId":"2440","image":"C:\\\\Program Files (x86)\\\\Microsoft\\\\EdgeUpdate\\\\Install\\\\{B6A4972A-04A1-4EA4-83CA-676CCD5C737C}\\\\EDGEMITMP_BB81F.tmp\\\\setup.exe","targetObject":"HKLM\\\\SOFTWARE\\\\Microsoft\\\\Windows\\\\CurrentVersion\\\\App Paths\\\\msedge.exe\\\\Path","details":"C:\\\\Program Files (x86)\\\\Microsoft\\\\Edge\\\\Application","user":"NT AUTHORITY\\\\SYSTEM"}}},"location":"EventChannel"}
{"timestamp":"2026-10-02T15:37:23.107+0200","agent":{"id":"001","name":"Windows_VM","ip":"192.168.232.130"},"manager":{"name":"dcasey-virtual-machine"},"id":"1790948243.321646","full_log":"{\"win\":{\"system\":{\"providerName\":\"Microsoft-Windows-Sysmon\",\"providerGuid\":\"{5770385f-c22a-43e0-bf4c-06f5698ffbd9}\",\"eventID\":\"13\",\"version\":\"2\",\"level\":\"4\",\"task\":\"13\",\"opcode\":\"0\",\"keywords\":\"0x8000000000000000\",\"systemTime\":\"2026-10-02T13:37:23.7294907Z\",\"eventRecordID\":\"14947\",\"processID\":\"3504\",\"threadID\":\"4956\",\"channel\":\"Microsoft-Windows-Sysmon/Operational\",\"computer\":\"DESKTOP-5OG7C28\",\"severityValue\":\"INFORMATION\",\"message\":\"\\\"Registry value set:\\r\\nRuleName: -\\r\\nEventType: SetValue\\r\\nUtcTime: 2026-10-02 13:37:23.727\\r\\nProcessGuid: {4b2ce92d-b34e-6abf-8d02-000000001400}\\r\\nProcessId: 2440\\r\\nImage: C:\\\\Program Files (x86)\\\\Microsoft\\\\EdgeUpdate\\\\Install\\\\{B6A4972A-04A1-4EA4-83CA-676CCD5C737C}\\\\EDGEMITMP_BB81F.tmp\\\\setup.exe\\r\\nTargetObject: HKLM\\\\SOFTWARE\\\\Microsoft\\\\Windows\\\\CurrentVersion\\\\App Paths\\\\msedge.exe\\\\SupportedProtocols\\\\http\\r\\nDetails: (Empty)\\r\\nUser: NT AUTHORITY\\\\SYSTEM\\\"\"},\"eventdata\":{\"eventType\":\"SetValue\",\"utcTime\":\"2026-10-02 13:37:23.727\",\"processGuid\":\"{4b2ce92d-b34e-6abf-8d02-000000001400}\",\"processId\":\"2440\",\"image\":\"C:\\\\\\\\Program Files (x86)\\\\\\\\Microsoft\\\\\\\\EdgeUpdate\\\\\\\\Install\\\\\\\\{B6A4972A-04A1-4EA4-83CA-676CCD5C737C}\\\\\\\\EDGEMITMP_BB81F.tmp\\\\\\\\setup.exe\",\"targetObject\":\"HKLM\\\\\\\\SOFTWARE\\\\\\\\Microsoft\\\\\\\\Windows\\\\\\\\CurrentVersion\\\\\\\\App Paths\\\\\\\\msedge.exe\\\\\\\\SupportedProtocols\\\\\\\\http\",\"details\":\"(Empty)\",\"user\":\"NT AUTHORITY\\\\\\\\SYSTEM\"}}}","decoder":{"name":"windows_eventchannel"},"data":{"win":{"system":{"providerName":"Microsoft-Windows-Sysmon","providerGuid":"{5770385f-c22a-43e0-bf4c-06f5698ffbd9}","eventID":"13","version":"2","level":"4","task":"13","opcode":"0","keywords":"0x8000000000000000","systemTime":"2026-10-02T13:37:23.7294907Z","eventRecordID":"14947","processID":"3504","threadID":"4956","channel":"Microsoft-Windows-Sysmon/Operational","computer":"DESKTOP-5OG7C28","severityValue":"INFORMATION","message":"\"Registry value set:\r\nRuleName: -\r\nEventType: SetValue\r\nUtcTime: 2026-10-02 13:37:23.727\r\nProcessGuid: {4b2ce92d-b34e-6abf-8d02-000000001400}\r\nProcessId: 2440\r\nImage: C:\\Program Files (x86)\\Microsoft\\EdgeUpdate\\Install\\{B6A4972A-04A1-4EA4-83CA-676CCD5C737C}\\EDGEMITMP_BB81F.tmp\\setup.exe\r\nTargetObject: HKLM\\SOFTWARE\\Microsoft\\Windows\\CurrentVersion\\App Paths\\msedge.exe\\SupportedProtocols\\http\r\nDetails: (Empty)\r\nUser: NT AUTHORITY\\SYSTEM\""},"eventdata":{"eventType":"SetValue","utcTime":"2026-10-02 13:37:23.727","processGuid":"{4b2ce92d-b34e-6abf-8d02-000000001400}","processId":"2440","image":"C:\\\\Program Files (x86)\\\\Microsoft\\\\EdgeUpdate\\\\Install\\\\{B6A4972A-04A1-4EA4-83CA-676CCD5C737C}\\\\EDGEMITMP_BB81F.tmp\\\\setup.exe","targetObject":"HKLM\\\\SOFTWARE\\\\Microsoft\\\\Windows\\\\CurrentVersion\\\\App Paths\\\\msedge.exe\\\\SupportedProtocols\\\\http","details":"(Empty)","user":"NT AUTHORITY\\\\SYSTEM"}}},"location":"EventChannel"}
{"timestamp":"2026-10-02T15:37:23.124+0200","agent":{"id":"001","name":"Windows_VM","ip":"192.168.232.130"},"manager":{"name":"dcasey-virtual-machine"},"id":"1790948243.321646","full_log":"{\"win\":{\"system\":{\"providerName\":\"Microsoft-Windows-Sysmon\",\"providerGuid\":\"{5770385f-c22a-43e0-bf4c-06f5698ffbd9}\",\"eventID\":\"13\",\"version\":\"2\",\"level\":\"4\",\"task\":\"13\",\"opcode\":\"0\",\"keywords\":\"0x8000000000000000\",\"systemTime\":\"2026-10-02T13:37:23.7299127Z\",\"eventRecordID\":\"14948\",\"processID\":\"3504\",\"threadID\":\"4956\",\"channel\":\"Microsoft-Windows-Sysmon/Operational\",\"computer\":\"DESKTOP-5OG7C28\",\"severityValue\":\"INFORMATION\",\"message\":\"\\\"Registry value set:\\r\\nRuleName: -\\r\\nEventType: SetValue\\r\\nUtcTime: 2026-10-02 13:37:23.728\\r\\nProcessGuid: {4b2ce92d-b34e-6abf-8d02-000000001400}\\r\\nProcessId: 2440\\r\\nImage: C:\\\\Program Files (x86)\\\\Microsoft\\\\EdgeUpdate\\\\Install\\\\{B6A4972A-04A1-4EA4-83CA-676CCD5C737C}\\\\EDGEMITMP_BB81F.tmp\\\\setup.exe\\r\\nTargetObject: HKLM\\\\SOFTWARE\\\\Microsoft\\\\Windows\\\\CurrentVersion\\\\App Paths\\\\msedge.exe\\\\SupportedProtocols\\\\https\\r\\nDetails: (Empty)\\r\\nUser: NT AUTHORITY\\\\SYSTEM\\\"\"},\"eventdata\":{\"eventType\":\"SetValue\",\"utcTime\":\"2026-10-02 13:37:23.728\",\"processGuid\":\"{4b2ce92d-b34e-6abf-8d02-000000001400}\",\"processId\":\"2440\",\"image\":\"C:\\\\\\\\Program Files (x86)\\\\\\\\Microsoft\\\\\\\\EdgeUpdate\\\\\\\\Install\\\\\\\\{B6A4972A-04A1-4EA4-83CA-676CCD5C737C}\\\\\\\\EDGEMITMP_BB81F.tmp\\\\\\\\setup.exe\",\"targetObject\":\"HKLM\\\\\\\\SOFTWARE\\\\\\\\Microsoft\\\\\\\\Windows\\\\\\\\CurrentVersion\\\\\\\\App Paths\\\\\\\\msedge.exe\\\\\\\\SupportedProtocols\\\\\\\\https\",\"details\":\"(Empty)\",\"user\":\"NT AUTHORITY\\\\\\\\SYSTEM\"}}}","decoder":{"name":"windows_eventchannel"},"data":{"win":{"system":{"providerName":"Microsoft-Windows-Sysmon","providerGuid":"{5770385f-c22a-43e0-bf4c-06f5698ffbd9}","eventID":"13","version":"2","level":"4","task":"13","opcode":"0","keywords":"0x8000000000000000","systemTime":"2026-10-02T13:37:23.7299127Z","eventRecordID":"14948","processID":"3504","threadID":"4956","channel":"Microsoft-Windows-Sysmon/Operational","computer":"DESKTOP-5OG7C28","severityValue":"INFORMATION","message":"\"Registry value set:\r\nRuleName: -\r\nEventType: SetValue\r\nUtcTime: 2026-10-02 13:37:23.728\r\nProcessGuid: {4b2ce92d-b34e-6abf-8d02-000000001400}\r\nProcessId: 2440\r\nImage: C:\\Program Files (x86)\\Microsoft\\EdgeUpdate\\Install\\{B6A4972A-04A1-4EA4-83CA-676CCD5C737C}\\EDGEMITMP_BB81F.tmp\\setup.exe\r\nTargetObject: HKLM\\SOFTWARE\\Microsoft\\Windows\\CurrentVersion\\App Paths\\msedge.exe\\SupportedProtocols\\https\r\nDetails: (Empty)\r\nUser: NT AUTHORITY\\SYSTEM\""},"eventdata":{"eventType":"SetValue","utcTime":"2026-10-02 13:37:23.728","processGuid":"{4b2ce92d-b34e-6abf-8d02-000000001400}","processId":"2440","image":"C:\\\\Program Files (x86)\\\\Microsoft\\\\EdgeUpdate\\\\Install\\\\{B6A4972A-04A1-4EA4-83CA-676CCD5C737C}\\\\EDGEMITMP_BB81F.tmp\\\\setup.exe","targetObject":"HKLM\\\\SOFTWARE\\\\Microsoft\\\\Windows\\\\CurrentVersion\\\\App Paths\\\\msedge.exe\\\\SupportedProtocols\\\\https","details":"(Empty)","user":"NT AUTHORITY\\\\SYSTEM"}}},"location":"EventChannel"}
{"timestamp":"2026-10-02T15:37:23.140+0200","agent":{"id":"001","name":"Windows_VM","ip":"192.168.232.130"},"manager":{"name":"dcasey-virtual-machine"},"id":"1790948243.321646","full_log":"{\"win\":{\"system\":{\"providerName\":\"Microsoft-Windows-Sysmon\",\"providerGuid\":\"{5770385f-c22a-43e0-bf4c-06f5698ffbd9}\",\"eventID\":\"13\",\"version\":\"2\",\"level\":\"4\",\"task\":\"13\",\"opcode\":\"0\",\"keywords\":\"0x8000000000000000\",\"systemTime\":\"2026-10-02T13:37:23.7398519Z\",\"eventRecordID\":\"14949\",\"processID\":\"3504\",\"threadID\":\"4956\",\"channel\":\"Microsoft-Windows-Sysmon/Operational\",\"computer\":\"DESKTOP-5OG7C28\",\"severityValue\":\"INFORMATION\",\"message\":\"\\\"Registry value set:\\r\\nRuleName: T1042\\r\\nEventType: SetValue\\r\\nUtcTime: 2026-10-02 13:37:23.738\\r\\nProcessGuid: {4b2ce92d-b34e-6abf-8d02-000000001400}\\r\\nProcessId: 2440\\r\\nImage: C:\\\\Program Files (x86)\\\\Microsoft\\\\EdgeUpdate\\\\Install\\\\{B6A4972A-04A1-4EA4-83CA-676CCD5C737C}\\\\EDGEMITMP_BB81F.tmp\\\\setup.exe\\r\\nTargetObject: HKLM\\\\SOFTWARE\\\\Clients\\\\StartMenuInternet\\\\Microsoft Edge\\\\shell\\\\open\\\\command\\\\(Default)\\r\\nDetails: \\\"C:\\\\Program Files (x86)\\\\Microsoft\\\\Edge\\\\Application\\\\msedge.exe\\\"\\r\\nUser: NT AUTHORITY\\\\SYSTEM\\\"\"},\"eventdata\":{\"ruleName\":\"T1042\",\"eventType\":\"SetValue\",\"utcTime\":\"2026-10-02 13:37:23.738\",\"processGuid\":\"{4b2ce92d-b34e-6abf-8d02-000000001400}\",\"processId\":\"2440\",\"image\":\"C:\\\\\\\\Program Files (x86)\\\\\\\\Microsoft\\\\\\\\EdgeUpdate\\\\\\\\Install\\\\\\\\{B6A4972A-04A1-4EA4-83CA-676CCD5C737C}\\\\\\\\EDGEMITMP_BB81F.tmp\\\\\\\\setup.exe\",\"targetObject\":\"HKLM\\\\\\\\SOFTWARE\\\\\\\\Clients\\\\\\\\StartMenuInternet\\\\\\\\Microsoft Edge\\\\\\\\shell\\\\\\\\open\\\\\\\\command\\\\\\\\(Default)\",\"details\":\"\\\\\\\"C:\\\\\\\\Program Files (x86)\\\\\\\\Microsoft\\\\\\\\Edge\\\\\\\\Application\\\\\\\\msedge.exe\\\\\\\"\",\"user\":\"NT AUTHORITY\\\\\\\\SYSTEM\"}}}","decoder":{"name":"windows_eventchannel"},"data":{"win":{"system":{"providerName":"Microsoft-Windows-Sysmon","providerGuid":"{5770385f-c22a-43e0-bf4c-06f5698ffbd9}","eventID":"13","version":"2","level":"4","task":"13","opcode":"0","keywords":"0x8000000000000000","systemTime":"2026-10-02T13:37:23.7398519Z","eventRecordID":"14949","processID":"3504","threadID":"4956","channel":"Microsoft-Windows-Sysmon/Operational","computer":"DESKTOP-5OG7C28","severityValue":"INFORMATION","message":"\"Registry value set:\r\nRuleName: T1042\r\nEventType: SetValue\r\nUtcTime: 2026-10-02 13:37:23.738\r\nProcessGuid: {4b2ce92d-b34e-6abf-8d02-000000001400}\r\nProcessId: 2440\r\nImage: C:\\Program Files (x86)\\Microsoft\\EdgeUpdate\\Install\\{B6A4972A-04A1-4EA4-83CA-676CCD5C737C}\\EDGEMITMP_BB81F.tmp\\setup.exe\r\nTargetObject: HKLM\\SOFTWARE\\Clients\\StartMenuInternet\\Microsoft Edge\\shell\\open\\command\\(Default)\r\nDetails: \"C:\\Program Files (x86)\\Microsoft\\Edge\\Application\\msedge.exe\"\r\nUser: NT AUTHORITY\\SYSTEM\""},"eventdata":{"ruleName":"T1042","eventType":"SetValue","utcTime":"2026-10-02 13:37:23.738","processGuid":"{4b2ce92d-b34e-6abf-8d02-000000001400}","processId":"2440","image":"C:\\\\Program Files (x86)\\\\Microsoft\\\\EdgeUpdate\\\\Install\\\\{B6A4972A-04A1-4EA4-83CA-676CCD5C737C}\\\\EDGEMITMP_BB81F.tmp\\\\setup.exe","targetObject":"HKLM\\\\SOFTWARE\\\\Clients\\\\StartMenuInternet\\\\Microsoft Edge\\\\shell\\\\open\\\\command\\\\(Default)","details":"\\\"C:\\\\Program Files (x86)\\\\Microsoft\\\\Edge\\\\Application\\\\msedge.exe\\\"","user":"NT AUTHORITY\\\\SYSTEM"}}},"location":"EventChannel"}
{"timestamp":"2026-10-02T15:37:23.156+0200","agent":{"id":"001","name":"Windows_VM","ip":"192.168.232.130"},"manager":{"name":"dcasey-virtual-machine"},"id":"1790948243.321646","full_log":"{\"win\":{\"system\":{\"providerName\":\"Microsoft-Windows-Sysmon\",\"providerGuid\":\"{5770385f-c22a-43e0-bf4c-06f5698ffbd9}\",\"eventID\":\"13\",\"version\":\"2\",\"level\":\"4\",\"task\":\"13\",\"opcode\":\"0\",\"keywords\":\"0x8000000000000000\",\"systemTime\":\"2026-10-02T13:37:23.7750090Z\",\"eventRecordID\":\"14950\",\"processID\":\"3504\",\"threadID\":\"4956\",\"channel\":\"Microsoft-Windows-Sysmon/Operational\",\"computer\":\"DESKTOP-5OG7C28\",\"severityValue\":\"INFORMATION\",\"message\":\"\\\"Registry value set:\\r\\nRuleName: T1042\\r\\nEventType: SetValue\\r\\nUtcTime: 2026-10-02 13:37:23.773\\r\\nProcessGuid: {4b2ce92d-b34e-6abf-8d02-000000001400}\\r\\nProcessId: 2440\\r\\nImage: C:\\\\Program Files (x86)\\\\Microsoft\\\\EdgeUpdate\\\\Install\\\\{B6A4972A-04A1-4EA4-83CA-676CCD5C737C}\\\\EDGEMITMP_BB81F.tmp\\\\setup.exe\\r\\nTargetObject: HKCR\\\\microsoft-edge\\\\shell\\\\open\\\\command\\\\(Default)\\r\\nDetails: \\\"C:\\\\Program Files (x86)\\\\Microsoft\\\\Edge\\\\Application\\\\msedge.exe\\\" --single-argument Incorrect function. \\r\\nUser: NT AUTHORITY\\\\SYSTEM\\\"\"},\"eventdata\":{\"ruleName\":\"T1042\",\"eventType\":\"SetValue\",\"utcTime\":\"2026-10-02 13:37:23.773\",\"processGuid\":\"{4b2ce92d-b34e-6abf-8d02-000000001400}\",\"processId\":\"2440\",\"image\":\"C:\\\\\\\\Program Files (x86)\\\\\\\\Microsoft\\\\\\\\EdgeUpdate\\\\\\\\Install\\\\\\\\{B6A4972A-04A1-4EA4-83CA-676CCD5C737C}\\\\\\\\EDGEMITMP_BB81F.tmp\\\\\\\\setup.exe\",\"targetObject\":\"HKCR\\\\\\\\microsoft-edge\\\\\\\\shell\\\\\\\\open\\\\\\\\command\\\\\\\\(Default)\",\"details\":\"\\\\\\\"C:\\\\\\\\Program Files (x86)\\\\\\\\Microsoft\\\\\\\\Edge\\\\\\\\Application\\\\\\\\msedge.exe\\\\\\\" --single-argument %%1\",\"user\":\"NT AUTHORITY\\\\\\\\SYSTEM\"}}}","decoder":{"name":"windows_eventchannel"},"data":{"win":{"system":{"providerName":"Microsoft-Windows-Sysmon","providerGuid":"{5770385f-c22a-43e0-bf4c-06f5698ffbd9}","eventID":"13","version":"2","level":"4","task":"13","opcode":"0","keywords":"0x8000000000000000","systemTime":"2026-10-02T13:37:23.7750090Z","eventRecordID":"14950","processID":"3504","threadID":"4956","channel":"Microsoft-Windows-Sysmon/Operational","computer":"DESKTOP-5OG7C28","severityValue":"INFORMATION","message":"\"Registry value set:\r\nRuleName: T1042\r\nEventType: SetValue\r\nUtcTime: 2026-10-02 13:37:23.773\r\nProcessGuid: {4b2ce92d-b34e-6abf-8d02-000000001400}\r\nProcessId: 2440\r\nImage: C:\\Program Files (x86)\\Microsoft\\EdgeUpdate\\Install\\{B6A4972A-04A1-4EA4-83CA-676CCD5C737C}\\EDGEMITMP_BB81F.tmp\\setup.exe\r\nTargetObject: HKCR\\microsoft-edge\\shell\\open\\command\\(Default)\r\nDetails: \"C:\\Program Files (x86)\\Microsoft\\Edge\\Application\\msedge.exe\" --single-argument Incorrect function. \r\nUser: NT AUTHORITY\\SYSTEM\""},"eventdata":{"ruleName":"T1042","eventType":"SetValue","utcTime":"2026-10-02 13:37:23.773","processGuid":"{4b2ce92d-b34e-6abf-8d02-000000001400}","processId":"2440","image":"C:\\\\Program Files (x86)\\\\Microsoft\\\\EdgeUpdate\\\\Install\\\\{B6A4972A-04A1-4EA4-83CA-676CCD5C737C}\\\\EDGEMITMP_BB81F.tmp\\\\setup.exe","targetObject":"HKCR\\\\microsoft-edge\\\\shell\\\\open\\\\command\\\\(Default)","details":"\\\"C:\\\\Program Files (x86)\\\\Microsoft\\\\Edge\\\\Application\\\\msedge.exe\\\" --single-argument %%1","user":"NT AUTHORITY\\\\SYSTEM"}}},"location":"EventChannel"}
{"timestamp":"2026-10-02T15:37:24.316+0200","agent":{"id":"001","name":"Windows_VM","ip":"192.168.232.130"},"manager":{"name":"dcasey-virtual-machine"},"id":"1790948244.321646","full_log":"{\"win\":{\"system\":{\"providerName\":\"Microsoft-Windows-Sysmon\",\"providerGuid\":\"{5770385f-c22a-43e0-bf4c-06f5698ffbd9}\",\"eventID\":\"1\",\"version\":\"5\",\"level\":\"4\",\"task\":\"1\",\"opcode\":\"0\",\"keywords\":\"0x8000000000000000\",\"systemTime\":\"2026-10-02T13:37:24.3229840Z\",\"eventRecordID\":\"14951\",\"processID\":\"3504\",\"threadID\":\"4956\",\"channel\":\"Microsoft-Windows-Sysmon/Operational\",\"computer\":\"DESKTOP-5OG7C28\",\"severityValue\":\"INFORMATION\",\"message\":\"\\\"Process Create:\\r\\nRuleName: -\\r\\nUtcTime: 2026-10-02 13:37:24.293\\r\\nProcessGuid: {4b2ce92d-b394-6abf-9602-000000001400}\\r\\nProcessId: 10988\\r\\nImage: C:\\\\Program Files (x86)\\\\Microsoft\\\\Edge\\\\Application\\\\154.0.4258.48\\\\Installer\\\\setup.exe\\r\\nFileVersion: 154.0.4258.48\\r\\nDescription: Microsoft Edge Installer\\r\\nProduct: Microsoft Edge Installer\\r\\nCompany: Microsoft Corporation\\r\\nOriginalFileName: setup.exe\\r\\nCommandLine: \\\"C:\\\\Program Files (x86)\\\\Microsoft\\\\Edge\\\\Application\\\\154.0.4258.48\\\\Installer\\\\setup.exe\\\" --msedge --channel=stable --delete-old-versions --system-level --verbose-logging\\r\\nCurrentDirectory: C:\\\\Program Files (x86)\\\\Microsoft\\\\Edge\\\\Application\\\\154.0.4258.48\\\\Installer\\\\\\r\\nUser: NT AUTHORITY\\\\SYSTEM\\r\\nLogonGuid: {4b2ce92d-824a-6abe-e703-000000000000}\\r\\nLogonId: 0x3E7\\r\\nTerminalSessionId: 0\\r\\nIntegrityLevel: System\\r\\nHashes: MD5=D0E7BD7A6A04B9475DC897BC09E37EE6,SHA256=A2B295222B0325150773385BAD0F5ACBCE8CCE16A60CFC6B883CC1CBBACA9E8E,IMPHASH=3A957038E01A36E9455A72310E40AB52\\r\\nParentProcessGuid: {4b2ce92d-b34e-6abf-8d02-000000001400}\\r\\nParentProcessId: 2440\\r\\nParentImage: C:\\\\Program Files (x86)\\\\Microsoft\\\\EdgeUpdate\\\\Install\\\\{B6A4972A-04A1-4EA4-83CA-676CCD5C737C}\\\\EDGEMITMP_BB81F.tmp\\\\setup.exe\\r\\nParentCommandLine: \\\"C:\\\\Program Files (x86)\\\\Microsoft\\\\EdgeUpdate\\\\Install\\\\{B6A4972A-04A1-4EA4-83CA-676CCD5C737C}\\\\EDGEMITMP_BB81F.tmp\\\\setup.exe\\\" --install-archive=\\\"C:\\\\Program Files (x86)\\\\Microsoft\\\\EdgeUpdate\\\\Install\\\\{B6A4972A-04A1-4EA4-83CA-676CCD5C737C}\\\\MicrosoftEdge_X64_154.0.4258.48_154.0.4258.37.exe\\\" --previous-version=\\\"154.0.4258.37\\\" --msedge --verbose-logging --do-not-launch-msedge --system-level --channel=stable\\r\\nParentUser: NT AUTHORITY\\\\SYSTEM\\\"\"},\"eventdata\":{\"utcTime\":\"2026-10-02 13:37:24.293\",\"processGuid\":\"{4b2ce92d-b394-6abf-9602-000000001400}\",\"processId\":\"10988\",\"image\":\"C:\\\\\\\\Program Files (x86)\\\\\\\\Microsoft\\\\\\\\Edge\\\\\\\\Application\\\\\\\\154.0.4258.48\\\\\\\\Installer\\\\\\\\setup.exe\",\"fileVersion\":\"154.0.4258.48\",\"description\":\"Microsoft Edge Installer\",\"product\":\"Microsoft Edge Installer\",\"company\":\"Microsoft Corporation\",\"originalFileName\":\"setup.exe\",\"commandLine\":\"\\\\\\\"C:\\\\\\\\Program Files (x86)\\\\\\\\Microsoft\\\\\\\\Edge\\\\\\\\Application\\\\\\\\154.0.4258.48\\\\\\\\Installer\\\\\\\\setup.exe\\\\\\\" --msedge --channel=stable --delete-old-versions --system-level --verbose-logging\",\"currentDirectory\":\"C:\\\\\\\\Program Files (x86)\\\\\\\\Microsoft\\\\\\\\Edge\\\\\\\\Application\\\\\\\\154.0.4258.48\\\\\\\\Installer\\\\\\\\\",\"user\":\"NT AUTHORITY\\\\\\\\SYSTEM\",\"logonGuid\":\"{4b2ce92d-824a-6abe-e703-000000000000}\",\"logonId\":\"0x3e7\",\"terminalSessionId\":\"0\",\"integrityLevel\":\"System\",\"hashes\":\"MD5=D0E7BD7A6A04B9475DC897BC09E37EE6,SHA256=A2B295222B0325150773385BAD0F5ACBCE8CCE16A60CFC6B883CC1CBBACA9E8E,IMPHASH=3A957038E01A36E9455A72310E40AB52\",\"parentProcessGuid\":\"{4b2ce92d-b34e-6abf-8d02-000000001400}\",\"parentProcessId\":\"2440\",\"parentImage\":\"C:\\\\\\\\Program Files (x86)\\\\\\\\Microsoft\\\\\\\\EdgeUpdate\\\\\\\\Install\\\\\\\\{B6A4972A-04A1-4EA4-83CA-676CCD5C737C}\\\\\\\\EDGEMITMP_BB81F.tmp\\\\\\\\setup.exe\",\"parentCommandLine\":\"\\\\\\\"C:\\\\\\\\Program Files (x86)\\\\\\\\Microsoft\\\\\\\\EdgeUpdate\\\\\\\\Install\\\\\\\\{B6A4972A-04A1-4EA4-83CA-676CCD5C737C}\\\\\\\\EDGEMITMP_BB81F.tmp\\\\\\\\setup.exe\\\\\\\" --install-archive=\\\\\\\"C:\\\\\\\\Program Files (x86)\\\\\\\\Microsoft\\\\\\\\EdgeUpdate\\\\\\\\Install\\\\\\\\{B6A4972A-04A1-4EA4-83CA-676CCD5C737C}\\\\\\\\MicrosoftEdge_X64_154.0.4258.48_154.0.4258.37.exe\\\\\\\" --previous-version=\\\\\\\"154.0.4258.37\\\\\\\" --msedge --verbose-logging --do-not-launch-msedge --system-level --channel=stable\",\"parentUser\":\"NT AUTHORITY\\\\\\\\SYSTEM\"}}}","decoder":{"name":"windows_eventchannel"},"data":{"win":{"system":{"providerName":"Microsoft-Windows-Sysmon","providerGuid":"{5770385f-c22a-43e0-bf4c-06f5698ffbd9}","eventID":"1","version":"5","level":"4","task":"1","opcode":"0","keywords":"0x8000000000000000","systemTime":"2026-10-02T13:37:24.3229840Z","eventRecordID":"14951","processID":"3504","threadID":"4956","channel":"Microsoft-Windows-Sysmon/Operational","computer":"DESKTOP-5OG7C28","severityValue":"INFORMATION","message":"\"Process Create:\r\nRuleName: -\r\nUtcTime: 2026-10-02 13:37:24.293\r\nProcessGuid: {4b2ce92d-b394-6abf-9602-000000001400}\r\nProcessId: 10988\r\nImage: C:\\Program Files (x86)\\Microsoft\\Edge\\Application\\154.0.4258.48\\Installer\\setup.exe\r\nFileVersion: 154.0.4258.48\r\nDescription: Microsoft Edge Installer\r\nProduct: Microsoft Edge Installer\r\nCompany: Microsoft Corporation\r\nOriginalFileName: setup.exe\r\nCommandLine: \"C:\\Program Files (x86)\\Microsoft\\Edge\\Application\\154.0.4258.48\\Installer\\setup.exe\" --msedge --channel=stable --delete-old-versions --system-level --verbose-logging\r\nCurrentDirectory: C:\\Program Files (x86)\\Microsoft\\Edge\\Application\\154.0.4258.48\\Installer\\\r\nUser: NT AUTHORITY\\SYSTEM\r\nLogonGuid: {4b2ce92d-824a-6abe-e703-000000000000}\r\nLogonId: 0x3E7\r\nTerminalSessionId: 0\r\nIntegrityLevel: System\r\nHashes: MD5=D0E7BD7A6A04B9475DC897BC09E37EE6,SHA256=A2B295222B0325150773385BAD0F5ACBCE8CCE16A60CFC6B883CC1CBBACA9E8E,IMPHASH=3A957038E01A36E9455A72310E40AB52\r\nParentProcessGuid: {4b2ce92d-b34e-6abf-8d02-000000001400}\r\nParentProcessId: 2440\r\nParentImage: C:\\Program Files (x86)\\Microsoft\\EdgeUpdate\\Install\\{B6A4972A-04A1-4EA4-83CA-676CCD5C737C}\\EDGEMITMP_BB81F.tmp\\setup.exe\r\nParentCommandLine: \"C:\\Program Files (x86)\\Microsoft\\EdgeUpdate\\Install\\{B6A4972A-04A1-4EA4-83CA-676CCD5C737C}\\EDGEMITMP_BB81F.tmp\\setup.exe\" --install-archive=\"C:\\Program Files (x86)\\Microsoft\\EdgeUpdate\\Install\\{B6A4972A-04A1-4EA4-83CA-676CCD5C737C}\\MicrosoftEdge_X64_154.0.4258.48_154.0.4258.37.exe\" --previous-version=\"154.0.4258.37\" --msedge --verbose-logging --do-not-launch-msedge --system-level --channel=stable\r\nParentUser: NT AUTHORITY\\SYSTEM\""},"eventdata":{"utcTime":"2026-10-02 13:37:24.293","processGuid":"{4b2ce92d-b394-6abf-9602-000000001400}","processId":"10988","image":"C:\\\\Program Files (x86)\\\\Microsoft\\\\Edge\\\\Application\\\\154.0.4258.48\\\\Installer\\\\setup.exe","fileVersion":"154.0.4258.48","description":"Microsoft Edge Installer","product":"Microsoft Edge Installer","company":"Microsoft Corporation","originalFileName":"setup.exe","commandLine":"\\\"C:\\\\Program Files (x86)\\\\Microsoft\\\\Edge\\\\Application\\\\154.0.4258.48\\\\Installer\\\\setup.exe\\\" --msedge --channel=stable --delete-old-versions --system-level --verbose-logging","currentDirectory":"C:\\\\Program Files (x86)\\\\Microsoft\\\\Edge\\\\Application\\\\154.0.4258.48\\\\Installer\\\\","user":"NT AUTHORITY\\\\SYSTEM","logonGuid":"{4b2ce92d-824a-6abe-e703-000000000000}","logonId":"0x3e7","terminalSessionId":"0","integrityLevel":"System","hashes":"MD5=D0E7BD7A6A04B9475DC897BC09E37EE6,SHA256=A2B295222B0325150773385BAD0F5ACBCE8CCE16A60CFC6B883CC1CBBACA9E8E,IMPHASH=3A957038E01A36E9455A72310E40AB52","parentProcessGuid":"{4b2ce92d-b34e-6abf-8d02-000000001400}","parentProcessId":"2440","parentImage":"C:\\\\Program Files (x86)\\\\Microsoft\\\\EdgeUpdate\\\\Install\\\\{B6A4972A-04A1-4EA4-83CA-676CCD5C737C}\\\\EDGEMITMP_BB81F.tmp\\\\setup.exe","parentCommandLine":"\\\"C:\\\\Program Files (x86)\\\\Microsoft\\\\EdgeUpdate\\\\Install\\\\{B6A4972A-04A1-4EA4-83CA-676CCD5C737C}\\\\EDGEMITMP_BB81F.tmp\\\\setup.exe\\\" --install-archive=\\\"C:\\\\Program Files (x86)\\\\Microsoft\\\\EdgeUpdate\\\\Install\\\\{B6A4972A-04A1-4EA4-83CA-676CCD5C737C}\\\\MicrosoftEdge_X64_154.0.4258.48_154.0.4258.37.exe\\\" --previous-version=\\\"154.0.4258.37\\\" --msedge --verbose-logging --do-not-launch-msedge --system-level --channel=stable","parentUser":"NT AUTHORITY\\\\SYSTEM"}}},"location":"EventChannel"}
