{"timestamp":"2026-10-02T15:45:49.630+0200","agent":{"id":"001","name":"Windows_VM","ip":"192.168.232.130"},"manager":{"name":"dcasey-virtual-machine"},"id":"1790948749.349817","full_log":"{\"win\":{\"system\":{\"providerName\":\"Microsoft-Windows-Kernel-General\",\"providerGuid\":\"{a68ca8b7-004f-d7b6-a698-07e2de0f1f5d}\",\"eventID\":\"1\",\"version\":\"4\",\"level\":\"4\",\"task\":\"5\",\"opcode\":\"0\",\"keywords\":\"0x8000000000000010\",\"systemTime\":\"2026-10-02T14:45:39.6696398Z\",\"eventRecordID\":\"2976\",\"processID\":\"4028\",\"threadID\":\"8472\",\"channel\":\"System\",\"computer\":\"DESKTOP-5OG7C28\",\"severityValue\":\"INFORMATION\",\"message\":\"\\\"The system time has changed to ‎2026‎-‎10‎-‎02T14:45:39.666000000Z from ‎2026‎-‎10‎-‎02T13:45:44.588500600Z.\\r\\nTime Delta: 3595077 ms\\r\\n\\r\\nChange Reason: An application or system component changed the time.\\r\\nProcess: '\\\\Device\\\\HarddiskVolume3\\\\Windows\\\\System32\\\\SystemSettingsAdminFlows.exe' (PID 4028).\\r\\n\\r\\nRTC time: ‎2026‎-‎10‎-‎02T15:45:39.666000000Z\\r\\nCurrent time zone bias: -60\\r\\nRTC time is in UTC: false\\r\\nSystem time was based on RTC time: false\\\"\"},\"eventdata\":{\"newTime\":\"2026-10-02T14:45:39.6660000Z\",\"oldTime\":\"2026-10-02T13:45:44.5885006Z\",\"timeDeltaInMs\":\"3595077\",\"reason\":\"1\",\"processName\":\"\\\\\\\\Device\\\\\\\\HarddiskVolume3\\\\\\\\Windows\\\\\\\\System32\\\\\\\\SystemSettingsAdminFlows.exe\",\"processID\":\"4028\",\"cmosTime\":\"2026-10-02T15:45:39.6660000Z\",\"timeZoneBias\":\"-60\",\"realTimeIsUniversal\":\"false\",\"systemInCmosMode\":\"false\"}}}","decoder":{"name":"windows_eventchannel"},"data":{"win":{"system":{"providerName":"Microsoft-Windows-Kernel-General","providerGuid":"{a68ca8b7-004f-d7b6-a698-07e2de0f1f5d}","eventID":"1","version":"4","level":"4","task":"5","opcode":"0","keywords":"0x8000000000000010","systemTime":"2026-10-02T14:45:39.6696398Z","eventRecordID":"2976","processID":"4028","threadID":"8472","channel":"System","computer":"DESKTOP-5OG7C28","severityValue":"INFORMATION","message":"\"The system time has changed to ‎2026‎-‎10‎-‎02T14:45:39.666000000Z from ‎2026‎-‎10‎-‎02T13:45:44.588500600Z.\r\nTime Delta: 3595077 ms\r\n\r\nChange Reason: An application or system component changed the time.\r\nProcess: '\\Device\\HarddiskVolume3\\Windows\\System32\\SystemSettingsAdminFlows.exe' (PID 4028).\r\n\r\nRTC time: ‎2026‎-‎10‎-‎02T15:45:39.666000000Z\r\nCurrent time zone bias: -60\r\nRTC time is in UTC: false\r\nSystem time was based on RTC time: false\""},"eventdata":{"newTime":"2026-10-02T14:45:39.6660000Z","oldTime":"2026-10-02T13:45:44.5885006Z","timeDeltaInMs":"3595077","reason":"1","processName":"\\\\Device\\\\HarddiskVolume3\\\\Windows\\\\System32\\\\SystemSettingsAdminFlows.exe","processID":"4028","cmosTime":"2026-10-02T15:45:39.6660000Z","timeZoneBias":"-60","realTimeIsUniversal":"false","systemInCmosMode":"false"}}},"location":"EventChannel"}
{"timestamp":"2026-10-02T15:45:49.647+0200","rule":{"level":5,"description":"System time changed","id":"60132","firedtimes":2,"mail":false,"groups":["windows","windows_security","time_changed"],"pci_dss":["10.6.1"],"gpg13":["1.3","4.13"],"gdpr":["IV_35.7.d"],"hipaa":["164.312.b"],"nist_800_53":["AU.6"],"tsc":["CC7.2","CC7.3"]},"agent":{"id":"001","name":"Windows_VM","ip":"192.168.232.130"},"manager":{"name":"dcasey-virtual-machine"},"id":"1790948749.353271","full_log":"{\"win\":{\"system\":{\"providerName\":\"Microsoft-Windows-Security-Auditing\",\"providerGuid\":\"{54849625-5478-4994-a5ba-3e3b0328c30d}\",\"eventID\":\"4616\",\"version\":\"1\",\"level\":\"0\",\"task\":\"12288\",\"opcode\":\"0\",\"keywords\":\"0x8020000000000000\",\"systemTime\":\"2026-10-02T14:45:39.6757530Z\",\"eventRecordID\":\"54044\",\"processID\":\"4\",\"threadID\":\"3272\",\"channel\":\"Security\",\"computer\":\"DESKTOP-5OG7C28\",\"severityValue\":\"AUDIT_SUCCESS\",\"message\":\"\\\"The system time was changed.\\r\\n\\r\\nSubject:\\r\\n\\tSecurity ID:\\t\\tS-1-5-21-2586188580-1629295405-1270050116-1001\\r\\n\\tAccount Name:\\t\\tDarragh Casey\\r\\n\\tAccount Domain:\\t\\tDESKTOP-5OG7C28\\r\\n\\tLogon ID:\\t\\t0xA8D6D\\r\\n\\r\\nProcess Information:\\r\\n\\tProcess ID:\\t0xfbc\\r\\n\\tName:\\t\\tC:\\\\Windows\\\\System32\\\\SystemSettingsAdminFlows.exe\\r\\n\\r\\nPrevious Time:\\t\\t‎2026‎-‎10‎-‎02T14:45:39.668229700Z\\r\\nNew Time:\\t\\t‎2026‎-‎10‎-‎02T14:45:39.666000000Z\\r\\n\\r\\nThis event is generated when the system time is changed. It is normal for the Windows Time Service, which runs with System privilege, to change the system time on a regular basis. Other system time changes may be indicative of attempts to tamper with the computer.\\\"\"},\"eventdata\":{\"subjectUserSid\":\"S-1-5-21-2586188580-1629295405-1270050116-1001\",\"subjectUserName\":\"Darragh Casey\",\"subjectDomainName\":\"DESKTOP-5OG7C28\",\"subjectLogonId\":\"0xa8d6d\",\"previousTime\":\"2026-10-02T14:45:39.6682297Z\",\"newTime\":\"2026-10-02T14:45:39.6660000Z\",\"processId\":\"0xfbc\",\"processName\":\"C:\\\\\\\\Windows\\\\\\\\System32\\\\\\\\SystemSettingsAdminFlows.exe\"}}}","decoder":{"name":"windows_eventchannel"},"data":{"win":{"system":{"providerName":"Microsoft-Windows-Security-Auditing","providerGuid":"{54849625-5478-4994-a5ba-3e3b0328c30d}","eventID":"4616","version":"1","level":"0","task":"12288","opcode":"0","keywords":"0x8020000000000000","systemTime":"2026-10-02T14:45:39.6757530Z","eventRecordID":"54044","processID":"4","threadID":"3272","channel":"Security","computer":"DESKTOP-5OG7C28","severityValue":"AUDIT_SUCCESS","message":"\"The system time was changed.\r\n\r\nSubject:\r\n\tSecurity ID:\t\tS-1-5-21-2586188580-1629295405-1270050116-1001\r\n\tAccount Name:\t\tDarragh Casey\r\n\tAccount Domain:\t\tDESKTOP-5OG7C28\r\n\tLogon ID:\t\t0xA8D6D\r\n\r\nProcess Information:\r\n\tProcess ID:\t0xfbc\r\n\tName:\t\tC:\\Windows\\System32\\SystemSettingsAdminFlows.exe\r\n\r\nPrevious Time:\t\t‎2026‎-‎10‎-‎02T14:45:39.668229700Z\r\nNew Time:\t\t‎2026‎-‎10‎-‎02T14:45:39.666000000Z\r\n\r\nThis event is generated when the system time is changed. It is normal for the Windows Time Service, which runs with System privilege, to change the system time on a regular basis. Other system time changes may be indicative of attempts to tamper with the computer.\""},"eventdata":{"subjectUserSid":"S-1-5-21-2586188580-1629295405-1270050116-1001","subjectUserName":"Darragh Casey","subjectDomainName":"DESKTOP-5OG7C28","subjectLogonId":"0xa8d6d","previousTime":"2026-10-02T14:45:39.6682297Z","newTime":"2026-10-02T14:45:39.6660000Z","processId":"0xfbc","processName":"C:\\\\Windows\\\\System32\\\\SystemSettingsAdminFlows.exe"}}},"location":"EventChannel"}
{"timestamp":"2026-10-02T15:45:49.663+0200","agent":{"id":"001","name":"Windows_VM","ip":"192.168.232.130"},"manager":{"name":"dcasey-virtual-machine"},"id":"1790948749.353271","full_log":"{\"win\":{\"system\":{\"providerName\":\"Microsoft-Windows-Kernel-General\",\"providerGuid\":\"{a68ca8b7-004f-d7b6-a698-07e2de0f1f5d}\",\"eventID\":\"24\",\"version\":\"0\",\"level\":\"4\",\"task\":\"11\",\"opcode\":\"0\",\"keywords\":\"0x8000000000000010\",\"systemTime\":\"2026-10-02T14:45:39.6667740Z\",\"eventRecordID\":\"2977\",\"processID\":\"4028\",\"threadID\":\"8472\",\"channel\":\"System\",\"computer\":\"DESKTOP-5OG7C28\",\"severityValue\":\"INFORMATION\",\"message\":\"\\\"The time zone information was refreshed with exit reason 0. Current time zone bias is -60.\\\"\"},\"eventdata\":{\"exitReason\":\"0\",\"currentBias\":\"-60\",\"currentTimeZoneID\":\"2\",\"timeZoneInfoCacheUpdated\":\"0\",\"firstRefresh\":\"0\"}}}","decoder":{"name":"windows_eventchannel"},"data":{"win":{"system":{"providerName":"Microsoft-Windows-Kernel-General","providerGuid":"{a68ca8b7-004f-d7b6-a698-07e2de0f1f5d}","eventID":"24","version":"0","level":"4","task":"11","opcode":"0","keywords":"0x8000000000000010","systemTime":"2026-10-02T14:45:39.6667740Z","eventRecordID":"2977","processID":"4028","threadID":"8472","channel":"System","computer":"DESKTOP-5OG7C28","severityValue":"INFORMATION","message":"\"The time zone information was refreshed with exit reason 0. Current time zone bias is -60.\""},"eventdata":{"exitReason":"0","currentBias":"-60","currentTimeZoneID":"2","timeZoneInfoCacheUpdated":"0","firstRefresh":"0"}}},"location":"EventChannel"}
{"timestamp":"2026-10-02T15:45:49.679+0200","agent":{"id":"001","name":"Windows_VM","ip":"192.168.232.130"},"manager":{"name":"dcasey-virtual-machine"},"id":"1790948749.353271","full_log":"{\"win\":{\"system\":{\"providerName\":\"Microsoft-Windows-Security-Auditing\",\"providerGuid\":\"{54849625-5478-4994-a5ba-3e3b0328c30d}\",\"eventID\":\"5379\",\"version\":\"0\",\"level\":\"0\",\"task\":\"13824\",\"opcode\":\"0\",\"keywords\":\"0x8020000000000000\",\"systemTime\":\"2026-10-02T14:45:42.1950442Z\",\"eventRecordID\":\"54045\",\"processID\":\"820\",\"threadID\":\"7800\",\"channel\":\"Security\",\"computer\":\"DESKTOP-5OG7C28\",\"severityValue\":\"AUDIT_SUCCESS\",\"message\":\"\\\"Credential Manager credentials were read.\\r\\n\\r\\nSubject:\\r\\n\\tSecurity ID:\\t\\tS-1-5-18\\r\\n\\tAccount Name:\\t\\tDESKTOP-5OG7C28$\\r\\n\\tAccount Domain:\\t\\tWORKGROUP\\r\\n\\tLogon ID:\\t\\t0x3E7\\r\\n\\tRead Operation:\\t\\tEnumerate Credentials\\r\\n\\r\\nThis event occurs when a user performs a read operation on stored credentials in Credential Manager.\\\"\"},\"eventdata\":{\"subjectUserSid\":\"S-1-5-18\",\"subjectUserName\":\"DESKTOP-5OG7C28$\",\"subjectDomainName\":\"WORKGROUP\",\"subjectLogonId\":\"0x3e7\",\"targetName\":\"MicrosoftAccount:user=02ytqxpavlpvtrfm\",\"type\":\"0\",\"countOfCredentialsReturned\":\"0\",\"readOperation\":\"%%8100\",\"returnCode\":\"3221226021\",\"processCreationTime\":\"2026-10-02T13:34:51.1226711Z\",\"clientProcessId\":\"7408\"}}}","decoder":{"name":"windows_eventchannel"},"data":{"win":{"system":{"providerName":"Microsoft-Windows-Security-Auditing","providerGuid":"{54849625-5478-4994-a5ba-3e3b0328c30d}","eventID":"5379","version":"0","level":"0","task":"13824","opcode":"0","keywords":"0x8020000000000000","systemTime":"2026-10-02T14:45:42.1950442Z","eventRecordID":"54045","processID":"820","threadID":"7800","channel":"Security","computer":"DESKTOP-5OG7C28","severityValue":"AUDIT_SUCCESS","message":"\"Credential Manager credentials were read.\r\n\r\nSubject:\r\n\tSecurity ID:\t\tS-1-5-18\r\n\tAccount Name:\t\tDESKTOP-5OG7C28$\r\n\tAccount Domain:\t\tWORKGROUP\r\n\tLogon ID:\t\t0x3E7\r\n\tRead Operation:\t\tEnumerate Credentials\r\n\r\nThis event occurs when a user performs a read operation on stored credentials in Credential Manager.\""},"eventdata":{"subjectUserSid":"S-1-5-18","subjectUserName":"DESKTOP-5OG7C28$","subjectDomainName":"WORKGROUP","subjectLogonId":"0x3e7","targetName":"MicrosoftAccount:user=02ytqxpavlpvtrfm","type":"0","countOfCredentialsReturned":"0","readOperation":"%%8100","returnCode":"3221226021","processCreationTime":"2026-10-02T13:34:51.1226711Z","clientProcessId":"7408"}}},"location":"EventChannel"}
{"timestamp":"2026-10-02T15:45:49.699+0200","agent":{"id":"001","name":"Windows_VM","ip":"192.168.232.130"},"manager":{"name":"dcasey-virtual-machine"},"id":"1790948749.353271","full_log":"{\"win\":{\"system\":{\"providerName\":\"Microsoft-Windows-Kernel-General\",\"providerGuid\":\"{a68ca8b7-004f-d7b6-a698-07e2de0f1f5d}\",\"eventID\":\"1\",\"version\":\"4\",\"level\":\"4\",\"task\":\"5\",\"opcode\":\"0\",\"keywords\":\"0x8000000000000010\",\"systemTime\":\"2026-10-02T14:45:39.6755662Z\",\"eventRecordID\":\"2978\",\"processID\":\"4028\",\"threadID\":\"8472\",\"channel\":\"System\",\"computer\":\"DESKTOP-5OG7C28\",\"severityValue\":\"INFORMATION\",\"message\":\"\\\"The system time has changed to ‎2026‎-‎10‎-‎02T14:45:39.666000000Z from ‎2026‎-‎10‎-‎02T14:45:39.668229700Z.\\r\\nTime Delta: -2 ms\\r\\n\\r\\nChange Reason: An application or system component changed the time.\\r\\nProcess: '\\\\Device\\\\HarddiskVolume3\\\\Windows\\\\System32\\\\SystemSettingsAdminFlows.exe' (PID 4028).\\r\\n\\r\\nRTC time: ‎2026‎-‎10‎-‎02T15:45:39.666000000Z\\r\\nCurrent time zone bias: -60\\r\\nRTC time is in UTC: false\\r\\nSystem time was based on RTC time: false\\\"\"},\"eventdata\":{\"newTime\":\"2026-10-02T14:45:39.6660000Z\",\"oldTime\":\"2026-10-02T14:45:39.6682297Z\",\"timeDeltaInMs\":\"-2\",\"reason\":\"1\",\"processName\":\"\\\\\\\\Device\\\\\\\\HarddiskVolume3\\\\\\\\Windows\\\\\\\\System32\\\\\\\\SystemSettingsAdminFlows.exe\",\"processID\":\"4028\",\"cmosTime\":\"2026-10-02T15:45:39.6660000Z\",\"timeZoneBias\":\"-60\",\"realTimeIsUniversal\":\"false\",\"systemInCmosMode\":\"false\"}}}","decoder":{"name":"windows_eventchannel"},"data":{"win":{"system":{"providerName":"Microsoft-Windows-Kernel-General","providerGuid":"{a68ca8b7-004f-d7b6-a698-07e2de0f1f5d}","eventID":"1","version":"4","level":"4","task":"5","opcode":"0","keywords":"0x8000000000000010","systemTime":"2026-10-02T14:45:39.6755662Z","eventRecordID":"2978","processID":"4028","threadID":"8472","channel":"System","computer":"DESKTOP-5OG7C28","severityValue":"INFORMATION","message":"\"The system time has changed to ‎2026‎-‎10‎-‎02T14:45:39.666000000Z from ‎2026‎-‎10‎-‎02T14:45:39.668229700Z.\r\nTime Delta: -2 ms\r\n\r\nChange Reason: An application or system component changed the time.\r\nProcess: '\\Device\\HarddiskVolume3\\Windows\\System32\\SystemSettingsAdminFlows.exe' (PID 4028).\r\n\r\nRTC time: ‎2026‎-‎10‎-‎02T15:45:39.666000000Z\r\nCurrent time zone bias: -60\r\nRTC time is in UTC: false\r\nSystem time was based on RTC time: false\""},"eventdata":{"newTime":"2026-10-02T14:45:39.6660000Z","oldTime":"2026-10-02T14:45:39.6682297Z","timeDeltaInMs":"-2","reason":"1","processName":"\\\\Device\\\\HarddiskVolume3\\\\Windows\\\\System32\\\\SystemSettingsAdminFlows.exe","processID":"4028","cmosTime":"2026-10-02T15:45:39.6660000Z","timeZoneBias":"-60","realTimeIsUniversal":"false","systemInCmosMode":"false"}}},"location":"EventChannel"}
{"timestamp":"2026-10-02T15:45:49.711+0200","agent":{"id":"001","name":"Windows_VM","ip":"192.168.232.130"},"manager":{"name":"dcasey-virtual-machine"},"id":"1790948749.353271","full_log":"{\"win\":{\"system\":{\"providerName\":\"Microsoft-Windows-Security-Auditing\",\"providerGuid\":\"{54849625-5478-4994-a5ba-3e3b0328c30d}\",\"eventID\":\"5379\",\"version\":\"0\",\"level\":\"0\",\"task\":\"13824\",\"opcode\":\"0\",\"keywords\":\"0x8020000000000000\",\"systemTime\":\"2026-10-02T14:45:42.1951799Z\",\"eventRecordID\":\"54046\",\"processID\":\"820\",\"threadID\":\"7800\",\"channel\":\"Security\",\"computer\":\"DESKTOP-5OG7C28\",\"severityValue\":\"AUDIT_SUCCESS\",\"message\":\"\\\"Credential Manager credentials were read.\\r\\n\\r\\nSubject:\\r\\n\\tSecurity ID:\\t\\tS-1-5-18\\r\\n\\tAccount Name:\\t\\tDESKTOP-5OG7C28$\\r\\n\\tAccount Domain:\\t\\tWORKGROUP\\r\\n\\tLogon ID:\\t\\t0x3E7\\r\\n\\tRead Operation:\\t\\tEnumerate Credentials\\r\\n\\r\\nThis event occurs when a user performs a read operation on stored credentials in Credential Manager.\\\"\"},\"eventdata\":{\"subjectUserSid\":\"S-1-5-18\",\"subjectUserName\":\"DESKTOP-5OG7C28$\",\"subjectDomainName\":\"WORKGROUP\",\"subjectLogonId\":\"0x3e7\",\"targetName\":\"WindowsLive:(token):name=02ytqxpavlpvtrfm;serviceuri=*\",\"type\":\"0\",\"countOfCredentialsReturned\":\"0\",\"readOperation\":\"%%8100\",\"returnCode\":\"3221226021\",\"processCreationTime\":\"2026-10-02T13:34:51.1226711Z\",\"clientProcessId\":\"7408\"}}}","decoder":{"name":"windows_eventchannel"},"data":{"win":{"system":{"providerName":"Microsoft-Windows-Security-Auditing","providerGuid":"{54849625-5478-4994-a5ba-3e3b0328c30d}","eventID":"5379","version":"0","level":"0","task":"13824","opcode":"0","keywords":"0x8020000000000000","systemTime":"2026-10-02T14:45:42.1951799Z","eventRecordID":"54046","processID":"820","threadID":"7800","channel":"Security","computer":"DESKTOP-5OG7C28","severityValue":"AUDIT_SUCCESS","message":"\"Credential Manager credentials were read.\r\n\r\nSubject:\r\n\tSecurity ID:\t\tS-1-5-18\r\n\tAccount Name:\t\tDESKTOP-5OG7C28$\r\n\tAccount Domain:\t\tWORKGROUP\r\n\tLogon ID:\t\t0x3E7\r\n\tRead Operation:\t\tEnumerate Credentials\r\n\r\nThis event occurs when a user performs a read operation on stored credentials in Credential Manager.\""},"eventdata":{"subjectUserSid":"S-1-5-18","subjectUserName":"DESKTOP-5OG7C28$","subjectDomainName":"WORKGROUP","subjectLogonId":"0x3e7","targetName":"WindowsLive:(token):name=02ytqxpavlpvtrfm;serviceuri=*","type":"0","countOfCredentialsReturned":"0","readOperation":"%%8100","returnCode":"3221226021","processCreationTime":"2026-10-02T13:34:51.1226711Z","clientProcessId":"7408"}}},"location":"EventChannel"}
{"timestamp":"2026-10-02T15:45:49.728+0200","agent":{"id":"001","name":"Windows_VM","ip":"192.168.232.130"},"manager":{"name":"dcasey-virtual-machine"},"id":"1790948749.353271","full_log":"{\"win\":{\"system\":{\"providerName\":\"Microsoft-Windows-Kernel-General\",\"providerGuid\":\"{a68ca8b7-004f-d7b6-a698-07e2de0f1f5d}\",\"eventID\":\"16\",\"version\":\"0\",\"level\":\"4\",\"task\":\"0\",\"opcode\":\"0\",\"keywords\":\"0x8000000000000000\",\"systemTime\":\"2026-10-02T14:45:40.2958516Z\",\"eventRecordID\":\"2979\",\"processID\":\"1428\",\"threadID\":\"8520\",\"channel\":\"System\",\"computer\":\"DESKTOP-5OG7C28\",\"severityValue\":\"INFORMATION\",\"message\":\"\\\"The access history in hive \\\\??\\\\C:\\\\Users\\\\Darragh Casey\\\\AppData\\\\Local\\\\Packages\\\\Microsoft.WindowsStore_8wekyb3d8bbwe\\\\Settings\\\\settings.dat was cleared updating 16 keys and creating 2 modified pages.\\\"\"},\"eventdata\":{\"hiveNameLength\":\"108\",\"hiveName\":\"\\\\\\\\??\\\\\\\\C:\\\\\\\\Users\\\\\\\\Darragh Casey\\\\\\\\AppData\\\\\\\\Local\\\\\\\\Packages\\\\\\\\Microsoft.WindowsStore_8wekyb3d8bbwe\\\\\\\\Settings\\\\\\\\settings.dat\",\"keysUpdated\":\"16\",\"dirtyPages\":\"2\"}}}","decoder":{"name":"windows_eventchannel"},"data":{"win":{"system":{"providerName":"Microsoft-Windows-Kernel-General","providerGuid":"{a68ca8b7-004f-d7b6-a698-07e2de0f1f5d}","eventID":"16","version":"0","level":"4","task":"0","opcode":"0","keywords":"0x8000000000000000","systemTime":"2026-10-02T14:45:40.2958516Z","eventRecordID":"2979","processID":"1428","threadID":"8520","channel":"System","computer":"DESKTOP-5OG7C28","severityValue":"INFORMATION","message":"\"The access history in hive \\??\\C:\\Users\\Darragh Casey\\AppData\\Local\\Packages\\Microsoft.WindowsStore_8wekyb3d8bbwe\\Settings\\settings.dat was cleared updating 16 keys and creating 2 modified pages.\""},"eventdata":{"hiveNameLength":"108","hiveName":"\\\\??\\\\C:\\\\Users\\\\Darragh Casey\\\\AppData\\\\Local\\\\Packages\\\\Microsoft.WindowsStore_8wekyb3d8bbwe\\\\Settings\\\\settings.dat","keysUpdated":"16","dirtyPages":"2"}}},"location":"EventChannel"}
{"timestamp":"2026-10-02T15:45:49.743+0200","agent":{"id":"001","name":"Windows_VM","ip":"192.168.232.130"},"manager":{"name":"dcasey-virtual-machine"},"id":"1790948749.353271","full_log":"{\"win\":{\"system\":{\"providerName\":\"Microsoft-Windows-Security-Auditing\",\"providerGuid\":\"{54849625-5478-4994-a5ba-3e3b0328c30d}\",\"eventID\":\"5379\",\"version\":\"0\",\"level\":\"0\",\"task\":\"13824\",\"opcode\":\"0\",\"keywords\":\"0x8020000000000000\",\"systemTime\":\"2026-10-02T14:45:42.1959791Z\",\"eventRecordID\":\"54047\",\"processID\":\"820\",\"threadID\":\"7800\",\"channel\":\"Security\",\"computer\":\"DESKTOP-5OG7C28\",\"severityValue\":\"AUDIT_SUCCESS\",\"message\":\"\\\"Credential Manager credentials were read.\\r\\n\\r\\nSubject:\\r\\n\\tSecurity ID:\\t\\tS-1-5-18\\r\\n\\tAccount Name:\\t\\tDESKTOP-5OG7C28$\\r\\n\\tAccount Domain:\\t\\tWORKGROUP\\r\\n\\tLogon ID:\\t\\t0x3E7\\r\\n\\tRead Operation:\\t\\tEnumerate Credentials\\r\\n\\r\\nThis event occurs when a user performs a read operation on stored credentials in Credential Manager.\\\"\"},\"eventdata\":{\"subjectUserSid\":\"S-1-5-18\",\"subjectUserName\":\"DESKTOP-5OG7C28$\",\"subjectDomainName\":\"WORKGROUP\",\"subjectLogonId\":\"0x3e7\",\"targetName\":\"WindowsLive:(cert):name=02ytqxpavlpvtrfm;serviceuri=*\",\"type\":\"0\",\"countOfCredentialsReturned\":\"0\",\"readOperation\":\"%%8100\",\"returnCode\":\"3221226021\",\"processCreationTime\":\"2026-10-02T13:34:51.1226711Z\",\"clientProcessId\":\"7408\"}}}","decoder":{"name":"windows_eventchannel"},"data":{"win":{"system":{"providerName":"Microsoft-Windows-Security-Auditing","providerGuid":"{54849625-5478-4994-a5ba-3e3b0328c30d}","eventID":"5379","version":"0","level":"0","task":"13824","opcode":"0","keywords":"0x8020000000000000","systemTime":"2026-10-02T14:45:42.1959791Z","eventRecordID":"54047","processID":"820","threadID":"7800","channel":"Security","computer":"DESKTOP-5OG7C28","severityValue":"AUDIT_SUCCESS","message":"\"Credential Manager credentials were read.\r\n\r\nSubject:\r\n\tSecurity ID:\t\tS-1-5-18\r\n\tAccount Name:\t\tDESKTOP-5OG7C28$\r\n\tAccount Domain:\t\tWORKGROUP\r\n\tLogon ID:\t\t0x3E7\r\n\tRead Operation:\t\tEnumerate Credentials\r\n\r\nThis event occurs when a user performs a read operation on stored credentials in Credential Manager.\""},"eventdata":{"subjectUserSid":"S-1-5-18","subjectUserName":"DESKTOP-5OG7C28$","subjectDomainName":"WORKGROUP","subjectLogonId":"0x3e7","targetName":"WindowsLive:(cert):name=02ytqxpavlpvtrfm;serviceuri=*","type":"0","countOfCredentialsReturned":"0","readOperation":"%%8100","returnCode":"3221226021","processCreationTime":"2026-10-02T13:34:51.1226711Z","clientProcessId":"7408"}}},"location":"EventChannel"}
{"timestamp":"2026-10-02T15:45:49.760+0200","agent":{"id":"001","name":"Windows_VM","ip":"192.168.232.130"},"manager":{"name":"dcasey-virtual-machine"},"id":"1790948749.353271","full_log":"{\"win\":{\"system\":{\"providerName\":\"Microsoft-Windows-Kernel-General\",\"providerGuid\":\"{a68ca8b7-004f-d7b6-a698-07e2de0f1f5d}\",\"eventID\":\"16\",\"version\":\"0\",\"level\":\"4\",\"task\":\"0\",\"opcode\":\"0\",\"keywords\":\"0x8000000000000000\",\"systemTime\":\"2026-10-02T14:45:41.3083600Z\",\"eventRecordID\":\"2980\",\"processID\":\"9520\",\"threadID\":\"5396\",\"channel\":\"System\",\"computer\":\"DESKTOP-5OG7C28\",\"severityValue\":\"INFORMATION\",\"message\":\"\\\"The access history in hive \\\\??\\\\C:\\\\Users\\\\Darragh Casey\\\\AppData\\\\Local\\\\Packages\\\\Microsoft.AAD.BrokerPlugin_cw5n1h2txyewy\\\\Settings\\\\settings.dat was cleared updating 5 keys and creating 1 modified pages.\\\"\"},\"eventdata\":{\"hiveNameLength\":\"112\",\"hiveName\":\"\\\\\\\\??\\\\\\\\C:\\\\\\\\Users\\\\\\\\Darragh Casey\\\\\\\\AppData\\\\\\\\Local\\\\\\\\Packages\\\\\\\\Microsoft.AAD.BrokerPlugin_cw5n1h2txyewy\\\\\\\\Settings\\\\\\\\settings.dat\",\"keysUpdated\":\"5\",\"dirtyPages\":\"1\"}}}","decoder":{"name":"windows_eventchannel"},"data":{"win":{"system":{"providerName":"Microsoft-Windows-Kernel-General","providerGuid":"{a68ca8b7-004f-d7b6-a698-07e2de0f1f5d}","eventID":"16","version":"0","level":"4","task":"0","opcode":"0","keywords":"0x8000000000000000","systemTime":"2026-10-02T14:45:41.3083600Z","eventRecordID":"2980","processID":"9520","threadID":"5396","channel":"System","computer":"DESKTOP-5OG7C28","severityValue":"INFORMATION","message":"\"The access history in hive \\??\\C:\\Users\\Darragh Casey\\AppData\\Local\\Packages\\Microsoft.AAD.BrokerPlugin_cw5n1h2txyewy\\Settings\\settings.dat was cleared updating 5 keys and creating 1 modified pages.\""},"eventdata":{"hiveNameLength":"112","hiveName":"\\\\??\\\\C:\\\\Users\\\\Darragh Casey\\\\AppData\\\\Local\\\\Packages\\\\Microsoft.AAD.BrokerPlugin_cw5n1h2txyewy\\\\Settings\\\\settings.dat","keysUpdated":"5","dirtyPages":"1"}}},"location":"EventChannel"}
{"timestamp":"2026-10-02T15:45:49.776+0200","agent":{"id":"001","name":"Windows_VM","ip":"192.168.232.130"},"manager":{"name":"dcasey-virtual-machine"},"id":"1790948749.353271","full_log":"{\"win\":{\"system\":{\"providerName\":\"Microsoft-Windows-Security-Auditing\",\"providerGuid\":\"{54849625-5478-4994-a5ba-3e3b0328c30d}\",\"eventID\":\"5379\",\"version\":\"0\",\"level\":\"0\",\"task\":\"13824\",\"opcode\":\"0\",\"keywords\":\"0x8020000000000000\",\"systemTime\":\"2026-10-02T14:45:42.3881747Z\",\"eventRecordID\":\"54048\",\"processID\":\"820\",\"threadID\":\"7800\",\"channel\":\"Security\",\"computer\":\"DESKTOP-5OG7C28\",\"severityValue\":\"AUDIT_SUCCESS\",\"message\":\"\\\"Credential Manager credentials were read.\\r\\n\\r\\nSubject:\\r\\n\\tSecurity ID:\\t\\tS-1-5-18\\r\\n\\tAccount Name:\\t\\tDESKTOP-5OG7C28$\\r\\n\\tAccount Domain:\\t\\tWORKGROUP\\r\\n\\tLogon ID:\\t\\t0x3E7\\r\\n\\tRead Operation:\\t\\tEnumerate Credentials\\r\\n\\r\\nThis event occurs when a user performs a read operation on stored credentials in Credential Manager.\\\"\"},\"eventdata\":{\"subjectUserSid\":\"S-1-5-18\",\"subjectUserName\":\"DESKTOP-5OG7C28$\",\"subjectDomainName\":\"WORKGROUP\",\"subjectLogonId\":\"0x3e7\",\"targetName\":\"MicrosoftAccount:user=02ytqxpavlpvtrfm\",\"type\":\"0\",\"countOfCredentialsReturned\":\"0\",\"readOperation\":\"%%8100\",\"returnCode\":\"3221226021\",\"processCreationTime\":\"2026-10-02T13:34:51.1226711Z\",\"clientProcessId\":\"7408\"}}}","decoder":{"name":"windows_eventchannel"},"data":{"win":{"system":{"providerName":"Microsoft-Windows-Security-Auditing","providerGuid":"{54849625-5478-4994-a5ba-3e3b0328c30d}","eventID":"5379","version":"0","level":"0","task":"13824","opcode":"0","keywords":"0x8020000000000000","systemTime":"2026-10-02T14:45:42.3881747Z","eventRecordID":"54048","processID":"820","threadID":"7800","channel":"Security","computer":"DESKTOP-5OG7C28","severityValue":"AUDIT_SUCCESS","message":"\"Credential Manager credentials were read.\r\n\r\nSubject:\r\n\tSecurity ID:\t\tS-1-5-18\r\n\tAccount Name:\t\tDESKTOP-5OG7C28$\r\n\tAccount Domain:\t\tWORKGROUP\r\n\tLogon ID:\t\t0x3E7\r\n\tRead Operation:\t\tEnumerate Credentials\r\n\r\nThis event occurs when a user performs a read operation on stored credentials in Credential Manager.\""},"eventdata":{"subjectUserSid":"S-1-5-18","subjectUserName":"DESKTOP-5OG7C28$","subjectDomainName":"WORKGROUP","subjectLogonId":"0x3e7","targetName":"MicrosoftAccount:user=02ytqxpavlpvtrfm","type":"0","countOfCredentialsReturned":"0","readOperation":"%%8100","returnCode":"3221226021","processCreationTime":"2026-10-02T13:34:51.1226711Z","clientProcessId":"7408"}}},"location":"EventChannel"}
{"timestamp":"2026-10-02T15:45:49.792+0200","agent":{"id":"001","name":"Windows_VM","ip":"192.168.232.130"},"manager":{"name":"dcasey-virtual-machine"},"id":"1790948749.353271","full_log":"{\"win\":{\"system\":{\"providerName\":\"Microsoft-Windows-Kernel-General\",\"providerGuid\":\"{a68ca8b7-004f-d7b6-a698-07e2de0f1f5d}\",\"eventID\":\"16\",\"version\":\"0\",\"level\":\"4\",\"task\":\"0\",\"opcode\":\"0\",\"keywords\":\"0x8000000000000000\",\"systemTime\":\"2026-10-02T14:45:42.6528042Z\",\"eventRecordID\":\"2981\",\"processID\":\"6996\",\"threadID\":\"856\",\"channel\":\"System\",\"computer\":\"DESKTOP-5OG7C28\",\"severityValue\":\"INFORMATION\",\"message\":\"\\\"The access history in hive \\\\??\\\\C:\\\\Users\\\\Darragh Casey\\\\AppData\\\\Local\\\\Packages\\\\Microsoft.Windows.ContentDeliveryManager_cw5n1h2txyewy\\\\Settings\\\\settings.dat was cleared updating 261 keys and creating 26 modified pages.\\\"\"},\"eventdata\":{\"hiveNameLength\":\"126\",\"hiveName\":\"\\\\\\\\??\\\\\\\\C:\\\\\\\\Users\\\\\\\\Darragh Casey\\\\\\\\AppData\\\\\\\\Local\\\\\\\\Packages\\\\\\\\Microsoft.Windows.ContentDeliveryManager_cw5n1h2txyewy\\\\\\\\Settings\\\\\\\\settings.dat\",\"keysUpdated\":\"261\",\"dirtyPages\":\"26\"}}}","decoder":{"name":"windows_eventchannel"},"data":{"win":{"system":{"providerName":"Microsoft-Windows-Kernel-General","providerGuid":"{a68ca8b7-004f-d7b6-a698-07e2de0f1f5d}","eventID":"16","version":"0","level":"4","task":"0","opcode":"0","keywords":"0x8000000000000000","systemTime":"2026-10-02T14:45:42.6528042Z","eventRecordID":"2981","processID":"6996","threadID":"856","channel":"System","computer":"DESKTOP-5OG7C28","severityValue":"INFORMATION","message":"\"The access history in hive \\??\\C:\\Users\\Darragh Casey\\AppData\\Local\\Packages\\Microsoft.Windows.ContentDeliveryManager_cw5n1h2txyewy\\Settings\\settings.dat was cleared updating 261 keys and creating 26 modified pages.\""},"eventdata":{"hiveNameLength":"126","hiveName":"\\\\??\\\\C:\\\\Users\\\\Darragh Casey\\\\AppData\\\\Local\\\\Packages\\\\Microsoft.Windows.ContentDeliveryManager_cw5n1h2txyewy\\\\Settings\\\\settings.dat","keysUpdated":"261","dirtyPages":"26"}}},"location":"EventChannel"}
{"timestamp":"2026-10-02T15:45:49.809+0200","agent":{"id":"001","name":"Windows_VM","ip":"192.168.232.130"},"manager":{"name":"dcasey-virtual-machine"},"id":"1790948749.353271","full_log":"{\"win\":{\"system\":{\"providerName\":\"Microsoft-Windows-Security-Auditing\",\"providerGuid\":\"{54849625-5478-4994-a5ba-3e3b0328c30d}\",\"eventID\":\"5379\",\"version\":\"0\",\"level\":\"0\",\"task\":\"13824\",\"opcode\":\"0\",\"keywords\":\"0x8020000000000000\",\"systemTime\":\"2026-10-02T14:45:42.3884518Z\",\"eventRecordID\":\"54049\",\"processID\":\"820\",\"threadID\":\"7800\",\"channel\":\"Security\",\"computer\":\"DESKTOP-5OG7C28\",\"severityValue\":\"AUDIT_SUCCESS\",\"message\":\"\\\"Credential Manager credentials were read.\\r\\n\\r\\nSubject:\\r\\n\\tSecurity ID:\\t\\tS-1-5-18\\r\\n\\tAccount Name:\\t\\tDESKTOP-5OG7C28$\\r\\n\\tAccount Domain:\\t\\tWORKGROUP\\r\\n\\tLogon ID:\\t\\t0x3E7\\r\\n\\tRead Operation:\\t\\tEnumerate Credentials\\r\\n\\r\\nThis event occurs when a user performs a read operation on stored credentials in Credential Manager.\\\"\"},\"eventdata\":{\"subjectUserSid\":\"S-1-5-18\",\"subjectUserName\":\"DESKTOP-5OG7C28$\",\"subjectDomainName\":\"WORKGROUP\",\"subjectLogonId\":\"0x3e7\",\"targetName\":\"WindowsLive:(token):name=02ytqxpavlpvtrfm;serviceuri=*\",\"type\":\"0\",\"countOfCredentialsReturned\":\"0\",\"readOperation\":\"%%8100\",\"returnCode\":\"3221226021\",\"processCreationTime\":\"2026-10-02T13:34:51.1226711Z\",\"clientProcessId\":\"7408\"}}}","decoder":{"name":"windows_eventchannel"},"data":{"win":{"system":{"providerName":"Microsoft-Windows-Security-Auditing","providerGuid":"{54849625-5478-4994-a5ba-3e3b0328c30d}","eventID":"5379","version":"0","level":"0","task":"13824","opcode":"0","keywords":"0x8020000000000000","systemTime":"2026-10-02T14:45:42.3884518Z","eventRecordID":"54049","processID":"820","threadID":"7800","channel":"Security","computer":"DESKTOP-5OG7C28","severityValue":"AUDIT_SUCCESS","message":"\"Credential Manager credentials were read.\r\n\r\nSubject:\r\n\tSecurity ID:\t\tS-1-5-18\r\n\tAccount Name:\t\tDESKTOP-5OG7C28$\r\n\tAccount Domain:\t\tWORKGROUP\r\n\tLogon ID:\t\t0x3E7\r\n\tRead Operation:\t\tEnumerate Credentials\r\n\r\nThis event occurs when a user performs a read operation on stored credentials in Credential Manager.\""},"eventdata":{"subjectUserSid":"S-1-5-18","subjectUserName":"DESKTOP-5OG7C28$","subjectDomainName":"WORKGROUP","subjectLogonId":"0x3e7","targetName":"WindowsLive:(token):name=02ytqxpavlpvtrfm;serviceuri=*","type":"0","countOfCredentialsReturned":"0","readOperation":"%%8100","returnCode":"3221226021","processCreationTime":"2026-10-02T13:34:51.1226711Z","clientProcessId":"7408"}}},"location":"EventChannel"}
{"timestamp":"2026-10-02T15:45:49.825+0200","agent":{"id":"001","name":"Windows_VM","ip":"192.168.232.130"},"manager":{"name":"dcasey-virtual-machine"},"id":"1790948749.353271","full_log":"{\"win\":{\"system\":{\"providerName\":\"Microsoft-Windows-Security-Auditing\",\"providerGuid\":\"{54849625-5478-4994-a5ba-3e3b0328c30d}\",\"eventID\":\"5379\",\"version\":\"0\",\"level\":\"0\",\"task\":\"13824\",\"opcode\":\"0\",\"keywords\":\"0x8020000000000000\",\"systemTime\":\"2026-10-02T14:45:42.3888849Z\",\"eventRecordID\":\"54050\",\"processID\":\"820\",\"threadID\":\"7800\",\"channel\":\"Security\",\"computer\":\"DESKTOP-5OG7C28\",\"severityValue\":\"AUDIT_SUCCESS\",\"message\":\"\\\"Credential Manager credentials were read.\\r\\n\\r\\nSubject:\\r\\n\\tSecurity ID:\\t\\tS-1-5-18\\r\\n\\tAccount Name:\\t\\tDESKTOP-5OG7C28$\\r\\n\\tAccount Domain:\\t\\tWORKGROUP\\r\\n\\tLogon ID:\\t\\t0x3E7\\r\\n\\tRead Operation:\\t\\tEnumerate Credentials\\r\\n\\r\\nThis event occurs when a user performs a read operation on stored credentials in Credential Manager.\\\"\"},\"eventdata\":{\"subjectUserSid\":\"S-1-5-18\",\"subjectUserName\":\"DESKTOP-5OG7C28$\",\"subjectDomainName\":\"WORKGROUP\",\"subjectLogonId\":\"0x3e7\",\"targetName\":\"WindowsLive:(cert):name=02ytqxpavlpvtrfm;serviceuri=*\",\"type\":\"0\",\"countOfCredentialsReturned\":\"0\",\"readOperation\":\"%%8100\",\"returnCode\":\"3221226021\",\"processCreationTime\":\"2026-10-02T13:34:51.1226711Z\",\"clientProcessId\":\"7408\"}}}","decoder":{"name":"windows_eventchannel"},"data":{"win":{"system":{"providerName":"Microsoft-Windows-Security-Auditing","providerGuid":"{54849625-5478-4994-a5ba-3e3b0328c30d}","eventID":"5379","version":"0","level":"0","task":"13824","opcode":"0","keywords":"0x8020000000000000","systemTime":"2026-10-02T14:45:42.3888849Z","eventRecordID":"54050","processID":"820","threadID":"7800","channel":"Security","computer":"DESKTOP-5OG7C28","severityValue":"AUDIT_SUCCESS","message":"\"Credential Manager credentials were read.\r\n\r\nSubject:\r\n\tSecurity ID:\t\tS-1-5-18\r\n\tAccount Name:\t\tDESKTOP-5OG7C28$\r\n\tAccount Domain:\t\tWORKGROUP\r\n\tLogon ID:\t\t0x3E7\r\n\tRead Operation:\t\tEnumerate Credentials\r\n\r\nThis event occurs when a user performs a read operation on stored credentials in Credential Manager.\""},"eventdata":{"subjectUserSid":"S-1-5-18","subjectUserName":"DESKTOP-5OG7C28$","subjectDomainName":"WORKGROUP","subjectLogonId":"0x3e7","targetName":"WindowsLive:(cert):name=02ytqxpavlpvtrfm;serviceuri=*","type":"0","countOfCredentialsReturned":"0","readOperation":"%%8100","returnCode":"3221226021","processCreationTime":"2026-10-02T13:34:51.1226711Z","clientProcessId":"7408"}}},"location":"EventChannel"}
{"timestamp":"2026-10-02T15:45:49.841+0200","agent":{"id":"001","name":"Windows_VM","ip":"192.168.232.130"},"manager":{"name":"dcasey-virtual-machine"},"id":"1790948749.353271","full_log":"{\"win\":{\"system\":{\"providerName\":\"Microsoft-Windows-Security-Auditing\",\"providerGuid\":\"{54849625-5478-4994-a5ba-3e3b0328c30d}\",\"eventID\":\"5379\",\"version\":\"0\",\"level\":\"0\",\"task\":\"13824\",\"opcode\":\"0\",\"keywords\":\"0x8020000000000000\",\"systemTime\":\"2026-10-02T14:45:42.8294427Z\",\"eventRecordID\":\"54051\",\"processID\":\"820\",\"threadID\":\"1136\",\"channel\":\"Security\",\"computer\":\"DESKTOP-5OG7C28\",\"severityValue\":\"AUDIT_SUCCESS\",\"message\":\"\\\"Credential Manager credentials were read.\\r\\n\\r\\nSubject:\\r\\n\\tSecurity ID:\\t\\tS-1-5-18\\r\\n\\tAccount Name:\\t\\tDESKTOP-5OG7C28$\\r\\n\\tAccount Domain:\\t\\tWORKGROUP\\r\\n\\tLogon ID:\\t\\t0x3E7\\r\\n\\tRead Operation:\\t\\tEnumerate Credentials\\r\\n\\r\\nThis event occurs when a user performs a read operation on stored credentials in Credential Manager.\\\"\"},\"eventdata\":{\"subjectUserSid\":\"S-1-5-18\",\"subjectUserName\":\"DESKTOP-5OG7C28$\",\"subjectDomainName\":\"WORKGROUP\",\"subjectLogonId\":\"0x3e7\",\"targetName\":\"MicrosoftAccount:user=02ytqxpavlpvtrfm\",\"type\":\"0\",\"countOfCredentialsReturned\":\"0\",\"readOperation\":\"%%8100\",\"returnCode\":\"3221226021\",\"processCreationTime\":\"2026-10-02T13:34:51.1226711Z\",\"clientProcessId\":\"7408\"}}}","decoder":{"name":"windows_eventchannel"},"data":{"win":{"system":{"providerName":"Microsoft-Windows-Security-Auditing","providerGuid":"{54849625-5478-4994-a5ba-3e3b0328c30d}","eventID":"5379","version":"0","level":"0","task":"13824","opcode":"0","keywords":"0x8020000000000000","systemTime":"2026-10-02T14:45:42.8294427Z","eventRecordID":"54051","processID":"820","threadID":"1136","channel":"Security","computer":"DESKTOP-5OG7C28","severityValue":"AUDIT_SUCCESS","message":"\"Credential Manager credentials were read.\r\n\r\nSubject:\r\n\tSecurity ID:\t\tS-1-5-18\r\n\tAccount Name:\t\tDESKTOP-5OG7C28$\r\n\tAccount Domain:\t\tWORKGROUP\r\n\tLogon ID:\t\t0x3E7\r\n\tRead Operation:\t\tEnumerate Credentials\r\n\r\nThis event occurs when a user performs a read operation on stored credentials in Credential Manager.\""},"eventdata":{"subjectUserSid":"S-1-5-18","subjectUserName":"DESKTOP-5OG7C28$","subjectDomainName":"WORKGROUP","subjectLogonId":"0x3e7","targetName":"MicrosoftAccount:user=02ytqxpavlpvtrfm","type":"0","countOfCredentialsReturned":"0","readOperation":"%%8100","returnCode":"3221226021","processCreationTime":"2026-10-02T13:34:51.1226711Z","clientProcessId":"7408"}}},"location":"EventChannel"}
{"timestamp":"2026-10-02T15:45:49.857+0200","agent":{"id":"001","name":"Windows_VM","ip":"192.168.232.130"},"manager":{"name":"dcasey-virtual-machine"},"id":"1790948749.353271","full_log":"{\"win\":{\"system\":{\"providerName\":\"Microsoft-Windows-Security-Auditing\",\"providerGuid\":\"{54849625-5478-4994-a5ba-3e3b0328c30d}\",\"eventID\":\"5379\",\"version\":\"0\",\"level\":\"0\",\"task\":\"13824\",\"opcode\":\"0\",\"keywords\":\"0x8020000000000000\",\"systemTime\":\"2026-10-02T14:45:42.8300012Z\",\"eventRecordID\":\"54052\",\"processID\":\"820\",\"threadID\":\"1136\",\"channel\":\"Security\",\"computer\":\"DESKTOP-5OG7C28\",\"severityValue\":\"AUDIT_SUCCESS\",\"message\":\"\\\"Credential Manager credentials were read.\\r\\n\\r\\nSubject:\\r\\n\\tSecurity ID:\\t\\tS-1-5-18\\r\\n\\tAccount Name:\\t\\tDESKTOP-5OG7C28$\\r\\n\\tAccount Domain:\\t\\tWORKGROUP\\r\\n\\tLogon ID:\\t\\t0x3E7\\r\\n\\tRead Operation:\\t\\tEnumerate Credentials\\r\\n\\r\\nThis event occurs when a user performs a read operation on stored credentials in Credential Manager.\\\"\"},\"eventdata\":{\"subjectUserSid\":\"S-1-5-18\",\"subjectUserName\":\"DESKTOP-5OG7C28$\",\"subjectDomainName\":\"WORKGROUP\",\"subjectLogonId\":\"0x3e7\",\"targetName\":\"MicrosoftAccount:user=02ytqxpavlpvtrfm\",\"type\":\"0\",\"countOfCredentialsReturned\":\"0\",\"readOperation\":\"%%8100\",\"returnCode\":\"3221226021\",\"processCreationTime\":\"2026-10-02T13:34:51.1226711Z\",\"clientProcessId\":\"7408\"}}}","decoder":{"name":"windows_eventchannel"},"data":{"win":{"system":{"providerName":"Microsoft-Windows-Security-Auditing","providerGuid":"{54849625-5478-4994-a5ba-3e3b0328c30d}","eventID":"5379","version":"0","level":"0","task":"13824","opcode":"0","keywords":"0x8020000000000000","systemTime":"2026-10-02T14:45:42.8300012Z","eventRecordID":"54052","processID":"820","threadID":"1136","channel":"Security","computer":"DESKTOP-5OG7C28","severityValue":"AUDIT_SUCCESS","message":"\"Credential Manager credentials were read.\r\n\r\nSubject:\r\n\tSecurity ID:\t\tS-1-5-18\r\n\tAccount Name:\t\tDESKTOP-5OG7C28$\r\n\tAccount Domain:\t\tWORKGROUP\r\n\tLogon ID:\t\t0x3E7\r\n\tRead Operation:\t\tEnumerate Credentials\r\n\r\nThis event occurs when a user performs a read operation on stored credentials in Credential Manager.\""},"eventdata":{"subjectUserSid":"S-1-5-18","subjectUserName":"DESKTOP-5OG7C28$","subjectDomainName":"WORKGROUP","subjectLogonId":"0x3e7","targetName":"MicrosoftAccount:user=02ytqxpavlpvtrfm","type":"0","countOfCredentialsReturned":"0","readOperation":"%%8100","returnCode":"3221226021","processCreationTime":"2026-10-02T13:34:51.1226711Z","clientProcessId":"7408"}}},"location":"EventChannel"}
{"timestamp":"2026-10-02T15:45:49.888+0200","agent":{"id":"001","name":"Windows_VM","ip":"192.168.232.130"},"manager":{"name":"dcasey-virtual-machine"},"id":"1790948749.353271","full_log":"{\"win\":{\"system\":{\"providerName\":\"Microsoft-Windows-Security-Auditing\",\"providerGuid\":\"{54849625-5478-4994-a5ba-3e3b0328c30d}\",\"eventID\":\"5379\",\"version\":\"0\",\"level\":\"0\",\"task\":\"13824\",\"opcode\":\"0\",\"keywords\":\"0x8020000000000000\",\"systemTime\":\"2026-10-02T14:45:42.8428075Z\",\"eventRecordID\":\"54054\",\"processID\":\"820\",\"threadID\":\"7800\",\"channel\":\"Security\",\"computer\":\"DESKTOP-5OG7C28\",\"severityValue\":\"AUDIT_SUCCESS\",\"message\":\"\\\"Credential Manager credentials were read.\\r\\n\\r\\nSubject:\\r\\n\\tSecurity ID:\\t\\tS-1-5-18\\r\\n\\tAccount Name:\\t\\tDESKTOP-5OG7C28$\\r\\n\\tAccount Domain:\\t\\tWORKGROUP\\r\\n\\tLogon ID:\\t\\t0x3E7\\r\\n\\tRead Operation:\\t\\tEnumerate Credentials\\r\\n\\r\\nThis event occurs when a user performs a read operation on stored credentials in Credential Manager.\\\"\"},\"eventdata\":{\"subjectUserSid\":\"S-1-5-18\",\"subjectUserName\":\"DESKTOP-5OG7C28$\",\"subjectDomainName\":\"WORKGROUP\",\"subjectLogonId\":\"0x3e7\",\"targetName\":\"MicrosoftAccount:user=02ytqxpavlpvtrfm\",\"type\":\"0\",\"countOfCredentialsReturned\":\"0\",\"readOperation\":\"%%8100\",\"returnCode\":\"3221226021\",\"processCreationTime\":\"2026-10-02T13:34:51.1226711Z\",\"clientProcessId\":\"7408\"}}}","decoder":{"name":"windows_eventchannel"},"data":{"win":{"system":{"providerName":"Microsoft-Windows-Security-Auditing","providerGuid":"{54849625-5478-4994-a5ba-3e3b0328c30d}","eventID":"5379","version":"0","level":"0","task":"13824","opcode":"0","keywords":"0x8020000000000000","systemTime":"2026-10-02T14:45:42.8428075Z","eventRecordID":"54054","processID":"820","threadID":"7800","channel":"Security","computer":"DESKTOP-5OG7C28","severityValue":"AUDIT_SUCCESS","message":"\"Credential Manager credentials were read.\r\n\r\nSubject:\r\n\tSecurity ID:\t\tS-1-5-18\r\n\tAccount Name:\t\tDESKTOP-5OG7C28$\r\n\tAccount Domain:\t\tWORKGROUP\r\n\tLogon ID:\t\t0x3E7\r\n\tRead Operation:\t\tEnumerate Credentials\r\n\r\nThis event occurs when a user performs a read operation on stored credentials in Credential Manager.\""},"eventdata":{"subjectUserSid":"S-1-5-18","subjectUserName":"DESKTOP-5OG7C28$","subjectDomainName":"WORKGROUP","subjectLogonId":"0x3e7","targetName":"MicrosoftAccount:user=02ytqxpavlpvtrfm","type":"0","countOfCredentialsReturned":"0","readOperation":"%%8100","returnCode":"3221226021","processCreationTime":"2026-10-02T13:34:51.1226711Z","clientProcessId":"7408"}}},"location":"EventChannel"}
{"timestamp":"2026-10-02T15:45:49.888+0200","agent":{"id":"001","name":"Windows_VM","ip":"192.168.232.130"},"manager":{"name":"dcasey-virtual-machine"},"id":"1790948749.353271","full_log":"{\"win\":{\"system\":{\"providerName\":\"Microsoft-Windows-Security-Auditing\",\"providerGuid\":\"{54849625-5478-4994-a5ba-3e3b0328c30d}\",\"eventID\":\"5379\",\"version\":\"0\",\"level\":\"0\",\"task\":\"13824\",\"opcode\":\"0\",\"keywords\":\"0x8020000000000000\",\"systemTime\":\"2026-10-02T14:45:42.8427316Z\",\"eventRecordID\":\"54053\",\"processID\":\"820\",\"threadID\":\"7800\",\"channel\":\"Security\",\"computer\":\"DESKTOP-5OG7C28\",\"severityValue\":\"AUDIT_SUCCESS\",\"message\":\"\\\"Credential Manager credentials were read.\\r\\n\\r\\nSubject:\\r\\n\\tSecurity ID:\\t\\tS-1-5-18\\r\\n\\tAccount Name:\\t\\tDESKTOP-5OG7C28$\\r\\n\\tAccount Domain:\\t\\tWORKGROUP\\r\\n\\tLogon ID:\\t\\t0x3E7\\r\\n\\tRead Operation:\\t\\tEnumerate Credentials\\r\\n\\r\\nThis event occurs when a user performs a read operation on stored credentials in Credential Manager.\\\"\"},\"eventdata\":{\"subjectUserSid\":\"S-1-5-18\",\"subjectUserName\":\"DESKTOP-5OG7C28$\",\"subjectDomainName\":\"WORKGROUP\",\"subjectLogonId\":\"0x3e7\",\"targetName\":\"MicrosoftAccount:user=02ytqxpavlpvtrfm\",\"type\":\"0\",\"countOfCredentialsReturned\":\"0\",\"readOperation\":\"%%8100\",\"returnCode\":\"3221226021\",\"processCreationTime\":\"2026-10-02T13:34:51.1226711Z\",\"clientProcessId\":\"7408\"}}}","decoder":{"name":"windows_eventchannel"},"data":{"win":{"system":{"providerName":"Microsoft-Windows-Security-Auditing","providerGuid":"{54849625-5478-4994-a5ba-3e3b0328c30d}","eventID":"5379","version":"0","level":"0","task":"13824","opcode":"0","keywords":"0x8020000000000000","systemTime":"2026-10-02T14:45:42.8427316Z","eventRecordID":"54053","processID":"820","threadID":"7800","channel":"Security","computer":"DESKTOP-5OG7C28","severityValue":"AUDIT_SUCCESS","message":"\"Credential Manager credentials were read.\r\n\r\nSubject:\r\n\tSecurity ID:\t\tS-1-5-18\r\n\tAccount Name:\t\tDESKTOP-5OG7C28$\r\n\tAccount Domain:\t\tWORKGROUP\r\n\tLogon ID:\t\t0x3E7\r\n\tRead Operation:\t\tEnumerate Credentials\r\n\r\nThis event occurs when a user performs a read operation on stored credentials in Credential Manager.\""},"eventdata":{"subjectUserSid":"S-1-5-18","subjectUserName":"DESKTOP-5OG7C28$","subjectDomainName":"WORKGROUP","subjectLogonId":"0x3e7","targetName":"MicrosoftAccount:user=02ytqxpavlpvtrfm","type":"0","countOfCredentialsReturned":"0","readOperation":"%%8100","returnCode":"3221226021","processCreationTime":"2026-10-02T13:34:51.1226711Z","clientProcessId":"7408"}}},"location":"EventChannel"}
{"timestamp":"2026-10-02T15:45:49.903+0200","agent":{"id":"001","name":"Windows_VM","ip":"192.168.232.130"},"manager":{"name":"dcasey-virtual-machine"},"id":"1790948749.353271","full_log":"{\"win\":{\"system\":{\"providerName\":\"Microsoft-Windows-Security-Auditing\",\"providerGuid\":\"{54849625-5478-4994-a5ba-3e3b0328c30d}\",\"eventID\":\"5379\",\"version\":\"0\",\"level\":\"0\",\"task\":\"13824\",\"opcode\":\"0\",\"keywords\":\"0x8020000000000000\",\"systemTime\":\"2026-10-02T14:45:42.9914454Z\",\"eventRecordID\":\"54055\",\"processID\":\"820\",\"threadID\":\"1136\",\"channel\":\"Security\",\"computer\":\"DESKTOP-5OG7C28\",\"severityValue\":\"AUDIT_SUCCESS\",\"message\":\"\\\"Credential Manager credentials were read.\\r\\n\\r\\nSubject:\\r\\n\\tSecurity ID:\\t\\tS-1-5-18\\r\\n\\tAccount Name:\\t\\tDESKTOP-5OG7C28$\\r\\n\\tAccount Domain:\\t\\tWORKGROUP\\r\\n\\tLogon ID:\\t\\t0x3E7\\r\\n\\tRead Operation:\\t\\tEnumerate Credentials\\r\\n\\r\\nThis event occurs when a user performs a read operation on stored credentials in Credential Manager.\\\"\"},\"eventdata\":{\"subjectUserSid\":\"S-1-5-18\",\"subjectUserName\":\"DESKTOP-5OG7C28$\",\"subjectDomainName\":\"WORKGROUP\",\"subjectLogonId\":\"0x3e7\",\"targetName\":\"MicrosoftAccount:user=02ytqxpavlpvtrfm\",\"type\":\"0\",\"countOfCredentialsReturned\":\"0\",\"readOperation\":\"%%8100\",\"returnCode\":\"3221226021\",\"processCreationTime\":\"2026-10-02T13:34:51.1226711Z\",\"clientProcessId\":\"7408\"}}}","decoder":{"name":"windows_eventchannel"},"data":{"win":{"system":{"providerName":"Microsoft-Windows-Security-Auditing","providerGuid":"{54849625-5478-4994-a5ba-3e3b0328c30d}","eventID":"5379","version":"0","level":"0","task":"13824","opcode":"0","keywords":"0x8020000000000000","systemTime":"2026-10-02T14:45:42.9914454Z","eventRecordID":"54055","processID":"820","threadID":"1136","channel":"Security","computer":"DESKTOP-5OG7C28","severityValue":"AUDIT_SUCCESS","message":"\"Credential Manager credentials were read.\r\n\r\nSubject:\r\n\tSecurity ID:\t\tS-1-5-18\r\n\tAccount Name:\t\tDESKTOP-5OG7C28$\r\n\tAccount Domain:\t\tWORKGROUP\r\n\tLogon ID:\t\t0x3E7\r\n\tRead Operation:\t\tEnumerate Credentials\r\n\r\nThis event occurs when a user performs a read operation on stored credentials in Credential Manager.\""},"eventdata":{"subjectUserSid":"S-1-5-18","subjectUserName":"DESKTOP-5OG7C28$","subjectDomainName":"WORKGROUP","subjectLogonId":"0x3e7","targetName":"MicrosoftAccount:user=02ytqxpavlpvtrfm","type":"0","countOfCredentialsReturned":"0","readOperation":"%%8100","returnCode":"3221226021","processCreationTime":"2026-10-02T13:34:51.1226711Z","clientProcessId":"7408"}}},"location":"EventChannel"}
