{"timestamp":"2026-10-02T15:51:22.794+0200","rule":{"level":3,"description":"The database engine attached a database.","id":"60798","firedtimes":1,"mail":false,"groups":["windows","windows_application"]},"agent":{"id":"001","name":"Windows_VM","ip":"192.168.232.130"},"manager":{"name":"dcasey-virtual-machine"},"id":"1790949082.386675","decoder":{"name":"windows_eventchannel"},"data":{"win":{"system":{"providerName":"ESENT","eventID":"326","version":"0","level":"4","task":"1","opcode":"0","keywords":"0x80000000000000","systemTime":"2026-10-02T14:51:18.8285805Z","eventRecordID":"1260","processID":"10984","threadID":"0","channel":"Application","computer":"DESKTOP-5OG7C28","severityValue":"INFORMATION","message":"\"svchost (10984,D,50,0) DS_Token_DB: The database engine attached a database (1, C:\\WINDOWS\\system32\\config\\systemprofile\\AppData\\Local\\DataSharing\\Storage\\DSTokenDB2.dat). (Time=0 seconds) \r\n \r\nSaved Cache: 1 0 \r\nAdditional Data: lgposAttach = 00000003:0004:0268,\ndbv = 1568.300.620 (9620) \r\n \r\nInternal Timing Sequence: \n[1] 0.000009 +J(0) +M(C:0K, Fs:1, WS:4K # 0K, PF:0K # 0K, P:0K)\n[2] 0.001012 -0.000275 (1) WT +J(0) +M(C:0K, Fs:17, WS:4K # 4K, PF:4K # 0K, P:4K)\n[3] 0.003901 -0.000840 (6) WT +J(CM:0, PgRf:0, Rd:0/0, Dy:0/0, Lg:3480/2) +M(C:0K, Fs:6, WS:20K # 0K, PF:20K # 0K, P:20K)\n[4] 0.000863 +J(0) +M(C:0K, Fs:1, WS:4K # 0K, PF:4K # 0K, P:4K)\n[5] -\n[6] 0.000548 -0.000462 (2) CM -0.000322 (2) WT +J(CM:2, PgRf:2, Rd:0/2, Dy:0/0, Lg:0/0) +M(C:0K, Fs:2, WS:8K # 0K, PF:0K # 0K, P:0K)\n[7] 0.000003 +J(0)\n[8] 0.001189 -0.000730 (1) CM -0.000668 (1) WT +J(CM:1, PgRf:1, Rd:4/1, Dy:0/0, Lg:0/0) +M(C:16K, Fs:24, WS:96K # 64K, PF:208K # 172K, P:208K)\n[9] -\n[10] -\n[11] -\n[12] 0.000012 +J(CM:0, PgRf:0, Rd:0/0, Dy:0/0, Lg:54/1) +M(C:0K, Fs:1, WS:4K # 4K, PF:20K # 16K, P:20K)\n[13] 0.001338 -0.001126 (4) CM -0.000876 (4) WT +J(CM:4, PgRf:23, Rd:0/3, Dy:0/0, Lg:0/0) +M(C:-8K, Fs:20, WS:72K # 72K, PF:-4K # 4K, P:-4K)\n[14] 0.001004 -0.000863 (2) CM -0.000721 (2) WT +J(CM:2, PgRf:40, Rd:0/2, Dy:0/0, Lg:0/0) +M(C:0K, Fs:3, WS:12K # 12K, PF:64K # 56K, P:64K)\n[15] 0.000616 -0.000589 (1) CM -0.000515 (1) WT +J(CM:1, PgRf:1, Rd:0/1, Dy:0/0, Lg:0/0)\n[16] 0.000099 +J(CM:0, PgRf:1, Rd:0/0, Dy:0/0, Lg:0/0) +M(C:0K, Fs:1, WS:4K # 4K, PF:0K # 0K, P:0K)\n[17] 0.000394 -0.000275 (1) CM -0.000183 (1) WT +J(CM:1, PgRf:42, Rd:0/1, Dy:0/0, Lg:0/0) +M(C:0K, Fs:9, WS:36K # 36K, PF:0K # 0K, P:0K)\n[18] 0.000002 +J(0)\n[19] 0.0 +J(0)\n[20] 0.000273 -0.000208 (1) CM -0.000120 (1) WT +J(CM:1, PgRf:3, Rd:0/1, Dy:0/0, Lg:0/0) +M(C:0K, Fs:3, WS:12K # 12K, PF:0K # 0K, P:0K).\""},"eventdata":{"data":"svchost, 10984,D,50,0, DS_Token_DB:, 1, C:\\\\WINDOWS\\\\system32\\\\config\\\\systemprofile\\\\AppData\\\\Local\\\\DataSharing\\\\Storage\\\\DSTokenDB2.dat, 0,  [1] 0.000009 +J(0) +M(C:0K, Fs:1, WS:4K # 0K, PF:0K # 0K, P:0K) [2] 0.001012 -0.000275 (1) WT +J(0) +M(C:0K, Fs:17, WS:4K # 4K, PF:4K # 0K, P:4K) [3] 0.003901 -0.000840 (6) WT +J(CM:0, PgRf:0, Rd:0/0, Dy:0/0, Lg:3480/2) +M(C:0K, Fs:6, WS:20K # 0K, PF:20K # 0K, P:20K) [4] 0.000863 +J(0) +M(C:0K, Fs:1, WS:4K # 0K, PF:4K # 0K, P:4K) [5] - [6] 0.000548 -0.000462 (2) CM -0.000322 (2) WT +J(CM:2, PgRf:2, Rd:0/2, Dy:0/0, Lg:0/0) +M(C:0K, Fs:2, WS:8K # 0K, PF:0K # 0K, P:0K) [7] 0.000003 +J(0) [8] 0.001189 -0.000730 (1) CM -0.000668 (1) WT +J(CM:1, PgRf:1, Rd:4/1, Dy:0/0, Lg:0/0) +M(C:16K, Fs:24, WS:96K # 64K, PF:208K # 172K, P:208K) [9] - [10] - [11] - [12] 0.000012 +J(CM:0, PgRf:0, Rd:0/0, Dy:0/0, Lg:54/1) +M(C:0K, Fs:1, WS:4K # 4K, PF:20K # 16K, P:20K) [13] 0.001338 -0.001126 (4) CM -0.000876 (4) WT +J(CM:4, PgRf:23, Rd:0/3, Dy:0/0, Lg:0/0) +M(C:-8K, Fs:20, WS:72K # 72K, PF:-4K # 4K, P:-4K) [14] 0.001004 -0.000863 (2) CM -0.000721 (2) WT +J(CM:2, PgRf:40, Rd:0/2, Dy:0/0, Lg:0/0) +M(C:0K, Fs:3, WS:12K # 12K, PF:64K # 56K, P:64K) [15] 0.000616 -0.000589 (1) CM -0.000515 (1) WT +J(CM:1, PgRf:1, Rd:0/1, Dy:0/0, Lg:0/0) [16] 0.000099 +J(CM:0, PgRf:1, Rd:0/0, Dy:0/0, Lg:0/0) +M(C:0K, Fs:1, WS:4K # 4K, PF:0K # 0K, P:0K) [17] 0.000394 -0.000275 (1) CM -0.000183 (1) WT +J(CM:1, PgRf:42, Rd:0/1, Dy:0/0, Lg:0/0) +M(C:0K, Fs:9, WS:36K # 36K, PF:0K # 0K, P:0K) [18] 0.000002 +J(0) [19] 0.0 +J(0) [20] 0.000273 -0.000208 (1) CM -0.000120 (1) WT +J(CM:1, PgRf:3, Rd:0/1, Dy:0/0, Lg:0/0) +M(C:0K, Fs:3, WS:12K # 12K, PF:0K # 0K, P:0K)., 1 0, lgposAttach = 00000003:0004:0268, dbv = 1568.300.620 (9620)"}}},"location":"EventChannel"}
{"timestamp":"2026-10-02T15:52:31.649+0200","rule":{"level":3,"description":"PAM: Login session opened.","id":"5501","mitre":{"id":["T1078"],"tactic":["Defense Evasion","Persistence","Privilege Escalation","Initial Access"],"technique":["Valid Accounts"]},"firedtimes":3,"mail":false,"groups":["pam","syslog","authentication_success"],"pci_dss":["10.2.5"],"gpg13":["7.8","7.9"],"gdpr":["IV_32.2"],"hipaa":["164.312.b"],"nist_800_53":["AU.14","AC.7"],"tsc":["CC6.8","CC7.2","CC7.3"]},"agent":{"id":"000","name":"dcasey-virtual-machine"},"manager":{"name":"dcasey-virtual-machine"},"id":"1790949151.394943","full_log":"Oct 02 13:52:30 dcasey-virtual-machine pkexec[11887]: pam_unix(polkit-1:session): session opened for user root(uid=0) by (uid=1000)","predecoder":{"program_name":"pkexec","timestamp":"Oct 02 13:52:30","hostname":"dcasey-virtual-machine"},"decoder":{"parent":"pam","name":"pam"},"data":{"dstuser":"root","uid":"1000"},"location":"journald"}
{"timestamp":"2026-10-02T15:53:03.569+0200","rule":{"level":3,"description":"Software protection service scheduled successfully.","id":"60642","firedtimes":5,"mail":false,"groups":["windows","windows_application"]},"agent":{"id":"001","name":"Windows_VM","ip":"192.168.232.130"},"manager":{"name":"dcasey-virtual-machine"},"id":"1790949183.395398","decoder":{"name":"windows_eventchannel"},"data":{"win":{"system":{"providerName":"Microsoft-Windows-Security-SPP","providerGuid":"{E23B33B0-C8C9-472C-A5F9-F2BDFEA0F156}","eventSourceName":"Software Protection Platform Service","eventID":"16384","version":"0","level":"4","task":"0","opcode":"0","keywords":"0x80000000000000","systemTime":"2026-10-02T14:52:59.7278826Z","eventRecordID":"1264","processID":"7652","threadID":"0","channel":"Application","computer":"DESKTOP-5OG7C28","severityValue":"INFORMATION","message":"\"Successfully scheduled Software Protection service for re-start at 2026-10-31T09:27:59Z. Reason: RulesEngine.\""},"eventdata":{"data":"2026-10-31T09:27:59Z, RulesEngine"}}},"location":"EventChannel"}
{"timestamp":"2026-10-02T15:53:23.773+0200","rule":{"level":3,"description":"Service startup type was changed","id":"61104","info":"This does not appear to be logged on Windows 2000","firedtimes":6,"mail":false,"groups":["windows","windows_system","policy_changed"],"pci_dss":["10.6"],"gdpr":["IV_35.7.d"],"hipaa":["164.312.b"],"nist_800_53":["AU.6"],"tsc":["CC6.1","CC6.8","CC7.2","CC7.3"]},"agent":{"id":"001","name":"Windows_VM","ip":"192.168.232.130"},"manager":{"name":"dcasey-virtual-machine"},"id":"1790949203.396993","decoder":{"name":"windows_eventchannel"},"data":{"win":{"system":{"providerName":"Service Control Manager","providerGuid":"{555908d1-a6d7-4695-8e1e-26931d2012f4}","eventSourceName":"Service Control Manager","eventID":"7040","version":"0","level":"4","task":"0","opcode":"0","keywords":"0x8080000000000000","systemTime":"2026-10-02T14:53:18.9103939Z","eventRecordID":"2992","processID":"812","threadID":"7472","channel":"System","computer":"DESKTOP-5OG7C28","severityValue":"INFORMATION","message":"\"The start type of the Background Intelligent Transfer Service service was changed from auto start to demand start.\""},"eventdata":{"param1":"Background Intelligent Transfer Service","param2":"auto start","param3":"demand start","param4":"BITS"}}},"location":"EventChannel"}
