{"timestamp":"2026-10-02T15:37:50.554+0200","agent":{"id":"001","name":"Windows_VM","ip":"192.168.232.130"},"manager":{"name":"dcasey-virtual-machine"},"id":"1790948270.321646","full_log":"{\"win\":{\"system\":{\"providerName\":\"Microsoft-Windows-Sysmon\",\"providerGuid\":\"{5770385f-c22a-43e0-bf4c-06f5698ffbd9}\",\"eventID\":\"13\",\"version\":\"2\",\"level\":\"4\",\"task\":\"13\",\"opcode\":\"0\",\"keywords\":\"0x8000000000000000\",\"systemTime\":\"2026-10-02T13:37:50.5729353Z\",\"eventRecordID\":\"14958\",\"processID\":\"3504\",\"threadID\":\"4956\",\"channel\":\"Microsoft-Windows-Sysmon/Operational\",\"computer\":\"DESKTOP-5OG7C28\",\"severityValue\":\"INFORMATION\",\"message\":\"\\\"Registry value set:\\r\\nRuleName: InvDB-Pub\\r\\nEventType: SetValue\\r\\nUtcTime: 2026-10-02 13:37:50.569\\r\\nProcessGuid: {4b2ce92d-b3a9-6abf-9c02-000000001400}\\r\\nProcessId: 9228\\r\\nImage: C:\\\\Program Files (x86)\\\\Microsoft\\\\EdgeUpdate\\\\Install\\\\{C3748C6C-3DF0-4F40-A83F-6A5DE3F43CDA}\\\\EDGEMITMP_AE746.tmp\\\\setup.exe\\r\\nTargetObject: HKLM\\\\SOFTWARE\\\\WOW6432Node\\\\Microsoft\\\\Windows\\\\CurrentVersion\\\\Uninstall\\\\Microsoft EdgeWebView\\\\Publisher\\r\\nDetails: Microsoft Corporation\\r\\nUser: NT AUTHORITY\\\\SYSTEM\\\"\"},\"eventdata\":{\"ruleName\":\"InvDB-Pub\",\"eventType\":\"SetValue\",\"utcTime\":\"2026-10-02 13:37:50.569\",\"processGuid\":\"{4b2ce92d-b3a9-6abf-9c02-000000001400}\",\"processId\":\"9228\",\"image\":\"C:\\\\\\\\Program Files (x86)\\\\\\\\Microsoft\\\\\\\\EdgeUpdate\\\\\\\\Install\\\\\\\\{C3748C6C-3DF0-4F40-A83F-6A5DE3F43CDA}\\\\\\\\EDGEMITMP_AE746.tmp\\\\\\\\setup.exe\",\"targetObject\":\"HKLM\\\\\\\\SOFTWARE\\\\\\\\WOW6432Node\\\\\\\\Microsoft\\\\\\\\Windows\\\\\\\\CurrentVersion\\\\\\\\Uninstall\\\\\\\\Microsoft EdgeWebView\\\\\\\\Publisher\",\"details\":\"Microsoft Corporation\",\"user\":\"NT AUTHORITY\\\\\\\\SYSTEM\"}}}","decoder":{"name":"windows_eventchannel"},"data":{"win":{"system":{"providerName":"Microsoft-Windows-Sysmon","providerGuid":"{5770385f-c22a-43e0-bf4c-06f5698ffbd9}","eventID":"13","version":"2","level":"4","task":"13","opcode":"0","keywords":"0x8000000000000000","systemTime":"2026-10-02T13:37:50.5729353Z","eventRecordID":"14958","processID":"3504","threadID":"4956","channel":"Microsoft-Windows-Sysmon/Operational","computer":"DESKTOP-5OG7C28","severityValue":"INFORMATION","message":"\"Registry value set:\r\nRuleName: InvDB-Pub\r\nEventType: SetValue\r\nUtcTime: 2026-10-02 13:37:50.569\r\nProcessGuid: {4b2ce92d-b3a9-6abf-9c02-000000001400}\r\nProcessId: 9228\r\nImage: C:\\Program Files (x86)\\Microsoft\\EdgeUpdate\\Install\\{C3748C6C-3DF0-4F40-A83F-6A5DE3F43CDA}\\EDGEMITMP_AE746.tmp\\setup.exe\r\nTargetObject: HKLM\\SOFTWARE\\WOW6432Node\\Microsoft\\Windows\\CurrentVersion\\Uninstall\\Microsoft EdgeWebView\\Publisher\r\nDetails: Microsoft Corporation\r\nUser: NT AUTHORITY\\SYSTEM\""},"eventdata":{"ruleName":"InvDB-Pub","eventType":"SetValue","utcTime":"2026-10-02 13:37:50.569","processGuid":"{4b2ce92d-b3a9-6abf-9c02-000000001400}","processId":"9228","image":"C:\\\\Program Files (x86)\\\\Microsoft\\\\EdgeUpdate\\\\Install\\\\{C3748C6C-3DF0-4F40-A83F-6A5DE3F43CDA}\\\\EDGEMITMP_AE746.tmp\\\\setup.exe","targetObject":"HKLM\\\\SOFTWARE\\\\WOW6432Node\\\\Microsoft\\\\Windows\\\\CurrentVersion\\\\Uninstall\\\\Microsoft EdgeWebView\\\\Publisher","details":"Microsoft Corporation","user":"NT AUTHORITY\\\\SYSTEM"}}},"location":"EventChannel"}
{"timestamp":"2026-10-02T15:37:50.555+0200","agent":{"id":"001","name":"Windows_VM","ip":"192.168.232.130"},"manager":{"name":"dcasey-virtual-machine"},"id":"1790948270.321646","full_log":"{\"win\":{\"system\":{\"providerName\":\"Microsoft-Windows-Sysmon\",\"providerGuid\":\"{5770385f-c22a-43e0-bf4c-06f5698ffbd9}\",\"eventID\":\"1\",\"version\":\"5\",\"level\":\"4\",\"task\":\"1\",\"opcode\":\"0\",\"keywords\":\"0x8000000000000000\",\"systemTime\":\"2026-10-02T13:37:50.6218283Z\",\"eventRecordID\":\"14959\",\"processID\":\"3504\",\"threadID\":\"4956\",\"channel\":\"Microsoft-Windows-Sysmon/Operational\",\"computer\":\"DESKTOP-5OG7C28\",\"severityValue\":\"INFORMATION\",\"message\":\"\\\"Process Create:\\r\\nRuleName: -\\r\\nUtcTime: 2026-10-02 13:37:50.587\\r\\nProcessGuid: {4b2ce92d-b3ae-6abf-9d02-000000001400}\\r\\nProcessId: 9420\\r\\nImage: C:\\\\Program Files (x86)\\\\Microsoft\\\\EdgeWebView\\\\Application\\\\154.0.4258.48\\\\Installer\\\\setup.exe\\r\\nFileVersion: 154.0.4258.48\\r\\nDescription: Microsoft Edge Installer\\r\\nProduct: Microsoft Edge Installer\\r\\nCompany: Microsoft Corporation\\r\\nOriginalFileName: setup.exe\\r\\nCommandLine: \\\"C:\\\\Program Files (x86)\\\\Microsoft\\\\EdgeWebView\\\\Application\\\\154.0.4258.48\\\\Installer\\\\setup.exe\\\" --msedgewebview --delete-old-versions --system-level --verbose-logging\\r\\nCurrentDirectory: C:\\\\Program Files (x86)\\\\Microsoft\\\\EdgeWebView\\\\Application\\\\154.0.4258.48\\\\Installer\\\\\\r\\nUser: NT AUTHORITY\\\\SYSTEM\\r\\nLogonGuid: {4b2ce92d-824a-6abe-e703-000000000000}\\r\\nLogonId: 0x3E7\\r\\nTerminalSessionId: 0\\r\\nIntegrityLevel: System\\r\\nHashes: MD5=D0E7BD7A6A04B9475DC897BC09E37EE6,SHA256=A2B295222B0325150773385BAD0F5ACBCE8CCE16A60CFC6B883CC1CBBACA9E8E,IMPHASH=3A957038E01A36E9455A72310E40AB52\\r\\nParentProcessGuid: {4b2ce92d-b3a9-6abf-9c02-000000001400}\\r\\nParentProcessId: 9228\\r\\nParentImage: C:\\\\Program Files (x86)\\\\Microsoft\\\\EdgeUpdate\\\\Install\\\\{C3748C6C-3DF0-4F40-A83F-6A5DE3F43CDA}\\\\EDGEMITMP_AE746.tmp\\\\setup.exe\\r\\nParentCommandLine: \\\"C:\\\\Program Files (x86)\\\\Microsoft\\\\EdgeUpdate\\\\Install\\\\{C3748C6C-3DF0-4F40-A83F-6A5DE3F43CDA}\\\\EDGEMITMP_AE746.tmp\\\\setup.exe\\\" --install-archive=\\\"C:\\\\Program Files (x86)\\\\Microsoft\\\\EdgeUpdate\\\\Install\\\\{C3748C6C-3DF0-4F40-A83F-6A5DE3F43CDA}\\\\MicrosoftEdge_X64_154.0.4258.48_154.0.4258.37.exe\\\" --previous-version=\\\"154.0.4258.37\\\" --msedgewebview --verbose-logging --do-not-launch-msedge --system-level\\r\\nParentUser: NT AUTHORITY\\\\SYSTEM\\\"\"},\"eventdata\":{\"utcTime\":\"2026-10-02 13:37:50.587\",\"processGuid\":\"{4b2ce92d-b3ae-6abf-9d02-000000001400}\",\"processId\":\"9420\",\"image\":\"C:\\\\\\\\Program Files (x86)\\\\\\\\Microsoft\\\\\\\\EdgeWebView\\\\\\\\Application\\\\\\\\154.0.4258.48\\\\\\\\Installer\\\\\\\\setup.exe\",\"fileVersion\":\"154.0.4258.48\",\"description\":\"Microsoft Edge Installer\",\"product\":\"Microsoft Edge Installer\",\"company\":\"Microsoft Corporation\",\"originalFileName\":\"setup.exe\",\"commandLine\":\"\\\\\\\"C:\\\\\\\\Program Files (x86)\\\\\\\\Microsoft\\\\\\\\EdgeWebView\\\\\\\\Application\\\\\\\\154.0.4258.48\\\\\\\\Installer\\\\\\\\setup.exe\\\\\\\" --msedgewebview --delete-old-versions --system-level --verbose-logging\",\"currentDirectory\":\"C:\\\\\\\\Program Files (x86)\\\\\\\\Microsoft\\\\\\\\EdgeWebView\\\\\\\\Application\\\\\\\\154.0.4258.48\\\\\\\\Installer\\\\\\\\\",\"user\":\"NT AUTHORITY\\\\\\\\SYSTEM\",\"logonGuid\":\"{4b2ce92d-824a-6abe-e703-000000000000}\",\"logonId\":\"0x3e7\",\"terminalSessionId\":\"0\",\"integrityLevel\":\"System\",\"hashes\":\"MD5=D0E7BD7A6A04B9475DC897BC09E37EE6,SHA256=A2B295222B0325150773385BAD0F5ACBCE8CCE16A60CFC6B883CC1CBBACA9E8E,IMPHASH=3A957038E01A36E9455A72310E40AB52\",\"parentProcessGuid\":\"{4b2ce92d-b3a9-6abf-9c02-000000001400}\",\"parentProcessId\":\"9228\",\"parentImage\":\"C:\\\\\\\\Program Files (x86)\\\\\\\\Microsoft\\\\\\\\EdgeUpdate\\\\\\\\Install\\\\\\\\{C3748C6C-3DF0-4F40-A83F-6A5DE3F43CDA}\\\\\\\\EDGEMITMP_AE746.tmp\\\\\\\\setup.exe\",\"parentCommandLine\":\"\\\\\\\"C:\\\\\\\\Program Files (x86)\\\\\\\\Microsoft\\\\\\\\EdgeUpdate\\\\\\\\Install\\\\\\\\{C3748C6C-3DF0-4F40-A83F-6A5DE3F43CDA}\\\\\\\\EDGEMITMP_AE746.tmp\\\\\\\\setup.exe\\\\\\\" --install-archive=\\\\\\\"C:\\\\\\\\Program Files (x86)\\\\\\\\Microsoft\\\\\\\\EdgeUpdate\\\\\\\\Install\\\\\\\\{C3748C6C-3DF0-4F40-A83F-6A5DE3F43CDA}\\\\\\\\MicrosoftEdge_X64_154.0.4258.48_154.0.4258.37.exe\\\\\\\" --previous-version=\\\\\\\"154.0.4258.37\\\\\\\" --msedgewebview --verbose-logging --do-not-launch-msedge --system-level\",\"parentUser\":\"NT AUTHORITY\\\\\\\\SYSTEM\"}}}","decoder":{"name":"windows_eventchannel"},"data":{"win":{"system":{"providerName":"Microsoft-Windows-Sysmon","providerGuid":"{5770385f-c22a-43e0-bf4c-06f5698ffbd9}","eventID":"1","version":"5","level":"4","task":"1","opcode":"0","keywords":"0x8000000000000000","systemTime":"2026-10-02T13:37:50.6218283Z","eventRecordID":"14959","processID":"3504","threadID":"4956","channel":"Microsoft-Windows-Sysmon/Operational","computer":"DESKTOP-5OG7C28","severityValue":"INFORMATION","message":"\"Process Create:\r\nRuleName: -\r\nUtcTime: 2026-10-02 13:37:50.587\r\nProcessGuid: {4b2ce92d-b3ae-6abf-9d02-000000001400}\r\nProcessId: 9420\r\nImage: C:\\Program Files (x86)\\Microsoft\\EdgeWebView\\Application\\154.0.4258.48\\Installer\\setup.exe\r\nFileVersion: 154.0.4258.48\r\nDescription: Microsoft Edge Installer\r\nProduct: Microsoft Edge Installer\r\nCompany: Microsoft Corporation\r\nOriginalFileName: setup.exe\r\nCommandLine: \"C:\\Program Files (x86)\\Microsoft\\EdgeWebView\\Application\\154.0.4258.48\\Installer\\setup.exe\" --msedgewebview --delete-old-versions --system-level --verbose-logging\r\nCurrentDirectory: C:\\Program Files (x86)\\Microsoft\\EdgeWebView\\Application\\154.0.4258.48\\Installer\\\r\nUser: NT AUTHORITY\\SYSTEM\r\nLogonGuid: {4b2ce92d-824a-6abe-e703-000000000000}\r\nLogonId: 0x3E7\r\nTerminalSessionId: 0\r\nIntegrityLevel: System\r\nHashes: MD5=D0E7BD7A6A04B9475DC897BC09E37EE6,SHA256=A2B295222B0325150773385BAD0F5ACBCE8CCE16A60CFC6B883CC1CBBACA9E8E,IMPHASH=3A957038E01A36E9455A72310E40AB52\r\nParentProcessGuid: {4b2ce92d-b3a9-6abf-9c02-000000001400}\r\nParentProcessId: 9228\r\nParentImage: C:\\Program Files (x86)\\Microsoft\\EdgeUpdate\\Install\\{C3748C6C-3DF0-4F40-A83F-6A5DE3F43CDA}\\EDGEMITMP_AE746.tmp\\setup.exe\r\nParentCommandLine: \"C:\\Program Files (x86)\\Microsoft\\EdgeUpdate\\Install\\{C3748C6C-3DF0-4F40-A83F-6A5DE3F43CDA}\\EDGEMITMP_AE746.tmp\\setup.exe\" --install-archive=\"C:\\Program Files (x86)\\Microsoft\\EdgeUpdate\\Install\\{C3748C6C-3DF0-4F40-A83F-6A5DE3F43CDA}\\MicrosoftEdge_X64_154.0.4258.48_154.0.4258.37.exe\" --previous-version=\"154.0.4258.37\" --msedgewebview --verbose-logging --do-not-launch-msedge --system-level\r\nParentUser: NT AUTHORITY\\SYSTEM\""},"eventdata":{"utcTime":"2026-10-02 13:37:50.587","processGuid":"{4b2ce92d-b3ae-6abf-9d02-000000001400}","processId":"9420","image":"C:\\\\Program Files (x86)\\\\Microsoft\\\\EdgeWebView\\\\Application\\\\154.0.4258.48\\\\Installer\\\\setup.exe","fileVersion":"154.0.4258.48","description":"Microsoft Edge Installer","product":"Microsoft Edge Installer","company":"Microsoft Corporation","originalFileName":"setup.exe","commandLine":"\\\"C:\\\\Program Files (x86)\\\\Microsoft\\\\EdgeWebView\\\\Application\\\\154.0.4258.48\\\\Installer\\\\setup.exe\\\" --msedgewebview --delete-old-versions --system-level --verbose-logging","currentDirectory":"C:\\\\Program Files (x86)\\\\Microsoft\\\\EdgeWebView\\\\Application\\\\154.0.4258.48\\\\Installer\\\\","user":"NT AUTHORITY\\\\SYSTEM","logonGuid":"{4b2ce92d-824a-6abe-e703-000000000000}","logonId":"0x3e7","terminalSessionId":"0","integrityLevel":"System","hashes":"MD5=D0E7BD7A6A04B9475DC897BC09E37EE6,SHA256=A2B295222B0325150773385BAD0F5ACBCE8CCE16A60CFC6B883CC1CBBACA9E8E,IMPHASH=3A957038E01A36E9455A72310E40AB52","parentProcessGuid":"{4b2ce92d-b3a9-6abf-9c02-000000001400}","parentProcessId":"9228","parentImage":"C:\\\\Program Files (x86)\\\\Microsoft\\\\EdgeUpdate\\\\Install\\\\{C3748C6C-3DF0-4F40-A83F-6A5DE3F43CDA}\\\\EDGEMITMP_AE746.tmp\\\\setup.exe","parentCommandLine":"\\\"C:\\\\Program Files (x86)\\\\Microsoft\\\\EdgeUpdate\\\\Install\\\\{C3748C6C-3DF0-4F40-A83F-6A5DE3F43CDA}\\\\EDGEMITMP_AE746.tmp\\\\setup.exe\\\" --install-archive=\\\"C:\\\\Program Files (x86)\\\\Microsoft\\\\EdgeUpdate\\\\Install\\\\{C3748C6C-3DF0-4F40-A83F-6A5DE3F43CDA}\\\\MicrosoftEdge_X64_154.0.4258.48_154.0.4258.37.exe\\\" --previous-version=\\\"154.0.4258.37\\\" --msedgewebview --verbose-logging --do-not-launch-msedge --system-level","parentUser":"NT AUTHORITY\\\\SYSTEM"}}},"location":"EventChannel"}
{"timestamp":"2026-10-02T15:37:53.987+0200","agent":{"id":"001","name":"Windows_VM","ip":"192.168.232.130"},"manager":{"name":"dcasey-virtual-machine"},"id":"1790948273.321646","full_log":"{\"win\":{\"system\":{\"providerName\":\"Microsoft-Windows-WindowsUpdateClient\",\"providerGuid\":\"{945a8954-c147-4acd-923f-40c45405a658}\",\"eventID\":\"44\",\"version\":\"1\",\"level\":\"4\",\"task\":\"1\",\"opcode\":\"12\",\"keywords\":\"0x8000000000002004\",\"systemTime\":\"2026-10-02T13:37:54.0109253Z\",\"eventRecordID\":\"2972\",\"processID\":\"4848\",\"threadID\":\"6288\",\"channel\":\"System\",\"computer\":\"DESKTOP-5OG7C28\",\"severityValue\":\"INFORMATION\",\"message\":\"\\\"Windows Update started downloading an update.\\\"\"},\"eventdata\":{\"updateTitle\":\"9NRZT3Q9R3DL-Microsoft.WindowsAppRuntime.2\",\"updateGuid\":\"{3d8652ea-6aa8-4b54-af49-27591858b754}\",\"updateRevisionNumber\":\"1\"}}}","decoder":{"name":"windows_eventchannel"},"data":{"win":{"system":{"providerName":"Microsoft-Windows-WindowsUpdateClient","providerGuid":"{945a8954-c147-4acd-923f-40c45405a658}","eventID":"44","version":"1","level":"4","task":"1","opcode":"12","keywords":"0x8000000000002004","systemTime":"2026-10-02T13:37:54.0109253Z","eventRecordID":"2972","processID":"4848","threadID":"6288","channel":"System","computer":"DESKTOP-5OG7C28","severityValue":"INFORMATION","message":"\"Windows Update started downloading an update.\""},"eventdata":{"updateTitle":"9NRZT3Q9R3DL-Microsoft.WindowsAppRuntime.2","updateGuid":"{3d8652ea-6aa8-4b54-af49-27591858b754}","updateRevisionNumber":"1"}}},"location":"EventChannel"}
{"timestamp":"2026-10-02T15:37:53.988+0200","agent":{"id":"001","name":"Windows_VM","ip":"192.168.232.130"},"manager":{"name":"dcasey-virtual-machine"},"id":"1790948273.321646","full_log":"{\"win\":{\"system\":{\"providerName\":\"Microsoft-Windows-WindowsUpdateClient\",\"providerGuid\":\"{945a8954-c147-4acd-923f-40c45405a658}\",\"eventID\":\"43\",\"version\":\"1\",\"level\":\"4\",\"task\":\"1\",\"opcode\":\"13\",\"keywords\":\"0x8000000000002008\",\"systemTime\":\"2026-10-02T13:37:54.0109275Z\",\"eventRecordID\":\"2973\",\"processID\":\"4848\",\"threadID\":\"6288\",\"channel\":\"System\",\"computer\":\"DESKTOP-5OG7C28\",\"severityValue\":\"INFORMATION\",\"message\":\"\\\"Installation Started: Windows has started installing the following update: 9NRZT3Q9R3DL-Microsoft.WindowsAppRuntime.2\\\"\"},\"eventdata\":{\"updateTitle\":\"9NRZT3Q9R3DL-Microsoft.WindowsAppRuntime.2\",\"updateGuid\":\"{3d8652ea-6aa8-4b54-af49-27591858b754}\",\"updateRevisionNumber\":\"1\"}}}","decoder":{"name":"windows_eventchannel"},"data":{"win":{"system":{"providerName":"Microsoft-Windows-WindowsUpdateClient","providerGuid":"{945a8954-c147-4acd-923f-40c45405a658}","eventID":"43","version":"1","level":"4","task":"1","opcode":"13","keywords":"0x8000000000002008","systemTime":"2026-10-02T13:37:54.0109275Z","eventRecordID":"2973","processID":"4848","threadID":"6288","channel":"System","computer":"DESKTOP-5OG7C28","severityValue":"INFORMATION","message":"\"Installation Started: Windows has started installing the following update: 9NRZT3Q9R3DL-Microsoft.WindowsAppRuntime.2\""},"eventdata":{"updateTitle":"9NRZT3Q9R3DL-Microsoft.WindowsAppRuntime.2","updateGuid":"{3d8652ea-6aa8-4b54-af49-27591858b754}","updateRevisionNumber":"1"}}},"location":"EventChannel"}
{"timestamp":"2026-10-02T15:37:54.001+0200","agent":{"id":"001","name":"Windows_VM","ip":"192.168.232.130"},"manager":{"name":"dcasey-virtual-machine"},"id":"1790948274.321646","full_log":"{\"win\":{\"system\":{\"providerName\":\"Microsoft-Windows-WindowsUpdateClient\",\"providerGuid\":\"{945a8954-c147-4acd-923f-40c45405a658}\",\"eventID\":\"19\",\"version\":\"1\",\"level\":\"4\",\"task\":\"1\",\"opcode\":\"13\",\"keywords\":\"0x8000000000000018\",\"systemTime\":\"2026-10-02T13:37:54.0603386Z\",\"eventRecordID\":\"2974\",\"processID\":\"4848\",\"threadID\":\"6288\",\"channel\":\"System\",\"computer\":\"DESKTOP-5OG7C28\",\"severityValue\":\"INFORMATION\",\"message\":\"\\\"Installation Successful: Windows successfully installed the following update: 9NRZT3Q9R3DL-Microsoft.WindowsAppRuntime.2\\\"\"},\"eventdata\":{\"updateTitle\":\"9NRZT3Q9R3DL-Microsoft.WindowsAppRuntime.2\",\"updateGuid\":\"{3d8652ea-6aa8-4b54-af49-27591858b754}\",\"updateRevisionNumber\":\"1\",\"serviceGuid\":\"{855e8a7c-ecb4-4ca3-b045-1dfa50104289}\"}}}","decoder":{"name":"windows_eventchannel"},"data":{"win":{"system":{"providerName":"Microsoft-Windows-WindowsUpdateClient","providerGuid":"{945a8954-c147-4acd-923f-40c45405a658}","eventID":"19","version":"1","level":"4","task":"1","opcode":"13","keywords":"0x8000000000000018","systemTime":"2026-10-02T13:37:54.0603386Z","eventRecordID":"2974","processID":"4848","threadID":"6288","channel":"System","computer":"DESKTOP-5OG7C28","severityValue":"INFORMATION","message":"\"Installation Successful: Windows successfully installed the following update: 9NRZT3Q9R3DL-Microsoft.WindowsAppRuntime.2\""},"eventdata":{"updateTitle":"9NRZT3Q9R3DL-Microsoft.WindowsAppRuntime.2","updateGuid":"{3d8652ea-6aa8-4b54-af49-27591858b754}","updateRevisionNumber":"1","serviceGuid":"{855e8a7c-ecb4-4ca3-b045-1dfa50104289}"}}},"location":"EventChannel"}
{"timestamp":"2026-10-02T15:37:56.206+0200","agent":{"id":"001","name":"Windows_VM","ip":"192.168.232.130"},"manager":{"name":"dcasey-virtual-machine"},"id":"1790948276.321646","full_log":"{\"win\":{\"system\":{\"providerName\":\"Microsoft-Windows-Sysmon\",\"providerGuid\":\"{5770385f-c22a-43e0-bf4c-06f5698ffbd9}\",\"eventID\":\"1\",\"version\":\"5\",\"level\":\"4\",\"task\":\"1\",\"opcode\":\"0\",\"keywords\":\"0x8000000000000000\",\"systemTime\":\"2026-10-02T13:37:56.2306614Z\",\"eventRecordID\":\"14960\",\"processID\":\"3504\",\"threadID\":\"4956\",\"channel\":\"Microsoft-Windows-Sysmon/Operational\",\"computer\":\"DESKTOP-5OG7C28\",\"severityValue\":\"INFORMATION\",\"message\":\"\\\"Process Create:\\r\\nRuleName: -\\r\\nUtcTime: 2026-10-02 13:37:56.222\\r\\nProcessGuid: {4b2ce92d-b3b4-6abf-9e02-000000001400}\\r\\nProcessId: 2424\\r\\nImage: C:\\\\Windows\\\\System32\\\\HOSTNAME.EXE\\r\\nFileVersion: 10.0.26100.9278 (WinBuild.160101.0800)\\r\\nDescription: Hostname APP\\r\\nProduct: Microsoft® Windows® Operating System\\r\\nCompany: Microsoft Corporation\\r\\nOriginalFileName: hostname.exe\\r\\nCommandLine: \\\"C:\\\\WINDOWS\\\\system32\\\\HOSTNAME.EXE\\\"\\r\\nCurrentDirectory: C:\\\\WINDOWS\\\\system32\\\\\\r\\nUser: DESKTOP-5OG7C28\\\\Darragh Casey\\r\\nLogonGuid: {4b2ce92d-826e-6abe-6d8d-0a0000000000}\\r\\nLogonId: 0xA8D6D\\r\\nTerminalSessionId: 1\\r\\nIntegrityLevel: High\\r\\nHashes: MD5=C405D49FB634C366EF63246D2319AF49,SHA256=22EC2260B5C32177F7D14A33975E1005988BBA0DF3427CC8B47CEC671D3F2A1F,IMPHASH=8CB84C534505B1E47EF25FA2CD9A16BB\\r\\nParentProcessGuid: {00000000-0000-0000-0000-000000000000}\\r\\nParentProcessId: 11248\\r\\nParentImage: -\\r\\nParentCommandLine: -\\r\\nParentUser: -\\\"\"},\"eventdata\":{\"utcTime\":\"2026-10-02 13:37:56.222\",\"processGuid\":\"{4b2ce92d-b3b4-6abf-9e02-000000001400}\",\"processId\":\"2424\",\"image\":\"C:\\\\\\\\Windows\\\\\\\\System32\\\\\\\\HOSTNAME.EXE\",\"fileVersion\":\"10.0.26100.9278 (WinBuild.160101.0800)\",\"description\":\"Hostname APP\",\"product\":\"Microsoft® Windows® Operating System\",\"company\":\"Microsoft Corporation\",\"originalFileName\":\"hostname.exe\",\"commandLine\":\"\\\\\\\"C:\\\\\\\\WINDOWS\\\\\\\\system32\\\\\\\\HOSTNAME.EXE\\\\\\\"\",\"currentDirectory\":\"C:\\\\\\\\WINDOWS\\\\\\\\system32\\\\\\\\\",\"user\":\"DESKTOP-5OG7C28\\\\\\\\Darragh Casey\",\"logonGuid\":\"{4b2ce92d-826e-6abe-6d8d-0a0000000000}\",\"logonId\":\"0xa8d6d\",\"terminalSessionId\":\"1\",\"integrityLevel\":\"High\",\"hashes\":\"MD5=C405D49FB634C366EF63246D2319AF49,SHA256=22EC2260B5C32177F7D14A33975E1005988BBA0DF3427CC8B47CEC671D3F2A1F,IMPHASH=8CB84C534505B1E47EF25FA2CD9A16BB\",\"parentProcessGuid\":\"{00000000-0000-0000-0000-000000000000}\",\"parentProcessId\":\"11248\"}}}","decoder":{"name":"windows_eventchannel"},"data":{"win":{"system":{"providerName":"Microsoft-Windows-Sysmon","providerGuid":"{5770385f-c22a-43e0-bf4c-06f5698ffbd9}","eventID":"1","version":"5","level":"4","task":"1","opcode":"0","keywords":"0x8000000000000000","systemTime":"2026-10-02T13:37:56.2306614Z","eventRecordID":"14960","processID":"3504","threadID":"4956","channel":"Microsoft-Windows-Sysmon/Operational","computer":"DESKTOP-5OG7C28","severityValue":"INFORMATION","message":"\"Process Create:\r\nRuleName: -\r\nUtcTime: 2026-10-02 13:37:56.222\r\nProcessGuid: {4b2ce92d-b3b4-6abf-9e02-000000001400}\r\nProcessId: 2424\r\nImage: C:\\Windows\\System32\\HOSTNAME.EXE\r\nFileVersion: 10.0.26100.9278 (WinBuild.160101.0800)\r\nDescription: Hostname APP\r\nProduct: Microsoft® Windows® Operating System\r\nCompany: Microsoft Corporation\r\nOriginalFileName: hostname.exe\r\nCommandLine: \"C:\\WINDOWS\\system32\\HOSTNAME.EXE\"\r\nCurrentDirectory: C:\\WINDOWS\\system32\\\r\nUser: DESKTOP-5OG7C28\\Darragh Casey\r\nLogonGuid: {4b2ce92d-826e-6abe-6d8d-0a0000000000}\r\nLogonId: 0xA8D6D\r\nTerminalSessionId: 1\r\nIntegrityLevel: High\r\nHashes: MD5=C405D49FB634C366EF63246D2319AF49,SHA256=22EC2260B5C32177F7D14A33975E1005988BBA0DF3427CC8B47CEC671D3F2A1F,IMPHASH=8CB84C534505B1E47EF25FA2CD9A16BB\r\nParentProcessGuid: {00000000-0000-0000-0000-000000000000}\r\nParentProcessId: 11248\r\nParentImage: -\r\nParentCommandLine: -\r\nParentUser: -\""},"eventdata":{"utcTime":"2026-10-02 13:37:56.222","processGuid":"{4b2ce92d-b3b4-6abf-9e02-000000001400}","processId":"2424","image":"C:\\\\Windows\\\\System32\\\\HOSTNAME.EXE","fileVersion":"10.0.26100.9278 (WinBuild.160101.0800)","description":"Hostname APP","product":"Microsoft® Windows® Operating System","company":"Microsoft Corporation","originalFileName":"hostname.exe","commandLine":"\\\"C:\\\\WINDOWS\\\\system32\\\\HOSTNAME.EXE\\\"","currentDirectory":"C:\\\\WINDOWS\\\\system32\\\\","user":"DESKTOP-5OG7C28\\\\Darragh Casey","logonGuid":"{4b2ce92d-826e-6abe-6d8d-0a0000000000}","logonId":"0xa8d6d","terminalSessionId":"1","integrityLevel":"High","hashes":"MD5=C405D49FB634C366EF63246D2319AF49,SHA256=22EC2260B5C32177F7D14A33975E1005988BBA0DF3427CC8B47CEC671D3F2A1F,IMPHASH=8CB84C534505B1E47EF25FA2CD9A16BB","parentProcessGuid":"{00000000-0000-0000-0000-000000000000}","parentProcessId":"11248"}}},"location":"EventChannel"}
{"timestamp":"2026-10-02T15:37:56.212+0200","agent":{"id":"001","name":"Windows_VM","ip":"192.168.232.130"},"manager":{"name":"dcasey-virtual-machine"},"id":"1790948276.321646","full_log":"{\"win\":{\"system\":{\"providerName\":\"Microsoft-Windows-Sysmon\",\"providerGuid\":\"{5770385f-c22a-43e0-bf4c-06f5698ffbd9}\",\"eventID\":\"1\",\"version\":\"5\",\"level\":\"4\",\"task\":\"1\",\"opcode\":\"0\",\"keywords\":\"0x8000000000000000\",\"systemTime\":\"2026-10-02T13:37:56.6206146Z\",\"eventRecordID\":\"14961\",\"processID\":\"3504\",\"threadID\":\"4956\",\"channel\":\"Microsoft-Windows-Sysmon/Operational\",\"computer\":\"DESKTOP-5OG7C28\",\"severityValue\":\"INFORMATION\",\"message\":\"\\\"Process Create:\\r\\nRuleName: -\\r\\nUtcTime: 2026-10-02 13:37:56.617\\r\\nProcessGuid: {4b2ce92d-b3b4-6abf-9f02-000000001400}\\r\\nProcessId: 10808\\r\\nImage: C:\\\\Windows\\\\System32\\\\HOSTNAME.EXE\\r\\nFileVersion: 10.0.26100.9278 (WinBuild.160101.0800)\\r\\nDescription: Hostname APP\\r\\nProduct: Microsoft® Windows® Operating System\\r\\nCompany: Microsoft Corporation\\r\\nOriginalFileName: hostname.exe\\r\\nCommandLine: \\\"C:\\\\WINDOWS\\\\system32\\\\HOSTNAME.EXE\\\"\\r\\nCurrentDirectory: C:\\\\WINDOWS\\\\system32\\\\\\r\\nUser: DESKTOP-5OG7C28\\\\Darragh Casey\\r\\nLogonGuid: {4b2ce92d-826e-6abe-6d8d-0a0000000000}\\r\\nLogonId: 0xA8D6D\\r\\nTerminalSessionId: 1\\r\\nIntegrityLevel: High\\r\\nHashes: MD5=C405D49FB634C366EF63246D2319AF49,SHA256=22EC2260B5C32177F7D14A33975E1005988BBA0DF3427CC8B47CEC671D3F2A1F,IMPHASH=8CB84C534505B1E47EF25FA2CD9A16BB\\r\\nParentProcessGuid: {00000000-0000-0000-0000-000000000000}\\r\\nParentProcessId: 11248\\r\\nParentImage: -\\r\\nParentCommandLine: -\\r\\nParentUser: -\\\"\"},\"eventdata\":{\"utcTime\":\"2026-10-02 13:37:56.617\",\"processGuid\":\"{4b2ce92d-b3b4-6abf-9f02-000000001400}\",\"processId\":\"10808\",\"image\":\"C:\\\\\\\\Windows\\\\\\\\System32\\\\\\\\HOSTNAME.EXE\",\"fileVersion\":\"10.0.26100.9278 (WinBuild.160101.0800)\",\"description\":\"Hostname APP\",\"product\":\"Microsoft® Windows® Operating System\",\"company\":\"Microsoft Corporation\",\"originalFileName\":\"hostname.exe\",\"commandLine\":\"\\\\\\\"C:\\\\\\\\WINDOWS\\\\\\\\system32\\\\\\\\HOSTNAME.EXE\\\\\\\"\",\"currentDirectory\":\"C:\\\\\\\\WINDOWS\\\\\\\\system32\\\\\\\\\",\"user\":\"DESKTOP-5OG7C28\\\\\\\\Darragh Casey\",\"logonGuid\":\"{4b2ce92d-826e-6abe-6d8d-0a0000000000}\",\"logonId\":\"0xa8d6d\",\"terminalSessionId\":\"1\",\"integrityLevel\":\"High\",\"hashes\":\"MD5=C405D49FB634C366EF63246D2319AF49,SHA256=22EC2260B5C32177F7D14A33975E1005988BBA0DF3427CC8B47CEC671D3F2A1F,IMPHASH=8CB84C534505B1E47EF25FA2CD9A16BB\",\"parentProcessGuid\":\"{00000000-0000-0000-0000-000000000000}\",\"parentProcessId\":\"11248\"}}}","decoder":{"name":"windows_eventchannel"},"data":{"win":{"system":{"providerName":"Microsoft-Windows-Sysmon","providerGuid":"{5770385f-c22a-43e0-bf4c-06f5698ffbd9}","eventID":"1","version":"5","level":"4","task":"1","opcode":"0","keywords":"0x8000000000000000","systemTime":"2026-10-02T13:37:56.6206146Z","eventRecordID":"14961","processID":"3504","threadID":"4956","channel":"Microsoft-Windows-Sysmon/Operational","computer":"DESKTOP-5OG7C28","severityValue":"INFORMATION","message":"\"Process Create:\r\nRuleName: -\r\nUtcTime: 2026-10-02 13:37:56.617\r\nProcessGuid: {4b2ce92d-b3b4-6abf-9f02-000000001400}\r\nProcessId: 10808\r\nImage: C:\\Windows\\System32\\HOSTNAME.EXE\r\nFileVersion: 10.0.26100.9278 (WinBuild.160101.0800)\r\nDescription: Hostname APP\r\nProduct: Microsoft® Windows® Operating System\r\nCompany: Microsoft Corporation\r\nOriginalFileName: hostname.exe\r\nCommandLine: \"C:\\WINDOWS\\system32\\HOSTNAME.EXE\"\r\nCurrentDirectory: C:\\WINDOWS\\system32\\\r\nUser: DESKTOP-5OG7C28\\Darragh Casey\r\nLogonGuid: {4b2ce92d-826e-6abe-6d8d-0a0000000000}\r\nLogonId: 0xA8D6D\r\nTerminalSessionId: 1\r\nIntegrityLevel: High\r\nHashes: MD5=C405D49FB634C366EF63246D2319AF49,SHA256=22EC2260B5C32177F7D14A33975E1005988BBA0DF3427CC8B47CEC671D3F2A1F,IMPHASH=8CB84C534505B1E47EF25FA2CD9A16BB\r\nParentProcessGuid: {00000000-0000-0000-0000-000000000000}\r\nParentProcessId: 11248\r\nParentImage: -\r\nParentCommandLine: -\r\nParentUser: -\""},"eventdata":{"utcTime":"2026-10-02 13:37:56.617","processGuid":"{4b2ce92d-b3b4-6abf-9f02-000000001400}","processId":"10808","image":"C:\\\\Windows\\\\System32\\\\HOSTNAME.EXE","fileVersion":"10.0.26100.9278 (WinBuild.160101.0800)","description":"Hostname APP","product":"Microsoft® Windows® Operating System","company":"Microsoft Corporation","originalFileName":"hostname.exe","commandLine":"\\\"C:\\\\WINDOWS\\\\system32\\\\HOSTNAME.EXE\\\"","currentDirectory":"C:\\\\WINDOWS\\\\system32\\\\","user":"DESKTOP-5OG7C28\\\\Darragh Casey","logonGuid":"{4b2ce92d-826e-6abe-6d8d-0a0000000000}","logonId":"0xa8d6d","terminalSessionId":"1","integrityLevel":"High","hashes":"MD5=C405D49FB634C366EF63246D2319AF49,SHA256=22EC2260B5C32177F7D14A33975E1005988BBA0DF3427CC8B47CEC671D3F2A1F,IMPHASH=8CB84C534505B1E47EF25FA2CD9A16BB","parentProcessGuid":"{00000000-0000-0000-0000-000000000000}","parentProcessId":"11248"}}},"location":"EventChannel"}
{"timestamp":"2026-10-02T15:38:03.569+0200","agent":{"id":"001","name":"Windows_VM","ip":"192.168.232.130"},"manager":{"name":"dcasey-virtual-machine"},"id":"1790948283.321646","full_log":"{\"win\":{\"system\":{\"providerName\":\"Microsoft-Windows-Sysmon\",\"providerGuid\":\"{5770385f-c22a-43e0-bf4c-06f5698ffbd9}\",\"eventID\":\"1\",\"version\":\"5\",\"level\":\"4\",\"task\":\"1\",\"opcode\":\"0\",\"keywords\":\"0x8000000000000000\",\"systemTime\":\"2026-10-02T13:38:03.4938018Z\",\"eventRecordID\":\"14962\",\"processID\":\"3504\",\"threadID\":\"4956\",\"channel\":\"Microsoft-Windows-Sysmon/Operational\",\"computer\":\"DESKTOP-5OG7C28\",\"severityValue\":\"INFORMATION\",\"message\":\"\\\"Process Create:\\r\\nRuleName: -\\r\\nUtcTime: 2026-10-02 13:38:03.490\\r\\nProcessGuid: {4b2ce92d-b3bb-6abf-a002-000000001400}\\r\\nProcessId: 1200\\r\\nImage: C:\\\\Windows\\\\System32\\\\HOSTNAME.EXE\\r\\nFileVersion: 10.0.26100.9278 (WinBuild.160101.0800)\\r\\nDescription: Hostname APP\\r\\nProduct: Microsoft® Windows® Operating System\\r\\nCompany: Microsoft Corporation\\r\\nOriginalFileName: hostname.exe\\r\\nCommandLine: \\\"C:\\\\WINDOWS\\\\system32\\\\HOSTNAME.EXE\\\"\\r\\nCurrentDirectory: C:\\\\WINDOWS\\\\system32\\\\\\r\\nUser: DESKTOP-5OG7C28\\\\Darragh Casey\\r\\nLogonGuid: {4b2ce92d-826e-6abe-6d8d-0a0000000000}\\r\\nLogonId: 0xA8D6D\\r\\nTerminalSessionId: 1\\r\\nIntegrityLevel: High\\r\\nHashes: MD5=C405D49FB634C366EF63246D2319AF49,SHA256=22EC2260B5C32177F7D14A33975E1005988BBA0DF3427CC8B47CEC671D3F2A1F,IMPHASH=8CB84C534505B1E47EF25FA2CD9A16BB\\r\\nParentProcessGuid: {00000000-0000-0000-0000-000000000000}\\r\\nParentProcessId: 11248\\r\\nParentImage: -\\r\\nParentCommandLine: -\\r\\nParentUser: -\\\"\"},\"eventdata\":{\"utcTime\":\"2026-10-02 13:38:03.490\",\"processGuid\":\"{4b2ce92d-b3bb-6abf-a002-000000001400}\",\"processId\":\"1200\",\"image\":\"C:\\\\\\\\Windows\\\\\\\\System32\\\\\\\\HOSTNAME.EXE\",\"fileVersion\":\"10.0.26100.9278 (WinBuild.160101.0800)\",\"description\":\"Hostname APP\",\"product\":\"Microsoft® Windows® Operating System\",\"company\":\"Microsoft Corporation\",\"originalFileName\":\"hostname.exe\",\"commandLine\":\"\\\\\\\"C:\\\\\\\\WINDOWS\\\\\\\\system32\\\\\\\\HOSTNAME.EXE\\\\\\\"\",\"currentDirectory\":\"C:\\\\\\\\WINDOWS\\\\\\\\system32\\\\\\\\\",\"user\":\"DESKTOP-5OG7C28\\\\\\\\Darragh Casey\",\"logonGuid\":\"{4b2ce92d-826e-6abe-6d8d-0a0000000000}\",\"logonId\":\"0xa8d6d\",\"terminalSessionId\":\"1\",\"integrityLevel\":\"High\",\"hashes\":\"MD5=C405D49FB634C366EF63246D2319AF49,SHA256=22EC2260B5C32177F7D14A33975E1005988BBA0DF3427CC8B47CEC671D3F2A1F,IMPHASH=8CB84C534505B1E47EF25FA2CD9A16BB\",\"parentProcessGuid\":\"{00000000-0000-0000-0000-000000000000}\",\"parentProcessId\":\"11248\"}}}","decoder":{"name":"windows_eventchannel"},"data":{"win":{"system":{"providerName":"Microsoft-Windows-Sysmon","providerGuid":"{5770385f-c22a-43e0-bf4c-06f5698ffbd9}","eventID":"1","version":"5","level":"4","task":"1","opcode":"0","keywords":"0x8000000000000000","systemTime":"2026-10-02T13:38:03.4938018Z","eventRecordID":"14962","processID":"3504","threadID":"4956","channel":"Microsoft-Windows-Sysmon/Operational","computer":"DESKTOP-5OG7C28","severityValue":"INFORMATION","message":"\"Process Create:\r\nRuleName: -\r\nUtcTime: 2026-10-02 13:38:03.490\r\nProcessGuid: {4b2ce92d-b3bb-6abf-a002-000000001400}\r\nProcessId: 1200\r\nImage: C:\\Windows\\System32\\HOSTNAME.EXE\r\nFileVersion: 10.0.26100.9278 (WinBuild.160101.0800)\r\nDescription: Hostname APP\r\nProduct: Microsoft® Windows® Operating System\r\nCompany: Microsoft Corporation\r\nOriginalFileName: hostname.exe\r\nCommandLine: \"C:\\WINDOWS\\system32\\HOSTNAME.EXE\"\r\nCurrentDirectory: C:\\WINDOWS\\system32\\\r\nUser: DESKTOP-5OG7C28\\Darragh Casey\r\nLogonGuid: {4b2ce92d-826e-6abe-6d8d-0a0000000000}\r\nLogonId: 0xA8D6D\r\nTerminalSessionId: 1\r\nIntegrityLevel: High\r\nHashes: MD5=C405D49FB634C366EF63246D2319AF49,SHA256=22EC2260B5C32177F7D14A33975E1005988BBA0DF3427CC8B47CEC671D3F2A1F,IMPHASH=8CB84C534505B1E47EF25FA2CD9A16BB\r\nParentProcessGuid: {00000000-0000-0000-0000-000000000000}\r\nParentProcessId: 11248\r\nParentImage: -\r\nParentCommandLine: -\r\nParentUser: -\""},"eventdata":{"utcTime":"2026-10-02 13:38:03.490","processGuid":"{4b2ce92d-b3bb-6abf-a002-000000001400}","processId":"1200","image":"C:\\\\Windows\\\\System32\\\\HOSTNAME.EXE","fileVersion":"10.0.26100.9278 (WinBuild.160101.0800)","description":"Hostname APP","product":"Microsoft® Windows® Operating System","company":"Microsoft Corporation","originalFileName":"hostname.exe","commandLine":"\\\"C:\\\\WINDOWS\\\\system32\\\\HOSTNAME.EXE\\\"","currentDirectory":"C:\\\\WINDOWS\\\\system32\\\\","user":"DESKTOP-5OG7C28\\\\Darragh Casey","logonGuid":"{4b2ce92d-826e-6abe-6d8d-0a0000000000}","logonId":"0xa8d6d","terminalSessionId":"1","integrityLevel":"High","hashes":"MD5=C405D49FB634C366EF63246D2319AF49,SHA256=22EC2260B5C32177F7D14A33975E1005988BBA0DF3427CC8B47CEC671D3F2A1F,IMPHASH=8CB84C534505B1E47EF25FA2CD9A16BB","parentProcessGuid":"{00000000-0000-0000-0000-000000000000}","parentProcessId":"11248"}}},"location":"EventChannel"}
{"timestamp":"2026-10-02T15:38:03.610+0200","agent":{"id":"001","name":"Windows_VM","ip":"192.168.232.130"},"manager":{"name":"dcasey-virtual-machine"},"id":"1790948283.321646","full_log":"{\"win\":{\"system\":{\"providerName\":\"Microsoft-Windows-Sysmon\",\"providerGuid\":\"{5770385f-c22a-43e0-bf4c-06f5698ffbd9}\",\"eventID\":\"1\",\"version\":\"5\",\"level\":\"4\",\"task\":\"1\",\"opcode\":\"0\",\"keywords\":\"0x8000000000000000\",\"systemTime\":\"2026-10-02T13:38:03.5373908Z\",\"eventRecordID\":\"14963\",\"processID\":\"3504\",\"threadID\":\"4956\",\"channel\":\"Microsoft-Windows-Sysmon/Operational\",\"computer\":\"DESKTOP-5OG7C28\",\"severityValue\":\"INFORMATION\",\"message\":\"\\\"Process Create:\\r\\nRuleName: -\\r\\nUtcTime: 2026-10-02 13:38:03.526\\r\\nProcessGuid: {4b2ce92d-b3bb-6abf-a102-000000001400}\\r\\nProcessId: 9064\\r\\nImage: C:\\\\Windows\\\\System32\\\\whoami.exe\\r\\nFileVersion: 10.0.26100.1882 (WinBuild.160101.0800)\\r\\nDescription: whoami - displays logged on user information\\r\\nProduct: Microsoft® Windows® Operating System\\r\\nCompany: Microsoft Corporation\\r\\nOriginalFileName: whoami.exe\\r\\nCommandLine: \\\"C:\\\\WINDOWS\\\\system32\\\\whoami.exe\\\"\\r\\nCurrentDirectory: C:\\\\WINDOWS\\\\system32\\\\\\r\\nUser: DESKTOP-5OG7C28\\\\Darragh Casey\\r\\nLogonGuid: {4b2ce92d-826e-6abe-6d8d-0a0000000000}\\r\\nLogonId: 0xA8D6D\\r\\nTerminalSessionId: 1\\r\\nIntegrityLevel: High\\r\\nHashes: MD5=956692DADC5B2CEB46E9219F7A5BEFFA,SHA256=23240EF9F8B0A9A324110B1C2331DE31DC1B0E08F5359CB707E51A939AF56CD3,IMPHASH=E4464BCD92DF7AC69CCD074CB9C0EFED\\r\\nParentProcessGuid: {00000000-0000-0000-0000-000000000000}\\r\\nParentProcessId: 11248\\r\\nParentImage: -\\r\\nParentCommandLine: -\\r\\nParentUser: -\\\"\"},\"eventdata\":{\"utcTime\":\"2026-10-02 13:38:03.526\",\"processGuid\":\"{4b2ce92d-b3bb-6abf-a102-000000001400}\",\"processId\":\"9064\",\"image\":\"C:\\\\\\\\Windows\\\\\\\\System32\\\\\\\\whoami.exe\",\"fileVersion\":\"10.0.26100.1882 (WinBuild.160101.0800)\",\"description\":\"whoami - displays logged on user information\",\"product\":\"Microsoft® Windows® Operating System\",\"company\":\"Microsoft Corporation\",\"originalFileName\":\"whoami.exe\",\"commandLine\":\"\\\\\\\"C:\\\\\\\\WINDOWS\\\\\\\\system32\\\\\\\\whoami.exe\\\\\\\"\",\"currentDirectory\":\"C:\\\\\\\\WINDOWS\\\\\\\\system32\\\\\\\\\",\"user\":\"DESKTOP-5OG7C28\\\\\\\\Darragh Casey\",\"logonGuid\":\"{4b2ce92d-826e-6abe-6d8d-0a0000000000}\",\"logonId\":\"0xa8d6d\",\"terminalSessionId\":\"1\",\"integrityLevel\":\"High\",\"hashes\":\"MD5=956692DADC5B2CEB46E9219F7A5BEFFA,SHA256=23240EF9F8B0A9A324110B1C2331DE31DC1B0E08F5359CB707E51A939AF56CD3,IMPHASH=E4464BCD92DF7AC69CCD074CB9C0EFED\",\"parentProcessGuid\":\"{00000000-0000-0000-0000-000000000000}\",\"parentProcessId\":\"11248\"}}}","decoder":{"name":"windows_eventchannel"},"data":{"win":{"system":{"providerName":"Microsoft-Windows-Sysmon","providerGuid":"{5770385f-c22a-43e0-bf4c-06f5698ffbd9}","eventID":"1","version":"5","level":"4","task":"1","opcode":"0","keywords":"0x8000000000000000","systemTime":"2026-10-02T13:38:03.5373908Z","eventRecordID":"14963","processID":"3504","threadID":"4956","channel":"Microsoft-Windows-Sysmon/Operational","computer":"DESKTOP-5OG7C28","severityValue":"INFORMATION","message":"\"Process Create:\r\nRuleName: -\r\nUtcTime: 2026-10-02 13:38:03.526\r\nProcessGuid: {4b2ce92d-b3bb-6abf-a102-000000001400}\r\nProcessId: 9064\r\nImage: C:\\Windows\\System32\\whoami.exe\r\nFileVersion: 10.0.26100.1882 (WinBuild.160101.0800)\r\nDescription: whoami - displays logged on user information\r\nProduct: Microsoft® Windows® Operating System\r\nCompany: Microsoft Corporation\r\nOriginalFileName: whoami.exe\r\nCommandLine: \"C:\\WINDOWS\\system32\\whoami.exe\"\r\nCurrentDirectory: C:\\WINDOWS\\system32\\\r\nUser: DESKTOP-5OG7C28\\Darragh Casey\r\nLogonGuid: {4b2ce92d-826e-6abe-6d8d-0a0000000000}\r\nLogonId: 0xA8D6D\r\nTerminalSessionId: 1\r\nIntegrityLevel: High\r\nHashes: MD5=956692DADC5B2CEB46E9219F7A5BEFFA,SHA256=23240EF9F8B0A9A324110B1C2331DE31DC1B0E08F5359CB707E51A939AF56CD3,IMPHASH=E4464BCD92DF7AC69CCD074CB9C0EFED\r\nParentProcessGuid: {00000000-0000-0000-0000-000000000000}\r\nParentProcessId: 11248\r\nParentImage: -\r\nParentCommandLine: -\r\nParentUser: -\""},"eventdata":{"utcTime":"2026-10-02 13:38:03.526","processGuid":"{4b2ce92d-b3bb-6abf-a102-000000001400}","processId":"9064","image":"C:\\\\Windows\\\\System32\\\\whoami.exe","fileVersion":"10.0.26100.1882 (WinBuild.160101.0800)","description":"whoami - displays logged on user information","product":"Microsoft® Windows® Operating System","company":"Microsoft Corporation","originalFileName":"whoami.exe","commandLine":"\\\"C:\\\\WINDOWS\\\\system32\\\\whoami.exe\\\"","currentDirectory":"C:\\\\WINDOWS\\\\system32\\\\","user":"DESKTOP-5OG7C28\\\\Darragh Casey","logonGuid":"{4b2ce92d-826e-6abe-6d8d-0a0000000000}","logonId":"0xa8d6d","terminalSessionId":"1","integrityLevel":"High","hashes":"MD5=956692DADC5B2CEB46E9219F7A5BEFFA,SHA256=23240EF9F8B0A9A324110B1C2331DE31DC1B0E08F5359CB707E51A939AF56CD3,IMPHASH=E4464BCD92DF7AC69CCD074CB9C0EFED","parentProcessGuid":"{00000000-0000-0000-0000-000000000000}","parentProcessId":"11248"}}},"location":"EventChannel"}
{"timestamp":"2026-10-02T15:38:07.580+0200","agent":{"id":"001","name":"Windows_VM","ip":"192.168.232.130"},"manager":{"name":"dcasey-virtual-machine"},"id":"1790948287.321646","full_log":"{\"win\":{\"system\":{\"providerName\":\"edgeupdate\",\"eventID\":\"0\",\"version\":\"0\",\"level\":\"4\",\"task\":\"0\",\"opcode\":\"0\",\"keywords\":\"0x80000000000000\",\"systemTime\":\"2026-10-02T13:38:08.5548184Z\",\"eventRecordID\":\"1246\",\"processID\":\"9980\",\"threadID\":\"0\",\"channel\":\"Application\",\"computer\":\"DESKTOP-5OG7C28\",\"severityValue\":\"INFORMATION\",\"message\":\"\\\"Service stopped.\\\"\"},\"eventdata\":{\"data\":\"Service stopped\"}}}","decoder":{"name":"windows_eventchannel"},"data":{"win":{"system":{"providerName":"edgeupdate","eventID":"0","version":"0","level":"4","task":"0","opcode":"0","keywords":"0x80000000000000","systemTime":"2026-10-02T13:38:08.5548184Z","eventRecordID":"1246","processID":"9980","threadID":"0","channel":"Application","computer":"DESKTOP-5OG7C28","severityValue":"INFORMATION","message":"\"Service stopped.\""},"eventdata":{"data":"Service stopped"}}},"location":"EventChannel"}
