{"timestamp":"2026-10-02T15:43:22.331+0200","agent":{"id":"001","name":"Windows_VM","ip":"192.168.232.130"},"manager":{"name":"dcasey-virtual-machine"},"id":"1790948602.335306","full_log":"{\"win\":{\"system\":{\"providerName\":\"Microsoft-Windows-Sysmon\",\"providerGuid\":\"{5770385f-c22a-43e0-bf4c-06f5698ffbd9}\",\"eventID\":\"1\",\"version\":\"5\",\"level\":\"4\",\"task\":\"1\",\"opcode\":\"0\",\"keywords\":\"0x8000000000000000\",\"systemTime\":\"2026-10-02T13:43:22.4926270Z\",\"eventRecordID\":\"15009\",\"processID\":\"3504\",\"threadID\":\"4956\",\"channel\":\"Microsoft-Windows-Sysmon/Operational\",\"computer\":\"DESKTOP-5OG7C28\",\"severityValue\":\"INFORMATION\",\"message\":\"\\\"Process Create:\\r\\nRuleName: -\\r\\nUtcTime: 2026-10-02 13:43:22.482\\r\\nProcessGuid: {4b2ce92d-b4fa-6abf-e302-000000001400}\\r\\nProcessId: 4536\\r\\nImage: C:\\\\Windows\\\\System32\\\\whoami.exe\\r\\nFileVersion: 10.0.26100.1882 (WinBuild.160101.0800)\\r\\nDescription: whoami - displays logged on user information\\r\\nProduct: Microsoft® Windows® Operating System\\r\\nCompany: Microsoft Corporation\\r\\nOriginalFileName: whoami.exe\\r\\nCommandLine: \\\"C:\\\\WINDOWS\\\\system32\\\\whoami.exe\\\"\\r\\nCurrentDirectory: C:\\\\Users\\\\Darragh Casey\\\\Desktop\\\\T1059.003\\\\\\r\\nUser: DESKTOP-5OG7C28\\\\Darragh Casey\\r\\nLogonGuid: {4b2ce92d-826e-6abe-6d8d-0a0000000000}\\r\\nLogonId: 0xA8D6D\\r\\nTerminalSessionId: 1\\r\\nIntegrityLevel: High\\r\\nHashes: MD5=956692DADC5B2CEB46E9219F7A5BEFFA,SHA256=23240EF9F8B0A9A324110B1C2331DE31DC1B0E08F5359CB707E51A939AF56CD3,IMPHASH=E4464BCD92DF7AC69CCD074CB9C0EFED\\r\\nParentProcessGuid: {4b2ce92d-b418-6abf-b202-000000001400}\\r\\nParentProcessId: 8452\\r\\nParentImage: C:\\\\Windows\\\\System32\\\\WindowsPowerShell\\\\v1.0\\\\powershell.exe\\r\\nParentCommandLine: \\\"C:\\\\Windows\\\\System32\\\\WindowsPowerShell\\\\v1.0\\\\powershell.exe\\\" \\r\\nParentUser: DESKTOP-5OG7C28\\\\Darragh Casey\\\"\"},\"eventdata\":{\"utcTime\":\"2026-10-02 13:43:22.482\",\"processGuid\":\"{4b2ce92d-b4fa-6abf-e302-000000001400}\",\"processId\":\"4536\",\"image\":\"C:\\\\\\\\Windows\\\\\\\\System32\\\\\\\\whoami.exe\",\"fileVersion\":\"10.0.26100.1882 (WinBuild.160101.0800)\",\"description\":\"whoami - displays logged on user information\",\"product\":\"Microsoft® Windows® Operating System\",\"company\":\"Microsoft Corporation\",\"originalFileName\":\"whoami.exe\",\"commandLine\":\"\\\\\\\"C:\\\\\\\\WINDOWS\\\\\\\\system32\\\\\\\\whoami.exe\\\\\\\"\",\"currentDirectory\":\"C:\\\\\\\\Users\\\\\\\\Darragh Casey\\\\\\\\Desktop\\\\\\\\T1059.003\\\\\\\\\",\"user\":\"DESKTOP-5OG7C28\\\\\\\\Darragh Casey\",\"logonGuid\":\"{4b2ce92d-826e-6abe-6d8d-0a0000000000}\",\"logonId\":\"0xa8d6d\",\"terminalSessionId\":\"1\",\"integrityLevel\":\"High\",\"hashes\":\"MD5=956692DADC5B2CEB46E9219F7A5BEFFA,SHA256=23240EF9F8B0A9A324110B1C2331DE31DC1B0E08F5359CB707E51A939AF56CD3,IMPHASH=E4464BCD92DF7AC69CCD074CB9C0EFED\",\"parentProcessGuid\":\"{4b2ce92d-b418-6abf-b202-000000001400}\",\"parentProcessId\":\"8452\",\"parentImage\":\"C:\\\\\\\\Windows\\\\\\\\System32\\\\\\\\WindowsPowerShell\\\\\\\\v1.0\\\\\\\\powershell.exe\",\"parentCommandLine\":\"\\\\\\\"C:\\\\\\\\Windows\\\\\\\\System32\\\\\\\\WindowsPowerShell\\\\\\\\v1.0\\\\\\\\powershell.exe\\\\\\\"\",\"parentUser\":\"DESKTOP-5OG7C28\\\\\\\\Darragh Casey\"}}}","decoder":{"name":"windows_eventchannel"},"data":{"win":{"system":{"providerName":"Microsoft-Windows-Sysmon","providerGuid":"{5770385f-c22a-43e0-bf4c-06f5698ffbd9}","eventID":"1","version":"5","level":"4","task":"1","opcode":"0","keywords":"0x8000000000000000","systemTime":"2026-10-02T13:43:22.4926270Z","eventRecordID":"15009","processID":"3504","threadID":"4956","channel":"Microsoft-Windows-Sysmon/Operational","computer":"DESKTOP-5OG7C28","severityValue":"INFORMATION","message":"\"Process Create:\r\nRuleName: -\r\nUtcTime: 2026-10-02 13:43:22.482\r\nProcessGuid: {4b2ce92d-b4fa-6abf-e302-000000001400}\r\nProcessId: 4536\r\nImage: C:\\Windows\\System32\\whoami.exe\r\nFileVersion: 10.0.26100.1882 (WinBuild.160101.0800)\r\nDescription: whoami - displays logged on user information\r\nProduct: Microsoft® Windows® Operating System\r\nCompany: Microsoft Corporation\r\nOriginalFileName: whoami.exe\r\nCommandLine: \"C:\\WINDOWS\\system32\\whoami.exe\"\r\nCurrentDirectory: C:\\Users\\Darragh Casey\\Desktop\\T1059.003\\\r\nUser: DESKTOP-5OG7C28\\Darragh Casey\r\nLogonGuid: {4b2ce92d-826e-6abe-6d8d-0a0000000000}\r\nLogonId: 0xA8D6D\r\nTerminalSessionId: 1\r\nIntegrityLevel: High\r\nHashes: MD5=956692DADC5B2CEB46E9219F7A5BEFFA,SHA256=23240EF9F8B0A9A324110B1C2331DE31DC1B0E08F5359CB707E51A939AF56CD3,IMPHASH=E4464BCD92DF7AC69CCD074CB9C0EFED\r\nParentProcessGuid: {4b2ce92d-b418-6abf-b202-000000001400}\r\nParentProcessId: 8452\r\nParentImage: C:\\Windows\\System32\\WindowsPowerShell\\v1.0\\powershell.exe\r\nParentCommandLine: \"C:\\Windows\\System32\\WindowsPowerShell\\v1.0\\powershell.exe\" \r\nParentUser: DESKTOP-5OG7C28\\Darragh Casey\""},"eventdata":{"utcTime":"2026-10-02 13:43:22.482","processGuid":"{4b2ce92d-b4fa-6abf-e302-000000001400}","processId":"4536","image":"C:\\\\Windows\\\\System32\\\\whoami.exe","fileVersion":"10.0.26100.1882 (WinBuild.160101.0800)","description":"whoami - displays logged on user information","product":"Microsoft® Windows® Operating System","company":"Microsoft Corporation","originalFileName":"whoami.exe","commandLine":"\\\"C:\\\\WINDOWS\\\\system32\\\\whoami.exe\\\"","currentDirectory":"C:\\\\Users\\\\Darragh Casey\\\\Desktop\\\\T1059.003\\\\","user":"DESKTOP-5OG7C28\\\\Darragh Casey","logonGuid":"{4b2ce92d-826e-6abe-6d8d-0a0000000000}","logonId":"0xa8d6d","terminalSessionId":"1","integrityLevel":"High","hashes":"MD5=956692DADC5B2CEB46E9219F7A5BEFFA,SHA256=23240EF9F8B0A9A324110B1C2331DE31DC1B0E08F5359CB707E51A939AF56CD3,IMPHASH=E4464BCD92DF7AC69CCD074CB9C0EFED","parentProcessGuid":"{4b2ce92d-b418-6abf-b202-000000001400}","parentProcessId":"8452","parentImage":"C:\\\\Windows\\\\System32\\\\WindowsPowerShell\\\\v1.0\\\\powershell.exe","parentCommandLine":"\\\"C:\\\\Windows\\\\System32\\\\WindowsPowerShell\\\\v1.0\\\\powershell.exe\\\"","parentUser":"DESKTOP-5OG7C28\\\\Darragh Casey"}}},"location":"EventChannel"}
{"timestamp":"2026-10-02T15:43:23.533+0200","agent":{"id":"001","name":"Windows_VM","ip":"192.168.232.130"},"manager":{"name":"dcasey-virtual-machine"},"id":"1790948603.335306","full_log":"{\"win\":{\"system\":{\"providerName\":\"Microsoft-Windows-Sysmon\",\"providerGuid\":\"{5770385f-c22a-43e0-bf4c-06f5698ffbd9}\",\"eventID\":\"1\",\"version\":\"5\",\"level\":\"4\",\"task\":\"1\",\"opcode\":\"0\",\"keywords\":\"0x8000000000000000\",\"systemTime\":\"2026-10-02T13:43:23.5760541Z\",\"eventRecordID\":\"15010\",\"processID\":\"3504\",\"threadID\":\"4956\",\"channel\":\"Microsoft-Windows-Sysmon/Operational\",\"computer\":\"DESKTOP-5OG7C28\",\"severityValue\":\"INFORMATION\",\"message\":\"\\\"Process Create:\\r\\nRuleName: -\\r\\nUtcTime: 2026-10-02 13:43:23.564\\r\\nProcessGuid: {4b2ce92d-b4fb-6abf-e402-000000001400}\\r\\nProcessId: 4116\\r\\nImage: C:\\\\Windows\\\\System32\\\\WindowsPowerShell\\\\v1.0\\\\powershell.exe\\r\\nFileVersion: 10.0.26100.9278 (WinBuild.160101.0800)\\r\\nDescription: Windows PowerShell\\r\\nProduct: Microsoft® Windows® Operating System\\r\\nCompany: Microsoft Corporation\\r\\nOriginalFileName: PowerShell.EXE\\r\\nCommandLine: \\\"powershell.exe\\\" & {if (Test-Path \\\\\\\"\\\"C:\\\\AtomicRedTeam\\\\atomics\\\\..\\\\ExternalPayloads\\\\T1059.003_script.bat\\\\\\\"\\\") {exit 0} else {exit 1}}\\r\\nCurrentDirectory: C:\\\\Users\\\\DARRAG~1\\\\AppData\\\\Local\\\\Temp\\\\\\r\\nUser: DESKTOP-5OG7C28\\\\Darragh Casey\\r\\nLogonGuid: {4b2ce92d-826e-6abe-6d8d-0a0000000000}\\r\\nLogonId: 0xA8D6D\\r\\nTerminalSessionId: 1\\r\\nIntegrityLevel: High\\r\\nHashes: MD5=61F649A6FDC374A6BF36C860519E017C,SHA256=8BB6FA8C283B4D92120B1EF249A9B311B0F804D4CABBE9981159976C8BE76A5E,IMPHASH=2F87CE4617F593D7148B739BBF06D059\\r\\nParentProcessGuid: {4b2ce92d-b418-6abf-b202-000000001400}\\r\\nParentProcessId: 8452\\r\\nParentImage: C:\\\\Windows\\\\System32\\\\WindowsPowerShell\\\\v1.0\\\\powershell.exe\\r\\nParentCommandLine: \\\"C:\\\\Windows\\\\System32\\\\WindowsPowerShell\\\\v1.0\\\\powershell.exe\\\" \\r\\nParentUser: DESKTOP-5OG7C28\\\\Darragh Casey\\\"\"},\"eventdata\":{\"utcTime\":\"2026-10-02 13:43:23.564\",\"processGuid\":\"{4b2ce92d-b4fb-6abf-e402-000000001400}\",\"processId\":\"4116\",\"image\":\"C:\\\\\\\\Windows\\\\\\\\System32\\\\\\\\WindowsPowerShell\\\\\\\\v1.0\\\\\\\\powershell.exe\",\"fileVersion\":\"10.0.26100.9278 (WinBuild.160101.0800)\",\"description\":\"Windows PowerShell\",\"product\":\"Microsoft® Windows® Operating System\",\"company\":\"Microsoft Corporation\",\"originalFileName\":\"PowerShell.EXE\",\"commandLine\":\"\\\\\\\"powershell.exe\\\\\\\" &amp; {if (Test-Path \\\\\\\\\\\\\\\"\\\\\\\"C:\\\\\\\\AtomicRedTeam\\\\\\\\atomics\\\\\\\\..\\\\\\\\ExternalPayloads\\\\\\\\T1059.003_script.bat\\\\\\\\\\\\\\\"\\\\\\\") {exit 0} else {exit 1}}\",\"currentDirectory\":\"C:\\\\\\\\Users\\\\\\\\DARRAG~1\\\\\\\\AppData\\\\\\\\Local\\\\\\\\Temp\\\\\\\\\",\"user\":\"DESKTOP-5OG7C28\\\\\\\\Darragh Casey\",\"logonGuid\":\"{4b2ce92d-826e-6abe-6d8d-0a0000000000}\",\"logonId\":\"0xa8d6d\",\"terminalSessionId\":\"1\",\"integrityLevel\":\"High\",\"hashes\":\"MD5=61F649A6FDC374A6BF36C860519E017C,SHA256=8BB6FA8C283B4D92120B1EF249A9B311B0F804D4CABBE9981159976C8BE76A5E,IMPHASH=2F87CE4617F593D7148B739BBF06D059\",\"parentProcessGuid\":\"{4b2ce92d-b418-6abf-b202-000000001400}\",\"parentProcessId\":\"8452\",\"parentImage\":\"C:\\\\\\\\Windows\\\\\\\\System32\\\\\\\\WindowsPowerShell\\\\\\\\v1.0\\\\\\\\powershell.exe\",\"parentCommandLine\":\"\\\\\\\"C:\\\\\\\\Windows\\\\\\\\System32\\\\\\\\WindowsPowerShell\\\\\\\\v1.0\\\\\\\\powershell.exe\\\\\\\"\",\"parentUser\":\"DESKTOP-5OG7C28\\\\\\\\Darragh Casey\"}}}","decoder":{"name":"windows_eventchannel"},"data":{"win":{"system":{"providerName":"Microsoft-Windows-Sysmon","providerGuid":"{5770385f-c22a-43e0-bf4c-06f5698ffbd9}","eventID":"1","version":"5","level":"4","task":"1","opcode":"0","keywords":"0x8000000000000000","systemTime":"2026-10-02T13:43:23.5760541Z","eventRecordID":"15010","processID":"3504","threadID":"4956","channel":"Microsoft-Windows-Sysmon/Operational","computer":"DESKTOP-5OG7C28","severityValue":"INFORMATION","message":"\"Process Create:\r\nRuleName: -\r\nUtcTime: 2026-10-02 13:43:23.564\r\nProcessGuid: {4b2ce92d-b4fb-6abf-e402-000000001400}\r\nProcessId: 4116\r\nImage: C:\\Windows\\System32\\WindowsPowerShell\\v1.0\\powershell.exe\r\nFileVersion: 10.0.26100.9278 (WinBuild.160101.0800)\r\nDescription: Windows PowerShell\r\nProduct: Microsoft® Windows® Operating System\r\nCompany: Microsoft Corporation\r\nOriginalFileName: PowerShell.EXE\r\nCommandLine: \"powershell.exe\" & {if (Test-Path \\\"\"C:\\AtomicRedTeam\\atomics\\..\\ExternalPayloads\\T1059.003_script.bat\\\"\") {exit 0} else {exit 1}}\r\nCurrentDirectory: C:\\Users\\DARRAG~1\\AppData\\Local\\Temp\\\r\nUser: DESKTOP-5OG7C28\\Darragh Casey\r\nLogonGuid: {4b2ce92d-826e-6abe-6d8d-0a0000000000}\r\nLogonId: 0xA8D6D\r\nTerminalSessionId: 1\r\nIntegrityLevel: High\r\nHashes: MD5=61F649A6FDC374A6BF36C860519E017C,SHA256=8BB6FA8C283B4D92120B1EF249A9B311B0F804D4CABBE9981159976C8BE76A5E,IMPHASH=2F87CE4617F593D7148B739BBF06D059\r\nParentProcessGuid: {4b2ce92d-b418-6abf-b202-000000001400}\r\nParentProcessId: 8452\r\nParentImage: C:\\Windows\\System32\\WindowsPowerShell\\v1.0\\powershell.exe\r\nParentCommandLine: \"C:\\Windows\\System32\\WindowsPowerShell\\v1.0\\powershell.exe\" \r\nParentUser: DESKTOP-5OG7C28\\Darragh Casey\""},"eventdata":{"utcTime":"2026-10-02 13:43:23.564","processGuid":"{4b2ce92d-b4fb-6abf-e402-000000001400}","processId":"4116","image":"C:\\\\Windows\\\\System32\\\\WindowsPowerShell\\\\v1.0\\\\powershell.exe","fileVersion":"10.0.26100.9278 (WinBuild.160101.0800)","description":"Windows PowerShell","product":"Microsoft® Windows® Operating System","company":"Microsoft Corporation","originalFileName":"PowerShell.EXE","commandLine":"\\\"powershell.exe\\\" &amp; {if (Test-Path \\\\\\\"\\\"C:\\\\AtomicRedTeam\\\\atomics\\\\..\\\\ExternalPayloads\\\\T1059.003_script.bat\\\\\\\"\\\") {exit 0} else {exit 1}}","currentDirectory":"C:\\\\Users\\\\DARRAG~1\\\\AppData\\\\Local\\\\Temp\\\\","user":"DESKTOP-5OG7C28\\\\Darragh Casey","logonGuid":"{4b2ce92d-826e-6abe-6d8d-0a0000000000}","logonId":"0xa8d6d","terminalSessionId":"1","integrityLevel":"High","hashes":"MD5=61F649A6FDC374A6BF36C860519E017C,SHA256=8BB6FA8C283B4D92120B1EF249A9B311B0F804D4CABBE9981159976C8BE76A5E,IMPHASH=2F87CE4617F593D7148B739BBF06D059","parentProcessGuid":"{4b2ce92d-b418-6abf-b202-000000001400}","parentProcessId":"8452","parentImage":"C:\\\\Windows\\\\System32\\\\WindowsPowerShell\\\\v1.0\\\\powershell.exe","parentCommandLine":"\\\"C:\\\\Windows\\\\System32\\\\WindowsPowerShell\\\\v1.0\\\\powershell.exe\\\"","parentUser":"DESKTOP-5OG7C28\\\\Darragh Casey"}}},"location":"EventChannel"}
{"timestamp":"2026-10-02T15:43:23.542+0200","rule":{"level":15,"description":"Executable file dropped in folder commonly used by malware","id":"92213","mitre":{"id":["T1105"],"tactic":["Command and Control"],"technique":["Ingress Tool Transfer"]},"firedtimes":3,"mail":true,"groups":["sysmon","sysmon_eid11_detections","windows"]},"agent":{"id":"001","name":"Windows_VM","ip":"192.168.232.130"},"manager":{"name":"dcasey-virtual-machine"},"id":"1790948603.335306","full_log":"{\"win\":{\"system\":{\"providerName\":\"Microsoft-Windows-Sysmon\",\"providerGuid\":\"{5770385f-c22a-43e0-bf4c-06f5698ffbd9}\",\"eventID\":\"11\",\"version\":\"2\",\"level\":\"4\",\"task\":\"11\",\"opcode\":\"0\",\"keywords\":\"0x8000000000000000\",\"systemTime\":\"2026-10-02T13:43:23.7180694Z\",\"eventRecordID\":\"15011\",\"processID\":\"3504\",\"threadID\":\"4956\",\"channel\":\"Microsoft-Windows-Sysmon/Operational\",\"computer\":\"DESKTOP-5OG7C28\",\"severityValue\":\"INFORMATION\",\"message\":\"\\\"File created:\\r\\nRuleName: -\\r\\nUtcTime: 2026-10-02 13:43:23.711\\r\\nProcessGuid: {4b2ce92d-b4fb-6abf-e402-000000001400}\\r\\nProcessId: 4116\\r\\nImage: C:\\\\Windows\\\\System32\\\\WindowsPowerShell\\\\v1.0\\\\powershell.exe\\r\\nTargetFilename: C:\\\\Users\\\\Darragh Casey\\\\AppData\\\\Local\\\\Temp\\\\__PSScriptPolicyTest_rahptj1d.b4e.ps1\\r\\nCreationUtcTime: 2026-10-02 13:43:23.711\\r\\nUser: DESKTOP-5OG7C28\\\\Darragh Casey\\\"\"},\"eventdata\":{\"utcTime\":\"2026-10-02 13:43:23.711\",\"processGuid\":\"{4b2ce92d-b4fb-6abf-e402-000000001400}\",\"processId\":\"4116\",\"image\":\"C:\\\\\\\\Windows\\\\\\\\System32\\\\\\\\WindowsPowerShell\\\\\\\\v1.0\\\\\\\\powershell.exe\",\"targetFilename\":\"C:\\\\\\\\Users\\\\\\\\Darragh Casey\\\\\\\\AppData\\\\\\\\Local\\\\\\\\Temp\\\\\\\\__PSScriptPolicyTest_rahptj1d.b4e.ps1\",\"creationUtcTime\":\"2026-10-02 13:43:23.711\",\"user\":\"DESKTOP-5OG7C28\\\\\\\\Darragh Casey\"}}}","decoder":{"name":"windows_eventchannel"},"data":{"win":{"system":{"providerName":"Microsoft-Windows-Sysmon","providerGuid":"{5770385f-c22a-43e0-bf4c-06f5698ffbd9}","eventID":"11","version":"2","level":"4","task":"11","opcode":"0","keywords":"0x8000000000000000","systemTime":"2026-10-02T13:43:23.7180694Z","eventRecordID":"15011","processID":"3504","threadID":"4956","channel":"Microsoft-Windows-Sysmon/Operational","computer":"DESKTOP-5OG7C28","severityValue":"INFORMATION","message":"\"File created:\r\nRuleName: -\r\nUtcTime: 2026-10-02 13:43:23.711\r\nProcessGuid: {4b2ce92d-b4fb-6abf-e402-000000001400}\r\nProcessId: 4116\r\nImage: C:\\Windows\\System32\\WindowsPowerShell\\v1.0\\powershell.exe\r\nTargetFilename: C:\\Users\\Darragh Casey\\AppData\\Local\\Temp\\__PSScriptPolicyTest_rahptj1d.b4e.ps1\r\nCreationUtcTime: 2026-10-02 13:43:23.711\r\nUser: DESKTOP-5OG7C28\\Darragh Casey\""},"eventdata":{"utcTime":"2026-10-02 13:43:23.711","processGuid":"{4b2ce92d-b4fb-6abf-e402-000000001400}","processId":"4116","image":"C:\\\\Windows\\\\System32\\\\WindowsPowerShell\\\\v1.0\\\\powershell.exe","targetFilename":"C:\\\\Users\\\\Darragh Casey\\\\AppData\\\\Local\\\\Temp\\\\__PSScriptPolicyTest_rahptj1d.b4e.ps1","creationUtcTime":"2026-10-02 13:43:23.711","user":"DESKTOP-5OG7C28\\\\Darragh Casey"}}},"location":"EventChannel"}
{"timestamp":"2026-10-02T15:43:23.543+0200","agent":{"id":"001","name":"Windows_VM","ip":"192.168.232.130"},"manager":{"name":"dcasey-virtual-machine"},"id":"1790948603.341103","full_log":"{\"win\":{\"system\":{\"providerName\":\"Microsoft-Windows-Sysmon\",\"providerGuid\":\"{5770385f-c22a-43e0-bf4c-06f5698ffbd9}\",\"eventID\":\"1\",\"version\":\"5\",\"level\":\"4\",\"task\":\"1\",\"opcode\":\"0\",\"keywords\":\"0x8000000000000000\",\"systemTime\":\"2026-10-02T13:43:24.0852892Z\",\"eventRecordID\":\"15012\",\"processID\":\"3504\",\"threadID\":\"4956\",\"channel\":\"Microsoft-Windows-Sysmon/Operational\",\"computer\":\"DESKTOP-5OG7C28\",\"severityValue\":\"INFORMATION\",\"message\":\"\\\"Process Create:\\r\\nRuleName: -\\r\\nUtcTime: 2026-10-02 13:43:24.082\\r\\nProcessGuid: {4b2ce92d-b4fc-6abf-e602-000000001400}\\r\\nProcessId: 3888\\r\\nImage: C:\\\\Windows\\\\System32\\\\HOSTNAME.EXE\\r\\nFileVersion: 10.0.26100.9278 (WinBuild.160101.0800)\\r\\nDescription: Hostname APP\\r\\nProduct: Microsoft® Windows® Operating System\\r\\nCompany: Microsoft Corporation\\r\\nOriginalFileName: hostname.exe\\r\\nCommandLine: \\\"C:\\\\WINDOWS\\\\system32\\\\HOSTNAME.EXE\\\"\\r\\nCurrentDirectory: C:\\\\Users\\\\Darragh Casey\\\\Desktop\\\\T1059.003\\\\\\r\\nUser: DESKTOP-5OG7C28\\\\Darragh Casey\\r\\nLogonGuid: {4b2ce92d-826e-6abe-6d8d-0a0000000000}\\r\\nLogonId: 0xA8D6D\\r\\nTerminalSessionId: 1\\r\\nIntegrityLevel: High\\r\\nHashes: MD5=C405D49FB634C366EF63246D2319AF49,SHA256=22EC2260B5C32177F7D14A33975E1005988BBA0DF3427CC8B47CEC671D3F2A1F,IMPHASH=8CB84C534505B1E47EF25FA2CD9A16BB\\r\\nParentProcessGuid: {4b2ce92d-b418-6abf-b202-000000001400}\\r\\nParentProcessId: 8452\\r\\nParentImage: C:\\\\Windows\\\\System32\\\\WindowsPowerShell\\\\v1.0\\\\powershell.exe\\r\\nParentCommandLine: \\\"C:\\\\Windows\\\\System32\\\\WindowsPowerShell\\\\v1.0\\\\powershell.exe\\\" \\r\\nParentUser: DESKTOP-5OG7C28\\\\Darragh Casey\\\"\"},\"eventdata\":{\"utcTime\":\"2026-10-02 13:43:24.082\",\"processGuid\":\"{4b2ce92d-b4fc-6abf-e602-000000001400}\",\"processId\":\"3888\",\"image\":\"C:\\\\\\\\Windows\\\\\\\\System32\\\\\\\\HOSTNAME.EXE\",\"fileVersion\":\"10.0.26100.9278 (WinBuild.160101.0800)\",\"description\":\"Hostname APP\",\"product\":\"Microsoft® Windows® Operating System\",\"company\":\"Microsoft Corporation\",\"originalFileName\":\"hostname.exe\",\"commandLine\":\"\\\\\\\"C:\\\\\\\\WINDOWS\\\\\\\\system32\\\\\\\\HOSTNAME.EXE\\\\\\\"\",\"currentDirectory\":\"C:\\\\\\\\Users\\\\\\\\Darragh Casey\\\\\\\\Desktop\\\\\\\\T1059.003\\\\\\\\\",\"user\":\"DESKTOP-5OG7C28\\\\\\\\Darragh Casey\",\"logonGuid\":\"{4b2ce92d-826e-6abe-6d8d-0a0000000000}\",\"logonId\":\"0xa8d6d\",\"terminalSessionId\":\"1\",\"integrityLevel\":\"High\",\"hashes\":\"MD5=C405D49FB634C366EF63246D2319AF49,SHA256=22EC2260B5C32177F7D14A33975E1005988BBA0DF3427CC8B47CEC671D3F2A1F,IMPHASH=8CB84C534505B1E47EF25FA2CD9A16BB\",\"parentProcessGuid\":\"{4b2ce92d-b418-6abf-b202-000000001400}\",\"parentProcessId\":\"8452\",\"parentImage\":\"C:\\\\\\\\Windows\\\\\\\\System32\\\\\\\\WindowsPowerShell\\\\\\\\v1.0\\\\\\\\powershell.exe\",\"parentCommandLine\":\"\\\\\\\"C:\\\\\\\\Windows\\\\\\\\System32\\\\\\\\WindowsPowerShell\\\\\\\\v1.0\\\\\\\\powershell.exe\\\\\\\"\",\"parentUser\":\"DESKTOP-5OG7C28\\\\\\\\Darragh Casey\"}}}","decoder":{"name":"windows_eventchannel"},"data":{"win":{"system":{"providerName":"Microsoft-Windows-Sysmon","providerGuid":"{5770385f-c22a-43e0-bf4c-06f5698ffbd9}","eventID":"1","version":"5","level":"4","task":"1","opcode":"0","keywords":"0x8000000000000000","systemTime":"2026-10-02T13:43:24.0852892Z","eventRecordID":"15012","processID":"3504","threadID":"4956","channel":"Microsoft-Windows-Sysmon/Operational","computer":"DESKTOP-5OG7C28","severityValue":"INFORMATION","message":"\"Process Create:\r\nRuleName: -\r\nUtcTime: 2026-10-02 13:43:24.082\r\nProcessGuid: {4b2ce92d-b4fc-6abf-e602-000000001400}\r\nProcessId: 3888\r\nImage: C:\\Windows\\System32\\HOSTNAME.EXE\r\nFileVersion: 10.0.26100.9278 (WinBuild.160101.0800)\r\nDescription: Hostname APP\r\nProduct: Microsoft® Windows® Operating System\r\nCompany: Microsoft Corporation\r\nOriginalFileName: hostname.exe\r\nCommandLine: \"C:\\WINDOWS\\system32\\HOSTNAME.EXE\"\r\nCurrentDirectory: C:\\Users\\Darragh Casey\\Desktop\\T1059.003\\\r\nUser: DESKTOP-5OG7C28\\Darragh Casey\r\nLogonGuid: {4b2ce92d-826e-6abe-6d8d-0a0000000000}\r\nLogonId: 0xA8D6D\r\nTerminalSessionId: 1\r\nIntegrityLevel: High\r\nHashes: MD5=C405D49FB634C366EF63246D2319AF49,SHA256=22EC2260B5C32177F7D14A33975E1005988BBA0DF3427CC8B47CEC671D3F2A1F,IMPHASH=8CB84C534505B1E47EF25FA2CD9A16BB\r\nParentProcessGuid: {4b2ce92d-b418-6abf-b202-000000001400}\r\nParentProcessId: 8452\r\nParentImage: C:\\Windows\\System32\\WindowsPowerShell\\v1.0\\powershell.exe\r\nParentCommandLine: \"C:\\Windows\\System32\\WindowsPowerShell\\v1.0\\powershell.exe\" \r\nParentUser: DESKTOP-5OG7C28\\Darragh Casey\""},"eventdata":{"utcTime":"2026-10-02 13:43:24.082","processGuid":"{4b2ce92d-b4fc-6abf-e602-000000001400}","processId":"3888","image":"C:\\\\Windows\\\\System32\\\\HOSTNAME.EXE","fileVersion":"10.0.26100.9278 (WinBuild.160101.0800)","description":"Hostname APP","product":"Microsoft® Windows® Operating System","company":"Microsoft Corporation","originalFileName":"hostname.exe","commandLine":"\\\"C:\\\\WINDOWS\\\\system32\\\\HOSTNAME.EXE\\\"","currentDirectory":"C:\\\\Users\\\\Darragh Casey\\\\Desktop\\\\T1059.003\\\\","user":"DESKTOP-5OG7C28\\\\Darragh Casey","logonGuid":"{4b2ce92d-826e-6abe-6d8d-0a0000000000}","logonId":"0xa8d6d","terminalSessionId":"1","integrityLevel":"High","hashes":"MD5=C405D49FB634C366EF63246D2319AF49,SHA256=22EC2260B5C32177F7D14A33975E1005988BBA0DF3427CC8B47CEC671D3F2A1F,IMPHASH=8CB84C534505B1E47EF25FA2CD9A16BB","parentProcessGuid":"{4b2ce92d-b418-6abf-b202-000000001400}","parentProcessId":"8452","parentImage":"C:\\\\Windows\\\\System32\\\\WindowsPowerShell\\\\v1.0\\\\powershell.exe","parentCommandLine":"\\\"C:\\\\Windows\\\\System32\\\\WindowsPowerShell\\\\v1.0\\\\powershell.exe\\\"","parentUser":"DESKTOP-5OG7C28\\\\Darragh Casey"}}},"location":"EventChannel"}
{"timestamp":"2026-10-02T15:43:23.570+0200","agent":{"id":"001","name":"Windows_VM","ip":"192.168.232.130"},"manager":{"name":"dcasey-virtual-machine"},"id":"1790948603.341103","full_log":"{\"win\":{\"system\":{\"providerName\":\"Microsoft-Windows-Sysmon\",\"providerGuid\":\"{5770385f-c22a-43e0-bf4c-06f5698ffbd9}\",\"eventID\":\"1\",\"version\":\"5\",\"level\":\"4\",\"task\":\"1\",\"opcode\":\"0\",\"keywords\":\"0x8000000000000000\",\"systemTime\":\"2026-10-02T13:43:24.1100358Z\",\"eventRecordID\":\"15013\",\"processID\":\"3504\",\"threadID\":\"4956\",\"channel\":\"Microsoft-Windows-Sysmon/Operational\",\"computer\":\"DESKTOP-5OG7C28\",\"severityValue\":\"INFORMATION\",\"message\":\"\\\"Process Create:\\r\\nRuleName: -\\r\\nUtcTime: 2026-10-02 13:43:24.107\\r\\nProcessGuid: {4b2ce92d-b4fc-6abf-e702-000000001400}\\r\\nProcessId: 4696\\r\\nImage: C:\\\\Windows\\\\System32\\\\whoami.exe\\r\\nFileVersion: 10.0.26100.1882 (WinBuild.160101.0800)\\r\\nDescription: whoami - displays logged on user information\\r\\nProduct: Microsoft® Windows® Operating System\\r\\nCompany: Microsoft Corporation\\r\\nOriginalFileName: whoami.exe\\r\\nCommandLine: \\\"C:\\\\WINDOWS\\\\system32\\\\whoami.exe\\\"\\r\\nCurrentDirectory: C:\\\\Users\\\\Darragh Casey\\\\Desktop\\\\T1059.003\\\\\\r\\nUser: DESKTOP-5OG7C28\\\\Darragh Casey\\r\\nLogonGuid: {4b2ce92d-826e-6abe-6d8d-0a0000000000}\\r\\nLogonId: 0xA8D6D\\r\\nTerminalSessionId: 1\\r\\nIntegrityLevel: High\\r\\nHashes: MD5=956692DADC5B2CEB46E9219F7A5BEFFA,SHA256=23240EF9F8B0A9A324110B1C2331DE31DC1B0E08F5359CB707E51A939AF56CD3,IMPHASH=E4464BCD92DF7AC69CCD074CB9C0EFED\\r\\nParentProcessGuid: {4b2ce92d-b418-6abf-b202-000000001400}\\r\\nParentProcessId: 8452\\r\\nParentImage: C:\\\\Windows\\\\System32\\\\WindowsPowerShell\\\\v1.0\\\\powershell.exe\\r\\nParentCommandLine: \\\"C:\\\\Windows\\\\System32\\\\WindowsPowerShell\\\\v1.0\\\\powershell.exe\\\" \\r\\nParentUser: DESKTOP-5OG7C28\\\\Darragh Casey\\\"\"},\"eventdata\":{\"utcTime\":\"2026-10-02 13:43:24.107\",\"processGuid\":\"{4b2ce92d-b4fc-6abf-e702-000000001400}\",\"processId\":\"4696\",\"image\":\"C:\\\\\\\\Windows\\\\\\\\System32\\\\\\\\whoami.exe\",\"fileVersion\":\"10.0.26100.1882 (WinBuild.160101.0800)\",\"description\":\"whoami - displays logged on user information\",\"product\":\"Microsoft® Windows® Operating System\",\"company\":\"Microsoft Corporation\",\"originalFileName\":\"whoami.exe\",\"commandLine\":\"\\\\\\\"C:\\\\\\\\WINDOWS\\\\\\\\system32\\\\\\\\whoami.exe\\\\\\\"\",\"currentDirectory\":\"C:\\\\\\\\Users\\\\\\\\Darragh Casey\\\\\\\\Desktop\\\\\\\\T1059.003\\\\\\\\\",\"user\":\"DESKTOP-5OG7C28\\\\\\\\Darragh Casey\",\"logonGuid\":\"{4b2ce92d-826e-6abe-6d8d-0a0000000000}\",\"logonId\":\"0xa8d6d\",\"terminalSessionId\":\"1\",\"integrityLevel\":\"High\",\"hashes\":\"MD5=956692DADC5B2CEB46E9219F7A5BEFFA,SHA256=23240EF9F8B0A9A324110B1C2331DE31DC1B0E08F5359CB707E51A939AF56CD3,IMPHASH=E4464BCD92DF7AC69CCD074CB9C0EFED\",\"parentProcessGuid\":\"{4b2ce92d-b418-6abf-b202-000000001400}\",\"parentProcessId\":\"8452\",\"parentImage\":\"C:\\\\\\\\Windows\\\\\\\\System32\\\\\\\\WindowsPowerShell\\\\\\\\v1.0\\\\\\\\powershell.exe\",\"parentCommandLine\":\"\\\\\\\"C:\\\\\\\\Windows\\\\\\\\System32\\\\\\\\WindowsPowerShell\\\\\\\\v1.0\\\\\\\\powershell.exe\\\\\\\"\",\"parentUser\":\"DESKTOP-5OG7C28\\\\\\\\Darragh Casey\"}}}","decoder":{"name":"windows_eventchannel"},"data":{"win":{"system":{"providerName":"Microsoft-Windows-Sysmon","providerGuid":"{5770385f-c22a-43e0-bf4c-06f5698ffbd9}","eventID":"1","version":"5","level":"4","task":"1","opcode":"0","keywords":"0x8000000000000000","systemTime":"2026-10-02T13:43:24.1100358Z","eventRecordID":"15013","processID":"3504","threadID":"4956","channel":"Microsoft-Windows-Sysmon/Operational","computer":"DESKTOP-5OG7C28","severityValue":"INFORMATION","message":"\"Process Create:\r\nRuleName: -\r\nUtcTime: 2026-10-02 13:43:24.107\r\nProcessGuid: {4b2ce92d-b4fc-6abf-e702-000000001400}\r\nProcessId: 4696\r\nImage: C:\\Windows\\System32\\whoami.exe\r\nFileVersion: 10.0.26100.1882 (WinBuild.160101.0800)\r\nDescription: whoami - displays logged on user information\r\nProduct: Microsoft® Windows® Operating System\r\nCompany: Microsoft Corporation\r\nOriginalFileName: whoami.exe\r\nCommandLine: \"C:\\WINDOWS\\system32\\whoami.exe\"\r\nCurrentDirectory: C:\\Users\\Darragh Casey\\Desktop\\T1059.003\\\r\nUser: DESKTOP-5OG7C28\\Darragh Casey\r\nLogonGuid: {4b2ce92d-826e-6abe-6d8d-0a0000000000}\r\nLogonId: 0xA8D6D\r\nTerminalSessionId: 1\r\nIntegrityLevel: High\r\nHashes: MD5=956692DADC5B2CEB46E9219F7A5BEFFA,SHA256=23240EF9F8B0A9A324110B1C2331DE31DC1B0E08F5359CB707E51A939AF56CD3,IMPHASH=E4464BCD92DF7AC69CCD074CB9C0EFED\r\nParentProcessGuid: {4b2ce92d-b418-6abf-b202-000000001400}\r\nParentProcessId: 8452\r\nParentImage: C:\\Windows\\System32\\WindowsPowerShell\\v1.0\\powershell.exe\r\nParentCommandLine: \"C:\\Windows\\System32\\WindowsPowerShell\\v1.0\\powershell.exe\" \r\nParentUser: DESKTOP-5OG7C28\\Darragh Casey\""},"eventdata":{"utcTime":"2026-10-02 13:43:24.107","processGuid":"{4b2ce92d-b4fc-6abf-e702-000000001400}","processId":"4696","image":"C:\\\\Windows\\\\System32\\\\whoami.exe","fileVersion":"10.0.26100.1882 (WinBuild.160101.0800)","description":"whoami - displays logged on user information","product":"Microsoft® Windows® Operating System","company":"Microsoft Corporation","originalFileName":"whoami.exe","commandLine":"\\\"C:\\\\WINDOWS\\\\system32\\\\whoami.exe\\\"","currentDirectory":"C:\\\\Users\\\\Darragh Casey\\\\Desktop\\\\T1059.003\\\\","user":"DESKTOP-5OG7C28\\\\Darragh Casey","logonGuid":"{4b2ce92d-826e-6abe-6d8d-0a0000000000}","logonId":"0xa8d6d","terminalSessionId":"1","integrityLevel":"High","hashes":"MD5=956692DADC5B2CEB46E9219F7A5BEFFA,SHA256=23240EF9F8B0A9A324110B1C2331DE31DC1B0E08F5359CB707E51A939AF56CD3,IMPHASH=E4464BCD92DF7AC69CCD074CB9C0EFED","parentProcessGuid":"{4b2ce92d-b418-6abf-b202-000000001400}","parentProcessId":"8452","parentImage":"C:\\\\Windows\\\\System32\\\\WindowsPowerShell\\\\v1.0\\\\powershell.exe","parentCommandLine":"\\\"C:\\\\Windows\\\\System32\\\\WindowsPowerShell\\\\v1.0\\\\powershell.exe\\\"","parentUser":"DESKTOP-5OG7C28\\\\Darragh Casey"}}},"location":"EventChannel"}
{"timestamp":"2026-10-02T15:43:23.573+0200","agent":{"id":"001","name":"Windows_VM","ip":"192.168.232.130"},"manager":{"name":"dcasey-virtual-machine"},"id":"1790948603.341103","full_log":"{\"win\":{\"system\":{\"providerName\":\"Microsoft-Windows-Sysmon\",\"providerGuid\":\"{5770385f-c22a-43e0-bf4c-06f5698ffbd9}\",\"eventID\":\"1\",\"version\":\"5\",\"level\":\"4\",\"task\":\"1\",\"opcode\":\"0\",\"keywords\":\"0x8000000000000000\",\"systemTime\":\"2026-10-02T13:43:24.4193608Z\",\"eventRecordID\":\"15014\",\"processID\":\"3504\",\"threadID\":\"4956\",\"channel\":\"Microsoft-Windows-Sysmon/Operational\",\"computer\":\"DESKTOP-5OG7C28\",\"severityValue\":\"INFORMATION\",\"message\":\"\\\"Process Create:\\r\\nRuleName: -\\r\\nUtcTime: 2026-10-02 13:43:24.408\\r\\nProcessGuid: {4b2ce92d-b4fc-6abf-e802-000000001400}\\r\\nProcessId: 5300\\r\\nImage: C:\\\\Windows\\\\System32\\\\WindowsPowerShell\\\\v1.0\\\\powershell.exe\\r\\nFileVersion: 10.0.26100.9278 (WinBuild.160101.0800)\\r\\nDescription: Windows PowerShell\\r\\nProduct: Microsoft® Windows® Operating System\\r\\nCompany: Microsoft Corporation\\r\\nOriginalFileName: PowerShell.EXE\\r\\nCommandLine: \\\"powershell.exe\\\" & {Start-Process \\\\\\\"\\\"C:\\\\AtomicRedTeam\\\\atomics\\\\..\\\\ExternalPayloads\\\\T1059.003_script.bat\\\\\\\"\\\"}\\r\\nCurrentDirectory: C:\\\\Users\\\\DARRAG~1\\\\AppData\\\\Local\\\\Temp\\\\\\r\\nUser: DESKTOP-5OG7C28\\\\Darragh Casey\\r\\nLogonGuid: {4b2ce92d-826e-6abe-6d8d-0a0000000000}\\r\\nLogonId: 0xA8D6D\\r\\nTerminalSessionId: 1\\r\\nIntegrityLevel: High\\r\\nHashes: MD5=61F649A6FDC374A6BF36C860519E017C,SHA256=8BB6FA8C283B4D92120B1EF249A9B311B0F804D4CABBE9981159976C8BE76A5E,IMPHASH=2F87CE4617F593D7148B739BBF06D059\\r\\nParentProcessGuid: {4b2ce92d-b418-6abf-b202-000000001400}\\r\\nParentProcessId: 8452\\r\\nParentImage: C:\\\\Windows\\\\System32\\\\WindowsPowerShell\\\\v1.0\\\\powershell.exe\\r\\nParentCommandLine: \\\"C:\\\\Windows\\\\System32\\\\WindowsPowerShell\\\\v1.0\\\\powershell.exe\\\" \\r\\nParentUser: DESKTOP-5OG7C28\\\\Darragh Casey\\\"\"},\"eventdata\":{\"utcTime\":\"2026-10-02 13:43:24.408\",\"processGuid\":\"{4b2ce92d-b4fc-6abf-e802-000000001400}\",\"processId\":\"5300\",\"image\":\"C:\\\\\\\\Windows\\\\\\\\System32\\\\\\\\WindowsPowerShell\\\\\\\\v1.0\\\\\\\\powershell.exe\",\"fileVersion\":\"10.0.26100.9278 (WinBuild.160101.0800)\",\"description\":\"Windows PowerShell\",\"product\":\"Microsoft® Windows® Operating System\",\"company\":\"Microsoft Corporation\",\"originalFileName\":\"PowerShell.EXE\",\"commandLine\":\"\\\\\\\"powershell.exe\\\\\\\" &amp; {Start-Process \\\\\\\\\\\\\\\"\\\\\\\"C:\\\\\\\\AtomicRedTeam\\\\\\\\atomics\\\\\\\\..\\\\\\\\ExternalPayloads\\\\\\\\T1059.003_script.bat\\\\\\\\\\\\\\\"\\\\\\\"}\",\"currentDirectory\":\"C:\\\\\\\\Users\\\\\\\\DARRAG~1\\\\\\\\AppData\\\\\\\\Local\\\\\\\\Temp\\\\\\\\\",\"user\":\"DESKTOP-5OG7C28\\\\\\\\Darragh Casey\",\"logonGuid\":\"{4b2ce92d-826e-6abe-6d8d-0a0000000000}\",\"logonId\":\"0xa8d6d\",\"terminalSessionId\":\"1\",\"integrityLevel\":\"High\",\"hashes\":\"MD5=61F649A6FDC374A6BF36C860519E017C,SHA256=8BB6FA8C283B4D92120B1EF249A9B311B0F804D4CABBE9981159976C8BE76A5E,IMPHASH=2F87CE4617F593D7148B739BBF06D059\",\"parentProcessGuid\":\"{4b2ce92d-b418-6abf-b202-000000001400}\",\"parentProcessId\":\"8452\",\"parentImage\":\"C:\\\\\\\\Windows\\\\\\\\System32\\\\\\\\WindowsPowerShell\\\\\\\\v1.0\\\\\\\\powershell.exe\",\"parentCommandLine\":\"\\\\\\\"C:\\\\\\\\Windows\\\\\\\\System32\\\\\\\\WindowsPowerShell\\\\\\\\v1.0\\\\\\\\powershell.exe\\\\\\\"\",\"parentUser\":\"DESKTOP-5OG7C28\\\\\\\\Darragh Casey\"}}}","decoder":{"name":"windows_eventchannel"},"data":{"win":{"system":{"providerName":"Microsoft-Windows-Sysmon","providerGuid":"{5770385f-c22a-43e0-bf4c-06f5698ffbd9}","eventID":"1","version":"5","level":"4","task":"1","opcode":"0","keywords":"0x8000000000000000","systemTime":"2026-10-02T13:43:24.4193608Z","eventRecordID":"15014","processID":"3504","threadID":"4956","channel":"Microsoft-Windows-Sysmon/Operational","computer":"DESKTOP-5OG7C28","severityValue":"INFORMATION","message":"\"Process Create:\r\nRuleName: -\r\nUtcTime: 2026-10-02 13:43:24.408\r\nProcessGuid: {4b2ce92d-b4fc-6abf-e802-000000001400}\r\nProcessId: 5300\r\nImage: C:\\Windows\\System32\\WindowsPowerShell\\v1.0\\powershell.exe\r\nFileVersion: 10.0.26100.9278 (WinBuild.160101.0800)\r\nDescription: Windows PowerShell\r\nProduct: Microsoft® Windows® Operating System\r\nCompany: Microsoft Corporation\r\nOriginalFileName: PowerShell.EXE\r\nCommandLine: \"powershell.exe\" & {Start-Process \\\"\"C:\\AtomicRedTeam\\atomics\\..\\ExternalPayloads\\T1059.003_script.bat\\\"\"}\r\nCurrentDirectory: C:\\Users\\DARRAG~1\\AppData\\Local\\Temp\\\r\nUser: DESKTOP-5OG7C28\\Darragh Casey\r\nLogonGuid: {4b2ce92d-826e-6abe-6d8d-0a0000000000}\r\nLogonId: 0xA8D6D\r\nTerminalSessionId: 1\r\nIntegrityLevel: High\r\nHashes: MD5=61F649A6FDC374A6BF36C860519E017C,SHA256=8BB6FA8C283B4D92120B1EF249A9B311B0F804D4CABBE9981159976C8BE76A5E,IMPHASH=2F87CE4617F593D7148B739BBF06D059\r\nParentProcessGuid: {4b2ce92d-b418-6abf-b202-000000001400}\r\nParentProcessId: 8452\r\nParentImage: C:\\Windows\\System32\\WindowsPowerShell\\v1.0\\powershell.exe\r\nParentCommandLine: \"C:\\Windows\\System32\\WindowsPowerShell\\v1.0\\powershell.exe\" \r\nParentUser: DESKTOP-5OG7C28\\Darragh Casey\""},"eventdata":{"utcTime":"2026-10-02 13:43:24.408","processGuid":"{4b2ce92d-b4fc-6abf-e802-000000001400}","processId":"5300","image":"C:\\\\Windows\\\\System32\\\\WindowsPowerShell\\\\v1.0\\\\powershell.exe","fileVersion":"10.0.26100.9278 (WinBuild.160101.0800)","description":"Windows PowerShell","product":"Microsoft® Windows® Operating System","company":"Microsoft Corporation","originalFileName":"PowerShell.EXE","commandLine":"\\\"powershell.exe\\\" &amp; {Start-Process \\\\\\\"\\\"C:\\\\AtomicRedTeam\\\\atomics\\\\..\\\\ExternalPayloads\\\\T1059.003_script.bat\\\\\\\"\\\"}","currentDirectory":"C:\\\\Users\\\\DARRAG~1\\\\AppData\\\\Local\\\\Temp\\\\","user":"DESKTOP-5OG7C28\\\\Darragh Casey","logonGuid":"{4b2ce92d-826e-6abe-6d8d-0a0000000000}","logonId":"0xa8d6d","terminalSessionId":"1","integrityLevel":"High","hashes":"MD5=61F649A6FDC374A6BF36C860519E017C,SHA256=8BB6FA8C283B4D92120B1EF249A9B311B0F804D4CABBE9981159976C8BE76A5E,IMPHASH=2F87CE4617F593D7148B739BBF06D059","parentProcessGuid":"{4b2ce92d-b418-6abf-b202-000000001400}","parentProcessId":"8452","parentImage":"C:\\\\Windows\\\\System32\\\\WindowsPowerShell\\\\v1.0\\\\powershell.exe","parentCommandLine":"\\\"C:\\\\Windows\\\\System32\\\\WindowsPowerShell\\\\v1.0\\\\powershell.exe\\\"","parentUser":"DESKTOP-5OG7C28\\\\Darragh Casey"}}},"location":"EventChannel"}
{"timestamp":"2026-10-02T15:43:23.574+0200","rule":{"level":15,"description":"Executable file dropped in folder commonly used by malware","id":"92213","mitre":{"id":["T1105"],"tactic":["Command and Control"],"technique":["Ingress Tool Transfer"]},"firedtimes":4,"mail":true,"groups":["sysmon","sysmon_eid11_detections","windows"]},"agent":{"id":"001","name":"Windows_VM","ip":"192.168.232.130"},"manager":{"name":"dcasey-virtual-machine"},"id":"1790948603.341103","full_log":"{\"win\":{\"system\":{\"providerName\":\"Microsoft-Windows-Sysmon\",\"providerGuid\":\"{5770385f-c22a-43e0-bf4c-06f5698ffbd9}\",\"eventID\":\"11\",\"version\":\"2\",\"level\":\"4\",\"task\":\"11\",\"opcode\":\"0\",\"keywords\":\"0x8000000000000000\",\"systemTime\":\"2026-10-02T13:43:24.5438481Z\",\"eventRecordID\":\"15015\",\"processID\":\"3504\",\"threadID\":\"4956\",\"channel\":\"Microsoft-Windows-Sysmon/Operational\",\"computer\":\"DESKTOP-5OG7C28\",\"severityValue\":\"INFORMATION\",\"message\":\"\\\"File created:\\r\\nRuleName: -\\r\\nUtcTime: 2026-10-02 13:43:24.538\\r\\nProcessGuid: {4b2ce92d-b4fc-6abf-e802-000000001400}\\r\\nProcessId: 5300\\r\\nImage: C:\\\\Windows\\\\System32\\\\WindowsPowerShell\\\\v1.0\\\\powershell.exe\\r\\nTargetFilename: C:\\\\Users\\\\Darragh Casey\\\\AppData\\\\Local\\\\Temp\\\\__PSScriptPolicyTest_wlezme2u.vny.ps1\\r\\nCreationUtcTime: 2026-10-02 13:43:24.538\\r\\nUser: DESKTOP-5OG7C28\\\\Darragh Casey\\\"\"},\"eventdata\":{\"utcTime\":\"2026-10-02 13:43:24.538\",\"processGuid\":\"{4b2ce92d-b4fc-6abf-e802-000000001400}\",\"processId\":\"5300\",\"image\":\"C:\\\\\\\\Windows\\\\\\\\System32\\\\\\\\WindowsPowerShell\\\\\\\\v1.0\\\\\\\\powershell.exe\",\"targetFilename\":\"C:\\\\\\\\Users\\\\\\\\Darragh Casey\\\\\\\\AppData\\\\\\\\Local\\\\\\\\Temp\\\\\\\\__PSScriptPolicyTest_wlezme2u.vny.ps1\",\"creationUtcTime\":\"2026-10-02 13:43:24.538\",\"user\":\"DESKTOP-5OG7C28\\\\\\\\Darragh Casey\"}}}","decoder":{"name":"windows_eventchannel"},"data":{"win":{"system":{"providerName":"Microsoft-Windows-Sysmon","providerGuid":"{5770385f-c22a-43e0-bf4c-06f5698ffbd9}","eventID":"11","version":"2","level":"4","task":"11","opcode":"0","keywords":"0x8000000000000000","systemTime":"2026-10-02T13:43:24.5438481Z","eventRecordID":"15015","processID":"3504","threadID":"4956","channel":"Microsoft-Windows-Sysmon/Operational","computer":"DESKTOP-5OG7C28","severityValue":"INFORMATION","message":"\"File created:\r\nRuleName: -\r\nUtcTime: 2026-10-02 13:43:24.538\r\nProcessGuid: {4b2ce92d-b4fc-6abf-e802-000000001400}\r\nProcessId: 5300\r\nImage: C:\\Windows\\System32\\WindowsPowerShell\\v1.0\\powershell.exe\r\nTargetFilename: C:\\Users\\Darragh Casey\\AppData\\Local\\Temp\\__PSScriptPolicyTest_wlezme2u.vny.ps1\r\nCreationUtcTime: 2026-10-02 13:43:24.538\r\nUser: DESKTOP-5OG7C28\\Darragh Casey\""},"eventdata":{"utcTime":"2026-10-02 13:43:24.538","processGuid":"{4b2ce92d-b4fc-6abf-e802-000000001400}","processId":"5300","image":"C:\\\\Windows\\\\System32\\\\WindowsPowerShell\\\\v1.0\\\\powershell.exe","targetFilename":"C:\\\\Users\\\\Darragh Casey\\\\AppData\\\\Local\\\\Temp\\\\__PSScriptPolicyTest_wlezme2u.vny.ps1","creationUtcTime":"2026-10-02 13:43:24.538","user":"DESKTOP-5OG7C28\\\\Darragh Casey"}}},"location":"EventChannel"}
{"timestamp":"2026-10-02T15:43:34.615+0200","agent":{"id":"000","name":"dcasey-virtual-machine"},"manager":{"name":"dcasey-virtual-machine"},"id":"1790948614.343949","full_log":"Oct 02 13:43:34 dcasey-virtual-machine NetworkManager[834]: <info>  [1790948614.1239] dhcp4 (ens33): state changed new lease, address=192.168.232.129","predecoder":{"program_name":"NetworkManager","timestamp":"Oct 02 13:43:34","hostname":"dcasey-virtual-machine"},"decoder":{},"location":"journald"}
{"timestamp":"2026-10-02T15:44:02.322+0200","agent":{"id":"001","name":"Windows_VM","ip":"192.168.232.130"},"manager":{"name":"dcasey-virtual-machine"},"id":"1790948642.343949","full_log":"{\"win\":{\"system\":{\"providerName\":\"Microsoft-Windows-Security-SPP\",\"providerGuid\":\"{E23B33B0-C8C9-472C-A5F9-F2BDFEA0F156}\",\"eventSourceName\":\"Software Protection Platform Service\",\"eventID\":\"16394\",\"version\":\"0\",\"level\":\"4\",\"task\":\"0\",\"opcode\":\"0\",\"keywords\":\"0x80000000000000\",\"systemTime\":\"2026-10-02T13:44:03.3723248Z\",\"eventRecordID\":\"1249\",\"processID\":\"1536\",\"threadID\":\"0\",\"channel\":\"Application\",\"computer\":\"DESKTOP-5OG7C28\",\"severityValue\":\"INFORMATION\",\"message\":\"\\\"Offline downlevel migration succeeded.\\\"\"}}}","decoder":{"name":"windows_eventchannel"},"data":{"win":{"system":{"providerName":"Microsoft-Windows-Security-SPP","providerGuid":"{E23B33B0-C8C9-472C-A5F9-F2BDFEA0F156}","eventSourceName":"Software Protection Platform Service","eventID":"16394","version":"0","level":"4","task":"0","opcode":"0","keywords":"0x80000000000000","systemTime":"2026-10-02T13:44:03.3723248Z","eventRecordID":"1249","processID":"1536","threadID":"0","channel":"Application","computer":"DESKTOP-5OG7C28","severityValue":"INFORMATION","message":"\"Offline downlevel migration succeeded.\""}}},"location":"EventChannel"}
{"timestamp":"2026-10-02T15:44:22.651+0200","agent":{"id":"001","name":"Windows_VM","ip":"192.168.232.130"},"manager":{"name":"dcasey-virtual-machine"},"id":"1790948662.343949","full_log":"{\"win\":{\"system\":{\"providerName\":\"Microsoft-Windows-Sysmon\",\"providerGuid\":\"{5770385f-c22a-43e0-bf4c-06f5698ffbd9}\",\"eventID\":\"1\",\"version\":\"5\",\"level\":\"4\",\"task\":\"1\",\"opcode\":\"0\",\"keywords\":\"0x8000000000000000\",\"systemTime\":\"2026-10-02T13:44:22.6886983Z\",\"eventRecordID\":\"15016\",\"processID\":\"3504\",\"threadID\":\"4956\",\"channel\":\"Microsoft-Windows-Sysmon/Operational\",\"computer\":\"DESKTOP-5OG7C28\",\"severityValue\":\"INFORMATION\",\"message\":\"\\\"Process Create:\\r\\nRuleName: -\\r\\nUtcTime: 2026-10-02 13:44:22.680\\r\\nProcessGuid: {4b2ce92d-b536-6abf-f402-000000001400}\\r\\nProcessId: 9192\\r\\nImage: C:\\\\ProgramData\\\\Microsoft\\\\Windows Defender\\\\Platform\\\\4.18.26080.4-0\\\\MpCmdRun.exe\\r\\nFileVersion: 4.18.26080.4 (ccacee407da609d5c2c557d13db39624e32a0227)\\r\\nDescription: Microsoft Malware Protection Command Line Utility\\r\\nProduct: Microsoft® Windows® Operating System\\r\\nCompany: Microsoft Corporation\\r\\nOriginalFileName: MpCmdRun.exe\\r\\nCommandLine: \\\"C:\\\\ProgramData\\\\Microsoft\\\\Windows Defender\\\\Platform\\\\4.18.26080.4-0\\\\MpCmdRun.exe\\\" GetDeviceTicket -AccessKey DCF307B4-61F4-0DC2-28AB-E4634C63058B \\r\\nCurrentDirectory: C:\\\\WINDOWS\\\\system32\\\\\\r\\nUser: NT AUTHORITY\\\\NETWORK SERVICE\\r\\nLogonGuid: {4b2ce92d-824b-6abe-e403-000000000000}\\r\\nLogonId: 0x3E4\\r\\nTerminalSessionId: 0\\r\\nIntegrityLevel: System\\r\\nHashes: MD5=F32D5E3526CCD0C9DCF73CF78F29E5EB,SHA256=540BB6E0B6596CDC636CFB83ACA6C462282A5770D6B3044CC49EF06414F1D5FB,IMPHASH=62C0483EF5C789FA0A0F4076D14A649B\\r\\nParentProcessGuid: {4b2ce92d-8253-6abe-4600-000000001400}\\r\\nParentProcessId: 3160\\r\\nParentImage: C:\\\\ProgramData\\\\Microsoft\\\\Windows Defender\\\\Platform\\\\4.18.26080.4-0\\\\MsMpEng.exe\\r\\nParentCommandLine: \\\"C:\\\\ProgramData\\\\Microsoft\\\\Windows Defender\\\\Platform\\\\4.18.26080.4-0\\\\MsMpEng.exe\\\"\\r\\nParentUser: NT AUTHORITY\\\\SYSTEM\\\"\"},\"eventdata\":{\"utcTime\":\"2026-10-02 13:44:22.680\",\"processGuid\":\"{4b2ce92d-b536-6abf-f402-000000001400}\",\"processId\":\"9192\",\"image\":\"C:\\\\\\\\ProgramData\\\\\\\\Microsoft\\\\\\\\Windows Defender\\\\\\\\Platform\\\\\\\\4.18.26080.4-0\\\\\\\\MpCmdRun.exe\",\"fileVersion\":\"4.18.26080.4 (ccacee407da609d5c2c557d13db39624e32a0227)\",\"description\":\"Microsoft Malware Protection Command Line Utility\",\"product\":\"Microsoft® Windows® Operating System\",\"company\":\"Microsoft Corporation\",\"originalFileName\":\"MpCmdRun.exe\",\"commandLine\":\"\\\\\\\"C:\\\\\\\\ProgramData\\\\\\\\Microsoft\\\\\\\\Windows Defender\\\\\\\\Platform\\\\\\\\4.18.26080.4-0\\\\\\\\MpCmdRun.exe\\\\\\\" GetDeviceTicket -AccessKey DCF307B4-61F4-0DC2-28AB-E4634C63058B\",\"currentDirectory\":\"C:\\\\\\\\WINDOWS\\\\\\\\system32\\\\\\\\\",\"user\":\"NT AUTHORITY\\\\\\\\NETWORK SERVICE\",\"logonGuid\":\"{4b2ce92d-824b-6abe-e403-000000000000}\",\"logonId\":\"0x3e4\",\"terminalSessionId\":\"0\",\"integrityLevel\":\"System\",\"hashes\":\"MD5=F32D5E3526CCD0C9DCF73CF78F29E5EB,SHA256=540BB6E0B6596CDC636CFB83ACA6C462282A5770D6B3044CC49EF06414F1D5FB,IMPHASH=62C0483EF5C789FA0A0F4076D14A649B\",\"parentProcessGuid\":\"{4b2ce92d-8253-6abe-4600-000000001400}\",\"parentProcessId\":\"3160\",\"parentImage\":\"C:\\\\\\\\ProgramData\\\\\\\\Microsoft\\\\\\\\Windows Defender\\\\\\\\Platform\\\\\\\\4.18.26080.4-0\\\\\\\\MsMpEng.exe\",\"parentCommandLine\":\"\\\\\\\"C:\\\\\\\\ProgramData\\\\\\\\Microsoft\\\\\\\\Windows Defender\\\\\\\\Platform\\\\\\\\4.18.26080.4-0\\\\\\\\MsMpEng.exe\\\\\\\"\",\"parentUser\":\"NT AUTHORITY\\\\\\\\SYSTEM\"}}}","decoder":{"name":"windows_eventchannel"},"data":{"win":{"system":{"providerName":"Microsoft-Windows-Sysmon","providerGuid":"{5770385f-c22a-43e0-bf4c-06f5698ffbd9}","eventID":"1","version":"5","level":"4","task":"1","opcode":"0","keywords":"0x8000000000000000","systemTime":"2026-10-02T13:44:22.6886983Z","eventRecordID":"15016","processID":"3504","threadID":"4956","channel":"Microsoft-Windows-Sysmon/Operational","computer":"DESKTOP-5OG7C28","severityValue":"INFORMATION","message":"\"Process Create:\r\nRuleName: -\r\nUtcTime: 2026-10-02 13:44:22.680\r\nProcessGuid: {4b2ce92d-b536-6abf-f402-000000001400}\r\nProcessId: 9192\r\nImage: C:\\ProgramData\\Microsoft\\Windows Defender\\Platform\\4.18.26080.4-0\\MpCmdRun.exe\r\nFileVersion: 4.18.26080.4 (ccacee407da609d5c2c557d13db39624e32a0227)\r\nDescription: Microsoft Malware Protection Command Line Utility\r\nProduct: Microsoft® Windows® Operating System\r\nCompany: Microsoft Corporation\r\nOriginalFileName: MpCmdRun.exe\r\nCommandLine: \"C:\\ProgramData\\Microsoft\\Windows Defender\\Platform\\4.18.26080.4-0\\MpCmdRun.exe\" GetDeviceTicket -AccessKey DCF307B4-61F4-0DC2-28AB-E4634C63058B \r\nCurrentDirectory: C:\\WINDOWS\\system32\\\r\nUser: NT AUTHORITY\\NETWORK SERVICE\r\nLogonGuid: {4b2ce92d-824b-6abe-e403-000000000000}\r\nLogonId: 0x3E4\r\nTerminalSessionId: 0\r\nIntegrityLevel: System\r\nHashes: MD5=F32D5E3526CCD0C9DCF73CF78F29E5EB,SHA256=540BB6E0B6596CDC636CFB83ACA6C462282A5770D6B3044CC49EF06414F1D5FB,IMPHASH=62C0483EF5C789FA0A0F4076D14A649B\r\nParentProcessGuid: {4b2ce92d-8253-6abe-4600-000000001400}\r\nParentProcessId: 3160\r\nParentImage: C:\\ProgramData\\Microsoft\\Windows Defender\\Platform\\4.18.26080.4-0\\MsMpEng.exe\r\nParentCommandLine: \"C:\\ProgramData\\Microsoft\\Windows Defender\\Platform\\4.18.26080.4-0\\MsMpEng.exe\"\r\nParentUser: NT AUTHORITY\\SYSTEM\""},"eventdata":{"utcTime":"2026-10-02 13:44:22.680","processGuid":"{4b2ce92d-b536-6abf-f402-000000001400}","processId":"9192","image":"C:\\\\ProgramData\\\\Microsoft\\\\Windows Defender\\\\Platform\\\\4.18.26080.4-0\\\\MpCmdRun.exe","fileVersion":"4.18.26080.4 (ccacee407da609d5c2c557d13db39624e32a0227)","description":"Microsoft Malware Protection Command Line Utility","product":"Microsoft® Windows® Operating System","company":"Microsoft Corporation","originalFileName":"MpCmdRun.exe","commandLine":"\\\"C:\\\\ProgramData\\\\Microsoft\\\\Windows Defender\\\\Platform\\\\4.18.26080.4-0\\\\MpCmdRun.exe\\\" GetDeviceTicket -AccessKey DCF307B4-61F4-0DC2-28AB-E4634C63058B","currentDirectory":"C:\\\\WINDOWS\\\\system32\\\\","user":"NT AUTHORITY\\\\NETWORK SERVICE","logonGuid":"{4b2ce92d-824b-6abe-e403-000000000000}","logonId":"0x3e4","terminalSessionId":"0","integrityLevel":"System","hashes":"MD5=F32D5E3526CCD0C9DCF73CF78F29E5EB,SHA256=540BB6E0B6596CDC636CFB83ACA6C462282A5770D6B3044CC49EF06414F1D5FB,IMPHASH=62C0483EF5C789FA0A0F4076D14A649B","parentProcessGuid":"{4b2ce92d-8253-6abe-4600-000000001400}","parentProcessId":"3160","parentImage":"C:\\\\ProgramData\\\\Microsoft\\\\Windows Defender\\\\Platform\\\\4.18.26080.4-0\\\\MsMpEng.exe","parentCommandLine":"\\\"C:\\\\ProgramData\\\\Microsoft\\\\Windows Defender\\\\Platform\\\\4.18.26080.4-0\\\\MsMpEng.exe\\\"","parentUser":"NT AUTHORITY\\\\SYSTEM"}}},"location":"EventChannel"}
