{"timestamp":"2026-10-02T15:36:32.245+0200","agent":{"id":"001","name":"Windows_VM","ip":"192.168.232.130"},"manager":{"name":"dcasey-virtual-machine"},"id":"1790948192.315124","full_log":"{\"win\":{\"system\":{\"providerName\":\"Microsoft-Windows-Sysmon\",\"providerGuid\":\"{5770385f-c22a-43e0-bf4c-06f5698ffbd9}\",\"eventID\":\"1\",\"version\":\"5\",\"level\":\"4\",\"task\":\"1\",\"opcode\":\"0\",\"keywords\":\"0x8000000000000000\",\"systemTime\":\"2026-10-02T13:36:32.2479579Z\",\"eventRecordID\":\"14860\",\"processID\":\"3504\",\"threadID\":\"4956\",\"channel\":\"Microsoft-Windows-Sysmon/Operational\",\"computer\":\"DESKTOP-5OG7C28\",\"severityValue\":\"INFORMATION\",\"message\":\"\\\"Process Create:\\r\\nRuleName: -\\r\\nUtcTime: 2026-10-02 13:36:32.204\\r\\nProcessGuid: {4b2ce92d-b360-6abf-8e02-000000001400}\\r\\nProcessId: 6044\\r\\nImage: C:\\\\Program Files\\\\VMware\\\\VMware Tools\\\\VMwareResolutionSet.exe\\r\\nFileVersion: 13.1.0.0\\r\\nDescription: VMware Resolution Set\\r\\nProduct: VMware Tools\\r\\nCompany: Broadcom Inc.\\r\\nOriginalFileName: ResolutionSet.exe\\r\\nCommandLine: \\\"C:\\\\Program Files\\\\VMware\\\\VMware Tools\\\\VMwareResolutionSet.exe\\\" 0 1 , 0 0 956 877 0\\r\\nCurrentDirectory: C:\\\\WINDOWS\\\\system32\\\\\\r\\nUser: NT AUTHORITY\\\\SYSTEM\\r\\nLogonGuid: {4b2ce92d-824a-6abe-e703-000000000000}\\r\\nLogonId: 0x3E7\\r\\nTerminalSessionId: 1\\r\\nIntegrityLevel: System\\r\\nHashes: MD5=B72E29EC00981AAE02F6710BCAB24EE1,SHA256=4EF667545C3D25B4F302DE67415F02D3042403BDC4C429D38478A6771D00D540,IMPHASH=480BC785F5BFDD59B1E966F98965652A\\r\\nParentProcessGuid: {4b2ce92d-8253-6abe-4400-000000001400}\\r\\nParentProcessId: 3092\\r\\nParentImage: C:\\\\Program Files\\\\VMware\\\\VMware Tools\\\\vmtoolsd.exe\\r\\nParentCommandLine: \\\"C:\\\\Program Files\\\\VMware\\\\VMware Tools\\\\vmtoolsd.exe\\\"\\r\\nParentUser: NT AUTHORITY\\\\SYSTEM\\\"\"},\"eventdata\":{\"utcTime\":\"2026-10-02 13:36:32.204\",\"processGuid\":\"{4b2ce92d-b360-6abf-8e02-000000001400}\",\"processId\":\"6044\",\"image\":\"C:\\\\\\\\Program Files\\\\\\\\VMware\\\\\\\\VMware Tools\\\\\\\\VMwareResolutionSet.exe\",\"fileVersion\":\"13.1.0.0\",\"description\":\"VMware Resolution Set\",\"product\":\"VMware Tools\",\"company\":\"Broadcom Inc.\",\"originalFileName\":\"ResolutionSet.exe\",\"commandLine\":\"\\\\\\\"C:\\\\\\\\Program Files\\\\\\\\VMware\\\\\\\\VMware Tools\\\\\\\\VMwareResolutionSet.exe\\\\\\\" 0 1 , 0 0 956 877 0\",\"currentDirectory\":\"C:\\\\\\\\WINDOWS\\\\\\\\system32\\\\\\\\\",\"user\":\"NT AUTHORITY\\\\\\\\SYSTEM\",\"logonGuid\":\"{4b2ce92d-824a-6abe-e703-000000000000}\",\"logonId\":\"0x3e7\",\"terminalSessionId\":\"1\",\"integrityLevel\":\"System\",\"hashes\":\"MD5=B72E29EC00981AAE02F6710BCAB24EE1,SHA256=4EF667545C3D25B4F302DE67415F02D3042403BDC4C429D38478A6771D00D540,IMPHASH=480BC785F5BFDD59B1E966F98965652A\",\"parentProcessGuid\":\"{4b2ce92d-8253-6abe-4400-000000001400}\",\"parentProcessId\":\"3092\",\"parentImage\":\"C:\\\\\\\\Program Files\\\\\\\\VMware\\\\\\\\VMware Tools\\\\\\\\vmtoolsd.exe\",\"parentCommandLine\":\"\\\\\\\"C:\\\\\\\\Program Files\\\\\\\\VMware\\\\\\\\VMware Tools\\\\\\\\vmtoolsd.exe\\\\\\\"\",\"parentUser\":\"NT AUTHORITY\\\\\\\\SYSTEM\"}}}","decoder":{"name":"windows_eventchannel"},"data":{"win":{"system":{"providerName":"Microsoft-Windows-Sysmon","providerGuid":"{5770385f-c22a-43e0-bf4c-06f5698ffbd9}","eventID":"1","version":"5","level":"4","task":"1","opcode":"0","keywords":"0x8000000000000000","systemTime":"2026-10-02T13:36:32.2479579Z","eventRecordID":"14860","processID":"3504","threadID":"4956","channel":"Microsoft-Windows-Sysmon/Operational","computer":"DESKTOP-5OG7C28","severityValue":"INFORMATION","message":"\"Process Create:\r\nRuleName: -\r\nUtcTime: 2026-10-02 13:36:32.204\r\nProcessGuid: {4b2ce92d-b360-6abf-8e02-000000001400}\r\nProcessId: 6044\r\nImage: C:\\Program Files\\VMware\\VMware Tools\\VMwareResolutionSet.exe\r\nFileVersion: 13.1.0.0\r\nDescription: VMware Resolution Set\r\nProduct: VMware Tools\r\nCompany: Broadcom Inc.\r\nOriginalFileName: ResolutionSet.exe\r\nCommandLine: \"C:\\Program Files\\VMware\\VMware Tools\\VMwareResolutionSet.exe\" 0 1 , 0 0 956 877 0\r\nCurrentDirectory: C:\\WINDOWS\\system32\\\r\nUser: NT AUTHORITY\\SYSTEM\r\nLogonGuid: {4b2ce92d-824a-6abe-e703-000000000000}\r\nLogonId: 0x3E7\r\nTerminalSessionId: 1\r\nIntegrityLevel: System\r\nHashes: MD5=B72E29EC00981AAE02F6710BCAB24EE1,SHA256=4EF667545C3D25B4F302DE67415F02D3042403BDC4C429D38478A6771D00D540,IMPHASH=480BC785F5BFDD59B1E966F98965652A\r\nParentProcessGuid: {4b2ce92d-8253-6abe-4400-000000001400}\r\nParentProcessId: 3092\r\nParentImage: C:\\Program Files\\VMware\\VMware Tools\\vmtoolsd.exe\r\nParentCommandLine: \"C:\\Program Files\\VMware\\VMware Tools\\vmtoolsd.exe\"\r\nParentUser: NT AUTHORITY\\SYSTEM\""},"eventdata":{"utcTime":"2026-10-02 13:36:32.204","processGuid":"{4b2ce92d-b360-6abf-8e02-000000001400}","processId":"6044","image":"C:\\\\Program Files\\\\VMware\\\\VMware Tools\\\\VMwareResolutionSet.exe","fileVersion":"13.1.0.0","description":"VMware Resolution Set","product":"VMware Tools","company":"Broadcom Inc.","originalFileName":"ResolutionSet.exe","commandLine":"\\\"C:\\\\Program Files\\\\VMware\\\\VMware Tools\\\\VMwareResolutionSet.exe\\\" 0 1 , 0 0 956 877 0","currentDirectory":"C:\\\\WINDOWS\\\\system32\\\\","user":"NT AUTHORITY\\\\SYSTEM","logonGuid":"{4b2ce92d-824a-6abe-e703-000000000000}","logonId":"0x3e7","terminalSessionId":"1","integrityLevel":"System","hashes":"MD5=B72E29EC00981AAE02F6710BCAB24EE1,SHA256=4EF667545C3D25B4F302DE67415F02D3042403BDC4C429D38478A6771D00D540,IMPHASH=480BC785F5BFDD59B1E966F98965652A","parentProcessGuid":"{4b2ce92d-8253-6abe-4400-000000001400}","parentProcessId":"3092","parentImage":"C:\\\\Program Files\\\\VMware\\\\VMware Tools\\\\vmtoolsd.exe","parentCommandLine":"\\\"C:\\\\Program Files\\\\VMware\\\\VMware Tools\\\\vmtoolsd.exe\\\"","parentUser":"NT AUTHORITY\\\\SYSTEM"}}},"location":"EventChannel"}
{"timestamp":"2026-10-02T15:36:32.676+0200","agent":{"id":"001","name":"Windows_VM","ip":"192.168.232.130"},"manager":{"name":"dcasey-virtual-machine"},"id":"1790948192.315124","full_log":"{\"win\":{\"system\":{\"providerName\":\"Microsoft-Windows-Sysmon\",\"providerGuid\":\"{5770385f-c22a-43e0-bf4c-06f5698ffbd9}\",\"eventID\":\"8\",\"version\":\"2\",\"level\":\"4\",\"task\":\"8\",\"opcode\":\"0\",\"keywords\":\"0x8000000000000000\",\"systemTime\":\"2026-10-02T13:36:32.7551408Z\",\"eventRecordID\":\"14861\",\"processID\":\"3504\",\"threadID\":\"4956\",\"channel\":\"Microsoft-Windows-Sysmon/Operational\",\"computer\":\"DESKTOP-5OG7C28\",\"severityValue\":\"INFORMATION\",\"message\":\"\\\"CreateRemoteThread detected:\\r\\nRuleName: -\\r\\nUtcTime: 2026-10-02 13:36:32.748\\r\\nSourceProcessGuid: {4b2ce92d-824b-6abe-1300-000000001400}\\r\\nSourceProcessId: 536\\r\\nSourceImage: C:\\\\Windows\\\\System32\\\\dwm.exe\\r\\nTargetProcessGuid: {4b2ce92d-8249-6abe-0900-000000001400}\\r\\nTargetProcessId: 680\\r\\nTargetImage: C:\\\\Windows\\\\System32\\\\csrss.exe\\r\\nNewThreadId: 8236\\r\\nStartAddress: 0xFFFFF8052CBFD220\\r\\nStartModule: -\\r\\nStartFunction: -\\r\\nSourceUser: Window Manager\\\\DWM-1\\r\\nTargetUser: NT AUTHORITY\\\\SYSTEM\\\"\"},\"eventdata\":{\"utcTime\":\"2026-10-02 13:36:32.748\",\"sourceProcessGuid\":\"{4b2ce92d-824b-6abe-1300-000000001400}\",\"sourceProcessId\":\"536\",\"sourceImage\":\"C:\\\\\\\\Windows\\\\\\\\System32\\\\\\\\dwm.exe\",\"targetProcessGuid\":\"{4b2ce92d-8249-6abe-0900-000000001400}\",\"targetProcessId\":\"680\",\"targetImage\":\"C:\\\\\\\\Windows\\\\\\\\System32\\\\\\\\csrss.exe\",\"newThreadId\":\"8236\",\"startAddress\":\"0xFFFFF8052CBFD220\",\"sourceUser\":\"Window Manager\\\\\\\\DWM-1\",\"targetUser\":\"NT AUTHORITY\\\\\\\\SYSTEM\"}}}","decoder":{"name":"windows_eventchannel"},"data":{"win":{"system":{"providerName":"Microsoft-Windows-Sysmon","providerGuid":"{5770385f-c22a-43e0-bf4c-06f5698ffbd9}","eventID":"8","version":"2","level":"4","task":"8","opcode":"0","keywords":"0x8000000000000000","systemTime":"2026-10-02T13:36:32.7551408Z","eventRecordID":"14861","processID":"3504","threadID":"4956","channel":"Microsoft-Windows-Sysmon/Operational","computer":"DESKTOP-5OG7C28","severityValue":"INFORMATION","message":"\"CreateRemoteThread detected:\r\nRuleName: -\r\nUtcTime: 2026-10-02 13:36:32.748\r\nSourceProcessGuid: {4b2ce92d-824b-6abe-1300-000000001400}\r\nSourceProcessId: 536\r\nSourceImage: C:\\Windows\\System32\\dwm.exe\r\nTargetProcessGuid: {4b2ce92d-8249-6abe-0900-000000001400}\r\nTargetProcessId: 680\r\nTargetImage: C:\\Windows\\System32\\csrss.exe\r\nNewThreadId: 8236\r\nStartAddress: 0xFFFFF8052CBFD220\r\nStartModule: -\r\nStartFunction: -\r\nSourceUser: Window Manager\\DWM-1\r\nTargetUser: NT AUTHORITY\\SYSTEM\""},"eventdata":{"utcTime":"2026-10-02 13:36:32.748","sourceProcessGuid":"{4b2ce92d-824b-6abe-1300-000000001400}","sourceProcessId":"536","sourceImage":"C:\\\\Windows\\\\System32\\\\dwm.exe","targetProcessGuid":"{4b2ce92d-8249-6abe-0900-000000001400}","targetProcessId":"680","targetImage":"C:\\\\Windows\\\\System32\\\\csrss.exe","newThreadId":"8236","startAddress":"0xFFFFF8052CBFD220","sourceUser":"Window Manager\\\\DWM-1","targetUser":"NT AUTHORITY\\\\SYSTEM"}}},"location":"EventChannel"}
{"timestamp":"2026-10-02T15:36:32.678+0200","agent":{"id":"001","name":"Windows_VM","ip":"192.168.232.130"},"manager":{"name":"dcasey-virtual-machine"},"id":"1790948192.315124","full_log":"{\"win\":{\"system\":{\"providerName\":\"Microsoft-Windows-Sysmon\",\"providerGuid\":\"{5770385f-c22a-43e0-bf4c-06f5698ffbd9}\",\"eventID\":\"8\",\"version\":\"2\",\"level\":\"4\",\"task\":\"8\",\"opcode\":\"0\",\"keywords\":\"0x8000000000000000\",\"systemTime\":\"2026-10-02T13:36:33.0802901Z\",\"eventRecordID\":\"14862\",\"processID\":\"3504\",\"threadID\":\"4956\",\"channel\":\"Microsoft-Windows-Sysmon/Operational\",\"computer\":\"DESKTOP-5OG7C28\",\"severityValue\":\"INFORMATION\",\"message\":\"\\\"CreateRemoteThread detected:\\r\\nRuleName: -\\r\\nUtcTime: 2026-10-02 13:36:33.066\\r\\nSourceProcessGuid: {4b2ce92d-824b-6abe-1300-000000001400}\\r\\nSourceProcessId: 536\\r\\nSourceImage: C:\\\\Windows\\\\System32\\\\dwm.exe\\r\\nTargetProcessGuid: {4b2ce92d-8249-6abe-0900-000000001400}\\r\\nTargetProcessId: 680\\r\\nTargetImage: C:\\\\Windows\\\\System32\\\\csrss.exe\\r\\nNewThreadId: 10656\\r\\nStartAddress: 0xFFFFF8052CBFD220\\r\\nStartModule: -\\r\\nStartFunction: -\\r\\nSourceUser: Window Manager\\\\DWM-1\\r\\nTargetUser: NT AUTHORITY\\\\SYSTEM\\\"\"},\"eventdata\":{\"utcTime\":\"2026-10-02 13:36:33.066\",\"sourceProcessGuid\":\"{4b2ce92d-824b-6abe-1300-000000001400}\",\"sourceProcessId\":\"536\",\"sourceImage\":\"C:\\\\\\\\Windows\\\\\\\\System32\\\\\\\\dwm.exe\",\"targetProcessGuid\":\"{4b2ce92d-8249-6abe-0900-000000001400}\",\"targetProcessId\":\"680\",\"targetImage\":\"C:\\\\\\\\Windows\\\\\\\\System32\\\\\\\\csrss.exe\",\"newThreadId\":\"10656\",\"startAddress\":\"0xFFFFF8052CBFD220\",\"sourceUser\":\"Window Manager\\\\\\\\DWM-1\",\"targetUser\":\"NT AUTHORITY\\\\\\\\SYSTEM\"}}}","decoder":{"name":"windows_eventchannel"},"data":{"win":{"system":{"providerName":"Microsoft-Windows-Sysmon","providerGuid":"{5770385f-c22a-43e0-bf4c-06f5698ffbd9}","eventID":"8","version":"2","level":"4","task":"8","opcode":"0","keywords":"0x8000000000000000","systemTime":"2026-10-02T13:36:33.0802901Z","eventRecordID":"14862","processID":"3504","threadID":"4956","channel":"Microsoft-Windows-Sysmon/Operational","computer":"DESKTOP-5OG7C28","severityValue":"INFORMATION","message":"\"CreateRemoteThread detected:\r\nRuleName: -\r\nUtcTime: 2026-10-02 13:36:33.066\r\nSourceProcessGuid: {4b2ce92d-824b-6abe-1300-000000001400}\r\nSourceProcessId: 536\r\nSourceImage: C:\\Windows\\System32\\dwm.exe\r\nTargetProcessGuid: {4b2ce92d-8249-6abe-0900-000000001400}\r\nTargetProcessId: 680\r\nTargetImage: C:\\Windows\\System32\\csrss.exe\r\nNewThreadId: 10656\r\nStartAddress: 0xFFFFF8052CBFD220\r\nStartModule: -\r\nStartFunction: -\r\nSourceUser: Window Manager\\DWM-1\r\nTargetUser: NT AUTHORITY\\SYSTEM\""},"eventdata":{"utcTime":"2026-10-02 13:36:33.066","sourceProcessGuid":"{4b2ce92d-824b-6abe-1300-000000001400}","sourceProcessId":"536","sourceImage":"C:\\\\Windows\\\\System32\\\\dwm.exe","targetProcessGuid":"{4b2ce92d-8249-6abe-0900-000000001400}","targetProcessId":"680","targetImage":"C:\\\\Windows\\\\System32\\\\csrss.exe","newThreadId":"10656","startAddress":"0xFFFFF8052CBFD220","sourceUser":"Window Manager\\\\DWM-1","targetUser":"NT AUTHORITY\\\\SYSTEM"}}},"location":"EventChannel"}
{"timestamp":"2026-10-02T15:36:33.100+0200","agent":{"id":"001","name":"Windows_VM","ip":"192.168.232.130"},"manager":{"name":"dcasey-virtual-machine"},"id":"1790948193.315124","full_log":"{\"win\":{\"system\":{\"providerName\":\"Display\",\"eventID\":\"4107\",\"version\":\"0\",\"level\":\"4\",\"task\":\"0\",\"opcode\":\"0\",\"keywords\":\"0x80000000000000\",\"systemTime\":\"2026-10-02T13:36:34.0290230Z\",\"eventRecordID\":\"2967\",\"processID\":\"2020\",\"threadID\":\"0\",\"channel\":\"System\",\"computer\":\"DESKTOP-5OG7C28\",\"severityValue\":\"INFORMATION\",\"message\":\"\\\"A caller specified the SDC_FORCE_MODE_ENUMERATION flag in a call to the SetDisplayConfig() API\\\"\"}}}","decoder":{"name":"windows_eventchannel"},"data":{"win":{"system":{"providerName":"Display","eventID":"4107","version":"0","level":"4","task":"0","opcode":"0","keywords":"0x80000000000000","systemTime":"2026-10-02T13:36:34.0290230Z","eventRecordID":"2967","processID":"2020","threadID":"0","channel":"System","computer":"DESKTOP-5OG7C28","severityValue":"INFORMATION","message":"\"A caller specified the SDC_FORCE_MODE_ENUMERATION flag in a call to the SetDisplayConfig() API\""}}},"location":"EventChannel"}
{"timestamp":"2026-10-02T15:36:33.864+0200","agent":{"id":"001","name":"Windows_VM","ip":"192.168.232.130"},"manager":{"name":"dcasey-virtual-machine"},"id":"1790948193.315124","full_log":"{\"win\":{\"system\":{\"providerName\":\"Microsoft-Windows-Sysmon\",\"providerGuid\":\"{5770385f-c22a-43e0-bf4c-06f5698ffbd9}\",\"eventID\":\"8\",\"version\":\"2\",\"level\":\"4\",\"task\":\"8\",\"opcode\":\"0\",\"keywords\":\"0x8000000000000000\",\"systemTime\":\"2026-10-02T13:36:33.8827576Z\",\"eventRecordID\":\"14863\",\"processID\":\"3504\",\"threadID\":\"4956\",\"channel\":\"Microsoft-Windows-Sysmon/Operational\",\"computer\":\"DESKTOP-5OG7C28\",\"severityValue\":\"INFORMATION\",\"message\":\"\\\"CreateRemoteThread detected:\\r\\nRuleName: -\\r\\nUtcTime: 2026-10-02 13:36:33.383\\r\\nSourceProcessGuid: {4b2ce92d-824b-6abe-1300-000000001400}\\r\\nSourceProcessId: 536\\r\\nSourceImage: C:\\\\Windows\\\\System32\\\\dwm.exe\\r\\nTargetProcessGuid: {4b2ce92d-8249-6abe-0900-000000001400}\\r\\nTargetProcessId: 680\\r\\nTargetImage: C:\\\\Windows\\\\System32\\\\csrss.exe\\r\\nNewThreadId: 10916\\r\\nStartAddress: 0xFFFFF8052CBFD220\\r\\nStartModule: -\\r\\nStartFunction: -\\r\\nSourceUser: Window Manager\\\\DWM-1\\r\\nTargetUser: NT AUTHORITY\\\\SYSTEM\\\"\"},\"eventdata\":{\"utcTime\":\"2026-10-02 13:36:33.383\",\"sourceProcessGuid\":\"{4b2ce92d-824b-6abe-1300-000000001400}\",\"sourceProcessId\":\"536\",\"sourceImage\":\"C:\\\\\\\\Windows\\\\\\\\System32\\\\\\\\dwm.exe\",\"targetProcessGuid\":\"{4b2ce92d-8249-6abe-0900-000000001400}\",\"targetProcessId\":\"680\",\"targetImage\":\"C:\\\\\\\\Windows\\\\\\\\System32\\\\\\\\csrss.exe\",\"newThreadId\":\"10916\",\"startAddress\":\"0xFFFFF8052CBFD220\",\"sourceUser\":\"Window Manager\\\\\\\\DWM-1\",\"targetUser\":\"NT AUTHORITY\\\\\\\\SYSTEM\"}}}","decoder":{"name":"windows_eventchannel"},"data":{"win":{"system":{"providerName":"Microsoft-Windows-Sysmon","providerGuid":"{5770385f-c22a-43e0-bf4c-06f5698ffbd9}","eventID":"8","version":"2","level":"4","task":"8","opcode":"0","keywords":"0x8000000000000000","systemTime":"2026-10-02T13:36:33.8827576Z","eventRecordID":"14863","processID":"3504","threadID":"4956","channel":"Microsoft-Windows-Sysmon/Operational","computer":"DESKTOP-5OG7C28","severityValue":"INFORMATION","message":"\"CreateRemoteThread detected:\r\nRuleName: -\r\nUtcTime: 2026-10-02 13:36:33.383\r\nSourceProcessGuid: {4b2ce92d-824b-6abe-1300-000000001400}\r\nSourceProcessId: 536\r\nSourceImage: C:\\Windows\\System32\\dwm.exe\r\nTargetProcessGuid: {4b2ce92d-8249-6abe-0900-000000001400}\r\nTargetProcessId: 680\r\nTargetImage: C:\\Windows\\System32\\csrss.exe\r\nNewThreadId: 10916\r\nStartAddress: 0xFFFFF8052CBFD220\r\nStartModule: -\r\nStartFunction: -\r\nSourceUser: Window Manager\\DWM-1\r\nTargetUser: NT AUTHORITY\\SYSTEM\""},"eventdata":{"utcTime":"2026-10-02 13:36:33.383","sourceProcessGuid":"{4b2ce92d-824b-6abe-1300-000000001400}","sourceProcessId":"536","sourceImage":"C:\\\\Windows\\\\System32\\\\dwm.exe","targetProcessGuid":"{4b2ce92d-8249-6abe-0900-000000001400}","targetProcessId":"680","targetImage":"C:\\\\Windows\\\\System32\\\\csrss.exe","newThreadId":"10916","startAddress":"0xFFFFF8052CBFD220","sourceUser":"Window Manager\\\\DWM-1","targetUser":"NT AUTHORITY\\\\SYSTEM"}}},"location":"EventChannel"}
{"timestamp":"2026-10-02T15:36:40.161+0200","agent":{"id":"001","name":"Windows_VM","ip":"192.168.232.130"},"manager":{"name":"dcasey-virtual-machine"},"id":"1790948200.315124","full_log":"{\"win\":{\"system\":{\"providerName\":\"Microsoft-Windows-Sysmon\",\"providerGuid\":\"{5770385f-c22a-43e0-bf4c-06f5698ffbd9}\",\"eventID\":\"1\",\"version\":\"5\",\"level\":\"4\",\"task\":\"1\",\"opcode\":\"0\",\"keywords\":\"0x8000000000000000\",\"systemTime\":\"2026-10-02T13:36:39.0604341Z\",\"eventRecordID\":\"14864\",\"processID\":\"3504\",\"threadID\":\"4956\",\"channel\":\"Microsoft-Windows-Sysmon/Operational\",\"computer\":\"DESKTOP-5OG7C28\",\"severityValue\":\"INFORMATION\",\"message\":\"\\\"Process Create:\\r\\nRuleName: -\\r\\nUtcTime: 2026-10-02 13:36:39.037\\r\\nProcessGuid: {4b2ce92d-b367-6abf-9002-000000001400}\\r\\nProcessId: 10996\\r\\nImage: C:\\\\Windows\\\\System32\\\\consent.exe\\r\\nFileVersion: 10.0.26100.9278 (WinBuild.160101.0800)\\r\\nDescription: Consent UI for administrative applications\\r\\nProduct: Microsoft® Windows® Operating System\\r\\nCompany: Microsoft Corporation\\r\\nOriginalFileName: consent.exe\\r\\nCommandLine: consent.exe 5132 604 00000249E115A490\\r\\nCurrentDirectory: C:\\\\WINDOWS\\\\system32\\\\\\r\\nUser: NT AUTHORITY\\\\SYSTEM\\r\\nLogonGuid: {4b2ce92d-824a-6abe-e703-000000000000}\\r\\nLogonId: 0x3E7\\r\\nTerminalSessionId: 1\\r\\nIntegrityLevel: System\\r\\nHashes: MD5=972ADFE7F8B9716AC210A914A87C7ECE,SHA256=11BA7D9FB6276AC5D770683367B5773A9C25A0A17E1F93B5787521D16A8B5AF0,IMPHASH=8A053E01B063B847F6B0D919C0404D20\\r\\nParentProcessGuid: {4b2ce92d-8271-6abe-8d00-000000001400}\\r\\nParentProcessId: 5132\\r\\nParentImage: C:\\\\Windows\\\\System32\\\\svchost.exe\\r\\nParentCommandLine: C:\\\\WINDOWS\\\\system32\\\\svchost.exe -k netsvcs -p -s Appinfo\\r\\nParentUser: NT AUTHORITY\\\\SYSTEM\\\"\"},\"eventdata\":{\"utcTime\":\"2026-10-02 13:36:39.037\",\"processGuid\":\"{4b2ce92d-b367-6abf-9002-000000001400}\",\"processId\":\"10996\",\"image\":\"C:\\\\\\\\Windows\\\\\\\\System32\\\\\\\\consent.exe\",\"fileVersion\":\"10.0.26100.9278 (WinBuild.160101.0800)\",\"description\":\"Consent UI for administrative applications\",\"product\":\"Microsoft® Windows® Operating System\",\"company\":\"Microsoft Corporation\",\"originalFileName\":\"consent.exe\",\"commandLine\":\"consent.exe 5132 604 00000249E115A490\",\"currentDirectory\":\"C:\\\\\\\\WINDOWS\\\\\\\\system32\\\\\\\\\",\"user\":\"NT AUTHORITY\\\\\\\\SYSTEM\",\"logonGuid\":\"{4b2ce92d-824a-6abe-e703-000000000000}\",\"logonId\":\"0x3e7\",\"terminalSessionId\":\"1\",\"integrityLevel\":\"System\",\"hashes\":\"MD5=972ADFE7F8B9716AC210A914A87C7ECE,SHA256=11BA7D9FB6276AC5D770683367B5773A9C25A0A17E1F93B5787521D16A8B5AF0,IMPHASH=8A053E01B063B847F6B0D919C0404D20\",\"parentProcessGuid\":\"{4b2ce92d-8271-6abe-8d00-000000001400}\",\"parentProcessId\":\"5132\",\"parentImage\":\"C:\\\\\\\\Windows\\\\\\\\System32\\\\\\\\svchost.exe\",\"parentCommandLine\":\"C:\\\\\\\\WINDOWS\\\\\\\\system32\\\\\\\\svchost.exe -k netsvcs -p -s Appinfo\",\"parentUser\":\"NT AUTHORITY\\\\\\\\SYSTEM\"}}}","decoder":{"name":"windows_eventchannel"},"data":{"win":{"system":{"providerName":"Microsoft-Windows-Sysmon","providerGuid":"{5770385f-c22a-43e0-bf4c-06f5698ffbd9}","eventID":"1","version":"5","level":"4","task":"1","opcode":"0","keywords":"0x8000000000000000","systemTime":"2026-10-02T13:36:39.0604341Z","eventRecordID":"14864","processID":"3504","threadID":"4956","channel":"Microsoft-Windows-Sysmon/Operational","computer":"DESKTOP-5OG7C28","severityValue":"INFORMATION","message":"\"Process Create:\r\nRuleName: -\r\nUtcTime: 2026-10-02 13:36:39.037\r\nProcessGuid: {4b2ce92d-b367-6abf-9002-000000001400}\r\nProcessId: 10996\r\nImage: C:\\Windows\\System32\\consent.exe\r\nFileVersion: 10.0.26100.9278 (WinBuild.160101.0800)\r\nDescription: Consent UI for administrative applications\r\nProduct: Microsoft® Windows® Operating System\r\nCompany: Microsoft Corporation\r\nOriginalFileName: consent.exe\r\nCommandLine: consent.exe 5132 604 00000249E115A490\r\nCurrentDirectory: C:\\WINDOWS\\system32\\\r\nUser: NT AUTHORITY\\SYSTEM\r\nLogonGuid: {4b2ce92d-824a-6abe-e703-000000000000}\r\nLogonId: 0x3E7\r\nTerminalSessionId: 1\r\nIntegrityLevel: System\r\nHashes: MD5=972ADFE7F8B9716AC210A914A87C7ECE,SHA256=11BA7D9FB6276AC5D770683367B5773A9C25A0A17E1F93B5787521D16A8B5AF0,IMPHASH=8A053E01B063B847F6B0D919C0404D20\r\nParentProcessGuid: {4b2ce92d-8271-6abe-8d00-000000001400}\r\nParentProcessId: 5132\r\nParentImage: C:\\Windows\\System32\\svchost.exe\r\nParentCommandLine: C:\\WINDOWS\\system32\\svchost.exe -k netsvcs -p -s Appinfo\r\nParentUser: NT AUTHORITY\\SYSTEM\""},"eventdata":{"utcTime":"2026-10-02 13:36:39.037","processGuid":"{4b2ce92d-b367-6abf-9002-000000001400}","processId":"10996","image":"C:\\\\Windows\\\\System32\\\\consent.exe","fileVersion":"10.0.26100.9278 (WinBuild.160101.0800)","description":"Consent UI for administrative applications","product":"Microsoft® Windows® Operating System","company":"Microsoft Corporation","originalFileName":"consent.exe","commandLine":"consent.exe 5132 604 00000249E115A490","currentDirectory":"C:\\\\WINDOWS\\\\system32\\\\","user":"NT AUTHORITY\\\\SYSTEM","logonGuid":"{4b2ce92d-824a-6abe-e703-000000000000}","logonId":"0x3e7","terminalSessionId":"1","integrityLevel":"System","hashes":"MD5=972ADFE7F8B9716AC210A914A87C7ECE,SHA256=11BA7D9FB6276AC5D770683367B5773A9C25A0A17E1F93B5787521D16A8B5AF0,IMPHASH=8A053E01B063B847F6B0D919C0404D20","parentProcessGuid":"{4b2ce92d-8271-6abe-8d00-000000001400}","parentProcessId":"5132","parentImage":"C:\\\\Windows\\\\System32\\\\svchost.exe","parentCommandLine":"C:\\\\WINDOWS\\\\system32\\\\svchost.exe -k netsvcs -p -s Appinfo","parentUser":"NT AUTHORITY\\\\SYSTEM"}}},"location":"EventChannel"}
{"timestamp":"2026-10-02T15:36:40.243+0200","agent":{"id":"001","name":"Windows_VM","ip":"192.168.232.130"},"manager":{"name":"dcasey-virtual-machine"},"id":"1790948200.315124","full_log":"{\"win\":{\"system\":{\"providerName\":\"Microsoft-Windows-Sysmon\",\"providerGuid\":\"{5770385f-c22a-43e0-bf4c-06f5698ffbd9}\",\"eventID\":\"1\",\"version\":\"5\",\"level\":\"4\",\"task\":\"1\",\"opcode\":\"0\",\"keywords\":\"0x8000000000000000\",\"systemTime\":\"2026-10-02T13:36:39.4702677Z\",\"eventRecordID\":\"14865\",\"processID\":\"3504\",\"threadID\":\"4956\",\"channel\":\"Microsoft-Windows-Sysmon/Operational\",\"computer\":\"DESKTOP-5OG7C28\",\"severityValue\":\"INFORMATION\",\"message\":\"\\\"Process Create:\\r\\nRuleName: -\\r\\nUtcTime: 2026-10-02 13:36:39.285\\r\\nProcessGuid: {4b2ce92d-b367-6abf-9102-000000001400}\\r\\nProcessId: 10968\\r\\nImage: C:\\\\Windows\\\\System32\\\\ctfmon.exe\\r\\nFileVersion: 10.0.26100.9278 (WinBuild.160101.0800)\\r\\nDescription: CTF Loader\\r\\nProduct: Microsoft® Windows® Operating System\\r\\nCompany: Microsoft Corporation\\r\\nOriginalFileName: CTFMON.EXE\\r\\nCommandLine: /QuitInfo:00000000000002E8;0000000000000358; \\r\\nCurrentDirectory: C:\\\\WINDOWS\\\\system32\\\\\\r\\nUser: NT AUTHORITY\\\\SYSTEM\\r\\nLogonGuid: {4b2ce92d-824a-6abe-e703-000000000000}\\r\\nLogonId: 0x3E7\\r\\nTerminalSessionId: 1\\r\\nIntegrityLevel: System\\r\\nHashes: MD5=2152309C54AF1303E21B88C5BC74535B,SHA256=CE59A8F860A296D1550D9A1CA43CD1450AE1D5EFAFD35E145974CB5CE7A63777,IMPHASH=452E9F9357F517002934CBEE3E6DD2C9\\r\\nParentProcessGuid: {00000000-0000-0000-0000-000000000000}\\r\\nParentProcessId: 2356\\r\\nParentImage: -\\r\\nParentCommandLine: -\\r\\nParentUser: -\\\"\"},\"eventdata\":{\"utcTime\":\"2026-10-02 13:36:39.285\",\"processGuid\":\"{4b2ce92d-b367-6abf-9102-000000001400}\",\"processId\":\"10968\",\"image\":\"C:\\\\\\\\Windows\\\\\\\\System32\\\\\\\\ctfmon.exe\",\"fileVersion\":\"10.0.26100.9278 (WinBuild.160101.0800)\",\"description\":\"CTF Loader\",\"product\":\"Microsoft® Windows® Operating System\",\"company\":\"Microsoft Corporation\",\"originalFileName\":\"CTFMON.EXE\",\"commandLine\":\"/QuitInfo:00000000000002E8;0000000000000358;\",\"currentDirectory\":\"C:\\\\\\\\WINDOWS\\\\\\\\system32\\\\\\\\\",\"user\":\"NT AUTHORITY\\\\\\\\SYSTEM\",\"logonGuid\":\"{4b2ce92d-824a-6abe-e703-000000000000}\",\"logonId\":\"0x3e7\",\"terminalSessionId\":\"1\",\"integrityLevel\":\"System\",\"hashes\":\"MD5=2152309C54AF1303E21B88C5BC74535B,SHA256=CE59A8F860A296D1550D9A1CA43CD1450AE1D5EFAFD35E145974CB5CE7A63777,IMPHASH=452E9F9357F517002934CBEE3E6DD2C9\",\"parentProcessGuid\":\"{00000000-0000-0000-0000-000000000000}\",\"parentProcessId\":\"2356\"}}}","decoder":{"name":"windows_eventchannel"},"data":{"win":{"system":{"providerName":"Microsoft-Windows-Sysmon","providerGuid":"{5770385f-c22a-43e0-bf4c-06f5698ffbd9}","eventID":"1","version":"5","level":"4","task":"1","opcode":"0","keywords":"0x8000000000000000","systemTime":"2026-10-02T13:36:39.4702677Z","eventRecordID":"14865","processID":"3504","threadID":"4956","channel":"Microsoft-Windows-Sysmon/Operational","computer":"DESKTOP-5OG7C28","severityValue":"INFORMATION","message":"\"Process Create:\r\nRuleName: -\r\nUtcTime: 2026-10-02 13:36:39.285\r\nProcessGuid: {4b2ce92d-b367-6abf-9102-000000001400}\r\nProcessId: 10968\r\nImage: C:\\Windows\\System32\\ctfmon.exe\r\nFileVersion: 10.0.26100.9278 (WinBuild.160101.0800)\r\nDescription: CTF Loader\r\nProduct: Microsoft® Windows® Operating System\r\nCompany: Microsoft Corporation\r\nOriginalFileName: CTFMON.EXE\r\nCommandLine: /QuitInfo:00000000000002E8;0000000000000358; \r\nCurrentDirectory: C:\\WINDOWS\\system32\\\r\nUser: NT AUTHORITY\\SYSTEM\r\nLogonGuid: {4b2ce92d-824a-6abe-e703-000000000000}\r\nLogonId: 0x3E7\r\nTerminalSessionId: 1\r\nIntegrityLevel: System\r\nHashes: MD5=2152309C54AF1303E21B88C5BC74535B,SHA256=CE59A8F860A296D1550D9A1CA43CD1450AE1D5EFAFD35E145974CB5CE7A63777,IMPHASH=452E9F9357F517002934CBEE3E6DD2C9\r\nParentProcessGuid: {00000000-0000-0000-0000-000000000000}\r\nParentProcessId: 2356\r\nParentImage: -\r\nParentCommandLine: -\r\nParentUser: -\""},"eventdata":{"utcTime":"2026-10-02 13:36:39.285","processGuid":"{4b2ce92d-b367-6abf-9102-000000001400}","processId":"10968","image":"C:\\\\Windows\\\\System32\\\\ctfmon.exe","fileVersion":"10.0.26100.9278 (WinBuild.160101.0800)","description":"CTF Loader","product":"Microsoft® Windows® Operating System","company":"Microsoft Corporation","originalFileName":"CTFMON.EXE","commandLine":"/QuitInfo:00000000000002E8;0000000000000358;","currentDirectory":"C:\\\\WINDOWS\\\\system32\\\\","user":"NT AUTHORITY\\\\SYSTEM","logonGuid":"{4b2ce92d-824a-6abe-e703-000000000000}","logonId":"0x3e7","terminalSessionId":"1","integrityLevel":"System","hashes":"MD5=2152309C54AF1303E21B88C5BC74535B,SHA256=CE59A8F860A296D1550D9A1CA43CD1450AE1D5EFAFD35E145974CB5CE7A63777,IMPHASH=452E9F9357F517002934CBEE3E6DD2C9","parentProcessGuid":"{00000000-0000-0000-0000-000000000000}","parentProcessId":"2356"}}},"location":"EventChannel"}
{"timestamp":"2026-10-02T15:36:42.349+0200","agent":{"id":"001","name":"Windows_VM","ip":"192.168.232.130"},"manager":{"name":"dcasey-virtual-machine"},"id":"1790948202.315124","full_log":"{\"win\":{\"system\":{\"providerName\":\"Microsoft-Windows-Sysmon\",\"providerGuid\":\"{5770385f-c22a-43e0-bf4c-06f5698ffbd9}\",\"eventID\":\"1\",\"version\":\"5\",\"level\":\"4\",\"task\":\"1\",\"opcode\":\"0\",\"keywords\":\"0x8000000000000000\",\"systemTime\":\"2026-10-02T13:36:42.3699725Z\",\"eventRecordID\":\"14866\",\"processID\":\"3504\",\"threadID\":\"4956\",\"channel\":\"Microsoft-Windows-Sysmon/Operational\",\"computer\":\"DESKTOP-5OG7C28\",\"severityValue\":\"INFORMATION\",\"message\":\"\\\"Process Create:\\r\\nRuleName: -\\r\\nUtcTime: 2026-10-02 13:36:42.329\\r\\nProcessGuid: {4b2ce92d-b36a-6abf-9302-000000001400}\\r\\nProcessId: 11248\\r\\nImage: C:\\\\Windows\\\\System32\\\\WindowsPowerShell\\\\v1.0\\\\powershell.exe\\r\\nFileVersion: 10.0.26100.9278 (WinBuild.160101.0800)\\r\\nDescription: Windows PowerShell\\r\\nProduct: Microsoft® Windows® Operating System\\r\\nCompany: Microsoft Corporation\\r\\nOriginalFileName: PowerShell.EXE\\r\\nCommandLine: \\\"C:\\\\Windows\\\\System32\\\\WindowsPowerShell\\\\v1.0\\\\powershell.exe\\\" \\r\\nCurrentDirectory: C:\\\\WINDOWS\\\\system32\\\\\\r\\nUser: DESKTOP-5OG7C28\\\\Darragh Casey\\r\\nLogonGuid: {4b2ce92d-826e-6abe-6d8d-0a0000000000}\\r\\nLogonId: 0xA8D6D\\r\\nTerminalSessionId: 1\\r\\nIntegrityLevel: High\\r\\nHashes: MD5=61F649A6FDC374A6BF36C860519E017C,SHA256=8BB6FA8C283B4D92120B1EF249A9B311B0F804D4CABBE9981159976C8BE76A5E,IMPHASH=2F87CE4617F593D7148B739BBF06D059\\r\\nParentProcessGuid: {4b2ce92d-8270-6abe-8a00-000000001400}\\r\\nParentProcessId: 900\\r\\nParentImage: C:\\\\Windows\\\\explorer.exe\\r\\nParentCommandLine: C:\\\\WINDOWS\\\\Explorer.EXE\\r\\nParentUser: DESKTOP-5OG7C28\\\\Darragh Casey\\\"\"},\"eventdata\":{\"utcTime\":\"2026-10-02 13:36:42.329\",\"processGuid\":\"{4b2ce92d-b36a-6abf-9302-000000001400}\",\"processId\":\"11248\",\"image\":\"C:\\\\\\\\Windows\\\\\\\\System32\\\\\\\\WindowsPowerShell\\\\\\\\v1.0\\\\\\\\powershell.exe\",\"fileVersion\":\"10.0.26100.9278 (WinBuild.160101.0800)\",\"description\":\"Windows PowerShell\",\"product\":\"Microsoft® Windows® Operating System\",\"company\":\"Microsoft Corporation\",\"originalFileName\":\"PowerShell.EXE\",\"commandLine\":\"\\\\\\\"C:\\\\\\\\Windows\\\\\\\\System32\\\\\\\\WindowsPowerShell\\\\\\\\v1.0\\\\\\\\powershell.exe\\\\\\\"\",\"currentDirectory\":\"C:\\\\\\\\WINDOWS\\\\\\\\system32\\\\\\\\\",\"user\":\"DESKTOP-5OG7C28\\\\\\\\Darragh Casey\",\"logonGuid\":\"{4b2ce92d-826e-6abe-6d8d-0a0000000000}\",\"logonId\":\"0xa8d6d\",\"terminalSessionId\":\"1\",\"integrityLevel\":\"High\",\"hashes\":\"MD5=61F649A6FDC374A6BF36C860519E017C,SHA256=8BB6FA8C283B4D92120B1EF249A9B311B0F804D4CABBE9981159976C8BE76A5E,IMPHASH=2F87CE4617F593D7148B739BBF06D059\",\"parentProcessGuid\":\"{4b2ce92d-8270-6abe-8a00-000000001400}\",\"parentProcessId\":\"900\",\"parentImage\":\"C:\\\\\\\\Windows\\\\\\\\explorer.exe\",\"parentCommandLine\":\"C:\\\\\\\\WINDOWS\\\\\\\\Explorer.EXE\",\"parentUser\":\"DESKTOP-5OG7C28\\\\\\\\Darragh Casey\"}}}","decoder":{"name":"windows_eventchannel"},"data":{"win":{"system":{"providerName":"Microsoft-Windows-Sysmon","providerGuid":"{5770385f-c22a-43e0-bf4c-06f5698ffbd9}","eventID":"1","version":"5","level":"4","task":"1","opcode":"0","keywords":"0x8000000000000000","systemTime":"2026-10-02T13:36:42.3699725Z","eventRecordID":"14866","processID":"3504","threadID":"4956","channel":"Microsoft-Windows-Sysmon/Operational","computer":"DESKTOP-5OG7C28","severityValue":"INFORMATION","message":"\"Process Create:\r\nRuleName: -\r\nUtcTime: 2026-10-02 13:36:42.329\r\nProcessGuid: {4b2ce92d-b36a-6abf-9302-000000001400}\r\nProcessId: 11248\r\nImage: C:\\Windows\\System32\\WindowsPowerShell\\v1.0\\powershell.exe\r\nFileVersion: 10.0.26100.9278 (WinBuild.160101.0800)\r\nDescription: Windows PowerShell\r\nProduct: Microsoft® Windows® Operating System\r\nCompany: Microsoft Corporation\r\nOriginalFileName: PowerShell.EXE\r\nCommandLine: \"C:\\Windows\\System32\\WindowsPowerShell\\v1.0\\powershell.exe\" \r\nCurrentDirectory: C:\\WINDOWS\\system32\\\r\nUser: DESKTOP-5OG7C28\\Darragh Casey\r\nLogonGuid: {4b2ce92d-826e-6abe-6d8d-0a0000000000}\r\nLogonId: 0xA8D6D\r\nTerminalSessionId: 1\r\nIntegrityLevel: High\r\nHashes: MD5=61F649A6FDC374A6BF36C860519E017C,SHA256=8BB6FA8C283B4D92120B1EF249A9B311B0F804D4CABBE9981159976C8BE76A5E,IMPHASH=2F87CE4617F593D7148B739BBF06D059\r\nParentProcessGuid: {4b2ce92d-8270-6abe-8a00-000000001400}\r\nParentProcessId: 900\r\nParentImage: C:\\Windows\\explorer.exe\r\nParentCommandLine: C:\\WINDOWS\\Explorer.EXE\r\nParentUser: DESKTOP-5OG7C28\\Darragh Casey\""},"eventdata":{"utcTime":"2026-10-02 13:36:42.329","processGuid":"{4b2ce92d-b36a-6abf-9302-000000001400}","processId":"11248","image":"C:\\\\Windows\\\\System32\\\\WindowsPowerShell\\\\v1.0\\\\powershell.exe","fileVersion":"10.0.26100.9278 (WinBuild.160101.0800)","description":"Windows PowerShell","product":"Microsoft® Windows® Operating System","company":"Microsoft Corporation","originalFileName":"PowerShell.EXE","commandLine":"\\\"C:\\\\Windows\\\\System32\\\\WindowsPowerShell\\\\v1.0\\\\powershell.exe\\\"","currentDirectory":"C:\\\\WINDOWS\\\\system32\\\\","user":"DESKTOP-5OG7C28\\\\Darragh Casey","logonGuid":"{4b2ce92d-826e-6abe-6d8d-0a0000000000}","logonId":"0xa8d6d","terminalSessionId":"1","integrityLevel":"High","hashes":"MD5=61F649A6FDC374A6BF36C860519E017C,SHA256=8BB6FA8C283B4D92120B1EF249A9B311B0F804D4CABBE9981159976C8BE76A5E,IMPHASH=2F87CE4617F593D7148B739BBF06D059","parentProcessGuid":"{4b2ce92d-8270-6abe-8a00-000000001400}","parentProcessId":"900","parentImage":"C:\\\\Windows\\\\explorer.exe","parentCommandLine":"C:\\\\WINDOWS\\\\Explorer.EXE","parentUser":"DESKTOP-5OG7C28\\\\Darragh Casey"}}},"location":"EventChannel"}
{"timestamp":"2026-10-02T15:36:44.271+0200","rule":{"level":15,"description":"Executable file dropped in folder commonly used by malware","id":"92213","mitre":{"id":["T1105"],"tactic":["Command and Control"],"technique":["Ingress Tool Transfer"]},"firedtimes":1,"mail":true,"groups":["sysmon","sysmon_eid11_detections","windows"]},"agent":{"id":"001","name":"Windows_VM","ip":"192.168.232.130"},"manager":{"name":"dcasey-virtual-machine"},"id":"1790948204.316970","full_log":"{\"win\":{\"system\":{\"providerName\":\"Microsoft-Windows-Sysmon\",\"providerGuid\":\"{5770385f-c22a-43e0-bf4c-06f5698ffbd9}\",\"eventID\":\"11\",\"version\":\"2\",\"level\":\"4\",\"task\":\"11\",\"opcode\":\"0\",\"keywords\":\"0x8000000000000000\",\"systemTime\":\"2026-10-02T13:36:44.2932190Z\",\"eventRecordID\":\"14867\",\"processID\":\"3504\",\"threadID\":\"4956\",\"channel\":\"Microsoft-Windows-Sysmon/Operational\",\"computer\":\"DESKTOP-5OG7C28\",\"severityValue\":\"INFORMATION\",\"message\":\"\\\"File created:\\r\\nRuleName: -\\r\\nUtcTime: 2026-10-02 13:36:44.291\\r\\nProcessGuid: {4b2ce92d-b36a-6abf-9302-000000001400}\\r\\nProcessId: 11248\\r\\nImage: C:\\\\Windows\\\\System32\\\\WindowsPowerShell\\\\v1.0\\\\powershell.exe\\r\\nTargetFilename: C:\\\\Users\\\\Darragh Casey\\\\AppData\\\\Local\\\\Temp\\\\__PSScriptPolicyTest_jjaju5zl.lqv.ps1\\r\\nCreationUtcTime: 2026-10-02 13:36:44.291\\r\\nUser: DESKTOP-5OG7C28\\\\Darragh Casey\\\"\"},\"eventdata\":{\"utcTime\":\"2026-10-02 13:36:44.291\",\"processGuid\":\"{4b2ce92d-b36a-6abf-9302-000000001400}\",\"processId\":\"11248\",\"image\":\"C:\\\\\\\\Windows\\\\\\\\System32\\\\\\\\WindowsPowerShell\\\\\\\\v1.0\\\\\\\\powershell.exe\",\"targetFilename\":\"C:\\\\\\\\Users\\\\\\\\Darragh Casey\\\\\\\\AppData\\\\\\\\Local\\\\\\\\Temp\\\\\\\\__PSScriptPolicyTest_jjaju5zl.lqv.ps1\",\"creationUtcTime\":\"2026-10-02 13:36:44.291\",\"user\":\"DESKTOP-5OG7C28\\\\\\\\Darragh Casey\"}}}","decoder":{"name":"windows_eventchannel"},"data":{"win":{"system":{"providerName":"Microsoft-Windows-Sysmon","providerGuid":"{5770385f-c22a-43e0-bf4c-06f5698ffbd9}","eventID":"11","version":"2","level":"4","task":"11","opcode":"0","keywords":"0x8000000000000000","systemTime":"2026-10-02T13:36:44.2932190Z","eventRecordID":"14867","processID":"3504","threadID":"4956","channel":"Microsoft-Windows-Sysmon/Operational","computer":"DESKTOP-5OG7C28","severityValue":"INFORMATION","message":"\"File created:\r\nRuleName: -\r\nUtcTime: 2026-10-02 13:36:44.291\r\nProcessGuid: {4b2ce92d-b36a-6abf-9302-000000001400}\r\nProcessId: 11248\r\nImage: C:\\Windows\\System32\\WindowsPowerShell\\v1.0\\powershell.exe\r\nTargetFilename: C:\\Users\\Darragh Casey\\AppData\\Local\\Temp\\__PSScriptPolicyTest_jjaju5zl.lqv.ps1\r\nCreationUtcTime: 2026-10-02 13:36:44.291\r\nUser: DESKTOP-5OG7C28\\Darragh Casey\""},"eventdata":{"utcTime":"2026-10-02 13:36:44.291","processGuid":"{4b2ce92d-b36a-6abf-9302-000000001400}","processId":"11248","image":"C:\\\\Windows\\\\System32\\\\WindowsPowerShell\\\\v1.0\\\\powershell.exe","targetFilename":"C:\\\\Users\\\\Darragh Casey\\\\AppData\\\\Local\\\\Temp\\\\__PSScriptPolicyTest_jjaju5zl.lqv.ps1","creationUtcTime":"2026-10-02 13:36:44.291","user":"DESKTOP-5OG7C28\\\\Darragh Casey"}}},"location":"EventChannel"}
{"timestamp":"2026-10-02T15:36:54.493+0200","rule":{"level":3,"description":"Service startup type was changed","id":"61104","info":"This does not appear to be logged on Windows 2000","firedtimes":2,"mail":false,"groups":["windows","windows_system","policy_changed"],"pci_dss":["10.6"],"gdpr":["IV_35.7.d"],"hipaa":["164.312.b"],"nist_800_53":["AU.6"],"tsc":["CC6.1","CC6.8","CC7.2","CC7.3"]},"agent":{"id":"001","name":"Windows_VM","ip":"192.168.232.130"},"manager":{"name":"dcasey-virtual-machine"},"id":"1790948214.319820","full_log":"{\"win\":{\"system\":{\"providerName\":\"Service Control Manager\",\"providerGuid\":\"{555908d1-a6d7-4695-8e1e-26931d2012f4}\",\"eventSourceName\":\"Service Control Manager\",\"eventID\":\"7040\",\"version\":\"0\",\"level\":\"4\",\"task\":\"0\",\"opcode\":\"0\",\"keywords\":\"0x8080000000000000\",\"systemTime\":\"2026-10-02T13:36:54.5209882Z\",\"eventRecordID\":\"2968\",\"processID\":\"812\",\"threadID\":\"6596\",\"channel\":\"System\",\"computer\":\"DESKTOP-5OG7C28\",\"severityValue\":\"INFORMATION\",\"message\":\"\\\"The start type of the Background Intelligent Transfer Service service was changed from auto start to demand start.\\\"\"},\"eventdata\":{\"param1\":\"Background Intelligent Transfer Service\",\"param2\":\"auto start\",\"param3\":\"demand start\",\"param4\":\"BITS\"}}}","decoder":{"name":"windows_eventchannel"},"data":{"win":{"system":{"providerName":"Service Control Manager","providerGuid":"{555908d1-a6d7-4695-8e1e-26931d2012f4}","eventSourceName":"Service Control Manager","eventID":"7040","version":"0","level":"4","task":"0","opcode":"0","keywords":"0x8080000000000000","systemTime":"2026-10-02T13:36:54.5209882Z","eventRecordID":"2968","processID":"812","threadID":"6596","channel":"System","computer":"DESKTOP-5OG7C28","severityValue":"INFORMATION","message":"\"The start type of the Background Intelligent Transfer Service service was changed from auto start to demand start.\""},"eventdata":{"param1":"Background Intelligent Transfer Service","param2":"auto start","param3":"demand start","param4":"BITS"}}},"location":"EventChannel"}
{"timestamp":"2026-10-02T15:36:58.849+0200","agent":{"id":"001","name":"Windows_VM","ip":"192.168.232.130"},"manager":{"name":"dcasey-virtual-machine"},"id":"1790948218.319820","full_log":"{\"win\":{\"system\":{\"providerName\":\"Microsoft-Windows-Sysmon\",\"providerGuid\":\"{5770385f-c22a-43e0-bf4c-06f5698ffbd9}\",\"eventID\":\"11\",\"version\":\"2\",\"level\":\"4\",\"task\":\"11\",\"opcode\":\"0\",\"keywords\":\"0x8000000000000000\",\"systemTime\":\"2026-10-02T13:36:58.8668395Z\",\"eventRecordID\":\"14868\",\"processID\":\"3504\",\"threadID\":\"4956\",\"channel\":\"Microsoft-Windows-Sysmon/Operational\",\"computer\":\"DESKTOP-5OG7C28\",\"severityValue\":\"INFORMATION\",\"message\":\"\\\"File created:\\r\\nRuleName: DLL\\r\\nUtcTime: 2026-10-02 13:36:58.864\\r\\nProcessGuid: {4b2ce92d-b34e-6abf-8d02-000000001400}\\r\\nProcessId: 2440\\r\\nImage: C:\\\\Program Files (x86)\\\\Microsoft\\\\EdgeUpdate\\\\Install\\\\{B6A4972A-04A1-4EA4-83CA-676CCD5C737C}\\\\EDGEMITMP_BB81F.tmp\\\\setup.exe\\r\\nTargetFilename: C:\\\\Program Files (x86)\\\\Microsoft\\\\EdgeCore\\\\154.0.4258.48\\\\BHO\\\\ie_to_edge_bho.dll\\r\\nCreationUtcTime: 2026-10-02 13:36:58.864\\r\\nUser: NT AUTHORITY\\\\SYSTEM\\\"\"},\"eventdata\":{\"ruleName\":\"DLL\",\"utcTime\":\"2026-10-02 13:36:58.864\",\"processGuid\":\"{4b2ce92d-b34e-6abf-8d02-000000001400}\",\"processId\":\"2440\",\"image\":\"C:\\\\\\\\Program Files (x86)\\\\\\\\Microsoft\\\\\\\\EdgeUpdate\\\\\\\\Install\\\\\\\\{B6A4972A-04A1-4EA4-83CA-676CCD5C737C}\\\\\\\\EDGEMITMP_BB81F.tmp\\\\\\\\setup.exe\",\"targetFilename\":\"C:\\\\\\\\Program Files (x86)\\\\\\\\Microsoft\\\\\\\\EdgeCore\\\\\\\\154.0.4258.48\\\\\\\\BHO\\\\\\\\ie_to_edge_bho.dll\",\"creationUtcTime\":\"2026-10-02 13:36:58.864\",\"user\":\"NT AUTHORITY\\\\\\\\SYSTEM\"}}}","decoder":{"name":"windows_eventchannel"},"data":{"win":{"system":{"providerName":"Microsoft-Windows-Sysmon","providerGuid":"{5770385f-c22a-43e0-bf4c-06f5698ffbd9}","eventID":"11","version":"2","level":"4","task":"11","opcode":"0","keywords":"0x8000000000000000","systemTime":"2026-10-02T13:36:58.8668395Z","eventRecordID":"14868","processID":"3504","threadID":"4956","channel":"Microsoft-Windows-Sysmon/Operational","computer":"DESKTOP-5OG7C28","severityValue":"INFORMATION","message":"\"File created:\r\nRuleName: DLL\r\nUtcTime: 2026-10-02 13:36:58.864\r\nProcessGuid: {4b2ce92d-b34e-6abf-8d02-000000001400}\r\nProcessId: 2440\r\nImage: C:\\Program Files (x86)\\Microsoft\\EdgeUpdate\\Install\\{B6A4972A-04A1-4EA4-83CA-676CCD5C737C}\\EDGEMITMP_BB81F.tmp\\setup.exe\r\nTargetFilename: C:\\Program Files (x86)\\Microsoft\\EdgeCore\\154.0.4258.48\\BHO\\ie_to_edge_bho.dll\r\nCreationUtcTime: 2026-10-02 13:36:58.864\r\nUser: NT AUTHORITY\\SYSTEM\""},"eventdata":{"ruleName":"DLL","utcTime":"2026-10-02 13:36:58.864","processGuid":"{4b2ce92d-b34e-6abf-8d02-000000001400}","processId":"2440","image":"C:\\\\Program Files (x86)\\\\Microsoft\\\\EdgeUpdate\\\\Install\\\\{B6A4972A-04A1-4EA4-83CA-676CCD5C737C}\\\\EDGEMITMP_BB81F.tmp\\\\setup.exe","targetFilename":"C:\\\\Program Files (x86)\\\\Microsoft\\\\EdgeCore\\\\154.0.4258.48\\\\BHO\\\\ie_to_edge_bho.dll","creationUtcTime":"2026-10-02 13:36:58.864","user":"NT AUTHORITY\\\\SYSTEM"}}},"location":"EventChannel"}
{"timestamp":"2026-10-02T15:36:58.856+0200","agent":{"id":"001","name":"Windows_VM","ip":"192.168.232.130"},"manager":{"name":"dcasey-virtual-machine"},"id":"1790948218.319820","full_log":"{\"win\":{\"system\":{\"providerName\":\"Microsoft-Windows-Sysmon\",\"providerGuid\":\"{5770385f-c22a-43e0-bf4c-06f5698ffbd9}\",\"eventID\":\"11\",\"version\":\"2\",\"level\":\"4\",\"task\":\"11\",\"opcode\":\"0\",\"keywords\":\"0x8000000000000000\",\"systemTime\":\"2026-10-02T13:36:59.0398933Z\",\"eventRecordID\":\"14869\",\"processID\":\"3504\",\"threadID\":\"4956\",\"channel\":\"Microsoft-Windows-Sysmon/Operational\",\"computer\":\"DESKTOP-5OG7C28\",\"severityValue\":\"INFORMATION\",\"message\":\"\\\"File created:\\r\\nRuleName: DLL\\r\\nUtcTime: 2026-10-02 13:36:59.038\\r\\nProcessGuid: {4b2ce92d-b34e-6abf-8d02-000000001400}\\r\\nProcessId: 2440\\r\\nImage: C:\\\\Program Files (x86)\\\\Microsoft\\\\EdgeUpdate\\\\Install\\\\{B6A4972A-04A1-4EA4-83CA-676CCD5C737C}\\\\EDGEMITMP_BB81F.tmp\\\\setup.exe\\r\\nTargetFilename: C:\\\\Program Files (x86)\\\\Microsoft\\\\EdgeCore\\\\154.0.4258.48\\\\BHO\\\\ie_to_edge_bho_64.dll\\r\\nCreationUtcTime: 2026-10-02 13:36:59.038\\r\\nUser: NT AUTHORITY\\\\SYSTEM\\\"\"},\"eventdata\":{\"ruleName\":\"DLL\",\"utcTime\":\"2026-10-02 13:36:59.038\",\"processGuid\":\"{4b2ce92d-b34e-6abf-8d02-000000001400}\",\"processId\":\"2440\",\"image\":\"C:\\\\\\\\Program Files (x86)\\\\\\\\Microsoft\\\\\\\\EdgeUpdate\\\\\\\\Install\\\\\\\\{B6A4972A-04A1-4EA4-83CA-676CCD5C737C}\\\\\\\\EDGEMITMP_BB81F.tmp\\\\\\\\setup.exe\",\"targetFilename\":\"C:\\\\\\\\Program Files (x86)\\\\\\\\Microsoft\\\\\\\\EdgeCore\\\\\\\\154.0.4258.48\\\\\\\\BHO\\\\\\\\ie_to_edge_bho_64.dll\",\"creationUtcTime\":\"2026-10-02 13:36:59.038\",\"user\":\"NT AUTHORITY\\\\\\\\SYSTEM\"}}}","decoder":{"name":"windows_eventchannel"},"data":{"win":{"system":{"providerName":"Microsoft-Windows-Sysmon","providerGuid":"{5770385f-c22a-43e0-bf4c-06f5698ffbd9}","eventID":"11","version":"2","level":"4","task":"11","opcode":"0","keywords":"0x8000000000000000","systemTime":"2026-10-02T13:36:59.0398933Z","eventRecordID":"14869","processID":"3504","threadID":"4956","channel":"Microsoft-Windows-Sysmon/Operational","computer":"DESKTOP-5OG7C28","severityValue":"INFORMATION","message":"\"File created:\r\nRuleName: DLL\r\nUtcTime: 2026-10-02 13:36:59.038\r\nProcessGuid: {4b2ce92d-b34e-6abf-8d02-000000001400}\r\nProcessId: 2440\r\nImage: C:\\Program Files (x86)\\Microsoft\\EdgeUpdate\\Install\\{B6A4972A-04A1-4EA4-83CA-676CCD5C737C}\\EDGEMITMP_BB81F.tmp\\setup.exe\r\nTargetFilename: C:\\Program Files (x86)\\Microsoft\\EdgeCore\\154.0.4258.48\\BHO\\ie_to_edge_bho_64.dll\r\nCreationUtcTime: 2026-10-02 13:36:59.038\r\nUser: NT AUTHORITY\\SYSTEM\""},"eventdata":{"ruleName":"DLL","utcTime":"2026-10-02 13:36:59.038","processGuid":"{4b2ce92d-b34e-6abf-8d02-000000001400}","processId":"2440","image":"C:\\\\Program Files (x86)\\\\Microsoft\\\\EdgeUpdate\\\\Install\\\\{B6A4972A-04A1-4EA4-83CA-676CCD5C737C}\\\\EDGEMITMP_BB81F.tmp\\\\setup.exe","targetFilename":"C:\\\\Program Files (x86)\\\\Microsoft\\\\EdgeCore\\\\154.0.4258.48\\\\BHO\\\\ie_to_edge_bho_64.dll","creationUtcTime":"2026-10-02 13:36:59.038","user":"NT AUTHORITY\\\\SYSTEM"}}},"location":"EventChannel"}
{"timestamp":"2026-10-02T15:36:58.857+0200","agent":{"id":"001","name":"Windows_VM","ip":"192.168.232.130"},"manager":{"name":"dcasey-virtual-machine"},"id":"1790948218.319820","full_log":"{\"win\":{\"system\":{\"providerName\":\"Microsoft-Windows-Sysmon\",\"providerGuid\":\"{5770385f-c22a-43e0-bf4c-06f5698ffbd9}\",\"eventID\":\"11\",\"version\":\"2\",\"level\":\"4\",\"task\":\"11\",\"opcode\":\"0\",\"keywords\":\"0x8000000000000000\",\"systemTime\":\"2026-10-02T13:36:59.1135315Z\",\"eventRecordID\":\"14870\",\"processID\":\"3504\",\"threadID\":\"4956\",\"channel\":\"Microsoft-Windows-Sysmon/Operational\",\"computer\":\"DESKTOP-5OG7C28\",\"severityValue\":\"INFORMATION\",\"message\":\"\\\"File created:\\r\\nRuleName: EXE\\r\\nUtcTime: 2026-10-02 13:36:59.110\\r\\nProcessGuid: {4b2ce92d-b34e-6abf-8d02-000000001400}\\r\\nProcessId: 2440\\r\\nImage: C:\\\\Program Files (x86)\\\\Microsoft\\\\EdgeUpdate\\\\Install\\\\{B6A4972A-04A1-4EA4-83CA-676CCD5C737C}\\\\EDGEMITMP_BB81F.tmp\\\\setup.exe\\r\\nTargetFilename: C:\\\\Program Files (x86)\\\\Microsoft\\\\EdgeCore\\\\154.0.4258.48\\\\BHO\\\\ie_to_edge_stub.exe\\r\\nCreationUtcTime: 2026-10-02 13:36:59.087\\r\\nUser: NT AUTHORITY\\\\SYSTEM\\\"\"},\"eventdata\":{\"ruleName\":\"EXE\",\"utcTime\":\"2026-10-02 13:36:59.110\",\"processGuid\":\"{4b2ce92d-b34e-6abf-8d02-000000001400}\",\"processId\":\"2440\",\"image\":\"C:\\\\\\\\Program Files (x86)\\\\\\\\Microsoft\\\\\\\\EdgeUpdate\\\\\\\\Install\\\\\\\\{B6A4972A-04A1-4EA4-83CA-676CCD5C737C}\\\\\\\\EDGEMITMP_BB81F.tmp\\\\\\\\setup.exe\",\"targetFilename\":\"C:\\\\\\\\Program Files (x86)\\\\\\\\Microsoft\\\\\\\\EdgeCore\\\\\\\\154.0.4258.48\\\\\\\\BHO\\\\\\\\ie_to_edge_stub.exe\",\"creationUtcTime\":\"2026-10-02 13:36:59.087\",\"user\":\"NT AUTHORITY\\\\\\\\SYSTEM\"}}}","decoder":{"name":"windows_eventchannel"},"data":{"win":{"system":{"providerName":"Microsoft-Windows-Sysmon","providerGuid":"{5770385f-c22a-43e0-bf4c-06f5698ffbd9}","eventID":"11","version":"2","level":"4","task":"11","opcode":"0","keywords":"0x8000000000000000","systemTime":"2026-10-02T13:36:59.1135315Z","eventRecordID":"14870","processID":"3504","threadID":"4956","channel":"Microsoft-Windows-Sysmon/Operational","computer":"DESKTOP-5OG7C28","severityValue":"INFORMATION","message":"\"File created:\r\nRuleName: EXE\r\nUtcTime: 2026-10-02 13:36:59.110\r\nProcessGuid: {4b2ce92d-b34e-6abf-8d02-000000001400}\r\nProcessId: 2440\r\nImage: C:\\Program Files (x86)\\Microsoft\\EdgeUpdate\\Install\\{B6A4972A-04A1-4EA4-83CA-676CCD5C737C}\\EDGEMITMP_BB81F.tmp\\setup.exe\r\nTargetFilename: C:\\Program Files (x86)\\Microsoft\\EdgeCore\\154.0.4258.48\\BHO\\ie_to_edge_stub.exe\r\nCreationUtcTime: 2026-10-02 13:36:59.087\r\nUser: NT AUTHORITY\\SYSTEM\""},"eventdata":{"ruleName":"EXE","utcTime":"2026-10-02 13:36:59.110","processGuid":"{4b2ce92d-b34e-6abf-8d02-000000001400}","processId":"2440","image":"C:\\\\Program Files (x86)\\\\Microsoft\\\\EdgeUpdate\\\\Install\\\\{B6A4972A-04A1-4EA4-83CA-676CCD5C737C}\\\\EDGEMITMP_BB81F.tmp\\\\setup.exe","targetFilename":"C:\\\\Program Files (x86)\\\\Microsoft\\\\EdgeCore\\\\154.0.4258.48\\\\BHO\\\\ie_to_edge_stub.exe","creationUtcTime":"2026-10-02 13:36:59.087","user":"NT AUTHORITY\\\\SYSTEM"}}},"location":"EventChannel"}
