{"timestamp":"2026-10-02T16:53:00.765+0200","agent":{"id":"001","name":"Windows_VM","ip":"192.168.232.130"},"manager":{"name":"dcasey-virtual-machine"},"id":"1790952780.499857","full_log":"{\"win\":{\"system\":{\"providerName\":\"Microsoft-Windows-Sysmon\",\"providerGuid\":\"{5770385f-c22a-43e0-bf4c-06f5698ffbd9}\",\"eventID\":\"1\",\"version\":\"5\",\"level\":\"4\",\"task\":\"1\",\"opcode\":\"0\",\"keywords\":\"0x8000000000000000\",\"systemTime\":\"2026-10-02T14:52:59.8263458Z\",\"eventRecordID\":\"15235\",\"processID\":\"3504\",\"threadID\":\"4956\",\"channel\":\"Microsoft-Windows-Sysmon/Operational\",\"computer\":\"DESKTOP-5OG7C28\",\"severityValue\":\"INFORMATION\",\"message\":\"\\\"Process Create:\\r\\nRuleName: -\\r\\nUtcTime: 2026-10-02 14:52:59.820\\r\\nProcessGuid: {4b2ce92d-c54b-6abf-7104-000000001400}\\r\\nProcessId: 8576\\r\\nImage: C:\\\\Windows\\\\System32\\\\whoami.exe\\r\\nFileVersion: 10.0.26100.1882 (WinBuild.160101.0800)\\r\\nDescription: whoami - displays logged on user information\\r\\nProduct: Microsoft® Windows® Operating System\\r\\nCompany: Microsoft Corporation\\r\\nOriginalFileName: whoami.exe\\r\\nCommandLine: \\\"C:\\\\WINDOWS\\\\system32\\\\whoami.exe\\\"\\r\\nCurrentDirectory: C:\\\\Users\\\\Darragh Casey\\\\Desktop\\\\T1059.003\\\\\\r\\nUser: DESKTOP-5OG7C28\\\\Darragh Casey\\r\\nLogonGuid: {4b2ce92d-826e-6abe-6d8d-0a0000000000}\\r\\nLogonId: 0xA8D6D\\r\\nTerminalSessionId: 1\\r\\nIntegrityLevel: High\\r\\nHashes: MD5=956692DADC5B2CEB46E9219F7A5BEFFA,SHA256=23240EF9F8B0A9A324110B1C2331DE31DC1B0E08F5359CB707E51A939AF56CD3,IMPHASH=E4464BCD92DF7AC69CCD074CB9C0EFED\\r\\nParentProcessGuid: {00000000-0000-0000-0000-000000000000}\\r\\nParentProcessId: 4408\\r\\nParentImage: -\\r\\nParentCommandLine: -\\r\\nParentUser: -\\\"\"},\"eventdata\":{\"utcTime\":\"2026-10-02 14:52:59.820\",\"processGuid\":\"{4b2ce92d-c54b-6abf-7104-000000001400}\",\"processId\":\"8576\",\"image\":\"C:\\\\\\\\Windows\\\\\\\\System32\\\\\\\\whoami.exe\",\"fileVersion\":\"10.0.26100.1882 (WinBuild.160101.0800)\",\"description\":\"whoami - displays logged on user information\",\"product\":\"Microsoft® Windows® Operating System\",\"company\":\"Microsoft Corporation\",\"originalFileName\":\"whoami.exe\",\"commandLine\":\"\\\\\\\"C:\\\\\\\\WINDOWS\\\\\\\\system32\\\\\\\\whoami.exe\\\\\\\"\",\"currentDirectory\":\"C:\\\\\\\\Users\\\\\\\\Darragh Casey\\\\\\\\Desktop\\\\\\\\T1059.003\\\\\\\\\",\"user\":\"DESKTOP-5OG7C28\\\\\\\\Darragh Casey\",\"logonGuid\":\"{4b2ce92d-826e-6abe-6d8d-0a0000000000}\",\"logonId\":\"0xa8d6d\",\"terminalSessionId\":\"1\",\"integrityLevel\":\"High\",\"hashes\":\"MD5=956692DADC5B2CEB46E9219F7A5BEFFA,SHA256=23240EF9F8B0A9A324110B1C2331DE31DC1B0E08F5359CB707E51A939AF56CD3,IMPHASH=E4464BCD92DF7AC69CCD074CB9C0EFED\",\"parentProcessGuid\":\"{00000000-0000-0000-0000-000000000000}\",\"parentProcessId\":\"4408\"}}}","decoder":{"name":"windows_eventchannel"},"data":{"win":{"system":{"providerName":"Microsoft-Windows-Sysmon","providerGuid":"{5770385f-c22a-43e0-bf4c-06f5698ffbd9}","eventID":"1","version":"5","level":"4","task":"1","opcode":"0","keywords":"0x8000000000000000","systemTime":"2026-10-02T14:52:59.8263458Z","eventRecordID":"15235","processID":"3504","threadID":"4956","channel":"Microsoft-Windows-Sysmon/Operational","computer":"DESKTOP-5OG7C28","severityValue":"INFORMATION","message":"\"Process Create:\r\nRuleName: -\r\nUtcTime: 2026-10-02 14:52:59.820\r\nProcessGuid: {4b2ce92d-c54b-6abf-7104-000000001400}\r\nProcessId: 8576\r\nImage: C:\\Windows\\System32\\whoami.exe\r\nFileVersion: 10.0.26100.1882 (WinBuild.160101.0800)\r\nDescription: whoami - displays logged on user information\r\nProduct: Microsoft® Windows® Operating System\r\nCompany: Microsoft Corporation\r\nOriginalFileName: whoami.exe\r\nCommandLine: \"C:\\WINDOWS\\system32\\whoami.exe\"\r\nCurrentDirectory: C:\\Users\\Darragh Casey\\Desktop\\T1059.003\\\r\nUser: DESKTOP-5OG7C28\\Darragh Casey\r\nLogonGuid: {4b2ce92d-826e-6abe-6d8d-0a0000000000}\r\nLogonId: 0xA8D6D\r\nTerminalSessionId: 1\r\nIntegrityLevel: High\r\nHashes: MD5=956692DADC5B2CEB46E9219F7A5BEFFA,SHA256=23240EF9F8B0A9A324110B1C2331DE31DC1B0E08F5359CB707E51A939AF56CD3,IMPHASH=E4464BCD92DF7AC69CCD074CB9C0EFED\r\nParentProcessGuid: {00000000-0000-0000-0000-000000000000}\r\nParentProcessId: 4408\r\nParentImage: -\r\nParentCommandLine: -\r\nParentUser: -\""},"eventdata":{"utcTime":"2026-10-02 14:52:59.820","processGuid":"{4b2ce92d-c54b-6abf-7104-000000001400}","processId":"8576","image":"C:\\\\Windows\\\\System32\\\\whoami.exe","fileVersion":"10.0.26100.1882 (WinBuild.160101.0800)","description":"whoami - displays logged on user information","product":"Microsoft® Windows® Operating System","company":"Microsoft Corporation","originalFileName":"whoami.exe","commandLine":"\\\"C:\\\\WINDOWS\\\\system32\\\\whoami.exe\\\"","currentDirectory":"C:\\\\Users\\\\Darragh Casey\\\\Desktop\\\\T1059.003\\\\","user":"DESKTOP-5OG7C28\\\\Darragh Casey","logonGuid":"{4b2ce92d-826e-6abe-6d8d-0a0000000000}","logonId":"0xa8d6d","terminalSessionId":"1","integrityLevel":"High","hashes":"MD5=956692DADC5B2CEB46E9219F7A5BEFFA,SHA256=23240EF9F8B0A9A324110B1C2331DE31DC1B0E08F5359CB707E51A939AF56CD3,IMPHASH=E4464BCD92DF7AC69CCD074CB9C0EFED","parentProcessGuid":"{00000000-0000-0000-0000-000000000000}","parentProcessId":"4408"}}},"location":"EventChannel"}
{"timestamp":"2026-10-02T16:53:00.773+0200","rule":{"level":15,"description":"Executable file dropped in folder commonly used by malware","id":"92213","mitre":{"id":["T1105"],"tactic":["Command and Control"],"technique":["Ingress Tool Transfer"]},"firedtimes":11,"mail":true,"groups":["sysmon","sysmon_eid11_detections","windows"]},"agent":{"id":"001","name":"Windows_VM","ip":"192.168.232.130"},"manager":{"name":"dcasey-virtual-machine"},"id":"1790952780.501683","full_log":"{\"win\":{\"system\":{\"providerName\":\"Microsoft-Windows-Sysmon\",\"providerGuid\":\"{5770385f-c22a-43e0-bf4c-06f5698ffbd9}\",\"eventID\":\"11\",\"version\":\"2\",\"level\":\"4\",\"task\":\"11\",\"opcode\":\"0\",\"keywords\":\"0x8000000000000000\",\"systemTime\":\"2026-10-02T14:53:00.1899598Z\",\"eventRecordID\":\"15237\",\"processID\":\"3504\",\"threadID\":\"4956\",\"channel\":\"Microsoft-Windows-Sysmon/Operational\",\"computer\":\"DESKTOP-5OG7C28\",\"severityValue\":\"INFORMATION\",\"message\":\"\\\"File created:\\r\\nRuleName: -\\r\\nUtcTime: 2026-10-02 14:53:00.175\\r\\nProcessGuid: {4b2ce92d-c54c-6abf-7204-000000001400}\\r\\nProcessId: 7164\\r\\nImage: C:\\\\Windows\\\\System32\\\\WindowsPowerShell\\\\v1.0\\\\powershell.exe\\r\\nTargetFilename: C:\\\\Users\\\\Darragh Casey\\\\AppData\\\\Local\\\\Temp\\\\__PSScriptPolicyTest_jarjq0wa.5fg.ps1\\r\\nCreationUtcTime: 2026-10-02 14:53:00.175\\r\\nUser: DESKTOP-5OG7C28\\\\Darragh Casey\\\"\"},\"eventdata\":{\"utcTime\":\"2026-10-02 14:53:00.175\",\"processGuid\":\"{4b2ce92d-c54c-6abf-7204-000000001400}\",\"processId\":\"7164\",\"image\":\"C:\\\\\\\\Windows\\\\\\\\System32\\\\\\\\WindowsPowerShell\\\\\\\\v1.0\\\\\\\\powershell.exe\",\"targetFilename\":\"C:\\\\\\\\Users\\\\\\\\Darragh Casey\\\\\\\\AppData\\\\\\\\Local\\\\\\\\Temp\\\\\\\\__PSScriptPolicyTest_jarjq0wa.5fg.ps1\",\"creationUtcTime\":\"2026-10-02 14:53:00.175\",\"user\":\"DESKTOP-5OG7C28\\\\\\\\Darragh Casey\"}}}","decoder":{"name":"windows_eventchannel"},"data":{"win":{"system":{"providerName":"Microsoft-Windows-Sysmon","providerGuid":"{5770385f-c22a-43e0-bf4c-06f5698ffbd9}","eventID":"11","version":"2","level":"4","task":"11","opcode":"0","keywords":"0x8000000000000000","systemTime":"2026-10-02T14:53:00.1899598Z","eventRecordID":"15237","processID":"3504","threadID":"4956","channel":"Microsoft-Windows-Sysmon/Operational","computer":"DESKTOP-5OG7C28","severityValue":"INFORMATION","message":"\"File created:\r\nRuleName: -\r\nUtcTime: 2026-10-02 14:53:00.175\r\nProcessGuid: {4b2ce92d-c54c-6abf-7204-000000001400}\r\nProcessId: 7164\r\nImage: C:\\Windows\\System32\\WindowsPowerShell\\v1.0\\powershell.exe\r\nTargetFilename: C:\\Users\\Darragh Casey\\AppData\\Local\\Temp\\__PSScriptPolicyTest_jarjq0wa.5fg.ps1\r\nCreationUtcTime: 2026-10-02 14:53:00.175\r\nUser: DESKTOP-5OG7C28\\Darragh Casey\""},"eventdata":{"utcTime":"2026-10-02 14:53:00.175","processGuid":"{4b2ce92d-c54c-6abf-7204-000000001400}","processId":"7164","image":"C:\\\\Windows\\\\System32\\\\WindowsPowerShell\\\\v1.0\\\\powershell.exe","targetFilename":"C:\\\\Users\\\\Darragh Casey\\\\AppData\\\\Local\\\\Temp\\\\__PSScriptPolicyTest_jarjq0wa.5fg.ps1","creationUtcTime":"2026-10-02 14:53:00.175","user":"DESKTOP-5OG7C28\\\\Darragh Casey"}}},"location":"EventChannel"}
{"timestamp":"2026-10-02T16:53:19.959+0200","rule":{"level":3,"description":"Service startup type was changed","id":"61104","info":"This does not appear to be logged on Windows 2000","firedtimes":3,"mail":false,"groups":["windows","windows_system","policy_changed"],"pci_dss":["10.6"],"gdpr":["IV_35.7.d"],"hipaa":["164.312.b"],"nist_800_53":["AU.6"],"tsc":["CC6.1","CC6.8","CC7.2","CC7.3"]},"agent":{"id":"001","name":"Windows_VM","ip":"192.168.232.130"},"manager":{"name":"dcasey-virtual-machine"},"id":"1790952799.504529","full_log":"{\"win\":{\"system\":{\"providerName\":\"Service Control Manager\",\"providerGuid\":\"{555908d1-a6d7-4695-8e1e-26931d2012f4}\",\"eventSourceName\":\"Service Control Manager\",\"eventID\":\"7040\",\"version\":\"0\",\"level\":\"4\",\"task\":\"0\",\"opcode\":\"0\",\"keywords\":\"0x8080000000000000\",\"systemTime\":\"2026-10-02T14:53:18.9945272Z\",\"eventRecordID\":\"3019\",\"processID\":\"812\",\"threadID\":\"9712\",\"channel\":\"System\",\"computer\":\"DESKTOP-5OG7C28\",\"severityValue\":\"INFORMATION\",\"message\":\"\\\"The start type of the Background Intelligent Transfer Service service was changed from auto start to demand start.\\\"\"},\"eventdata\":{\"param1\":\"Background Intelligent Transfer Service\",\"param2\":\"auto start\",\"param3\":\"demand start\",\"param4\":\"BITS\"}}}","decoder":{"name":"windows_eventchannel"},"data":{"win":{"system":{"providerName":"Service Control Manager","providerGuid":"{555908d1-a6d7-4695-8e1e-26931d2012f4}","eventSourceName":"Service Control Manager","eventID":"7040","version":"0","level":"4","task":"0","opcode":"0","keywords":"0x8080000000000000","systemTime":"2026-10-02T14:53:18.9945272Z","eventRecordID":"3019","processID":"812","threadID":"9712","channel":"System","computer":"DESKTOP-5OG7C28","severityValue":"INFORMATION","message":"\"The start type of the Background Intelligent Transfer Service service was changed from auto start to demand start.\""},"eventdata":{"param1":"Background Intelligent Transfer Service","param2":"auto start","param3":"demand start","param4":"BITS"}}},"location":"EventChannel"}
{"timestamp":"2026-10-02T16:55:02.287+0200","agent":{"id":"001","name":"Windows_VM","ip":"192.168.232.130"},"manager":{"name":"dcasey-virtual-machine"},"id":"1790952902.504529","full_log":"{\"win\":{\"system\":{\"providerName\":\"Microsoft-Windows-Sysmon\",\"providerGuid\":\"{5770385f-c22a-43e0-bf4c-06f5698ffbd9}\",\"eventID\":\"1\",\"version\":\"5\",\"level\":\"4\",\"task\":\"1\",\"opcode\":\"0\",\"keywords\":\"0x8000000000000000\",\"systemTime\":\"2026-10-02T14:55:01.3385408Z\",\"eventRecordID\":\"15238\",\"processID\":\"3504\",\"threadID\":\"4956\",\"channel\":\"Microsoft-Windows-Sysmon/Operational\",\"computer\":\"DESKTOP-5OG7C28\",\"severityValue\":\"INFORMATION\",\"message\":\"\\\"Process Create:\\r\\nRuleName: -\\r\\nUtcTime: 2026-10-02 14:55:01.333\\r\\nProcessGuid: {4b2ce92d-c5c5-6abf-7404-000000001400}\\r\\nProcessId: 11100\\r\\nImage: C:\\\\Windows\\\\System32\\\\taskhostw.exe\\r\\nFileVersion: 10.0.26100.8328 (WinBuild.160101.0800)\\r\\nDescription: Host Process for Windows Tasks\\r\\nProduct: Microsoft® Windows® Operating System\\r\\nCompany: Microsoft Corporation\\r\\nOriginalFileName: taskhostw.exe\\r\\nCommandLine: taskhostw.exe CreativeId:18=128000000001615609;CourtesyOverrideRuleName:4=none;\\r\\nCurrentDirectory: C:\\\\WINDOWS\\\\system32\\\\\\r\\nUser: DESKTOP-5OG7C28\\\\Darragh Casey\\r\\nLogonGuid: {4b2ce92d-826e-6abe-a98d-0a0000000000}\\r\\nLogonId: 0xA8DA9\\r\\nTerminalSessionId: 1\\r\\nIntegrityLevel: Medium\\r\\nHashes: MD5=9E9370331B9D14ABBA21091FFFCD1D1E,SHA256=EA8D441DF237FB3D3B7A27A95FDE186E19C94D58A618F5C29ED5FC13CB155E96,IMPHASH=2196268E7A2880E3ADC74481297D0C4B\\r\\nParentProcessGuid: {4b2ce92d-824e-6abe-2c00-000000001400}\\r\\nParentProcessId: 1268\\r\\nParentImage: C:\\\\Windows\\\\System32\\\\svchost.exe\\r\\nParentCommandLine: C:\\\\WINDOWS\\\\system32\\\\svchost.exe -k netsvcs -p -s Schedule\\r\\nParentUser: NT AUTHORITY\\\\SYSTEM\\\"\"},\"eventdata\":{\"utcTime\":\"2026-10-02 14:55:01.333\",\"processGuid\":\"{4b2ce92d-c5c5-6abf-7404-000000001400}\",\"processId\":\"11100\",\"image\":\"C:\\\\\\\\Windows\\\\\\\\System32\\\\\\\\taskhostw.exe\",\"fileVersion\":\"10.0.26100.8328 (WinBuild.160101.0800)\",\"description\":\"Host Process for Windows Tasks\",\"product\":\"Microsoft® Windows® Operating System\",\"company\":\"Microsoft Corporation\",\"originalFileName\":\"taskhostw.exe\",\"commandLine\":\"taskhostw.exe CreativeId:18=128000000001615609;CourtesyOverrideRuleName:4=none;\",\"currentDirectory\":\"C:\\\\\\\\WINDOWS\\\\\\\\system32\\\\\\\\\",\"user\":\"DESKTOP-5OG7C28\\\\\\\\Darragh Casey\",\"logonGuid\":\"{4b2ce92d-826e-6abe-a98d-0a0000000000}\",\"logonId\":\"0xa8da9\",\"terminalSessionId\":\"1\",\"integrityLevel\":\"Medium\",\"hashes\":\"MD5=9E9370331B9D14ABBA21091FFFCD1D1E,SHA256=EA8D441DF237FB3D3B7A27A95FDE186E19C94D58A618F5C29ED5FC13CB155E96,IMPHASH=2196268E7A2880E3ADC74481297D0C4B\",\"parentProcessGuid\":\"{4b2ce92d-824e-6abe-2c00-000000001400}\",\"parentProcessId\":\"1268\",\"parentImage\":\"C:\\\\\\\\Windows\\\\\\\\System32\\\\\\\\svchost.exe\",\"parentCommandLine\":\"C:\\\\\\\\WINDOWS\\\\\\\\system32\\\\\\\\svchost.exe -k netsvcs -p -s Schedule\",\"parentUser\":\"NT AUTHORITY\\\\\\\\SYSTEM\"}}}","decoder":{"name":"windows_eventchannel"},"data":{"win":{"system":{"providerName":"Microsoft-Windows-Sysmon","providerGuid":"{5770385f-c22a-43e0-bf4c-06f5698ffbd9}","eventID":"1","version":"5","level":"4","task":"1","opcode":"0","keywords":"0x8000000000000000","systemTime":"2026-10-02T14:55:01.3385408Z","eventRecordID":"15238","processID":"3504","threadID":"4956","channel":"Microsoft-Windows-Sysmon/Operational","computer":"DESKTOP-5OG7C28","severityValue":"INFORMATION","message":"\"Process Create:\r\nRuleName: -\r\nUtcTime: 2026-10-02 14:55:01.333\r\nProcessGuid: {4b2ce92d-c5c5-6abf-7404-000000001400}\r\nProcessId: 11100\r\nImage: C:\\Windows\\System32\\taskhostw.exe\r\nFileVersion: 10.0.26100.8328 (WinBuild.160101.0800)\r\nDescription: Host Process for Windows Tasks\r\nProduct: Microsoft® Windows® Operating System\r\nCompany: Microsoft Corporation\r\nOriginalFileName: taskhostw.exe\r\nCommandLine: taskhostw.exe CreativeId:18=128000000001615609;CourtesyOverrideRuleName:4=none;\r\nCurrentDirectory: C:\\WINDOWS\\system32\\\r\nUser: DESKTOP-5OG7C28\\Darragh Casey\r\nLogonGuid: {4b2ce92d-826e-6abe-a98d-0a0000000000}\r\nLogonId: 0xA8DA9\r\nTerminalSessionId: 1\r\nIntegrityLevel: Medium\r\nHashes: MD5=9E9370331B9D14ABBA21091FFFCD1D1E,SHA256=EA8D441DF237FB3D3B7A27A95FDE186E19C94D58A618F5C29ED5FC13CB155E96,IMPHASH=2196268E7A2880E3ADC74481297D0C4B\r\nParentProcessGuid: {4b2ce92d-824e-6abe-2c00-000000001400}\r\nParentProcessId: 1268\r\nParentImage: C:\\Windows\\System32\\svchost.exe\r\nParentCommandLine: C:\\WINDOWS\\system32\\svchost.exe -k netsvcs -p -s Schedule\r\nParentUser: NT AUTHORITY\\SYSTEM\""},"eventdata":{"utcTime":"2026-10-02 14:55:01.333","processGuid":"{4b2ce92d-c5c5-6abf-7404-000000001400}","processId":"11100","image":"C:\\\\Windows\\\\System32\\\\taskhostw.exe","fileVersion":"10.0.26100.8328 (WinBuild.160101.0800)","description":"Host Process for Windows Tasks","product":"Microsoft® Windows® Operating System","company":"Microsoft Corporation","originalFileName":"taskhostw.exe","commandLine":"taskhostw.exe CreativeId:18=128000000001615609;CourtesyOverrideRuleName:4=none;","currentDirectory":"C:\\\\WINDOWS\\\\system32\\\\","user":"DESKTOP-5OG7C28\\\\Darragh Casey","logonGuid":"{4b2ce92d-826e-6abe-a98d-0a0000000000}","logonId":"0xa8da9","terminalSessionId":"1","integrityLevel":"Medium","hashes":"MD5=9E9370331B9D14ABBA21091FFFCD1D1E,SHA256=EA8D441DF237FB3D3B7A27A95FDE186E19C94D58A618F5C29ED5FC13CB155E96,IMPHASH=2196268E7A2880E3ADC74481297D0C4B","parentProcessGuid":"{4b2ce92d-824e-6abe-2c00-000000001400}","parentProcessId":"1268","parentImage":"C:\\\\Windows\\\\System32\\\\svchost.exe","parentCommandLine":"C:\\\\WINDOWS\\\\system32\\\\svchost.exe -k netsvcs -p -s Schedule","parentUser":"NT AUTHORITY\\\\SYSTEM"}}},"location":"EventChannel"}
{"timestamp":"2026-10-02T16:55:02.329+0200","agent":{"id":"001","name":"Windows_VM","ip":"192.168.232.130"},"manager":{"name":"dcasey-virtual-machine"},"id":"1790952902.504529","full_log":"{\"win\":{\"system\":{\"providerName\":\"Microsoft-Windows-Sysmon\",\"providerGuid\":\"{5770385f-c22a-43e0-bf4c-06f5698ffbd9}\",\"eventID\":\"1\",\"version\":\"5\",\"level\":\"4\",\"task\":\"1\",\"opcode\":\"0\",\"keywords\":\"0x8000000000000000\",\"systemTime\":\"2026-10-02T14:55:01.3959329Z\",\"eventRecordID\":\"15239\",\"processID\":\"3504\",\"threadID\":\"4956\",\"channel\":\"Microsoft-Windows-Sysmon/Operational\",\"computer\":\"DESKTOP-5OG7C28\",\"severityValue\":\"INFORMATION\",\"message\":\"\\\"Process Create:\\r\\nRuleName: -\\r\\nUtcTime: 2026-10-02 14:55:01.392\\r\\nProcessGuid: {4b2ce92d-c5c5-6abf-7504-000000001400}\\r\\nProcessId: 1768\\r\\nImage: C:\\\\Windows\\\\SystemApps\\\\MicrosoftWindows.Client.CBS_cw5n1h2txyewy\\\\SoftLandingTask\\\\SoftLandingTask.exe\\r\\nFileVersion: 2607.28001.0.0\\r\\nDescription: -\\r\\nProduct: Microsoft® Windows® Operating System\\r\\nCompany: Microsoft Corporation\\r\\nOriginalFileName: SoftLandingTask.exe\\r\\nCommandLine: \\\"C:\\\\WINDOWS\\\\SystemApps\\\\MicrosoftWindows.Client.CBS_cw5n1h2txyewy\\\\SoftLandingTask\\\\SoftLandingTask.exe\\\" -Embedding\\r\\nCurrentDirectory: C:\\\\WINDOWS\\\\system32\\\\\\r\\nUser: DESKTOP-5OG7C28\\\\Darragh Casey\\r\\nLogonGuid: {4b2ce92d-826e-6abe-a98d-0a0000000000}\\r\\nLogonId: 0xA8DA9\\r\\nTerminalSessionId: 1\\r\\nIntegrityLevel: Medium\\r\\nHashes: MD5=235D97F0DF60D31200718D19C8AC476E,SHA256=92205264CEDDAA7F2120049EB0B34B4FB732FCE80BBE93016CCE3C0422135931,IMPHASH=41FAA649D6771CE7D2A185A37249990B\\r\\nParentProcessGuid: {00000000-0000-0000-0000-000000000000}\\r\\nParentProcessId: 952\\r\\nParentImage: -\\r\\nParentCommandLine: -\\r\\nParentUser: -\\\"\"},\"eventdata\":{\"utcTime\":\"2026-10-02 14:55:01.392\",\"processGuid\":\"{4b2ce92d-c5c5-6abf-7504-000000001400}\",\"processId\":\"1768\",\"image\":\"C:\\\\\\\\Windows\\\\\\\\SystemApps\\\\\\\\MicrosoftWindows.Client.CBS_cw5n1h2txyewy\\\\\\\\SoftLandingTask\\\\\\\\SoftLandingTask.exe\",\"fileVersion\":\"2607.28001.0.0\",\"product\":\"Microsoft® Windows® Operating System\",\"company\":\"Microsoft Corporation\",\"originalFileName\":\"SoftLandingTask.exe\",\"commandLine\":\"\\\\\\\"C:\\\\\\\\WINDOWS\\\\\\\\SystemApps\\\\\\\\MicrosoftWindows.Client.CBS_cw5n1h2txyewy\\\\\\\\SoftLandingTask\\\\\\\\SoftLandingTask.exe\\\\\\\" -Embedding\",\"currentDirectory\":\"C:\\\\\\\\WINDOWS\\\\\\\\system32\\\\\\\\\",\"user\":\"DESKTOP-5OG7C28\\\\\\\\Darragh Casey\",\"logonGuid\":\"{4b2ce92d-826e-6abe-a98d-0a0000000000}\",\"logonId\":\"0xa8da9\",\"terminalSessionId\":\"1\",\"integrityLevel\":\"Medium\",\"hashes\":\"MD5=235D97F0DF60D31200718D19C8AC476E,SHA256=92205264CEDDAA7F2120049EB0B34B4FB732FCE80BBE93016CCE3C0422135931,IMPHASH=41FAA649D6771CE7D2A185A37249990B\",\"parentProcessGuid\":\"{00000000-0000-0000-0000-000000000000}\",\"parentProcessId\":\"952\"}}}","decoder":{"name":"windows_eventchannel"},"data":{"win":{"system":{"providerName":"Microsoft-Windows-Sysmon","providerGuid":"{5770385f-c22a-43e0-bf4c-06f5698ffbd9}","eventID":"1","version":"5","level":"4","task":"1","opcode":"0","keywords":"0x8000000000000000","systemTime":"2026-10-02T14:55:01.3959329Z","eventRecordID":"15239","processID":"3504","threadID":"4956","channel":"Microsoft-Windows-Sysmon/Operational","computer":"DESKTOP-5OG7C28","severityValue":"INFORMATION","message":"\"Process Create:\r\nRuleName: -\r\nUtcTime: 2026-10-02 14:55:01.392\r\nProcessGuid: {4b2ce92d-c5c5-6abf-7504-000000001400}\r\nProcessId: 1768\r\nImage: C:\\Windows\\SystemApps\\MicrosoftWindows.Client.CBS_cw5n1h2txyewy\\SoftLandingTask\\SoftLandingTask.exe\r\nFileVersion: 2607.28001.0.0\r\nDescription: -\r\nProduct: Microsoft® Windows® Operating System\r\nCompany: Microsoft Corporation\r\nOriginalFileName: SoftLandingTask.exe\r\nCommandLine: \"C:\\WINDOWS\\SystemApps\\MicrosoftWindows.Client.CBS_cw5n1h2txyewy\\SoftLandingTask\\SoftLandingTask.exe\" -Embedding\r\nCurrentDirectory: C:\\WINDOWS\\system32\\\r\nUser: DESKTOP-5OG7C28\\Darragh Casey\r\nLogonGuid: {4b2ce92d-826e-6abe-a98d-0a0000000000}\r\nLogonId: 0xA8DA9\r\nTerminalSessionId: 1\r\nIntegrityLevel: Medium\r\nHashes: MD5=235D97F0DF60D31200718D19C8AC476E,SHA256=92205264CEDDAA7F2120049EB0B34B4FB732FCE80BBE93016CCE3C0422135931,IMPHASH=41FAA649D6771CE7D2A185A37249990B\r\nParentProcessGuid: {00000000-0000-0000-0000-000000000000}\r\nParentProcessId: 952\r\nParentImage: -\r\nParentCommandLine: -\r\nParentUser: -\""},"eventdata":{"utcTime":"2026-10-02 14:55:01.392","processGuid":"{4b2ce92d-c5c5-6abf-7504-000000001400}","processId":"1768","image":"C:\\\\Windows\\\\SystemApps\\\\MicrosoftWindows.Client.CBS_cw5n1h2txyewy\\\\SoftLandingTask\\\\SoftLandingTask.exe","fileVersion":"2607.28001.0.0","product":"Microsoft® Windows® Operating System","company":"Microsoft Corporation","originalFileName":"SoftLandingTask.exe","commandLine":"\\\"C:\\\\WINDOWS\\\\SystemApps\\\\MicrosoftWindows.Client.CBS_cw5n1h2txyewy\\\\SoftLandingTask\\\\SoftLandingTask.exe\\\" -Embedding","currentDirectory":"C:\\\\WINDOWS\\\\system32\\\\","user":"DESKTOP-5OG7C28\\\\Darragh Casey","logonGuid":"{4b2ce92d-826e-6abe-a98d-0a0000000000}","logonId":"0xa8da9","terminalSessionId":"1","integrityLevel":"Medium","hashes":"MD5=235D97F0DF60D31200718D19C8AC476E,SHA256=92205264CEDDAA7F2120049EB0B34B4FB732FCE80BBE93016CCE3C0422135931,IMPHASH=41FAA649D6771CE7D2A185A37249990B","parentProcessGuid":"{00000000-0000-0000-0000-000000000000}","parentProcessId":"952"}}},"location":"EventChannel"}
{"timestamp":"2026-10-02T16:55:26.913+0200","agent":{"id":"001","name":"Windows_VM","ip":"192.168.232.130"},"manager":{"name":"dcasey-virtual-machine"},"id":"1790952926.504529","full_log":"{\"win\":{\"system\":{\"providerName\":\"Microsoft-Windows-Sysmon\",\"providerGuid\":\"{5770385f-c22a-43e0-bf4c-06f5698ffbd9}\",\"eventID\":\"1\",\"version\":\"5\",\"level\":\"4\",\"task\":\"1\",\"opcode\":\"0\",\"keywords\":\"0x8000000000000000\",\"systemTime\":\"2026-10-02T14:55:25.9483058Z\",\"eventRecordID\":\"15240\",\"processID\":\"3504\",\"threadID\":\"4956\",\"channel\":\"Microsoft-Windows-Sysmon/Operational\",\"computer\":\"DESKTOP-5OG7C28\",\"severityValue\":\"INFORMATION\",\"message\":\"\\\"Process Create:\\r\\nRuleName: -\\r\\nUtcTime: 2026-10-02 14:55:25.945\\r\\nProcessGuid: {4b2ce92d-c5dd-6abf-7604-000000001400}\\r\\nProcessId: 10356\\r\\nImage: C:\\\\Windows\\\\System32\\\\HOSTNAME.EXE\\r\\nFileVersion: 10.0.26100.9278 (WinBuild.160101.0800)\\r\\nDescription: Hostname APP\\r\\nProduct: Microsoft® Windows® Operating System\\r\\nCompany: Microsoft Corporation\\r\\nOriginalFileName: hostname.exe\\r\\nCommandLine: \\\"C:\\\\WINDOWS\\\\system32\\\\HOSTNAME.EXE\\\"\\r\\nCurrentDirectory: C:\\\\Users\\\\Darragh Casey\\\\Desktop\\\\T1059.003\\\\\\r\\nUser: DESKTOP-5OG7C28\\\\Darragh Casey\\r\\nLogonGuid: {4b2ce92d-826e-6abe-6d8d-0a0000000000}\\r\\nLogonId: 0xA8D6D\\r\\nTerminalSessionId: 1\\r\\nIntegrityLevel: High\\r\\nHashes: MD5=C405D49FB634C366EF63246D2319AF49,SHA256=22EC2260B5C32177F7D14A33975E1005988BBA0DF3427CC8B47CEC671D3F2A1F,IMPHASH=8CB84C534505B1E47EF25FA2CD9A16BB\\r\\nParentProcessGuid: {00000000-0000-0000-0000-000000000000}\\r\\nParentProcessId: 4408\\r\\nParentImage: -\\r\\nParentCommandLine: -\\r\\nParentUser: -\\\"\"},\"eventdata\":{\"utcTime\":\"2026-10-02 14:55:25.945\",\"processGuid\":\"{4b2ce92d-c5dd-6abf-7604-000000001400}\",\"processId\":\"10356\",\"image\":\"C:\\\\\\\\Windows\\\\\\\\System32\\\\\\\\HOSTNAME.EXE\",\"fileVersion\":\"10.0.26100.9278 (WinBuild.160101.0800)\",\"description\":\"Hostname APP\",\"product\":\"Microsoft® Windows® Operating System\",\"company\":\"Microsoft Corporation\",\"originalFileName\":\"hostname.exe\",\"commandLine\":\"\\\\\\\"C:\\\\\\\\WINDOWS\\\\\\\\system32\\\\\\\\HOSTNAME.EXE\\\\\\\"\",\"currentDirectory\":\"C:\\\\\\\\Users\\\\\\\\Darragh Casey\\\\\\\\Desktop\\\\\\\\T1059.003\\\\\\\\\",\"user\":\"DESKTOP-5OG7C28\\\\\\\\Darragh Casey\",\"logonGuid\":\"{4b2ce92d-826e-6abe-6d8d-0a0000000000}\",\"logonId\":\"0xa8d6d\",\"terminalSessionId\":\"1\",\"integrityLevel\":\"High\",\"hashes\":\"MD5=C405D49FB634C366EF63246D2319AF49,SHA256=22EC2260B5C32177F7D14A33975E1005988BBA0DF3427CC8B47CEC671D3F2A1F,IMPHASH=8CB84C534505B1E47EF25FA2CD9A16BB\",\"parentProcessGuid\":\"{00000000-0000-0000-0000-000000000000}\",\"parentProcessId\":\"4408\"}}}","decoder":{"name":"windows_eventchannel"},"data":{"win":{"system":{"providerName":"Microsoft-Windows-Sysmon","providerGuid":"{5770385f-c22a-43e0-bf4c-06f5698ffbd9}","eventID":"1","version":"5","level":"4","task":"1","opcode":"0","keywords":"0x8000000000000000","systemTime":"2026-10-02T14:55:25.9483058Z","eventRecordID":"15240","processID":"3504","threadID":"4956","channel":"Microsoft-Windows-Sysmon/Operational","computer":"DESKTOP-5OG7C28","severityValue":"INFORMATION","message":"\"Process Create:\r\nRuleName: -\r\nUtcTime: 2026-10-02 14:55:25.945\r\nProcessGuid: {4b2ce92d-c5dd-6abf-7604-000000001400}\r\nProcessId: 10356\r\nImage: C:\\Windows\\System32\\HOSTNAME.EXE\r\nFileVersion: 10.0.26100.9278 (WinBuild.160101.0800)\r\nDescription: Hostname APP\r\nProduct: Microsoft® Windows® Operating System\r\nCompany: Microsoft Corporation\r\nOriginalFileName: hostname.exe\r\nCommandLine: \"C:\\WINDOWS\\system32\\HOSTNAME.EXE\"\r\nCurrentDirectory: C:\\Users\\Darragh Casey\\Desktop\\T1059.003\\\r\nUser: DESKTOP-5OG7C28\\Darragh Casey\r\nLogonGuid: {4b2ce92d-826e-6abe-6d8d-0a0000000000}\r\nLogonId: 0xA8D6D\r\nTerminalSessionId: 1\r\nIntegrityLevel: High\r\nHashes: MD5=C405D49FB634C366EF63246D2319AF49,SHA256=22EC2260B5C32177F7D14A33975E1005988BBA0DF3427CC8B47CEC671D3F2A1F,IMPHASH=8CB84C534505B1E47EF25FA2CD9A16BB\r\nParentProcessGuid: {00000000-0000-0000-0000-000000000000}\r\nParentProcessId: 4408\r\nParentImage: -\r\nParentCommandLine: -\r\nParentUser: -\""},"eventdata":{"utcTime":"2026-10-02 14:55:25.945","processGuid":"{4b2ce92d-c5dd-6abf-7604-000000001400}","processId":"10356","image":"C:\\\\Windows\\\\System32\\\\HOSTNAME.EXE","fileVersion":"10.0.26100.9278 (WinBuild.160101.0800)","description":"Hostname APP","product":"Microsoft® Windows® Operating System","company":"Microsoft Corporation","originalFileName":"hostname.exe","commandLine":"\\\"C:\\\\WINDOWS\\\\system32\\\\HOSTNAME.EXE\\\"","currentDirectory":"C:\\\\Users\\\\Darragh Casey\\\\Desktop\\\\T1059.003\\\\","user":"DESKTOP-5OG7C28\\\\Darragh Casey","logonGuid":"{4b2ce92d-826e-6abe-6d8d-0a0000000000}","logonId":"0xa8d6d","terminalSessionId":"1","integrityLevel":"High","hashes":"MD5=C405D49FB634C366EF63246D2319AF49,SHA256=22EC2260B5C32177F7D14A33975E1005988BBA0DF3427CC8B47CEC671D3F2A1F,IMPHASH=8CB84C534505B1E47EF25FA2CD9A16BB","parentProcessGuid":"{00000000-0000-0000-0000-000000000000}","parentProcessId":"4408"}}},"location":"EventChannel"}
{"timestamp":"2026-10-02T16:55:26.944+0200","agent":{"id":"001","name":"Windows_VM","ip":"192.168.232.130"},"manager":{"name":"dcasey-virtual-machine"},"id":"1790952926.504529","full_log":"{\"win\":{\"system\":{\"providerName\":\"Microsoft-Windows-Sysmon\",\"providerGuid\":\"{5770385f-c22a-43e0-bf4c-06f5698ffbd9}\",\"eventID\":\"1\",\"version\":\"5\",\"level\":\"4\",\"task\":\"1\",\"opcode\":\"0\",\"keywords\":\"0x8000000000000000\",\"systemTime\":\"2026-10-02T14:55:25.9958107Z\",\"eventRecordID\":\"15241\",\"processID\":\"3504\",\"threadID\":\"4956\",\"channel\":\"Microsoft-Windows-Sysmon/Operational\",\"computer\":\"DESKTOP-5OG7C28\",\"severityValue\":\"INFORMATION\",\"message\":\"\\\"Process Create:\\r\\nRuleName: -\\r\\nUtcTime: 2026-10-02 14:55:25.993\\r\\nProcessGuid: {4b2ce92d-c5dd-6abf-7704-000000001400}\\r\\nProcessId: 10696\\r\\nImage: C:\\\\Windows\\\\System32\\\\HOSTNAME.EXE\\r\\nFileVersion: 10.0.26100.9278 (WinBuild.160101.0800)\\r\\nDescription: Hostname APP\\r\\nProduct: Microsoft® Windows® Operating System\\r\\nCompany: Microsoft Corporation\\r\\nOriginalFileName: hostname.exe\\r\\nCommandLine: \\\"C:\\\\WINDOWS\\\\system32\\\\HOSTNAME.EXE\\\"\\r\\nCurrentDirectory: C:\\\\Users\\\\Darragh Casey\\\\Desktop\\\\T1059.003\\\\\\r\\nUser: DESKTOP-5OG7C28\\\\Darragh Casey\\r\\nLogonGuid: {4b2ce92d-826e-6abe-6d8d-0a0000000000}\\r\\nLogonId: 0xA8D6D\\r\\nTerminalSessionId: 1\\r\\nIntegrityLevel: High\\r\\nHashes: MD5=C405D49FB634C366EF63246D2319AF49,SHA256=22EC2260B5C32177F7D14A33975E1005988BBA0DF3427CC8B47CEC671D3F2A1F,IMPHASH=8CB84C534505B1E47EF25FA2CD9A16BB\\r\\nParentProcessGuid: {00000000-0000-0000-0000-000000000000}\\r\\nParentProcessId: 4408\\r\\nParentImage: -\\r\\nParentCommandLine: -\\r\\nParentUser: -\\\"\"},\"eventdata\":{\"utcTime\":\"2026-10-02 14:55:25.993\",\"processGuid\":\"{4b2ce92d-c5dd-6abf-7704-000000001400}\",\"processId\":\"10696\",\"image\":\"C:\\\\\\\\Windows\\\\\\\\System32\\\\\\\\HOSTNAME.EXE\",\"fileVersion\":\"10.0.26100.9278 (WinBuild.160101.0800)\",\"description\":\"Hostname APP\",\"product\":\"Microsoft® Windows® Operating System\",\"company\":\"Microsoft Corporation\",\"originalFileName\":\"hostname.exe\",\"commandLine\":\"\\\\\\\"C:\\\\\\\\WINDOWS\\\\\\\\system32\\\\\\\\HOSTNAME.EXE\\\\\\\"\",\"currentDirectory\":\"C:\\\\\\\\Users\\\\\\\\Darragh Casey\\\\\\\\Desktop\\\\\\\\T1059.003\\\\\\\\\",\"user\":\"DESKTOP-5OG7C28\\\\\\\\Darragh Casey\",\"logonGuid\":\"{4b2ce92d-826e-6abe-6d8d-0a0000000000}\",\"logonId\":\"0xa8d6d\",\"terminalSessionId\":\"1\",\"integrityLevel\":\"High\",\"hashes\":\"MD5=C405D49FB634C366EF63246D2319AF49,SHA256=22EC2260B5C32177F7D14A33975E1005988BBA0DF3427CC8B47CEC671D3F2A1F,IMPHASH=8CB84C534505B1E47EF25FA2CD9A16BB\",\"parentProcessGuid\":\"{00000000-0000-0000-0000-000000000000}\",\"parentProcessId\":\"4408\"}}}","decoder":{"name":"windows_eventchannel"},"data":{"win":{"system":{"providerName":"Microsoft-Windows-Sysmon","providerGuid":"{5770385f-c22a-43e0-bf4c-06f5698ffbd9}","eventID":"1","version":"5","level":"4","task":"1","opcode":"0","keywords":"0x8000000000000000","systemTime":"2026-10-02T14:55:25.9958107Z","eventRecordID":"15241","processID":"3504","threadID":"4956","channel":"Microsoft-Windows-Sysmon/Operational","computer":"DESKTOP-5OG7C28","severityValue":"INFORMATION","message":"\"Process Create:\r\nRuleName: -\r\nUtcTime: 2026-10-02 14:55:25.993\r\nProcessGuid: {4b2ce92d-c5dd-6abf-7704-000000001400}\r\nProcessId: 10696\r\nImage: C:\\Windows\\System32\\HOSTNAME.EXE\r\nFileVersion: 10.0.26100.9278 (WinBuild.160101.0800)\r\nDescription: Hostname APP\r\nProduct: Microsoft® Windows® Operating System\r\nCompany: Microsoft Corporation\r\nOriginalFileName: hostname.exe\r\nCommandLine: \"C:\\WINDOWS\\system32\\HOSTNAME.EXE\"\r\nCurrentDirectory: C:\\Users\\Darragh Casey\\Desktop\\T1059.003\\\r\nUser: DESKTOP-5OG7C28\\Darragh Casey\r\nLogonGuid: {4b2ce92d-826e-6abe-6d8d-0a0000000000}\r\nLogonId: 0xA8D6D\r\nTerminalSessionId: 1\r\nIntegrityLevel: High\r\nHashes: MD5=C405D49FB634C366EF63246D2319AF49,SHA256=22EC2260B5C32177F7D14A33975E1005988BBA0DF3427CC8B47CEC671D3F2A1F,IMPHASH=8CB84C534505B1E47EF25FA2CD9A16BB\r\nParentProcessGuid: {00000000-0000-0000-0000-000000000000}\r\nParentProcessId: 4408\r\nParentImage: -\r\nParentCommandLine: -\r\nParentUser: -\""},"eventdata":{"utcTime":"2026-10-02 14:55:25.993","processGuid":"{4b2ce92d-c5dd-6abf-7704-000000001400}","processId":"10696","image":"C:\\\\Windows\\\\System32\\\\HOSTNAME.EXE","fileVersion":"10.0.26100.9278 (WinBuild.160101.0800)","description":"Hostname APP","product":"Microsoft® Windows® Operating System","company":"Microsoft Corporation","originalFileName":"hostname.exe","commandLine":"\\\"C:\\\\WINDOWS\\\\system32\\\\HOSTNAME.EXE\\\"","currentDirectory":"C:\\\\Users\\\\Darragh Casey\\\\Desktop\\\\T1059.003\\\\","user":"DESKTOP-5OG7C28\\\\Darragh Casey","logonGuid":"{4b2ce92d-826e-6abe-6d8d-0a0000000000}","logonId":"0xa8d6d","terminalSessionId":"1","integrityLevel":"High","hashes":"MD5=C405D49FB634C366EF63246D2319AF49,SHA256=22EC2260B5C32177F7D14A33975E1005988BBA0DF3427CC8B47CEC671D3F2A1F,IMPHASH=8CB84C534505B1E47EF25FA2CD9A16BB","parentProcessGuid":"{00000000-0000-0000-0000-000000000000}","parentProcessId":"4408"}}},"location":"EventChannel"}
{"timestamp":"2026-10-02T16:55:26.944+0200","agent":{"id":"001","name":"Windows_VM","ip":"192.168.232.130"},"manager":{"name":"dcasey-virtual-machine"},"id":"1790952926.504529","full_log":"{\"win\":{\"system\":{\"providerName\":\"Microsoft-Windows-Sysmon\",\"providerGuid\":\"{5770385f-c22a-43e0-bf4c-06f5698ffbd9}\",\"eventID\":\"1\",\"version\":\"5\",\"level\":\"4\",\"task\":\"1\",\"opcode\":\"0\",\"keywords\":\"0x8000000000000000\",\"systemTime\":\"2026-10-02T14:55:26.0624975Z\",\"eventRecordID\":\"15242\",\"processID\":\"3504\",\"threadID\":\"4956\",\"channel\":\"Microsoft-Windows-Sysmon/Operational\",\"computer\":\"DESKTOP-5OG7C28\",\"severityValue\":\"INFORMATION\",\"message\":\"\\\"Process Create:\\r\\nRuleName: -\\r\\nUtcTime: 2026-10-02 14:55:26.060\\r\\nProcessGuid: {4b2ce92d-c5de-6abf-7804-000000001400}\\r\\nProcessId: 10808\\r\\nImage: C:\\\\Windows\\\\System32\\\\HOSTNAME.EXE\\r\\nFileVersion: 10.0.26100.9278 (WinBuild.160101.0800)\\r\\nDescription: Hostname APP\\r\\nProduct: Microsoft® Windows® Operating System\\r\\nCompany: Microsoft Corporation\\r\\nOriginalFileName: hostname.exe\\r\\nCommandLine: \\\"C:\\\\WINDOWS\\\\system32\\\\HOSTNAME.EXE\\\"\\r\\nCurrentDirectory: C:\\\\Users\\\\Darragh Casey\\\\Desktop\\\\T1059.003\\\\\\r\\nUser: DESKTOP-5OG7C28\\\\Darragh Casey\\r\\nLogonGuid: {4b2ce92d-826e-6abe-6d8d-0a0000000000}\\r\\nLogonId: 0xA8D6D\\r\\nTerminalSessionId: 1\\r\\nIntegrityLevel: High\\r\\nHashes: MD5=C405D49FB634C366EF63246D2319AF49,SHA256=22EC2260B5C32177F7D14A33975E1005988BBA0DF3427CC8B47CEC671D3F2A1F,IMPHASH=8CB84C534505B1E47EF25FA2CD9A16BB\\r\\nParentProcessGuid: {00000000-0000-0000-0000-000000000000}\\r\\nParentProcessId: 4408\\r\\nParentImage: -\\r\\nParentCommandLine: -\\r\\nParentUser: -\\\"\"},\"eventdata\":{\"utcTime\":\"2026-10-02 14:55:26.060\",\"processGuid\":\"{4b2ce92d-c5de-6abf-7804-000000001400}\",\"processId\":\"10808\",\"image\":\"C:\\\\\\\\Windows\\\\\\\\System32\\\\\\\\HOSTNAME.EXE\",\"fileVersion\":\"10.0.26100.9278 (WinBuild.160101.0800)\",\"description\":\"Hostname APP\",\"product\":\"Microsoft® Windows® Operating System\",\"company\":\"Microsoft Corporation\",\"originalFileName\":\"hostname.exe\",\"commandLine\":\"\\\\\\\"C:\\\\\\\\WINDOWS\\\\\\\\system32\\\\\\\\HOSTNAME.EXE\\\\\\\"\",\"currentDirectory\":\"C:\\\\\\\\Users\\\\\\\\Darragh Casey\\\\\\\\Desktop\\\\\\\\T1059.003\\\\\\\\\",\"user\":\"DESKTOP-5OG7C28\\\\\\\\Darragh Casey\",\"logonGuid\":\"{4b2ce92d-826e-6abe-6d8d-0a0000000000}\",\"logonId\":\"0xa8d6d\",\"terminalSessionId\":\"1\",\"integrityLevel\":\"High\",\"hashes\":\"MD5=C405D49FB634C366EF63246D2319AF49,SHA256=22EC2260B5C32177F7D14A33975E1005988BBA0DF3427CC8B47CEC671D3F2A1F,IMPHASH=8CB84C534505B1E47EF25FA2CD9A16BB\",\"parentProcessGuid\":\"{00000000-0000-0000-0000-000000000000}\",\"parentProcessId\":\"4408\"}}}","decoder":{"name":"windows_eventchannel"},"data":{"win":{"system":{"providerName":"Microsoft-Windows-Sysmon","providerGuid":"{5770385f-c22a-43e0-bf4c-06f5698ffbd9}","eventID":"1","version":"5","level":"4","task":"1","opcode":"0","keywords":"0x8000000000000000","systemTime":"2026-10-02T14:55:26.0624975Z","eventRecordID":"15242","processID":"3504","threadID":"4956","channel":"Microsoft-Windows-Sysmon/Operational","computer":"DESKTOP-5OG7C28","severityValue":"INFORMATION","message":"\"Process Create:\r\nRuleName: -\r\nUtcTime: 2026-10-02 14:55:26.060\r\nProcessGuid: {4b2ce92d-c5de-6abf-7804-000000001400}\r\nProcessId: 10808\r\nImage: C:\\Windows\\System32\\HOSTNAME.EXE\r\nFileVersion: 10.0.26100.9278 (WinBuild.160101.0800)\r\nDescription: Hostname APP\r\nProduct: Microsoft® Windows® Operating System\r\nCompany: Microsoft Corporation\r\nOriginalFileName: hostname.exe\r\nCommandLine: \"C:\\WINDOWS\\system32\\HOSTNAME.EXE\"\r\nCurrentDirectory: C:\\Users\\Darragh Casey\\Desktop\\T1059.003\\\r\nUser: DESKTOP-5OG7C28\\Darragh Casey\r\nLogonGuid: {4b2ce92d-826e-6abe-6d8d-0a0000000000}\r\nLogonId: 0xA8D6D\r\nTerminalSessionId: 1\r\nIntegrityLevel: High\r\nHashes: MD5=C405D49FB634C366EF63246D2319AF49,SHA256=22EC2260B5C32177F7D14A33975E1005988BBA0DF3427CC8B47CEC671D3F2A1F,IMPHASH=8CB84C534505B1E47EF25FA2CD9A16BB\r\nParentProcessGuid: {00000000-0000-0000-0000-000000000000}\r\nParentProcessId: 4408\r\nParentImage: -\r\nParentCommandLine: -\r\nParentUser: -\""},"eventdata":{"utcTime":"2026-10-02 14:55:26.060","processGuid":"{4b2ce92d-c5de-6abf-7804-000000001400}","processId":"10808","image":"C:\\\\Windows\\\\System32\\\\HOSTNAME.EXE","fileVersion":"10.0.26100.9278 (WinBuild.160101.0800)","description":"Hostname APP","product":"Microsoft® Windows® Operating System","company":"Microsoft Corporation","originalFileName":"hostname.exe","commandLine":"\\\"C:\\\\WINDOWS\\\\system32\\\\HOSTNAME.EXE\\\"","currentDirectory":"C:\\\\Users\\\\Darragh Casey\\\\Desktop\\\\T1059.003\\\\","user":"DESKTOP-5OG7C28\\\\Darragh Casey","logonGuid":"{4b2ce92d-826e-6abe-6d8d-0a0000000000}","logonId":"0xa8d6d","terminalSessionId":"1","integrityLevel":"High","hashes":"MD5=C405D49FB634C366EF63246D2319AF49,SHA256=22EC2260B5C32177F7D14A33975E1005988BBA0DF3427CC8B47CEC671D3F2A1F,IMPHASH=8CB84C534505B1E47EF25FA2CD9A16BB","parentProcessGuid":"{00000000-0000-0000-0000-000000000000}","parentProcessId":"4408"}}},"location":"EventChannel"}
{"timestamp":"2026-10-02T16:55:26.988+0200","agent":{"id":"001","name":"Windows_VM","ip":"192.168.232.130"},"manager":{"name":"dcasey-virtual-machine"},"id":"1790952926.504529","full_log":"{\"win\":{\"system\":{\"providerName\":\"Microsoft-Windows-Sysmon\",\"providerGuid\":\"{5770385f-c22a-43e0-bf4c-06f5698ffbd9}\",\"eventID\":\"1\",\"version\":\"5\",\"level\":\"4\",\"task\":\"1\",\"opcode\":\"0\",\"keywords\":\"0x8000000000000000\",\"systemTime\":\"2026-10-02T14:55:26.0953477Z\",\"eventRecordID\":\"15243\",\"processID\":\"3504\",\"threadID\":\"4956\",\"channel\":\"Microsoft-Windows-Sysmon/Operational\",\"computer\":\"DESKTOP-5OG7C28\",\"severityValue\":\"INFORMATION\",\"message\":\"\\\"Process Create:\\r\\nRuleName: -\\r\\nUtcTime: 2026-10-02 14:55:26.091\\r\\nProcessGuid: {4b2ce92d-c5de-6abf-7904-000000001400}\\r\\nProcessId: 10384\\r\\nImage: C:\\\\Windows\\\\System32\\\\whoami.exe\\r\\nFileVersion: 10.0.26100.1882 (WinBuild.160101.0800)\\r\\nDescription: whoami - displays logged on user information\\r\\nProduct: Microsoft® Windows® Operating System\\r\\nCompany: Microsoft Corporation\\r\\nOriginalFileName: whoami.exe\\r\\nCommandLine: \\\"C:\\\\WINDOWS\\\\system32\\\\whoami.exe\\\"\\r\\nCurrentDirectory: C:\\\\Users\\\\Darragh Casey\\\\Desktop\\\\T1059.003\\\\\\r\\nUser: DESKTOP-5OG7C28\\\\Darragh Casey\\r\\nLogonGuid: {4b2ce92d-826e-6abe-6d8d-0a0000000000}\\r\\nLogonId: 0xA8D6D\\r\\nTerminalSessionId: 1\\r\\nIntegrityLevel: High\\r\\nHashes: MD5=956692DADC5B2CEB46E9219F7A5BEFFA,SHA256=23240EF9F8B0A9A324110B1C2331DE31DC1B0E08F5359CB707E51A939AF56CD3,IMPHASH=E4464BCD92DF7AC69CCD074CB9C0EFED\\r\\nParentProcessGuid: {00000000-0000-0000-0000-000000000000}\\r\\nParentProcessId: 4408\\r\\nParentImage: -\\r\\nParentCommandLine: -\\r\\nParentUser: -\\\"\"},\"eventdata\":{\"utcTime\":\"2026-10-02 14:55:26.091\",\"processGuid\":\"{4b2ce92d-c5de-6abf-7904-000000001400}\",\"processId\":\"10384\",\"image\":\"C:\\\\\\\\Windows\\\\\\\\System32\\\\\\\\whoami.exe\",\"fileVersion\":\"10.0.26100.1882 (WinBuild.160101.0800)\",\"description\":\"whoami - displays logged on user information\",\"product\":\"Microsoft® Windows® Operating System\",\"company\":\"Microsoft Corporation\",\"originalFileName\":\"whoami.exe\",\"commandLine\":\"\\\\\\\"C:\\\\\\\\WINDOWS\\\\\\\\system32\\\\\\\\whoami.exe\\\\\\\"\",\"currentDirectory\":\"C:\\\\\\\\Users\\\\\\\\Darragh Casey\\\\\\\\Desktop\\\\\\\\T1059.003\\\\\\\\\",\"user\":\"DESKTOP-5OG7C28\\\\\\\\Darragh Casey\",\"logonGuid\":\"{4b2ce92d-826e-6abe-6d8d-0a0000000000}\",\"logonId\":\"0xa8d6d\",\"terminalSessionId\":\"1\",\"integrityLevel\":\"High\",\"hashes\":\"MD5=956692DADC5B2CEB46E9219F7A5BEFFA,SHA256=23240EF9F8B0A9A324110B1C2331DE31DC1B0E08F5359CB707E51A939AF56CD3,IMPHASH=E4464BCD92DF7AC69CCD074CB9C0EFED\",\"parentProcessGuid\":\"{00000000-0000-0000-0000-000000000000}\",\"parentProcessId\":\"4408\"}}}","decoder":{"name":"windows_eventchannel"},"data":{"win":{"system":{"providerName":"Microsoft-Windows-Sysmon","providerGuid":"{5770385f-c22a-43e0-bf4c-06f5698ffbd9}","eventID":"1","version":"5","level":"4","task":"1","opcode":"0","keywords":"0x8000000000000000","systemTime":"2026-10-02T14:55:26.0953477Z","eventRecordID":"15243","processID":"3504","threadID":"4956","channel":"Microsoft-Windows-Sysmon/Operational","computer":"DESKTOP-5OG7C28","severityValue":"INFORMATION","message":"\"Process Create:\r\nRuleName: -\r\nUtcTime: 2026-10-02 14:55:26.091\r\nProcessGuid: {4b2ce92d-c5de-6abf-7904-000000001400}\r\nProcessId: 10384\r\nImage: C:\\Windows\\System32\\whoami.exe\r\nFileVersion: 10.0.26100.1882 (WinBuild.160101.0800)\r\nDescription: whoami - displays logged on user information\r\nProduct: Microsoft® Windows® Operating System\r\nCompany: Microsoft Corporation\r\nOriginalFileName: whoami.exe\r\nCommandLine: \"C:\\WINDOWS\\system32\\whoami.exe\"\r\nCurrentDirectory: C:\\Users\\Darragh Casey\\Desktop\\T1059.003\\\r\nUser: DESKTOP-5OG7C28\\Darragh Casey\r\nLogonGuid: {4b2ce92d-826e-6abe-6d8d-0a0000000000}\r\nLogonId: 0xA8D6D\r\nTerminalSessionId: 1\r\nIntegrityLevel: High\r\nHashes: MD5=956692DADC5B2CEB46E9219F7A5BEFFA,SHA256=23240EF9F8B0A9A324110B1C2331DE31DC1B0E08F5359CB707E51A939AF56CD3,IMPHASH=E4464BCD92DF7AC69CCD074CB9C0EFED\r\nParentProcessGuid: {00000000-0000-0000-0000-000000000000}\r\nParentProcessId: 4408\r\nParentImage: -\r\nParentCommandLine: -\r\nParentUser: -\""},"eventdata":{"utcTime":"2026-10-02 14:55:26.091","processGuid":"{4b2ce92d-c5de-6abf-7904-000000001400}","processId":"10384","image":"C:\\\\Windows\\\\System32\\\\whoami.exe","fileVersion":"10.0.26100.1882 (WinBuild.160101.0800)","description":"whoami - displays logged on user information","product":"Microsoft® Windows® Operating System","company":"Microsoft Corporation","originalFileName":"whoami.exe","commandLine":"\\\"C:\\\\WINDOWS\\\\system32\\\\whoami.exe\\\"","currentDirectory":"C:\\\\Users\\\\Darragh Casey\\\\Desktop\\\\T1059.003\\\\","user":"DESKTOP-5OG7C28\\\\Darragh Casey","logonGuid":"{4b2ce92d-826e-6abe-6d8d-0a0000000000}","logonId":"0xa8d6d","terminalSessionId":"1","integrityLevel":"High","hashes":"MD5=956692DADC5B2CEB46E9219F7A5BEFFA,SHA256=23240EF9F8B0A9A324110B1C2331DE31DC1B0E08F5359CB707E51A939AF56CD3,IMPHASH=E4464BCD92DF7AC69CCD074CB9C0EFED","parentProcessGuid":"{00000000-0000-0000-0000-000000000000}","parentProcessId":"4408"}}},"location":"EventChannel"}
{"timestamp":"2026-10-02T16:55:27.006+0200","rule":{"level":15,"description":"Executable file dropped in folder commonly used by malware","id":"92213","mitre":{"id":["T1105"],"tactic":["Command and Control"],"technique":["Ingress Tool Transfer"]},"firedtimes":12,"mail":true,"groups":["sysmon","sysmon_eid11_detections","windows"]},"agent":{"id":"001","name":"Windows_VM","ip":"192.168.232.130"},"manager":{"name":"dcasey-virtual-machine"},"id":"1790952927.506355","full_log":"{\"win\":{\"system\":{\"providerName\":\"Microsoft-Windows-Sysmon\",\"providerGuid\":\"{5770385f-c22a-43e0-bf4c-06f5698ffbd9}\",\"eventID\":\"11\",\"version\":\"2\",\"level\":\"4\",\"task\":\"11\",\"opcode\":\"0\",\"keywords\":\"0x8000000000000000\",\"systemTime\":\"2026-10-02T14:55:26.4508950Z\",\"eventRecordID\":\"15245\",\"processID\":\"3504\",\"threadID\":\"4956\",\"channel\":\"Microsoft-Windows-Sysmon/Operational\",\"computer\":\"DESKTOP-5OG7C28\",\"severityValue\":\"INFORMATION\",\"message\":\"\\\"File created:\\r\\nRuleName: -\\r\\nUtcTime: 2026-10-02 14:55:26.443\\r\\nProcessGuid: {4b2ce92d-c5de-6abf-7a04-000000001400}\\r\\nProcessId: 4484\\r\\nImage: C:\\\\Windows\\\\System32\\\\WindowsPowerShell\\\\v1.0\\\\powershell.exe\\r\\nTargetFilename: C:\\\\Users\\\\Darragh Casey\\\\AppData\\\\Local\\\\Temp\\\\__PSScriptPolicyTest_z4baxwgm.atc.ps1\\r\\nCreationUtcTime: 2026-10-02 14:55:26.443\\r\\nUser: DESKTOP-5OG7C28\\\\Darragh Casey\\\"\"},\"eventdata\":{\"utcTime\":\"2026-10-02 14:55:26.443\",\"processGuid\":\"{4b2ce92d-c5de-6abf-7a04-000000001400}\",\"processId\":\"4484\",\"image\":\"C:\\\\\\\\Windows\\\\\\\\System32\\\\\\\\WindowsPowerShell\\\\\\\\v1.0\\\\\\\\powershell.exe\",\"targetFilename\":\"C:\\\\\\\\Users\\\\\\\\Darragh Casey\\\\\\\\AppData\\\\\\\\Local\\\\\\\\Temp\\\\\\\\__PSScriptPolicyTest_z4baxwgm.atc.ps1\",\"creationUtcTime\":\"2026-10-02 14:55:26.443\",\"user\":\"DESKTOP-5OG7C28\\\\\\\\Darragh Casey\"}}}","decoder":{"name":"windows_eventchannel"},"data":{"win":{"system":{"providerName":"Microsoft-Windows-Sysmon","providerGuid":"{5770385f-c22a-43e0-bf4c-06f5698ffbd9}","eventID":"11","version":"2","level":"4","task":"11","opcode":"0","keywords":"0x8000000000000000","systemTime":"2026-10-02T14:55:26.4508950Z","eventRecordID":"15245","processID":"3504","threadID":"4956","channel":"Microsoft-Windows-Sysmon/Operational","computer":"DESKTOP-5OG7C28","severityValue":"INFORMATION","message":"\"File created:\r\nRuleName: -\r\nUtcTime: 2026-10-02 14:55:26.443\r\nProcessGuid: {4b2ce92d-c5de-6abf-7a04-000000001400}\r\nProcessId: 4484\r\nImage: C:\\Windows\\System32\\WindowsPowerShell\\v1.0\\powershell.exe\r\nTargetFilename: C:\\Users\\Darragh Casey\\AppData\\Local\\Temp\\__PSScriptPolicyTest_z4baxwgm.atc.ps1\r\nCreationUtcTime: 2026-10-02 14:55:26.443\r\nUser: DESKTOP-5OG7C28\\Darragh Casey\""},"eventdata":{"utcTime":"2026-10-02 14:55:26.443","processGuid":"{4b2ce92d-c5de-6abf-7a04-000000001400}","processId":"4484","image":"C:\\\\Windows\\\\System32\\\\WindowsPowerShell\\\\v1.0\\\\powershell.exe","targetFilename":"C:\\\\Users\\\\Darragh Casey\\\\AppData\\\\Local\\\\Temp\\\\__PSScriptPolicyTest_z4baxwgm.atc.ps1","creationUtcTime":"2026-10-02 14:55:26.443","user":"DESKTOP-5OG7C28\\\\Darragh Casey"}}},"location":"EventChannel"}
