{"timestamp":"2026-10-02T15:37:17.619+0200","agent":{"id":"001","name":"Windows_VM","ip":"192.168.232.130"},"manager":{"name":"dcasey-virtual-machine"},"id":"1790948237.319820","full_log":"{\"win\":{\"system\":{\"providerName\":\"Microsoft-Windows-Sysmon\",\"providerGuid\":\"{5770385f-c22a-43e0-bf4c-06f5698ffbd9}\",\"eventID\":\"11\",\"version\":\"2\",\"level\":\"4\",\"task\":\"11\",\"opcode\":\"0\",\"keywords\":\"0x8000000000000000\",\"systemTime\":\"2026-10-02T13:37:18.4113788Z\",\"eventRecordID\":\"14916\",\"processID\":\"3504\",\"threadID\":\"4956\",\"channel\":\"Microsoft-Windows-Sysmon/Operational\",\"computer\":\"DESKTOP-5OG7C28\",\"severityValue\":\"INFORMATION\",\"message\":\"\\\"File created:\\r\\nRuleName: DLL\\r\\nUtcTime: 2026-10-02 13:37:18.410\\r\\nProcessGuid: {4b2ce92d-b34e-6abf-8d02-000000001400}\\r\\nProcessId: 2440\\r\\nImage: C:\\\\Program Files (x86)\\\\Microsoft\\\\EdgeUpdate\\\\Install\\\\{B6A4972A-04A1-4EA4-83CA-676CCD5C737C}\\\\EDGEMITMP_BB81F.tmp\\\\setup.exe\\r\\nTargetFilename: C:\\\\Program Files (x86)\\\\Microsoft\\\\EdgeCore\\\\154.0.4258.48\\\\wdag.dll\\r\\nCreationUtcTime: 2026-10-02 13:37:18.410\\r\\nUser: NT AUTHORITY\\\\SYSTEM\\\"\"},\"eventdata\":{\"ruleName\":\"DLL\",\"utcTime\":\"2026-10-02 13:37:18.410\",\"processGuid\":\"{4b2ce92d-b34e-6abf-8d02-000000001400}\",\"processId\":\"2440\",\"image\":\"C:\\\\\\\\Program Files (x86)\\\\\\\\Microsoft\\\\\\\\EdgeUpdate\\\\\\\\Install\\\\\\\\{B6A4972A-04A1-4EA4-83CA-676CCD5C737C}\\\\\\\\EDGEMITMP_BB81F.tmp\\\\\\\\setup.exe\",\"targetFilename\":\"C:\\\\\\\\Program Files (x86)\\\\\\\\Microsoft\\\\\\\\EdgeCore\\\\\\\\154.0.4258.48\\\\\\\\wdag.dll\",\"creationUtcTime\":\"2026-10-02 13:37:18.410\",\"user\":\"NT AUTHORITY\\\\\\\\SYSTEM\"}}}","decoder":{"name":"windows_eventchannel"},"data":{"win":{"system":{"providerName":"Microsoft-Windows-Sysmon","providerGuid":"{5770385f-c22a-43e0-bf4c-06f5698ffbd9}","eventID":"11","version":"2","level":"4","task":"11","opcode":"0","keywords":"0x8000000000000000","systemTime":"2026-10-02T13:37:18.4113788Z","eventRecordID":"14916","processID":"3504","threadID":"4956","channel":"Microsoft-Windows-Sysmon/Operational","computer":"DESKTOP-5OG7C28","severityValue":"INFORMATION","message":"\"File created:\r\nRuleName: DLL\r\nUtcTime: 2026-10-02 13:37:18.410\r\nProcessGuid: {4b2ce92d-b34e-6abf-8d02-000000001400}\r\nProcessId: 2440\r\nImage: C:\\Program Files (x86)\\Microsoft\\EdgeUpdate\\Install\\{B6A4972A-04A1-4EA4-83CA-676CCD5C737C}\\EDGEMITMP_BB81F.tmp\\setup.exe\r\nTargetFilename: C:\\Program Files (x86)\\Microsoft\\EdgeCore\\154.0.4258.48\\wdag.dll\r\nCreationUtcTime: 2026-10-02 13:37:18.410\r\nUser: NT AUTHORITY\\SYSTEM\""},"eventdata":{"ruleName":"DLL","utcTime":"2026-10-02 13:37:18.410","processGuid":"{4b2ce92d-b34e-6abf-8d02-000000001400}","processId":"2440","image":"C:\\\\Program Files (x86)\\\\Microsoft\\\\EdgeUpdate\\\\Install\\\\{B6A4972A-04A1-4EA4-83CA-676CCD5C737C}\\\\EDGEMITMP_BB81F.tmp\\\\setup.exe","targetFilename":"C:\\\\Program Files (x86)\\\\Microsoft\\\\EdgeCore\\\\154.0.4258.48\\\\wdag.dll","creationUtcTime":"2026-10-02 13:37:18.410","user":"NT AUTHORITY\\\\SYSTEM"}}},"location":"EventChannel"}
{"timestamp":"2026-10-02T15:37:17.634+0200","agent":{"id":"001","name":"Windows_VM","ip":"192.168.232.130"},"manager":{"name":"dcasey-virtual-machine"},"id":"1790948237.319820","full_log":"{\"win\":{\"system\":{\"providerName\":\"Microsoft-Windows-Sysmon\",\"providerGuid\":\"{5770385f-c22a-43e0-bf4c-06f5698ffbd9}\",\"eventID\":\"11\",\"version\":\"2\",\"level\":\"4\",\"task\":\"11\",\"opcode\":\"0\",\"keywords\":\"0x8000000000000000\",\"systemTime\":\"2026-10-02T13:37:18.4372938Z\",\"eventRecordID\":\"14917\",\"processID\":\"3504\",\"threadID\":\"4956\",\"channel\":\"Microsoft-Windows-Sysmon/Operational\",\"computer\":\"DESKTOP-5OG7C28\",\"severityValue\":\"INFORMATION\",\"message\":\"\\\"File created:\\r\\nRuleName: DLL\\r\\nUtcTime: 2026-10-02 13:37:18.434\\r\\nProcessGuid: {4b2ce92d-b34e-6abf-8d02-000000001400}\\r\\nProcessId: 2440\\r\\nImage: C:\\\\Program Files (x86)\\\\Microsoft\\\\EdgeUpdate\\\\Install\\\\{B6A4972A-04A1-4EA4-83CA-676CCD5C737C}\\\\EDGEMITMP_BB81F.tmp\\\\setup.exe\\r\\nTargetFilename: C:\\\\Program Files (x86)\\\\Microsoft\\\\EdgeCore\\\\154.0.4258.48\\\\webview2_integration.dll\\r\\nCreationUtcTime: 2026-10-02 13:37:18.434\\r\\nUser: NT AUTHORITY\\\\SYSTEM\\\"\"},\"eventdata\":{\"ruleName\":\"DLL\",\"utcTime\":\"2026-10-02 13:37:18.434\",\"processGuid\":\"{4b2ce92d-b34e-6abf-8d02-000000001400}\",\"processId\":\"2440\",\"image\":\"C:\\\\\\\\Program Files (x86)\\\\\\\\Microsoft\\\\\\\\EdgeUpdate\\\\\\\\Install\\\\\\\\{B6A4972A-04A1-4EA4-83CA-676CCD5C737C}\\\\\\\\EDGEMITMP_BB81F.tmp\\\\\\\\setup.exe\",\"targetFilename\":\"C:\\\\\\\\Program Files (x86)\\\\\\\\Microsoft\\\\\\\\EdgeCore\\\\\\\\154.0.4258.48\\\\\\\\webview2_integration.dll\",\"creationUtcTime\":\"2026-10-02 13:37:18.434\",\"user\":\"NT AUTHORITY\\\\\\\\SYSTEM\"}}}","decoder":{"name":"windows_eventchannel"},"data":{"win":{"system":{"providerName":"Microsoft-Windows-Sysmon","providerGuid":"{5770385f-c22a-43e0-bf4c-06f5698ffbd9}","eventID":"11","version":"2","level":"4","task":"11","opcode":"0","keywords":"0x8000000000000000","systemTime":"2026-10-02T13:37:18.4372938Z","eventRecordID":"14917","processID":"3504","threadID":"4956","channel":"Microsoft-Windows-Sysmon/Operational","computer":"DESKTOP-5OG7C28","severityValue":"INFORMATION","message":"\"File created:\r\nRuleName: DLL\r\nUtcTime: 2026-10-02 13:37:18.434\r\nProcessGuid: {4b2ce92d-b34e-6abf-8d02-000000001400}\r\nProcessId: 2440\r\nImage: C:\\Program Files (x86)\\Microsoft\\EdgeUpdate\\Install\\{B6A4972A-04A1-4EA4-83CA-676CCD5C737C}\\EDGEMITMP_BB81F.tmp\\setup.exe\r\nTargetFilename: C:\\Program Files (x86)\\Microsoft\\EdgeCore\\154.0.4258.48\\webview2_integration.dll\r\nCreationUtcTime: 2026-10-02 13:37:18.434\r\nUser: NT AUTHORITY\\SYSTEM\""},"eventdata":{"ruleName":"DLL","utcTime":"2026-10-02 13:37:18.434","processGuid":"{4b2ce92d-b34e-6abf-8d02-000000001400}","processId":"2440","image":"C:\\\\Program Files (x86)\\\\Microsoft\\\\EdgeUpdate\\\\Install\\\\{B6A4972A-04A1-4EA4-83CA-676CCD5C737C}\\\\EDGEMITMP_BB81F.tmp\\\\setup.exe","targetFilename":"C:\\\\Program Files (x86)\\\\Microsoft\\\\EdgeCore\\\\154.0.4258.48\\\\webview2_integration.dll","creationUtcTime":"2026-10-02 13:37:18.434","user":"NT AUTHORITY\\\\SYSTEM"}}},"location":"EventChannel"}
{"timestamp":"2026-10-02T15:37:17.650+0200","agent":{"id":"001","name":"Windows_VM","ip":"192.168.232.130"},"manager":{"name":"dcasey-virtual-machine"},"id":"1790948237.319820","full_log":"{\"win\":{\"system\":{\"providerName\":\"Microsoft-Windows-Sysmon\",\"providerGuid\":\"{5770385f-c22a-43e0-bf4c-06f5698ffbd9}\",\"eventID\":\"11\",\"version\":\"2\",\"level\":\"4\",\"task\":\"11\",\"opcode\":\"0\",\"keywords\":\"0x8000000000000000\",\"systemTime\":\"2026-10-02T13:37:18.4527003Z\",\"eventRecordID\":\"14918\",\"processID\":\"3504\",\"threadID\":\"4956\",\"channel\":\"Microsoft-Windows-Sysmon/Operational\",\"computer\":\"DESKTOP-5OG7C28\",\"severityValue\":\"INFORMATION\",\"message\":\"\\\"File created:\\r\\nRuleName: DLL\\r\\nUtcTime: 2026-10-02 13:37:18.450\\r\\nProcessGuid: {4b2ce92d-b34e-6abf-8d02-000000001400}\\r\\nProcessId: 2440\\r\\nImage: C:\\\\Program Files (x86)\\\\Microsoft\\\\EdgeUpdate\\\\Install\\\\{B6A4972A-04A1-4EA4-83CA-676CCD5C737C}\\\\EDGEMITMP_BB81F.tmp\\\\setup.exe\\r\\nTargetFilename: C:\\\\Program Files (x86)\\\\Microsoft\\\\EdgeCore\\\\154.0.4258.48\\\\WidevineCdm\\\\_platform_specific\\\\win_x64\\\\widevinecdm.dll\\r\\nCreationUtcTime: 2026-10-02 13:37:18.450\\r\\nUser: NT AUTHORITY\\\\SYSTEM\\\"\"},\"eventdata\":{\"ruleName\":\"DLL\",\"utcTime\":\"2026-10-02 13:37:18.450\",\"processGuid\":\"{4b2ce92d-b34e-6abf-8d02-000000001400}\",\"processId\":\"2440\",\"image\":\"C:\\\\\\\\Program Files (x86)\\\\\\\\Microsoft\\\\\\\\EdgeUpdate\\\\\\\\Install\\\\\\\\{B6A4972A-04A1-4EA4-83CA-676CCD5C737C}\\\\\\\\EDGEMITMP_BB81F.tmp\\\\\\\\setup.exe\",\"targetFilename\":\"C:\\\\\\\\Program Files (x86)\\\\\\\\Microsoft\\\\\\\\EdgeCore\\\\\\\\154.0.4258.48\\\\\\\\WidevineCdm\\\\\\\\_platform_specific\\\\\\\\win_x64\\\\\\\\widevinecdm.dll\",\"creationUtcTime\":\"2026-10-02 13:37:18.450\",\"user\":\"NT AUTHORITY\\\\\\\\SYSTEM\"}}}","decoder":{"name":"windows_eventchannel"},"data":{"win":{"system":{"providerName":"Microsoft-Windows-Sysmon","providerGuid":"{5770385f-c22a-43e0-bf4c-06f5698ffbd9}","eventID":"11","version":"2","level":"4","task":"11","opcode":"0","keywords":"0x8000000000000000","systemTime":"2026-10-02T13:37:18.4527003Z","eventRecordID":"14918","processID":"3504","threadID":"4956","channel":"Microsoft-Windows-Sysmon/Operational","computer":"DESKTOP-5OG7C28","severityValue":"INFORMATION","message":"\"File created:\r\nRuleName: DLL\r\nUtcTime: 2026-10-02 13:37:18.450\r\nProcessGuid: {4b2ce92d-b34e-6abf-8d02-000000001400}\r\nProcessId: 2440\r\nImage: C:\\Program Files (x86)\\Microsoft\\EdgeUpdate\\Install\\{B6A4972A-04A1-4EA4-83CA-676CCD5C737C}\\EDGEMITMP_BB81F.tmp\\setup.exe\r\nTargetFilename: C:\\Program Files (x86)\\Microsoft\\EdgeCore\\154.0.4258.48\\WidevineCdm\\_platform_specific\\win_x64\\widevinecdm.dll\r\nCreationUtcTime: 2026-10-02 13:37:18.450\r\nUser: NT AUTHORITY\\SYSTEM\""},"eventdata":{"ruleName":"DLL","utcTime":"2026-10-02 13:37:18.450","processGuid":"{4b2ce92d-b34e-6abf-8d02-000000001400}","processId":"2440","image":"C:\\\\Program Files (x86)\\\\Microsoft\\\\EdgeUpdate\\\\Install\\\\{B6A4972A-04A1-4EA4-83CA-676CCD5C737C}\\\\EDGEMITMP_BB81F.tmp\\\\setup.exe","targetFilename":"C:\\\\Program Files (x86)\\\\Microsoft\\\\EdgeCore\\\\154.0.4258.48\\\\WidevineCdm\\\\_platform_specific\\\\win_x64\\\\widevinecdm.dll","creationUtcTime":"2026-10-02 13:37:18.450","user":"NT AUTHORITY\\\\SYSTEM"}}},"location":"EventChannel"}
{"timestamp":"2026-10-02T15:37:19.102+0200","agent":{"id":"001","name":"Windows_VM","ip":"192.168.232.130"},"manager":{"name":"dcasey-virtual-machine"},"id":"1790948239.319820","full_log":"{\"win\":{\"system\":{\"providerName\":\"Microsoft-Windows-Sysmon\",\"providerGuid\":\"{5770385f-c22a-43e0-bf4c-06f5698ffbd9}\",\"eventID\":\"11\",\"version\":\"2\",\"level\":\"4\",\"task\":\"11\",\"opcode\":\"0\",\"keywords\":\"0x8000000000000000\",\"systemTime\":\"2026-10-02T13:37:19.1341575Z\",\"eventRecordID\":\"14919\",\"processID\":\"3504\",\"threadID\":\"4956\",\"channel\":\"Microsoft-Windows-Sysmon/Operational\",\"computer\":\"DESKTOP-5OG7C28\",\"severityValue\":\"INFORMATION\",\"message\":\"\\\"File created:\\r\\nRuleName: EXE\\r\\nUtcTime: 2026-10-02 13:37:19.132\\r\\nProcessGuid: {4b2ce92d-b34e-6abf-8d02-000000001400}\\r\\nProcessId: 2440\\r\\nImage: C:\\\\Program Files (x86)\\\\Microsoft\\\\EdgeUpdate\\\\Install\\\\{B6A4972A-04A1-4EA4-83CA-676CCD5C737C}\\\\EDGEMITMP_BB81F.tmp\\\\setup.exe\\r\\nTargetFilename: C:\\\\Program Files (x86)\\\\Microsoft\\\\EdgeCore\\\\154.0.4258.48\\\\Installer\\\\setup.exe\\r\\nCreationUtcTime: 2026-10-02 13:37:19.132\\r\\nUser: NT AUTHORITY\\\\SYSTEM\\\"\"},\"eventdata\":{\"ruleName\":\"EXE\",\"utcTime\":\"2026-10-02 13:37:19.132\",\"processGuid\":\"{4b2ce92d-b34e-6abf-8d02-000000001400}\",\"processId\":\"2440\",\"image\":\"C:\\\\\\\\Program Files (x86)\\\\\\\\Microsoft\\\\\\\\EdgeUpdate\\\\\\\\Install\\\\\\\\{B6A4972A-04A1-4EA4-83CA-676CCD5C737C}\\\\\\\\EDGEMITMP_BB81F.tmp\\\\\\\\setup.exe\",\"targetFilename\":\"C:\\\\\\\\Program Files (x86)\\\\\\\\Microsoft\\\\\\\\EdgeCore\\\\\\\\154.0.4258.48\\\\\\\\Installer\\\\\\\\setup.exe\",\"creationUtcTime\":\"2026-10-02 13:37:19.132\",\"user\":\"NT AUTHORITY\\\\\\\\SYSTEM\"}}}","decoder":{"name":"windows_eventchannel"},"data":{"win":{"system":{"providerName":"Microsoft-Windows-Sysmon","providerGuid":"{5770385f-c22a-43e0-bf4c-06f5698ffbd9}","eventID":"11","version":"2","level":"4","task":"11","opcode":"0","keywords":"0x8000000000000000","systemTime":"2026-10-02T13:37:19.1341575Z","eventRecordID":"14919","processID":"3504","threadID":"4956","channel":"Microsoft-Windows-Sysmon/Operational","computer":"DESKTOP-5OG7C28","severityValue":"INFORMATION","message":"\"File created:\r\nRuleName: EXE\r\nUtcTime: 2026-10-02 13:37:19.132\r\nProcessGuid: {4b2ce92d-b34e-6abf-8d02-000000001400}\r\nProcessId: 2440\r\nImage: C:\\Program Files (x86)\\Microsoft\\EdgeUpdate\\Install\\{B6A4972A-04A1-4EA4-83CA-676CCD5C737C}\\EDGEMITMP_BB81F.tmp\\setup.exe\r\nTargetFilename: C:\\Program Files (x86)\\Microsoft\\EdgeCore\\154.0.4258.48\\Installer\\setup.exe\r\nCreationUtcTime: 2026-10-02 13:37:19.132\r\nUser: NT AUTHORITY\\SYSTEM\""},"eventdata":{"ruleName":"EXE","utcTime":"2026-10-02 13:37:19.132","processGuid":"{4b2ce92d-b34e-6abf-8d02-000000001400}","processId":"2440","image":"C:\\\\Program Files (x86)\\\\Microsoft\\\\EdgeUpdate\\\\Install\\\\{B6A4972A-04A1-4EA4-83CA-676CCD5C737C}\\\\EDGEMITMP_BB81F.tmp\\\\setup.exe","targetFilename":"C:\\\\Program Files (x86)\\\\Microsoft\\\\EdgeCore\\\\154.0.4258.48\\\\Installer\\\\setup.exe","creationUtcTime":"2026-10-02 13:37:19.132","user":"NT AUTHORITY\\\\SYSTEM"}}},"location":"EventChannel"}
{"timestamp":"2026-10-02T15:37:19.372+0200","agent":{"id":"001","name":"Windows_VM","ip":"192.168.232.130"},"manager":{"name":"dcasey-virtual-machine"},"id":"1790948239.319820","full_log":"{\"win\":{\"system\":{\"providerName\":\"Microsoft-Windows-Security-Auditing\",\"providerGuid\":\"{54849625-5478-4994-a5ba-3e3b0328c30d}\",\"eventID\":\"4799\",\"version\":\"0\",\"level\":\"0\",\"task\":\"13826\",\"opcode\":\"0\",\"keywords\":\"0x8020000000000000\",\"systemTime\":\"2026-10-02T13:37:19.3911067Z\",\"eventRecordID\":\"53987\",\"processID\":\"820\",\"threadID\":\"8572\",\"channel\":\"Security\",\"computer\":\"DESKTOP-5OG7C28\",\"severityValue\":\"AUDIT_SUCCESS\",\"message\":\"\\\"A security-enabled local group membership was enumerated.\\r\\n\\r\\nSubject:\\r\\n\\tSecurity ID:\\t\\tS-1-5-18\\r\\n\\tAccount Name:\\t\\tDESKTOP-5OG7C28$\\r\\n\\tAccount Domain:\\t\\tWORKGROUP\\r\\n\\tLogon ID:\\t\\t0x3E7\\r\\n\\r\\nGroup:\\r\\n\\tSecurity ID:\\t\\tS-1-5-32-545\\r\\n\\tGroup Name:\\t\\tUsers\\r\\n\\tGroup Domain:\\t\\tBuiltin\\r\\n\\r\\nProcess Information:\\r\\n\\tProcess ID:\\t\\t0x988\\r\\n\\tProcess Name:\\t\\tC:\\\\Program Files (x86)\\\\Microsoft\\\\EdgeUpdate\\\\Install\\\\{B6A4972A-04A1-4EA4-83CA-676CCD5C737C}\\\\EDGEMITMP_BB81F.tmp\\\\setup.exe\\\"\"},\"eventdata\":{\"targetUserName\":\"Users\",\"targetDomainName\":\"Builtin\",\"targetSid\":\"S-1-5-32-545\",\"subjectUserSid\":\"S-1-5-18\",\"subjectUserName\":\"DESKTOP-5OG7C28$\",\"subjectDomainName\":\"WORKGROUP\",\"subjectLogonId\":\"0x3e7\",\"callerProcessId\":\"0x988\",\"callerProcessName\":\"C:\\\\\\\\Program Files (x86)\\\\\\\\Microsoft\\\\\\\\EdgeUpdate\\\\\\\\Install\\\\\\\\{B6A4972A-04A1-4EA4-83CA-676CCD5C737C}\\\\\\\\EDGEMITMP_BB81F.tmp\\\\\\\\setup.exe\"}}}","decoder":{"name":"windows_eventchannel"},"data":{"win":{"system":{"providerName":"Microsoft-Windows-Security-Auditing","providerGuid":"{54849625-5478-4994-a5ba-3e3b0328c30d}","eventID":"4799","version":"0","level":"0","task":"13826","opcode":"0","keywords":"0x8020000000000000","systemTime":"2026-10-02T13:37:19.3911067Z","eventRecordID":"53987","processID":"820","threadID":"8572","channel":"Security","computer":"DESKTOP-5OG7C28","severityValue":"AUDIT_SUCCESS","message":"\"A security-enabled local group membership was enumerated.\r\n\r\nSubject:\r\n\tSecurity ID:\t\tS-1-5-18\r\n\tAccount Name:\t\tDESKTOP-5OG7C28$\r\n\tAccount Domain:\t\tWORKGROUP\r\n\tLogon ID:\t\t0x3E7\r\n\r\nGroup:\r\n\tSecurity ID:\t\tS-1-5-32-545\r\n\tGroup Name:\t\tUsers\r\n\tGroup Domain:\t\tBuiltin\r\n\r\nProcess Information:\r\n\tProcess ID:\t\t0x988\r\n\tProcess Name:\t\tC:\\Program Files (x86)\\Microsoft\\EdgeUpdate\\Install\\{B6A4972A-04A1-4EA4-83CA-676CCD5C737C}\\EDGEMITMP_BB81F.tmp\\setup.exe\""},"eventdata":{"targetUserName":"Users","targetDomainName":"Builtin","targetSid":"S-1-5-32-545","subjectUserSid":"S-1-5-18","subjectUserName":"DESKTOP-5OG7C28$","subjectDomainName":"WORKGROUP","subjectLogonId":"0x3e7","callerProcessId":"0x988","callerProcessName":"C:\\\\Program Files (x86)\\\\Microsoft\\\\EdgeUpdate\\\\Install\\\\{B6A4972A-04A1-4EA4-83CA-676CCD5C737C}\\\\EDGEMITMP_BB81F.tmp\\\\setup.exe"}}},"location":"EventChannel"}
{"timestamp":"2026-10-02T15:37:22.760+0200","rule":{"level":3,"description":"Evidence of new service creation found in registry under HKLM\\\\System\\\\CurrentControlSet\\\\Services\\\\MicrosoftEdgeElevationService\\\\ImagePath binary is: \\\"C:\\\\Program Files (x86)\\\\Microsoft\\\\Edge\\\\Application\\\\154.0.4258.48\\\\elevation_service.exe\\\"","id":"92307","mitre":{"id":["T1543.003"],"tactic":["Persistence","Privilege Escalation"],"technique":["Windows Service"]},"firedtimes":1,"mail":false,"groups":["sysmon","sysmon_eid13_detections","windows"]},"agent":{"id":"001","name":"Windows_VM","ip":"192.168.232.130"},"manager":{"name":"dcasey-virtual-machine"},"id":"1790948242.319820","full_log":"{\"win\":{\"system\":{\"providerName\":\"Microsoft-Windows-Sysmon\",\"providerGuid\":\"{5770385f-c22a-43e0-bf4c-06f5698ffbd9}\",\"eventID\":\"13\",\"version\":\"2\",\"level\":\"4\",\"task\":\"13\",\"opcode\":\"0\",\"keywords\":\"0x8000000000000000\",\"systemTime\":\"2026-10-02T13:37:22.7852066Z\",\"eventRecordID\":\"14920\",\"processID\":\"3504\",\"threadID\":\"4956\",\"channel\":\"Microsoft-Windows-Sysmon/Operational\",\"computer\":\"DESKTOP-5OG7C28\",\"severityValue\":\"INFORMATION\",\"message\":\"\\\"Registry value set:\\r\\nRuleName: T1031,T1050\\r\\nEventType: SetValue\\r\\nUtcTime: 2026-10-02 13:37:22.783\\r\\nProcessGuid: {4b2ce92d-824a-6abe-0b00-000000001400}\\r\\nProcessId: 812\\r\\nImage: C:\\\\WINDOWS\\\\system32\\\\services.exe\\r\\nTargetObject: HKLM\\\\System\\\\CurrentControlSet\\\\Services\\\\MicrosoftEdgeElevationService\\\\ImagePath\\r\\nDetails: \\\"C:\\\\Program Files (x86)\\\\Microsoft\\\\Edge\\\\Application\\\\154.0.4258.48\\\\elevation_service.exe\\\"\\r\\nUser: NT AUTHORITY\\\\SYSTEM\\\"\"},\"eventdata\":{\"ruleName\":\"T1031,T1050\",\"eventType\":\"SetValue\",\"utcTime\":\"2026-10-02 13:37:22.783\",\"processGuid\":\"{4b2ce92d-824a-6abe-0b00-000000001400}\",\"processId\":\"812\",\"image\":\"C:\\\\\\\\WINDOWS\\\\\\\\system32\\\\\\\\services.exe\",\"targetObject\":\"HKLM\\\\\\\\System\\\\\\\\CurrentControlSet\\\\\\\\Services\\\\\\\\MicrosoftEdgeElevationService\\\\\\\\ImagePath\",\"details\":\"\\\\\\\"C:\\\\\\\\Program Files (x86)\\\\\\\\Microsoft\\\\\\\\Edge\\\\\\\\Application\\\\\\\\154.0.4258.48\\\\\\\\elevation_service.exe\\\\\\\"\",\"user\":\"NT AUTHORITY\\\\\\\\SYSTEM\"}}}","decoder":{"name":"windows_eventchannel"},"data":{"win":{"system":{"providerName":"Microsoft-Windows-Sysmon","providerGuid":"{5770385f-c22a-43e0-bf4c-06f5698ffbd9}","eventID":"13","version":"2","level":"4","task":"13","opcode":"0","keywords":"0x8000000000000000","systemTime":"2026-10-02T13:37:22.7852066Z","eventRecordID":"14920","processID":"3504","threadID":"4956","channel":"Microsoft-Windows-Sysmon/Operational","computer":"DESKTOP-5OG7C28","severityValue":"INFORMATION","message":"\"Registry value set:\r\nRuleName: T1031,T1050\r\nEventType: SetValue\r\nUtcTime: 2026-10-02 13:37:22.783\r\nProcessGuid: {4b2ce92d-824a-6abe-0b00-000000001400}\r\nProcessId: 812\r\nImage: C:\\WINDOWS\\system32\\services.exe\r\nTargetObject: HKLM\\System\\CurrentControlSet\\Services\\MicrosoftEdgeElevationService\\ImagePath\r\nDetails: \"C:\\Program Files (x86)\\Microsoft\\Edge\\Application\\154.0.4258.48\\elevation_service.exe\"\r\nUser: NT AUTHORITY\\SYSTEM\""},"eventdata":{"ruleName":"T1031,T1050","eventType":"SetValue","utcTime":"2026-10-02 13:37:22.783","processGuid":"{4b2ce92d-824a-6abe-0b00-000000001400}","processId":"812","image":"C:\\\\WINDOWS\\\\system32\\\\services.exe","targetObject":"HKLM\\\\System\\\\CurrentControlSet\\\\Services\\\\MicrosoftEdgeElevationService\\\\ImagePath","details":"\\\"C:\\\\Program Files (x86)\\\\Microsoft\\\\Edge\\\\Application\\\\154.0.4258.48\\\\elevation_service.exe\\\"","user":"NT AUTHORITY\\\\SYSTEM"}}},"location":"EventChannel"}
{"timestamp":"2026-10-02T15:37:22.767+0200","agent":{"id":"001","name":"Windows_VM","ip":"192.168.232.130"},"manager":{"name":"dcasey-virtual-machine"},"id":"1790948242.321646","full_log":"{\"win\":{\"system\":{\"providerName\":\"Microsoft-Windows-Sysmon\",\"providerGuid\":\"{5770385f-c22a-43e0-bf4c-06f5698ffbd9}\",\"eventID\":\"11\",\"version\":\"2\",\"level\":\"4\",\"task\":\"11\",\"opcode\":\"0\",\"keywords\":\"0x8000000000000000\",\"systemTime\":\"2026-10-02T13:37:22.8429348Z\",\"eventRecordID\":\"14921\",\"processID\":\"3504\",\"threadID\":\"4956\",\"channel\":\"Microsoft-Windows-Sysmon/Operational\",\"computer\":\"DESKTOP-5OG7C28\",\"severityValue\":\"INFORMATION\",\"message\":\"\\\"File created:\\r\\nRuleName: EXE\\r\\nUtcTime: 2026-10-02 13:37:22.842\\r\\nProcessGuid: {4b2ce92d-b34e-6abf-8d02-000000001400}\\r\\nProcessId: 2440\\r\\nImage: C:\\\\Program Files (x86)\\\\Microsoft\\\\EdgeUpdate\\\\Install\\\\{B6A4972A-04A1-4EA4-83CA-676CCD5C737C}\\\\EDGEMITMP_BB81F.tmp\\\\setup.exe\\r\\nTargetFilename: C:\\\\Program Files (x86)\\\\Microsoft\\\\Edge\\\\Application\\\\msedge.exe\\r\\nCreationUtcTime: 2025-09-11 09:23:08.795\\r\\nUser: NT AUTHORITY\\\\SYSTEM\\\"\"},\"eventdata\":{\"ruleName\":\"EXE\",\"utcTime\":\"2026-10-02 13:37:22.842\",\"processGuid\":\"{4b2ce92d-b34e-6abf-8d02-000000001400}\",\"processId\":\"2440\",\"image\":\"C:\\\\\\\\Program Files (x86)\\\\\\\\Microsoft\\\\\\\\EdgeUpdate\\\\\\\\Install\\\\\\\\{B6A4972A-04A1-4EA4-83CA-676CCD5C737C}\\\\\\\\EDGEMITMP_BB81F.tmp\\\\\\\\setup.exe\",\"targetFilename\":\"C:\\\\\\\\Program Files (x86)\\\\\\\\Microsoft\\\\\\\\Edge\\\\\\\\Application\\\\\\\\msedge.exe\",\"creationUtcTime\":\"2025-09-11 09:23:08.795\",\"user\":\"NT AUTHORITY\\\\\\\\SYSTEM\"}}}","decoder":{"name":"windows_eventchannel"},"data":{"win":{"system":{"providerName":"Microsoft-Windows-Sysmon","providerGuid":"{5770385f-c22a-43e0-bf4c-06f5698ffbd9}","eventID":"11","version":"2","level":"4","task":"11","opcode":"0","keywords":"0x8000000000000000","systemTime":"2026-10-02T13:37:22.8429348Z","eventRecordID":"14921","processID":"3504","threadID":"4956","channel":"Microsoft-Windows-Sysmon/Operational","computer":"DESKTOP-5OG7C28","severityValue":"INFORMATION","message":"\"File created:\r\nRuleName: EXE\r\nUtcTime: 2026-10-02 13:37:22.842\r\nProcessGuid: {4b2ce92d-b34e-6abf-8d02-000000001400}\r\nProcessId: 2440\r\nImage: C:\\Program Files (x86)\\Microsoft\\EdgeUpdate\\Install\\{B6A4972A-04A1-4EA4-83CA-676CCD5C737C}\\EDGEMITMP_BB81F.tmp\\setup.exe\r\nTargetFilename: C:\\Program Files (x86)\\Microsoft\\Edge\\Application\\msedge.exe\r\nCreationUtcTime: 2025-09-11 09:23:08.795\r\nUser: NT AUTHORITY\\SYSTEM\""},"eventdata":{"ruleName":"EXE","utcTime":"2026-10-02 13:37:22.842","processGuid":"{4b2ce92d-b34e-6abf-8d02-000000001400}","processId":"2440","image":"C:\\\\Program Files (x86)\\\\Microsoft\\\\EdgeUpdate\\\\Install\\\\{B6A4972A-04A1-4EA4-83CA-676CCD5C737C}\\\\EDGEMITMP_BB81F.tmp\\\\setup.exe","targetFilename":"C:\\\\Program Files (x86)\\\\Microsoft\\\\Edge\\\\Application\\\\msedge.exe","creationUtcTime":"2025-09-11 09:23:08.795","user":"NT AUTHORITY\\\\SYSTEM"}}},"location":"EventChannel"}
{"timestamp":"2026-10-02T15:37:22.769+0200","agent":{"id":"001","name":"Windows_VM","ip":"192.168.232.130"},"manager":{"name":"dcasey-virtual-machine"},"id":"1790948242.321646","full_log":"{\"win\":{\"system\":{\"providerName\":\"Microsoft-Windows-Sysmon\",\"providerGuid\":\"{5770385f-c22a-43e0-bf4c-06f5698ffbd9}\",\"eventID\":\"13\",\"version\":\"2\",\"level\":\"4\",\"task\":\"13\",\"opcode\":\"0\",\"keywords\":\"0x8000000000000000\",\"systemTime\":\"2026-10-02T13:37:23.0591050Z\",\"eventRecordID\":\"14922\",\"processID\":\"3504\",\"threadID\":\"4956\",\"channel\":\"Microsoft-Windows-Sysmon/Operational\",\"computer\":\"DESKTOP-5OG7C28\",\"severityValue\":\"INFORMATION\",\"message\":\"\\\"Registry value set:\\r\\nRuleName: InvDB-Pub\\r\\nEventType: SetValue\\r\\nUtcTime: 2026-10-02 13:37:23.055\\r\\nProcessGuid: {4b2ce92d-b34e-6abf-8d02-000000001400}\\r\\nProcessId: 2440\\r\\nImage: C:\\\\Program Files (x86)\\\\Microsoft\\\\EdgeUpdate\\\\Install\\\\{B6A4972A-04A1-4EA4-83CA-676CCD5C737C}\\\\EDGEMITMP_BB81F.tmp\\\\setup.exe\\r\\nTargetObject: HKLM\\\\SOFTWARE\\\\WOW6432Node\\\\Microsoft\\\\Windows\\\\CurrentVersion\\\\Uninstall\\\\Microsoft Edge\\\\Publisher\\r\\nDetails: Microsoft Corporation\\r\\nUser: NT AUTHORITY\\\\SYSTEM\\\"\"},\"eventdata\":{\"ruleName\":\"InvDB-Pub\",\"eventType\":\"SetValue\",\"utcTime\":\"2026-10-02 13:37:23.055\",\"processGuid\":\"{4b2ce92d-b34e-6abf-8d02-000000001400}\",\"processId\":\"2440\",\"image\":\"C:\\\\\\\\Program Files (x86)\\\\\\\\Microsoft\\\\\\\\EdgeUpdate\\\\\\\\Install\\\\\\\\{B6A4972A-04A1-4EA4-83CA-676CCD5C737C}\\\\\\\\EDGEMITMP_BB81F.tmp\\\\\\\\setup.exe\",\"targetObject\":\"HKLM\\\\\\\\SOFTWARE\\\\\\\\WOW6432Node\\\\\\\\Microsoft\\\\\\\\Windows\\\\\\\\CurrentVersion\\\\\\\\Uninstall\\\\\\\\Microsoft Edge\\\\\\\\Publisher\",\"details\":\"Microsoft Corporation\",\"user\":\"NT AUTHORITY\\\\\\\\SYSTEM\"}}}","decoder":{"name":"windows_eventchannel"},"data":{"win":{"system":{"providerName":"Microsoft-Windows-Sysmon","providerGuid":"{5770385f-c22a-43e0-bf4c-06f5698ffbd9}","eventID":"13","version":"2","level":"4","task":"13","opcode":"0","keywords":"0x8000000000000000","systemTime":"2026-10-02T13:37:23.0591050Z","eventRecordID":"14922","processID":"3504","threadID":"4956","channel":"Microsoft-Windows-Sysmon/Operational","computer":"DESKTOP-5OG7C28","severityValue":"INFORMATION","message":"\"Registry value set:\r\nRuleName: InvDB-Pub\r\nEventType: SetValue\r\nUtcTime: 2026-10-02 13:37:23.055\r\nProcessGuid: {4b2ce92d-b34e-6abf-8d02-000000001400}\r\nProcessId: 2440\r\nImage: C:\\Program Files (x86)\\Microsoft\\EdgeUpdate\\Install\\{B6A4972A-04A1-4EA4-83CA-676CCD5C737C}\\EDGEMITMP_BB81F.tmp\\setup.exe\r\nTargetObject: HKLM\\SOFTWARE\\WOW6432Node\\Microsoft\\Windows\\CurrentVersion\\Uninstall\\Microsoft Edge\\Publisher\r\nDetails: Microsoft Corporation\r\nUser: NT AUTHORITY\\SYSTEM\""},"eventdata":{"ruleName":"InvDB-Pub","eventType":"SetValue","utcTime":"2026-10-02 13:37:23.055","processGuid":"{4b2ce92d-b34e-6abf-8d02-000000001400}","processId":"2440","image":"C:\\\\Program Files (x86)\\\\Microsoft\\\\EdgeUpdate\\\\Install\\\\{B6A4972A-04A1-4EA4-83CA-676CCD5C737C}\\\\EDGEMITMP_BB81F.tmp\\\\setup.exe","targetObject":"HKLM\\\\SOFTWARE\\\\WOW6432Node\\\\Microsoft\\\\Windows\\\\CurrentVersion\\\\Uninstall\\\\Microsoft Edge\\\\Publisher","details":"Microsoft Corporation","user":"NT AUTHORITY\\\\SYSTEM"}}},"location":"EventChannel"}
{"timestamp":"2026-10-02T15:37:22.772+0200","agent":{"id":"001","name":"Windows_VM","ip":"192.168.232.130"},"manager":{"name":"dcasey-virtual-machine"},"id":"1790948242.321646","full_log":"{\"win\":{\"system\":{\"providerName\":\"Microsoft-Windows-Sysmon\",\"providerGuid\":\"{5770385f-c22a-43e0-bf4c-06f5698ffbd9}\",\"eventID\":\"13\",\"version\":\"2\",\"level\":\"4\",\"task\":\"13\",\"opcode\":\"0\",\"keywords\":\"0x8000000000000000\",\"systemTime\":\"2026-10-02T13:37:23.1147510Z\",\"eventRecordID\":\"14923\",\"processID\":\"3504\",\"threadID\":\"4956\",\"channel\":\"Microsoft-Windows-Sysmon/Operational\",\"computer\":\"DESKTOP-5OG7C28\",\"severityValue\":\"INFORMATION\",\"message\":\"\\\"Registry value set:\\r\\nRuleName: T1122\\r\\nEventType: SetValue\\r\\nUtcTime: 2026-10-02 13:37:23.114\\r\\nProcessGuid: {4b2ce92d-b34e-6abf-8d02-000000001400}\\r\\nProcessId: 2440\\r\\nImage: C:\\\\Program Files (x86)\\\\Microsoft\\\\EdgeUpdate\\\\Install\\\\{B6A4972A-04A1-4EA4-83CA-676CCD5C737C}\\\\EDGEMITMP_BB81F.tmp\\\\setup.exe\\r\\nTargetObject: HKCR\\\\CLSID\\\\{1FD49718-1D00-4B19-AF5F-070AF6D5D54C}\\\\InprocServer32\\\\(Default)\\r\\nDetails: C:\\\\Program Files (x86)\\\\Microsoft\\\\Edge\\\\Application\\\\154.0.4258.48\\\\BHO\\\\ie_to_edge_bho_64.dll\\r\\nUser: NT AUTHORITY\\\\SYSTEM\\\"\"},\"eventdata\":{\"ruleName\":\"T1122\",\"eventType\":\"SetValue\",\"utcTime\":\"2026-10-02 13:37:23.114\",\"processGuid\":\"{4b2ce92d-b34e-6abf-8d02-000000001400}\",\"processId\":\"2440\",\"image\":\"C:\\\\\\\\Program Files (x86)\\\\\\\\Microsoft\\\\\\\\EdgeUpdate\\\\\\\\Install\\\\\\\\{B6A4972A-04A1-4EA4-83CA-676CCD5C737C}\\\\\\\\EDGEMITMP_BB81F.tmp\\\\\\\\setup.exe\",\"targetObject\":\"HKCR\\\\\\\\CLSID\\\\\\\\{1FD49718-1D00-4B19-AF5F-070AF6D5D54C}\\\\\\\\InprocServer32\\\\\\\\(Default)\",\"details\":\"C:\\\\\\\\Program Files (x86)\\\\\\\\Microsoft\\\\\\\\Edge\\\\\\\\Application\\\\\\\\154.0.4258.48\\\\\\\\BHO\\\\\\\\ie_to_edge_bho_64.dll\",\"user\":\"NT AUTHORITY\\\\\\\\SYSTEM\"}}}","decoder":{"name":"windows_eventchannel"},"data":{"win":{"system":{"providerName":"Microsoft-Windows-Sysmon","providerGuid":"{5770385f-c22a-43e0-bf4c-06f5698ffbd9}","eventID":"13","version":"2","level":"4","task":"13","opcode":"0","keywords":"0x8000000000000000","systemTime":"2026-10-02T13:37:23.1147510Z","eventRecordID":"14923","processID":"3504","threadID":"4956","channel":"Microsoft-Windows-Sysmon/Operational","computer":"DESKTOP-5OG7C28","severityValue":"INFORMATION","message":"\"Registry value set:\r\nRuleName: T1122\r\nEventType: SetValue\r\nUtcTime: 2026-10-02 13:37:23.114\r\nProcessGuid: {4b2ce92d-b34e-6abf-8d02-000000001400}\r\nProcessId: 2440\r\nImage: C:\\Program Files (x86)\\Microsoft\\EdgeUpdate\\Install\\{B6A4972A-04A1-4EA4-83CA-676CCD5C737C}\\EDGEMITMP_BB81F.tmp\\setup.exe\r\nTargetObject: HKCR\\CLSID\\{1FD49718-1D00-4B19-AF5F-070AF6D5D54C}\\InprocServer32\\(Default)\r\nDetails: C:\\Program Files (x86)\\Microsoft\\Edge\\Application\\154.0.4258.48\\BHO\\ie_to_edge_bho_64.dll\r\nUser: NT AUTHORITY\\SYSTEM\""},"eventdata":{"ruleName":"T1122","eventType":"SetValue","utcTime":"2026-10-02 13:37:23.114","processGuid":"{4b2ce92d-b34e-6abf-8d02-000000001400}","processId":"2440","image":"C:\\\\Program Files (x86)\\\\Microsoft\\\\EdgeUpdate\\\\Install\\\\{B6A4972A-04A1-4EA4-83CA-676CCD5C737C}\\\\EDGEMITMP_BB81F.tmp\\\\setup.exe","targetObject":"HKCR\\\\CLSID\\\\{1FD49718-1D00-4B19-AF5F-070AF6D5D54C}\\\\InprocServer32\\\\(Default)","details":"C:\\\\Program Files (x86)\\\\Microsoft\\\\Edge\\\\Application\\\\154.0.4258.48\\\\BHO\\\\ie_to_edge_bho_64.dll","user":"NT AUTHORITY\\\\SYSTEM"}}},"location":"EventChannel"}
{"timestamp":"2026-10-02T15:37:22.787+0200","agent":{"id":"001","name":"Windows_VM","ip":"192.168.232.130"},"manager":{"name":"dcasey-virtual-machine"},"id":"1790948242.321646","full_log":"{\"win\":{\"system\":{\"providerName\":\"Microsoft-Windows-Sysmon\",\"providerGuid\":\"{5770385f-c22a-43e0-bf4c-06f5698ffbd9}\",\"eventID\":\"13\",\"version\":\"2\",\"level\":\"4\",\"task\":\"13\",\"opcode\":\"0\",\"keywords\":\"0x8000000000000000\",\"systemTime\":\"2026-10-02T13:37:23.1159841Z\",\"eventRecordID\":\"14924\",\"processID\":\"3504\",\"threadID\":\"4956\",\"channel\":\"Microsoft-Windows-Sysmon/Operational\",\"computer\":\"DESKTOP-5OG7C28\",\"severityValue\":\"INFORMATION\",\"message\":\"\\\"Registry value set:\\r\\nRuleName: T1122\\r\\nEventType: SetValue\\r\\nUtcTime: 2026-10-02 13:37:23.114\\r\\nProcessGuid: {4b2ce92d-b34e-6abf-8d02-000000001400}\\r\\nProcessId: 2440\\r\\nImage: C:\\\\Program Files (x86)\\\\Microsoft\\\\EdgeUpdate\\\\Install\\\\{B6A4972A-04A1-4EA4-83CA-676CCD5C737C}\\\\EDGEMITMP_BB81F.tmp\\\\setup.exe\\r\\nTargetObject: HKCR\\\\WOW6432Node\\\\CLSID\\\\{1FD49718-1D00-4B19-AF5F-070AF6D5D54C}\\\\InprocServer32\\\\(Default)\\r\\nDetails: C:\\\\Program Files (x86)\\\\Microsoft\\\\Edge\\\\Application\\\\154.0.4258.48\\\\BHO\\\\ie_to_edge_bho.dll\\r\\nUser: NT AUTHORITY\\\\SYSTEM\\\"\"},\"eventdata\":{\"ruleName\":\"T1122\",\"eventType\":\"SetValue\",\"utcTime\":\"2026-10-02 13:37:23.114\",\"processGuid\":\"{4b2ce92d-b34e-6abf-8d02-000000001400}\",\"processId\":\"2440\",\"image\":\"C:\\\\\\\\Program Files (x86)\\\\\\\\Microsoft\\\\\\\\EdgeUpdate\\\\\\\\Install\\\\\\\\{B6A4972A-04A1-4EA4-83CA-676CCD5C737C}\\\\\\\\EDGEMITMP_BB81F.tmp\\\\\\\\setup.exe\",\"targetObject\":\"HKCR\\\\\\\\WOW6432Node\\\\\\\\CLSID\\\\\\\\{1FD49718-1D00-4B19-AF5F-070AF6D5D54C}\\\\\\\\InprocServer32\\\\\\\\(Default)\",\"details\":\"C:\\\\\\\\Program Files (x86)\\\\\\\\Microsoft\\\\\\\\Edge\\\\\\\\Application\\\\\\\\154.0.4258.48\\\\\\\\BHO\\\\\\\\ie_to_edge_bho.dll\",\"user\":\"NT AUTHORITY\\\\\\\\SYSTEM\"}}}","decoder":{"name":"windows_eventchannel"},"data":{"win":{"system":{"providerName":"Microsoft-Windows-Sysmon","providerGuid":"{5770385f-c22a-43e0-bf4c-06f5698ffbd9}","eventID":"13","version":"2","level":"4","task":"13","opcode":"0","keywords":"0x8000000000000000","systemTime":"2026-10-02T13:37:23.1159841Z","eventRecordID":"14924","processID":"3504","threadID":"4956","channel":"Microsoft-Windows-Sysmon/Operational","computer":"DESKTOP-5OG7C28","severityValue":"INFORMATION","message":"\"Registry value set:\r\nRuleName: T1122\r\nEventType: SetValue\r\nUtcTime: 2026-10-02 13:37:23.114\r\nProcessGuid: {4b2ce92d-b34e-6abf-8d02-000000001400}\r\nProcessId: 2440\r\nImage: C:\\Program Files (x86)\\Microsoft\\EdgeUpdate\\Install\\{B6A4972A-04A1-4EA4-83CA-676CCD5C737C}\\EDGEMITMP_BB81F.tmp\\setup.exe\r\nTargetObject: HKCR\\WOW6432Node\\CLSID\\{1FD49718-1D00-4B19-AF5F-070AF6D5D54C}\\InprocServer32\\(Default)\r\nDetails: C:\\Program Files (x86)\\Microsoft\\Edge\\Application\\154.0.4258.48\\BHO\\ie_to_edge_bho.dll\r\nUser: NT AUTHORITY\\SYSTEM\""},"eventdata":{"ruleName":"T1122","eventType":"SetValue","utcTime":"2026-10-02 13:37:23.114","processGuid":"{4b2ce92d-b34e-6abf-8d02-000000001400}","processId":"2440","image":"C:\\\\Program Files (x86)\\\\Microsoft\\\\EdgeUpdate\\\\Install\\\\{B6A4972A-04A1-4EA4-83CA-676CCD5C737C}\\\\EDGEMITMP_BB81F.tmp\\\\setup.exe","targetObject":"HKCR\\\\WOW6432Node\\\\CLSID\\\\{1FD49718-1D00-4B19-AF5F-070AF6D5D54C}\\\\InprocServer32\\\\(Default)","details":"C:\\\\Program Files (x86)\\\\Microsoft\\\\Edge\\\\Application\\\\154.0.4258.48\\\\BHO\\\\ie_to_edge_bho.dll","user":"NT AUTHORITY\\\\SYSTEM"}}},"location":"EventChannel"}
{"timestamp":"2026-10-02T15:37:22.804+0200","agent":{"id":"001","name":"Windows_VM","ip":"192.168.232.130"},"manager":{"name":"dcasey-virtual-machine"},"id":"1790948242.321646","full_log":"{\"win\":{\"system\":{\"providerName\":\"Microsoft-Windows-Sysmon\",\"providerGuid\":\"{5770385f-c22a-43e0-bf4c-06f5698ffbd9}\",\"eventID\":\"13\",\"version\":\"2\",\"level\":\"4\",\"task\":\"13\",\"opcode\":\"0\",\"keywords\":\"0x8000000000000000\",\"systemTime\":\"2026-10-02T13:37:23.1316929Z\",\"eventRecordID\":\"14925\",\"processID\":\"3504\",\"threadID\":\"4956\",\"channel\":\"Microsoft-Windows-Sysmon/Operational\",\"computer\":\"DESKTOP-5OG7C28\",\"severityValue\":\"INFORMATION\",\"message\":\"\\\"Registry value set:\\r\\nRuleName: T1176\\r\\nEventType: SetValue\\r\\nUtcTime: 2026-10-02 13:37:23.130\\r\\nProcessGuid: {4b2ce92d-b34e-6abf-8d02-000000001400}\\r\\nProcessId: 2440\\r\\nImage: C:\\\\Program Files (x86)\\\\Microsoft\\\\EdgeUpdate\\\\Install\\\\{B6A4972A-04A1-4EA4-83CA-676CCD5C737C}\\\\EDGEMITMP_BB81F.tmp\\\\setup.exe\\r\\nTargetObject: HKLM\\\\SOFTWARE\\\\Microsoft\\\\Windows\\\\CurrentVersion\\\\Explorer\\\\Browser Helper Objects\\\\{1FD49718-1D00-4B19-AF5F-070AF6D5D54C}\\\\(Default)\\r\\nDetails: IEToEdge BHO\\r\\nUser: NT AUTHORITY\\\\SYSTEM\\\"\"},\"eventdata\":{\"ruleName\":\"T1176\",\"eventType\":\"SetValue\",\"utcTime\":\"2026-10-02 13:37:23.130\",\"processGuid\":\"{4b2ce92d-b34e-6abf-8d02-000000001400}\",\"processId\":\"2440\",\"image\":\"C:\\\\\\\\Program Files (x86)\\\\\\\\Microsoft\\\\\\\\EdgeUpdate\\\\\\\\Install\\\\\\\\{B6A4972A-04A1-4EA4-83CA-676CCD5C737C}\\\\\\\\EDGEMITMP_BB81F.tmp\\\\\\\\setup.exe\",\"targetObject\":\"HKLM\\\\\\\\SOFTWARE\\\\\\\\Microsoft\\\\\\\\Windows\\\\\\\\CurrentVersion\\\\\\\\Explorer\\\\\\\\Browser Helper Objects\\\\\\\\{1FD49718-1D00-4B19-AF5F-070AF6D5D54C}\\\\\\\\(Default)\",\"details\":\"IEToEdge BHO\",\"user\":\"NT AUTHORITY\\\\\\\\SYSTEM\"}}}","decoder":{"name":"windows_eventchannel"},"data":{"win":{"system":{"providerName":"Microsoft-Windows-Sysmon","providerGuid":"{5770385f-c22a-43e0-bf4c-06f5698ffbd9}","eventID":"13","version":"2","level":"4","task":"13","opcode":"0","keywords":"0x8000000000000000","systemTime":"2026-10-02T13:37:23.1316929Z","eventRecordID":"14925","processID":"3504","threadID":"4956","channel":"Microsoft-Windows-Sysmon/Operational","computer":"DESKTOP-5OG7C28","severityValue":"INFORMATION","message":"\"Registry value set:\r\nRuleName: T1176\r\nEventType: SetValue\r\nUtcTime: 2026-10-02 13:37:23.130\r\nProcessGuid: {4b2ce92d-b34e-6abf-8d02-000000001400}\r\nProcessId: 2440\r\nImage: C:\\Program Files (x86)\\Microsoft\\EdgeUpdate\\Install\\{B6A4972A-04A1-4EA4-83CA-676CCD5C737C}\\EDGEMITMP_BB81F.tmp\\setup.exe\r\nTargetObject: HKLM\\SOFTWARE\\Microsoft\\Windows\\CurrentVersion\\Explorer\\Browser Helper Objects\\{1FD49718-1D00-4B19-AF5F-070AF6D5D54C}\\(Default)\r\nDetails: IEToEdge BHO\r\nUser: NT AUTHORITY\\SYSTEM\""},"eventdata":{"ruleName":"T1176","eventType":"SetValue","utcTime":"2026-10-02 13:37:23.130","processGuid":"{4b2ce92d-b34e-6abf-8d02-000000001400}","processId":"2440","image":"C:\\\\Program Files (x86)\\\\Microsoft\\\\EdgeUpdate\\\\Install\\\\{B6A4972A-04A1-4EA4-83CA-676CCD5C737C}\\\\EDGEMITMP_BB81F.tmp\\\\setup.exe","targetObject":"HKLM\\\\SOFTWARE\\\\Microsoft\\\\Windows\\\\CurrentVersion\\\\Explorer\\\\Browser Helper Objects\\\\{1FD49718-1D00-4B19-AF5F-070AF6D5D54C}\\\\(Default)","details":"IEToEdge BHO","user":"NT AUTHORITY\\\\SYSTEM"}}},"location":"EventChannel"}
{"timestamp":"2026-10-02T15:37:22.819+0200","agent":{"id":"001","name":"Windows_VM","ip":"192.168.232.130"},"manager":{"name":"dcasey-virtual-machine"},"id":"1790948242.321646","full_log":"{\"win\":{\"system\":{\"providerName\":\"Microsoft-Windows-Sysmon\",\"providerGuid\":\"{5770385f-c22a-43e0-bf4c-06f5698ffbd9}\",\"eventID\":\"13\",\"version\":\"2\",\"level\":\"4\",\"task\":\"13\",\"opcode\":\"0\",\"keywords\":\"0x8000000000000000\",\"systemTime\":\"2026-10-02T13:37:23.1321825Z\",\"eventRecordID\":\"14926\",\"processID\":\"3504\",\"threadID\":\"4956\",\"channel\":\"Microsoft-Windows-Sysmon/Operational\",\"computer\":\"DESKTOP-5OG7C28\",\"severityValue\":\"INFORMATION\",\"message\":\"\\\"Registry value set:\\r\\nRuleName: T1176\\r\\nEventType: SetValue\\r\\nUtcTime: 2026-10-02 13:37:23.130\\r\\nProcessGuid: {4b2ce92d-b34e-6abf-8d02-000000001400}\\r\\nProcessId: 2440\\r\\nImage: C:\\\\Program Files (x86)\\\\Microsoft\\\\EdgeUpdate\\\\Install\\\\{B6A4972A-04A1-4EA4-83CA-676CCD5C737C}\\\\EDGEMITMP_BB81F.tmp\\\\setup.exe\\r\\nTargetObject: HKLM\\\\SOFTWARE\\\\WOW6432Node\\\\Microsoft\\\\Windows\\\\CurrentVersion\\\\Explorer\\\\Browser Helper Objects\\\\{1FD49718-1D00-4B19-AF5F-070AF6D5D54C}\\\\(Default)\\r\\nDetails: IEToEdge BHO\\r\\nUser: NT AUTHORITY\\\\SYSTEM\\\"\"},\"eventdata\":{\"ruleName\":\"T1176\",\"eventType\":\"SetValue\",\"utcTime\":\"2026-10-02 13:37:23.130\",\"processGuid\":\"{4b2ce92d-b34e-6abf-8d02-000000001400}\",\"processId\":\"2440\",\"image\":\"C:\\\\\\\\Program Files (x86)\\\\\\\\Microsoft\\\\\\\\EdgeUpdate\\\\\\\\Install\\\\\\\\{B6A4972A-04A1-4EA4-83CA-676CCD5C737C}\\\\\\\\EDGEMITMP_BB81F.tmp\\\\\\\\setup.exe\",\"targetObject\":\"HKLM\\\\\\\\SOFTWARE\\\\\\\\WOW6432Node\\\\\\\\Microsoft\\\\\\\\Windows\\\\\\\\CurrentVersion\\\\\\\\Explorer\\\\\\\\Browser Helper Objects\\\\\\\\{1FD49718-1D00-4B19-AF5F-070AF6D5D54C}\\\\\\\\(Default)\",\"details\":\"IEToEdge BHO\",\"user\":\"NT AUTHORITY\\\\\\\\SYSTEM\"}}}","decoder":{"name":"windows_eventchannel"},"data":{"win":{"system":{"providerName":"Microsoft-Windows-Sysmon","providerGuid":"{5770385f-c22a-43e0-bf4c-06f5698ffbd9}","eventID":"13","version":"2","level":"4","task":"13","opcode":"0","keywords":"0x8000000000000000","systemTime":"2026-10-02T13:37:23.1321825Z","eventRecordID":"14926","processID":"3504","threadID":"4956","channel":"Microsoft-Windows-Sysmon/Operational","computer":"DESKTOP-5OG7C28","severityValue":"INFORMATION","message":"\"Registry value set:\r\nRuleName: T1176\r\nEventType: SetValue\r\nUtcTime: 2026-10-02 13:37:23.130\r\nProcessGuid: {4b2ce92d-b34e-6abf-8d02-000000001400}\r\nProcessId: 2440\r\nImage: C:\\Program Files (x86)\\Microsoft\\EdgeUpdate\\Install\\{B6A4972A-04A1-4EA4-83CA-676CCD5C737C}\\EDGEMITMP_BB81F.tmp\\setup.exe\r\nTargetObject: HKLM\\SOFTWARE\\WOW6432Node\\Microsoft\\Windows\\CurrentVersion\\Explorer\\Browser Helper Objects\\{1FD49718-1D00-4B19-AF5F-070AF6D5D54C}\\(Default)\r\nDetails: IEToEdge BHO\r\nUser: NT AUTHORITY\\SYSTEM\""},"eventdata":{"ruleName":"T1176","eventType":"SetValue","utcTime":"2026-10-02 13:37:23.130","processGuid":"{4b2ce92d-b34e-6abf-8d02-000000001400}","processId":"2440","image":"C:\\\\Program Files (x86)\\\\Microsoft\\\\EdgeUpdate\\\\Install\\\\{B6A4972A-04A1-4EA4-83CA-676CCD5C737C}\\\\EDGEMITMP_BB81F.tmp\\\\setup.exe","targetObject":"HKLM\\\\SOFTWARE\\\\WOW6432Node\\\\Microsoft\\\\Windows\\\\CurrentVersion\\\\Explorer\\\\Browser Helper Objects\\\\{1FD49718-1D00-4B19-AF5F-070AF6D5D54C}\\\\(Default)","details":"IEToEdge BHO","user":"NT AUTHORITY\\\\SYSTEM"}}},"location":"EventChannel"}
{"timestamp":"2026-10-02T15:37:22.835+0200","agent":{"id":"001","name":"Windows_VM","ip":"192.168.232.130"},"manager":{"name":"dcasey-virtual-machine"},"id":"1790948242.321646","full_log":"{\"win\":{\"system\":{\"providerName\":\"Microsoft-Windows-Sysmon\",\"providerGuid\":\"{5770385f-c22a-43e0-bf4c-06f5698ffbd9}\",\"eventID\":\"13\",\"version\":\"2\",\"level\":\"4\",\"task\":\"13\",\"opcode\":\"0\",\"keywords\":\"0x8000000000000000\",\"systemTime\":\"2026-10-02T13:37:23.1326663Z\",\"eventRecordID\":\"14927\",\"processID\":\"3504\",\"threadID\":\"4956\",\"channel\":\"Microsoft-Windows-Sysmon/Operational\",\"computer\":\"DESKTOP-5OG7C28\",\"severityValue\":\"INFORMATION\",\"message\":\"\\\"Registry value set:\\r\\nRuleName: T1176\\r\\nEventType: SetValue\\r\\nUtcTime: 2026-10-02 13:37:23.132\\r\\nProcessGuid: {4b2ce92d-b34e-6abf-8d02-000000001400}\\r\\nProcessId: 2440\\r\\nImage: C:\\\\Program Files (x86)\\\\Microsoft\\\\EdgeUpdate\\\\Install\\\\{B6A4972A-04A1-4EA4-83CA-676CCD5C737C}\\\\EDGEMITMP_BB81F.tmp\\\\setup.exe\\r\\nTargetObject: HKLM\\\\SOFTWARE\\\\Microsoft\\\\Windows\\\\CurrentVersion\\\\Explorer\\\\Browser Helper Objects\\\\{1FD49718-1D00-4B19-AF5F-070AF6D5D54C}\\\\NoExplorer\\r\\nDetails: 1\\r\\nUser: NT AUTHORITY\\\\SYSTEM\\\"\"},\"eventdata\":{\"ruleName\":\"T1176\",\"eventType\":\"SetValue\",\"utcTime\":\"2026-10-02 13:37:23.132\",\"processGuid\":\"{4b2ce92d-b34e-6abf-8d02-000000001400}\",\"processId\":\"2440\",\"image\":\"C:\\\\\\\\Program Files (x86)\\\\\\\\Microsoft\\\\\\\\EdgeUpdate\\\\\\\\Install\\\\\\\\{B6A4972A-04A1-4EA4-83CA-676CCD5C737C}\\\\\\\\EDGEMITMP_BB81F.tmp\\\\\\\\setup.exe\",\"targetObject\":\"HKLM\\\\\\\\SOFTWARE\\\\\\\\Microsoft\\\\\\\\Windows\\\\\\\\CurrentVersion\\\\\\\\Explorer\\\\\\\\Browser Helper Objects\\\\\\\\{1FD49718-1D00-4B19-AF5F-070AF6D5D54C}\\\\\\\\NoExplorer\",\"details\":\"1\",\"user\":\"NT AUTHORITY\\\\\\\\SYSTEM\"}}}","decoder":{"name":"windows_eventchannel"},"data":{"win":{"system":{"providerName":"Microsoft-Windows-Sysmon","providerGuid":"{5770385f-c22a-43e0-bf4c-06f5698ffbd9}","eventID":"13","version":"2","level":"4","task":"13","opcode":"0","keywords":"0x8000000000000000","systemTime":"2026-10-02T13:37:23.1326663Z","eventRecordID":"14927","processID":"3504","threadID":"4956","channel":"Microsoft-Windows-Sysmon/Operational","computer":"DESKTOP-5OG7C28","severityValue":"INFORMATION","message":"\"Registry value set:\r\nRuleName: T1176\r\nEventType: SetValue\r\nUtcTime: 2026-10-02 13:37:23.132\r\nProcessGuid: {4b2ce92d-b34e-6abf-8d02-000000001400}\r\nProcessId: 2440\r\nImage: C:\\Program Files (x86)\\Microsoft\\EdgeUpdate\\Install\\{B6A4972A-04A1-4EA4-83CA-676CCD5C737C}\\EDGEMITMP_BB81F.tmp\\setup.exe\r\nTargetObject: HKLM\\SOFTWARE\\Microsoft\\Windows\\CurrentVersion\\Explorer\\Browser Helper Objects\\{1FD49718-1D00-4B19-AF5F-070AF6D5D54C}\\NoExplorer\r\nDetails: 1\r\nUser: NT AUTHORITY\\SYSTEM\""},"eventdata":{"ruleName":"T1176","eventType":"SetValue","utcTime":"2026-10-02 13:37:23.132","processGuid":"{4b2ce92d-b34e-6abf-8d02-000000001400}","processId":"2440","image":"C:\\\\Program Files (x86)\\\\Microsoft\\\\EdgeUpdate\\\\Install\\\\{B6A4972A-04A1-4EA4-83CA-676CCD5C737C}\\\\EDGEMITMP_BB81F.tmp\\\\setup.exe","targetObject":"HKLM\\\\SOFTWARE\\\\Microsoft\\\\Windows\\\\CurrentVersion\\\\Explorer\\\\Browser Helper Objects\\\\{1FD49718-1D00-4B19-AF5F-070AF6D5D54C}\\\\NoExplorer","details":"1","user":"NT AUTHORITY\\\\SYSTEM"}}},"location":"EventChannel"}
{"timestamp":"2026-10-02T15:37:22.877+0200","agent":{"id":"001","name":"Windows_VM","ip":"192.168.232.130"},"manager":{"name":"dcasey-virtual-machine"},"id":"1790948242.321646","full_log":"{\"win\":{\"system\":{\"providerName\":\"Microsoft-Windows-Sysmon\",\"providerGuid\":\"{5770385f-c22a-43e0-bf4c-06f5698ffbd9}\",\"eventID\":\"13\",\"version\":\"2\",\"level\":\"4\",\"task\":\"13\",\"opcode\":\"0\",\"keywords\":\"0x8000000000000000\",\"systemTime\":\"2026-10-02T13:37:23.1330610Z\",\"eventRecordID\":\"14928\",\"processID\":\"3504\",\"threadID\":\"4956\",\"channel\":\"Microsoft-Windows-Sysmon/Operational\",\"computer\":\"DESKTOP-5OG7C28\",\"severityValue\":\"INFORMATION\",\"message\":\"\\\"Registry value set:\\r\\nRuleName: T1176\\r\\nEventType: SetValue\\r\\nUtcTime: 2026-10-02 13:37:23.132\\r\\nProcessGuid: {4b2ce92d-b34e-6abf-8d02-000000001400}\\r\\nProcessId: 2440\\r\\nImage: C:\\\\Program Files (x86)\\\\Microsoft\\\\EdgeUpdate\\\\Install\\\\{B6A4972A-04A1-4EA4-83CA-676CCD5C737C}\\\\EDGEMITMP_BB81F.tmp\\\\setup.exe\\r\\nTargetObject: HKLM\\\\SOFTWARE\\\\WOW6432Node\\\\Microsoft\\\\Windows\\\\CurrentVersion\\\\Explorer\\\\Browser Helper Objects\\\\{1FD49718-1D00-4B19-AF5F-070AF6D5D54C}\\\\NoExplorer\\r\\nDetails: 1\\r\\nUser: NT AUTHORITY\\\\SYSTEM\\\"\"},\"eventdata\":{\"ruleName\":\"T1176\",\"eventType\":\"SetValue\",\"utcTime\":\"2026-10-02 13:37:23.132\",\"processGuid\":\"{4b2ce92d-b34e-6abf-8d02-000000001400}\",\"processId\":\"2440\",\"image\":\"C:\\\\\\\\Program Files (x86)\\\\\\\\Microsoft\\\\\\\\EdgeUpdate\\\\\\\\Install\\\\\\\\{B6A4972A-04A1-4EA4-83CA-676CCD5C737C}\\\\\\\\EDGEMITMP_BB81F.tmp\\\\\\\\setup.exe\",\"targetObject\":\"HKLM\\\\\\\\SOFTWARE\\\\\\\\WOW6432Node\\\\\\\\Microsoft\\\\\\\\Windows\\\\\\\\CurrentVersion\\\\\\\\Explorer\\\\\\\\Browser Helper Objects\\\\\\\\{1FD49718-1D00-4B19-AF5F-070AF6D5D54C}\\\\\\\\NoExplorer\",\"details\":\"1\",\"user\":\"NT AUTHORITY\\\\\\\\SYSTEM\"}}}","decoder":{"name":"windows_eventchannel"},"data":{"win":{"system":{"providerName":"Microsoft-Windows-Sysmon","providerGuid":"{5770385f-c22a-43e0-bf4c-06f5698ffbd9}","eventID":"13","version":"2","level":"4","task":"13","opcode":"0","keywords":"0x8000000000000000","systemTime":"2026-10-02T13:37:23.1330610Z","eventRecordID":"14928","processID":"3504","threadID":"4956","channel":"Microsoft-Windows-Sysmon/Operational","computer":"DESKTOP-5OG7C28","severityValue":"INFORMATION","message":"\"Registry value set:\r\nRuleName: T1176\r\nEventType: SetValue\r\nUtcTime: 2026-10-02 13:37:23.132\r\nProcessGuid: {4b2ce92d-b34e-6abf-8d02-000000001400}\r\nProcessId: 2440\r\nImage: C:\\Program Files (x86)\\Microsoft\\EdgeUpdate\\Install\\{B6A4972A-04A1-4EA4-83CA-676CCD5C737C}\\EDGEMITMP_BB81F.tmp\\setup.exe\r\nTargetObject: HKLM\\SOFTWARE\\WOW6432Node\\Microsoft\\Windows\\CurrentVersion\\Explorer\\Browser Helper Objects\\{1FD49718-1D00-4B19-AF5F-070AF6D5D54C}\\NoExplorer\r\nDetails: 1\r\nUser: NT AUTHORITY\\SYSTEM\""},"eventdata":{"ruleName":"T1176","eventType":"SetValue","utcTime":"2026-10-02 13:37:23.132","processGuid":"{4b2ce92d-b34e-6abf-8d02-000000001400}","processId":"2440","image":"C:\\\\Program Files (x86)\\\\Microsoft\\\\EdgeUpdate\\\\Install\\\\{B6A4972A-04A1-4EA4-83CA-676CCD5C737C}\\\\EDGEMITMP_BB81F.tmp\\\\setup.exe","targetObject":"HKLM\\\\SOFTWARE\\\\WOW6432Node\\\\Microsoft\\\\Windows\\\\CurrentVersion\\\\Explorer\\\\Browser Helper Objects\\\\{1FD49718-1D00-4B19-AF5F-070AF6D5D54C}\\\\NoExplorer","details":"1","user":"NT AUTHORITY\\\\SYSTEM"}}},"location":"EventChannel"}
