{"timestamp":"2026-10-02T15:50:23.601+0200","agent":{"id":"000","name":"dcasey-virtual-machine"},"manager":{"name":"dcasey-virtual-machine"},"id":"1790949023.368550","full_log":"Oct 02 13:50:21 dcasey-virtual-machine unknown[11764]: Could not delete '.meta.isrunning': No such file or directory","predecoder":{"program_name":"unknown","timestamp":"Oct 02 13:50:21","hostname":"dcasey-virtual-machine"},"decoder":{},"location":"journald"}
{"timestamp":"2026-10-02T15:50:25.599+0200","agent":{"id":"000","name":"dcasey-virtual-machine"},"manager":{"name":"dcasey-virtual-machine"},"id":"1790949025.368550","full_log":"Oct 02 13:50:23 dcasey-virtual-machine gnome-shell[2667]: Window manager warning: W4 appears to be one of the offending windows with a timestamp of 8306579.  Working around...","predecoder":{"program_name":"gnome-shell","timestamp":"Oct 02 13:50:23","hostname":"dcasey-virtual-machine"},"decoder":{},"location":"journald"}
{"timestamp":"2026-10-02T15:50:25.599+0200","agent":{"id":"000","name":"dcasey-virtual-machine"},"manager":{"name":"dcasey-virtual-machine"},"id":"1790949025.368550","full_log":"Oct 02 13:50:23 dcasey-virtual-machine gnome-shell[2667]: Window manager warning: last_user_time (8306579) is greater than comparison timestamp (8306408).  This most likely represents a buggy client sending inaccurate timestamps in messages such as _NET_ACTIVE_WINDOW.  Trying to work around...","predecoder":{"program_name":"gnome-shell","timestamp":"Oct 02 13:50:23","hostname":"dcasey-virtual-machine"},"decoder":{},"location":"journald"}
{"timestamp":"2026-10-02T15:50:26.987+0200","agent":{"id":"001","name":"Windows_VM","ip":"192.168.232.130"},"manager":{"name":"dcasey-virtual-machine"},"id":"1790949026.368550","full_log":"{\"win\":{\"system\":{\"providerName\":\"Microsoft-Windows-Sysmon\",\"providerGuid\":\"{5770385f-c22a-43e0-bf4c-06f5698ffbd9}\",\"eventID\":\"1\",\"version\":\"5\",\"level\":\"4\",\"task\":\"1\",\"opcode\":\"0\",\"keywords\":\"0x8000000000000000\",\"systemTime\":\"2026-10-02T14:50:22.1306495Z\",\"eventRecordID\":\"15060\",\"processID\":\"3504\",\"threadID\":\"4956\",\"channel\":\"Microsoft-Windows-Sysmon/Operational\",\"computer\":\"DESKTOP-5OG7C28\",\"severityValue\":\"INFORMATION\",\"message\":\"\\\"Process Create:\\r\\nRuleName: -\\r\\nUtcTime: 2026-10-02 14:50:22.124\\r\\nProcessGuid: {4b2ce92d-c4ae-6abf-2f03-000000001400}\\r\\nProcessId: 10608\\r\\nImage: C:\\\\Windows\\\\System32\\\\taskhostw.exe\\r\\nFileVersion: 10.0.26100.8328 (WinBuild.160101.0800)\\r\\nDescription: Host Process for Windows Tasks\\r\\nProduct: Microsoft® Windows® Operating System\\r\\nCompany: Microsoft Corporation\\r\\nOriginalFileName: taskhostw.exe\\r\\nCommandLine: taskhostw.exe\\r\\nCurrentDirectory: C:\\\\WINDOWS\\\\system32\\\\\\r\\nUser: NT AUTHORITY\\\\SYSTEM\\r\\nLogonGuid: {4b2ce92d-824a-6abe-e703-000000000000}\\r\\nLogonId: 0x3E7\\r\\nTerminalSessionId: 0\\r\\nIntegrityLevel: System\\r\\nHashes: MD5=9E9370331B9D14ABBA21091FFFCD1D1E,SHA256=EA8D441DF237FB3D3B7A27A95FDE186E19C94D58A618F5C29ED5FC13CB155E96,IMPHASH=2196268E7A2880E3ADC74481297D0C4B\\r\\nParentProcessGuid: {4b2ce92d-824e-6abe-2c00-000000001400}\\r\\nParentProcessId: 1268\\r\\nParentImage: C:\\\\Windows\\\\System32\\\\svchost.exe\\r\\nParentCommandLine: C:\\\\WINDOWS\\\\system32\\\\svchost.exe -k netsvcs -p -s Schedule\\r\\nParentUser: NT AUTHORITY\\\\SYSTEM\\\"\"},\"eventdata\":{\"utcTime\":\"2026-10-02 14:50:22.124\",\"processGuid\":\"{4b2ce92d-c4ae-6abf-2f03-000000001400}\",\"processId\":\"10608\",\"image\":\"C:\\\\\\\\Windows\\\\\\\\System32\\\\\\\\taskhostw.exe\",\"fileVersion\":\"10.0.26100.8328 (WinBuild.160101.0800)\",\"description\":\"Host Process for Windows Tasks\",\"product\":\"Microsoft® Windows® Operating System\",\"company\":\"Microsoft Corporation\",\"originalFileName\":\"taskhostw.exe\",\"commandLine\":\"taskhostw.exe\",\"currentDirectory\":\"C:\\\\\\\\WINDOWS\\\\\\\\system32\\\\\\\\\",\"user\":\"NT AUTHORITY\\\\\\\\SYSTEM\",\"logonGuid\":\"{4b2ce92d-824a-6abe-e703-000000000000}\",\"logonId\":\"0x3e7\",\"terminalSessionId\":\"0\",\"integrityLevel\":\"System\",\"hashes\":\"MD5=9E9370331B9D14ABBA21091FFFCD1D1E,SHA256=EA8D441DF237FB3D3B7A27A95FDE186E19C94D58A618F5C29ED5FC13CB155E96,IMPHASH=2196268E7A2880E3ADC74481297D0C4B\",\"parentProcessGuid\":\"{4b2ce92d-824e-6abe-2c00-000000001400}\",\"parentProcessId\":\"1268\",\"parentImage\":\"C:\\\\\\\\Windows\\\\\\\\System32\\\\\\\\svchost.exe\",\"parentCommandLine\":\"C:\\\\\\\\WINDOWS\\\\\\\\system32\\\\\\\\svchost.exe -k netsvcs -p -s Schedule\",\"parentUser\":\"NT AUTHORITY\\\\\\\\SYSTEM\"}}}","decoder":{"name":"windows_eventchannel"},"data":{"win":{"system":{"providerName":"Microsoft-Windows-Sysmon","providerGuid":"{5770385f-c22a-43e0-bf4c-06f5698ffbd9}","eventID":"1","version":"5","level":"4","task":"1","opcode":"0","keywords":"0x8000000000000000","systemTime":"2026-10-02T14:50:22.1306495Z","eventRecordID":"15060","processID":"3504","threadID":"4956","channel":"Microsoft-Windows-Sysmon/Operational","computer":"DESKTOP-5OG7C28","severityValue":"INFORMATION","message":"\"Process Create:\r\nRuleName: -\r\nUtcTime: 2026-10-02 14:50:22.124\r\nProcessGuid: {4b2ce92d-c4ae-6abf-2f03-000000001400}\r\nProcessId: 10608\r\nImage: C:\\Windows\\System32\\taskhostw.exe\r\nFileVersion: 10.0.26100.8328 (WinBuild.160101.0800)\r\nDescription: Host Process for Windows Tasks\r\nProduct: Microsoft® Windows® Operating System\r\nCompany: Microsoft Corporation\r\nOriginalFileName: taskhostw.exe\r\nCommandLine: taskhostw.exe\r\nCurrentDirectory: C:\\WINDOWS\\system32\\\r\nUser: NT AUTHORITY\\SYSTEM\r\nLogonGuid: {4b2ce92d-824a-6abe-e703-000000000000}\r\nLogonId: 0x3E7\r\nTerminalSessionId: 0\r\nIntegrityLevel: System\r\nHashes: MD5=9E9370331B9D14ABBA21091FFFCD1D1E,SHA256=EA8D441DF237FB3D3B7A27A95FDE186E19C94D58A618F5C29ED5FC13CB155E96,IMPHASH=2196268E7A2880E3ADC74481297D0C4B\r\nParentProcessGuid: {4b2ce92d-824e-6abe-2c00-000000001400}\r\nParentProcessId: 1268\r\nParentImage: C:\\Windows\\System32\\svchost.exe\r\nParentCommandLine: C:\\WINDOWS\\system32\\svchost.exe -k netsvcs -p -s Schedule\r\nParentUser: NT AUTHORITY\\SYSTEM\""},"eventdata":{"utcTime":"2026-10-02 14:50:22.124","processGuid":"{4b2ce92d-c4ae-6abf-2f03-000000001400}","processId":"10608","image":"C:\\\\Windows\\\\System32\\\\taskhostw.exe","fileVersion":"10.0.26100.8328 (WinBuild.160101.0800)","description":"Host Process for Windows Tasks","product":"Microsoft® Windows® Operating System","company":"Microsoft Corporation","originalFileName":"taskhostw.exe","commandLine":"taskhostw.exe","currentDirectory":"C:\\\\WINDOWS\\\\system32\\\\","user":"NT AUTHORITY\\\\SYSTEM","logonGuid":"{4b2ce92d-824a-6abe-e703-000000000000}","logonId":"0x3e7","terminalSessionId":"0","integrityLevel":"System","hashes":"MD5=9E9370331B9D14ABBA21091FFFCD1D1E,SHA256=EA8D441DF237FB3D3B7A27A95FDE186E19C94D58A618F5C29ED5FC13CB155E96,IMPHASH=2196268E7A2880E3ADC74481297D0C4B","parentProcessGuid":"{4b2ce92d-824e-6abe-2c00-000000001400}","parentProcessId":"1268","parentImage":"C:\\\\Windows\\\\System32\\\\svchost.exe","parentCommandLine":"C:\\\\WINDOWS\\\\system32\\\\svchost.exe -k netsvcs -p -s Schedule","parentUser":"NT AUTHORITY\\\\SYSTEM"}}},"location":"EventChannel"}
{"timestamp":"2026-10-02T15:50:35.902+0200","agent":{"id":"001","name":"Windows_VM","ip":"192.168.232.130"},"manager":{"name":"dcasey-virtual-machine"},"id":"1790949035.368550","full_log":"{\"win\":{\"system\":{\"providerName\":\"Microsoft-Windows-Sysmon\",\"providerGuid\":\"{5770385f-c22a-43e0-bf4c-06f5698ffbd9}\",\"eventID\":\"3\",\"version\":\"5\",\"level\":\"4\",\"task\":\"3\",\"opcode\":\"0\",\"keywords\":\"0x8000000000000000\",\"systemTime\":\"2026-10-02T14:50:31.0437565Z\",\"eventRecordID\":\"15061\",\"processID\":\"3504\",\"threadID\":\"4320\",\"channel\":\"Microsoft-Windows-Sysmon/Operational\",\"computer\":\"DESKTOP-5OG7C28\",\"severityValue\":\"INFORMATION\",\"message\":\"\\\"Network connection detected:\\r\\nRuleName: Usermode\\r\\nUtcTime: 2026-10-02 13:50:34.001\\r\\nProcessGuid: {4b2ce92d-83da-6abe-7c01-000000001400}\\r\\nProcessId: 5380\\r\\nImage: C:\\\\Users\\\\Darragh Casey\\\\AppData\\\\Local\\\\Microsoft\\\\OneDrive\\\\26.168.0830.0006\\\\OneDrive.Sync.Service.exe\\r\\nUser: DESKTOP-5OG7C28\\\\Darragh Casey\\r\\nProtocol: tcp\\r\\nInitiated: true\\r\\nSourceIsIpv6: false\\r\\nSourceIp: 192.168.232.130\\r\\nSourceHostname: DESKTOP-5OG7C28.localdomain\\r\\nSourcePort: 54318\\r\\nSourcePortName: -\\r\\nDestinationIsIpv6: false\\r\\nDestinationIp: 4.150.223.104\\r\\nDestinationHostname: -\\r\\nDestinationPort: 443\\r\\nDestinationPortName: https\\\"\"},\"eventdata\":{\"ruleName\":\"Usermode\",\"utcTime\":\"2026-10-02 13:50:34.001\",\"processGuid\":\"{4b2ce92d-83da-6abe-7c01-000000001400}\",\"processId\":\"5380\",\"image\":\"C:\\\\\\\\Users\\\\\\\\Darragh Casey\\\\\\\\AppData\\\\\\\\Local\\\\\\\\Microsoft\\\\\\\\OneDrive\\\\\\\\26.168.0830.0006\\\\\\\\OneDrive.Sync.Service.exe\",\"user\":\"DESKTOP-5OG7C28\\\\\\\\Darragh Casey\",\"protocol\":\"tcp\",\"initiated\":\"true\",\"sourceIsIpv6\":\"false\",\"sourceIp\":\"192.168.232.130\",\"sourceHostname\":\"DESKTOP-5OG7C28.localdomain\",\"sourcePort\":\"54318\",\"destinationIsIpv6\":\"false\",\"destinationIp\":\"4.150.223.104\",\"destinationPort\":\"443\",\"destinationPortName\":\"https\"}}}","decoder":{"name":"windows_eventchannel"},"data":{"win":{"system":{"providerName":"Microsoft-Windows-Sysmon","providerGuid":"{5770385f-c22a-43e0-bf4c-06f5698ffbd9}","eventID":"3","version":"5","level":"4","task":"3","opcode":"0","keywords":"0x8000000000000000","systemTime":"2026-10-02T14:50:31.0437565Z","eventRecordID":"15061","processID":"3504","threadID":"4320","channel":"Microsoft-Windows-Sysmon/Operational","computer":"DESKTOP-5OG7C28","severityValue":"INFORMATION","message":"\"Network connection detected:\r\nRuleName: Usermode\r\nUtcTime: 2026-10-02 13:50:34.001\r\nProcessGuid: {4b2ce92d-83da-6abe-7c01-000000001400}\r\nProcessId: 5380\r\nImage: C:\\Users\\Darragh Casey\\AppData\\Local\\Microsoft\\OneDrive\\26.168.0830.0006\\OneDrive.Sync.Service.exe\r\nUser: DESKTOP-5OG7C28\\Darragh Casey\r\nProtocol: tcp\r\nInitiated: true\r\nSourceIsIpv6: false\r\nSourceIp: 192.168.232.130\r\nSourceHostname: DESKTOP-5OG7C28.localdomain\r\nSourcePort: 54318\r\nSourcePortName: -\r\nDestinationIsIpv6: false\r\nDestinationIp: 4.150.223.104\r\nDestinationHostname: -\r\nDestinationPort: 443\r\nDestinationPortName: https\""},"eventdata":{"ruleName":"Usermode","utcTime":"2026-10-02 13:50:34.001","processGuid":"{4b2ce92d-83da-6abe-7c01-000000001400}","processId":"5380","image":"C:\\\\Users\\\\Darragh Casey\\\\AppData\\\\Local\\\\Microsoft\\\\OneDrive\\\\26.168.0830.0006\\\\OneDrive.Sync.Service.exe","user":"DESKTOP-5OG7C28\\\\Darragh Casey","protocol":"tcp","initiated":"true","sourceIsIpv6":"false","sourceIp":"192.168.232.130","sourceHostname":"DESKTOP-5OG7C28.localdomain","sourcePort":"54318","destinationIsIpv6":"false","destinationIp":"4.150.223.104","destinationPort":"443","destinationPortName":"https"}}},"location":"EventChannel"}
{"timestamp":"2026-10-02T15:50:39.604+0200","agent":{"id":"000","name":"dcasey-virtual-machine"},"manager":{"name":"dcasey-virtual-machine"},"id":"1790949039.368550","full_log":"Oct 02 13:50:38 dcasey-virtual-machine systemd[1]: fprintd.service: Deactivated successfully.","predecoder":{"program_name":"systemd","timestamp":"Oct 02 13:50:38","hostname":"dcasey-virtual-machine"},"decoder":{"name":"systemd"},"location":"journald"}
