{"timestamp":"2026-10-02T15:40:20.859+0200","agent":{"id":"001","name":"Windows_VM","ip":"192.168.232.130"},"manager":{"name":"dcasey-virtual-machine"},"id":"1790948420.330865","full_log":"{\"win\":{\"system\":{\"providerName\":\"Microsoft-Windows-Sysmon\",\"providerGuid\":\"{5770385f-c22a-43e0-bf4c-06f5698ffbd9}\",\"eventID\":\"1\",\"version\":\"5\",\"level\":\"4\",\"task\":\"1\",\"opcode\":\"0\",\"keywords\":\"0x8000000000000000\",\"systemTime\":\"2026-10-02T13:40:20.9932140Z\",\"eventRecordID\":\"14980\",\"processID\":\"3504\",\"threadID\":\"4956\",\"channel\":\"Microsoft-Windows-Sysmon/Operational\",\"computer\":\"DESKTOP-5OG7C28\",\"severityValue\":\"INFORMATION\",\"message\":\"\\\"Process Create:\\r\\nRuleName: -\\r\\nUtcTime: 2026-10-02 13:40:20.986\\r\\nProcessGuid: {4b2ce92d-b444-6abf-bc02-000000001400}\\r\\nProcessId: 2716\\r\\nImage: C:\\\\Program Files (x86)\\\\Microsoft\\\\EdgeUpdate\\\\MicrosoftEdgeUpdate.exe\\r\\nFileVersion: 1.3.271.7\\r\\nDescription: Microsoft Edge Update\\r\\nProduct: Microsoft Edge Update\\r\\nCompany: Microsoft Corporation\\r\\nOriginalFileName: MicrosoftEdgeUpdate.exe\\r\\nCommandLine: \\\"C:\\\\Program Files (x86)\\\\Microsoft\\\\EdgeUpdate\\\\MicrosoftEdgeUpdate.exe\\\" /ua /installsource scheduler\\r\\nCurrentDirectory: C:\\\\WINDOWS\\\\system32\\\\\\r\\nUser: NT AUTHORITY\\\\SYSTEM\\r\\nLogonGuid: {4b2ce92d-824a-6abe-e703-000000000000}\\r\\nLogonId: 0x3E7\\r\\nTerminalSessionId: 0\\r\\nIntegrityLevel: System\\r\\nHashes: MD5=5773A83436600F9CC768C646385AF4FE,SHA256=5497DD84321887D18B62FAE35689EA4A7D07CAD7840853B2BB50BBF7BFAC365E,IMPHASH=CD3B2D99C6655A5D4A14E30E380F5BF9\\r\\nParentProcessGuid: {00000000-0000-0000-0000-000000000000}\\r\\nParentProcessId: 1268\\r\\nParentImage: -\\r\\nParentCommandLine: -\\r\\nParentUser: -\\\"\"},\"eventdata\":{\"utcTime\":\"2026-10-02 13:40:20.986\",\"processGuid\":\"{4b2ce92d-b444-6abf-bc02-000000001400}\",\"processId\":\"2716\",\"image\":\"C:\\\\\\\\Program Files (x86)\\\\\\\\Microsoft\\\\\\\\EdgeUpdate\\\\\\\\MicrosoftEdgeUpdate.exe\",\"fileVersion\":\"1.3.271.7\",\"description\":\"Microsoft Edge Update\",\"product\":\"Microsoft Edge Update\",\"company\":\"Microsoft Corporation\",\"originalFileName\":\"MicrosoftEdgeUpdate.exe\",\"commandLine\":\"\\\\\\\"C:\\\\\\\\Program Files (x86)\\\\\\\\Microsoft\\\\\\\\EdgeUpdate\\\\\\\\MicrosoftEdgeUpdate.exe\\\\\\\" /ua /installsource scheduler\",\"currentDirectory\":\"C:\\\\\\\\WINDOWS\\\\\\\\system32\\\\\\\\\",\"user\":\"NT AUTHORITY\\\\\\\\SYSTEM\",\"logonGuid\":\"{4b2ce92d-824a-6abe-e703-000000000000}\",\"logonId\":\"0x3e7\",\"terminalSessionId\":\"0\",\"integrityLevel\":\"System\",\"hashes\":\"MD5=5773A83436600F9CC768C646385AF4FE,SHA256=5497DD84321887D18B62FAE35689EA4A7D07CAD7840853B2BB50BBF7BFAC365E,IMPHASH=CD3B2D99C6655A5D4A14E30E380F5BF9\",\"parentProcessGuid\":\"{00000000-0000-0000-0000-000000000000}\",\"parentProcessId\":\"1268\"}}}","decoder":{"name":"windows_eventchannel"},"data":{"win":{"system":{"providerName":"Microsoft-Windows-Sysmon","providerGuid":"{5770385f-c22a-43e0-bf4c-06f5698ffbd9}","eventID":"1","version":"5","level":"4","task":"1","opcode":"0","keywords":"0x8000000000000000","systemTime":"2026-10-02T13:40:20.9932140Z","eventRecordID":"14980","processID":"3504","threadID":"4956","channel":"Microsoft-Windows-Sysmon/Operational","computer":"DESKTOP-5OG7C28","severityValue":"INFORMATION","message":"\"Process Create:\r\nRuleName: -\r\nUtcTime: 2026-10-02 13:40:20.986\r\nProcessGuid: {4b2ce92d-b444-6abf-bc02-000000001400}\r\nProcessId: 2716\r\nImage: C:\\Program Files (x86)\\Microsoft\\EdgeUpdate\\MicrosoftEdgeUpdate.exe\r\nFileVersion: 1.3.271.7\r\nDescription: Microsoft Edge Update\r\nProduct: Microsoft Edge Update\r\nCompany: Microsoft Corporation\r\nOriginalFileName: MicrosoftEdgeUpdate.exe\r\nCommandLine: \"C:\\Program Files (x86)\\Microsoft\\EdgeUpdate\\MicrosoftEdgeUpdate.exe\" /ua /installsource scheduler\r\nCurrentDirectory: C:\\WINDOWS\\system32\\\r\nUser: NT AUTHORITY\\SYSTEM\r\nLogonGuid: {4b2ce92d-824a-6abe-e703-000000000000}\r\nLogonId: 0x3E7\r\nTerminalSessionId: 0\r\nIntegrityLevel: System\r\nHashes: MD5=5773A83436600F9CC768C646385AF4FE,SHA256=5497DD84321887D18B62FAE35689EA4A7D07CAD7840853B2BB50BBF7BFAC365E,IMPHASH=CD3B2D99C6655A5D4A14E30E380F5BF9\r\nParentProcessGuid: {00000000-0000-0000-0000-000000000000}\r\nParentProcessId: 1268\r\nParentImage: -\r\nParentCommandLine: -\r\nParentUser: -\""},"eventdata":{"utcTime":"2026-10-02 13:40:20.986","processGuid":"{4b2ce92d-b444-6abf-bc02-000000001400}","processId":"2716","image":"C:\\\\Program Files (x86)\\\\Microsoft\\\\EdgeUpdate\\\\MicrosoftEdgeUpdate.exe","fileVersion":"1.3.271.7","description":"Microsoft Edge Update","product":"Microsoft Edge Update","company":"Microsoft Corporation","originalFileName":"MicrosoftEdgeUpdate.exe","commandLine":"\\\"C:\\\\Program Files (x86)\\\\Microsoft\\\\EdgeUpdate\\\\MicrosoftEdgeUpdate.exe\\\" /ua /installsource scheduler","currentDirectory":"C:\\\\WINDOWS\\\\system32\\\\","user":"NT AUTHORITY\\\\SYSTEM","logonGuid":"{4b2ce92d-824a-6abe-e703-000000000000}","logonId":"0x3e7","terminalSessionId":"0","integrityLevel":"System","hashes":"MD5=5773A83436600F9CC768C646385AF4FE,SHA256=5497DD84321887D18B62FAE35689EA4A7D07CAD7840853B2BB50BBF7BFAC365E,IMPHASH=CD3B2D99C6655A5D4A14E30E380F5BF9","parentProcessGuid":"{00000000-0000-0000-0000-000000000000}","parentProcessId":"1268"}}},"location":"EventChannel"}
{"timestamp":"2026-10-02T15:40:20.902+0200","agent":{"id":"001","name":"Windows_VM","ip":"192.168.232.130"},"manager":{"name":"dcasey-virtual-machine"},"id":"1790948420.330865","full_log":"{\"win\":{\"system\":{\"providerName\":\"Microsoft-Windows-Sysmon\",\"providerGuid\":\"{5770385f-c22a-43e0-bf4c-06f5698ffbd9}\",\"eventID\":\"1\",\"version\":\"5\",\"level\":\"4\",\"task\":\"1\",\"opcode\":\"0\",\"keywords\":\"0x8000000000000000\",\"systemTime\":\"2026-10-02T13:40:21.2724675Z\",\"eventRecordID\":\"14981\",\"processID\":\"3504\",\"threadID\":\"4956\",\"channel\":\"Microsoft-Windows-Sysmon/Operational\",\"computer\":\"DESKTOP-5OG7C28\",\"severityValue\":\"INFORMATION\",\"message\":\"\\\"Process Create:\\r\\nRuleName: -\\r\\nUtcTime: 2026-10-02 13:40:21.269\\r\\nProcessGuid: {4b2ce92d-b445-6abf-bd02-000000001400}\\r\\nProcessId: 9200\\r\\nImage: C:\\\\Windows\\\\UUS\\\\amd64\\\\MoUsoCoreWorker.exe\\r\\nFileVersion: 1509.2608.11022.0\\r\\nDescription: MoUSO Core Worker Process\\r\\nProduct: Microsoft® Windows® Operating System\\r\\nCompany: Microsoft Corporation\\r\\nOriginalFileName: MoUSOCoreWorker.exe\\r\\nCommandLine: \\\"C:\\\\WINDOWS\\\\uus\\\\AMD64\\\\MoUsoCoreWorker.exe\\\" useprivatenamespaces\\r\\nCurrentDirectory: C:\\\\WINDOWS\\\\system32\\\\\\r\\nUser: NT AUTHORITY\\\\SYSTEM\\r\\nLogonGuid: {4b2ce92d-824a-6abe-e703-000000000000}\\r\\nLogonId: 0x3E7\\r\\nTerminalSessionId: 0\\r\\nIntegrityLevel: System\\r\\nHashes: MD5=CAC872010E2ABE5E5090E7E3A0EED549,SHA256=C3848A3136ACD302B13A0D930B2C7E7A44CCC31D5D5758FD55F06C178731383B,IMPHASH=6FD201EF140EA230B8153D94C2A4D885\\r\\nParentProcessGuid: {00000000-0000-0000-0000-000000000000}\\r\\nParentProcessId: 2688\\r\\nParentImage: -\\r\\nParentCommandLine: -\\r\\nParentUser: -\\\"\"},\"eventdata\":{\"utcTime\":\"2026-10-02 13:40:21.269\",\"processGuid\":\"{4b2ce92d-b445-6abf-bd02-000000001400}\",\"processId\":\"9200\",\"image\":\"C:\\\\\\\\Windows\\\\\\\\UUS\\\\\\\\amd64\\\\\\\\MoUsoCoreWorker.exe\",\"fileVersion\":\"1509.2608.11022.0\",\"description\":\"MoUSO Core Worker Process\",\"product\":\"Microsoft® Windows® Operating System\",\"company\":\"Microsoft Corporation\",\"originalFileName\":\"MoUSOCoreWorker.exe\",\"commandLine\":\"\\\\\\\"C:\\\\\\\\WINDOWS\\\\\\\\uus\\\\\\\\AMD64\\\\\\\\MoUsoCoreWorker.exe\\\\\\\" useprivatenamespaces\",\"currentDirectory\":\"C:\\\\\\\\WINDOWS\\\\\\\\system32\\\\\\\\\",\"user\":\"NT AUTHORITY\\\\\\\\SYSTEM\",\"logonGuid\":\"{4b2ce92d-824a-6abe-e703-000000000000}\",\"logonId\":\"0x3e7\",\"terminalSessionId\":\"0\",\"integrityLevel\":\"System\",\"hashes\":\"MD5=CAC872010E2ABE5E5090E7E3A0EED549,SHA256=C3848A3136ACD302B13A0D930B2C7E7A44CCC31D5D5758FD55F06C178731383B,IMPHASH=6FD201EF140EA230B8153D94C2A4D885\",\"parentProcessGuid\":\"{00000000-0000-0000-0000-000000000000}\",\"parentProcessId\":\"2688\"}}}","decoder":{"name":"windows_eventchannel"},"data":{"win":{"system":{"providerName":"Microsoft-Windows-Sysmon","providerGuid":"{5770385f-c22a-43e0-bf4c-06f5698ffbd9}","eventID":"1","version":"5","level":"4","task":"1","opcode":"0","keywords":"0x8000000000000000","systemTime":"2026-10-02T13:40:21.2724675Z","eventRecordID":"14981","processID":"3504","threadID":"4956","channel":"Microsoft-Windows-Sysmon/Operational","computer":"DESKTOP-5OG7C28","severityValue":"INFORMATION","message":"\"Process Create:\r\nRuleName: -\r\nUtcTime: 2026-10-02 13:40:21.269\r\nProcessGuid: {4b2ce92d-b445-6abf-bd02-000000001400}\r\nProcessId: 9200\r\nImage: C:\\Windows\\UUS\\amd64\\MoUsoCoreWorker.exe\r\nFileVersion: 1509.2608.11022.0\r\nDescription: MoUSO Core Worker Process\r\nProduct: Microsoft® Windows® Operating System\r\nCompany: Microsoft Corporation\r\nOriginalFileName: MoUSOCoreWorker.exe\r\nCommandLine: \"C:\\WINDOWS\\uus\\AMD64\\MoUsoCoreWorker.exe\" useprivatenamespaces\r\nCurrentDirectory: C:\\WINDOWS\\system32\\\r\nUser: NT AUTHORITY\\SYSTEM\r\nLogonGuid: {4b2ce92d-824a-6abe-e703-000000000000}\r\nLogonId: 0x3E7\r\nTerminalSessionId: 0\r\nIntegrityLevel: System\r\nHashes: MD5=CAC872010E2ABE5E5090E7E3A0EED549,SHA256=C3848A3136ACD302B13A0D930B2C7E7A44CCC31D5D5758FD55F06C178731383B,IMPHASH=6FD201EF140EA230B8153D94C2A4D885\r\nParentProcessGuid: {00000000-0000-0000-0000-000000000000}\r\nParentProcessId: 2688\r\nParentImage: -\r\nParentCommandLine: -\r\nParentUser: -\""},"eventdata":{"utcTime":"2026-10-02 13:40:21.269","processGuid":"{4b2ce92d-b445-6abf-bd02-000000001400}","processId":"9200","image":"C:\\\\Windows\\\\UUS\\\\amd64\\\\MoUsoCoreWorker.exe","fileVersion":"1509.2608.11022.0","description":"MoUSO Core Worker Process","product":"Microsoft® Windows® Operating System","company":"Microsoft Corporation","originalFileName":"MoUSOCoreWorker.exe","commandLine":"\\\"C:\\\\WINDOWS\\\\uus\\\\AMD64\\\\MoUsoCoreWorker.exe\\\" useprivatenamespaces","currentDirectory":"C:\\\\WINDOWS\\\\system32\\\\","user":"NT AUTHORITY\\\\SYSTEM","logonGuid":"{4b2ce92d-824a-6abe-e703-000000000000}","logonId":"0x3e7","terminalSessionId":"0","integrityLevel":"System","hashes":"MD5=CAC872010E2ABE5E5090E7E3A0EED549,SHA256=C3848A3136ACD302B13A0D930B2C7E7A44CCC31D5D5758FD55F06C178731383B,IMPHASH=6FD201EF140EA230B8153D94C2A4D885","parentProcessGuid":"{00000000-0000-0000-0000-000000000000}","parentProcessId":"2688"}}},"location":"EventChannel"}
{"timestamp":"2026-10-02T15:40:22.011+0200","agent":{"id":"000","name":"dcasey-virtual-machine"},"manager":{"name":"dcasey-virtual-machine"},"id":"1790948422.330865","full_log":"ossec: output: 'df -P': Filesystem     1024-blocks     Used Available Capacity Mounted on","decoder":{"name":"ossec"},"location":"df -P"}
{"timestamp":"2026-10-02T15:40:22.011+0200","agent":{"id":"000","name":"dcasey-virtual-machine"},"manager":{"name":"dcasey-virtual-machine"},"id":"1790948422.330865","full_log":"ossec: output: 'df -P': /dev/sda3         50902716 26333832  22272212      55% /","decoder":{"name":"ossec"},"location":"df -P"}
{"timestamp":"2026-10-02T15:40:22.011+0200","agent":{"id":"000","name":"dcasey-virtual-machine"},"manager":{"name":"dcasey-virtual-machine"},"id":"1790948422.330865","full_log":"ossec: output: 'df -P': tmpfs               808392     1996    806396       1% /run","decoder":{"name":"ossec"},"location":"df -P"}
{"timestamp":"2026-10-02T15:40:22.011+0200","agent":{"id":"000","name":"dcasey-virtual-machine"},"manager":{"name":"dcasey-virtual-machine"},"id":"1790948422.330865","full_log":"ossec: output: 'df -P': /dev/sda2           524252     6232    518020       2% /boot/efi","decoder":{"name":"ossec"},"location":"df -P"}
{"timestamp":"2026-10-02T15:40:22.011+0200","agent":{"id":"000","name":"dcasey-virtual-machine"},"manager":{"name":"dcasey-virtual-machine"},"id":"1790948422.330865","full_log":"ossec: output: 'df -P': tmpfs                 5120        4      5116       1% /run/lock","decoder":{"name":"ossec"},"location":"df -P"}
{"timestamp":"2026-10-02T15:40:22.011+0200","agent":{"id":"000","name":"dcasey-virtual-machine"},"manager":{"name":"dcasey-virtual-machine"},"id":"1790948422.330865","full_log":"ossec: output: 'df -P': tmpfs               808388      100    808288       1% /run/user/1000","decoder":{"name":"ossec"},"location":"df -P"}
{"timestamp":"2026-10-02T15:40:22.011+0200","agent":{"id":"000","name":"dcasey-virtual-machine"},"manager":{"name":"dcasey-virtual-machine"},"id":"1790948422.330865","full_log":"ossec: output: 'df -P': /dev/sr1           4651082  4651082         0     100% /media/dcasey/Ubuntu 22.04.5 LTS amd64","decoder":{"name":"ossec"},"location":"df -P"}
{"timestamp":"2026-10-02T15:40:22.011+0200","agent":{"id":"000","name":"dcasey-virtual-machine"},"manager":{"name":"dcasey-virtual-machine"},"id":"1790948422.330865","full_log":"ossec: output: 'df -P': /dev/sr0            160192   160192         0     100% /media/dcasey/CDROM","decoder":{"name":"ossec"},"location":"df -P"}
{"timestamp":"2026-10-02T15:40:22.011+0200","agent":{"id":"000","name":"dcasey-virtual-machine"},"manager":{"name":"dcasey-virtual-machine"},"id":"1790948422.330865","full_log":"ossec: output: 'df -P': tmpfs              4041956       80   4041876       1% /dev/shm","decoder":{"name":"ossec"},"location":"df -P"}
{"timestamp":"2026-10-02T15:40:22.023+0200","agent":{"id":"000","name":"dcasey-virtual-machine"},"manager":{"name":"dcasey-virtual-machine"},"id":"1790948422.330865","full_log":"ossec: output: 'last -n 20':\ndcasey   tty2         tty2             Thu Oct  1 16:57    gone - no logout\nreboot   system boot  6.8.0-138-generi Thu Oct  1 16:56   still running\ndcasey   tty2         tty2             Sun Sep 27 13:36 - crash (4+03:20)\nreboot   system boot  6.8.0-138-generi Sun Sep 27 13:35   still running\ndcasey   tty2         tty2             Fri Sep 25 16:46 - down  (1+20:47)\nreboot   system boot  6.8.0-138-generi Fri Sep 25 16:15 - 13:34 (1+21:19)\ndcasey   tty2         tty2             Thu Sep 10 12:16 - crash (15+03:58)\nreboot   system boot  6.8.0-138-generi Thu Sep 10 12:12 - 13:34 (17+01:21)\ndcasey   tty2         tty2             Tue Sep  8 16:20 - crash (1+19:52)\nreboot   system boot  6.8.0-138-generi Tue Sep  8 16:17 - 13:34 (18+21:17)\ndcasey   tty2         tty2             Mon Sep  7 15:46 - down   (06:10)\nreboot   system boot  6.8.0-138-generi Mon Sep  7 15:44 - 21:56  (06:11)\ndcasey   tty2         tty2             Mon Sep  7 12:16 - down   (03:06)\nreboot   system boot  6.8.0-138-generi Mon Sep  7 12:16 - 15:23  (03:06)\ndcasey   tty2         tty2             Mon Sep  7 11:49 - down   (00:26)\nreboot   system boot  6.8.0-138-generi Mon Sep  7 11:48 - 12:15  (00:26)\ndcasey   tty2         tty2             Mon Sep  7 10:55 - down   (00:52)\nreboot   system boot  6.8.0-138-generi Mon Sep  7 10:54 - 11:47  (00:53)\ndcasey   tty2         tty2             Fri Sep  4 13:07 - down  (2+08:17)\nreboot   system boot  6.8.0-138-generi Fri Sep  4 13:06 - 21:25 (2+08:19)\nwtmp begins Tue Sep  1 11:03:38 2026","decoder":{"name":"ossec"},"location":"last -n 20"}
{"timestamp":"2026-10-02T15:40:22.140+0200","agent":{"id":"001","name":"Windows_VM","ip":"192.168.232.130"},"manager":{"name":"dcasey-virtual-machine"},"id":"1790948422.330865","full_log":"{\"win\":{\"system\":{\"providerName\":\"Microsoft-Windows-Security-Auditing\",\"providerGuid\":\"{54849625-5478-4994-a5ba-3e3b0328c30d}\",\"eventID\":\"4624\",\"version\":\"3\",\"level\":\"0\",\"task\":\"12544\",\"opcode\":\"0\",\"keywords\":\"0x8020000000000000\",\"systemTime\":\"2026-10-02T13:40:22.1750780Z\",\"eventRecordID\":\"54014\",\"processID\":\"820\",\"threadID\":\"8572\",\"channel\":\"Security\",\"computer\":\"DESKTOP-5OG7C28\",\"severityValue\":\"AUDIT_SUCCESS\",\"message\":\"\\\"An account was successfully logged on.\\r\\n\\r\\nSubject:\\r\\n\\tSecurity ID:\\t\\tS-1-5-18\\r\\n\\tAccount Name:\\t\\tDESKTOP-5OG7C28$\\r\\n\\tAccount Domain:\\t\\tWORKGROUP\\r\\n\\tLogon ID:\\t\\t0x3E7\\r\\n\\r\\nLogon Information:\\r\\n\\tLogon Type:\\t\\t5\\r\\n\\tRestricted Admin Mode:\\t-\\r\\n\\tRemote Credential Guard:\\t-\\r\\n\\tVirtual Account:\\t\\tNo\\r\\n\\tElevated Token:\\t\\tYes\\r\\n\\r\\nImpersonation Level:\\t\\tImpersonation\\r\\n\\r\\nNew Logon:\\r\\n\\tSecurity ID:\\t\\tS-1-5-18\\r\\n\\tAccount Name:\\t\\tSYSTEM\\r\\n\\tAccount Domain:\\t\\tNT AUTHORITY\\r\\n\\tLogon ID:\\t\\t0x3E7\\r\\n\\tLinked Logon ID:\\t\\t0x0\\r\\n\\tNetwork Account Name:\\t-\\r\\n\\tNetwork Account Domain:\\t-\\r\\n\\tLogon GUID:\\t\\t{00000000-0000-0000-0000-000000000000}\\r\\n\\r\\nProcess Information:\\r\\n\\tProcess ID:\\t\\t0x32c\\r\\n\\tProcess Name:\\t\\tC:\\\\Windows\\\\System32\\\\services.exe\\r\\n\\r\\nNetwork Information:\\r\\n\\tWorkstation Name:\\t-\\r\\n\\tSource Network Address:\\t-\\r\\n\\tSource Port:\\t\\t-\\r\\n\\r\\nDetailed Authentication Information:\\r\\n\\tLogon Process:\\t\\tAdvapi  \\r\\n\\tAuthentication Package:\\tNegotiate\\r\\n\\tTransited Services:\\t-\\r\\n\\tPackage Name (NTLM only):\\t-\\r\\n\\tKey Length:\\t\\t0\\r\\n\\r\\nThis event is generated when a logon session is created. It is generated on the computer that was accessed.\\r\\n\\r\\nThe subject fields indicate the account on the local system which requested the logon. This is most commonly a service such as the Server service, or a local process such as Winlogon.exe or Services.exe.\\r\\n\\r\\nThe logon type field indicates the kind of logon that occurred. The most common types are 2 (interactive) and 3 (network).\\r\\n\\r\\nThe New Logon fields indicate the account for whom the new logon was created, i.e. the account that was logged on.\\r\\n\\r\\nThe network fields indicate where a remote logon request originated. Workstation name is not always available and may be left blank in some cases.\\r\\n\\r\\nThe impersonation level field indicates the extent to which a process in the logon session can impersonate.\\r\\n\\r\\nThe authentication information fields provide detailed information about this specific logon request.\\r\\n\\t- Logon GUID is a unique identifier that can be used to correlate this event with a KDC event.\\r\\n\\t- Transited services indicate which intermediate services have participated in this logon request.\\r\\n\\t- Package name indicates which sub-protocol was used among the NTLM protocols.\\r\\n\\t- Key length indicates the length of the generated session key. This will be 0 if no session key was requested.\\\"\"},\"eventdata\":{\"subjectUserSid\":\"S-1-5-18\",\"subjectUserName\":\"DESKTOP-5OG7C28$\",\"subjectDomainName\":\"WORKGROUP\",\"subjectLogonId\":\"0x3e7\",\"targetUserSid\":\"S-1-5-18\",\"targetUserName\":\"SYSTEM\",\"targetDomainName\":\"NT AUTHORITY\",\"targetLogonId\":\"0x3e7\",\"logonType\":\"5\",\"logonProcessName\":\"Advapi\",\"authenticationPackageName\":\"Negotiate\",\"logonGuid\":\"{00000000-0000-0000-0000-000000000000}\",\"keyLength\":\"0\",\"processId\":\"0x32c\",\"processName\":\"C:\\\\\\\\Windows\\\\\\\\System32\\\\\\\\services.exe\",\"impersonationLevel\":\"%%1833\",\"virtualAccount\":\"%%1843\",\"targetLinkedLogonId\":\"0x0\",\"elevatedToken\":\"%%1842\"}}}","decoder":{"name":"windows_eventchannel"},"data":{"win":{"system":{"providerName":"Microsoft-Windows-Security-Auditing","providerGuid":"{54849625-5478-4994-a5ba-3e3b0328c30d}","eventID":"4624","version":"3","level":"0","task":"12544","opcode":"0","keywords":"0x8020000000000000","systemTime":"2026-10-02T13:40:22.1750780Z","eventRecordID":"54014","processID":"820","threadID":"8572","channel":"Security","computer":"DESKTOP-5OG7C28","severityValue":"AUDIT_SUCCESS","message":"\"An account was successfully logged on.\r\n\r\nSubject:\r\n\tSecurity ID:\t\tS-1-5-18\r\n\tAccount Name:\t\tDESKTOP-5OG7C28$\r\n\tAccount Domain:\t\tWORKGROUP\r\n\tLogon ID:\t\t0x3E7\r\n\r\nLogon Information:\r\n\tLogon Type:\t\t5\r\n\tRestricted Admin Mode:\t-\r\n\tRemote Credential Guard:\t-\r\n\tVirtual Account:\t\tNo\r\n\tElevated Token:\t\tYes\r\n\r\nImpersonation Level:\t\tImpersonation\r\n\r\nNew Logon:\r\n\tSecurity ID:\t\tS-1-5-18\r\n\tAccount Name:\t\tSYSTEM\r\n\tAccount Domain:\t\tNT AUTHORITY\r\n\tLogon ID:\t\t0x3E7\r\n\tLinked Logon ID:\t\t0x0\r\n\tNetwork Account Name:\t-\r\n\tNetwork Account Domain:\t-\r\n\tLogon GUID:\t\t{00000000-0000-0000-0000-000000000000}\r\n\r\nProcess Information:\r\n\tProcess ID:\t\t0x32c\r\n\tProcess Name:\t\tC:\\Windows\\System32\\services.exe\r\n\r\nNetwork Information:\r\n\tWorkstation Name:\t-\r\n\tSource Network Address:\t-\r\n\tSource Port:\t\t-\r\n\r\nDetailed Authentication Information:\r\n\tLogon Process:\t\tAdvapi  \r\n\tAuthentication Package:\tNegotiate\r\n\tTransited Services:\t-\r\n\tPackage Name (NTLM only):\t-\r\n\tKey Length:\t\t0\r\n\r\nThis event is generated when a logon session is created. It is generated on the computer that was accessed.\r\n\r\nThe subject fields indicate the account on the local system which requested the logon. This is most commonly a service such as the Server service, or a local process such as Winlogon.exe or Services.exe.\r\n\r\nThe logon type field indicates the kind of logon that occurred. The most common types are 2 (interactive) and 3 (network).\r\n\r\nThe New Logon fields indicate the account for whom the new logon was created, i.e. the account that was logged on.\r\n\r\nThe network fields indicate where a remote logon request originated. Workstation name is not always available and may be left blank in some cases.\r\n\r\nThe impersonation level field indicates the extent to which a process in the logon session can impersonate.\r\n\r\nThe authentication information fields provide detailed information about this specific logon request.\r\n\t- Logon GUID is a unique identifier that can be used to correlate this event with a KDC event.\r\n\t- Transited services indicate which intermediate services have participated in this logon request.\r\n\t- Package name indicates which sub-protocol was used among the NTLM protocols.\r\n\t- Key length indicates the length of the generated session key. This will be 0 if no session key was requested.\""},"eventdata":{"subjectUserSid":"S-1-5-18","subjectUserName":"DESKTOP-5OG7C28$","subjectDomainName":"WORKGROUP","subjectLogonId":"0x3e7","targetUserSid":"S-1-5-18","targetUserName":"SYSTEM","targetDomainName":"NT AUTHORITY","targetLogonId":"0x3e7","logonType":"5","logonProcessName":"Advapi","authenticationPackageName":"Negotiate","logonGuid":"{00000000-0000-0000-0000-000000000000}","keyLength":"0","processId":"0x32c","processName":"C:\\\\Windows\\\\System32\\\\services.exe","impersonationLevel":"%%1833","virtualAccount":"%%1843","targetLinkedLogonId":"0x0","elevatedToken":"%%1842"}}},"location":"EventChannel"}
{"timestamp":"2026-10-02T15:40:22.142+0200","agent":{"id":"001","name":"Windows_VM","ip":"192.168.232.130"},"manager":{"name":"dcasey-virtual-machine"},"id":"1790948422.330865","full_log":"{\"win\":{\"system\":{\"providerName\":\"Microsoft-Windows-Security-Auditing\",\"providerGuid\":\"{54849625-5478-4994-a5ba-3e3b0328c30d}\",\"eventID\":\"4672\",\"version\":\"0\",\"level\":\"0\",\"task\":\"12548\",\"opcode\":\"0\",\"keywords\":\"0x8020000000000000\",\"systemTime\":\"2026-10-02T13:40:22.1750863Z\",\"eventRecordID\":\"54015\",\"processID\":\"820\",\"threadID\":\"8572\",\"channel\":\"Security\",\"computer\":\"DESKTOP-5OG7C28\",\"severityValue\":\"AUDIT_SUCCESS\",\"message\":\"\\\"Special privileges assigned to new logon.\\r\\n\\r\\nSubject:\\r\\n\\tSecurity ID:\\t\\tS-1-5-18\\r\\n\\tAccount Name:\\t\\tSYSTEM\\r\\n\\tAccount Domain:\\t\\tNT AUTHORITY\\r\\n\\tLogon ID:\\t\\t0x3E7\\r\\n\\r\\nPrivileges:\\t\\tSeAssignPrimaryTokenPrivilege\\r\\n\\t\\t\\tSeTcbPrivilege\\r\\n\\t\\t\\tSeSecurityPrivilege\\r\\n\\t\\t\\tSeTakeOwnershipPrivilege\\r\\n\\t\\t\\tSeLoadDriverPrivilege\\r\\n\\t\\t\\tSeBackupPrivilege\\r\\n\\t\\t\\tSeRestorePrivilege\\r\\n\\t\\t\\tSeDebugPrivilege\\r\\n\\t\\t\\tSeAuditPrivilege\\r\\n\\t\\t\\tSeSystemEnvironmentPrivilege\\r\\n\\t\\t\\tSeImpersonatePrivilege\\r\\n\\t\\t\\tSeDelegateSessionUserImpersonatePrivilege\\\"\"},\"eventdata\":{\"subjectUserSid\":\"S-1-5-18\",\"subjectUserName\":\"SYSTEM\",\"subjectDomainName\":\"NT AUTHORITY\",\"subjectLogonId\":\"0x3e7\",\"privilegeList\":\"SeAssignPrimaryTokenPrivilege     SeTcbPrivilege     SeSecurityPrivilege     SeTakeOwnershipPrivilege     SeLoadDriverPrivilege     SeBackupPrivilege     SeRestorePrivilege     SeDebugPrivilege     SeAuditPrivilege     SeSystemEnvironmentPrivilege     SeImpersonatePrivilege     SeDelegateSessionUserImpersonatePrivilege\"}}}","decoder":{"name":"windows_eventchannel"},"data":{"win":{"system":{"providerName":"Microsoft-Windows-Security-Auditing","providerGuid":"{54849625-5478-4994-a5ba-3e3b0328c30d}","eventID":"4672","version":"0","level":"0","task":"12548","opcode":"0","keywords":"0x8020000000000000","systemTime":"2026-10-02T13:40:22.1750863Z","eventRecordID":"54015","processID":"820","threadID":"8572","channel":"Security","computer":"DESKTOP-5OG7C28","severityValue":"AUDIT_SUCCESS","message":"\"Special privileges assigned to new logon.\r\n\r\nSubject:\r\n\tSecurity ID:\t\tS-1-5-18\r\n\tAccount Name:\t\tSYSTEM\r\n\tAccount Domain:\t\tNT AUTHORITY\r\n\tLogon ID:\t\t0x3E7\r\n\r\nPrivileges:\t\tSeAssignPrimaryTokenPrivilege\r\n\t\t\tSeTcbPrivilege\r\n\t\t\tSeSecurityPrivilege\r\n\t\t\tSeTakeOwnershipPrivilege\r\n\t\t\tSeLoadDriverPrivilege\r\n\t\t\tSeBackupPrivilege\r\n\t\t\tSeRestorePrivilege\r\n\t\t\tSeDebugPrivilege\r\n\t\t\tSeAuditPrivilege\r\n\t\t\tSeSystemEnvironmentPrivilege\r\n\t\t\tSeImpersonatePrivilege\r\n\t\t\tSeDelegateSessionUserImpersonatePrivilege\""},"eventdata":{"subjectUserSid":"S-1-5-18","subjectUserName":"SYSTEM","subjectDomainName":"NT AUTHORITY","subjectLogonId":"0x3e7","privilegeList":"SeAssignPrimaryTokenPrivilege     SeTcbPrivilege     SeSecurityPrivilege     SeTakeOwnershipPrivilege     SeLoadDriverPrivilege     SeBackupPrivilege     SeRestorePrivilege     SeDebugPrivilege     SeAuditPrivilege     SeSystemEnvironmentPrivilege     SeImpersonatePrivilege     SeDelegateSessionUserImpersonatePrivilege"}}},"location":"EventChannel"}
{"timestamp":"2026-10-02T15:40:23.852+0200","agent":{"id":"001","name":"Windows_VM","ip":"192.168.232.130"},"manager":{"name":"dcasey-virtual-machine"},"id":"1790948423.330865","full_log":"{\"win\":{\"system\":{\"providerName\":\"Microsoft-Windows-Sysmon\",\"providerGuid\":\"{5770385f-c22a-43e0-bf4c-06f5698ffbd9}\",\"eventID\":\"1\",\"version\":\"5\",\"level\":\"4\",\"task\":\"1\",\"opcode\":\"0\",\"keywords\":\"0x8000000000000000\",\"systemTime\":\"2026-10-02T13:40:23.8709520Z\",\"eventRecordID\":\"14982\",\"processID\":\"3504\",\"threadID\":\"4956\",\"channel\":\"Microsoft-Windows-Sysmon/Operational\",\"computer\":\"DESKTOP-5OG7C28\",\"severityValue\":\"INFORMATION\",\"message\":\"\\\"Process Create:\\r\\nRuleName: -\\r\\nUtcTime: 2026-10-02 13:40:23.867\\r\\nProcessGuid: {4b2ce92d-b447-6abf-c102-000000001400}\\r\\nProcessId: 4536\\r\\nImage: C:\\\\Windows\\\\System32\\\\taskhostw.exe\\r\\nFileVersion: 10.0.26100.8328 (WinBuild.160101.0800)\\r\\nDescription: Host Process for Windows Tasks\\r\\nProduct: Microsoft® Windows® Operating System\\r\\nCompany: Microsoft Corporation\\r\\nOriginalFileName: taskhostw.exe\\r\\nCommandLine: taskhostw.exe\\r\\nCurrentDirectory: C:\\\\WINDOWS\\\\system32\\\\\\r\\nUser: DESKTOP-5OG7C28\\\\Darragh Casey\\r\\nLogonGuid: {4b2ce92d-826e-6abe-a98d-0a0000000000}\\r\\nLogonId: 0xA8DA9\\r\\nTerminalSessionId: 1\\r\\nIntegrityLevel: Medium\\r\\nHashes: MD5=9E9370331B9D14ABBA21091FFFCD1D1E,SHA256=EA8D441DF237FB3D3B7A27A95FDE186E19C94D58A618F5C29ED5FC13CB155E96,IMPHASH=2196268E7A2880E3ADC74481297D0C4B\\r\\nParentProcessGuid: {00000000-0000-0000-0000-000000000000}\\r\\nParentProcessId: 1268\\r\\nParentImage: -\\r\\nParentCommandLine: -\\r\\nParentUser: -\\\"\"},\"eventdata\":{\"utcTime\":\"2026-10-02 13:40:23.867\",\"processGuid\":\"{4b2ce92d-b447-6abf-c102-000000001400}\",\"processId\":\"4536\",\"image\":\"C:\\\\\\\\Windows\\\\\\\\System32\\\\\\\\taskhostw.exe\",\"fileVersion\":\"10.0.26100.8328 (WinBuild.160101.0800)\",\"description\":\"Host Process for Windows Tasks\",\"product\":\"Microsoft® Windows® Operating System\",\"company\":\"Microsoft Corporation\",\"originalFileName\":\"taskhostw.exe\",\"commandLine\":\"taskhostw.exe\",\"currentDirectory\":\"C:\\\\\\\\WINDOWS\\\\\\\\system32\\\\\\\\\",\"user\":\"DESKTOP-5OG7C28\\\\\\\\Darragh Casey\",\"logonGuid\":\"{4b2ce92d-826e-6abe-a98d-0a0000000000}\",\"logonId\":\"0xa8da9\",\"terminalSessionId\":\"1\",\"integrityLevel\":\"Medium\",\"hashes\":\"MD5=9E9370331B9D14ABBA21091FFFCD1D1E,SHA256=EA8D441DF237FB3D3B7A27A95FDE186E19C94D58A618F5C29ED5FC13CB155E96,IMPHASH=2196268E7A2880E3ADC74481297D0C4B\",\"parentProcessGuid\":\"{00000000-0000-0000-0000-000000000000}\",\"parentProcessId\":\"1268\"}}}","decoder":{"name":"windows_eventchannel"},"data":{"win":{"system":{"providerName":"Microsoft-Windows-Sysmon","providerGuid":"{5770385f-c22a-43e0-bf4c-06f5698ffbd9}","eventID":"1","version":"5","level":"4","task":"1","opcode":"0","keywords":"0x8000000000000000","systemTime":"2026-10-02T13:40:23.8709520Z","eventRecordID":"14982","processID":"3504","threadID":"4956","channel":"Microsoft-Windows-Sysmon/Operational","computer":"DESKTOP-5OG7C28","severityValue":"INFORMATION","message":"\"Process Create:\r\nRuleName: -\r\nUtcTime: 2026-10-02 13:40:23.867\r\nProcessGuid: {4b2ce92d-b447-6abf-c102-000000001400}\r\nProcessId: 4536\r\nImage: C:\\Windows\\System32\\taskhostw.exe\r\nFileVersion: 10.0.26100.8328 (WinBuild.160101.0800)\r\nDescription: Host Process for Windows Tasks\r\nProduct: Microsoft® Windows® Operating System\r\nCompany: Microsoft Corporation\r\nOriginalFileName: taskhostw.exe\r\nCommandLine: taskhostw.exe\r\nCurrentDirectory: C:\\WINDOWS\\system32\\\r\nUser: DESKTOP-5OG7C28\\Darragh Casey\r\nLogonGuid: {4b2ce92d-826e-6abe-a98d-0a0000000000}\r\nLogonId: 0xA8DA9\r\nTerminalSessionId: 1\r\nIntegrityLevel: Medium\r\nHashes: MD5=9E9370331B9D14ABBA21091FFFCD1D1E,SHA256=EA8D441DF237FB3D3B7A27A95FDE186E19C94D58A618F5C29ED5FC13CB155E96,IMPHASH=2196268E7A2880E3ADC74481297D0C4B\r\nParentProcessGuid: {00000000-0000-0000-0000-000000000000}\r\nParentProcessId: 1268\r\nParentImage: -\r\nParentCommandLine: -\r\nParentUser: -\""},"eventdata":{"utcTime":"2026-10-02 13:40:23.867","processGuid":"{4b2ce92d-b447-6abf-c102-000000001400}","processId":"4536","image":"C:\\\\Windows\\\\System32\\\\taskhostw.exe","fileVersion":"10.0.26100.8328 (WinBuild.160101.0800)","description":"Host Process for Windows Tasks","product":"Microsoft® Windows® Operating System","company":"Microsoft Corporation","originalFileName":"taskhostw.exe","commandLine":"taskhostw.exe","currentDirectory":"C:\\\\WINDOWS\\\\system32\\\\","user":"DESKTOP-5OG7C28\\\\Darragh Casey","logonGuid":"{4b2ce92d-826e-6abe-a98d-0a0000000000}","logonId":"0xa8da9","terminalSessionId":"1","integrityLevel":"Medium","hashes":"MD5=9E9370331B9D14ABBA21091FFFCD1D1E,SHA256=EA8D441DF237FB3D3B7A27A95FDE186E19C94D58A618F5C29ED5FC13CB155E96,IMPHASH=2196268E7A2880E3ADC74481297D0C4B","parentProcessGuid":"{00000000-0000-0000-0000-000000000000}","parentProcessId":"1268"}}},"location":"EventChannel"}
{"timestamp":"2026-10-02T15:40:23.862+0200","agent":{"id":"001","name":"Windows_VM","ip":"192.168.232.130"},"manager":{"name":"dcasey-virtual-machine"},"id":"1790948423.330865","full_log":"{\"win\":{\"system\":{\"providerName\":\"Microsoft-Windows-Sysmon\",\"providerGuid\":\"{5770385f-c22a-43e0-bf4c-06f5698ffbd9}\",\"eventID\":\"1\",\"version\":\"5\",\"level\":\"4\",\"task\":\"1\",\"opcode\":\"0\",\"keywords\":\"0x8000000000000000\",\"systemTime\":\"2026-10-02T13:40:23.8724044Z\",\"eventRecordID\":\"14983\",\"processID\":\"3504\",\"threadID\":\"4956\",\"channel\":\"Microsoft-Windows-Sysmon/Operational\",\"computer\":\"DESKTOP-5OG7C28\",\"severityValue\":\"INFORMATION\",\"message\":\"\\\"Process Create:\\r\\nRuleName: -\\r\\nUtcTime: 2026-10-02 13:40:23.867\\r\\nProcessGuid: {4b2ce92d-b447-6abf-c202-000000001400}\\r\\nProcessId: 7680\\r\\nImage: C:\\\\Windows\\\\System32\\\\Microsoft.Data.UsageAndQualityInsights.MaintenanceTask.exe\\r\\nFileVersion: -\\r\\nDescription: -\\r\\nProduct: -\\r\\nCompany: -\\r\\nOriginalFileName: -\\r\\nCommandLine: \\\"C:\\\\WINDOWS\\\\System32\\\\Microsoft.Data.UsageAndQualityInsights.MaintenanceTask.exe\\\"\\r\\nCurrentDirectory: C:\\\\WINDOWS\\\\system32\\\\\\r\\nUser: NT AUTHORITY\\\\SYSTEM\\r\\nLogonGuid: {4b2ce92d-824a-6abe-e703-000000000000}\\r\\nLogonId: 0x3E7\\r\\nTerminalSessionId: 0\\r\\nIntegrityLevel: System\\r\\nHashes: MD5=952AC1BDE044D96F71683F701241DDB7,SHA256=09BBFF0B52FCF7095CAD74057667923FE054AB64230676F5562FE87A653B2453,IMPHASH=63299951FFAEA4E9FF61E9026DF6E495\\r\\nParentProcessGuid: {00000000-0000-0000-0000-000000000000}\\r\\nParentProcessId: 1268\\r\\nParentImage: -\\r\\nParentCommandLine: -\\r\\nParentUser: -\\\"\"},\"eventdata\":{\"utcTime\":\"2026-10-02 13:40:23.867\",\"processGuid\":\"{4b2ce92d-b447-6abf-c202-000000001400}\",\"processId\":\"7680\",\"image\":\"C:\\\\\\\\Windows\\\\\\\\System32\\\\\\\\Microsoft.Data.UsageAndQualityInsights.MaintenanceTask.exe\",\"commandLine\":\"\\\\\\\"C:\\\\\\\\WINDOWS\\\\\\\\System32\\\\\\\\Microsoft.Data.UsageAndQualityInsights.MaintenanceTask.exe\\\\\\\"\",\"currentDirectory\":\"C:\\\\\\\\WINDOWS\\\\\\\\system32\\\\\\\\\",\"user\":\"NT AUTHORITY\\\\\\\\SYSTEM\",\"logonGuid\":\"{4b2ce92d-824a-6abe-e703-000000000000}\",\"logonId\":\"0x3e7\",\"terminalSessionId\":\"0\",\"integrityLevel\":\"System\",\"hashes\":\"MD5=952AC1BDE044D96F71683F701241DDB7,SHA256=09BBFF0B52FCF7095CAD74057667923FE054AB64230676F5562FE87A653B2453,IMPHASH=63299951FFAEA4E9FF61E9026DF6E495\",\"parentProcessGuid\":\"{00000000-0000-0000-0000-000000000000}\",\"parentProcessId\":\"1268\"}}}","decoder":{"name":"windows_eventchannel"},"data":{"win":{"system":{"providerName":"Microsoft-Windows-Sysmon","providerGuid":"{5770385f-c22a-43e0-bf4c-06f5698ffbd9}","eventID":"1","version":"5","level":"4","task":"1","opcode":"0","keywords":"0x8000000000000000","systemTime":"2026-10-02T13:40:23.8724044Z","eventRecordID":"14983","processID":"3504","threadID":"4956","channel":"Microsoft-Windows-Sysmon/Operational","computer":"DESKTOP-5OG7C28","severityValue":"INFORMATION","message":"\"Process Create:\r\nRuleName: -\r\nUtcTime: 2026-10-02 13:40:23.867\r\nProcessGuid: {4b2ce92d-b447-6abf-c202-000000001400}\r\nProcessId: 7680\r\nImage: C:\\Windows\\System32\\Microsoft.Data.UsageAndQualityInsights.MaintenanceTask.exe\r\nFileVersion: -\r\nDescription: -\r\nProduct: -\r\nCompany: -\r\nOriginalFileName: -\r\nCommandLine: \"C:\\WINDOWS\\System32\\Microsoft.Data.UsageAndQualityInsights.MaintenanceTask.exe\"\r\nCurrentDirectory: C:\\WINDOWS\\system32\\\r\nUser: NT AUTHORITY\\SYSTEM\r\nLogonGuid: {4b2ce92d-824a-6abe-e703-000000000000}\r\nLogonId: 0x3E7\r\nTerminalSessionId: 0\r\nIntegrityLevel: System\r\nHashes: MD5=952AC1BDE044D96F71683F701241DDB7,SHA256=09BBFF0B52FCF7095CAD74057667923FE054AB64230676F5562FE87A653B2453,IMPHASH=63299951FFAEA4E9FF61E9026DF6E495\r\nParentProcessGuid: {00000000-0000-0000-0000-000000000000}\r\nParentProcessId: 1268\r\nParentImage: -\r\nParentCommandLine: -\r\nParentUser: -\""},"eventdata":{"utcTime":"2026-10-02 13:40:23.867","processGuid":"{4b2ce92d-b447-6abf-c202-000000001400}","processId":"7680","image":"C:\\\\Windows\\\\System32\\\\Microsoft.Data.UsageAndQualityInsights.MaintenanceTask.exe","commandLine":"\\\"C:\\\\WINDOWS\\\\System32\\\\Microsoft.Data.UsageAndQualityInsights.MaintenanceTask.exe\\\"","currentDirectory":"C:\\\\WINDOWS\\\\system32\\\\","user":"NT AUTHORITY\\\\SYSTEM","logonGuid":"{4b2ce92d-824a-6abe-e703-000000000000}","logonId":"0x3e7","terminalSessionId":"0","integrityLevel":"System","hashes":"MD5=952AC1BDE044D96F71683F701241DDB7,SHA256=09BBFF0B52FCF7095CAD74057667923FE054AB64230676F5562FE87A653B2453,IMPHASH=63299951FFAEA4E9FF61E9026DF6E495","parentProcessGuid":"{00000000-0000-0000-0000-000000000000}","parentProcessId":"1268"}}},"location":"EventChannel"}
{"timestamp":"2026-10-02T15:40:23.862+0200","agent":{"id":"001","name":"Windows_VM","ip":"192.168.232.130"},"manager":{"name":"dcasey-virtual-machine"},"id":"1790948423.330865","full_log":"{\"win\":{\"system\":{\"providerName\":\"Microsoft-Windows-Sysmon\",\"providerGuid\":\"{5770385f-c22a-43e0-bf4c-06f5698ffbd9}\",\"eventID\":\"1\",\"version\":\"5\",\"level\":\"4\",\"task\":\"1\",\"opcode\":\"0\",\"keywords\":\"0x8000000000000000\",\"systemTime\":\"2026-10-02T13:40:23.9236966Z\",\"eventRecordID\":\"14984\",\"processID\":\"3504\",\"threadID\":\"4956\",\"channel\":\"Microsoft-Windows-Sysmon/Operational\",\"computer\":\"DESKTOP-5OG7C28\",\"severityValue\":\"INFORMATION\",\"message\":\"\\\"Process Create:\\r\\nRuleName: -\\r\\nUtcTime: 2026-10-02 13:40:23.920\\r\\nProcessGuid: {4b2ce92d-b447-6abf-c302-000000001400}\\r\\nProcessId: 2068\\r\\nImage: C:\\\\Windows\\\\SystemApps\\\\MicrosoftWindows.Client.CBS_cw5n1h2txyewy\\\\SoftLandingTask\\\\SoftLandingTask.exe\\r\\nFileVersion: 2607.28001.0.0\\r\\nDescription: -\\r\\nProduct: Microsoft® Windows® Operating System\\r\\nCompany: Microsoft Corporation\\r\\nOriginalFileName: SoftLandingTask.exe\\r\\nCommandLine: \\\"C:\\\\WINDOWS\\\\SystemApps\\\\MicrosoftWindows.Client.CBS_cw5n1h2txyewy\\\\SoftLandingTask\\\\SoftLandingTask.exe\\\" -Embedding\\r\\nCurrentDirectory: C:\\\\WINDOWS\\\\system32\\\\\\r\\nUser: DESKTOP-5OG7C28\\\\Darragh Casey\\r\\nLogonGuid: {4b2ce92d-826e-6abe-a98d-0a0000000000}\\r\\nLogonId: 0xA8DA9\\r\\nTerminalSessionId: 1\\r\\nIntegrityLevel: Medium\\r\\nHashes: MD5=235D97F0DF60D31200718D19C8AC476E,SHA256=92205264CEDDAA7F2120049EB0B34B4FB732FCE80BBE93016CCE3C0422135931,IMPHASH=41FAA649D6771CE7D2A185A37249990B\\r\\nParentProcessGuid: {00000000-0000-0000-0000-000000000000}\\r\\nParentProcessId: 952\\r\\nParentImage: -\\r\\nParentCommandLine: -\\r\\nParentUser: -\\\"\"},\"eventdata\":{\"utcTime\":\"2026-10-02 13:40:23.920\",\"processGuid\":\"{4b2ce92d-b447-6abf-c302-000000001400}\",\"processId\":\"2068\",\"image\":\"C:\\\\\\\\Windows\\\\\\\\SystemApps\\\\\\\\MicrosoftWindows.Client.CBS_cw5n1h2txyewy\\\\\\\\SoftLandingTask\\\\\\\\SoftLandingTask.exe\",\"fileVersion\":\"2607.28001.0.0\",\"product\":\"Microsoft® Windows® Operating System\",\"company\":\"Microsoft Corporation\",\"originalFileName\":\"SoftLandingTask.exe\",\"commandLine\":\"\\\\\\\"C:\\\\\\\\WINDOWS\\\\\\\\SystemApps\\\\\\\\MicrosoftWindows.Client.CBS_cw5n1h2txyewy\\\\\\\\SoftLandingTask\\\\\\\\SoftLandingTask.exe\\\\\\\" -Embedding\",\"currentDirectory\":\"C:\\\\\\\\WINDOWS\\\\\\\\system32\\\\\\\\\",\"user\":\"DESKTOP-5OG7C28\\\\\\\\Darragh Casey\",\"logonGuid\":\"{4b2ce92d-826e-6abe-a98d-0a0000000000}\",\"logonId\":\"0xa8da9\",\"terminalSessionId\":\"1\",\"integrityLevel\":\"Medium\",\"hashes\":\"MD5=235D97F0DF60D31200718D19C8AC476E,SHA256=92205264CEDDAA7F2120049EB0B34B4FB732FCE80BBE93016CCE3C0422135931,IMPHASH=41FAA649D6771CE7D2A185A37249990B\",\"parentProcessGuid\":\"{00000000-0000-0000-0000-000000000000}\",\"parentProcessId\":\"952\"}}}","decoder":{"name":"windows_eventchannel"},"data":{"win":{"system":{"providerName":"Microsoft-Windows-Sysmon","providerGuid":"{5770385f-c22a-43e0-bf4c-06f5698ffbd9}","eventID":"1","version":"5","level":"4","task":"1","opcode":"0","keywords":"0x8000000000000000","systemTime":"2026-10-02T13:40:23.9236966Z","eventRecordID":"14984","processID":"3504","threadID":"4956","channel":"Microsoft-Windows-Sysmon/Operational","computer":"DESKTOP-5OG7C28","severityValue":"INFORMATION","message":"\"Process Create:\r\nRuleName: -\r\nUtcTime: 2026-10-02 13:40:23.920\r\nProcessGuid: {4b2ce92d-b447-6abf-c302-000000001400}\r\nProcessId: 2068\r\nImage: C:\\Windows\\SystemApps\\MicrosoftWindows.Client.CBS_cw5n1h2txyewy\\SoftLandingTask\\SoftLandingTask.exe\r\nFileVersion: 2607.28001.0.0\r\nDescription: -\r\nProduct: Microsoft® Windows® Operating System\r\nCompany: Microsoft Corporation\r\nOriginalFileName: SoftLandingTask.exe\r\nCommandLine: \"C:\\WINDOWS\\SystemApps\\MicrosoftWindows.Client.CBS_cw5n1h2txyewy\\SoftLandingTask\\SoftLandingTask.exe\" -Embedding\r\nCurrentDirectory: C:\\WINDOWS\\system32\\\r\nUser: DESKTOP-5OG7C28\\Darragh Casey\r\nLogonGuid: {4b2ce92d-826e-6abe-a98d-0a0000000000}\r\nLogonId: 0xA8DA9\r\nTerminalSessionId: 1\r\nIntegrityLevel: Medium\r\nHashes: MD5=235D97F0DF60D31200718D19C8AC476E,SHA256=92205264CEDDAA7F2120049EB0B34B4FB732FCE80BBE93016CCE3C0422135931,IMPHASH=41FAA649D6771CE7D2A185A37249990B\r\nParentProcessGuid: {00000000-0000-0000-0000-000000000000}\r\nParentProcessId: 952\r\nParentImage: -\r\nParentCommandLine: -\r\nParentUser: -\""},"eventdata":{"utcTime":"2026-10-02 13:40:23.920","processGuid":"{4b2ce92d-b447-6abf-c302-000000001400}","processId":"2068","image":"C:\\\\Windows\\\\SystemApps\\\\MicrosoftWindows.Client.CBS_cw5n1h2txyewy\\\\SoftLandingTask\\\\SoftLandingTask.exe","fileVersion":"2607.28001.0.0","product":"Microsoft® Windows® Operating System","company":"Microsoft Corporation","originalFileName":"SoftLandingTask.exe","commandLine":"\\\"C:\\\\WINDOWS\\\\SystemApps\\\\MicrosoftWindows.Client.CBS_cw5n1h2txyewy\\\\SoftLandingTask\\\\SoftLandingTask.exe\\\" -Embedding","currentDirectory":"C:\\\\WINDOWS\\\\system32\\\\","user":"DESKTOP-5OG7C28\\\\Darragh Casey","logonGuid":"{4b2ce92d-826e-6abe-a98d-0a0000000000}","logonId":"0xa8da9","terminalSessionId":"1","integrityLevel":"Medium","hashes":"MD5=235D97F0DF60D31200718D19C8AC476E,SHA256=92205264CEDDAA7F2120049EB0B34B4FB732FCE80BBE93016CCE3C0422135931,IMPHASH=41FAA649D6771CE7D2A185A37249990B","parentProcessGuid":"{00000000-0000-0000-0000-000000000000}","parentProcessId":"952"}}},"location":"EventChannel"}
{"timestamp":"2026-10-02T15:40:23.865+0200","agent":{"id":"001","name":"Windows_VM","ip":"192.168.232.130"},"manager":{"name":"dcasey-virtual-machine"},"id":"1790948423.330865","full_log":"{\"win\":{\"system\":{\"providerName\":\"Microsoft-Windows-Sysmon\",\"providerGuid\":\"{5770385f-c22a-43e0-bf4c-06f5698ffbd9}\",\"eventID\":\"1\",\"version\":\"5\",\"level\":\"4\",\"task\":\"1\",\"opcode\":\"0\",\"keywords\":\"0x8000000000000000\",\"systemTime\":\"2026-10-02T13:40:24.6044786Z\",\"eventRecordID\":\"14985\",\"processID\":\"3504\",\"threadID\":\"4956\",\"channel\":\"Microsoft-Windows-Sysmon/Operational\",\"computer\":\"DESKTOP-5OG7C28\",\"severityValue\":\"INFORMATION\",\"message\":\"\\\"Process Create:\\r\\nRuleName: -\\r\\nUtcTime: 2026-10-02 13:40:24.580\\r\\nProcessGuid: {4b2ce92d-b448-6abf-c502-000000001400}\\r\\nProcessId: 8420\\r\\nImage: C:\\\\Windows\\\\System32\\\\UIEOrchestratorStub.exe\\r\\nFileVersion: 10.0.26100.8115 (WinBuild.160101.0800)\\r\\nDescription: Undocked UIEOrchestrator Stub\\r\\nProduct: Microsoft® Windows® Operating System\\r\\nCompany: Microsoft Corporation\\r\\nOriginalFileName: UIEOrchestratorStub\\r\\nCommandLine: \\\"C:\\\\WINDOWS\\\\system32\\\\UIEOrchestratorStub.exe\\\" /SendHeartbeat\\r\\nCurrentDirectory: C:\\\\WINDOWS\\\\system32\\\\\\r\\nUser: NT AUTHORITY\\\\SYSTEM\\r\\nLogonGuid: {4b2ce92d-824a-6abe-e703-000000000000}\\r\\nLogonId: 0x3E7\\r\\nTerminalSessionId: 0\\r\\nIntegrityLevel: System\\r\\nHashes: MD5=8C4B77E118AA92B5D117D0B33B7CEAE1,SHA256=413771957FCBAC775ABF005D121DB426B1B6D60A353F6D2C1B58CC8068FFEDE8,IMPHASH=6207DE976417070B7728CA369B2C4C64\\r\\nParentProcessGuid: {00000000-0000-0000-0000-000000000000}\\r\\nParentProcessId: 1268\\r\\nParentImage: -\\r\\nParentCommandLine: -\\r\\nParentUser: -\\\"\"},\"eventdata\":{\"utcTime\":\"2026-10-02 13:40:24.580\",\"processGuid\":\"{4b2ce92d-b448-6abf-c502-000000001400}\",\"processId\":\"8420\",\"image\":\"C:\\\\\\\\Windows\\\\\\\\System32\\\\\\\\UIEOrchestratorStub.exe\",\"fileVersion\":\"10.0.26100.8115 (WinBuild.160101.0800)\",\"description\":\"Undocked UIEOrchestrator Stub\",\"product\":\"Microsoft® Windows® Operating System\",\"company\":\"Microsoft Corporation\",\"originalFileName\":\"UIEOrchestratorStub\",\"commandLine\":\"\\\\\\\"C:\\\\\\\\WINDOWS\\\\\\\\system32\\\\\\\\UIEOrchestratorStub.exe\\\\\\\" /SendHeartbeat\",\"currentDirectory\":\"C:\\\\\\\\WINDOWS\\\\\\\\system32\\\\\\\\\",\"user\":\"NT AUTHORITY\\\\\\\\SYSTEM\",\"logonGuid\":\"{4b2ce92d-824a-6abe-e703-000000000000}\",\"logonId\":\"0x3e7\",\"terminalSessionId\":\"0\",\"integrityLevel\":\"System\",\"hashes\":\"MD5=8C4B77E118AA92B5D117D0B33B7CEAE1,SHA256=413771957FCBAC775ABF005D121DB426B1B6D60A353F6D2C1B58CC8068FFEDE8,IMPHASH=6207DE976417070B7728CA369B2C4C64\",\"parentProcessGuid\":\"{00000000-0000-0000-0000-000000000000}\",\"parentProcessId\":\"1268\"}}}","decoder":{"name":"windows_eventchannel"},"data":{"win":{"system":{"providerName":"Microsoft-Windows-Sysmon","providerGuid":"{5770385f-c22a-43e0-bf4c-06f5698ffbd9}","eventID":"1","version":"5","level":"4","task":"1","opcode":"0","keywords":"0x8000000000000000","systemTime":"2026-10-02T13:40:24.6044786Z","eventRecordID":"14985","processID":"3504","threadID":"4956","channel":"Microsoft-Windows-Sysmon/Operational","computer":"DESKTOP-5OG7C28","severityValue":"INFORMATION","message":"\"Process Create:\r\nRuleName: -\r\nUtcTime: 2026-10-02 13:40:24.580\r\nProcessGuid: {4b2ce92d-b448-6abf-c502-000000001400}\r\nProcessId: 8420\r\nImage: C:\\Windows\\System32\\UIEOrchestratorStub.exe\r\nFileVersion: 10.0.26100.8115 (WinBuild.160101.0800)\r\nDescription: Undocked UIEOrchestrator Stub\r\nProduct: Microsoft® Windows® Operating System\r\nCompany: Microsoft Corporation\r\nOriginalFileName: UIEOrchestratorStub\r\nCommandLine: \"C:\\WINDOWS\\system32\\UIEOrchestratorStub.exe\" /SendHeartbeat\r\nCurrentDirectory: C:\\WINDOWS\\system32\\\r\nUser: NT AUTHORITY\\SYSTEM\r\nLogonGuid: {4b2ce92d-824a-6abe-e703-000000000000}\r\nLogonId: 0x3E7\r\nTerminalSessionId: 0\r\nIntegrityLevel: System\r\nHashes: MD5=8C4B77E118AA92B5D117D0B33B7CEAE1,SHA256=413771957FCBAC775ABF005D121DB426B1B6D60A353F6D2C1B58CC8068FFEDE8,IMPHASH=6207DE976417070B7728CA369B2C4C64\r\nParentProcessGuid: {00000000-0000-0000-0000-000000000000}\r\nParentProcessId: 1268\r\nParentImage: -\r\nParentCommandLine: -\r\nParentUser: -\""},"eventdata":{"utcTime":"2026-10-02 13:40:24.580","processGuid":"{4b2ce92d-b448-6abf-c502-000000001400}","processId":"8420","image":"C:\\\\Windows\\\\System32\\\\UIEOrchestratorStub.exe","fileVersion":"10.0.26100.8115 (WinBuild.160101.0800)","description":"Undocked UIEOrchestrator Stub","product":"Microsoft® Windows® Operating System","company":"Microsoft Corporation","originalFileName":"UIEOrchestratorStub","commandLine":"\\\"C:\\\\WINDOWS\\\\system32\\\\UIEOrchestratorStub.exe\\\" /SendHeartbeat","currentDirectory":"C:\\\\WINDOWS\\\\system32\\\\","user":"NT AUTHORITY\\\\SYSTEM","logonGuid":"{4b2ce92d-824a-6abe-e703-000000000000}","logonId":"0x3e7","terminalSessionId":"0","integrityLevel":"System","hashes":"MD5=8C4B77E118AA92B5D117D0B33B7CEAE1,SHA256=413771957FCBAC775ABF005D121DB426B1B6D60A353F6D2C1B58CC8068FFEDE8,IMPHASH=6207DE976417070B7728CA369B2C4C64","parentProcessGuid":"{00000000-0000-0000-0000-000000000000}","parentProcessId":"1268"}}},"location":"EventChannel"}
