{"timestamp":"2026-10-02T15:38:07.956+0200","agent":{"id":"001","name":"Windows_VM","ip":"192.168.232.130"},"manager":{"name":"dcasey-virtual-machine"},"id":"1790948287.321646","full_log":"{\"win\":{\"system\":{\"providerName\":\"Microsoft-Windows-Sysmon\",\"providerGuid\":\"{5770385f-c22a-43e0-bf4c-06f5698ffbd9}\",\"eventID\":\"1\",\"version\":\"5\",\"level\":\"4\",\"task\":\"1\",\"opcode\":\"0\",\"keywords\":\"0x8000000000000000\",\"systemTime\":\"2026-10-02T13:38:07.9818345Z\",\"eventRecordID\":\"14964\",\"processID\":\"3504\",\"threadID\":\"4956\",\"channel\":\"Microsoft-Windows-Sysmon/Operational\",\"computer\":\"DESKTOP-5OG7C28\",\"severityValue\":\"INFORMATION\",\"message\":\"\\\"Process Create:\\r\\nRuleName: -\\r\\nUtcTime: 2026-10-02 13:38:07.976\\r\\nProcessGuid: {4b2ce92d-b3bf-6abf-a202-000000001400}\\r\\nProcessId: 11260\\r\\nImage: C:\\\\Program Files (x86)\\\\Microsoft\\\\EdgeUpdate\\\\MicrosoftEdgeUpdate.exe\\r\\nFileVersion: 1.3.271.7\\r\\nDescription: Microsoft Edge Update\\r\\nProduct: Microsoft Edge Update\\r\\nCompany: Microsoft Corporation\\r\\nOriginalFileName: MicrosoftEdgeUpdate.exe\\r\\nCommandLine: \\\"C:\\\\Program Files (x86)\\\\Microsoft\\\\EdgeUpdate\\\\MicrosoftEdgeUpdate.exe\\\" /ping PD94bWwgdmVyc2lvbj0iMS4wIiBlbmNvZGluZz0iVVRGLTgiPz48cmVxdWVzdCBwcm90b2NvbD0iMy4wIiB1cGRhdGVyPSJPbWFoYSIgdXBkYXRlcnZlcnNpb249IjEuMy4yNzUuMTMiIHNoZWxsX3ZlcnNpb249IjEuMy4yNzEuNyIgaXNtYWNoaW5lPSIxIiBzZXNzaW9uaWQ9InsxQjRBRjM0NS02RTEyLTQ3QjEtQTUyNy02QkM5NEIzOTIxNEN9IiB1c2VyaWQ9Ins1QzlCRTY4RS1DMUUyLTQ0MEMtQjU3NC0xMzQ1MTVGODgzQkF9IiBpbnN0YWxsc291cmNlPSJjb3JlIiByZXF1ZXN0aWQ9IntBRjZENEVFMi0xMDRBLTRFNkEtOEI1RC1ENDZGQ0FGMTgxOUZ9IiBkZWR1cD0iY3IiIGRvbWFpbmpvaW5lZD0iMCI-PGh3IGxvZ2ljYWxfY3B1cz0iMiIgcGh5c21lbW9yeT0iNCIgZGlza190eXBlPSIyIiBzc2U9IjEiIHNzZTI9IjEiIHNzZTM9IjEiIHNzc2UzPSIxIiBzc2U0MT0iMSIgc3NlNDI9IjEiIGF2eD0iMSIvPjxvcyBwbGF0Zm9ybT0id2luIiB2ZXJzaW9uPSIxMC4wLjI2MjAwLjk0NTciIHNwPSIiIGFyY2g9Ing2NCIgcHJvZHVjdF90eXBlPSI3MiIgaXNfd2lwPSIwIiBpc19pbl9sb2NrZG93bl9tb2RlPSIwIi8-PG9lbSBwcm9kdWN0X21hbnVmYWN0dXJlcj0iVk13YXJlLCBJbmMuIiBwcm9kdWN0X25hbWU9IlZNd2FyZTIwLDEiLz48ZXhwIGV0YWc9IiZxdW90O0hodkhJV3BVTlpUTW5WMlZUMWxlM2Y1WUpROU9Tb1RENk14SERsQTg5UGc9JnF1b3Q7Ii8-PGFwcCBhcHBpZD0ie0YzQzRGRTAwLUVGRDUtNDAzQi05NTY5LTM5OEEyMEYxQkE0QX0iIHZlcnNpb249IjEuMy4yNzUuMTMiIG5leHR2ZXJzaW9uPSIiIGxhbmc9IiIgYnJhbmQ9IklOQlgiIGNsaWVudD0iIiBleHBlcmltZW50cz0iUHJvZHVjdHNUb1JlZ2lzdGVyPSU1QiUyMiU3QkM1MDU2NUU5LUNDQ0YtNDRCNC1CQTE1LTVBQzVDNjU2OTE5NyU3RCUyMiU1RCIgaW5zdGFsbGFnZT0iMzEiIGNvaG9ydD0icnJmQDAuNDYiPjx1cGRhdGVjaGVjay8-PHBpbmcgcmQ9IjcyMTQiIHBpbmdfZnJlc2huZXNzPSJ7NDA4MUIzQTQtMUVBMy00RDJFLThCQzYtMkZEQ0ExRTc4QTM0fSIvPjwvYXBwPjxhcHAgYXBwaWQ9Ins1NkVCMThGOC1CMDA4LTRDQkQtQjZEMi04Qzk3RkU3RTkwNjJ9IiB2ZXJzaW9uPSIxNTQuMC40MjU4LjM3IiBuZXh0dmVyc2lvbj0iMTU0LjAuNDI1OC40OCIgbGFuZz0iIiBicmFuZD0iSU5CWCIgY2xpZW50PSIiIGV4cGVyaW1lbnRzPSJjb25zZW50PWZhbHNlIiBpbnN0YWxsYWdlPSIzMSIgY29ob3J0PSJycmZAMC43MCIgb29iZV9pbnN0YWxsX3RpbWU9IjEzNDMyNzI4NDkwNDU0OTg3MCIgdXBkYXRlX2NvdW50PSI0IiBpc19waW5uZWRfc3lzdGVtPSJ0cnVlIiBsYXN0X2xhdW5jaF9jb3VudD0iMSIgbGFzdF9sYXVuY2hfdGltZT0iMTM0MzQ4MjA1NzA0NTU5MjIwIiBmaXJzdF9mcmVfc2Vlbl90aW1lPSIxMzQzMjczNTY0ODc2NzA2NjAiIGZpcnN0X2ZyZV9zZWVuX3ZlcnNpb249IjE1Mi4wLjQxOTEuNTMiPjx1cGRhdGVjaGVjay8-PGV2ZW50IGV2ZW50dHlwZT0iMTIiIGV2ZW50cmVzdWx0PSIxIiBlcnJvcmNvZGU9IjAiIGV4dHJhY29kZTE9IjAiIHN5c3RlbV91cHRpbWVfdGlja3M9IjEzNTE4MTY1NjAzIiBkb25lX2JlZm9yZV9vb2JlX2NvbXBsZXRlPSIwIi8-PGV2ZW50IGV2ZW50dHlwZT0iMTMiIGV2ZW50cmVzdWx0PSIxIiBlcnJvcmNvZGU9IjAiIGV4dHJhY29kZTE9IjAiIHN5c3RlbV91cHRpbWVfdGlja3M9IjEzNTE4NjM1MDc0IiBkb25lX2JlZm9yZV9vb2JlX2NvbXBsZXRlPSIwIi8-PGV2ZW50IGV2ZW50dHlwZT0iMTQiIGV2ZW50cmVzdWx0PSIxIiBlcnJvcmNvZGU9IjAiIGV4dHJhY29kZTE9IjAiIHN5c3RlbV91cHRpbWVfdGlja3M9IjEzNTYyMTI3MDYzIiBzb3VyY2VfdXJsX2luZGV4PSIwIiBkb25lX2JlZm9yZV9vb2JlX2NvbXBsZXRlPSIwIiBkb3dubG9hZGVyPSJkbyIgdXJsPSJodHRwOi8vbXNlZGdlLmIudGx1LmRsLmRlbGl2ZXJ5Lm1wLm1pY3Jvc29mdC5jb20vZmlsZXN0cmVhbWluZ3NlcnZpY2UvZmlsZXMvYzI0ZDQ3ZWMtM2VlOS00ODRlLWI1ZmItOWVlYzVjMTY4NmQ3P1AxPTE3OTE1NTI5NjgmYW1wO1AyPTQwNCZhbXA7UDM9MiZhbXA7UDQ9UDNCcnN1JTJmVUdZRW5ERnV5eWFsY1RTMiUyZjg0MTRuVzV5TTdZMW5ya1hxb1UxNXc1VXk5UVNvSnBUR1NEUHpjUzBkMlIlMmZ6YmRPNWdXVkFWTSUyYlRRV25LdyUzZCUzZCIgc2VydmVyX2lwX2hpbnQ9IiIgY2RuX2NpZD0iLTEiIGNkbl9jY2M9IiIgY2RuX21zZWRnZV9yZWY9IiIgY2RuX2F6dXJlX3JlZl9vcmlnaW5fc2hpZWxkPSIiIGNkbl9jYWNoZT0iIiBjZG5fcDNwPSIiIGRvd25sb2FkZWQ9IjEzNzkxMDU2IiB0b3RhbD0iMTM3OTEwNTYiIGRvd25sb2FkX3RpbWVfbXM9IjQwNjciLz48ZXZlbnQgZXZlbnR0eXBlPSIxNCIgZXZlbnRyZXN1bHQ9IjEiIGVycm9yY29kZT0iMCIgZXh0cmFjb2RlMT0iMCIgc3lzdGVtX3VwdGltZV90aWNrcz0iMTM1NjIyMDA0NTciIHNvdXJjZV91cmxfaW5kZXg9IjAiIGRvbmVfYmVmb3JlX29vYmVfY29tcGxldGU9IjAiLz48ZXZlbnQgZXZlbnR0eXBlPSIxNSIgZXZlbnRyZXN1bHQ9IjEiIGVycm9yY29kZT0iMCIgZXh0cmFjb2RlMT0iMCIgc3lzdGVtX3VwdGltZV90aWNrcz0iMTM1NjgyMDI0NzYiIGRvbmVfYmVmb3JlX29vYmVfY29tcGxldGU9IjAiLz48ZXZlbnQgZXZlbnR0eXBlPSIzIiBldmVudHJlc3VsdD0iMSIgZXJyb3Jjb2RlPSIwIiBleHRyYWNvZGUxPSIxOTY3NTciIHN5c3RlbV91cHRpbWVfdGlja3M9IjE0NDY2Mzg3NzczIiBzb3VyY2VfdXJsX2luZGV4PSIwIiBkb25lX2JlZm9yZV9vb2JlX2NvbXBsZXRlPSIwIiB1cGRhdGVfY2hlY2tfdGltZV9tcz0iNTUyIiBkb3dubG9hZF90aW1lX21zPSI0MzM2IiBkb3dubG9hZGVkPSIxMzc5MTA1NiIgdG90YWw9IjEzNzkxMDU2IiBwYWNrYWdlX2NhY2hlX3Jlc3VsdD0iMCIgaW5zdGFsbF90aW1lX21zPSI4OTgwOSIvPjxwaW5nIGFjdGl2ZT0iMCIgcmQ9IjcyMTQiIHBpbmdfZnJlc2huZXNzPSJ7M0NCREE5MkYtQ0VFQy00OUQ4LUIyN0MtMEI4QzZDN0NDMEMwfSIvPjwvYXBwPjxhcHAgYXBwaWQ9IntGMzAxNzIyNi1GRTJBLTQyOTUtOEJERi0wMEMzQTlBN0U0QzV9IiB2ZXJzaW9uPSIxNTQuMC40MjU4LjM3IiBuZXh0dmVyc2lvbj0iMTU0LjAuNDI1OC40OCIgbGFuZz0iIiBicmFuZD0iSU5CWCIgY2xpZW50PSIiIGV4cGVyaW1lbnRzPSJjb25zZW50PWZhbHNlIiBpbnN0YWxsYWdlPSIzMSIgY29ob3J0PSJycmZAMC43NyIgdXBkYXRlX2NvdW50PSI0IiBsYXN0X2xhdW5jaF9jb3VudD0iMSIgbGFzdF9sYXVuY2hfdGltZT0iMTM0MzUzNDM3OTkwMzc3MDIwIj48dXBkYXRlY2hlY2svPjxldmVudCBldmVudHR5cGU9IjEyIiBldmVudHJlc3VsdD0iMSIgZXJyb3Jjb2RlPSIwIiBleHRyYWNvZGUxPSIwIiBzeXN0ZW1fdXB0aW1lX3RpY2tzPSIxMzUxODIxMzcwOSIgZG9uZV9iZWZvcmVfb29iZV9jb21wbGV0ZT0iMCIvPjxldmVudCBldmVudHR5cGU9IjEzIiBldmVudHJlc3VsdD0iMSIgZXJyb3Jjb2RlPSIwIiBleHRyYWNvZGUxPSIwIiBzeXN0ZW1fdXB0aW1lX3RpY2tzPSIxNDQ2NjUxMDE0MCIgZG9uZV9iZWZvcmVfb29iZV9jb21wbGV0ZT0iMCIvPjxldmVudCBldmVudHR5cGU9IjE0IiBldmVudHJlc3VsdD0iMSIgZXJyb3Jjb2RlPSIwIiBleHRyYWNvZGUxPSIwIiBzeXN0ZW1fdXB0aW1lX3RpY2tzPSIxNDQ2OTMxMzY4NSIgZG9uZV9iZWZvcmVfb29iZV9jb21wbGV0ZT0iMCIvPjxldmVudCBldmVudHR5cGU9IjE1IiBldmVudHJlc3VsdD0iMSIgZXJyb3Jjb2RlPSIwIiBleHRyYWNvZGUxPSIwIiBzeXN0ZW1fdXB0aW1lX3RpY2tzPSIxNDQ3NTM5OTc1MyIgZG9uZV9iZWZvcmVfb29iZV9jb21wbGV0ZT0iMCIvPjxldmVudCBldmVudHR5cGU9IjMiIGV2ZW50cmVzdWx0PSIxIiBlcnJvcmNvZGU9IjAiIGV4dHJhY29kZTE9IjE5Njc1NyIgc3lzdGVtX3VwdGltZV90aWNrcz0iMTQ3MDU4MTQ5NzciIGRvbmVfYmVmb3JlX29vYmVfY29tcGxldGU9IjAiIHVwZGF0ZV9jaGVja190aW1lX21zPSI1NTQiIGRvd25sb2FkZWQ9IjEzNzkxMDU2IiB0b3RhbD0iMTM3OTEwNTYiIHBhY2thZ2VfY2FjaGVfcmVzdWx0PSIyIiBpbnN0YWxsX3RpbWVfbXM9IjIzMDE2Ii8-PHBpbmcgYWN0aXZlPSIwIiByZD0iNzIxNCIgcGluZ19mcmVzaG5lc3M9InswMkI5MDFGOC0xQTA0LTRBNDctODNFQy0zRTY0NjE0RDE4N0F9Ii8-PC9hcHA-PC9yZXF1ZXN0Pg\\r\\nCurrentDirectory: C:\\\\Program Files (x86)\\\\Microsoft\\\\EdgeUpdate\\\\1.3.275.13\\\\\\r\\nUser: NT AUTHORITY\\\\SYSTEM\\r\\nLogonGuid: {4b2ce92d-824a-6abe-e703-000000000000}\\r\\nLogonId: 0x3E7\\r\\nTerminalSessionId: 0\\r\\nIntegrityLevel: System\\r\\nHashes: MD5=5773A83436600F9CC768C646385AF4FE,SHA256=5497DD84321887D18B62FAE35689EA4A7D07CAD7840853B2BB50BBF7BFAC365E,IMPHASH=CD3B2D99C6655A5D4A14E30E380F5BF9\\r\\nParentProcessGuid: {4b2ce92d-b348-6abf-8a02-000000001400}\\r\\nParentProcessId: 9980\\r\\nParentImage: C:\\\\Program Files (x86)\\\\Microsoft\\\\EdgeUpdate\\\\MicrosoftEdgeUpdate.exe\\r\\nParentCommandLine: \\\"C:\\\\Program Files (x86)\\\\Microsoft\\\\EdgeUpdate\\\\MicrosoftEdgeUpdate.exe\\\" /svc\\r\\nParentUser: NT AUTHORITY\\\\SYSTEM\\\"\"},\"eventdata\":{\"utcTime\":\"2026-10-02 13:38:07.976\",\"processGuid\":\"{4b2ce92d-b3bf-6abf-a202-000000001400}\",\"processId\":\"11260\",\"image\":\"C:\\\\\\\\Program Files (x86)\\\\\\\\Microsoft\\\\\\\\EdgeUpdate\\\\\\\\MicrosoftEdgeUpdate.exe\",\"fileVersion\":\"1.3.271.7\",\"description\":\"Microsoft Edge Update\",\"product\":\"Microsoft Edge Update\",\"company\":\"Microsoft Corporation\",\"originalFileName\":\"MicrosoftEdgeUpdate.exe\",\"commandLine\":\"\\\\\\\"C:\\\\\\\\Program Files (x86)\\\\\\\\Microsoft\\\\\\\\EdgeUpdate\\\\\\\\MicrosoftEdgeUpdate.exe\\\\\\\" /ping PD94bWwgdmVyc2lvbj0iMS4wIiBlbmNvZGluZz0iVVRGLTgiPz48cmVxdWVzdCBwcm90b2NvbD0iMy4wIiB1cGRhdGVyPSJPbWFoYSIgdXBkYXRlcnZlcnNpb249IjEuMy4yNzUuMTMiIHNoZWxsX3ZlcnNpb249IjEuMy4yNzEuNyIgaXNtYWNoaW5lPSIxIiBzZXNzaW9uaWQ9InsxQjRBRjM0NS02RTEyLTQ3QjEtQTUyNy02QkM5NEIzOTIxNEN9IiB1c2VyaWQ9Ins1QzlCRTY4RS1DMUUyLTQ0MEMtQjU3NC0xMzQ1MTVGODgzQkF9IiBpbnN0YWxsc291cmNlPSJjb3JlIiByZXF1ZXN0aWQ9IntBRjZENEVFMi0xMDRBLTRFNkEtOEI1RC1ENDZGQ0FGMTgxOUZ9IiBkZWR1cD0iY3IiIGRvbWFpbmpvaW5lZD0iMCI-PGh3IGxvZ2ljYWxfY3B1cz0iMiIgcGh5c21lbW9yeT0iNCIgZGlza190eXBlPSIyIiBzc2U9IjEiIHNzZTI9IjEiIHNzZTM9IjEiIHNzc2UzPSIxIiBzc2U0MT0iMSIgc3NlNDI9IjEiIGF2eD0iMSIvPjxvcyBwbGF0Zm9ybT0id2luIiB2ZXJzaW9uPSIxMC4wLjI2MjAwLjk0NTciIHNwPSIiIGFyY2g9Ing2NCIgcHJvZHVjdF90eXBlPSI3MiIgaXNfd2lwPSIwIiBpc19pbl9sb2NrZG93bl9tb2RlPSIwIi8-PG9lbSBwcm9kdWN0X21hbnVmYWN0dXJlcj0iVk13YXJlLCBJbmMuIiBwcm9kdWN0X25hbWU9IlZNd2FyZTIwLDEiLz48ZXhwIGV0YWc9IiZxdW90O0hodkhJV3BVTlpUTW5WMlZUMWxlM2Y1WUpROU9Tb1RENk14SERsQTg5UGc9JnF1b3Q7Ii8-PGFwcCBhcHBpZD0ie0YzQzRGRTAwLUVGRDUtNDAzQi05NTY5LTM5OEEyMEYxQkE0QX0iIHZlcnNpb249IjEuMy4yNzUuMTMiIG5leHR2ZXJzaW9uPSIiIGxhbmc9IiIgYnJhbmQ9IklOQlgiIGNsaWVudD0iIiBleHBlcmltZW50cz0iUHJvZHVjdHNUb1JlZ2lzdGVyPSU1QiUyMiU3QkM1MDU2NUU5LUNDQ0YtNDRCNC1CQTE1LTVBQzVDNjU2OTE5NyU3RCUyMiU1RCIgaW5zdGFsbGFnZT0iMzEiIGNvaG9ydD0icnJmQDAuNDYiPjx1cGRhdGVjaGVjay8-PHBpbmcgcmQ9IjcyMTQiIHBpbmdfZnJlc2huZXNzPSJ7NDA4MUIzQTQtMUVBMy00RDJFLThCQzYtMkZEQ0ExRTc4QTM0fSIvPjwvYXBwPjxhcHAgYXBwaWQ9Ins1NkVCMThGOC1CMDA4LTRDQkQtQjZEMi04Qzk3RkU3RTkwNjJ9IiB2ZXJzaW9uPSIxNTQuMC40MjU4LjM3IiBuZXh0dmVyc2lvbj0iMTU0LjAuNDI1OC40OCIgbGFuZz0iIiBicmFuZD0iSU5CWCIgY2xpZW50PSIiIGV4cGVyaW1lbnRzPSJjb25zZW50PWZhbHNlIiBpbnN0YWxsYWdlPSIzMSIgY29ob3J0PSJycmZAMC43MCIgb29iZV9pbnN0YWxsX3RpbWU9IjEzNDMyNzI4NDkwNDU0OTg3MCIgdXBkYXRlX2NvdW50PSI0IiBpc19waW5uZWRfc3lzdGVtPSJ0cnVlIiBsYXN0X2xhdW5jaF9jb3VudD0iMSIgbGFzdF9sYXVuY2hfdGltZT0iMTM0MzQ4MjA1NzA0NTU5MjIwIiBmaXJzdF9mcmVfc2Vlbl90aW1lPSIxMzQzMjczNTY0ODc2NzA2NjAiIGZpcnN0X2ZyZV9zZWVuX3ZlcnNpb249IjE1Mi4wLjQxOTEuNTMiPjx1cGRhdGVjaGVjay8-PGV2ZW50IGV2ZW50dHlwZT0iMTIiIGV2ZW50cmVzdWx0PSIxIiBlcnJvcmNvZGU9IjAiIGV4dHJhY29kZTE9IjAiIHN5c3RlbV91cHRpbWVfdGlja3M9IjEzNTE4MTY1NjAzIiBkb25lX2JlZm9yZV9vb2JlX2NvbXBsZXRlPSIwIi8-PGV2ZW50IGV2ZW50dHlwZT0iMTMiIGV2ZW50cmVzdWx0PSIxIiBlcnJvcmNvZGU9IjAiIGV4dHJhY29kZTE9IjAiIHN5c3RlbV91cHRpbWVfdGlja3M9IjEzNTE4NjM1MDc0IiBkb25lX2JlZm9yZV9vb2JlX2NvbXBsZXRlPSIwIi8-PGV2ZW50IGV2ZW50dHlwZT0iMTQiIGV2ZW50cmVzdWx0PSIxIiBlcnJvcmNvZGU9IjAiIGV4dHJhY29kZTE9IjAiIHN5c3RlbV91cHRpbWVfdGlja3M9IjEzNTYyMTI3MDYzIiBzb3VyY2VfdXJsX2luZGV4PSIwIiBkb25lX2JlZm9yZV9vb2JlX2NvbXBsZXRlPSIwIiBkb3dubG9hZGVyPSJkbyIgdXJsPSJodHRwOi8vbXNlZGdlLmIudGx1LmRsLmRlbGl2ZXJ5Lm1wLm1pY3Jvc29mdC5jb20vZmlsZXN0cmVhbWluZ3NlcnZpY2UvZmlsZXMvYzI0ZDQ3ZWMtM2VlOS00ODRlLWI1ZmItOWVlYzVjMTY4NmQ3P1AxPTE3OTE1NTI5NjgmYW1wO1AyPTQwNCZhbXA7UDM9MiZhbXA7UDQ9UDNCcnN1JTJmVUdZRW5ERnV5eWFsY1RTMiUyZjg0MTRuVzV5TTdZMW5ya1hxb1UxNXc1VXk5UVNvSnBUR1NEUHpjUzBkMlIlMmZ6YmRPNWdXVkFWTSUyYlRRV25LdyUzZCUzZCIgc2VydmVyX2lwX2hpbnQ9IiIgY2RuX2NpZD0iLTEiIGNkbl9jY2M9IiIgY2RuX21zZWRnZV9yZWY9IiIgY2RuX2F6dXJlX3JlZl9vcmlnaW5fc2hpZWxkPSIiIGNkbl9jYWNoZT0iIiBjZG5fcDNwPSIiIGRvd25sb2FkZWQ9IjEzNzkxMDU2IiB0b3RhbD0iMTM3OTEwNTYiIGRvd25sb2FkX3RpbWVfbXM9IjQwNjciLz48ZXZlbnQgZXZlbnR0eXBlPSIxNCIgZXZlbnRyZXN1bHQ9IjEiIGVycm9yY29kZT0iMCIgZXh0cmFjb2RlMT0iMCIgc3lzdGVtX3VwdGltZV90aWNrcz0iMTM1NjIyMDA0NTciIHNvdXJjZV91cmxfaW5kZXg9IjAiIGRvbmVfYmVmb3JlX29vYmVfY29tcGxldGU9IjAiLz48ZXZlbnQgZXZlbnR0eXBlPSIxNSIgZXZlbnRyZXN1bHQ9IjEiIGVycm9yY29kZT0iMCIgZXh0cmFjb2RlMT0iMCIgc3lzdGVtX3VwdGltZV90aWNrcz0iMTM1NjgyMDI0NzYiIGRvbmVfYmVmb3JlX29vYmVfY29tcGxldGU9IjAiLz48ZXZlbnQgZXZlbnR0eXBlPSIzIiBldmVudHJlc3VsdD0iMSIgZXJyb3Jjb2RlPSIwIiBleHRyYWNvZGUxPSIxOTY3NTciIHN5c3RlbV91cHRpbWVfdGlja3M9IjE0NDY2Mzg3NzczIiBzb3VyY2VfdXJsX2luZGV4PSIwIiBkb25lX2JlZm9yZV9vb2JlX2NvbXBsZXRlPSIwIiB1cGRhdGVfY2hlY2tfdGltZV9tcz0iNTUyIiBkb3dubG9hZF90aW1lX21zPSI0MzM2IiBkb3dubG9hZGVkPSIxMzc5MTA1NiIgdG90YWw9IjEzNzkxMDU2IiBwYWNrYWdlX2NhY2hlX3Jlc3VsdD0iMCIgaW5zdGFsbF90aW1lX21zPSI4OTgwOSIvPjxwaW5nIGFjdGl2ZT0iMCIgcmQ9IjcyMTQiIHBpbmdfZnJlc2huZXNzPSJ7M0NCREE5MkYtQ0VFQy00OUQ4LUIyN0MtMEI4QzZDN0NDMEMwfSIvPjwvYXBwPjxhcHAgYXBwaWQ9IntGMzAxNzIyNi1GRTJBLTQyOTUtOEJERi0wMEMzQTlBN0U0QzV9IiB2ZXJzaW9uPSIxNTQuMC40MjU4LjM3IiBuZXh0dmVyc2lvbj0iMTU0LjAuNDI1OC40OCIgbGFuZz0iIiBicmFuZD0iSU5CWCIgY2xpZW50PSIiIGV4cGVyaW1lbnRzPSJjb25zZW50PWZhbHNlIiBpbnN0YWxsYWdlPSIzMSIgY29ob3J0PSJycmZAMC43NyIgdXBkYXRlX2NvdW50PSI0IiBsYXN0X2xhdW5jaF9jb3VudD0iMSIgbGFzdF9sYXVuY2hfdGltZT0iMTM0MzUzNDM3OTkwMzc3MDIwIj48dXBkYXRlY2hlY2svPjxldmVudCBldmVudHR5cGU9IjEyIiBldmVudHJlc3VsdD0iMSIgZXJyb3Jjb2RlPSIwIiBleHRyYWNvZGUxPSIwIiBzeXN0ZW1fdXB0aW1lX3RpY2tzPSIxMzUxODIxMzcwOSIgZG9uZV9iZWZvcmVfb29iZV9jb21wbGV0ZT0iMCIvPjxldmVudCBldmVudHR5cGU9IjEzIiBldmVudHJlc3VsdD0iMSIgZXJyb3Jjb2RlPSIwIiBleHRyYWNvZGUxPSIwIiBzeXN0ZW1fdXB0aW1lX3RpY2tzPSIxNDQ2NjUxMDE0MCIgZG9uZV9iZWZvcmVfb29iZV9jb21wbGV0ZT0iMCIvPjxldmVudCBldmVudHR5cGU9IjE0IiBldmVudHJlc3VsdD0iMSIgZXJyb3Jjb2RlPSIwIiBleHRyYWNvZGUxPSIwIiBzeXN0ZW1fdXB0aW1lX3RpY2tzPSIxNDQ2OTMxMzY4NSIgZG9uZV9iZWZvcmVfb29iZV9jb21wbGV0ZT0iMCIvPjxldmVudCBldmVudHR5cGU9IjE1IiBldmVudHJlc3VsdD0iMSIgZXJyb3Jjb2RlPSIwIiBleHRyYWNvZGUxPSIwIiBzeXN0ZW1fdXB0aW1lX3RpY2tzPSIxNDQ3NTM5OTc1MyIgZG9uZV9iZWZvcmVfb29iZV9jb21wbGV0ZT0iMCIvPjxldmVudCBldmVudHR5cGU9IjMiIGV2ZW50cmVzdWx0PSIxIiBlcnJvcmNvZGU9IjAiIGV4dHJhY29kZTE9IjE5Njc1NyIgc3lzdGVtX3VwdGltZV90aWNrcz0iMTQ3MDU4MTQ5NzciIGRvbmVfYmVmb3JlX29vYmVfY29tcGxldGU9IjAiIHVwZGF0ZV9jaGVja190aW1lX21zPSI1NTQiIGRvd25sb2FkZWQ9IjEzNzkxMDU2IiB0b3RhbD0iMTM3OTEwNTYiIHBhY2thZ2VfY2FjaGVfcmVzdWx0PSIyIiBpbnN0YWxsX3RpbWVfbXM9IjIzMDE2Ii8-PHBpbmcgYWN0aXZlPSIwIiByZD0iNzIxNCIgcGluZ19mcmVzaG5lc3M9InswMkI5MDFGOC0xQTA0LTRBNDctODNFQy0zRTY0NjE0RDE4N0F9Ii8-PC9hcHA-PC9yZXF1ZXN0Pg\",\"currentDirectory\":\"C:\\\\\\\\Program Files (x86)\\\\\\\\Microsoft\\\\\\\\EdgeUpdate\\\\\\\\1.3.275.13\\\\\\\\\",\"user\":\"NT AUTHORITY\\\\\\\\SYSTEM\",\"logonGuid\":\"{4b2ce92d-824a-6abe-e703-000000000000}\",\"logonId\":\"0x3e7\",\"terminalSessionId\":\"0\",\"integrityLevel\":\"System\",\"hashes\":\"MD5=5773A83436600F9CC768C646385AF4FE,SHA256=5497DD84321887D18B62FAE35689EA4A7D07CAD7840853B2BB50BBF7BFAC365E,IMPHASH=CD3B2D99C6655A5D4A14E30E380F5BF9\",\"parentProcessGuid\":\"{4b2ce92d-b348-6abf-8a02-000000001400}\",\"parentProcessId\":\"9980\",\"parentImage\":\"C:\\\\\\\\Program Files (x86)\\\\\\\\Microsoft\\\\\\\\EdgeUpdate\\\\\\\\MicrosoftEdgeUpdate.exe\",\"parentCommandLine\":\"\\\\\\\"C:\\\\\\\\Program Files (x86)\\\\\\\\Microsoft\\\\\\\\EdgeUpdate\\\\\\\\MicrosoftEdgeUpdate.exe\\\\\\\" /svc\",\"parentUser\":\"NT AUTHORITY\\\\\\\\SYSTEM\"}}}","decoder":{"name":"windows_eventchannel"},"data":{"win":{"system":{"providerName":"Microsoft-Windows-Sysmon","providerGuid":"{5770385f-c22a-43e0-bf4c-06f5698ffbd9}","eventID":"1","version":"5","level":"4","task":"1","opcode":"0","keywords":"0x8000000000000000","systemTime":"2026-10-02T13:38:07.9818345Z","eventRecordID":"14964","processID":"3504","threadID":"4956","channel":"Microsoft-Windows-Sysmon/Operational","computer":"DESKTOP-5OG7C28","severityValue":"INFORMATION","message":"\"Process Create:\r\nRuleName: -\r\nUtcTime: 2026-10-02 13:38:07.976\r\nProcessGuid: {4b2ce92d-b3bf-6abf-a202-000000001400}\r\nProcessId: 11260\r\nImage: C:\\Program Files (x86)\\Microsoft\\EdgeUpdate\\MicrosoftEdgeUpdate.exe\r\nFileVersion: 1.3.271.7\r\nDescription: Microsoft Edge Update\r\nProduct: Microsoft Edge Update\r\nCompany: Microsoft Corporation\r\nOriginalFileName: MicrosoftEdgeUpdate.exe\r\nCommandLine: \"C:\\Program Files (x86)\\Microsoft\\EdgeUpdate\\MicrosoftEdgeUpdate.exe\" /ping PD94bWwgdmVyc2lvbj0iMS4wIiBlbmNvZGluZz0iVVRGLTgiPz48cmVxdWVzdCBwcm90b2NvbD0iMy4wIiB1cGRhdGVyPSJPbWFoYSIgdXBkYXRlcnZlcnNpb249IjEuMy4yNzUuMTMiIHNoZWxsX3ZlcnNpb249IjEuMy4yNzEuNyIgaXNtYWNoaW5lPSIxIiBzZXNzaW9uaWQ9InsxQjRBRjM0NS02RTEyLTQ3QjEtQTUyNy02QkM5NEIzOTIxNEN9IiB1c2VyaWQ9Ins1QzlCRTY4RS1DMUUyLTQ0MEMtQjU3NC0xMzQ1MTVGODgzQkF9IiBpbnN0YWxsc291cmNlPSJjb3JlIiByZXF1ZXN0aWQ9IntBRjZENEVFMi0xMDRBLTRFNkEtOEI1RC1ENDZGQ0FGMTgxOUZ9IiBkZWR1cD0iY3IiIGRvbWFpbmpvaW5lZD0iMCI-PGh3IGxvZ2ljYWxfY3B1cz0iMiIgcGh5c21lbW9yeT0iNCIgZGlza190eXBlPSIyIiBzc2U9IjEiIHNzZTI9IjEiIHNzZTM9IjEiIHNzc2UzPSIxIiBzc2U0MT0iMSIgc3NlNDI9IjEiIGF2eD0iMSIvPjxvcyBwbGF0Zm9ybT0id2luIiB2ZXJzaW9uPSIxMC4wLjI2MjAwLjk0NTciIHNwPSIiIGFyY2g9Ing2NCIgcHJvZHVjdF90eXBlPSI3MiIgaXNfd2lwPSIwIiBpc19pbl9sb2NrZG93bl9tb2RlPSIwIi8-PG9lbSBwcm9kdWN0X21hbnVmYWN0dXJlcj0iVk13YXJlLCBJbmMuIiBwcm9kdWN0X25hbWU9IlZNd2FyZTIwLDEiLz48ZXhwIGV0YWc9IiZxdW90O0hodkhJV3BVTlpUTW5WMlZUMWxlM2Y1WUpROU9Tb1RENk14SERsQTg5UGc9JnF1b3Q7Ii8-PGFwcCBhcHBpZD0ie0YzQzRGRTAwLUVGRDUtNDAzQi05NTY5LTM5OEEyMEYxQkE0QX0iIHZlcnNpb249IjEuMy4yNzUuMTMiIG5leHR2ZXJzaW9uPSIiIGxhbmc9IiIgYnJhbmQ9IklOQlgiIGNsaWVudD0iIiBleHBlcmltZW50cz0iUHJvZHVjdHNUb1JlZ2lzdGVyPSU1QiUyMiU3QkM1MDU2NUU5LUNDQ0YtNDRCNC1CQTE1LTVBQzVDNjU2OTE5NyU3RCUyMiU1RCIgaW5zdGFsbGFnZT0iMzEiIGNvaG9ydD0icnJmQDAuNDYiPjx1cGRhdGVjaGVjay8-PHBpbmcgcmQ9IjcyMTQiIHBpbmdfZnJlc2huZXNzPSJ7NDA4MUIzQTQtMUVBMy00RDJFLThCQzYtMkZEQ0ExRTc4QTM0fSIvPjwvYXBwPjxhcHAgYXBwaWQ9Ins1NkVCMThGOC1CMDA4LTRDQkQtQjZEMi04Qzk3RkU3RTkwNjJ9IiB2ZXJzaW9uPSIxNTQuMC40MjU4LjM3IiBuZXh0dmVyc2lvbj0iMTU0LjAuNDI1OC40OCIgbGFuZz0iIiBicmFuZD0iSU5CWCIgY2xpZW50PSIiIGV4cGVyaW1lbnRzPSJjb25zZW50PWZhbHNlIiBpbnN0YWxsYWdlPSIzMSIgY29ob3J0PSJycmZAMC43MCIgb29iZV9pbnN0YWxsX3RpbWU9IjEzNDMyNzI4NDkwNDU0OTg3MCIgdXBkYXRlX2NvdW50PSI0IiBpc19waW5uZWRfc3lzdGVtPSJ0cnVlIiBsYXN0X2xhdW5jaF9jb3VudD0iMSIgbGFzdF9sYXVuY2hfdGltZT0iMTM0MzQ4MjA1NzA0NTU5MjIwIiBmaXJzdF9mcmVfc2Vlbl90aW1lPSIxMzQzMjczNTY0ODc2NzA2NjAiIGZpcnN0X2ZyZV9zZWVuX3ZlcnNpb249IjE1Mi4wLjQxOTEuNTMiPjx1cGRhdGVjaGVjay8-PGV2ZW50IGV2ZW50dHlwZT0iMTIiIGV2ZW50cmVzdWx0PSIxIiBlcnJvcmNvZGU9IjAiIGV4dHJhY29kZTE9IjAiIHN5c3RlbV91cHRpbWVfdGlja3M9IjEzNTE4MTY1NjAzIiBkb25lX2JlZm9yZV9vb2JlX2NvbXBsZXRlPSIwIi8-PGV2ZW50IGV2ZW50dHlwZT0iMTMiIGV2ZW50cmVzdWx0PSIxIiBlcnJvcmNvZGU9IjAiIGV4dHJhY29kZTE9IjAiIHN5c3RlbV91cHRpbWVfdGlja3M9IjEzNTE4NjM1MDc0IiBkb25lX2JlZm9yZV9vb2JlX2NvbXBsZXRlPSIwIi8-PGV2ZW50IGV2ZW50dHlwZT0iMTQiIGV2ZW50cmVzdWx0PSIxIiBlcnJvcmNvZGU9IjAiIGV4dHJhY29kZTE9IjAiIHN5c3RlbV91cHRpbWVfdGlja3M9IjEzNTYyMTI3MDYzIiBzb3VyY2VfdXJsX2luZGV4PSIwIiBkb25lX2JlZm9yZV9vb2JlX2NvbXBsZXRlPSIwIiBkb3dubG9hZGVyPSJkbyIgdXJsPSJodHRwOi8vbXNlZGdlLmIudGx1LmRsLmRlbGl2ZXJ5Lm1wLm1pY3Jvc29mdC5jb20vZmlsZXN0cmVhbWluZ3NlcnZpY2UvZmlsZXMvYzI0ZDQ3ZWMtM2VlOS00ODRlLWI1ZmItOWVlYzVjMTY4NmQ3P1AxPTE3OTE1NTI5NjgmYW1wO1AyPTQwNCZhbXA7UDM9MiZhbXA7UDQ9UDNCcnN1JTJmVUdZRW5ERnV5eWFsY1RTMiUyZjg0MTRuVzV5TTdZMW5ya1hxb1UxNXc1VXk5UVNvSnBUR1NEUHpjUzBkMlIlMmZ6YmRPNWdXVkFWTSUyYlRRV25LdyUzZCUzZCIgc2VydmVyX2lwX2hpbnQ9IiIgY2RuX2NpZD0iLTEiIGNkbl9jY2M9IiIgY2RuX21zZWRnZV9yZWY9IiIgY2RuX2F6dXJlX3JlZl9vcmlnaW5fc2hpZWxkPSIiIGNkbl9jYWNoZT0iIiBjZG5fcDNwPSIiIGRvd25sb2FkZWQ9IjEzNzkxMDU2IiB0b3RhbD0iMTM3OTEwNTYiIGRvd25sb2FkX3RpbWVfbXM9IjQwNjciLz48ZXZlbnQgZXZlbnR0eXBlPSIxNCIgZXZlbnRyZXN1bHQ9IjEiIGVycm9yY29kZT0iMCIgZXh0cmFjb2RlMT0iMCIgc3lzdGVtX3VwdGltZV90aWNrcz0iMTM1NjIyMDA0NTciIHNvdXJjZV91cmxfaW5kZXg9IjAiIGRvbmVfYmVmb3JlX29vYmVfY29tcGxldGU9IjAiLz48ZXZlbnQgZXZlbnR0eXBlPSIxNSIgZXZlbnRyZXN1bHQ9IjEiIGVycm9yY29kZT0iMCIgZXh0cmFjb2RlMT0iMCIgc3lzdGVtX3VwdGltZV90aWNrcz0iMTM1NjgyMDI0NzYiIGRvbmVfYmVmb3JlX29vYmVfY29tcGxldGU9IjAiLz48ZXZlbnQgZXZlbnR0eXBlPSIzIiBldmVudHJlc3VsdD0iMSIgZXJyb3Jjb2RlPSIwIiBleHRyYWNvZGUxPSIxOTY3NTciIHN5c3RlbV91cHRpbWVfdGlja3M9IjE0NDY2Mzg3NzczIiBzb3VyY2VfdXJsX2luZGV4PSIwIiBkb25lX2JlZm9yZV9vb2JlX2NvbXBsZXRlPSIwIiB1cGRhdGVfY2hlY2tfdGltZV9tcz0iNTUyIiBkb3dubG9hZF90aW1lX21zPSI0MzM2IiBkb3dubG9hZGVkPSIxMzc5MTA1NiIgdG90YWw9IjEzNzkxMDU2IiBwYWNrYWdlX2NhY2hlX3Jlc3VsdD0iMCIgaW5zdGFsbF90aW1lX21zPSI4OTgwOSIvPjxwaW5nIGFjdGl2ZT0iMCIgcmQ9IjcyMTQiIHBpbmdfZnJlc2huZXNzPSJ7M0NCREE5MkYtQ0VFQy00OUQ4LUIyN0MtMEI4QzZDN0NDMEMwfSIvPjwvYXBwPjxhcHAgYXBwaWQ9IntGMzAxNzIyNi1GRTJBLTQyOTUtOEJERi0wMEMzQTlBN0U0QzV9IiB2ZXJzaW9uPSIxNTQuMC40MjU4LjM3IiBuZXh0dmVyc2lvbj0iMTU0LjAuNDI1OC40OCIgbGFuZz0iIiBicmFuZD0iSU5CWCIgY2xpZW50PSIiIGV4cGVyaW1lbnRzPSJjb25zZW50PWZhbHNlIiBpbnN0YWxsYWdlPSIzMSIgY29ob3J0PSJycmZAMC43NyIgdXBkYXRlX2NvdW50PSI0IiBsYXN0X2xhdW5jaF9jb3VudD0iMSIgbGFzdF9sYXVuY2hfdGltZT0iMTM0MzUzNDM3OTkwMzc3MDIwIj48dXBkYXRlY2hlY2svPjxldmVudCBldmVudHR5cGU9IjEyIiBldmVudHJlc3VsdD0iMSIgZXJyb3Jjb2RlPSIwIiBleHRyYWNvZGUxPSIwIiBzeXN0ZW1fdXB0aW1lX3RpY2tzPSIxMzUxODIxMzcwOSIgZG9uZV9iZWZvcmVfb29iZV9jb21wbGV0ZT0iMCIvPjxldmVudCBldmVudHR5cGU9IjEzIiBldmVudHJlc3VsdD0iMSIgZXJyb3Jjb2RlPSIwIiBleHRyYWNvZGUxPSIwIiBzeXN0ZW1fdXB0aW1lX3RpY2tzPSIxNDQ2NjUxMDE0MCIgZG9uZV9iZWZvcmVfb29iZV9jb21wbGV0ZT0iMCIvPjxldmVudCBldmVudHR5cGU9IjE0IiBldmVudHJlc3VsdD0iMSIgZXJyb3Jjb2RlPSIwIiBleHRyYWNvZGUxPSIwIiBzeXN0ZW1fdXB0aW1lX3RpY2tzPSIxNDQ2OTMxMzY4NSIgZG9uZV9iZWZvcmVfb29iZV9jb21wbGV0ZT0iMCIvPjxldmVudCBldmVudHR5cGU9IjE1IiBldmVudHJlc3VsdD0iMSIgZXJyb3Jjb2RlPSIwIiBleHRyYWNvZGUxPSIwIiBzeXN0ZW1fdXB0aW1lX3RpY2tzPSIxNDQ3NTM5OTc1MyIgZG9uZV9iZWZvcmVfb29iZV9jb21wbGV0ZT0iMCIvPjxldmVudCBldmVudHR5cGU9IjMiIGV2ZW50cmVzdWx0PSIxIiBlcnJvcmNvZGU9IjAiIGV4dHJhY29kZTE9IjE5Njc1NyIgc3lzdGVtX3VwdGltZV90aWNrcz0iMTQ3MDU4MTQ5NzciIGRvbmVfYmVmb3JlX29vYmVfY29tcGxldGU9IjAiIHVwZGF0ZV9jaGVja190aW1lX21zPSI1NTQiIGRvd25sb2FkZWQ9IjEzNzkxMDU2IiB0b3RhbD0iMTM3OTEwNTYiIHBhY2thZ2VfY2FjaGVfcmVzdWx0PSIyIiBpbnN0YWxsX3RpbWVfbXM9IjIzMDE2Ii8-PHBpbmcgYWN0aXZlPSIwIiByZD0iNzIxNCIgcGluZ19mcmVzaG5lc3M9InswMkI5MDFGOC0xQTA0LTRBNDctODNFQy0zRTY0NjE0RDE4N0F9Ii8-PC9hcHA-PC9yZXF1ZXN0Pg\r\nCurrentDirectory: C:\\Program Files (x86)\\Microsoft\\EdgeUpdate\\1.3.275.13\\\r\nUser: NT AUTHORITY\\SYSTEM\r\nLogonGuid: {4b2ce92d-824a-6abe-e703-000000000000}\r\nLogonId: 0x3E7\r\nTerminalSessionId: 0\r\nIntegrityLevel: System\r\nHashes: MD5=5773A83436600F9CC768C646385AF4FE,SHA256=5497DD84321887D18B62FAE35689EA4A7D07CAD7840853B2BB50BBF7BFAC365E,IMPHASH=CD3B2D99C6655A5D4A14E30E380F5BF9\r\nParentProcessGuid: {4b2ce92d-b348-6abf-8a02-000000001400}\r\nParentProcessId: 9980\r\nParentImage: C:\\Program Files (x86)\\Microsoft\\EdgeUpdate\\MicrosoftEdgeUpdate.exe\r\nParentCommandLine: \"C:\\Program Files (x86)\\Microsoft\\EdgeUpdate\\MicrosoftEdgeUpdate.exe\" /svc\r\nParentUser: NT AUTHORITY\\SYSTEM\""},"eventdata":{"utcTime":"2026-10-02 13:38:07.976","processGuid":"{4b2ce92d-b3bf-6abf-a202-000000001400}","processId":"11260","image":"C:\\\\Program Files (x86)\\\\Microsoft\\\\EdgeUpdate\\\\MicrosoftEdgeUpdate.exe","fileVersion":"1.3.271.7","description":"Microsoft Edge Update","product":"Microsoft Edge Update","company":"Microsoft Corporation","originalFileName":"MicrosoftEdgeUpdate.exe","commandLine":"\\\"C:\\\\Program Files (x86)\\\\Microsoft\\\\EdgeUpdate\\\\MicrosoftEdgeUpdate.exe\\\" /ping PD94bWwgdmVyc2lvbj0iMS4wIiBlbmNvZGluZz0iVVRGLTgiPz48cmVxdWVzdCBwcm90b2NvbD0iMy4wIiB1cGRhdGVyPSJPbWFoYSIgdXBkYXRlcnZlcnNpb249IjEuMy4yNzUuMTMiIHNoZWxsX3ZlcnNpb249IjEuMy4yNzEuNyIgaXNtYWNoaW5lPSIxIiBzZXNzaW9uaWQ9InsxQjRBRjM0NS02RTEyLTQ3QjEtQTUyNy02QkM5NEIzOTIxNEN9IiB1c2VyaWQ9Ins1QzlCRTY4RS1DMUUyLTQ0MEMtQjU3NC0xMzQ1MTVGODgzQkF9IiBpbnN0YWxsc291cmNlPSJjb3JlIiByZXF1ZXN0aWQ9IntBRjZENEVFMi0xMDRBLTRFNkEtOEI1RC1ENDZGQ0FGMTgxOUZ9IiBkZWR1cD0iY3IiIGRvbWFpbmpvaW5lZD0iMCI-PGh3IGxvZ2ljYWxfY3B1cz0iMiIgcGh5c21lbW9yeT0iNCIgZGlza190eXBlPSIyIiBzc2U9IjEiIHNzZTI9IjEiIHNzZTM9IjEiIHNzc2UzPSIxIiBzc2U0MT0iMSIgc3NlNDI9IjEiIGF2eD0iMSIvPjxvcyBwbGF0Zm9ybT0id2luIiB2ZXJzaW9uPSIxMC4wLjI2MjAwLjk0NTciIHNwPSIiIGFyY2g9Ing2NCIgcHJvZHVjdF90eXBlPSI3MiIgaXNfd2lwPSIwIiBpc19pbl9sb2NrZG93bl9tb2RlPSIwIi8-PG9lbSBwcm9kdWN0X21hbnVmYWN0dXJlcj0iVk13YXJlLCBJbmMuIiBwcm9kdWN0X25hbWU9IlZNd2FyZTIwLDEiLz48ZXhwIGV0YWc9IiZxdW90O0hodkhJV3BVTlpUTW5WMlZUMWxlM2Y1WUpROU9Tb1RENk14SERsQTg5UGc9JnF1b3Q7Ii8-PGFwcCBhcHBpZD0ie0YzQzRGRTAwLUVGRDUtNDAzQi05NTY5LTM5OEEyMEYxQkE0QX0iIHZlcnNpb249IjEuMy4yNzUuMTMiIG5leHR2ZXJzaW9uPSIiIGxhbmc9IiIgYnJhbmQ9IklOQlgiIGNsaWVudD0iIiBleHBlcmltZW50cz0iUHJvZHVjdHNUb1JlZ2lzdGVyPSU1QiUyMiU3QkM1MDU2NUU5LUNDQ0YtNDRCNC1CQTE1LTVBQzVDNjU2OTE5NyU3RCUyMiU1RCIgaW5zdGFsbGFnZT0iMzEiIGNvaG9ydD0icnJmQDAuNDYiPjx1cGRhdGVjaGVjay8-PHBpbmcgcmQ9IjcyMTQiIHBpbmdfZnJlc2huZXNzPSJ7NDA4MUIzQTQtMUVBMy00RDJFLThCQzYtMkZEQ0ExRTc4QTM0fSIvPjwvYXBwPjxhcHAgYXBwaWQ9Ins1NkVCMThGOC1CMDA4LTRDQkQtQjZEMi04Qzk3RkU3RTkwNjJ9IiB2ZXJzaW9uPSIxNTQuMC40MjU4LjM3IiBuZXh0dmVyc2lvbj0iMTU0LjAuNDI1OC40OCIgbGFuZz0iIiBicmFuZD0iSU5CWCIgY2xpZW50PSIiIGV4cGVyaW1lbnRzPSJjb25zZW50PWZhbHNlIiBpbnN0YWxsYWdlPSIzMSIgY29ob3J0PSJycmZAMC43MCIgb29iZV9pbnN0YWxsX3RpbWU9IjEzNDMyNzI4NDkwNDU0OTg3MCIgdXBkYXRlX2NvdW50PSI0IiBpc19waW5uZWRfc3lzdGVtPSJ0cnVlIiBsYXN0X2xhdW5jaF9jb3VudD0iMSIgbGFzdF9sYXVuY2hfdGltZT0iMTM0MzQ4MjA1NzA0NTU5MjIwIiBmaXJzdF9mcmVfc2Vlbl90aW1lPSIxMzQzMjczNTY0ODc2NzA2NjAiIGZpcnN0X2ZyZV9zZWVuX3ZlcnNpb249IjE1Mi4wLjQxOTEuNTMiPjx1cGRhdGVjaGVjay8-PGV2ZW50IGV2ZW50dHlwZT0iMTIiIGV2ZW50cmVzdWx0PSIxIiBlcnJvcmNvZGU9IjAiIGV4dHJhY29kZTE9IjAiIHN5c3RlbV91cHRpbWVfdGlja3M9IjEzNTE4MTY1NjAzIiBkb25lX2JlZm9yZV9vb2JlX2NvbXBsZXRlPSIwIi8-PGV2ZW50IGV2ZW50dHlwZT0iMTMiIGV2ZW50cmVzdWx0PSIxIiBlcnJvcmNvZGU9IjAiIGV4dHJhY29kZTE9IjAiIHN5c3RlbV91cHRpbWVfdGlja3M9IjEzNTE4NjM1MDc0IiBkb25lX2JlZm9yZV9vb2JlX2NvbXBsZXRlPSIwIi8-PGV2ZW50IGV2ZW50dHlwZT0iMTQiIGV2ZW50cmVzdWx0PSIxIiBlcnJvcmNvZGU9IjAiIGV4dHJhY29kZTE9IjAiIHN5c3RlbV91cHRpbWVfdGlja3M9IjEzNTYyMTI3MDYzIiBzb3VyY2VfdXJsX2luZGV4PSIwIiBkb25lX2JlZm9yZV9vb2JlX2NvbXBsZXRlPSIwIiBkb3dubG9hZGVyPSJkbyIgdXJsPSJodHRwOi8vbXNlZGdlLmIudGx1LmRsLmRlbGl2ZXJ5Lm1wLm1pY3Jvc29mdC5jb20vZmlsZXN0cmVhbWluZ3NlcnZpY2UvZmlsZXMvYzI0ZDQ3ZWMtM2VlOS00ODRlLWI1ZmItOWVlYzVjMTY4NmQ3P1AxPTE3OTE1NTI5NjgmYW1wO1AyPTQwNCZhbXA7UDM9MiZhbXA7UDQ9UDNCcnN1JTJmVUdZRW5ERnV5eWFsY1RTMiUyZjg0MTRuVzV5TTdZMW5ya1hxb1UxNXc1VXk5UVNvSnBUR1NEUHpjUzBkMlIlMmZ6YmRPNWdXVkFWTSUyYlRRV25LdyUzZCUzZCIgc2VydmVyX2lwX2hpbnQ9IiIgY2RuX2NpZD0iLTEiIGNkbl9jY2M9IiIgY2RuX21zZWRnZV9yZWY9IiIgY2RuX2F6dXJlX3JlZl9vcmlnaW5fc2hpZWxkPSIiIGNkbl9jYWNoZT0iIiBjZG5fcDNwPSIiIGRvd25sb2FkZWQ9IjEzNzkxMDU2IiB0b3RhbD0iMTM3OTEwNTYiIGRvd25sb2FkX3RpbWVfbXM9IjQwNjciLz48ZXZlbnQgZXZlbnR0eXBlPSIxNCIgZXZlbnRyZXN1bHQ9IjEiIGVycm9yY29kZT0iMCIgZXh0cmFjb2RlMT0iMCIgc3lzdGVtX3VwdGltZV90aWNrcz0iMTM1NjIyMDA0NTciIHNvdXJjZV91cmxfaW5kZXg9IjAiIGRvbmVfYmVmb3JlX29vYmVfY29tcGxldGU9IjAiLz48ZXZlbnQgZXZlbnR0eXBlPSIxNSIgZXZlbnRyZXN1bHQ9IjEiIGVycm9yY29kZT0iMCIgZXh0cmFjb2RlMT0iMCIgc3lzdGVtX3VwdGltZV90aWNrcz0iMTM1NjgyMDI0NzYiIGRvbmVfYmVmb3JlX29vYmVfY29tcGxldGU9IjAiLz48ZXZlbnQgZXZlbnR0eXBlPSIzIiBldmVudHJlc3VsdD0iMSIgZXJyb3Jjb2RlPSIwIiBleHRyYWNvZGUxPSIxOTY3NTciIHN5c3RlbV91cHRpbWVfdGlja3M9IjE0NDY2Mzg3NzczIiBzb3VyY2VfdXJsX2luZGV4PSIwIiBkb25lX2JlZm9yZV9vb2JlX2NvbXBsZXRlPSIwIiB1cGRhdGVfY2hlY2tfdGltZV9tcz0iNTUyIiBkb3dubG9hZF90aW1lX21zPSI0MzM2IiBkb3dubG9hZGVkPSIxMzc5MTA1NiIgdG90YWw9IjEzNzkxMDU2IiBwYWNrYWdlX2NhY2hlX3Jlc3VsdD0iMCIgaW5zdGFsbF90aW1lX21zPSI4OTgwOSIvPjxwaW5nIGFjdGl2ZT0iMCIgcmQ9IjcyMTQiIHBpbmdfZnJlc2huZXNzPSJ7M0NCREE5MkYtQ0VFQy00OUQ4LUIyN0MtMEI4QzZDN0NDMEMwfSIvPjwvYXBwPjxhcHAgYXBwaWQ9IntGMzAxNzIyNi1GRTJBLTQyOTUtOEJERi0wMEMzQTlBN0U0QzV9IiB2ZXJzaW9uPSIxNTQuMC40MjU4LjM3IiBuZXh0dmVyc2lvbj0iMTU0LjAuNDI1OC40OCIgbGFuZz0iIiBicmFuZD0iSU5CWCIgY2xpZW50PSIiIGV4cGVyaW1lbnRzPSJjb25zZW50PWZhbHNlIiBpbnN0YWxsYWdlPSIzMSIgY29ob3J0PSJycmZAMC43NyIgdXBkYXRlX2NvdW50PSI0IiBsYXN0X2xhdW5jaF9jb3VudD0iMSIgbGFzdF9sYXVuY2hfdGltZT0iMTM0MzUzNDM3OTkwMzc3MDIwIj48dXBkYXRlY2hlY2svPjxldmVudCBldmVudHR5cGU9IjEyIiBldmVudHJlc3VsdD0iMSIgZXJyb3Jjb2RlPSIwIiBleHRyYWNvZGUxPSIwIiBzeXN0ZW1fdXB0aW1lX3RpY2tzPSIxMzUxODIxMzcwOSIgZG9uZV9iZWZvcmVfb29iZV9jb21wbGV0ZT0iMCIvPjxldmVudCBldmVudHR5cGU9IjEzIiBldmVudHJlc3VsdD0iMSIgZXJyb3Jjb2RlPSIwIiBleHRyYWNvZGUxPSIwIiBzeXN0ZW1fdXB0aW1lX3RpY2tzPSIxNDQ2NjUxMDE0MCIgZG9uZV9iZWZvcmVfb29iZV9jb21wbGV0ZT0iMCIvPjxldmVudCBldmVudHR5cGU9IjE0IiBldmVudHJlc3VsdD0iMSIgZXJyb3Jjb2RlPSIwIiBleHRyYWNvZGUxPSIwIiBzeXN0ZW1fdXB0aW1lX3RpY2tzPSIxNDQ2OTMxMzY4NSIgZG9uZV9iZWZvcmVfb29iZV9jb21wbGV0ZT0iMCIvPjxldmVudCBldmVudHR5cGU9IjE1IiBldmVudHJlc3VsdD0iMSIgZXJyb3Jjb2RlPSIwIiBleHRyYWNvZGUxPSIwIiBzeXN0ZW1fdXB0aW1lX3RpY2tzPSIxNDQ3NTM5OTc1MyIgZG9uZV9iZWZvcmVfb29iZV9jb21wbGV0ZT0iMCIvPjxldmVudCBldmVudHR5cGU9IjMiIGV2ZW50cmVzdWx0PSIxIiBlcnJvcmNvZGU9IjAiIGV4dHJhY29kZTE9IjE5Njc1NyIgc3lzdGVtX3VwdGltZV90aWNrcz0iMTQ3MDU4MTQ5NzciIGRvbmVfYmVmb3JlX29vYmVfY29tcGxldGU9IjAiIHVwZGF0ZV9jaGVja190aW1lX21zPSI1NTQiIGRvd25sb2FkZWQ9IjEzNzkxMDU2IiB0b3RhbD0iMTM3OTEwNTYiIHBhY2thZ2VfY2FjaGVfcmVzdWx0PSIyIiBpbnN0YWxsX3RpbWVfbXM9IjIzMDE2Ii8-PHBpbmcgYWN0aXZlPSIwIiByZD0iNzIxNCIgcGluZ19mcmVzaG5lc3M9InswMkI5MDFGOC0xQTA0LTRBNDctODNFQy0zRTY0NjE0RDE4N0F9Ii8-PC9hcHA-PC9yZXF1ZXN0Pg","currentDirectory":"C:\\\\Program Files (x86)\\\\Microsoft\\\\EdgeUpdate\\\\1.3.275.13\\\\","user":"NT AUTHORITY\\\\SYSTEM","logonGuid":"{4b2ce92d-824a-6abe-e703-000000000000}","logonId":"0x3e7","terminalSessionId":"0","integrityLevel":"System","hashes":"MD5=5773A83436600F9CC768C646385AF4FE,SHA256=5497DD84321887D18B62FAE35689EA4A7D07CAD7840853B2BB50BBF7BFAC365E,IMPHASH=CD3B2D99C6655A5D4A14E30E380F5BF9","parentProcessGuid":"{4b2ce92d-b348-6abf-8a02-000000001400}","parentProcessId":"9980","parentImage":"C:\\\\Program Files (x86)\\\\Microsoft\\\\EdgeUpdate\\\\MicrosoftEdgeUpdate.exe","parentCommandLine":"\\\"C:\\\\Program Files (x86)\\\\Microsoft\\\\EdgeUpdate\\\\MicrosoftEdgeUpdate.exe\\\" /svc","parentUser":"NT AUTHORITY\\\\SYSTEM"}}},"location":"EventChannel"}
{"timestamp":"2026-10-02T15:38:20.518+0200","agent":{"id":"000","name":"dcasey-virtual-machine"},"manager":{"name":"dcasey-virtual-machine"},"id":"1790948300.321646","full_log":"Oct 02 13:38:20 dcasey-virtual-machine anacron[7992]: Job `cron.weekly' started","predecoder":{"program_name":"anacron","timestamp":"Oct 02 13:38:20","hostname":"dcasey-virtual-machine"},"decoder":{},"location":"journald"}
{"timestamp":"2026-10-02T15:38:20.518+0200","agent":{"id":"000","name":"dcasey-virtual-machine"},"manager":{"name":"dcasey-virtual-machine"},"id":"1790948300.321646","full_log":"Oct 02 13:38:20 dcasey-virtual-machine anacron[11676]: Updated timestamp for job `cron.weekly' to 2026-10-02","predecoder":{"program_name":"anacron","timestamp":"Oct 02 13:38:20","hostname":"dcasey-virtual-machine"},"decoder":{},"location":"journald"}
{"timestamp":"2026-10-02T15:38:20.520+0200","agent":{"id":"000","name":"dcasey-virtual-machine"},"manager":{"name":"dcasey-virtual-machine"},"id":"1790948300.321646","full_log":"Oct 02 13:38:20 dcasey-virtual-machine systemd[1]: anacron.service: Deactivated successfully.","predecoder":{"program_name":"systemd","timestamp":"Oct 02 13:38:20","hostname":"dcasey-virtual-machine"},"decoder":{"name":"systemd"},"location":"journald"}
{"timestamp":"2026-10-02T15:38:20.520+0200","agent":{"id":"000","name":"dcasey-virtual-machine"},"manager":{"name":"dcasey-virtual-machine"},"id":"1790948300.321646","full_log":"Oct 02 13:38:20 dcasey-virtual-machine anacron[11679]: Anacron 2.3 started on 2026-10-02","predecoder":{"program_name":"anacron","timestamp":"Oct 02 13:38:20","hostname":"dcasey-virtual-machine"},"decoder":{},"location":"journald"}
{"timestamp":"2026-10-02T15:38:20.520+0200","agent":{"id":"000","name":"dcasey-virtual-machine"},"manager":{"name":"dcasey-virtual-machine"},"id":"1790948300.321646","full_log":"Oct 02 13:38:20 dcasey-virtual-machine anacron[11679]: Normal exit (0 jobs run)","predecoder":{"program_name":"anacron","timestamp":"Oct 02 13:38:20","hostname":"dcasey-virtual-machine"},"decoder":{},"location":"journald"}
{"timestamp":"2026-10-02T15:38:20.520+0200","agent":{"id":"000","name":"dcasey-virtual-machine"},"manager":{"name":"dcasey-virtual-machine"},"id":"1790948300.321646","full_log":"Oct 02 13:38:20 dcasey-virtual-machine anacron[7992]: Job `cron.weekly' terminated","predecoder":{"program_name":"anacron","timestamp":"Oct 02 13:38:20","hostname":"dcasey-virtual-machine"},"decoder":{},"location":"journald"}
{"timestamp":"2026-10-02T15:38:20.520+0200","agent":{"id":"000","name":"dcasey-virtual-machine"},"manager":{"name":"dcasey-virtual-machine"},"id":"1790948300.321646","full_log":"Oct 02 13:38:20 dcasey-virtual-machine systemd[1]: Started Run anacron jobs.","predecoder":{"program_name":"systemd","timestamp":"Oct 02 13:38:20","hostname":"dcasey-virtual-machine"},"decoder":{"name":"systemd"},"location":"journald"}
{"timestamp":"2026-10-02T15:38:20.520+0200","agent":{"id":"000","name":"dcasey-virtual-machine"},"manager":{"name":"dcasey-virtual-machine"},"id":"1790948300.321646","full_log":"Oct 02 13:38:20 dcasey-virtual-machine systemd[1]: anacron.service: Deactivated successfully.","predecoder":{"program_name":"systemd","timestamp":"Oct 02 13:38:20","hostname":"dcasey-virtual-machine"},"decoder":{"name":"systemd"},"location":"journald"}
{"timestamp":"2026-10-02T15:38:20.520+0200","agent":{"id":"000","name":"dcasey-virtual-machine"},"manager":{"name":"dcasey-virtual-machine"},"id":"1790948300.321646","full_log":"Oct 02 13:38:20 dcasey-virtual-machine anacron[7992]: Normal exit (2 jobs run)","predecoder":{"program_name":"anacron","timestamp":"Oct 02 13:38:20","hostname":"dcasey-virtual-machine"},"decoder":{},"location":"journald"}
{"timestamp":"2026-10-02T15:38:39.605+0200","agent":{"id":"001","name":"Windows_VM","ip":"192.168.232.130"},"manager":{"name":"dcasey-virtual-machine"},"id":"1790948319.321646","full_log":"{\"win\":{\"system\":{\"providerName\":\"Microsoft-Windows-Sysmon\",\"providerGuid\":\"{5770385f-c22a-43e0-bf4c-06f5698ffbd9}\",\"eventID\":\"1\",\"version\":\"5\",\"level\":\"4\",\"task\":\"1\",\"opcode\":\"0\",\"keywords\":\"0x8000000000000000\",\"systemTime\":\"2026-10-02T13:38:39.6372731Z\",\"eventRecordID\":\"14965\",\"processID\":\"3504\",\"threadID\":\"4956\",\"channel\":\"Microsoft-Windows-Sysmon/Operational\",\"computer\":\"DESKTOP-5OG7C28\",\"severityValue\":\"INFORMATION\",\"message\":\"\\\"Process Create:\\r\\nRuleName: -\\r\\nUtcTime: 2026-10-02 13:38:39.632\\r\\nProcessGuid: {4b2ce92d-b3df-6abf-a702-000000001400}\\r\\nProcessId: 8640\\r\\nImage: C:\\\\Windows\\\\UUS\\\\amd64\\\\MoUsoCoreWorker.exe\\r\\nFileVersion: 1509.2608.11022.0\\r\\nDescription: MoUSO Core Worker Process\\r\\nProduct: Microsoft® Windows® Operating System\\r\\nCompany: Microsoft Corporation\\r\\nOriginalFileName: MoUSOCoreWorker.exe\\r\\nCommandLine: \\\"C:\\\\WINDOWS\\\\uus\\\\AMD64\\\\MoUsoCoreWorker.exe\\\" useprivatenamespaces\\r\\nCurrentDirectory: C:\\\\WINDOWS\\\\system32\\\\\\r\\nUser: NT AUTHORITY\\\\SYSTEM\\r\\nLogonGuid: {4b2ce92d-824a-6abe-e703-000000000000}\\r\\nLogonId: 0x3E7\\r\\nTerminalSessionId: 0\\r\\nIntegrityLevel: System\\r\\nHashes: MD5=CAC872010E2ABE5E5090E7E3A0EED549,SHA256=C3848A3136ACD302B13A0D930B2C7E7A44CCC31D5D5758FD55F06C178731383B,IMPHASH=6FD201EF140EA230B8153D94C2A4D885\\r\\nParentProcessGuid: {00000000-0000-0000-0000-000000000000}\\r\\nParentProcessId: 2688\\r\\nParentImage: -\\r\\nParentCommandLine: -\\r\\nParentUser: -\\\"\"},\"eventdata\":{\"utcTime\":\"2026-10-02 13:38:39.632\",\"processGuid\":\"{4b2ce92d-b3df-6abf-a702-000000001400}\",\"processId\":\"8640\",\"image\":\"C:\\\\\\\\Windows\\\\\\\\UUS\\\\\\\\amd64\\\\\\\\MoUsoCoreWorker.exe\",\"fileVersion\":\"1509.2608.11022.0\",\"description\":\"MoUSO Core Worker Process\",\"product\":\"Microsoft® Windows® Operating System\",\"company\":\"Microsoft Corporation\",\"originalFileName\":\"MoUSOCoreWorker.exe\",\"commandLine\":\"\\\\\\\"C:\\\\\\\\WINDOWS\\\\\\\\uus\\\\\\\\AMD64\\\\\\\\MoUsoCoreWorker.exe\\\\\\\" useprivatenamespaces\",\"currentDirectory\":\"C:\\\\\\\\WINDOWS\\\\\\\\system32\\\\\\\\\",\"user\":\"NT AUTHORITY\\\\\\\\SYSTEM\",\"logonGuid\":\"{4b2ce92d-824a-6abe-e703-000000000000}\",\"logonId\":\"0x3e7\",\"terminalSessionId\":\"0\",\"integrityLevel\":\"System\",\"hashes\":\"MD5=CAC872010E2ABE5E5090E7E3A0EED549,SHA256=C3848A3136ACD302B13A0D930B2C7E7A44CCC31D5D5758FD55F06C178731383B,IMPHASH=6FD201EF140EA230B8153D94C2A4D885\",\"parentProcessGuid\":\"{00000000-0000-0000-0000-000000000000}\",\"parentProcessId\":\"2688\"}}}","decoder":{"name":"windows_eventchannel"},"data":{"win":{"system":{"providerName":"Microsoft-Windows-Sysmon","providerGuid":"{5770385f-c22a-43e0-bf4c-06f5698ffbd9}","eventID":"1","version":"5","level":"4","task":"1","opcode":"0","keywords":"0x8000000000000000","systemTime":"2026-10-02T13:38:39.6372731Z","eventRecordID":"14965","processID":"3504","threadID":"4956","channel":"Microsoft-Windows-Sysmon/Operational","computer":"DESKTOP-5OG7C28","severityValue":"INFORMATION","message":"\"Process Create:\r\nRuleName: -\r\nUtcTime: 2026-10-02 13:38:39.632\r\nProcessGuid: {4b2ce92d-b3df-6abf-a702-000000001400}\r\nProcessId: 8640\r\nImage: C:\\Windows\\UUS\\amd64\\MoUsoCoreWorker.exe\r\nFileVersion: 1509.2608.11022.0\r\nDescription: MoUSO Core Worker Process\r\nProduct: Microsoft® Windows® Operating System\r\nCompany: Microsoft Corporation\r\nOriginalFileName: MoUSOCoreWorker.exe\r\nCommandLine: \"C:\\WINDOWS\\uus\\AMD64\\MoUsoCoreWorker.exe\" useprivatenamespaces\r\nCurrentDirectory: C:\\WINDOWS\\system32\\\r\nUser: NT AUTHORITY\\SYSTEM\r\nLogonGuid: {4b2ce92d-824a-6abe-e703-000000000000}\r\nLogonId: 0x3E7\r\nTerminalSessionId: 0\r\nIntegrityLevel: System\r\nHashes: MD5=CAC872010E2ABE5E5090E7E3A0EED549,SHA256=C3848A3136ACD302B13A0D930B2C7E7A44CCC31D5D5758FD55F06C178731383B,IMPHASH=6FD201EF140EA230B8153D94C2A4D885\r\nParentProcessGuid: {00000000-0000-0000-0000-000000000000}\r\nParentProcessId: 2688\r\nParentImage: -\r\nParentCommandLine: -\r\nParentUser: -\""},"eventdata":{"utcTime":"2026-10-02 13:38:39.632","processGuid":"{4b2ce92d-b3df-6abf-a702-000000001400}","processId":"8640","image":"C:\\\\Windows\\\\UUS\\\\amd64\\\\MoUsoCoreWorker.exe","fileVersion":"1509.2608.11022.0","description":"MoUSO Core Worker Process","product":"Microsoft® Windows® Operating System","company":"Microsoft Corporation","originalFileName":"MoUSOCoreWorker.exe","commandLine":"\\\"C:\\\\WINDOWS\\\\uus\\\\AMD64\\\\MoUsoCoreWorker.exe\\\" useprivatenamespaces","currentDirectory":"C:\\\\WINDOWS\\\\system32\\\\","user":"NT AUTHORITY\\\\SYSTEM","logonGuid":"{4b2ce92d-824a-6abe-e703-000000000000}","logonId":"0x3e7","terminalSessionId":"0","integrityLevel":"System","hashes":"MD5=CAC872010E2ABE5E5090E7E3A0EED549,SHA256=C3848A3136ACD302B13A0D930B2C7E7A44CCC31D5D5758FD55F06C178731383B,IMPHASH=6FD201EF140EA230B8153D94C2A4D885","parentProcessGuid":"{00000000-0000-0000-0000-000000000000}","parentProcessId":"2688"}}},"location":"EventChannel"}
{"timestamp":"2026-10-02T15:38:40.467+0200","agent":{"id":"001","name":"Windows_VM","ip":"192.168.232.130"},"manager":{"name":"dcasey-virtual-machine"},"id":"1790948320.321646","full_log":"{\"win\":{\"system\":{\"providerName\":\"Microsoft-Windows-Security-Auditing\",\"providerGuid\":\"{54849625-5478-4994-a5ba-3e3b0328c30d}\",\"eventID\":\"5379\",\"version\":\"0\",\"level\":\"0\",\"task\":\"13824\",\"opcode\":\"0\",\"keywords\":\"0x8020000000000000\",\"systemTime\":\"2026-10-02T13:38:40.4889304Z\",\"eventRecordID\":\"54004\",\"processID\":\"820\",\"threadID\":\"8572\",\"channel\":\"Security\",\"computer\":\"DESKTOP-5OG7C28\",\"severityValue\":\"AUDIT_SUCCESS\",\"message\":\"\\\"Credential Manager credentials were read.\\r\\n\\r\\nSubject:\\r\\n\\tSecurity ID:\\t\\tS-1-5-21-2586188580-1629295405-1270050116-1001\\r\\n\\tAccount Name:\\t\\tDarragh Casey\\r\\n\\tAccount Domain:\\t\\tDESKTOP-5OG7C28\\r\\n\\tLogon ID:\\t\\t0xA8DA9\\r\\n\\tRead Operation:\\t\\tEnumerate Credentials\\r\\n\\r\\nThis event occurs when a user performs a read operation on stored credentials in Credential Manager.\\\"\"},\"eventdata\":{\"subjectUserSid\":\"S-1-5-21-2586188580-1629295405-1270050116-1001\",\"subjectUserName\":\"Darragh Casey\",\"subjectDomainName\":\"DESKTOP-5OG7C28\",\"subjectLogonId\":\"0xa8da9\",\"targetName\":\"MicrosoftAccount:user=02nvmpszfpbhhmjd\",\"type\":\"0\",\"countOfCredentialsReturned\":\"0\",\"readOperation\":\"%%8100\",\"returnCode\":\"3221226021\",\"processCreationTime\":\"2026-10-02T13:34:51.1226711Z\",\"clientProcessId\":\"7408\"}}}","decoder":{"name":"windows_eventchannel"},"data":{"win":{"system":{"providerName":"Microsoft-Windows-Security-Auditing","providerGuid":"{54849625-5478-4994-a5ba-3e3b0328c30d}","eventID":"5379","version":"0","level":"0","task":"13824","opcode":"0","keywords":"0x8020000000000000","systemTime":"2026-10-02T13:38:40.4889304Z","eventRecordID":"54004","processID":"820","threadID":"8572","channel":"Security","computer":"DESKTOP-5OG7C28","severityValue":"AUDIT_SUCCESS","message":"\"Credential Manager credentials were read.\r\n\r\nSubject:\r\n\tSecurity ID:\t\tS-1-5-21-2586188580-1629295405-1270050116-1001\r\n\tAccount Name:\t\tDarragh Casey\r\n\tAccount Domain:\t\tDESKTOP-5OG7C28\r\n\tLogon ID:\t\t0xA8DA9\r\n\tRead Operation:\t\tEnumerate Credentials\r\n\r\nThis event occurs when a user performs a read operation on stored credentials in Credential Manager.\""},"eventdata":{"subjectUserSid":"S-1-5-21-2586188580-1629295405-1270050116-1001","subjectUserName":"Darragh Casey","subjectDomainName":"DESKTOP-5OG7C28","subjectLogonId":"0xa8da9","targetName":"MicrosoftAccount:user=02nvmpszfpbhhmjd","type":"0","countOfCredentialsReturned":"0","readOperation":"%%8100","returnCode":"3221226021","processCreationTime":"2026-10-02T13:34:51.1226711Z","clientProcessId":"7408"}}},"location":"EventChannel"}
{"timestamp":"2026-10-02T15:38:40.477+0200","agent":{"id":"001","name":"Windows_VM","ip":"192.168.232.130"},"manager":{"name":"dcasey-virtual-machine"},"id":"1790948320.321646","full_log":"{\"win\":{\"system\":{\"providerName\":\"Microsoft-Windows-Security-Auditing\",\"providerGuid\":\"{54849625-5478-4994-a5ba-3e3b0328c30d}\",\"eventID\":\"5379\",\"version\":\"0\",\"level\":\"0\",\"task\":\"13824\",\"opcode\":\"0\",\"keywords\":\"0x8020000000000000\",\"systemTime\":\"2026-10-02T13:38:40.4890627Z\",\"eventRecordID\":\"54005\",\"processID\":\"820\",\"threadID\":\"8572\",\"channel\":\"Security\",\"computer\":\"DESKTOP-5OG7C28\",\"severityValue\":\"AUDIT_SUCCESS\",\"message\":\"\\\"Credential Manager credentials were read.\\r\\n\\r\\nSubject:\\r\\n\\tSecurity ID:\\t\\tS-1-5-21-2586188580-1629295405-1270050116-1001\\r\\n\\tAccount Name:\\t\\tDarragh Casey\\r\\n\\tAccount Domain:\\t\\tDESKTOP-5OG7C28\\r\\n\\tLogon ID:\\t\\t0xA8DA9\\r\\n\\tRead Operation:\\t\\tEnumerate Credentials\\r\\n\\r\\nThis event occurs when a user performs a read operation on stored credentials in Credential Manager.\\\"\"},\"eventdata\":{\"subjectUserSid\":\"S-1-5-21-2586188580-1629295405-1270050116-1001\",\"subjectUserName\":\"Darragh Casey\",\"subjectDomainName\":\"DESKTOP-5OG7C28\",\"subjectLogonId\":\"0xa8da9\",\"targetName\":\"WindowsLive:(token):name=02nvmpszfpbhhmjd;serviceuri=*\",\"type\":\"0\",\"countOfCredentialsReturned\":\"0\",\"readOperation\":\"%%8100\",\"returnCode\":\"3221226021\",\"processCreationTime\":\"2026-10-02T13:34:51.1226711Z\",\"clientProcessId\":\"7408\"}}}","decoder":{"name":"windows_eventchannel"},"data":{"win":{"system":{"providerName":"Microsoft-Windows-Security-Auditing","providerGuid":"{54849625-5478-4994-a5ba-3e3b0328c30d}","eventID":"5379","version":"0","level":"0","task":"13824","opcode":"0","keywords":"0x8020000000000000","systemTime":"2026-10-02T13:38:40.4890627Z","eventRecordID":"54005","processID":"820","threadID":"8572","channel":"Security","computer":"DESKTOP-5OG7C28","severityValue":"AUDIT_SUCCESS","message":"\"Credential Manager credentials were read.\r\n\r\nSubject:\r\n\tSecurity ID:\t\tS-1-5-21-2586188580-1629295405-1270050116-1001\r\n\tAccount Name:\t\tDarragh Casey\r\n\tAccount Domain:\t\tDESKTOP-5OG7C28\r\n\tLogon ID:\t\t0xA8DA9\r\n\tRead Operation:\t\tEnumerate Credentials\r\n\r\nThis event occurs when a user performs a read operation on stored credentials in Credential Manager.\""},"eventdata":{"subjectUserSid":"S-1-5-21-2586188580-1629295405-1270050116-1001","subjectUserName":"Darragh Casey","subjectDomainName":"DESKTOP-5OG7C28","subjectLogonId":"0xa8da9","targetName":"WindowsLive:(token):name=02nvmpszfpbhhmjd;serviceuri=*","type":"0","countOfCredentialsReturned":"0","readOperation":"%%8100","returnCode":"3221226021","processCreationTime":"2026-10-02T13:34:51.1226711Z","clientProcessId":"7408"}}},"location":"EventChannel"}
{"timestamp":"2026-10-02T15:38:40.480+0200","agent":{"id":"001","name":"Windows_VM","ip":"192.168.232.130"},"manager":{"name":"dcasey-virtual-machine"},"id":"1790948320.321646","full_log":"{\"win\":{\"system\":{\"providerName\":\"Microsoft-Windows-Security-Auditing\",\"providerGuid\":\"{54849625-5478-4994-a5ba-3e3b0328c30d}\",\"eventID\":\"5379\",\"version\":\"0\",\"level\":\"0\",\"task\":\"13824\",\"opcode\":\"0\",\"keywords\":\"0x8020000000000000\",\"systemTime\":\"2026-10-02T13:38:40.4901614Z\",\"eventRecordID\":\"54006\",\"processID\":\"820\",\"threadID\":\"8572\",\"channel\":\"Security\",\"computer\":\"DESKTOP-5OG7C28\",\"severityValue\":\"AUDIT_SUCCESS\",\"message\":\"\\\"Credential Manager credentials were read.\\r\\n\\r\\nSubject:\\r\\n\\tSecurity ID:\\t\\tS-1-5-21-2586188580-1629295405-1270050116-1001\\r\\n\\tAccount Name:\\t\\tDarragh Casey\\r\\n\\tAccount Domain:\\t\\tDESKTOP-5OG7C28\\r\\n\\tLogon ID:\\t\\t0xA8DA9\\r\\n\\tRead Operation:\\t\\tEnumerate Credentials\\r\\n\\r\\nThis event occurs when a user performs a read operation on stored credentials in Credential Manager.\\\"\"},\"eventdata\":{\"subjectUserSid\":\"S-1-5-21-2586188580-1629295405-1270050116-1001\",\"subjectUserName\":\"Darragh Casey\",\"subjectDomainName\":\"DESKTOP-5OG7C28\",\"subjectLogonId\":\"0xa8da9\",\"targetName\":\"WindowsLive:(cert):name=02nvmpszfpbhhmjd;serviceuri=*\",\"type\":\"0\",\"countOfCredentialsReturned\":\"0\",\"readOperation\":\"%%8100\",\"returnCode\":\"3221226021\",\"processCreationTime\":\"2026-10-02T13:34:51.1226711Z\",\"clientProcessId\":\"7408\"}}}","decoder":{"name":"windows_eventchannel"},"data":{"win":{"system":{"providerName":"Microsoft-Windows-Security-Auditing","providerGuid":"{54849625-5478-4994-a5ba-3e3b0328c30d}","eventID":"5379","version":"0","level":"0","task":"13824","opcode":"0","keywords":"0x8020000000000000","systemTime":"2026-10-02T13:38:40.4901614Z","eventRecordID":"54006","processID":"820","threadID":"8572","channel":"Security","computer":"DESKTOP-5OG7C28","severityValue":"AUDIT_SUCCESS","message":"\"Credential Manager credentials were read.\r\n\r\nSubject:\r\n\tSecurity ID:\t\tS-1-5-21-2586188580-1629295405-1270050116-1001\r\n\tAccount Name:\t\tDarragh Casey\r\n\tAccount Domain:\t\tDESKTOP-5OG7C28\r\n\tLogon ID:\t\t0xA8DA9\r\n\tRead Operation:\t\tEnumerate Credentials\r\n\r\nThis event occurs when a user performs a read operation on stored credentials in Credential Manager.\""},"eventdata":{"subjectUserSid":"S-1-5-21-2586188580-1629295405-1270050116-1001","subjectUserName":"Darragh Casey","subjectDomainName":"DESKTOP-5OG7C28","subjectLogonId":"0xa8da9","targetName":"WindowsLive:(cert):name=02nvmpszfpbhhmjd;serviceuri=*","type":"0","countOfCredentialsReturned":"0","readOperation":"%%8100","returnCode":"3221226021","processCreationTime":"2026-10-02T13:34:51.1226711Z","clientProcessId":"7408"}}},"location":"EventChannel"}
