{"timestamp":"2026-10-02T15:45:44.702+0200","agent":{"id":"001","name":"Windows_VM","ip":"192.168.232.130"},"manager":{"name":"dcasey-virtual-machine"},"id":"1790948744.348222","full_log":"{\"win\":{\"system\":{\"providerName\":\"Microsoft-Windows-Sysmon\",\"providerGuid\":\"{5770385f-c22a-43e0-bf4c-06f5698ffbd9}\",\"eventID\":\"1\",\"version\":\"5\",\"level\":\"4\",\"task\":\"1\",\"opcode\":\"0\",\"keywords\":\"0x8000000000000000\",\"systemTime\":\"2026-10-02T14:45:39.8536820Z\",\"eventRecordID\":\"15028\",\"processID\":\"3504\",\"threadID\":\"4956\",\"channel\":\"Microsoft-Windows-Sysmon/Operational\",\"computer\":\"DESKTOP-5OG7C28\",\"severityValue\":\"INFORMATION\",\"message\":\"\\\"Process Create:\\r\\nRuleName: -\\r\\nUtcTime: 2026-10-02 14:45:39.784\\r\\nProcessGuid: {4b2ce92d-c393-6abf-0003-000000001400}\\r\\nProcessId: 10912\\r\\nImage: C:\\\\Windows\\\\System32\\\\taskhostw.exe\\r\\nFileVersion: 10.0.26100.8328 (WinBuild.160101.0800)\\r\\nDescription: Host Process for Windows Tasks\\r\\nProduct: Microsoft® Windows® Operating System\\r\\nCompany: Microsoft Corporation\\r\\nOriginalFileName: taskhostw.exe\\r\\nCommandLine: taskhostw.exe CreativeId:18=128000000001615609;CourtesyOverrideRuleName:4=none;\\r\\nCurrentDirectory: C:\\\\WINDOWS\\\\system32\\\\\\r\\nUser: DESKTOP-5OG7C28\\\\Darragh Casey\\r\\nLogonGuid: {4b2ce92d-826e-6abe-a98d-0a0000000000}\\r\\nLogonId: 0xA8DA9\\r\\nTerminalSessionId: 1\\r\\nIntegrityLevel: Medium\\r\\nHashes: MD5=9E9370331B9D14ABBA21091FFFCD1D1E,SHA256=EA8D441DF237FB3D3B7A27A95FDE186E19C94D58A618F5C29ED5FC13CB155E96,IMPHASH=2196268E7A2880E3ADC74481297D0C4B\\r\\nParentProcessGuid: {4b2ce92d-824e-6abe-2c00-000000001400}\\r\\nParentProcessId: 1268\\r\\nParentImage: C:\\\\Windows\\\\System32\\\\svchost.exe\\r\\nParentCommandLine: C:\\\\WINDOWS\\\\system32\\\\svchost.exe -k netsvcs -p -s Schedule\\r\\nParentUser: NT AUTHORITY\\\\SYSTEM\\\"\"},\"eventdata\":{\"utcTime\":\"2026-10-02 14:45:39.784\",\"processGuid\":\"{4b2ce92d-c393-6abf-0003-000000001400}\",\"processId\":\"10912\",\"image\":\"C:\\\\\\\\Windows\\\\\\\\System32\\\\\\\\taskhostw.exe\",\"fileVersion\":\"10.0.26100.8328 (WinBuild.160101.0800)\",\"description\":\"Host Process for Windows Tasks\",\"product\":\"Microsoft® Windows® Operating System\",\"company\":\"Microsoft Corporation\",\"originalFileName\":\"taskhostw.exe\",\"commandLine\":\"taskhostw.exe CreativeId:18=128000000001615609;CourtesyOverrideRuleName:4=none;\",\"currentDirectory\":\"C:\\\\\\\\WINDOWS\\\\\\\\system32\\\\\\\\\",\"user\":\"DESKTOP-5OG7C28\\\\\\\\Darragh Casey\",\"logonGuid\":\"{4b2ce92d-826e-6abe-a98d-0a0000000000}\",\"logonId\":\"0xa8da9\",\"terminalSessionId\":\"1\",\"integrityLevel\":\"Medium\",\"hashes\":\"MD5=9E9370331B9D14ABBA21091FFFCD1D1E,SHA256=EA8D441DF237FB3D3B7A27A95FDE186E19C94D58A618F5C29ED5FC13CB155E96,IMPHASH=2196268E7A2880E3ADC74481297D0C4B\",\"parentProcessGuid\":\"{4b2ce92d-824e-6abe-2c00-000000001400}\",\"parentProcessId\":\"1268\",\"parentImage\":\"C:\\\\\\\\Windows\\\\\\\\System32\\\\\\\\svchost.exe\",\"parentCommandLine\":\"C:\\\\\\\\WINDOWS\\\\\\\\system32\\\\\\\\svchost.exe -k netsvcs -p -s Schedule\",\"parentUser\":\"NT AUTHORITY\\\\\\\\SYSTEM\"}}}","decoder":{"name":"windows_eventchannel"},"data":{"win":{"system":{"providerName":"Microsoft-Windows-Sysmon","providerGuid":"{5770385f-c22a-43e0-bf4c-06f5698ffbd9}","eventID":"1","version":"5","level":"4","task":"1","opcode":"0","keywords":"0x8000000000000000","systemTime":"2026-10-02T14:45:39.8536820Z","eventRecordID":"15028","processID":"3504","threadID":"4956","channel":"Microsoft-Windows-Sysmon/Operational","computer":"DESKTOP-5OG7C28","severityValue":"INFORMATION","message":"\"Process Create:\r\nRuleName: -\r\nUtcTime: 2026-10-02 14:45:39.784\r\nProcessGuid: {4b2ce92d-c393-6abf-0003-000000001400}\r\nProcessId: 10912\r\nImage: C:\\Windows\\System32\\taskhostw.exe\r\nFileVersion: 10.0.26100.8328 (WinBuild.160101.0800)\r\nDescription: Host Process for Windows Tasks\r\nProduct: Microsoft® Windows® Operating System\r\nCompany: Microsoft Corporation\r\nOriginalFileName: taskhostw.exe\r\nCommandLine: taskhostw.exe CreativeId:18=128000000001615609;CourtesyOverrideRuleName:4=none;\r\nCurrentDirectory: C:\\WINDOWS\\system32\\\r\nUser: DESKTOP-5OG7C28\\Darragh Casey\r\nLogonGuid: {4b2ce92d-826e-6abe-a98d-0a0000000000}\r\nLogonId: 0xA8DA9\r\nTerminalSessionId: 1\r\nIntegrityLevel: Medium\r\nHashes: MD5=9E9370331B9D14ABBA21091FFFCD1D1E,SHA256=EA8D441DF237FB3D3B7A27A95FDE186E19C94D58A618F5C29ED5FC13CB155E96,IMPHASH=2196268E7A2880E3ADC74481297D0C4B\r\nParentProcessGuid: {4b2ce92d-824e-6abe-2c00-000000001400}\r\nParentProcessId: 1268\r\nParentImage: C:\\Windows\\System32\\svchost.exe\r\nParentCommandLine: C:\\WINDOWS\\system32\\svchost.exe -k netsvcs -p -s Schedule\r\nParentUser: NT AUTHORITY\\SYSTEM\""},"eventdata":{"utcTime":"2026-10-02 14:45:39.784","processGuid":"{4b2ce92d-c393-6abf-0003-000000001400}","processId":"10912","image":"C:\\\\Windows\\\\System32\\\\taskhostw.exe","fileVersion":"10.0.26100.8328 (WinBuild.160101.0800)","description":"Host Process for Windows Tasks","product":"Microsoft® Windows® Operating System","company":"Microsoft Corporation","originalFileName":"taskhostw.exe","commandLine":"taskhostw.exe CreativeId:18=128000000001615609;CourtesyOverrideRuleName:4=none;","currentDirectory":"C:\\\\WINDOWS\\\\system32\\\\","user":"DESKTOP-5OG7C28\\\\Darragh Casey","logonGuid":"{4b2ce92d-826e-6abe-a98d-0a0000000000}","logonId":"0xa8da9","terminalSessionId":"1","integrityLevel":"Medium","hashes":"MD5=9E9370331B9D14ABBA21091FFFCD1D1E,SHA256=EA8D441DF237FB3D3B7A27A95FDE186E19C94D58A618F5C29ED5FC13CB155E96,IMPHASH=2196268E7A2880E3ADC74481297D0C4B","parentProcessGuid":"{4b2ce92d-824e-6abe-2c00-000000001400}","parentProcessId":"1268","parentImage":"C:\\\\Windows\\\\System32\\\\svchost.exe","parentCommandLine":"C:\\\\WINDOWS\\\\system32\\\\svchost.exe -k netsvcs -p -s Schedule","parentUser":"NT AUTHORITY\\\\SYSTEM"}}},"location":"EventChannel"}
{"timestamp":"2026-10-02T15:45:44.703+0200","agent":{"id":"001","name":"Windows_VM","ip":"192.168.232.130"},"manager":{"name":"dcasey-virtual-machine"},"id":"1790948744.348222","full_log":"{\"win\":{\"system\":{\"providerName\":\"Microsoft-Windows-Sysmon\",\"providerGuid\":\"{5770385f-c22a-43e0-bf4c-06f5698ffbd9}\",\"eventID\":\"1\",\"version\":\"5\",\"level\":\"4\",\"task\":\"1\",\"opcode\":\"0\",\"keywords\":\"0x8000000000000000\",\"systemTime\":\"2026-10-02T14:45:39.8548739Z\",\"eventRecordID\":\"15030\",\"processID\":\"3504\",\"threadID\":\"4956\",\"channel\":\"Microsoft-Windows-Sysmon/Operational\",\"computer\":\"DESKTOP-5OG7C28\",\"severityValue\":\"INFORMATION\",\"message\":\"\\\"Process Create:\\r\\nRuleName: -\\r\\nUtcTime: 2026-10-02 14:45:39.837\\r\\nProcessGuid: {4b2ce92d-c393-6abf-0303-000000001400}\\r\\nProcessId: 5224\\r\\nImage: C:\\\\Windows\\\\System32\\\\UsoClient.exe\\r\\nFileVersion: 10.0.26100.9278 (WinBuild.160101.0800)\\r\\nDescription: UsoClient\\r\\nProduct: Microsoft® Windows® Operating System\\r\\nCompany: Microsoft Corporation\\r\\nOriginalFileName: UsoClient\\r\\nCommandLine: \\\"C:\\\\WINDOWS\\\\system32\\\\usoclient.exe\\\" StartWork\\r\\nCurrentDirectory: C:\\\\WINDOWS\\\\system32\\\\\\r\\nUser: NT AUTHORITY\\\\SYSTEM\\r\\nLogonGuid: {4b2ce92d-824a-6abe-e703-000000000000}\\r\\nLogonId: 0x3E7\\r\\nTerminalSessionId: 0\\r\\nIntegrityLevel: System\\r\\nHashes: MD5=CDD113061279C2AA9904F9665365A6A4,SHA256=9A19E7D2ED5D4B4677318D923FC9B62AAB3C5EADC565EB26CFFE296952C030DC,IMPHASH=1BC6441172601AD7E84C0082681FF7D2\\r\\nParentProcessGuid: {4b2ce92d-824e-6abe-2c00-000000001400}\\r\\nParentProcessId: 1268\\r\\nParentImage: C:\\\\Windows\\\\System32\\\\svchost.exe\\r\\nParentCommandLine: C:\\\\WINDOWS\\\\system32\\\\svchost.exe -k netsvcs -p -s Schedule\\r\\nParentUser: NT AUTHORITY\\\\SYSTEM\\\"\"},\"eventdata\":{\"utcTime\":\"2026-10-02 14:45:39.837\",\"processGuid\":\"{4b2ce92d-c393-6abf-0303-000000001400}\",\"processId\":\"5224\",\"image\":\"C:\\\\\\\\Windows\\\\\\\\System32\\\\\\\\UsoClient.exe\",\"fileVersion\":\"10.0.26100.9278 (WinBuild.160101.0800)\",\"description\":\"UsoClient\",\"product\":\"Microsoft® Windows® Operating System\",\"company\":\"Microsoft Corporation\",\"originalFileName\":\"UsoClient\",\"commandLine\":\"\\\\\\\"C:\\\\\\\\WINDOWS\\\\\\\\system32\\\\\\\\usoclient.exe\\\\\\\" StartWork\",\"currentDirectory\":\"C:\\\\\\\\WINDOWS\\\\\\\\system32\\\\\\\\\",\"user\":\"NT AUTHORITY\\\\\\\\SYSTEM\",\"logonGuid\":\"{4b2ce92d-824a-6abe-e703-000000000000}\",\"logonId\":\"0x3e7\",\"terminalSessionId\":\"0\",\"integrityLevel\":\"System\",\"hashes\":\"MD5=CDD113061279C2AA9904F9665365A6A4,SHA256=9A19E7D2ED5D4B4677318D923FC9B62AAB3C5EADC565EB26CFFE296952C030DC,IMPHASH=1BC6441172601AD7E84C0082681FF7D2\",\"parentProcessGuid\":\"{4b2ce92d-824e-6abe-2c00-000000001400}\",\"parentProcessId\":\"1268\",\"parentImage\":\"C:\\\\\\\\Windows\\\\\\\\System32\\\\\\\\svchost.exe\",\"parentCommandLine\":\"C:\\\\\\\\WINDOWS\\\\\\\\system32\\\\\\\\svchost.exe -k netsvcs -p -s Schedule\",\"parentUser\":\"NT AUTHORITY\\\\\\\\SYSTEM\"}}}","decoder":{"name":"windows_eventchannel"},"data":{"win":{"system":{"providerName":"Microsoft-Windows-Sysmon","providerGuid":"{5770385f-c22a-43e0-bf4c-06f5698ffbd9}","eventID":"1","version":"5","level":"4","task":"1","opcode":"0","keywords":"0x8000000000000000","systemTime":"2026-10-02T14:45:39.8548739Z","eventRecordID":"15030","processID":"3504","threadID":"4956","channel":"Microsoft-Windows-Sysmon/Operational","computer":"DESKTOP-5OG7C28","severityValue":"INFORMATION","message":"\"Process Create:\r\nRuleName: -\r\nUtcTime: 2026-10-02 14:45:39.837\r\nProcessGuid: {4b2ce92d-c393-6abf-0303-000000001400}\r\nProcessId: 5224\r\nImage: C:\\Windows\\System32\\UsoClient.exe\r\nFileVersion: 10.0.26100.9278 (WinBuild.160101.0800)\r\nDescription: UsoClient\r\nProduct: Microsoft® Windows® Operating System\r\nCompany: Microsoft Corporation\r\nOriginalFileName: UsoClient\r\nCommandLine: \"C:\\WINDOWS\\system32\\usoclient.exe\" StartWork\r\nCurrentDirectory: C:\\WINDOWS\\system32\\\r\nUser: NT AUTHORITY\\SYSTEM\r\nLogonGuid: {4b2ce92d-824a-6abe-e703-000000000000}\r\nLogonId: 0x3E7\r\nTerminalSessionId: 0\r\nIntegrityLevel: System\r\nHashes: MD5=CDD113061279C2AA9904F9665365A6A4,SHA256=9A19E7D2ED5D4B4677318D923FC9B62AAB3C5EADC565EB26CFFE296952C030DC,IMPHASH=1BC6441172601AD7E84C0082681FF7D2\r\nParentProcessGuid: {4b2ce92d-824e-6abe-2c00-000000001400}\r\nParentProcessId: 1268\r\nParentImage: C:\\Windows\\System32\\svchost.exe\r\nParentCommandLine: C:\\WINDOWS\\system32\\svchost.exe -k netsvcs -p -s Schedule\r\nParentUser: NT AUTHORITY\\SYSTEM\""},"eventdata":{"utcTime":"2026-10-02 14:45:39.837","processGuid":"{4b2ce92d-c393-6abf-0303-000000001400}","processId":"5224","image":"C:\\\\Windows\\\\System32\\\\UsoClient.exe","fileVersion":"10.0.26100.9278 (WinBuild.160101.0800)","description":"UsoClient","product":"Microsoft® Windows® Operating System","company":"Microsoft Corporation","originalFileName":"UsoClient","commandLine":"\\\"C:\\\\WINDOWS\\\\system32\\\\usoclient.exe\\\" StartWork","currentDirectory":"C:\\\\WINDOWS\\\\system32\\\\","user":"NT AUTHORITY\\\\SYSTEM","logonGuid":"{4b2ce92d-824a-6abe-e703-000000000000}","logonId":"0x3e7","terminalSessionId":"0","integrityLevel":"System","hashes":"MD5=CDD113061279C2AA9904F9665365A6A4,SHA256=9A19E7D2ED5D4B4677318D923FC9B62AAB3C5EADC565EB26CFFE296952C030DC,IMPHASH=1BC6441172601AD7E84C0082681FF7D2","parentProcessGuid":"{4b2ce92d-824e-6abe-2c00-000000001400}","parentProcessId":"1268","parentImage":"C:\\\\Windows\\\\System32\\\\svchost.exe","parentCommandLine":"C:\\\\WINDOWS\\\\system32\\\\svchost.exe -k netsvcs -p -s Schedule","parentUser":"NT AUTHORITY\\\\SYSTEM"}}},"location":"EventChannel"}
{"timestamp":"2026-10-02T15:45:44.728+0200","agent":{"id":"001","name":"Windows_VM","ip":"192.168.232.130"},"manager":{"name":"dcasey-virtual-machine"},"id":"1790948744.348222","full_log":"{\"win\":{\"system\":{\"providerName\":\"Microsoft-Windows-Sysmon\",\"providerGuid\":\"{5770385f-c22a-43e0-bf4c-06f5698ffbd9}\",\"eventID\":\"1\",\"version\":\"5\",\"level\":\"4\",\"task\":\"1\",\"opcode\":\"0\",\"keywords\":\"0x8000000000000000\",\"systemTime\":\"2026-10-02T14:45:39.8944706Z\",\"eventRecordID\":\"15031\",\"processID\":\"3504\",\"threadID\":\"4956\",\"channel\":\"Microsoft-Windows-Sysmon/Operational\",\"computer\":\"DESKTOP-5OG7C28\",\"severityValue\":\"INFORMATION\",\"message\":\"\\\"Process Create:\\r\\nRuleName: -\\r\\nUtcTime: 2026-10-02 14:45:39.833\\r\\nProcessGuid: {4b2ce92d-c393-6abf-0203-000000001400}\\r\\nProcessId: 3996\\r\\nImage: C:\\\\Program Files (x86)\\\\Microsoft\\\\EdgeUpdate\\\\MicrosoftEdgeUpdate.exe\\r\\nFileVersion: 1.3.271.7\\r\\nDescription: Microsoft Edge Update\\r\\nProduct: Microsoft Edge Update\\r\\nCompany: Microsoft Corporation\\r\\nOriginalFileName: MicrosoftEdgeUpdate.exe\\r\\nCommandLine: \\\"C:\\\\Program Files (x86)\\\\Microsoft\\\\EdgeUpdate\\\\MicrosoftEdgeUpdate.exe\\\" /c\\r\\nCurrentDirectory: C:\\\\WINDOWS\\\\system32\\\\\\r\\nUser: NT AUTHORITY\\\\SYSTEM\\r\\nLogonGuid: {4b2ce92d-824a-6abe-e703-000000000000}\\r\\nLogonId: 0x3E7\\r\\nTerminalSessionId: 0\\r\\nIntegrityLevel: System\\r\\nHashes: MD5=5773A83436600F9CC768C646385AF4FE,SHA256=5497DD84321887D18B62FAE35689EA4A7D07CAD7840853B2BB50BBF7BFAC365E,IMPHASH=CD3B2D99C6655A5D4A14E30E380F5BF9\\r\\nParentProcessGuid: {4b2ce92d-824e-6abe-2c00-000000001400}\\r\\nParentProcessId: 1268\\r\\nParentImage: C:\\\\Windows\\\\System32\\\\svchost.exe\\r\\nParentCommandLine: C:\\\\WINDOWS\\\\system32\\\\svchost.exe -k netsvcs -p -s Schedule\\r\\nParentUser: NT AUTHORITY\\\\SYSTEM\\\"\"},\"eventdata\":{\"utcTime\":\"2026-10-02 14:45:39.833\",\"processGuid\":\"{4b2ce92d-c393-6abf-0203-000000001400}\",\"processId\":\"3996\",\"image\":\"C:\\\\\\\\Program Files (x86)\\\\\\\\Microsoft\\\\\\\\EdgeUpdate\\\\\\\\MicrosoftEdgeUpdate.exe\",\"fileVersion\":\"1.3.271.7\",\"description\":\"Microsoft Edge Update\",\"product\":\"Microsoft Edge Update\",\"company\":\"Microsoft Corporation\",\"originalFileName\":\"MicrosoftEdgeUpdate.exe\",\"commandLine\":\"\\\\\\\"C:\\\\\\\\Program Files (x86)\\\\\\\\Microsoft\\\\\\\\EdgeUpdate\\\\\\\\MicrosoftEdgeUpdate.exe\\\\\\\" /c\",\"currentDirectory\":\"C:\\\\\\\\WINDOWS\\\\\\\\system32\\\\\\\\\",\"user\":\"NT AUTHORITY\\\\\\\\SYSTEM\",\"logonGuid\":\"{4b2ce92d-824a-6abe-e703-000000000000}\",\"logonId\":\"0x3e7\",\"terminalSessionId\":\"0\",\"integrityLevel\":\"System\",\"hashes\":\"MD5=5773A83436600F9CC768C646385AF4FE,SHA256=5497DD84321887D18B62FAE35689EA4A7D07CAD7840853B2BB50BBF7BFAC365E,IMPHASH=CD3B2D99C6655A5D4A14E30E380F5BF9\",\"parentProcessGuid\":\"{4b2ce92d-824e-6abe-2c00-000000001400}\",\"parentProcessId\":\"1268\",\"parentImage\":\"C:\\\\\\\\Windows\\\\\\\\System32\\\\\\\\svchost.exe\",\"parentCommandLine\":\"C:\\\\\\\\WINDOWS\\\\\\\\system32\\\\\\\\svchost.exe -k netsvcs -p -s Schedule\",\"parentUser\":\"NT AUTHORITY\\\\\\\\SYSTEM\"}}}","decoder":{"name":"windows_eventchannel"},"data":{"win":{"system":{"providerName":"Microsoft-Windows-Sysmon","providerGuid":"{5770385f-c22a-43e0-bf4c-06f5698ffbd9}","eventID":"1","version":"5","level":"4","task":"1","opcode":"0","keywords":"0x8000000000000000","systemTime":"2026-10-02T14:45:39.8944706Z","eventRecordID":"15031","processID":"3504","threadID":"4956","channel":"Microsoft-Windows-Sysmon/Operational","computer":"DESKTOP-5OG7C28","severityValue":"INFORMATION","message":"\"Process Create:\r\nRuleName: -\r\nUtcTime: 2026-10-02 14:45:39.833\r\nProcessGuid: {4b2ce92d-c393-6abf-0203-000000001400}\r\nProcessId: 3996\r\nImage: C:\\Program Files (x86)\\Microsoft\\EdgeUpdate\\MicrosoftEdgeUpdate.exe\r\nFileVersion: 1.3.271.7\r\nDescription: Microsoft Edge Update\r\nProduct: Microsoft Edge Update\r\nCompany: Microsoft Corporation\r\nOriginalFileName: MicrosoftEdgeUpdate.exe\r\nCommandLine: \"C:\\Program Files (x86)\\Microsoft\\EdgeUpdate\\MicrosoftEdgeUpdate.exe\" /c\r\nCurrentDirectory: C:\\WINDOWS\\system32\\\r\nUser: NT AUTHORITY\\SYSTEM\r\nLogonGuid: {4b2ce92d-824a-6abe-e703-000000000000}\r\nLogonId: 0x3E7\r\nTerminalSessionId: 0\r\nIntegrityLevel: System\r\nHashes: MD5=5773A83436600F9CC768C646385AF4FE,SHA256=5497DD84321887D18B62FAE35689EA4A7D07CAD7840853B2BB50BBF7BFAC365E,IMPHASH=CD3B2D99C6655A5D4A14E30E380F5BF9\r\nParentProcessGuid: {4b2ce92d-824e-6abe-2c00-000000001400}\r\nParentProcessId: 1268\r\nParentImage: C:\\Windows\\System32\\svchost.exe\r\nParentCommandLine: C:\\WINDOWS\\system32\\svchost.exe -k netsvcs -p -s Schedule\r\nParentUser: NT AUTHORITY\\SYSTEM\""},"eventdata":{"utcTime":"2026-10-02 14:45:39.833","processGuid":"{4b2ce92d-c393-6abf-0203-000000001400}","processId":"3996","image":"C:\\\\Program Files (x86)\\\\Microsoft\\\\EdgeUpdate\\\\MicrosoftEdgeUpdate.exe","fileVersion":"1.3.271.7","description":"Microsoft Edge Update","product":"Microsoft Edge Update","company":"Microsoft Corporation","originalFileName":"MicrosoftEdgeUpdate.exe","commandLine":"\\\"C:\\\\Program Files (x86)\\\\Microsoft\\\\EdgeUpdate\\\\MicrosoftEdgeUpdate.exe\\\" /c","currentDirectory":"C:\\\\WINDOWS\\\\system32\\\\","user":"NT AUTHORITY\\\\SYSTEM","logonGuid":"{4b2ce92d-824a-6abe-e703-000000000000}","logonId":"0x3e7","terminalSessionId":"0","integrityLevel":"System","hashes":"MD5=5773A83436600F9CC768C646385AF4FE,SHA256=5497DD84321887D18B62FAE35689EA4A7D07CAD7840853B2BB50BBF7BFAC365E,IMPHASH=CD3B2D99C6655A5D4A14E30E380F5BF9","parentProcessGuid":"{4b2ce92d-824e-6abe-2c00-000000001400}","parentProcessId":"1268","parentImage":"C:\\\\Windows\\\\System32\\\\svchost.exe","parentCommandLine":"C:\\\\WINDOWS\\\\system32\\\\svchost.exe -k netsvcs -p -s Schedule","parentUser":"NT AUTHORITY\\\\SYSTEM"}}},"location":"EventChannel"}
{"timestamp":"2026-10-02T15:45:44.728+0200","agent":{"id":"001","name":"Windows_VM","ip":"192.168.232.130"},"manager":{"name":"dcasey-virtual-machine"},"id":"1790948744.348222","full_log":"{\"win\":{\"system\":{\"providerName\":\"Microsoft-Windows-Sysmon\",\"providerGuid\":\"{5770385f-c22a-43e0-bf4c-06f5698ffbd9}\",\"eventID\":\"1\",\"version\":\"5\",\"level\":\"4\",\"task\":\"1\",\"opcode\":\"0\",\"keywords\":\"0x8000000000000000\",\"systemTime\":\"2026-10-02T14:45:40.1507069Z\",\"eventRecordID\":\"15032\",\"processID\":\"3504\",\"threadID\":\"4956\",\"channel\":\"Microsoft-Windows-Sysmon/Operational\",\"computer\":\"DESKTOP-5OG7C28\",\"severityValue\":\"INFORMATION\",\"message\":\"\\\"Process Create:\\r\\nRuleName: -\\r\\nUtcTime: 2026-10-02 14:45:40.145\\r\\nProcessGuid: {4b2ce92d-c394-6abf-0403-000000001400}\\r\\nProcessId: 5688\\r\\nImage: C:\\\\Windows\\\\SystemApps\\\\MicrosoftWindows.Client.CBS_cw5n1h2txyewy\\\\SoftLandingTask\\\\SoftLandingTask.exe\\r\\nFileVersion: 2607.28001.0.0\\r\\nDescription: -\\r\\nProduct: Microsoft® Windows® Operating System\\r\\nCompany: Microsoft Corporation\\r\\nOriginalFileName: SoftLandingTask.exe\\r\\nCommandLine: \\\"C:\\\\WINDOWS\\\\SystemApps\\\\MicrosoftWindows.Client.CBS_cw5n1h2txyewy\\\\SoftLandingTask\\\\SoftLandingTask.exe\\\" -Embedding\\r\\nCurrentDirectory: C:\\\\WINDOWS\\\\system32\\\\\\r\\nUser: DESKTOP-5OG7C28\\\\Darragh Casey\\r\\nLogonGuid: {4b2ce92d-826e-6abe-a98d-0a0000000000}\\r\\nLogonId: 0xA8DA9\\r\\nTerminalSessionId: 1\\r\\nIntegrityLevel: Medium\\r\\nHashes: MD5=235D97F0DF60D31200718D19C8AC476E,SHA256=92205264CEDDAA7F2120049EB0B34B4FB732FCE80BBE93016CCE3C0422135931,IMPHASH=41FAA649D6771CE7D2A185A37249990B\\r\\nParentProcessGuid: {00000000-0000-0000-0000-000000000000}\\r\\nParentProcessId: 952\\r\\nParentImage: -\\r\\nParentCommandLine: -\\r\\nParentUser: -\\\"\"},\"eventdata\":{\"utcTime\":\"2026-10-02 14:45:40.145\",\"processGuid\":\"{4b2ce92d-c394-6abf-0403-000000001400}\",\"processId\":\"5688\",\"image\":\"C:\\\\\\\\Windows\\\\\\\\SystemApps\\\\\\\\MicrosoftWindows.Client.CBS_cw5n1h2txyewy\\\\\\\\SoftLandingTask\\\\\\\\SoftLandingTask.exe\",\"fileVersion\":\"2607.28001.0.0\",\"product\":\"Microsoft® Windows® Operating System\",\"company\":\"Microsoft Corporation\",\"originalFileName\":\"SoftLandingTask.exe\",\"commandLine\":\"\\\\\\\"C:\\\\\\\\WINDOWS\\\\\\\\SystemApps\\\\\\\\MicrosoftWindows.Client.CBS_cw5n1h2txyewy\\\\\\\\SoftLandingTask\\\\\\\\SoftLandingTask.exe\\\\\\\" -Embedding\",\"currentDirectory\":\"C:\\\\\\\\WINDOWS\\\\\\\\system32\\\\\\\\\",\"user\":\"DESKTOP-5OG7C28\\\\\\\\Darragh Casey\",\"logonGuid\":\"{4b2ce92d-826e-6abe-a98d-0a0000000000}\",\"logonId\":\"0xa8da9\",\"terminalSessionId\":\"1\",\"integrityLevel\":\"Medium\",\"hashes\":\"MD5=235D97F0DF60D31200718D19C8AC476E,SHA256=92205264CEDDAA7F2120049EB0B34B4FB732FCE80BBE93016CCE3C0422135931,IMPHASH=41FAA649D6771CE7D2A185A37249990B\",\"parentProcessGuid\":\"{00000000-0000-0000-0000-000000000000}\",\"parentProcessId\":\"952\"}}}","decoder":{"name":"windows_eventchannel"},"data":{"win":{"system":{"providerName":"Microsoft-Windows-Sysmon","providerGuid":"{5770385f-c22a-43e0-bf4c-06f5698ffbd9}","eventID":"1","version":"5","level":"4","task":"1","opcode":"0","keywords":"0x8000000000000000","systemTime":"2026-10-02T14:45:40.1507069Z","eventRecordID":"15032","processID":"3504","threadID":"4956","channel":"Microsoft-Windows-Sysmon/Operational","computer":"DESKTOP-5OG7C28","severityValue":"INFORMATION","message":"\"Process Create:\r\nRuleName: -\r\nUtcTime: 2026-10-02 14:45:40.145\r\nProcessGuid: {4b2ce92d-c394-6abf-0403-000000001400}\r\nProcessId: 5688\r\nImage: C:\\Windows\\SystemApps\\MicrosoftWindows.Client.CBS_cw5n1h2txyewy\\SoftLandingTask\\SoftLandingTask.exe\r\nFileVersion: 2607.28001.0.0\r\nDescription: -\r\nProduct: Microsoft® Windows® Operating System\r\nCompany: Microsoft Corporation\r\nOriginalFileName: SoftLandingTask.exe\r\nCommandLine: \"C:\\WINDOWS\\SystemApps\\MicrosoftWindows.Client.CBS_cw5n1h2txyewy\\SoftLandingTask\\SoftLandingTask.exe\" -Embedding\r\nCurrentDirectory: C:\\WINDOWS\\system32\\\r\nUser: DESKTOP-5OG7C28\\Darragh Casey\r\nLogonGuid: {4b2ce92d-826e-6abe-a98d-0a0000000000}\r\nLogonId: 0xA8DA9\r\nTerminalSessionId: 1\r\nIntegrityLevel: Medium\r\nHashes: MD5=235D97F0DF60D31200718D19C8AC476E,SHA256=92205264CEDDAA7F2120049EB0B34B4FB732FCE80BBE93016CCE3C0422135931,IMPHASH=41FAA649D6771CE7D2A185A37249990B\r\nParentProcessGuid: {00000000-0000-0000-0000-000000000000}\r\nParentProcessId: 952\r\nParentImage: -\r\nParentCommandLine: -\r\nParentUser: -\""},"eventdata":{"utcTime":"2026-10-02 14:45:40.145","processGuid":"{4b2ce92d-c394-6abf-0403-000000001400}","processId":"5688","image":"C:\\\\Windows\\\\SystemApps\\\\MicrosoftWindows.Client.CBS_cw5n1h2txyewy\\\\SoftLandingTask\\\\SoftLandingTask.exe","fileVersion":"2607.28001.0.0","product":"Microsoft® Windows® Operating System","company":"Microsoft Corporation","originalFileName":"SoftLandingTask.exe","commandLine":"\\\"C:\\\\WINDOWS\\\\SystemApps\\\\MicrosoftWindows.Client.CBS_cw5n1h2txyewy\\\\SoftLandingTask\\\\SoftLandingTask.exe\\\" -Embedding","currentDirectory":"C:\\\\WINDOWS\\\\system32\\\\","user":"DESKTOP-5OG7C28\\\\Darragh Casey","logonGuid":"{4b2ce92d-826e-6abe-a98d-0a0000000000}","logonId":"0xa8da9","terminalSessionId":"1","integrityLevel":"Medium","hashes":"MD5=235D97F0DF60D31200718D19C8AC476E,SHA256=92205264CEDDAA7F2120049EB0B34B4FB732FCE80BBE93016CCE3C0422135931,IMPHASH=41FAA649D6771CE7D2A185A37249990B","parentProcessGuid":"{00000000-0000-0000-0000-000000000000}","parentProcessId":"952"}}},"location":"EventChannel"}
{"timestamp":"2026-10-02T15:45:44.744+0200","agent":{"id":"001","name":"Windows_VM","ip":"192.168.232.130"},"manager":{"name":"dcasey-virtual-machine"},"id":"1790948744.348222","full_log":"{\"win\":{\"system\":{\"providerName\":\"Microsoft-Windows-Sysmon\",\"providerGuid\":\"{5770385f-c22a-43e0-bf4c-06f5698ffbd9}\",\"eventID\":\"1\",\"version\":\"5\",\"level\":\"4\",\"task\":\"1\",\"opcode\":\"0\",\"keywords\":\"0x8000000000000000\",\"systemTime\":\"2026-10-02T14:45:40.5459393Z\",\"eventRecordID\":\"15033\",\"processID\":\"3504\",\"threadID\":\"4956\",\"channel\":\"Microsoft-Windows-Sysmon/Operational\",\"computer\":\"DESKTOP-5OG7C28\",\"severityValue\":\"INFORMATION\",\"message\":\"\\\"Process Create:\\r\\nRuleName: -\\r\\nUtcTime: 2026-10-02 14:45:40.504\\r\\nProcessGuid: {4b2ce92d-c394-6abf-0503-000000001400}\\r\\nProcessId: 3644\\r\\nImage: C:\\\\Program Files\\\\WindowsApps\\\\Microsoft.WindowsStore_22608.1401.5.0_x64__8wekyb3d8bbwe\\\\StoreDesktopExtension.exe\\r\\nFileVersion: -\\r\\nDescription: -\\r\\nProduct: -\\r\\nCompany: -\\r\\nOriginalFileName: -\\r\\nCommandLine: \\\"C:\\\\Program Files\\\\WindowsApps\\\\Microsoft.WindowsStore_22608.1401.5.0_x64__8wekyb3d8bbwe\\\\StoreDesktopExtension.exe\\\" -Embedding\\r\\nCurrentDirectory: C:\\\\WINDOWS\\\\system32\\\\\\r\\nUser: DESKTOP-5OG7C28\\\\Darragh Casey\\r\\nLogonGuid: {4b2ce92d-826e-6abe-a98d-0a0000000000}\\r\\nLogonId: 0xA8DA9\\r\\nTerminalSessionId: 1\\r\\nIntegrityLevel: Medium\\r\\nHashes: MD5=6CB66628972820CFAD4AB9F7EAE4C449,SHA256=588F614A66B11820B30513C0BFF5B5D3E73C05ECFF8509DA259D4593E53166AB,IMPHASH=79BAF1E9C48E4F3C374BD52C67BA3CDA\\r\\nParentProcessGuid: {00000000-0000-0000-0000-000000000000}\\r\\nParentProcessId: 952\\r\\nParentImage: -\\r\\nParentCommandLine: -\\r\\nParentUser: -\\\"\"},\"eventdata\":{\"utcTime\":\"2026-10-02 14:45:40.504\",\"processGuid\":\"{4b2ce92d-c394-6abf-0503-000000001400}\",\"processId\":\"3644\",\"image\":\"C:\\\\\\\\Program Files\\\\\\\\WindowsApps\\\\\\\\Microsoft.WindowsStore_22608.1401.5.0_x64__8wekyb3d8bbwe\\\\\\\\StoreDesktopExtension.exe\",\"commandLine\":\"\\\\\\\"C:\\\\\\\\Program Files\\\\\\\\WindowsApps\\\\\\\\Microsoft.WindowsStore_22608.1401.5.0_x64__8wekyb3d8bbwe\\\\\\\\StoreDesktopExtension.exe\\\\\\\" -Embedding\",\"currentDirectory\":\"C:\\\\\\\\WINDOWS\\\\\\\\system32\\\\\\\\\",\"user\":\"DESKTOP-5OG7C28\\\\\\\\Darragh Casey\",\"logonGuid\":\"{4b2ce92d-826e-6abe-a98d-0a0000000000}\",\"logonId\":\"0xa8da9\",\"terminalSessionId\":\"1\",\"integrityLevel\":\"Medium\",\"hashes\":\"MD5=6CB66628972820CFAD4AB9F7EAE4C449,SHA256=588F614A66B11820B30513C0BFF5B5D3E73C05ECFF8509DA259D4593E53166AB,IMPHASH=79BAF1E9C48E4F3C374BD52C67BA3CDA\",\"parentProcessGuid\":\"{00000000-0000-0000-0000-000000000000}\",\"parentProcessId\":\"952\"}}}","decoder":{"name":"windows_eventchannel"},"data":{"win":{"system":{"providerName":"Microsoft-Windows-Sysmon","providerGuid":"{5770385f-c22a-43e0-bf4c-06f5698ffbd9}","eventID":"1","version":"5","level":"4","task":"1","opcode":"0","keywords":"0x8000000000000000","systemTime":"2026-10-02T14:45:40.5459393Z","eventRecordID":"15033","processID":"3504","threadID":"4956","channel":"Microsoft-Windows-Sysmon/Operational","computer":"DESKTOP-5OG7C28","severityValue":"INFORMATION","message":"\"Process Create:\r\nRuleName: -\r\nUtcTime: 2026-10-02 14:45:40.504\r\nProcessGuid: {4b2ce92d-c394-6abf-0503-000000001400}\r\nProcessId: 3644\r\nImage: C:\\Program Files\\WindowsApps\\Microsoft.WindowsStore_22608.1401.5.0_x64__8wekyb3d8bbwe\\StoreDesktopExtension.exe\r\nFileVersion: -\r\nDescription: -\r\nProduct: -\r\nCompany: -\r\nOriginalFileName: -\r\nCommandLine: \"C:\\Program Files\\WindowsApps\\Microsoft.WindowsStore_22608.1401.5.0_x64__8wekyb3d8bbwe\\StoreDesktopExtension.exe\" -Embedding\r\nCurrentDirectory: C:\\WINDOWS\\system32\\\r\nUser: DESKTOP-5OG7C28\\Darragh Casey\r\nLogonGuid: {4b2ce92d-826e-6abe-a98d-0a0000000000}\r\nLogonId: 0xA8DA9\r\nTerminalSessionId: 1\r\nIntegrityLevel: Medium\r\nHashes: MD5=6CB66628972820CFAD4AB9F7EAE4C449,SHA256=588F614A66B11820B30513C0BFF5B5D3E73C05ECFF8509DA259D4593E53166AB,IMPHASH=79BAF1E9C48E4F3C374BD52C67BA3CDA\r\nParentProcessGuid: {00000000-0000-0000-0000-000000000000}\r\nParentProcessId: 952\r\nParentImage: -\r\nParentCommandLine: -\r\nParentUser: -\""},"eventdata":{"utcTime":"2026-10-02 14:45:40.504","processGuid":"{4b2ce92d-c394-6abf-0503-000000001400}","processId":"3644","image":"C:\\\\Program Files\\\\WindowsApps\\\\Microsoft.WindowsStore_22608.1401.5.0_x64__8wekyb3d8bbwe\\\\StoreDesktopExtension.exe","commandLine":"\\\"C:\\\\Program Files\\\\WindowsApps\\\\Microsoft.WindowsStore_22608.1401.5.0_x64__8wekyb3d8bbwe\\\\StoreDesktopExtension.exe\\\" -Embedding","currentDirectory":"C:\\\\WINDOWS\\\\system32\\\\","user":"DESKTOP-5OG7C28\\\\Darragh Casey","logonGuid":"{4b2ce92d-826e-6abe-a98d-0a0000000000}","logonId":"0xa8da9","terminalSessionId":"1","integrityLevel":"Medium","hashes":"MD5=6CB66628972820CFAD4AB9F7EAE4C449,SHA256=588F614A66B11820B30513C0BFF5B5D3E73C05ECFF8509DA259D4593E53166AB,IMPHASH=79BAF1E9C48E4F3C374BD52C67BA3CDA","parentProcessGuid":"{00000000-0000-0000-0000-000000000000}","parentProcessId":"952"}}},"location":"EventChannel"}
{"timestamp":"2026-10-02T15:45:45.776+0200","agent":{"id":"001","name":"Windows_VM","ip":"192.168.232.130"},"manager":{"name":"dcasey-virtual-machine"},"id":"1790948745.348222","full_log":"{\"win\":{\"system\":{\"providerName\":\"Microsoft-Windows-Sysmon\",\"providerGuid\":\"{5770385f-c22a-43e0-bf4c-06f5698ffbd9}\",\"eventID\":\"1\",\"version\":\"5\",\"level\":\"4\",\"task\":\"1\",\"opcode\":\"0\",\"keywords\":\"0x8000000000000000\",\"systemTime\":\"2026-10-02T14:45:40.9072553Z\",\"eventRecordID\":\"15034\",\"processID\":\"3504\",\"threadID\":\"4956\",\"channel\":\"Microsoft-Windows-Sysmon/Operational\",\"computer\":\"DESKTOP-5OG7C28\",\"severityValue\":\"INFORMATION\",\"message\":\"\\\"Process Create:\\r\\nRuleName: -\\r\\nUtcTime: 2026-10-02 14:45:40.903\\r\\nProcessGuid: {4b2ce92d-c394-6abf-0a03-000000001400}\\r\\nProcessId: 10968\\r\\nImage: C:\\\\Windows\\\\UUS\\\\amd64\\\\MoUsoCoreWorker.exe\\r\\nFileVersion: 1509.2608.11022.0\\r\\nDescription: MoUSO Core Worker Process\\r\\nProduct: Microsoft® Windows® Operating System\\r\\nCompany: Microsoft Corporation\\r\\nOriginalFileName: MoUSOCoreWorker.exe\\r\\nCommandLine: \\\"C:\\\\WINDOWS\\\\uus\\\\AMD64\\\\MoUsoCoreWorker.exe\\\" useprivatenamespaces\\r\\nCurrentDirectory: C:\\\\WINDOWS\\\\system32\\\\\\r\\nUser: NT AUTHORITY\\\\SYSTEM\\r\\nLogonGuid: {4b2ce92d-824a-6abe-e703-000000000000}\\r\\nLogonId: 0x3E7\\r\\nTerminalSessionId: 0\\r\\nIntegrityLevel: System\\r\\nHashes: MD5=CAC872010E2ABE5E5090E7E3A0EED549,SHA256=C3848A3136ACD302B13A0D930B2C7E7A44CCC31D5D5758FD55F06C178731383B,IMPHASH=6FD201EF140EA230B8153D94C2A4D885\\r\\nParentProcessGuid: {00000000-0000-0000-0000-000000000000}\\r\\nParentProcessId: 2688\\r\\nParentImage: -\\r\\nParentCommandLine: -\\r\\nParentUser: -\\\"\"},\"eventdata\":{\"utcTime\":\"2026-10-02 14:45:40.903\",\"processGuid\":\"{4b2ce92d-c394-6abf-0a03-000000001400}\",\"processId\":\"10968\",\"image\":\"C:\\\\\\\\Windows\\\\\\\\UUS\\\\\\\\amd64\\\\\\\\MoUsoCoreWorker.exe\",\"fileVersion\":\"1509.2608.11022.0\",\"description\":\"MoUSO Core Worker Process\",\"product\":\"Microsoft® Windows® Operating System\",\"company\":\"Microsoft Corporation\",\"originalFileName\":\"MoUSOCoreWorker.exe\",\"commandLine\":\"\\\\\\\"C:\\\\\\\\WINDOWS\\\\\\\\uus\\\\\\\\AMD64\\\\\\\\MoUsoCoreWorker.exe\\\\\\\" useprivatenamespaces\",\"currentDirectory\":\"C:\\\\\\\\WINDOWS\\\\\\\\system32\\\\\\\\\",\"user\":\"NT AUTHORITY\\\\\\\\SYSTEM\",\"logonGuid\":\"{4b2ce92d-824a-6abe-e703-000000000000}\",\"logonId\":\"0x3e7\",\"terminalSessionId\":\"0\",\"integrityLevel\":\"System\",\"hashes\":\"MD5=CAC872010E2ABE5E5090E7E3A0EED549,SHA256=C3848A3136ACD302B13A0D930B2C7E7A44CCC31D5D5758FD55F06C178731383B,IMPHASH=6FD201EF140EA230B8153D94C2A4D885\",\"parentProcessGuid\":\"{00000000-0000-0000-0000-000000000000}\",\"parentProcessId\":\"2688\"}}}","decoder":{"name":"windows_eventchannel"},"data":{"win":{"system":{"providerName":"Microsoft-Windows-Sysmon","providerGuid":"{5770385f-c22a-43e0-bf4c-06f5698ffbd9}","eventID":"1","version":"5","level":"4","task":"1","opcode":"0","keywords":"0x8000000000000000","systemTime":"2026-10-02T14:45:40.9072553Z","eventRecordID":"15034","processID":"3504","threadID":"4956","channel":"Microsoft-Windows-Sysmon/Operational","computer":"DESKTOP-5OG7C28","severityValue":"INFORMATION","message":"\"Process Create:\r\nRuleName: -\r\nUtcTime: 2026-10-02 14:45:40.903\r\nProcessGuid: {4b2ce92d-c394-6abf-0a03-000000001400}\r\nProcessId: 10968\r\nImage: C:\\Windows\\UUS\\amd64\\MoUsoCoreWorker.exe\r\nFileVersion: 1509.2608.11022.0\r\nDescription: MoUSO Core Worker Process\r\nProduct: Microsoft® Windows® Operating System\r\nCompany: Microsoft Corporation\r\nOriginalFileName: MoUSOCoreWorker.exe\r\nCommandLine: \"C:\\WINDOWS\\uus\\AMD64\\MoUsoCoreWorker.exe\" useprivatenamespaces\r\nCurrentDirectory: C:\\WINDOWS\\system32\\\r\nUser: NT AUTHORITY\\SYSTEM\r\nLogonGuid: {4b2ce92d-824a-6abe-e703-000000000000}\r\nLogonId: 0x3E7\r\nTerminalSessionId: 0\r\nIntegrityLevel: System\r\nHashes: MD5=CAC872010E2ABE5E5090E7E3A0EED549,SHA256=C3848A3136ACD302B13A0D930B2C7E7A44CCC31D5D5758FD55F06C178731383B,IMPHASH=6FD201EF140EA230B8153D94C2A4D885\r\nParentProcessGuid: {00000000-0000-0000-0000-000000000000}\r\nParentProcessId: 2688\r\nParentImage: -\r\nParentCommandLine: -\r\nParentUser: -\""},"eventdata":{"utcTime":"2026-10-02 14:45:40.903","processGuid":"{4b2ce92d-c394-6abf-0a03-000000001400}","processId":"10968","image":"C:\\\\Windows\\\\UUS\\\\amd64\\\\MoUsoCoreWorker.exe","fileVersion":"1509.2608.11022.0","description":"MoUSO Core Worker Process","product":"Microsoft® Windows® Operating System","company":"Microsoft Corporation","originalFileName":"MoUSOCoreWorker.exe","commandLine":"\\\"C:\\\\WINDOWS\\\\uus\\\\AMD64\\\\MoUsoCoreWorker.exe\\\" useprivatenamespaces","currentDirectory":"C:\\\\WINDOWS\\\\system32\\\\","user":"NT AUTHORITY\\\\SYSTEM","logonGuid":"{4b2ce92d-824a-6abe-e703-000000000000}","logonId":"0x3e7","terminalSessionId":"0","integrityLevel":"System","hashes":"MD5=CAC872010E2ABE5E5090E7E3A0EED549,SHA256=C3848A3136ACD302B13A0D930B2C7E7A44CCC31D5D5758FD55F06C178731383B,IMPHASH=6FD201EF140EA230B8153D94C2A4D885","parentProcessGuid":"{00000000-0000-0000-0000-000000000000}","parentProcessId":"2688"}}},"location":"EventChannel"}
{"timestamp":"2026-10-02T15:45:45.778+0200","agent":{"id":"001","name":"Windows_VM","ip":"192.168.232.130"},"manager":{"name":"dcasey-virtual-machine"},"id":"1790948745.348222","full_log":"{\"win\":{\"system\":{\"providerName\":\"Microsoft-Windows-Sysmon\",\"providerGuid\":\"{5770385f-c22a-43e0-bf4c-06f5698ffbd9}\",\"eventID\":\"3\",\"version\":\"5\",\"level\":\"4\",\"task\":\"3\",\"opcode\":\"0\",\"keywords\":\"0x8000000000000000\",\"systemTime\":\"2026-10-02T14:45:41.4945766Z\",\"eventRecordID\":\"15035\",\"processID\":\"3504\",\"threadID\":\"4320\",\"channel\":\"Microsoft-Windows-Sysmon/Operational\",\"computer\":\"DESKTOP-5OG7C28\",\"severityValue\":\"INFORMATION\",\"message\":\"\\\"Network connection detected:\\r\\nRuleName: Usermode\\r\\nUtcTime: 2026-10-02 13:45:45.168\\r\\nProcessGuid: {4b2ce92d-82ae-6abe-2201-000000001400}\\r\\nProcessId: 6572\\r\\nImage: C:\\\\Users\\\\Darragh Casey\\\\AppData\\\\Local\\\\Microsoft\\\\OneDrive\\\\OneDrive.exe\\r\\nUser: DESKTOP-5OG7C28\\\\Darragh Casey\\r\\nProtocol: tcp\\r\\nInitiated: true\\r\\nSourceIsIpv6: false\\r\\nSourceIp: 192.168.232.130\\r\\nSourceHostname: DESKTOP-5OG7C28.localdomain\\r\\nSourcePort: 54197\\r\\nSourcePortName: -\\r\\nDestinationIsIpv6: false\\r\\nDestinationIp: 52.123.224.132\\r\\nDestinationHostname: -\\r\\nDestinationPort: 443\\r\\nDestinationPortName: https\\\"\"},\"eventdata\":{\"ruleName\":\"Usermode\",\"utcTime\":\"2026-10-02 13:45:45.168\",\"processGuid\":\"{4b2ce92d-82ae-6abe-2201-000000001400}\",\"processId\":\"6572\",\"image\":\"C:\\\\\\\\Users\\\\\\\\Darragh Casey\\\\\\\\AppData\\\\\\\\Local\\\\\\\\Microsoft\\\\\\\\OneDrive\\\\\\\\OneDrive.exe\",\"user\":\"DESKTOP-5OG7C28\\\\\\\\Darragh Casey\",\"protocol\":\"tcp\",\"initiated\":\"true\",\"sourceIsIpv6\":\"false\",\"sourceIp\":\"192.168.232.130\",\"sourceHostname\":\"DESKTOP-5OG7C28.localdomain\",\"sourcePort\":\"54197\",\"destinationIsIpv6\":\"false\",\"destinationIp\":\"52.123.224.132\",\"destinationPort\":\"443\",\"destinationPortName\":\"https\"}}}","decoder":{"name":"windows_eventchannel"},"data":{"win":{"system":{"providerName":"Microsoft-Windows-Sysmon","providerGuid":"{5770385f-c22a-43e0-bf4c-06f5698ffbd9}","eventID":"3","version":"5","level":"4","task":"3","opcode":"0","keywords":"0x8000000000000000","systemTime":"2026-10-02T14:45:41.4945766Z","eventRecordID":"15035","processID":"3504","threadID":"4320","channel":"Microsoft-Windows-Sysmon/Operational","computer":"DESKTOP-5OG7C28","severityValue":"INFORMATION","message":"\"Network connection detected:\r\nRuleName: Usermode\r\nUtcTime: 2026-10-02 13:45:45.168\r\nProcessGuid: {4b2ce92d-82ae-6abe-2201-000000001400}\r\nProcessId: 6572\r\nImage: C:\\Users\\Darragh Casey\\AppData\\Local\\Microsoft\\OneDrive\\OneDrive.exe\r\nUser: DESKTOP-5OG7C28\\Darragh Casey\r\nProtocol: tcp\r\nInitiated: true\r\nSourceIsIpv6: false\r\nSourceIp: 192.168.232.130\r\nSourceHostname: DESKTOP-5OG7C28.localdomain\r\nSourcePort: 54197\r\nSourcePortName: -\r\nDestinationIsIpv6: false\r\nDestinationIp: 52.123.224.132\r\nDestinationHostname: -\r\nDestinationPort: 443\r\nDestinationPortName: https\""},"eventdata":{"ruleName":"Usermode","utcTime":"2026-10-02 13:45:45.168","processGuid":"{4b2ce92d-82ae-6abe-2201-000000001400}","processId":"6572","image":"C:\\\\Users\\\\Darragh Casey\\\\AppData\\\\Local\\\\Microsoft\\\\OneDrive\\\\OneDrive.exe","user":"DESKTOP-5OG7C28\\\\Darragh Casey","protocol":"tcp","initiated":"true","sourceIsIpv6":"false","sourceIp":"192.168.232.130","sourceHostname":"DESKTOP-5OG7C28.localdomain","sourcePort":"54197","destinationIsIpv6":"false","destinationIp":"52.123.224.132","destinationPort":"443","destinationPortName":"https"}}},"location":"EventChannel"}
{"timestamp":"2026-10-02T15:45:47.026+0200","agent":{"id":"001","name":"Windows_VM","ip":"192.168.232.130"},"manager":{"name":"dcasey-virtual-machine"},"id":"1790948747.348222","full_log":"{\"win\":{\"system\":{\"providerName\":\"Microsoft-Windows-Sysmon\",\"providerGuid\":\"{5770385f-c22a-43e0-bf4c-06f5698ffbd9}\",\"eventID\":\"22\",\"version\":\"5\",\"level\":\"4\",\"task\":\"22\",\"opcode\":\"0\",\"keywords\":\"0x8000000000000000\",\"systemTime\":\"2026-10-02T14:45:42.1486973Z\",\"eventRecordID\":\"15036\",\"processID\":\"3504\",\"threadID\":\"4972\",\"channel\":\"Microsoft-Windows-Sysmon/Operational\",\"computer\":\"DESKTOP-5OG7C28\",\"severityValue\":\"INFORMATION\",\"message\":\"\\\"Dns query:\\r\\nRuleName: -\\r\\nUtcTime: 2026-10-02 13:45:45.147\\r\\nProcessGuid: {4b2ce92d-82ae-6abe-2201-000000001400}\\r\\nProcessId: 6572\\r\\nQueryName: ecs.office.com\\r\\nQueryStatus: 0\\r\\nQueryResults: type: 5 ecs.office.trafficmanager.net;type: 5 mira.config.skype.com;type: 5 atm.teams.mira.tm.svc.cloud.microsoft;::ffff:52.123.224.132;::ffff:52.123.224.130;::ffff:52.123.224.129;::ffff:52.123.224.131;::ffff:52.123.224.128;::ffff:52.123.224.134;::ffff:52.123.224.133;::ffff:52.123.224.135;\\r\\nImage: C:\\\\Users\\\\Darragh Casey\\\\AppData\\\\Local\\\\Microsoft\\\\OneDrive\\\\OneDrive.exe\\r\\nUser: DESKTOP-5OG7C28\\\\Darragh Casey\\\"\"},\"eventdata\":{\"utcTime\":\"2026-10-02 13:45:45.147\",\"processGuid\":\"{4b2ce92d-82ae-6abe-2201-000000001400}\",\"processId\":\"6572\",\"queryName\":\"ecs.office.com\",\"queryStatus\":\"0\",\"queryResults\":\"type: 5 ecs.office.trafficmanager.net;type: 5 mira.config.skype.com;type: 5 atm.teams.mira.tm.svc.cloud.microsoft;::ffff:52.123.224.132;::ffff:52.123.224.130;::ffff:52.123.224.129;::ffff:52.123.224.131;::ffff:52.123.224.128;::ffff:52.123.224.134;::ffff:52.123.224.133;::ffff:52.123.224.135;\",\"image\":\"C:\\\\\\\\Users\\\\\\\\Darragh Casey\\\\\\\\AppData\\\\\\\\Local\\\\\\\\Microsoft\\\\\\\\OneDrive\\\\\\\\OneDrive.exe\",\"user\":\"DESKTOP-5OG7C28\\\\\\\\Darragh Casey\"}}}","decoder":{"name":"windows_eventchannel"},"data":{"win":{"system":{"providerName":"Microsoft-Windows-Sysmon","providerGuid":"{5770385f-c22a-43e0-bf4c-06f5698ffbd9}","eventID":"22","version":"5","level":"4","task":"22","opcode":"0","keywords":"0x8000000000000000","systemTime":"2026-10-02T14:45:42.1486973Z","eventRecordID":"15036","processID":"3504","threadID":"4972","channel":"Microsoft-Windows-Sysmon/Operational","computer":"DESKTOP-5OG7C28","severityValue":"INFORMATION","message":"\"Dns query:\r\nRuleName: -\r\nUtcTime: 2026-10-02 13:45:45.147\r\nProcessGuid: {4b2ce92d-82ae-6abe-2201-000000001400}\r\nProcessId: 6572\r\nQueryName: ecs.office.com\r\nQueryStatus: 0\r\nQueryResults: type: 5 ecs.office.trafficmanager.net;type: 5 mira.config.skype.com;type: 5 atm.teams.mira.tm.svc.cloud.microsoft;::ffff:52.123.224.132;::ffff:52.123.224.130;::ffff:52.123.224.129;::ffff:52.123.224.131;::ffff:52.123.224.128;::ffff:52.123.224.134;::ffff:52.123.224.133;::ffff:52.123.224.135;\r\nImage: C:\\Users\\Darragh Casey\\AppData\\Local\\Microsoft\\OneDrive\\OneDrive.exe\r\nUser: DESKTOP-5OG7C28\\Darragh Casey\""},"eventdata":{"utcTime":"2026-10-02 13:45:45.147","processGuid":"{4b2ce92d-82ae-6abe-2201-000000001400}","processId":"6572","queryName":"ecs.office.com","queryStatus":"0","queryResults":"type: 5 ecs.office.trafficmanager.net;type: 5 mira.config.skype.com;type: 5 atm.teams.mira.tm.svc.cloud.microsoft;::ffff:52.123.224.132;::ffff:52.123.224.130;::ffff:52.123.224.129;::ffff:52.123.224.131;::ffff:52.123.224.128;::ffff:52.123.224.134;::ffff:52.123.224.133;::ffff:52.123.224.135;","image":"C:\\\\Users\\\\Darragh Casey\\\\AppData\\\\Local\\\\Microsoft\\\\OneDrive\\\\OneDrive.exe","user":"DESKTOP-5OG7C28\\\\Darragh Casey"}}},"location":"EventChannel"}
{"timestamp":"2026-10-02T15:45:48.249+0200","agent":{"id":"001","name":"Windows_VM","ip":"192.168.232.130"},"manager":{"name":"dcasey-virtual-machine"},"id":"1790948748.348222","full_log":"{\"win\":{\"system\":{\"providerName\":\"Microsoft-Windows-Security-SPP\",\"providerGuid\":\"{E23B33B0-C8C9-472C-A5F9-F2BDFEA0F156}\",\"eventSourceName\":\"Software Protection Platform Service\",\"eventID\":\"16394\",\"version\":\"0\",\"level\":\"4\",\"task\":\"0\",\"opcode\":\"0\",\"keywords\":\"0x80000000000000\",\"systemTime\":\"2026-10-02T14:45:44.3789275Z\",\"eventRecordID\":\"1251\",\"processID\":\"3124\",\"threadID\":\"0\",\"channel\":\"Application\",\"computer\":\"DESKTOP-5OG7C28\",\"severityValue\":\"INFORMATION\",\"message\":\"\\\"Offline downlevel migration succeeded.\\\"\"}}}","decoder":{"name":"windows_eventchannel"},"data":{"win":{"system":{"providerName":"Microsoft-Windows-Security-SPP","providerGuid":"{E23B33B0-C8C9-472C-A5F9-F2BDFEA0F156}","eventSourceName":"Software Protection Platform Service","eventID":"16394","version":"0","level":"4","task":"0","opcode":"0","keywords":"0x80000000000000","systemTime":"2026-10-02T14:45:44.3789275Z","eventRecordID":"1251","processID":"3124","threadID":"0","channel":"Application","computer":"DESKTOP-5OG7C28","severityValue":"INFORMATION","message":"\"Offline downlevel migration succeeded.\""}}},"location":"EventChannel"}
{"timestamp":"2026-10-02T15:45:49.616+0200","agent":{"id":"001","name":"Windows_VM","ip":"192.168.232.130"},"manager":{"name":"dcasey-virtual-machine"},"id":"1790948749.348222","full_log":"{\"win\":{\"system\":{\"providerName\":\"Microsoft-Windows-Kernel-General\",\"providerGuid\":\"{a68ca8b7-004f-d7b6-a698-07e2de0f1f5d}\",\"eventID\":\"24\",\"version\":\"0\",\"level\":\"4\",\"task\":\"11\",\"opcode\":\"0\",\"keywords\":\"0x8000000000000010\",\"systemTime\":\"2026-10-02T14:45:39.6687014Z\",\"eventRecordID\":\"2975\",\"processID\":\"4028\",\"threadID\":\"8472\",\"channel\":\"System\",\"computer\":\"DESKTOP-5OG7C28\",\"severityValue\":\"INFORMATION\",\"message\":\"\\\"The time zone information was refreshed with exit reason 0. Current time zone bias is -60.\\\"\"},\"eventdata\":{\"exitReason\":\"0\",\"currentBias\":\"-60\",\"currentTimeZoneID\":\"2\",\"timeZoneInfoCacheUpdated\":\"0\",\"firstRefresh\":\"0\"}}}","decoder":{"name":"windows_eventchannel"},"data":{"win":{"system":{"providerName":"Microsoft-Windows-Kernel-General","providerGuid":"{a68ca8b7-004f-d7b6-a698-07e2de0f1f5d}","eventID":"24","version":"0","level":"4","task":"11","opcode":"0","keywords":"0x8000000000000010","systemTime":"2026-10-02T14:45:39.6687014Z","eventRecordID":"2975","processID":"4028","threadID":"8472","channel":"System","computer":"DESKTOP-5OG7C28","severityValue":"INFORMATION","message":"\"The time zone information was refreshed with exit reason 0. Current time zone bias is -60.\""},"eventdata":{"exitReason":"0","currentBias":"-60","currentTimeZoneID":"2","timeZoneInfoCacheUpdated":"0","firstRefresh":"0"}}},"location":"EventChannel"}
{"timestamp":"2026-10-02T15:45:49.616+0200","rule":{"level":5,"description":"System time changed","id":"60132","firedtimes":1,"mail":false,"groups":["windows","windows_security","time_changed"],"pci_dss":["10.6.1"],"gpg13":["1.3","4.13"],"gdpr":["IV_35.7.d"],"hipaa":["164.312.b"],"nist_800_53":["AU.6"],"tsc":["CC7.2","CC7.3"]},"agent":{"id":"001","name":"Windows_VM","ip":"192.168.232.130"},"manager":{"name":"dcasey-virtual-machine"},"id":"1790948749.349817","full_log":"{\"win\":{\"system\":{\"providerName\":\"Microsoft-Windows-Security-Auditing\",\"providerGuid\":\"{54849625-5478-4994-a5ba-3e3b0328c30d}\",\"eventID\":\"4616\",\"version\":\"1\",\"level\":\"0\",\"task\":\"12288\",\"opcode\":\"0\",\"keywords\":\"0x8020000000000000\",\"systemTime\":\"2026-10-02T14:45:39.6698599Z\",\"eventRecordID\":\"54043\",\"processID\":\"4\",\"threadID\":\"3272\",\"channel\":\"Security\",\"computer\":\"DESKTOP-5OG7C28\",\"severityValue\":\"AUDIT_SUCCESS\",\"message\":\"\\\"The system time was changed.\\r\\n\\r\\nSubject:\\r\\n\\tSecurity ID:\\t\\tS-1-5-21-2586188580-1629295405-1270050116-1001\\r\\n\\tAccount Name:\\t\\tDarragh Casey\\r\\n\\tAccount Domain:\\t\\tDESKTOP-5OG7C28\\r\\n\\tLogon ID:\\t\\t0xA8D6D\\r\\n\\r\\nProcess Information:\\r\\n\\tProcess ID:\\t0xfbc\\r\\n\\tName:\\t\\tC:\\\\Windows\\\\System32\\\\SystemSettingsAdminFlows.exe\\r\\n\\r\\nPrevious Time:\\t\\t‎2026‎-‎10‎-‎02T13:45:44.588500600Z\\r\\nNew Time:\\t\\t‎2026‎-‎10‎-‎02T14:45:39.666000000Z\\r\\n\\r\\nThis event is generated when the system time is changed. It is normal for the Windows Time Service, which runs with System privilege, to change the system time on a regular basis. Other system time changes may be indicative of attempts to tamper with the computer.\\\"\"},\"eventdata\":{\"subjectUserSid\":\"S-1-5-21-2586188580-1629295405-1270050116-1001\",\"subjectUserName\":\"Darragh Casey\",\"subjectDomainName\":\"DESKTOP-5OG7C28\",\"subjectLogonId\":\"0xa8d6d\",\"previousTime\":\"2026-10-02T13:45:44.5885006Z\",\"newTime\":\"2026-10-02T14:45:39.6660000Z\",\"processId\":\"0xfbc\",\"processName\":\"C:\\\\\\\\Windows\\\\\\\\System32\\\\\\\\SystemSettingsAdminFlows.exe\"}}}","decoder":{"name":"windows_eventchannel"},"data":{"win":{"system":{"providerName":"Microsoft-Windows-Security-Auditing","providerGuid":"{54849625-5478-4994-a5ba-3e3b0328c30d}","eventID":"4616","version":"1","level":"0","task":"12288","opcode":"0","keywords":"0x8020000000000000","systemTime":"2026-10-02T14:45:39.6698599Z","eventRecordID":"54043","processID":"4","threadID":"3272","channel":"Security","computer":"DESKTOP-5OG7C28","severityValue":"AUDIT_SUCCESS","message":"\"The system time was changed.\r\n\r\nSubject:\r\n\tSecurity ID:\t\tS-1-5-21-2586188580-1629295405-1270050116-1001\r\n\tAccount Name:\t\tDarragh Casey\r\n\tAccount Domain:\t\tDESKTOP-5OG7C28\r\n\tLogon ID:\t\t0xA8D6D\r\n\r\nProcess Information:\r\n\tProcess ID:\t0xfbc\r\n\tName:\t\tC:\\Windows\\System32\\SystemSettingsAdminFlows.exe\r\n\r\nPrevious Time:\t\t‎2026‎-‎10‎-‎02T13:45:44.588500600Z\r\nNew Time:\t\t‎2026‎-‎10‎-‎02T14:45:39.666000000Z\r\n\r\nThis event is generated when the system time is changed. It is normal for the Windows Time Service, which runs with System privilege, to change the system time on a regular basis. Other system time changes may be indicative of attempts to tamper with the computer.\""},"eventdata":{"subjectUserSid":"S-1-5-21-2586188580-1629295405-1270050116-1001","subjectUserName":"Darragh Casey","subjectDomainName":"DESKTOP-5OG7C28","subjectLogonId":"0xa8d6d","previousTime":"2026-10-02T13:45:44.5885006Z","newTime":"2026-10-02T14:45:39.6660000Z","processId":"0xfbc","processName":"C:\\\\Windows\\\\System32\\\\SystemSettingsAdminFlows.exe"}}},"location":"EventChannel"}
