{"timestamp":"2026-10-02T15:45:02.641+0200","agent":{"id":"000","name":"dcasey-virtual-machine"},"manager":{"name":"dcasey-virtual-machine"},"id":"1790948702.348222","full_log":"Oct 02 13:45:00 dcasey-virtual-machine opensearch-dashboards[877]: {\"type\":\"log\",\"@timestamp\":\"2026-10-02T13:45:00Z\",\"tags\":[\"info\",\"plugins\",\"wazuh\",\"monitoring\"],\"pid\":877,\"message\":\"Settings added to wazuh-monitoring-2026.40w index\"}","predecoder":{"program_name":"opensearch-dashboards","timestamp":"Oct 02 13:45:00","hostname":"dcasey-virtual-machine"},"decoder":{},"location":"journald"}
{"timestamp":"2026-10-02T15:45:02.641+0200","agent":{"id":"000","name":"dcasey-virtual-machine"},"manager":{"name":"dcasey-virtual-machine"},"id":"1790948702.348222","full_log":"Oct 02 13:45:00 dcasey-virtual-machine opensearch-dashboards[877]: {\"type\":\"log\",\"@timestamp\":\"2026-10-02T13:45:00Z\",\"tags\":[\"info\",\"plugins\",\"wazuh\",\"monitoring\"],\"pid\":877,\"message\":\"Bulk data to index wazuh-monitoring-2026.40w for 1 agents completed\"}","predecoder":{"program_name":"opensearch-dashboards","timestamp":"Oct 02 13:45:00","hostname":"dcasey-virtual-machine"},"decoder":{},"location":"journald"}
{"timestamp":"2026-10-02T15:45:25.732+0200","agent":{"id":"001","name":"Windows_VM","ip":"192.168.232.130"},"manager":{"name":"dcasey-virtual-machine"},"id":"1790948725.348222","full_log":"{\"win\":{\"system\":{\"providerName\":\"Microsoft-Windows-Sysmon\",\"providerGuid\":\"{5770385f-c22a-43e0-bf4c-06f5698ffbd9}\",\"eventID\":\"1\",\"version\":\"5\",\"level\":\"4\",\"task\":\"1\",\"opcode\":\"0\",\"keywords\":\"0x8000000000000000\",\"systemTime\":\"2026-10-02T13:45:25.7784163Z\",\"eventRecordID\":\"15020\",\"processID\":\"3504\",\"threadID\":\"4956\",\"channel\":\"Microsoft-Windows-Sysmon/Operational\",\"computer\":\"DESKTOP-5OG7C28\",\"severityValue\":\"INFORMATION\",\"message\":\"\\\"Process Create:\\r\\nRuleName: -\\r\\nUtcTime: 2026-10-02 13:45:25.762\\r\\nProcessGuid: {4b2ce92d-b575-6abf-fa02-000000001400}\\r\\nProcessId: 8972\\r\\nImage: C:\\\\Windows\\\\ImmersiveControlPanel\\\\SystemSettings.exe\\r\\nFileVersion: 10.0.26100.9278 (WinBuild.160101.0800)\\r\\nDescription: Settings\\r\\nProduct: Microsoft® Windows® Operating System\\r\\nCompany: Microsoft Corporation\\r\\nOriginalFileName: SystemSettings.exe\\r\\nCommandLine: \\\"C:\\\\Windows\\\\ImmersiveControlPanel\\\\SystemSettings.exe\\\" -ServerName:microsoft.windows.immersivecontrolpanel\\r\\nCurrentDirectory: C:\\\\Windows\\\\ImmersiveControlPanel\\\\\\r\\nUser: DESKTOP-5OG7C28\\\\Darragh Casey\\r\\nLogonGuid: {4b2ce92d-826e-6abe-a98d-0a0000000000}\\r\\nLogonId: 0xA8DA9\\r\\nTerminalSessionId: 1\\r\\nIntegrityLevel: Medium\\r\\nHashes: MD5=057079DD8BBB53E40D2899503E902592,SHA256=11382F7EFAC4978063F568F06FE90AF38F136FBE975CCE39D13667BD288B71C9,IMPHASH=AC97060BFD665F2F8A38B5C8340BDFD0\\r\\nParentProcessGuid: {00000000-0000-0000-0000-000000000000}\\r\\nParentProcessId: 952\\r\\nParentImage: -\\r\\nParentCommandLine: -\\r\\nParentUser: -\\\"\"},\"eventdata\":{\"utcTime\":\"2026-10-02 13:45:25.762\",\"processGuid\":\"{4b2ce92d-b575-6abf-fa02-000000001400}\",\"processId\":\"8972\",\"image\":\"C:\\\\\\\\Windows\\\\\\\\ImmersiveControlPanel\\\\\\\\SystemSettings.exe\",\"fileVersion\":\"10.0.26100.9278 (WinBuild.160101.0800)\",\"description\":\"Settings\",\"product\":\"Microsoft® Windows® Operating System\",\"company\":\"Microsoft Corporation\",\"originalFileName\":\"SystemSettings.exe\",\"commandLine\":\"\\\\\\\"C:\\\\\\\\Windows\\\\\\\\ImmersiveControlPanel\\\\\\\\SystemSettings.exe\\\\\\\" -ServerName:microsoft.windows.immersivecontrolpanel\",\"currentDirectory\":\"C:\\\\\\\\Windows\\\\\\\\ImmersiveControlPanel\\\\\\\\\",\"user\":\"DESKTOP-5OG7C28\\\\\\\\Darragh Casey\",\"logonGuid\":\"{4b2ce92d-826e-6abe-a98d-0a0000000000}\",\"logonId\":\"0xa8da9\",\"terminalSessionId\":\"1\",\"integrityLevel\":\"Medium\",\"hashes\":\"MD5=057079DD8BBB53E40D2899503E902592,SHA256=11382F7EFAC4978063F568F06FE90AF38F136FBE975CCE39D13667BD288B71C9,IMPHASH=AC97060BFD665F2F8A38B5C8340BDFD0\",\"parentProcessGuid\":\"{00000000-0000-0000-0000-000000000000}\",\"parentProcessId\":\"952\"}}}","decoder":{"name":"windows_eventchannel"},"data":{"win":{"system":{"providerName":"Microsoft-Windows-Sysmon","providerGuid":"{5770385f-c22a-43e0-bf4c-06f5698ffbd9}","eventID":"1","version":"5","level":"4","task":"1","opcode":"0","keywords":"0x8000000000000000","systemTime":"2026-10-02T13:45:25.7784163Z","eventRecordID":"15020","processID":"3504","threadID":"4956","channel":"Microsoft-Windows-Sysmon/Operational","computer":"DESKTOP-5OG7C28","severityValue":"INFORMATION","message":"\"Process Create:\r\nRuleName: -\r\nUtcTime: 2026-10-02 13:45:25.762\r\nProcessGuid: {4b2ce92d-b575-6abf-fa02-000000001400}\r\nProcessId: 8972\r\nImage: C:\\Windows\\ImmersiveControlPanel\\SystemSettings.exe\r\nFileVersion: 10.0.26100.9278 (WinBuild.160101.0800)\r\nDescription: Settings\r\nProduct: Microsoft® Windows® Operating System\r\nCompany: Microsoft Corporation\r\nOriginalFileName: SystemSettings.exe\r\nCommandLine: \"C:\\Windows\\ImmersiveControlPanel\\SystemSettings.exe\" -ServerName:microsoft.windows.immersivecontrolpanel\r\nCurrentDirectory: C:\\Windows\\ImmersiveControlPanel\\\r\nUser: DESKTOP-5OG7C28\\Darragh Casey\r\nLogonGuid: {4b2ce92d-826e-6abe-a98d-0a0000000000}\r\nLogonId: 0xA8DA9\r\nTerminalSessionId: 1\r\nIntegrityLevel: Medium\r\nHashes: MD5=057079DD8BBB53E40D2899503E902592,SHA256=11382F7EFAC4978063F568F06FE90AF38F136FBE975CCE39D13667BD288B71C9,IMPHASH=AC97060BFD665F2F8A38B5C8340BDFD0\r\nParentProcessGuid: {00000000-0000-0000-0000-000000000000}\r\nParentProcessId: 952\r\nParentImage: -\r\nParentCommandLine: -\r\nParentUser: -\""},"eventdata":{"utcTime":"2026-10-02 13:45:25.762","processGuid":"{4b2ce92d-b575-6abf-fa02-000000001400}","processId":"8972","image":"C:\\\\Windows\\\\ImmersiveControlPanel\\\\SystemSettings.exe","fileVersion":"10.0.26100.9278 (WinBuild.160101.0800)","description":"Settings","product":"Microsoft® Windows® Operating System","company":"Microsoft Corporation","originalFileName":"SystemSettings.exe","commandLine":"\\\"C:\\\\Windows\\\\ImmersiveControlPanel\\\\SystemSettings.exe\\\" -ServerName:microsoft.windows.immersivecontrolpanel","currentDirectory":"C:\\\\Windows\\\\ImmersiveControlPanel\\\\","user":"DESKTOP-5OG7C28\\\\Darragh Casey","logonGuid":"{4b2ce92d-826e-6abe-a98d-0a0000000000}","logonId":"0xa8da9","terminalSessionId":"1","integrityLevel":"Medium","hashes":"MD5=057079DD8BBB53E40D2899503E902592,SHA256=11382F7EFAC4978063F568F06FE90AF38F136FBE975CCE39D13667BD288B71C9,IMPHASH=AC97060BFD665F2F8A38B5C8340BDFD0","parentProcessGuid":"{00000000-0000-0000-0000-000000000000}","parentProcessId":"952"}}},"location":"EventChannel"}
{"timestamp":"2026-10-02T15:45:25.739+0200","agent":{"id":"001","name":"Windows_VM","ip":"192.168.232.130"},"manager":{"name":"dcasey-virtual-machine"},"id":"1790948725.348222","full_log":"{\"win\":{\"system\":{\"providerName\":\"Microsoft-Windows-Sysmon\",\"providerGuid\":\"{5770385f-c22a-43e0-bf4c-06f5698ffbd9}\",\"eventID\":\"1\",\"version\":\"5\",\"level\":\"4\",\"task\":\"1\",\"opcode\":\"0\",\"keywords\":\"0x8000000000000000\",\"systemTime\":\"2026-10-02T13:45:26.5228510Z\",\"eventRecordID\":\"15022\",\"processID\":\"3504\",\"threadID\":\"4956\",\"channel\":\"Microsoft-Windows-Sysmon/Operational\",\"computer\":\"DESKTOP-5OG7C28\",\"severityValue\":\"INFORMATION\",\"message\":\"\\\"Process Create:\\r\\nRuleName: -\\r\\nUtcTime: 2026-10-02 13:45:26.482\\r\\nProcessGuid: {4b2ce92d-b576-6abf-fc02-000000001400}\\r\\nProcessId: 5684\\r\\nImage: C:\\\\Windows\\\\System32\\\\svchost.exe\\r\\nFileVersion: 10.0.26100.8737 (WinBuild.160101.0800)\\r\\nDescription: Host Process for Windows Services\\r\\nProduct: Microsoft® Windows® Operating System\\r\\nCompany: Microsoft Corporation\\r\\nOriginalFileName: svchost.exe\\r\\nCommandLine: C:\\\\WINDOWS\\\\system32\\\\svchost.exe -k LocalService -p -s NPSMSvc\\r\\nCurrentDirectory: C:\\\\WINDOWS\\\\system32\\\\\\r\\nUser: DESKTOP-5OG7C28\\\\Darragh Casey\\r\\nLogonGuid: {4b2ce92d-826e-6abe-a98d-0a0000000000}\\r\\nLogonId: 0xA8DA9\\r\\nTerminalSessionId: 1\\r\\nIntegrityLevel: Medium\\r\\nHashes: MD5=07FE1BE55D1049C7B48E270C466502D4,SHA256=1222A44A5FDB4EFDE4DFCB41093648627950E7EC02D8667F1C26CCAE31D922E2,IMPHASH=DE43BD45CC98C143357416C7519ECCFD\\r\\nParentProcessGuid: {4b2ce92d-824a-6abe-0b00-000000001400}\\r\\nParentProcessId: 812\\r\\nParentImage: C:\\\\Windows\\\\System32\\\\services.exe\\r\\nParentCommandLine: C:\\\\WINDOWS\\\\system32\\\\services.exe\\r\\nParentUser: NT AUTHORITY\\\\SYSTEM\\\"\"},\"eventdata\":{\"utcTime\":\"2026-10-02 13:45:26.482\",\"processGuid\":\"{4b2ce92d-b576-6abf-fc02-000000001400}\",\"processId\":\"5684\",\"image\":\"C:\\\\\\\\Windows\\\\\\\\System32\\\\\\\\svchost.exe\",\"fileVersion\":\"10.0.26100.8737 (WinBuild.160101.0800)\",\"description\":\"Host Process for Windows Services\",\"product\":\"Microsoft® Windows® Operating System\",\"company\":\"Microsoft Corporation\",\"originalFileName\":\"svchost.exe\",\"commandLine\":\"C:\\\\\\\\WINDOWS\\\\\\\\system32\\\\\\\\svchost.exe -k LocalService -p -s NPSMSvc\",\"currentDirectory\":\"C:\\\\\\\\WINDOWS\\\\\\\\system32\\\\\\\\\",\"user\":\"DESKTOP-5OG7C28\\\\\\\\Darragh Casey\",\"logonGuid\":\"{4b2ce92d-826e-6abe-a98d-0a0000000000}\",\"logonId\":\"0xa8da9\",\"terminalSessionId\":\"1\",\"integrityLevel\":\"Medium\",\"hashes\":\"MD5=07FE1BE55D1049C7B48E270C466502D4,SHA256=1222A44A5FDB4EFDE4DFCB41093648627950E7EC02D8667F1C26CCAE31D922E2,IMPHASH=DE43BD45CC98C143357416C7519ECCFD\",\"parentProcessGuid\":\"{4b2ce92d-824a-6abe-0b00-000000001400}\",\"parentProcessId\":\"812\",\"parentImage\":\"C:\\\\\\\\Windows\\\\\\\\System32\\\\\\\\services.exe\",\"parentCommandLine\":\"C:\\\\\\\\WINDOWS\\\\\\\\system32\\\\\\\\services.exe\",\"parentUser\":\"NT AUTHORITY\\\\\\\\SYSTEM\"}}}","decoder":{"name":"windows_eventchannel"},"data":{"win":{"system":{"providerName":"Microsoft-Windows-Sysmon","providerGuid":"{5770385f-c22a-43e0-bf4c-06f5698ffbd9}","eventID":"1","version":"5","level":"4","task":"1","opcode":"0","keywords":"0x8000000000000000","systemTime":"2026-10-02T13:45:26.5228510Z","eventRecordID":"15022","processID":"3504","threadID":"4956","channel":"Microsoft-Windows-Sysmon/Operational","computer":"DESKTOP-5OG7C28","severityValue":"INFORMATION","message":"\"Process Create:\r\nRuleName: -\r\nUtcTime: 2026-10-02 13:45:26.482\r\nProcessGuid: {4b2ce92d-b576-6abf-fc02-000000001400}\r\nProcessId: 5684\r\nImage: C:\\Windows\\System32\\svchost.exe\r\nFileVersion: 10.0.26100.8737 (WinBuild.160101.0800)\r\nDescription: Host Process for Windows Services\r\nProduct: Microsoft® Windows® Operating System\r\nCompany: Microsoft Corporation\r\nOriginalFileName: svchost.exe\r\nCommandLine: C:\\WINDOWS\\system32\\svchost.exe -k LocalService -p -s NPSMSvc\r\nCurrentDirectory: C:\\WINDOWS\\system32\\\r\nUser: DESKTOP-5OG7C28\\Darragh Casey\r\nLogonGuid: {4b2ce92d-826e-6abe-a98d-0a0000000000}\r\nLogonId: 0xA8DA9\r\nTerminalSessionId: 1\r\nIntegrityLevel: Medium\r\nHashes: MD5=07FE1BE55D1049C7B48E270C466502D4,SHA256=1222A44A5FDB4EFDE4DFCB41093648627950E7EC02D8667F1C26CCAE31D922E2,IMPHASH=DE43BD45CC98C143357416C7519ECCFD\r\nParentProcessGuid: {4b2ce92d-824a-6abe-0b00-000000001400}\r\nParentProcessId: 812\r\nParentImage: C:\\Windows\\System32\\services.exe\r\nParentCommandLine: C:\\WINDOWS\\system32\\services.exe\r\nParentUser: NT AUTHORITY\\SYSTEM\""},"eventdata":{"utcTime":"2026-10-02 13:45:26.482","processGuid":"{4b2ce92d-b576-6abf-fc02-000000001400}","processId":"5684","image":"C:\\\\Windows\\\\System32\\\\svchost.exe","fileVersion":"10.0.26100.8737 (WinBuild.160101.0800)","description":"Host Process for Windows Services","product":"Microsoft® Windows® Operating System","company":"Microsoft Corporation","originalFileName":"svchost.exe","commandLine":"C:\\\\WINDOWS\\\\system32\\\\svchost.exe -k LocalService -p -s NPSMSvc","currentDirectory":"C:\\\\WINDOWS\\\\system32\\\\","user":"DESKTOP-5OG7C28\\\\Darragh Casey","logonGuid":"{4b2ce92d-826e-6abe-a98d-0a0000000000}","logonId":"0xa8da9","terminalSessionId":"1","integrityLevel":"Medium","hashes":"MD5=07FE1BE55D1049C7B48E270C466502D4,SHA256=1222A44A5FDB4EFDE4DFCB41093648627950E7EC02D8667F1C26CCAE31D922E2,IMPHASH=DE43BD45CC98C143357416C7519ECCFD","parentProcessGuid":"{4b2ce92d-824a-6abe-0b00-000000001400}","parentProcessId":"812","parentImage":"C:\\\\Windows\\\\System32\\\\services.exe","parentCommandLine":"C:\\\\WINDOWS\\\\system32\\\\services.exe","parentUser":"NT AUTHORITY\\\\SYSTEM"}}},"location":"EventChannel"}
{"timestamp":"2026-10-02T15:45:25.739+0200","agent":{"id":"001","name":"Windows_VM","ip":"192.168.232.130"},"manager":{"name":"dcasey-virtual-machine"},"id":"1790948725.348222","full_log":"{\"win\":{\"system\":{\"providerName\":\"Microsoft-Windows-Sysmon\",\"providerGuid\":\"{5770385f-c22a-43e0-bf4c-06f5698ffbd9}\",\"eventID\":\"1\",\"version\":\"5\",\"level\":\"4\",\"task\":\"1\",\"opcode\":\"0\",\"keywords\":\"0x8000000000000000\",\"systemTime\":\"2026-10-02T13:45:25.7792905Z\",\"eventRecordID\":\"15021\",\"processID\":\"3504\",\"threadID\":\"4956\",\"channel\":\"Microsoft-Windows-Sysmon/Operational\",\"computer\":\"DESKTOP-5OG7C28\",\"severityValue\":\"INFORMATION\",\"message\":\"\\\"Process Create:\\r\\nRuleName: -\\r\\nUtcTime: 2026-10-02 13:45:25.770\\r\\nProcessGuid: {4b2ce92d-b575-6abf-fb02-000000001400}\\r\\nProcessId: 9276\\r\\nImage: C:\\\\Windows\\\\System32\\\\ApplicationFrameHost.exe\\r\\nFileVersion: 10.0.26100.9278 (WinBuild.160101.0800)\\r\\nDescription: Application Frame Host\\r\\nProduct: Microsoft® Windows® Operating System\\r\\nCompany: Microsoft Corporation\\r\\nOriginalFileName: ApplicationFrameHost.exe\\r\\nCommandLine: C:\\\\WINDOWS\\\\system32\\\\ApplicationFrameHost.exe -Embedding\\r\\nCurrentDirectory: C:\\\\WINDOWS\\\\system32\\\\\\r\\nUser: DESKTOP-5OG7C28\\\\Darragh Casey\\r\\nLogonGuid: {4b2ce92d-826e-6abe-a98d-0a0000000000}\\r\\nLogonId: 0xA8DA9\\r\\nTerminalSessionId: 1\\r\\nIntegrityLevel: Medium\\r\\nHashes: MD5=EA7E662810925E29F41F4EAD1CBA8D51,SHA256=CB5B327020F3DA829489BF6BA7749C12D7730267D607678C3DCD4917168016FE,IMPHASH=28580ECEB0562A8A7FBD08DC4F37B368\\r\\nParentProcessGuid: {00000000-0000-0000-0000-000000000000}\\r\\nParentProcessId: 952\\r\\nParentImage: -\\r\\nParentCommandLine: -\\r\\nParentUser: -\\\"\"},\"eventdata\":{\"utcTime\":\"2026-10-02 13:45:25.770\",\"processGuid\":\"{4b2ce92d-b575-6abf-fb02-000000001400}\",\"processId\":\"9276\",\"image\":\"C:\\\\\\\\Windows\\\\\\\\System32\\\\\\\\ApplicationFrameHost.exe\",\"fileVersion\":\"10.0.26100.9278 (WinBuild.160101.0800)\",\"description\":\"Application Frame Host\",\"product\":\"Microsoft® Windows® Operating System\",\"company\":\"Microsoft Corporation\",\"originalFileName\":\"ApplicationFrameHost.exe\",\"commandLine\":\"C:\\\\\\\\WINDOWS\\\\\\\\system32\\\\\\\\ApplicationFrameHost.exe -Embedding\",\"currentDirectory\":\"C:\\\\\\\\WINDOWS\\\\\\\\system32\\\\\\\\\",\"user\":\"DESKTOP-5OG7C28\\\\\\\\Darragh Casey\",\"logonGuid\":\"{4b2ce92d-826e-6abe-a98d-0a0000000000}\",\"logonId\":\"0xa8da9\",\"terminalSessionId\":\"1\",\"integrityLevel\":\"Medium\",\"hashes\":\"MD5=EA7E662810925E29F41F4EAD1CBA8D51,SHA256=CB5B327020F3DA829489BF6BA7749C12D7730267D607678C3DCD4917168016FE,IMPHASH=28580ECEB0562A8A7FBD08DC4F37B368\",\"parentProcessGuid\":\"{00000000-0000-0000-0000-000000000000}\",\"parentProcessId\":\"952\"}}}","decoder":{"name":"windows_eventchannel"},"data":{"win":{"system":{"providerName":"Microsoft-Windows-Sysmon","providerGuid":"{5770385f-c22a-43e0-bf4c-06f5698ffbd9}","eventID":"1","version":"5","level":"4","task":"1","opcode":"0","keywords":"0x8000000000000000","systemTime":"2026-10-02T13:45:25.7792905Z","eventRecordID":"15021","processID":"3504","threadID":"4956","channel":"Microsoft-Windows-Sysmon/Operational","computer":"DESKTOP-5OG7C28","severityValue":"INFORMATION","message":"\"Process Create:\r\nRuleName: -\r\nUtcTime: 2026-10-02 13:45:25.770\r\nProcessGuid: {4b2ce92d-b575-6abf-fb02-000000001400}\r\nProcessId: 9276\r\nImage: C:\\Windows\\System32\\ApplicationFrameHost.exe\r\nFileVersion: 10.0.26100.9278 (WinBuild.160101.0800)\r\nDescription: Application Frame Host\r\nProduct: Microsoft® Windows® Operating System\r\nCompany: Microsoft Corporation\r\nOriginalFileName: ApplicationFrameHost.exe\r\nCommandLine: C:\\WINDOWS\\system32\\ApplicationFrameHost.exe -Embedding\r\nCurrentDirectory: C:\\WINDOWS\\system32\\\r\nUser: DESKTOP-5OG7C28\\Darragh Casey\r\nLogonGuid: {4b2ce92d-826e-6abe-a98d-0a0000000000}\r\nLogonId: 0xA8DA9\r\nTerminalSessionId: 1\r\nIntegrityLevel: Medium\r\nHashes: MD5=EA7E662810925E29F41F4EAD1CBA8D51,SHA256=CB5B327020F3DA829489BF6BA7749C12D7730267D607678C3DCD4917168016FE,IMPHASH=28580ECEB0562A8A7FBD08DC4F37B368\r\nParentProcessGuid: {00000000-0000-0000-0000-000000000000}\r\nParentProcessId: 952\r\nParentImage: -\r\nParentCommandLine: -\r\nParentUser: -\""},"eventdata":{"utcTime":"2026-10-02 13:45:25.770","processGuid":"{4b2ce92d-b575-6abf-fb02-000000001400}","processId":"9276","image":"C:\\\\Windows\\\\System32\\\\ApplicationFrameHost.exe","fileVersion":"10.0.26100.9278 (WinBuild.160101.0800)","description":"Application Frame Host","product":"Microsoft® Windows® Operating System","company":"Microsoft Corporation","originalFileName":"ApplicationFrameHost.exe","commandLine":"C:\\\\WINDOWS\\\\system32\\\\ApplicationFrameHost.exe -Embedding","currentDirectory":"C:\\\\WINDOWS\\\\system32\\\\","user":"DESKTOP-5OG7C28\\\\Darragh Casey","logonGuid":"{4b2ce92d-826e-6abe-a98d-0a0000000000}","logonId":"0xa8da9","terminalSessionId":"1","integrityLevel":"Medium","hashes":"MD5=EA7E662810925E29F41F4EAD1CBA8D51,SHA256=CB5B327020F3DA829489BF6BA7749C12D7730267D607678C3DCD4917168016FE,IMPHASH=28580ECEB0562A8A7FBD08DC4F37B368","parentProcessGuid":"{00000000-0000-0000-0000-000000000000}","parentProcessId":"952"}}},"location":"EventChannel"}
{"timestamp":"2026-10-02T15:45:39.057+0200","agent":{"id":"001","name":"Windows_VM","ip":"192.168.232.130"},"manager":{"name":"dcasey-virtual-machine"},"id":"1790948739.348222","full_log":"{\"win\":{\"system\":{\"providerName\":\"Microsoft-Windows-Sysmon\",\"providerGuid\":\"{5770385f-c22a-43e0-bf4c-06f5698ffbd9}\",\"eventID\":\"1\",\"version\":\"5\",\"level\":\"4\",\"task\":\"1\",\"opcode\":\"0\",\"keywords\":\"0x8000000000000000\",\"systemTime\":\"2026-10-02T13:45:39.1014492Z\",\"eventRecordID\":\"15023\",\"processID\":\"3504\",\"threadID\":\"4956\",\"channel\":\"Microsoft-Windows-Sysmon/Operational\",\"computer\":\"DESKTOP-5OG7C28\",\"severityValue\":\"INFORMATION\",\"message\":\"\\\"Process Create:\\r\\nRuleName: -\\r\\nUtcTime: 2026-10-02 13:45:39.096\\r\\nProcessGuid: {4b2ce92d-b583-6abf-fd02-000000001400}\\r\\nProcessId: 8400\\r\\nImage: C:\\\\Windows\\\\System32\\\\consent.exe\\r\\nFileVersion: 10.0.26100.9278 (WinBuild.160101.0800)\\r\\nDescription: Consent UI for administrative applications\\r\\nProduct: Microsoft® Windows® Operating System\\r\\nCompany: Microsoft Corporation\\r\\nOriginalFileName: consent.exe\\r\\nCommandLine: consent.exe 5132 572 00000249E1125300\\r\\nCurrentDirectory: C:\\\\WINDOWS\\\\system32\\\\\\r\\nUser: NT AUTHORITY\\\\SYSTEM\\r\\nLogonGuid: {4b2ce92d-824a-6abe-e703-000000000000}\\r\\nLogonId: 0x3E7\\r\\nTerminalSessionId: 1\\r\\nIntegrityLevel: System\\r\\nHashes: MD5=972ADFE7F8B9716AC210A914A87C7ECE,SHA256=11BA7D9FB6276AC5D770683367B5773A9C25A0A17E1F93B5787521D16A8B5AF0,IMPHASH=8A053E01B063B847F6B0D919C0404D20\\r\\nParentProcessGuid: {4b2ce92d-8271-6abe-8d00-000000001400}\\r\\nParentProcessId: 5132\\r\\nParentImage: C:\\\\Windows\\\\System32\\\\svchost.exe\\r\\nParentCommandLine: C:\\\\WINDOWS\\\\system32\\\\svchost.exe -k netsvcs -p -s Appinfo\\r\\nParentUser: NT AUTHORITY\\\\SYSTEM\\\"\"},\"eventdata\":{\"utcTime\":\"2026-10-02 13:45:39.096\",\"processGuid\":\"{4b2ce92d-b583-6abf-fd02-000000001400}\",\"processId\":\"8400\",\"image\":\"C:\\\\\\\\Windows\\\\\\\\System32\\\\\\\\consent.exe\",\"fileVersion\":\"10.0.26100.9278 (WinBuild.160101.0800)\",\"description\":\"Consent UI for administrative applications\",\"product\":\"Microsoft® Windows® Operating System\",\"company\":\"Microsoft Corporation\",\"originalFileName\":\"consent.exe\",\"commandLine\":\"consent.exe 5132 572 00000249E1125300\",\"currentDirectory\":\"C:\\\\\\\\WINDOWS\\\\\\\\system32\\\\\\\\\",\"user\":\"NT AUTHORITY\\\\\\\\SYSTEM\",\"logonGuid\":\"{4b2ce92d-824a-6abe-e703-000000000000}\",\"logonId\":\"0x3e7\",\"terminalSessionId\":\"1\",\"integrityLevel\":\"System\",\"hashes\":\"MD5=972ADFE7F8B9716AC210A914A87C7ECE,SHA256=11BA7D9FB6276AC5D770683367B5773A9C25A0A17E1F93B5787521D16A8B5AF0,IMPHASH=8A053E01B063B847F6B0D919C0404D20\",\"parentProcessGuid\":\"{4b2ce92d-8271-6abe-8d00-000000001400}\",\"parentProcessId\":\"5132\",\"parentImage\":\"C:\\\\\\\\Windows\\\\\\\\System32\\\\\\\\svchost.exe\",\"parentCommandLine\":\"C:\\\\\\\\WINDOWS\\\\\\\\system32\\\\\\\\svchost.exe -k netsvcs -p -s Appinfo\",\"parentUser\":\"NT AUTHORITY\\\\\\\\SYSTEM\"}}}","decoder":{"name":"windows_eventchannel"},"data":{"win":{"system":{"providerName":"Microsoft-Windows-Sysmon","providerGuid":"{5770385f-c22a-43e0-bf4c-06f5698ffbd9}","eventID":"1","version":"5","level":"4","task":"1","opcode":"0","keywords":"0x8000000000000000","systemTime":"2026-10-02T13:45:39.1014492Z","eventRecordID":"15023","processID":"3504","threadID":"4956","channel":"Microsoft-Windows-Sysmon/Operational","computer":"DESKTOP-5OG7C28","severityValue":"INFORMATION","message":"\"Process Create:\r\nRuleName: -\r\nUtcTime: 2026-10-02 13:45:39.096\r\nProcessGuid: {4b2ce92d-b583-6abf-fd02-000000001400}\r\nProcessId: 8400\r\nImage: C:\\Windows\\System32\\consent.exe\r\nFileVersion: 10.0.26100.9278 (WinBuild.160101.0800)\r\nDescription: Consent UI for administrative applications\r\nProduct: Microsoft® Windows® Operating System\r\nCompany: Microsoft Corporation\r\nOriginalFileName: consent.exe\r\nCommandLine: consent.exe 5132 572 00000249E1125300\r\nCurrentDirectory: C:\\WINDOWS\\system32\\\r\nUser: NT AUTHORITY\\SYSTEM\r\nLogonGuid: {4b2ce92d-824a-6abe-e703-000000000000}\r\nLogonId: 0x3E7\r\nTerminalSessionId: 1\r\nIntegrityLevel: System\r\nHashes: MD5=972ADFE7F8B9716AC210A914A87C7ECE,SHA256=11BA7D9FB6276AC5D770683367B5773A9C25A0A17E1F93B5787521D16A8B5AF0,IMPHASH=8A053E01B063B847F6B0D919C0404D20\r\nParentProcessGuid: {4b2ce92d-8271-6abe-8d00-000000001400}\r\nParentProcessId: 5132\r\nParentImage: C:\\Windows\\System32\\svchost.exe\r\nParentCommandLine: C:\\WINDOWS\\system32\\svchost.exe -k netsvcs -p -s Appinfo\r\nParentUser: NT AUTHORITY\\SYSTEM\""},"eventdata":{"utcTime":"2026-10-02 13:45:39.096","processGuid":"{4b2ce92d-b583-6abf-fd02-000000001400}","processId":"8400","image":"C:\\\\Windows\\\\System32\\\\consent.exe","fileVersion":"10.0.26100.9278 (WinBuild.160101.0800)","description":"Consent UI for administrative applications","product":"Microsoft® Windows® Operating System","company":"Microsoft Corporation","originalFileName":"consent.exe","commandLine":"consent.exe 5132 572 00000249E1125300","currentDirectory":"C:\\\\WINDOWS\\\\system32\\\\","user":"NT AUTHORITY\\\\SYSTEM","logonGuid":"{4b2ce92d-824a-6abe-e703-000000000000}","logonId":"0x3e7","terminalSessionId":"1","integrityLevel":"System","hashes":"MD5=972ADFE7F8B9716AC210A914A87C7ECE,SHA256=11BA7D9FB6276AC5D770683367B5773A9C25A0A17E1F93B5787521D16A8B5AF0,IMPHASH=8A053E01B063B847F6B0D919C0404D20","parentProcessGuid":"{4b2ce92d-8271-6abe-8d00-000000001400}","parentProcessId":"5132","parentImage":"C:\\\\Windows\\\\System32\\\\svchost.exe","parentCommandLine":"C:\\\\WINDOWS\\\\system32\\\\svchost.exe -k netsvcs -p -s Appinfo","parentUser":"NT AUTHORITY\\\\SYSTEM"}}},"location":"EventChannel"}
{"timestamp":"2026-10-02T15:45:39.098+0200","agent":{"id":"001","name":"Windows_VM","ip":"192.168.232.130"},"manager":{"name":"dcasey-virtual-machine"},"id":"1790948739.348222","full_log":"{\"win\":{\"system\":{\"providerName\":\"Microsoft-Windows-Sysmon\",\"providerGuid\":\"{5770385f-c22a-43e0-bf4c-06f5698ffbd9}\",\"eventID\":\"1\",\"version\":\"5\",\"level\":\"4\",\"task\":\"1\",\"opcode\":\"0\",\"keywords\":\"0x8000000000000000\",\"systemTime\":\"2026-10-02T13:45:39.2481094Z\",\"eventRecordID\":\"15024\",\"processID\":\"3504\",\"threadID\":\"4956\",\"channel\":\"Microsoft-Windows-Sysmon/Operational\",\"computer\":\"DESKTOP-5OG7C28\",\"severityValue\":\"INFORMATION\",\"message\":\"\\\"Process Create:\\r\\nRuleName: -\\r\\nUtcTime: 2026-10-02 13:45:39.240\\r\\nProcessGuid: {4b2ce92d-b583-6abf-fe02-000000001400}\\r\\nProcessId: 4028\\r\\nImage: C:\\\\Windows\\\\System32\\\\SystemSettingsAdminFlows.exe\\r\\nFileVersion: 10.0.26100.9278 (WinBuild.160101.0800)\\r\\nDescription: Settings\\r\\nProduct: Microsoft® Windows® Operating System\\r\\nCompany: Microsoft Corporation\\r\\nOriginalFileName: SystemSettingsAdminFlows.EXE\\r\\nCommandLine: \\\"C:\\\\WINDOWS\\\\system32\\\\SystemSettingsAdminFlows.exe\\\" SetDateTime\\r\\nCurrentDirectory: C:\\\\WINDOWS\\\\system32\\\\\\r\\nUser: DESKTOP-5OG7C28\\\\Darragh Casey\\r\\nLogonGuid: {4b2ce92d-826e-6abe-6d8d-0a0000000000}\\r\\nLogonId: 0xA8D6D\\r\\nTerminalSessionId: 1\\r\\nIntegrityLevel: High\\r\\nHashes: MD5=018681F2F3AA8BB9E170A8E117DFE455,SHA256=7D982B3B6D596C9E8AAA5D6F501469FED1248329811959374CE261BD049FA075,IMPHASH=5BC244DBD740FFC9545104925718C359\\r\\nParentProcessGuid: {4b2ce92d-b575-6abf-fa02-000000001400}\\r\\nParentProcessId: 8972\\r\\nParentImage: C:\\\\Windows\\\\ImmersiveControlPanel\\\\SystemSettings.exe\\r\\nParentCommandLine: \\\"C:\\\\Windows\\\\ImmersiveControlPanel\\\\SystemSettings.exe\\\" -ServerName:microsoft.windows.immersivecontrolpanel\\r\\nParentUser: DESKTOP-5OG7C28\\\\Darragh Casey\\\"\"},\"eventdata\":{\"utcTime\":\"2026-10-02 13:45:39.240\",\"processGuid\":\"{4b2ce92d-b583-6abf-fe02-000000001400}\",\"processId\":\"4028\",\"image\":\"C:\\\\\\\\Windows\\\\\\\\System32\\\\\\\\SystemSettingsAdminFlows.exe\",\"fileVersion\":\"10.0.26100.9278 (WinBuild.160101.0800)\",\"description\":\"Settings\",\"product\":\"Microsoft® Windows® Operating System\",\"company\":\"Microsoft Corporation\",\"originalFileName\":\"SystemSettingsAdminFlows.EXE\",\"commandLine\":\"\\\\\\\"C:\\\\\\\\WINDOWS\\\\\\\\system32\\\\\\\\SystemSettingsAdminFlows.exe\\\\\\\" SetDateTime\",\"currentDirectory\":\"C:\\\\\\\\WINDOWS\\\\\\\\system32\\\\\\\\\",\"user\":\"DESKTOP-5OG7C28\\\\\\\\Darragh Casey\",\"logonGuid\":\"{4b2ce92d-826e-6abe-6d8d-0a0000000000}\",\"logonId\":\"0xa8d6d\",\"terminalSessionId\":\"1\",\"integrityLevel\":\"High\",\"hashes\":\"MD5=018681F2F3AA8BB9E170A8E117DFE455,SHA256=7D982B3B6D596C9E8AAA5D6F501469FED1248329811959374CE261BD049FA075,IMPHASH=5BC244DBD740FFC9545104925718C359\",\"parentProcessGuid\":\"{4b2ce92d-b575-6abf-fa02-000000001400}\",\"parentProcessId\":\"8972\",\"parentImage\":\"C:\\\\\\\\Windows\\\\\\\\ImmersiveControlPanel\\\\\\\\SystemSettings.exe\",\"parentCommandLine\":\"\\\\\\\"C:\\\\\\\\Windows\\\\\\\\ImmersiveControlPanel\\\\\\\\SystemSettings.exe\\\\\\\" -ServerName:microsoft.windows.immersivecontrolpanel\",\"parentUser\":\"DESKTOP-5OG7C28\\\\\\\\Darragh Casey\"}}}","decoder":{"name":"windows_eventchannel"},"data":{"win":{"system":{"providerName":"Microsoft-Windows-Sysmon","providerGuid":"{5770385f-c22a-43e0-bf4c-06f5698ffbd9}","eventID":"1","version":"5","level":"4","task":"1","opcode":"0","keywords":"0x8000000000000000","systemTime":"2026-10-02T13:45:39.2481094Z","eventRecordID":"15024","processID":"3504","threadID":"4956","channel":"Microsoft-Windows-Sysmon/Operational","computer":"DESKTOP-5OG7C28","severityValue":"INFORMATION","message":"\"Process Create:\r\nRuleName: -\r\nUtcTime: 2026-10-02 13:45:39.240\r\nProcessGuid: {4b2ce92d-b583-6abf-fe02-000000001400}\r\nProcessId: 4028\r\nImage: C:\\Windows\\System32\\SystemSettingsAdminFlows.exe\r\nFileVersion: 10.0.26100.9278 (WinBuild.160101.0800)\r\nDescription: Settings\r\nProduct: Microsoft® Windows® Operating System\r\nCompany: Microsoft Corporation\r\nOriginalFileName: SystemSettingsAdminFlows.EXE\r\nCommandLine: \"C:\\WINDOWS\\system32\\SystemSettingsAdminFlows.exe\" SetDateTime\r\nCurrentDirectory: C:\\WINDOWS\\system32\\\r\nUser: DESKTOP-5OG7C28\\Darragh Casey\r\nLogonGuid: {4b2ce92d-826e-6abe-6d8d-0a0000000000}\r\nLogonId: 0xA8D6D\r\nTerminalSessionId: 1\r\nIntegrityLevel: High\r\nHashes: MD5=018681F2F3AA8BB9E170A8E117DFE455,SHA256=7D982B3B6D596C9E8AAA5D6F501469FED1248329811959374CE261BD049FA075,IMPHASH=5BC244DBD740FFC9545104925718C359\r\nParentProcessGuid: {4b2ce92d-b575-6abf-fa02-000000001400}\r\nParentProcessId: 8972\r\nParentImage: C:\\Windows\\ImmersiveControlPanel\\SystemSettings.exe\r\nParentCommandLine: \"C:\\Windows\\ImmersiveControlPanel\\SystemSettings.exe\" -ServerName:microsoft.windows.immersivecontrolpanel\r\nParentUser: DESKTOP-5OG7C28\\Darragh Casey\""},"eventdata":{"utcTime":"2026-10-02 13:45:39.240","processGuid":"{4b2ce92d-b583-6abf-fe02-000000001400}","processId":"4028","image":"C:\\\\Windows\\\\System32\\\\SystemSettingsAdminFlows.exe","fileVersion":"10.0.26100.9278 (WinBuild.160101.0800)","description":"Settings","product":"Microsoft® Windows® Operating System","company":"Microsoft Corporation","originalFileName":"SystemSettingsAdminFlows.EXE","commandLine":"\\\"C:\\\\WINDOWS\\\\system32\\\\SystemSettingsAdminFlows.exe\\\" SetDateTime","currentDirectory":"C:\\\\WINDOWS\\\\system32\\\\","user":"DESKTOP-5OG7C28\\\\Darragh Casey","logonGuid":"{4b2ce92d-826e-6abe-6d8d-0a0000000000}","logonId":"0xa8d6d","terminalSessionId":"1","integrityLevel":"High","hashes":"MD5=018681F2F3AA8BB9E170A8E117DFE455,SHA256=7D982B3B6D596C9E8AAA5D6F501469FED1248329811959374CE261BD049FA075,IMPHASH=5BC244DBD740FFC9545104925718C359","parentProcessGuid":"{4b2ce92d-b575-6abf-fa02-000000001400}","parentProcessId":"8972","parentImage":"C:\\\\Windows\\\\ImmersiveControlPanel\\\\SystemSettings.exe","parentCommandLine":"\\\"C:\\\\Windows\\\\ImmersiveControlPanel\\\\SystemSettings.exe\\\" -ServerName:microsoft.windows.immersivecontrolpanel","parentUser":"DESKTOP-5OG7C28\\\\Darragh Casey"}}},"location":"EventChannel"}
{"timestamp":"2026-10-02T15:45:40.336+0200","agent":{"id":"001","name":"Windows_VM","ip":"192.168.232.130"},"manager":{"name":"dcasey-virtual-machine"},"id":"1790948740.348222","full_log":"{\"win\":{\"system\":{\"providerName\":\"Microsoft-Windows-Sysmon\",\"providerGuid\":\"{5770385f-c22a-43e0-bf4c-06f5698ffbd9}\",\"eventID\":\"3\",\"version\":\"5\",\"level\":\"4\",\"task\":\"3\",\"opcode\":\"0\",\"keywords\":\"0x8000000000000000\",\"systemTime\":\"2026-10-02T13:45:40.3861495Z\",\"eventRecordID\":\"15025\",\"processID\":\"3504\",\"threadID\":\"4320\",\"channel\":\"Microsoft-Windows-Sysmon/Operational\",\"computer\":\"DESKTOP-5OG7C28\",\"severityValue\":\"INFORMATION\",\"message\":\"\\\"Network connection detected:\\r\\nRuleName: Usermode\\r\\nUtcTime: 2026-10-02 13:45:38.421\\r\\nProcessGuid: {4b2ce92d-82ae-6abe-2201-000000001400}\\r\\nProcessId: 6572\\r\\nImage: C:\\\\Users\\\\Darragh Casey\\\\AppData\\\\Local\\\\Microsoft\\\\OneDrive\\\\OneDrive.exe\\r\\nUser: DESKTOP-5OG7C28\\\\Darragh Casey\\r\\nProtocol: tcp\\r\\nInitiated: true\\r\\nSourceIsIpv6: false\\r\\nSourceIp: 192.168.232.130\\r\\nSourceHostname: DESKTOP-5OG7C28.localdomain\\r\\nSourcePort: 54193\\r\\nSourcePortName: -\\r\\nDestinationIsIpv6: false\\r\\nDestinationIp: 20.42.73.25\\r\\nDestinationHostname: -\\r\\nDestinationPort: 443\\r\\nDestinationPortName: https\\\"\"},\"eventdata\":{\"ruleName\":\"Usermode\",\"utcTime\":\"2026-10-02 13:45:38.421\",\"processGuid\":\"{4b2ce92d-82ae-6abe-2201-000000001400}\",\"processId\":\"6572\",\"image\":\"C:\\\\\\\\Users\\\\\\\\Darragh Casey\\\\\\\\AppData\\\\\\\\Local\\\\\\\\Microsoft\\\\\\\\OneDrive\\\\\\\\OneDrive.exe\",\"user\":\"DESKTOP-5OG7C28\\\\\\\\Darragh Casey\",\"protocol\":\"tcp\",\"initiated\":\"true\",\"sourceIsIpv6\":\"false\",\"sourceIp\":\"192.168.232.130\",\"sourceHostname\":\"DESKTOP-5OG7C28.localdomain\",\"sourcePort\":\"54193\",\"destinationIsIpv6\":\"false\",\"destinationIp\":\"20.42.73.25\",\"destinationPort\":\"443\",\"destinationPortName\":\"https\"}}}","decoder":{"name":"windows_eventchannel"},"data":{"win":{"system":{"providerName":"Microsoft-Windows-Sysmon","providerGuid":"{5770385f-c22a-43e0-bf4c-06f5698ffbd9}","eventID":"3","version":"5","level":"4","task":"3","opcode":"0","keywords":"0x8000000000000000","systemTime":"2026-10-02T13:45:40.3861495Z","eventRecordID":"15025","processID":"3504","threadID":"4320","channel":"Microsoft-Windows-Sysmon/Operational","computer":"DESKTOP-5OG7C28","severityValue":"INFORMATION","message":"\"Network connection detected:\r\nRuleName: Usermode\r\nUtcTime: 2026-10-02 13:45:38.421\r\nProcessGuid: {4b2ce92d-82ae-6abe-2201-000000001400}\r\nProcessId: 6572\r\nImage: C:\\Users\\Darragh Casey\\AppData\\Local\\Microsoft\\OneDrive\\OneDrive.exe\r\nUser: DESKTOP-5OG7C28\\Darragh Casey\r\nProtocol: tcp\r\nInitiated: true\r\nSourceIsIpv6: false\r\nSourceIp: 192.168.232.130\r\nSourceHostname: DESKTOP-5OG7C28.localdomain\r\nSourcePort: 54193\r\nSourcePortName: -\r\nDestinationIsIpv6: false\r\nDestinationIp: 20.42.73.25\r\nDestinationHostname: -\r\nDestinationPort: 443\r\nDestinationPortName: https\""},"eventdata":{"ruleName":"Usermode","utcTime":"2026-10-02 13:45:38.421","processGuid":"{4b2ce92d-82ae-6abe-2201-000000001400}","processId":"6572","image":"C:\\\\Users\\\\Darragh Casey\\\\AppData\\\\Local\\\\Microsoft\\\\OneDrive\\\\OneDrive.exe","user":"DESKTOP-5OG7C28\\\\Darragh Casey","protocol":"tcp","initiated":"true","sourceIsIpv6":"false","sourceIp":"192.168.232.130","sourceHostname":"DESKTOP-5OG7C28.localdomain","sourcePort":"54193","destinationIsIpv6":"false","destinationIp":"20.42.73.25","destinationPort":"443","destinationPortName":"https"}}},"location":"EventChannel"}
{"timestamp":"2026-10-02T15:45:40.347+0200","agent":{"id":"001","name":"Windows_VM","ip":"192.168.232.130"},"manager":{"name":"dcasey-virtual-machine"},"id":"1790948740.348222","full_log":"{\"win\":{\"system\":{\"providerName\":\"Microsoft-Windows-Sysmon\",\"providerGuid\":\"{5770385f-c22a-43e0-bf4c-06f5698ffbd9}\",\"eventID\":\"3\",\"version\":\"5\",\"level\":\"4\",\"task\":\"3\",\"opcode\":\"0\",\"keywords\":\"0x8000000000000000\",\"systemTime\":\"2026-10-02T13:45:40.3861641Z\",\"eventRecordID\":\"15026\",\"processID\":\"3504\",\"threadID\":\"4320\",\"channel\":\"Microsoft-Windows-Sysmon/Operational\",\"computer\":\"DESKTOP-5OG7C28\",\"severityValue\":\"INFORMATION\",\"message\":\"\\\"Network connection detected:\\r\\nRuleName: Usermode\\r\\nUtcTime: 2026-10-02 13:45:38.602\\r\\nProcessGuid: {4b2ce92d-82ae-6abe-2201-000000001400}\\r\\nProcessId: 6572\\r\\nImage: C:\\\\Users\\\\Darragh Casey\\\\AppData\\\\Local\\\\Microsoft\\\\OneDrive\\\\OneDrive.exe\\r\\nUser: DESKTOP-5OG7C28\\\\Darragh Casey\\r\\nProtocol: tcp\\r\\nInitiated: true\\r\\nSourceIsIpv6: false\\r\\nSourceIp: 192.168.232.130\\r\\nSourceHostname: DESKTOP-5OG7C28.localdomain\\r\\nSourcePort: 54194\\r\\nSourcePortName: -\\r\\nDestinationIsIpv6: false\\r\\nDestinationIp: 204.79.197.203\\r\\nDestinationHostname: a-0003.a-msedge.net\\r\\nDestinationPort: 80\\r\\nDestinationPortName: http\\\"\"},\"eventdata\":{\"ruleName\":\"Usermode\",\"utcTime\":\"2026-10-02 13:45:38.602\",\"processGuid\":\"{4b2ce92d-82ae-6abe-2201-000000001400}\",\"processId\":\"6572\",\"image\":\"C:\\\\\\\\Users\\\\\\\\Darragh Casey\\\\\\\\AppData\\\\\\\\Local\\\\\\\\Microsoft\\\\\\\\OneDrive\\\\\\\\OneDrive.exe\",\"user\":\"DESKTOP-5OG7C28\\\\\\\\Darragh Casey\",\"protocol\":\"tcp\",\"initiated\":\"true\",\"sourceIsIpv6\":\"false\",\"sourceIp\":\"192.168.232.130\",\"sourceHostname\":\"DESKTOP-5OG7C28.localdomain\",\"sourcePort\":\"54194\",\"destinationIsIpv6\":\"false\",\"destinationIp\":\"204.79.197.203\",\"destinationHostname\":\"a-0003.a-msedge.net\",\"destinationPort\":\"80\",\"destinationPortName\":\"http\"}}}","decoder":{"name":"windows_eventchannel"},"data":{"win":{"system":{"providerName":"Microsoft-Windows-Sysmon","providerGuid":"{5770385f-c22a-43e0-bf4c-06f5698ffbd9}","eventID":"3","version":"5","level":"4","task":"3","opcode":"0","keywords":"0x8000000000000000","systemTime":"2026-10-02T13:45:40.3861641Z","eventRecordID":"15026","processID":"3504","threadID":"4320","channel":"Microsoft-Windows-Sysmon/Operational","computer":"DESKTOP-5OG7C28","severityValue":"INFORMATION","message":"\"Network connection detected:\r\nRuleName: Usermode\r\nUtcTime: 2026-10-02 13:45:38.602\r\nProcessGuid: {4b2ce92d-82ae-6abe-2201-000000001400}\r\nProcessId: 6572\r\nImage: C:\\Users\\Darragh Casey\\AppData\\Local\\Microsoft\\OneDrive\\OneDrive.exe\r\nUser: DESKTOP-5OG7C28\\Darragh Casey\r\nProtocol: tcp\r\nInitiated: true\r\nSourceIsIpv6: false\r\nSourceIp: 192.168.232.130\r\nSourceHostname: DESKTOP-5OG7C28.localdomain\r\nSourcePort: 54194\r\nSourcePortName: -\r\nDestinationIsIpv6: false\r\nDestinationIp: 204.79.197.203\r\nDestinationHostname: a-0003.a-msedge.net\r\nDestinationPort: 80\r\nDestinationPortName: http\""},"eventdata":{"ruleName":"Usermode","utcTime":"2026-10-02 13:45:38.602","processGuid":"{4b2ce92d-82ae-6abe-2201-000000001400}","processId":"6572","image":"C:\\\\Users\\\\Darragh Casey\\\\AppData\\\\Local\\\\Microsoft\\\\OneDrive\\\\OneDrive.exe","user":"DESKTOP-5OG7C28\\\\Darragh Casey","protocol":"tcp","initiated":"true","sourceIsIpv6":"false","sourceIp":"192.168.232.130","sourceHostname":"DESKTOP-5OG7C28.localdomain","sourcePort":"54194","destinationIsIpv6":"false","destinationIp":"204.79.197.203","destinationHostname":"a-0003.a-msedge.net","destinationPort":"80","destinationPortName":"http"}}},"location":"EventChannel"}
{"timestamp":"2026-10-02T15:45:44.699+0200","agent":{"id":"001","name":"Windows_VM","ip":"192.168.232.130"},"manager":{"name":"dcasey-virtual-machine"},"id":"1790948744.348222","full_log":"{\"win\":{\"system\":{\"providerName\":\"Microsoft-Windows-Sysmon\",\"providerGuid\":\"{5770385f-c22a-43e0-bf4c-06f5698ffbd9}\",\"eventID\":\"1\",\"version\":\"5\",\"level\":\"4\",\"task\":\"1\",\"opcode\":\"0\",\"keywords\":\"0x8000000000000000\",\"systemTime\":\"2026-10-02T14:45:39.8164416Z\",\"eventRecordID\":\"15027\",\"processID\":\"3504\",\"threadID\":\"4956\",\"channel\":\"Microsoft-Windows-Sysmon/Operational\",\"computer\":\"DESKTOP-5OG7C28\",\"severityValue\":\"INFORMATION\",\"message\":\"\\\"Process Create:\\r\\nRuleName: -\\r\\nUtcTime: 2026-10-02 14:45:39.781\\r\\nProcessGuid: {4b2ce92d-c393-6abf-ff02-000000001400}\\r\\nProcessId: 7428\\r\\nImage: C:\\\\Program Files (x86)\\\\Microsoft\\\\EdgeUpdate\\\\MicrosoftEdgeUpdate.exe\\r\\nFileVersion: 1.3.271.7\\r\\nDescription: Microsoft Edge Update\\r\\nProduct: Microsoft Edge Update\\r\\nCompany: Microsoft Corporation\\r\\nOriginalFileName: MicrosoftEdgeUpdate.exe\\r\\nCommandLine: \\\"C:\\\\Program Files (x86)\\\\Microsoft\\\\EdgeUpdate\\\\MicrosoftEdgeUpdate.exe\\\" /ua /installsource scheduler\\r\\nCurrentDirectory: C:\\\\WINDOWS\\\\system32\\\\\\r\\nUser: NT AUTHORITY\\\\SYSTEM\\r\\nLogonGuid: {4b2ce92d-824a-6abe-e703-000000000000}\\r\\nLogonId: 0x3E7\\r\\nTerminalSessionId: 0\\r\\nIntegrityLevel: System\\r\\nHashes: MD5=5773A83436600F9CC768C646385AF4FE,SHA256=5497DD84321887D18B62FAE35689EA4A7D07CAD7840853B2BB50BBF7BFAC365E,IMPHASH=CD3B2D99C6655A5D4A14E30E380F5BF9\\r\\nParentProcessGuid: {4b2ce92d-824e-6abe-2c00-000000001400}\\r\\nParentProcessId: 1268\\r\\nParentImage: C:\\\\Windows\\\\System32\\\\svchost.exe\\r\\nParentCommandLine: C:\\\\WINDOWS\\\\system32\\\\svchost.exe -k netsvcs -p -s Schedule\\r\\nParentUser: NT AUTHORITY\\\\SYSTEM\\\"\"},\"eventdata\":{\"utcTime\":\"2026-10-02 14:45:39.781\",\"processGuid\":\"{4b2ce92d-c393-6abf-ff02-000000001400}\",\"processId\":\"7428\",\"image\":\"C:\\\\\\\\Program Files (x86)\\\\\\\\Microsoft\\\\\\\\EdgeUpdate\\\\\\\\MicrosoftEdgeUpdate.exe\",\"fileVersion\":\"1.3.271.7\",\"description\":\"Microsoft Edge Update\",\"product\":\"Microsoft Edge Update\",\"company\":\"Microsoft Corporation\",\"originalFileName\":\"MicrosoftEdgeUpdate.exe\",\"commandLine\":\"\\\\\\\"C:\\\\\\\\Program Files (x86)\\\\\\\\Microsoft\\\\\\\\EdgeUpdate\\\\\\\\MicrosoftEdgeUpdate.exe\\\\\\\" /ua /installsource scheduler\",\"currentDirectory\":\"C:\\\\\\\\WINDOWS\\\\\\\\system32\\\\\\\\\",\"user\":\"NT AUTHORITY\\\\\\\\SYSTEM\",\"logonGuid\":\"{4b2ce92d-824a-6abe-e703-000000000000}\",\"logonId\":\"0x3e7\",\"terminalSessionId\":\"0\",\"integrityLevel\":\"System\",\"hashes\":\"MD5=5773A83436600F9CC768C646385AF4FE,SHA256=5497DD84321887D18B62FAE35689EA4A7D07CAD7840853B2BB50BBF7BFAC365E,IMPHASH=CD3B2D99C6655A5D4A14E30E380F5BF9\",\"parentProcessGuid\":\"{4b2ce92d-824e-6abe-2c00-000000001400}\",\"parentProcessId\":\"1268\",\"parentImage\":\"C:\\\\\\\\Windows\\\\\\\\System32\\\\\\\\svchost.exe\",\"parentCommandLine\":\"C:\\\\\\\\WINDOWS\\\\\\\\system32\\\\\\\\svchost.exe -k netsvcs -p -s Schedule\",\"parentUser\":\"NT AUTHORITY\\\\\\\\SYSTEM\"}}}","decoder":{"name":"windows_eventchannel"},"data":{"win":{"system":{"providerName":"Microsoft-Windows-Sysmon","providerGuid":"{5770385f-c22a-43e0-bf4c-06f5698ffbd9}","eventID":"1","version":"5","level":"4","task":"1","opcode":"0","keywords":"0x8000000000000000","systemTime":"2026-10-02T14:45:39.8164416Z","eventRecordID":"15027","processID":"3504","threadID":"4956","channel":"Microsoft-Windows-Sysmon/Operational","computer":"DESKTOP-5OG7C28","severityValue":"INFORMATION","message":"\"Process Create:\r\nRuleName: -\r\nUtcTime: 2026-10-02 14:45:39.781\r\nProcessGuid: {4b2ce92d-c393-6abf-ff02-000000001400}\r\nProcessId: 7428\r\nImage: C:\\Program Files (x86)\\Microsoft\\EdgeUpdate\\MicrosoftEdgeUpdate.exe\r\nFileVersion: 1.3.271.7\r\nDescription: Microsoft Edge Update\r\nProduct: Microsoft Edge Update\r\nCompany: Microsoft Corporation\r\nOriginalFileName: MicrosoftEdgeUpdate.exe\r\nCommandLine: \"C:\\Program Files (x86)\\Microsoft\\EdgeUpdate\\MicrosoftEdgeUpdate.exe\" /ua /installsource scheduler\r\nCurrentDirectory: C:\\WINDOWS\\system32\\\r\nUser: NT AUTHORITY\\SYSTEM\r\nLogonGuid: {4b2ce92d-824a-6abe-e703-000000000000}\r\nLogonId: 0x3E7\r\nTerminalSessionId: 0\r\nIntegrityLevel: System\r\nHashes: MD5=5773A83436600F9CC768C646385AF4FE,SHA256=5497DD84321887D18B62FAE35689EA4A7D07CAD7840853B2BB50BBF7BFAC365E,IMPHASH=CD3B2D99C6655A5D4A14E30E380F5BF9\r\nParentProcessGuid: {4b2ce92d-824e-6abe-2c00-000000001400}\r\nParentProcessId: 1268\r\nParentImage: C:\\Windows\\System32\\svchost.exe\r\nParentCommandLine: C:\\WINDOWS\\system32\\svchost.exe -k netsvcs -p -s Schedule\r\nParentUser: NT AUTHORITY\\SYSTEM\""},"eventdata":{"utcTime":"2026-10-02 14:45:39.781","processGuid":"{4b2ce92d-c393-6abf-ff02-000000001400}","processId":"7428","image":"C:\\\\Program Files (x86)\\\\Microsoft\\\\EdgeUpdate\\\\MicrosoftEdgeUpdate.exe","fileVersion":"1.3.271.7","description":"Microsoft Edge Update","product":"Microsoft Edge Update","company":"Microsoft Corporation","originalFileName":"MicrosoftEdgeUpdate.exe","commandLine":"\\\"C:\\\\Program Files (x86)\\\\Microsoft\\\\EdgeUpdate\\\\MicrosoftEdgeUpdate.exe\\\" /ua /installsource scheduler","currentDirectory":"C:\\\\WINDOWS\\\\system32\\\\","user":"NT AUTHORITY\\\\SYSTEM","logonGuid":"{4b2ce92d-824a-6abe-e703-000000000000}","logonId":"0x3e7","terminalSessionId":"0","integrityLevel":"System","hashes":"MD5=5773A83436600F9CC768C646385AF4FE,SHA256=5497DD84321887D18B62FAE35689EA4A7D07CAD7840853B2BB50BBF7BFAC365E,IMPHASH=CD3B2D99C6655A5D4A14E30E380F5BF9","parentProcessGuid":"{4b2ce92d-824e-6abe-2c00-000000001400}","parentProcessId":"1268","parentImage":"C:\\\\Windows\\\\System32\\\\svchost.exe","parentCommandLine":"C:\\\\WINDOWS\\\\system32\\\\svchost.exe -k netsvcs -p -s Schedule","parentUser":"NT AUTHORITY\\\\SYSTEM"}}},"location":"EventChannel"}
{"timestamp":"2026-10-02T15:45:44.702+0200","agent":{"id":"001","name":"Windows_VM","ip":"192.168.232.130"},"manager":{"name":"dcasey-virtual-machine"},"id":"1790948744.348222","full_log":"{\"win\":{\"system\":{\"providerName\":\"Microsoft-Windows-Sysmon\",\"providerGuid\":\"{5770385f-c22a-43e0-bf4c-06f5698ffbd9}\",\"eventID\":\"1\",\"version\":\"5\",\"level\":\"4\",\"task\":\"1\",\"opcode\":\"0\",\"keywords\":\"0x8000000000000000\",\"systemTime\":\"2026-10-02T14:45:39.8544444Z\",\"eventRecordID\":\"15029\",\"processID\":\"3504\",\"threadID\":\"4956\",\"channel\":\"Microsoft-Windows-Sysmon/Operational\",\"computer\":\"DESKTOP-5OG7C28\",\"severityValue\":\"INFORMATION\",\"message\":\"\\\"Process Create:\\r\\nRuleName: -\\r\\nUtcTime: 2026-10-02 14:45:39.827\\r\\nProcessGuid: {4b2ce92d-c393-6abf-0103-000000001400}\\r\\nProcessId: 4516\\r\\nImage: C:\\\\Windows\\\\System32\\\\taskhostw.exe\\r\\nFileVersion: 10.0.26100.8328 (WinBuild.160101.0800)\\r\\nDescription: Host Process for Windows Tasks\\r\\nProduct: Microsoft® Windows® Operating System\\r\\nCompany: Microsoft Corporation\\r\\nOriginalFileName: taskhostw.exe\\r\\nCommandLine: taskhostw.exe\\r\\nCurrentDirectory: C:\\\\WINDOWS\\\\system32\\\\\\r\\nUser: NT AUTHORITY\\\\SYSTEM\\r\\nLogonGuid: {4b2ce92d-824a-6abe-e703-000000000000}\\r\\nLogonId: 0x3E7\\r\\nTerminalSessionId: 0\\r\\nIntegrityLevel: System\\r\\nHashes: MD5=9E9370331B9D14ABBA21091FFFCD1D1E,SHA256=EA8D441DF237FB3D3B7A27A95FDE186E19C94D58A618F5C29ED5FC13CB155E96,IMPHASH=2196268E7A2880E3ADC74481297D0C4B\\r\\nParentProcessGuid: {4b2ce92d-824e-6abe-2c00-000000001400}\\r\\nParentProcessId: 1268\\r\\nParentImage: C:\\\\Windows\\\\System32\\\\svchost.exe\\r\\nParentCommandLine: C:\\\\WINDOWS\\\\system32\\\\svchost.exe -k netsvcs -p -s Schedule\\r\\nParentUser: NT AUTHORITY\\\\SYSTEM\\\"\"},\"eventdata\":{\"utcTime\":\"2026-10-02 14:45:39.827\",\"processGuid\":\"{4b2ce92d-c393-6abf-0103-000000001400}\",\"processId\":\"4516\",\"image\":\"C:\\\\\\\\Windows\\\\\\\\System32\\\\\\\\taskhostw.exe\",\"fileVersion\":\"10.0.26100.8328 (WinBuild.160101.0800)\",\"description\":\"Host Process for Windows Tasks\",\"product\":\"Microsoft® Windows® Operating System\",\"company\":\"Microsoft Corporation\",\"originalFileName\":\"taskhostw.exe\",\"commandLine\":\"taskhostw.exe\",\"currentDirectory\":\"C:\\\\\\\\WINDOWS\\\\\\\\system32\\\\\\\\\",\"user\":\"NT AUTHORITY\\\\\\\\SYSTEM\",\"logonGuid\":\"{4b2ce92d-824a-6abe-e703-000000000000}\",\"logonId\":\"0x3e7\",\"terminalSessionId\":\"0\",\"integrityLevel\":\"System\",\"hashes\":\"MD5=9E9370331B9D14ABBA21091FFFCD1D1E,SHA256=EA8D441DF237FB3D3B7A27A95FDE186E19C94D58A618F5C29ED5FC13CB155E96,IMPHASH=2196268E7A2880E3ADC74481297D0C4B\",\"parentProcessGuid\":\"{4b2ce92d-824e-6abe-2c00-000000001400}\",\"parentProcessId\":\"1268\",\"parentImage\":\"C:\\\\\\\\Windows\\\\\\\\System32\\\\\\\\svchost.exe\",\"parentCommandLine\":\"C:\\\\\\\\WINDOWS\\\\\\\\system32\\\\\\\\svchost.exe -k netsvcs -p -s Schedule\",\"parentUser\":\"NT AUTHORITY\\\\\\\\SYSTEM\"}}}","decoder":{"name":"windows_eventchannel"},"data":{"win":{"system":{"providerName":"Microsoft-Windows-Sysmon","providerGuid":"{5770385f-c22a-43e0-bf4c-06f5698ffbd9}","eventID":"1","version":"5","level":"4","task":"1","opcode":"0","keywords":"0x8000000000000000","systemTime":"2026-10-02T14:45:39.8544444Z","eventRecordID":"15029","processID":"3504","threadID":"4956","channel":"Microsoft-Windows-Sysmon/Operational","computer":"DESKTOP-5OG7C28","severityValue":"INFORMATION","message":"\"Process Create:\r\nRuleName: -\r\nUtcTime: 2026-10-02 14:45:39.827\r\nProcessGuid: {4b2ce92d-c393-6abf-0103-000000001400}\r\nProcessId: 4516\r\nImage: C:\\Windows\\System32\\taskhostw.exe\r\nFileVersion: 10.0.26100.8328 (WinBuild.160101.0800)\r\nDescription: Host Process for Windows Tasks\r\nProduct: Microsoft® Windows® Operating System\r\nCompany: Microsoft Corporation\r\nOriginalFileName: taskhostw.exe\r\nCommandLine: taskhostw.exe\r\nCurrentDirectory: C:\\WINDOWS\\system32\\\r\nUser: NT AUTHORITY\\SYSTEM\r\nLogonGuid: {4b2ce92d-824a-6abe-e703-000000000000}\r\nLogonId: 0x3E7\r\nTerminalSessionId: 0\r\nIntegrityLevel: System\r\nHashes: MD5=9E9370331B9D14ABBA21091FFFCD1D1E,SHA256=EA8D441DF237FB3D3B7A27A95FDE186E19C94D58A618F5C29ED5FC13CB155E96,IMPHASH=2196268E7A2880E3ADC74481297D0C4B\r\nParentProcessGuid: {4b2ce92d-824e-6abe-2c00-000000001400}\r\nParentProcessId: 1268\r\nParentImage: C:\\Windows\\System32\\svchost.exe\r\nParentCommandLine: C:\\WINDOWS\\system32\\svchost.exe -k netsvcs -p -s Schedule\r\nParentUser: NT AUTHORITY\\SYSTEM\""},"eventdata":{"utcTime":"2026-10-02 14:45:39.827","processGuid":"{4b2ce92d-c393-6abf-0103-000000001400}","processId":"4516","image":"C:\\\\Windows\\\\System32\\\\taskhostw.exe","fileVersion":"10.0.26100.8328 (WinBuild.160101.0800)","description":"Host Process for Windows Tasks","product":"Microsoft® Windows® Operating System","company":"Microsoft Corporation","originalFileName":"taskhostw.exe","commandLine":"taskhostw.exe","currentDirectory":"C:\\\\WINDOWS\\\\system32\\\\","user":"NT AUTHORITY\\\\SYSTEM","logonGuid":"{4b2ce92d-824a-6abe-e703-000000000000}","logonId":"0x3e7","terminalSessionId":"0","integrityLevel":"System","hashes":"MD5=9E9370331B9D14ABBA21091FFFCD1D1E,SHA256=EA8D441DF237FB3D3B7A27A95FDE186E19C94D58A618F5C29ED5FC13CB155E96,IMPHASH=2196268E7A2880E3ADC74481297D0C4B","parentProcessGuid":"{4b2ce92d-824e-6abe-2c00-000000001400}","parentProcessId":"1268","parentImage":"C:\\\\Windows\\\\System32\\\\svchost.exe","parentCommandLine":"C:\\\\WINDOWS\\\\system32\\\\svchost.exe -k netsvcs -p -s Schedule","parentUser":"NT AUTHORITY\\\\SYSTEM"}}},"location":"EventChannel"}
