{"timestamp":"2026-10-02T15:46:06.878+0200","agent":{"id":"001","name":"Windows_VM","ip":"192.168.232.130"},"manager":{"name":"dcasey-virtual-machine"},"id":"1790948766.353271","full_log":"{\"win\":{\"system\":{\"providerName\":\"Microsoft-Windows-WindowsUpdateClient\",\"providerGuid\":\"{945a8954-c147-4acd-923f-40c45405a658}\",\"eventID\":\"44\",\"version\":\"1\",\"level\":\"4\",\"task\":\"1\",\"opcode\":\"12\",\"keywords\":\"0x8000000000002004\",\"systemTime\":\"2026-10-02T14:46:02.8857203Z\",\"eventRecordID\":\"2983\",\"processID\":\"4848\",\"threadID\":\"2540\",\"channel\":\"System\",\"computer\":\"DESKTOP-5OG7C28\",\"severityValue\":\"INFORMATION\",\"message\":\"\\\"Windows Update started downloading an update.\\\"\"},\"eventdata\":{\"updateTitle\":\"Security Intelligence Update for Microsoft Defender Antivirus - KB2267602 (Version 1.459.518.0) - Current Channel (Broad)\",\"updateGuid\":\"{0f7cdd7e-fcc9-4de5-9063-3ff819fddae6}\",\"updateRevisionNumber\":\"200\"}}}","decoder":{"name":"windows_eventchannel"},"data":{"win":{"system":{"providerName":"Microsoft-Windows-WindowsUpdateClient","providerGuid":"{945a8954-c147-4acd-923f-40c45405a658}","eventID":"44","version":"1","level":"4","task":"1","opcode":"12","keywords":"0x8000000000002004","systemTime":"2026-10-02T14:46:02.8857203Z","eventRecordID":"2983","processID":"4848","threadID":"2540","channel":"System","computer":"DESKTOP-5OG7C28","severityValue":"INFORMATION","message":"\"Windows Update started downloading an update.\""},"eventdata":{"updateTitle":"Security Intelligence Update for Microsoft Defender Antivirus - KB2267602 (Version 1.459.518.0) - Current Channel (Broad)","updateGuid":"{0f7cdd7e-fcc9-4de5-9063-3ff819fddae6}","updateRevisionNumber":"200"}}},"location":"EventChannel"}
{"timestamp":"2026-10-02T15:46:06.919+0200","agent":{"id":"001","name":"Windows_VM","ip":"192.168.232.130"},"manager":{"name":"dcasey-virtual-machine"},"id":"1790948766.353271","full_log":"{\"win\":{\"system\":{\"providerName\":\"Microsoft-Windows-WindowsUpdateClient\",\"providerGuid\":\"{945a8954-c147-4acd-923f-40c45405a658}\",\"eventID\":\"43\",\"version\":\"1\",\"level\":\"4\",\"task\":\"1\",\"opcode\":\"13\",\"keywords\":\"0x8000000000002008\",\"systemTime\":\"2026-10-02T14:46:02.8857244Z\",\"eventRecordID\":\"2984\",\"processID\":\"4848\",\"threadID\":\"2540\",\"channel\":\"System\",\"computer\":\"DESKTOP-5OG7C28\",\"severityValue\":\"INFORMATION\",\"message\":\"\\\"Installation Started: Windows has started installing the following update: Security Intelligence Update for Microsoft Defender Antivirus - KB2267602 (Version 1.459.518.0) - Current Channel (Broad)\\\"\"},\"eventdata\":{\"updateTitle\":\"Security Intelligence Update for Microsoft Defender Antivirus - KB2267602 (Version 1.459.518.0) - Current Channel (Broad)\",\"updateGuid\":\"{0f7cdd7e-fcc9-4de5-9063-3ff819fddae6}\",\"updateRevisionNumber\":\"200\"}}}","decoder":{"name":"windows_eventchannel"},"data":{"win":{"system":{"providerName":"Microsoft-Windows-WindowsUpdateClient","providerGuid":"{945a8954-c147-4acd-923f-40c45405a658}","eventID":"43","version":"1","level":"4","task":"1","opcode":"13","keywords":"0x8000000000002008","systemTime":"2026-10-02T14:46:02.8857244Z","eventRecordID":"2984","processID":"4848","threadID":"2540","channel":"System","computer":"DESKTOP-5OG7C28","severityValue":"INFORMATION","message":"\"Installation Started: Windows has started installing the following update: Security Intelligence Update for Microsoft Defender Antivirus - KB2267602 (Version 1.459.518.0) - Current Channel (Broad)\""},"eventdata":{"updateTitle":"Security Intelligence Update for Microsoft Defender Antivirus - KB2267602 (Version 1.459.518.0) - Current Channel (Broad)","updateGuid":"{0f7cdd7e-fcc9-4de5-9063-3ff819fddae6}","updateRevisionNumber":"200"}}},"location":"EventChannel"}
{"timestamp":"2026-10-02T15:46:07.816+0200","agent":{"id":"001","name":"Windows_VM","ip":"192.168.232.130"},"manager":{"name":"dcasey-virtual-machine"},"id":"1790948767.353271","full_log":"{\"win\":{\"system\":{\"providerName\":\"Microsoft-Windows-Sysmon\",\"providerGuid\":\"{5770385f-c22a-43e0-bf4c-06f5698ffbd9}\",\"eventID\":\"1\",\"version\":\"5\",\"level\":\"4\",\"task\":\"1\",\"opcode\":\"0\",\"keywords\":\"0x8000000000000000\",\"systemTime\":\"2026-10-02T14:46:02.9382872Z\",\"eventRecordID\":\"15040\",\"processID\":\"3504\",\"threadID\":\"4956\",\"channel\":\"Microsoft-Windows-Sysmon/Operational\",\"computer\":\"DESKTOP-5OG7C28\",\"severityValue\":\"INFORMATION\",\"message\":\"\\\"Process Create:\\r\\nRuleName: -\\r\\nUtcTime: 2026-10-02 14:46:02.932\\r\\nProcessGuid: {4b2ce92d-c3aa-6abf-1603-000000001400}\\r\\nProcessId: 1816\\r\\nImage: C:\\\\Windows\\\\UUS\\\\amd64\\\\wuaucltcore.exe\\r\\nFileVersion: 1509.2608.11022.0\\r\\nDescription: Windows Update\\r\\nProduct: Microsoft® Windows® Operating System\\r\\nCompany: Microsoft Corporation\\r\\nOriginalFileName: wuaucltcore.exe\\r\\nCommandLine: \\\"C:\\\\WINDOWS\\\\uus\\\\AMD64\\\\wuaucltcore.exe\\\" /DeploymentHandlerFullPath \\\\\\\\?\\\\C:\\\\Windows\\\\UUS\\\\AMD64\\\\UpdateDeploy.dll /ClassId c6e279c4-09e0-4adb-851e-9a9704778f9a /RunHandlerComServer\\r\\nCurrentDirectory: C:\\\\WINDOWS\\\\system32\\\\\\r\\nUser: NT AUTHORITY\\\\SYSTEM\\r\\nLogonGuid: {4b2ce92d-824a-6abe-e703-000000000000}\\r\\nLogonId: 0x3E7\\r\\nTerminalSessionId: 0\\r\\nIntegrityLevel: System\\r\\nHashes: MD5=4A93A776546E1F18B21DB65BEE186D7B,SHA256=E7435CB08BD187E5EF84F412E520C36F36A958A80785EE8A2679FE3FA43FCBA6,IMPHASH=D6A120666FA2F23D6D2FF35EBA912CCC\\r\\nParentProcessGuid: {4b2ce92d-8265-6abe-7900-000000001400}\\r\\nParentProcessId: 4848\\r\\nParentImage: C:\\\\Windows\\\\System32\\\\svchost.exe\\r\\nParentCommandLine: C:\\\\WINDOWS\\\\system32\\\\svchost.exe -k netsvcs -p -s wuauserv\\r\\nParentUser: NT AUTHORITY\\\\SYSTEM\\\"\"},\"eventdata\":{\"utcTime\":\"2026-10-02 14:46:02.932\",\"processGuid\":\"{4b2ce92d-c3aa-6abf-1603-000000001400}\",\"processId\":\"1816\",\"image\":\"C:\\\\\\\\Windows\\\\\\\\UUS\\\\\\\\amd64\\\\\\\\wuaucltcore.exe\",\"fileVersion\":\"1509.2608.11022.0\",\"description\":\"Windows Update\",\"product\":\"Microsoft® Windows® Operating System\",\"company\":\"Microsoft Corporation\",\"originalFileName\":\"wuaucltcore.exe\",\"commandLine\":\"\\\\\\\"C:\\\\\\\\WINDOWS\\\\\\\\uus\\\\\\\\AMD64\\\\\\\\wuaucltcore.exe\\\\\\\" /DeploymentHandlerFullPath \\\\\\\\\\\\\\\\?\\\\\\\\C:\\\\\\\\Windows\\\\\\\\UUS\\\\\\\\AMD64\\\\\\\\UpdateDeploy.dll /ClassId c6e279c4-09e0-4adb-851e-9a9704778f9a /RunHandlerComServer\",\"currentDirectory\":\"C:\\\\\\\\WINDOWS\\\\\\\\system32\\\\\\\\\",\"user\":\"NT AUTHORITY\\\\\\\\SYSTEM\",\"logonGuid\":\"{4b2ce92d-824a-6abe-e703-000000000000}\",\"logonId\":\"0x3e7\",\"terminalSessionId\":\"0\",\"integrityLevel\":\"System\",\"hashes\":\"MD5=4A93A776546E1F18B21DB65BEE186D7B,SHA256=E7435CB08BD187E5EF84F412E520C36F36A958A80785EE8A2679FE3FA43FCBA6,IMPHASH=D6A120666FA2F23D6D2FF35EBA912CCC\",\"parentProcessGuid\":\"{4b2ce92d-8265-6abe-7900-000000001400}\",\"parentProcessId\":\"4848\",\"parentImage\":\"C:\\\\\\\\Windows\\\\\\\\System32\\\\\\\\svchost.exe\",\"parentCommandLine\":\"C:\\\\\\\\WINDOWS\\\\\\\\system32\\\\\\\\svchost.exe -k netsvcs -p -s wuauserv\",\"parentUser\":\"NT AUTHORITY\\\\\\\\SYSTEM\"}}}","decoder":{"name":"windows_eventchannel"},"data":{"win":{"system":{"providerName":"Microsoft-Windows-Sysmon","providerGuid":"{5770385f-c22a-43e0-bf4c-06f5698ffbd9}","eventID":"1","version":"5","level":"4","task":"1","opcode":"0","keywords":"0x8000000000000000","systemTime":"2026-10-02T14:46:02.9382872Z","eventRecordID":"15040","processID":"3504","threadID":"4956","channel":"Microsoft-Windows-Sysmon/Operational","computer":"DESKTOP-5OG7C28","severityValue":"INFORMATION","message":"\"Process Create:\r\nRuleName: -\r\nUtcTime: 2026-10-02 14:46:02.932\r\nProcessGuid: {4b2ce92d-c3aa-6abf-1603-000000001400}\r\nProcessId: 1816\r\nImage: C:\\Windows\\UUS\\amd64\\wuaucltcore.exe\r\nFileVersion: 1509.2608.11022.0\r\nDescription: Windows Update\r\nProduct: Microsoft® Windows® Operating System\r\nCompany: Microsoft Corporation\r\nOriginalFileName: wuaucltcore.exe\r\nCommandLine: \"C:\\WINDOWS\\uus\\AMD64\\wuaucltcore.exe\" /DeploymentHandlerFullPath \\\\?\\C:\\Windows\\UUS\\AMD64\\UpdateDeploy.dll /ClassId c6e279c4-09e0-4adb-851e-9a9704778f9a /RunHandlerComServer\r\nCurrentDirectory: C:\\WINDOWS\\system32\\\r\nUser: NT AUTHORITY\\SYSTEM\r\nLogonGuid: {4b2ce92d-824a-6abe-e703-000000000000}\r\nLogonId: 0x3E7\r\nTerminalSessionId: 0\r\nIntegrityLevel: System\r\nHashes: MD5=4A93A776546E1F18B21DB65BEE186D7B,SHA256=E7435CB08BD187E5EF84F412E520C36F36A958A80785EE8A2679FE3FA43FCBA6,IMPHASH=D6A120666FA2F23D6D2FF35EBA912CCC\r\nParentProcessGuid: {4b2ce92d-8265-6abe-7900-000000001400}\r\nParentProcessId: 4848\r\nParentImage: C:\\Windows\\System32\\svchost.exe\r\nParentCommandLine: C:\\WINDOWS\\system32\\svchost.exe -k netsvcs -p -s wuauserv\r\nParentUser: NT AUTHORITY\\SYSTEM\""},"eventdata":{"utcTime":"2026-10-02 14:46:02.932","processGuid":"{4b2ce92d-c3aa-6abf-1603-000000001400}","processId":"1816","image":"C:\\\\Windows\\\\UUS\\\\amd64\\\\wuaucltcore.exe","fileVersion":"1509.2608.11022.0","description":"Windows Update","product":"Microsoft® Windows® Operating System","company":"Microsoft Corporation","originalFileName":"wuaucltcore.exe","commandLine":"\\\"C:\\\\WINDOWS\\\\uus\\\\AMD64\\\\wuaucltcore.exe\\\" /DeploymentHandlerFullPath \\\\\\\\?\\\\C:\\\\Windows\\\\UUS\\\\AMD64\\\\UpdateDeploy.dll /ClassId c6e279c4-09e0-4adb-851e-9a9704778f9a /RunHandlerComServer","currentDirectory":"C:\\\\WINDOWS\\\\system32\\\\","user":"NT AUTHORITY\\\\SYSTEM","logonGuid":"{4b2ce92d-824a-6abe-e703-000000000000}","logonId":"0x3e7","terminalSessionId":"0","integrityLevel":"System","hashes":"MD5=4A93A776546E1F18B21DB65BEE186D7B,SHA256=E7435CB08BD187E5EF84F412E520C36F36A958A80785EE8A2679FE3FA43FCBA6,IMPHASH=D6A120666FA2F23D6D2FF35EBA912CCC","parentProcessGuid":"{4b2ce92d-8265-6abe-7900-000000001400}","parentProcessId":"4848","parentImage":"C:\\\\Windows\\\\System32\\\\svchost.exe","parentCommandLine":"C:\\\\WINDOWS\\\\system32\\\\svchost.exe -k netsvcs -p -s wuauserv","parentUser":"NT AUTHORITY\\\\SYSTEM"}}},"location":"EventChannel"}
{"timestamp":"2026-10-02T15:46:07.818+0200","rule":{"level":6,"description":"Executable dropped in Windows root folder","id":"92217","mitre":{"id":["T1570"],"tactic":["Lateral Movement"],"technique":["Lateral Tool Transfer"]},"firedtimes":1,"mail":false,"groups":["sysmon","sysmon_eid11_detections","windows"]},"agent":{"id":"001","name":"Windows_VM","ip":"192.168.232.130"},"manager":{"name":"dcasey-virtual-machine"},"id":"1790948767.356725","full_log":"{\"win\":{\"system\":{\"providerName\":\"Microsoft-Windows-Sysmon\",\"providerGuid\":\"{5770385f-c22a-43e0-bf4c-06f5698ffbd9}\",\"eventID\":\"11\",\"version\":\"2\",\"level\":\"4\",\"task\":\"11\",\"opcode\":\"0\",\"keywords\":\"0x8000000000000000\",\"systemTime\":\"2026-10-02T14:46:03.0918113Z\",\"eventRecordID\":\"15041\",\"processID\":\"3504\",\"threadID\":\"4956\",\"channel\":\"Microsoft-Windows-Sysmon/Operational\",\"computer\":\"DESKTOP-5OG7C28\",\"severityValue\":\"INFORMATION\",\"message\":\"\\\"File created:\\r\\nRuleName: EXE\\r\\nUtcTime: 2026-10-02 14:46:03.090\\r\\nProcessGuid: {4b2ce92d-8265-6abe-7900-000000001400}\\r\\nProcessId: 4848\\r\\nImage: C:\\\\WINDOWS\\\\system32\\\\svchost.exe\\r\\nTargetFilename: C:\\\\Windows\\\\SoftwareDistribution\\\\Download\\\\Install\\\\AM_Delta_Patch_1.459.503.0.exe\\r\\nCreationUtcTime: 2026-10-02 14:46:03.090\\r\\nUser: NT AUTHORITY\\\\SYSTEM\\\"\"},\"eventdata\":{\"ruleName\":\"EXE\",\"utcTime\":\"2026-10-02 14:46:03.090\",\"processGuid\":\"{4b2ce92d-8265-6abe-7900-000000001400}\",\"processId\":\"4848\",\"image\":\"C:\\\\\\\\WINDOWS\\\\\\\\system32\\\\\\\\svchost.exe\",\"targetFilename\":\"C:\\\\\\\\Windows\\\\\\\\SoftwareDistribution\\\\\\\\Download\\\\\\\\Install\\\\\\\\AM_Delta_Patch_1.459.503.0.exe\",\"creationUtcTime\":\"2026-10-02 14:46:03.090\",\"user\":\"NT AUTHORITY\\\\\\\\SYSTEM\"}}}","decoder":{"name":"windows_eventchannel"},"data":{"win":{"system":{"providerName":"Microsoft-Windows-Sysmon","providerGuid":"{5770385f-c22a-43e0-bf4c-06f5698ffbd9}","eventID":"11","version":"2","level":"4","task":"11","opcode":"0","keywords":"0x8000000000000000","systemTime":"2026-10-02T14:46:03.0918113Z","eventRecordID":"15041","processID":"3504","threadID":"4956","channel":"Microsoft-Windows-Sysmon/Operational","computer":"DESKTOP-5OG7C28","severityValue":"INFORMATION","message":"\"File created:\r\nRuleName: EXE\r\nUtcTime: 2026-10-02 14:46:03.090\r\nProcessGuid: {4b2ce92d-8265-6abe-7900-000000001400}\r\nProcessId: 4848\r\nImage: C:\\WINDOWS\\system32\\svchost.exe\r\nTargetFilename: C:\\Windows\\SoftwareDistribution\\Download\\Install\\AM_Delta_Patch_1.459.503.0.exe\r\nCreationUtcTime: 2026-10-02 14:46:03.090\r\nUser: NT AUTHORITY\\SYSTEM\""},"eventdata":{"ruleName":"EXE","utcTime":"2026-10-02 14:46:03.090","processGuid":"{4b2ce92d-8265-6abe-7900-000000001400}","processId":"4848","image":"C:\\\\WINDOWS\\\\system32\\\\svchost.exe","targetFilename":"C:\\\\Windows\\\\SoftwareDistribution\\\\Download\\\\Install\\\\AM_Delta_Patch_1.459.503.0.exe","creationUtcTime":"2026-10-02 14:46:03.090","user":"NT AUTHORITY\\\\SYSTEM"}}},"location":"EventChannel"}
{"timestamp":"2026-10-02T15:46:07.818+0200","agent":{"id":"001","name":"Windows_VM","ip":"192.168.232.130"},"manager":{"name":"dcasey-virtual-machine"},"id":"1790948767.356725","full_log":"{\"win\":{\"system\":{\"providerName\":\"Microsoft-Windows-Sysmon\",\"providerGuid\":\"{5770385f-c22a-43e0-bf4c-06f5698ffbd9}\",\"eventID\":\"1\",\"version\":\"5\",\"level\":\"4\",\"task\":\"1\",\"opcode\":\"0\",\"keywords\":\"0x8000000000000000\",\"systemTime\":\"2026-10-02T14:46:03.2286015Z\",\"eventRecordID\":\"15042\",\"processID\":\"3504\",\"threadID\":\"4956\",\"channel\":\"Microsoft-Windows-Sysmon/Operational\",\"computer\":\"DESKTOP-5OG7C28\",\"severityValue\":\"INFORMATION\",\"message\":\"\\\"Process Create:\\r\\nRuleName: -\\r\\nUtcTime: 2026-10-02 14:46:03.218\\r\\nProcessGuid: {4b2ce92d-c3ab-6abf-1703-000000001400}\\r\\nProcessId: 10764\\r\\nImage: C:\\\\Windows\\\\SoftwareDistribution\\\\Download\\\\Install\\\\AM_Delta_Patch_1.459.503.0.exe\\r\\nFileVersion: 1.459.518.0\\r\\nDescription: Microsoft Antimalware WU Stub\\r\\nProduct: Microsoft Malware Protection\\r\\nCompany: Microsoft Corporation\\r\\nOriginalFileName: AM_Delta_Patch_1.459.503.0.exe\\r\\nCommandLine: \\\"C:\\\\WINDOWS\\\\SoftwareDistribution\\\\Download\\\\Install\\\\AM_Delta_Patch_1.459.503.0.exe\\\" WD /q\\r\\nCurrentDirectory: C:\\\\WINDOWS\\\\SoftwareDistribution\\\\Download\\\\Install\\\\\\r\\nUser: NT AUTHORITY\\\\SYSTEM\\r\\nLogonGuid: {4b2ce92d-824a-6abe-e703-000000000000}\\r\\nLogonId: 0x3E7\\r\\nTerminalSessionId: 0\\r\\nIntegrityLevel: System\\r\\nHashes: MD5=D8DD938FE1F62683A7E524E29CC9EC55,SHA256=EC381C8BD4D91F7DE9DE568CF7284EAD3E5974B70EA615496031A0F9D3A53D79,IMPHASH=52CEE9C1BC4BDA1F4F98A36E5EF61615\\r\\nParentProcessGuid: {4b2ce92d-c3aa-6abf-1603-000000001400}\\r\\nParentProcessId: 1816\\r\\nParentImage: C:\\\\Windows\\\\UUS\\\\amd64\\\\wuaucltcore.exe\\r\\nParentCommandLine: \\\"C:\\\\WINDOWS\\\\uus\\\\AMD64\\\\wuaucltcore.exe\\\" /DeploymentHandlerFullPath \\\\\\\\?\\\\C:\\\\Windows\\\\UUS\\\\AMD64\\\\UpdateDeploy.dll /ClassId c6e279c4-09e0-4adb-851e-9a9704778f9a /RunHandlerComServer\\r\\nParentUser: NT AUTHORITY\\\\SYSTEM\\\"\"},\"eventdata\":{\"utcTime\":\"2026-10-02 14:46:03.218\",\"processGuid\":\"{4b2ce92d-c3ab-6abf-1703-000000001400}\",\"processId\":\"10764\",\"image\":\"C:\\\\\\\\Windows\\\\\\\\SoftwareDistribution\\\\\\\\Download\\\\\\\\Install\\\\\\\\AM_Delta_Patch_1.459.503.0.exe\",\"fileVersion\":\"1.459.518.0\",\"description\":\"Microsoft Antimalware WU Stub\",\"product\":\"Microsoft Malware Protection\",\"company\":\"Microsoft Corporation\",\"originalFileName\":\"AM_Delta_Patch_1.459.503.0.exe\",\"commandLine\":\"\\\\\\\"C:\\\\\\\\WINDOWS\\\\\\\\SoftwareDistribution\\\\\\\\Download\\\\\\\\Install\\\\\\\\AM_Delta_Patch_1.459.503.0.exe\\\\\\\" WD /q\",\"currentDirectory\":\"C:\\\\\\\\WINDOWS\\\\\\\\SoftwareDistribution\\\\\\\\Download\\\\\\\\Install\\\\\\\\\",\"user\":\"NT AUTHORITY\\\\\\\\SYSTEM\",\"logonGuid\":\"{4b2ce92d-824a-6abe-e703-000000000000}\",\"logonId\":\"0x3e7\",\"terminalSessionId\":\"0\",\"integrityLevel\":\"System\",\"hashes\":\"MD5=D8DD938FE1F62683A7E524E29CC9EC55,SHA256=EC381C8BD4D91F7DE9DE568CF7284EAD3E5974B70EA615496031A0F9D3A53D79,IMPHASH=52CEE9C1BC4BDA1F4F98A36E5EF61615\",\"parentProcessGuid\":\"{4b2ce92d-c3aa-6abf-1603-000000001400}\",\"parentProcessId\":\"1816\",\"parentImage\":\"C:\\\\\\\\Windows\\\\\\\\UUS\\\\\\\\amd64\\\\\\\\wuaucltcore.exe\",\"parentCommandLine\":\"\\\\\\\"C:\\\\\\\\WINDOWS\\\\\\\\uus\\\\\\\\AMD64\\\\\\\\wuaucltcore.exe\\\\\\\" /DeploymentHandlerFullPath \\\\\\\\\\\\\\\\?\\\\\\\\C:\\\\\\\\Windows\\\\\\\\UUS\\\\\\\\AMD64\\\\\\\\UpdateDeploy.dll /ClassId c6e279c4-09e0-4adb-851e-9a9704778f9a /RunHandlerComServer\",\"parentUser\":\"NT AUTHORITY\\\\\\\\SYSTEM\"}}}","decoder":{"name":"windows_eventchannel"},"data":{"win":{"system":{"providerName":"Microsoft-Windows-Sysmon","providerGuid":"{5770385f-c22a-43e0-bf4c-06f5698ffbd9}","eventID":"1","version":"5","level":"4","task":"1","opcode":"0","keywords":"0x8000000000000000","systemTime":"2026-10-02T14:46:03.2286015Z","eventRecordID":"15042","processID":"3504","threadID":"4956","channel":"Microsoft-Windows-Sysmon/Operational","computer":"DESKTOP-5OG7C28","severityValue":"INFORMATION","message":"\"Process Create:\r\nRuleName: -\r\nUtcTime: 2026-10-02 14:46:03.218\r\nProcessGuid: {4b2ce92d-c3ab-6abf-1703-000000001400}\r\nProcessId: 10764\r\nImage: C:\\Windows\\SoftwareDistribution\\Download\\Install\\AM_Delta_Patch_1.459.503.0.exe\r\nFileVersion: 1.459.518.0\r\nDescription: Microsoft Antimalware WU Stub\r\nProduct: Microsoft Malware Protection\r\nCompany: Microsoft Corporation\r\nOriginalFileName: AM_Delta_Patch_1.459.503.0.exe\r\nCommandLine: \"C:\\WINDOWS\\SoftwareDistribution\\Download\\Install\\AM_Delta_Patch_1.459.503.0.exe\" WD /q\r\nCurrentDirectory: C:\\WINDOWS\\SoftwareDistribution\\Download\\Install\\\r\nUser: NT AUTHORITY\\SYSTEM\r\nLogonGuid: {4b2ce92d-824a-6abe-e703-000000000000}\r\nLogonId: 0x3E7\r\nTerminalSessionId: 0\r\nIntegrityLevel: System\r\nHashes: MD5=D8DD938FE1F62683A7E524E29CC9EC55,SHA256=EC381C8BD4D91F7DE9DE568CF7284EAD3E5974B70EA615496031A0F9D3A53D79,IMPHASH=52CEE9C1BC4BDA1F4F98A36E5EF61615\r\nParentProcessGuid: {4b2ce92d-c3aa-6abf-1603-000000001400}\r\nParentProcessId: 1816\r\nParentImage: C:\\Windows\\UUS\\amd64\\wuaucltcore.exe\r\nParentCommandLine: \"C:\\WINDOWS\\uus\\AMD64\\wuaucltcore.exe\" /DeploymentHandlerFullPath \\\\?\\C:\\Windows\\UUS\\AMD64\\UpdateDeploy.dll /ClassId c6e279c4-09e0-4adb-851e-9a9704778f9a /RunHandlerComServer\r\nParentUser: NT AUTHORITY\\SYSTEM\""},"eventdata":{"utcTime":"2026-10-02 14:46:03.218","processGuid":"{4b2ce92d-c3ab-6abf-1703-000000001400}","processId":"10764","image":"C:\\\\Windows\\\\SoftwareDistribution\\\\Download\\\\Install\\\\AM_Delta_Patch_1.459.503.0.exe","fileVersion":"1.459.518.0","description":"Microsoft Antimalware WU Stub","product":"Microsoft Malware Protection","company":"Microsoft Corporation","originalFileName":"AM_Delta_Patch_1.459.503.0.exe","commandLine":"\\\"C:\\\\WINDOWS\\\\SoftwareDistribution\\\\Download\\\\Install\\\\AM_Delta_Patch_1.459.503.0.exe\\\" WD /q","currentDirectory":"C:\\\\WINDOWS\\\\SoftwareDistribution\\\\Download\\\\Install\\\\","user":"NT AUTHORITY\\\\SYSTEM","logonGuid":"{4b2ce92d-824a-6abe-e703-000000000000}","logonId":"0x3e7","terminalSessionId":"0","integrityLevel":"System","hashes":"MD5=D8DD938FE1F62683A7E524E29CC9EC55,SHA256=EC381C8BD4D91F7DE9DE568CF7284EAD3E5974B70EA615496031A0F9D3A53D79,IMPHASH=52CEE9C1BC4BDA1F4F98A36E5EF61615","parentProcessGuid":"{4b2ce92d-c3aa-6abf-1603-000000001400}","parentProcessId":"1816","parentImage":"C:\\\\Windows\\\\UUS\\\\amd64\\\\wuaucltcore.exe","parentCommandLine":"\\\"C:\\\\WINDOWS\\\\uus\\\\AMD64\\\\wuaucltcore.exe\\\" /DeploymentHandlerFullPath \\\\\\\\?\\\\C:\\\\Windows\\\\UUS\\\\AMD64\\\\UpdateDeploy.dll /ClassId c6e279c4-09e0-4adb-851e-9a9704778f9a /RunHandlerComServer","parentUser":"NT AUTHORITY\\\\SYSTEM"}}},"location":"EventChannel"}
{"timestamp":"2026-10-02T15:46:07.854+0200","agent":{"id":"001","name":"Windows_VM","ip":"192.168.232.130"},"manager":{"name":"dcasey-virtual-machine"},"id":"1790948767.356725","full_log":"{\"win\":{\"system\":{\"providerName\":\"Microsoft-Windows-Sysmon\",\"providerGuid\":\"{5770385f-c22a-43e0-bf4c-06f5698ffbd9}\",\"eventID\":\"1\",\"version\":\"5\",\"level\":\"4\",\"task\":\"1\",\"opcode\":\"0\",\"keywords\":\"0x8000000000000000\",\"systemTime\":\"2026-10-02T14:46:03.2882255Z\",\"eventRecordID\":\"15043\",\"processID\":\"3504\",\"threadID\":\"4956\",\"channel\":\"Microsoft-Windows-Sysmon/Operational\",\"computer\":\"DESKTOP-5OG7C28\",\"severityValue\":\"INFORMATION\",\"message\":\"\\\"Process Create:\\r\\nRuleName: -\\r\\nUtcTime: 2026-10-02 14:46:03.283\\r\\nProcessGuid: {4b2ce92d-c3ab-6abf-1803-000000001400}\\r\\nProcessId: 2752\\r\\nImage: C:\\\\Windows\\\\System32\\\\MpSigStub.exe\\r\\nFileVersion: 1.1.24010.2001 (7122f19e8a45ed98fbe41ea0bdadf251e45717f9)\\r\\nDescription: Microsoft Malware Protection Signature Update Stub\\r\\nProduct: Microsoft Malware Protection\\r\\nCompany: Microsoft Corporation\\r\\nOriginalFileName: MpSigStub.exe\\r\\nCommandLine: C:\\\\WINDOWS\\\\system32\\\\MpSigStub.exe /stub 1.1.24010.2001 /payload 1.459.518.0 /MpWUStub /program C:\\\\WINDOWS\\\\SoftwareDistribution\\\\Download\\\\Install\\\\AM_Delta_Patch_1.459.503.0.exe WD /q\\r\\nCurrentDirectory: C:\\\\WINDOWS\\\\system32\\\\\\r\\nUser: NT AUTHORITY\\\\SYSTEM\\r\\nLogonGuid: {4b2ce92d-824a-6abe-e703-000000000000}\\r\\nLogonId: 0x3E7\\r\\nTerminalSessionId: 0\\r\\nIntegrityLevel: System\\r\\nHashes: MD5=71CF589293424C4389202C7F1752FB2D,SHA256=071B0D3A08503A8B88AEEDA1D20F371A563377028F6E252DC66CCE60AB8F823E,IMPHASH=73D10F665B566678AC1DDF9942FDAEA0\\r\\nParentProcessGuid: {4b2ce92d-c3aa-6abf-1603-000000001400}\\r\\nParentProcessId: 1816\\r\\nParentImage: C:\\\\Windows\\\\UUS\\\\amd64\\\\wuaucltcore.exe\\r\\nParentCommandLine: \\\"C:\\\\WINDOWS\\\\uus\\\\AMD64\\\\wuaucltcore.exe\\\" /DeploymentHandlerFullPath \\\\\\\\?\\\\C:\\\\Windows\\\\UUS\\\\AMD64\\\\UpdateDeploy.dll /ClassId c6e279c4-09e0-4adb-851e-9a9704778f9a /RunHandlerComServer\\r\\nParentUser: NT AUTHORITY\\\\SYSTEM\\\"\"},\"eventdata\":{\"utcTime\":\"2026-10-02 14:46:03.283\",\"processGuid\":\"{4b2ce92d-c3ab-6abf-1803-000000001400}\",\"processId\":\"2752\",\"image\":\"C:\\\\\\\\Windows\\\\\\\\System32\\\\\\\\MpSigStub.exe\",\"fileVersion\":\"1.1.24010.2001 (7122f19e8a45ed98fbe41ea0bdadf251e45717f9)\",\"description\":\"Microsoft Malware Protection Signature Update Stub\",\"product\":\"Microsoft Malware Protection\",\"company\":\"Microsoft Corporation\",\"originalFileName\":\"MpSigStub.exe\",\"commandLine\":\"C:\\\\\\\\WINDOWS\\\\\\\\system32\\\\\\\\MpSigStub.exe /stub 1.1.24010.2001 /payload 1.459.518.0 /MpWUStub /program C:\\\\\\\\WINDOWS\\\\\\\\SoftwareDistribution\\\\\\\\Download\\\\\\\\Install\\\\\\\\AM_Delta_Patch_1.459.503.0.exe WD /q\",\"currentDirectory\":\"C:\\\\\\\\WINDOWS\\\\\\\\system32\\\\\\\\\",\"user\":\"NT AUTHORITY\\\\\\\\SYSTEM\",\"logonGuid\":\"{4b2ce92d-824a-6abe-e703-000000000000}\",\"logonId\":\"0x3e7\",\"terminalSessionId\":\"0\",\"integrityLevel\":\"System\",\"hashes\":\"MD5=71CF589293424C4389202C7F1752FB2D,SHA256=071B0D3A08503A8B88AEEDA1D20F371A563377028F6E252DC66CCE60AB8F823E,IMPHASH=73D10F665B566678AC1DDF9942FDAEA0\",\"parentProcessGuid\":\"{4b2ce92d-c3aa-6abf-1603-000000001400}\",\"parentProcessId\":\"1816\",\"parentImage\":\"C:\\\\\\\\Windows\\\\\\\\UUS\\\\\\\\amd64\\\\\\\\wuaucltcore.exe\",\"parentCommandLine\":\"\\\\\\\"C:\\\\\\\\WINDOWS\\\\\\\\uus\\\\\\\\AMD64\\\\\\\\wuaucltcore.exe\\\\\\\" /DeploymentHandlerFullPath \\\\\\\\\\\\\\\\?\\\\\\\\C:\\\\\\\\Windows\\\\\\\\UUS\\\\\\\\AMD64\\\\\\\\UpdateDeploy.dll /ClassId c6e279c4-09e0-4adb-851e-9a9704778f9a /RunHandlerComServer\",\"parentUser\":\"NT AUTHORITY\\\\\\\\SYSTEM\"}}}","decoder":{"name":"windows_eventchannel"},"data":{"win":{"system":{"providerName":"Microsoft-Windows-Sysmon","providerGuid":"{5770385f-c22a-43e0-bf4c-06f5698ffbd9}","eventID":"1","version":"5","level":"4","task":"1","opcode":"0","keywords":"0x8000000000000000","systemTime":"2026-10-02T14:46:03.2882255Z","eventRecordID":"15043","processID":"3504","threadID":"4956","channel":"Microsoft-Windows-Sysmon/Operational","computer":"DESKTOP-5OG7C28","severityValue":"INFORMATION","message":"\"Process Create:\r\nRuleName: -\r\nUtcTime: 2026-10-02 14:46:03.283\r\nProcessGuid: {4b2ce92d-c3ab-6abf-1803-000000001400}\r\nProcessId: 2752\r\nImage: C:\\Windows\\System32\\MpSigStub.exe\r\nFileVersion: 1.1.24010.2001 (7122f19e8a45ed98fbe41ea0bdadf251e45717f9)\r\nDescription: Microsoft Malware Protection Signature Update Stub\r\nProduct: Microsoft Malware Protection\r\nCompany: Microsoft Corporation\r\nOriginalFileName: MpSigStub.exe\r\nCommandLine: C:\\WINDOWS\\system32\\MpSigStub.exe /stub 1.1.24010.2001 /payload 1.459.518.0 /MpWUStub /program C:\\WINDOWS\\SoftwareDistribution\\Download\\Install\\AM_Delta_Patch_1.459.503.0.exe WD /q\r\nCurrentDirectory: C:\\WINDOWS\\system32\\\r\nUser: NT AUTHORITY\\SYSTEM\r\nLogonGuid: {4b2ce92d-824a-6abe-e703-000000000000}\r\nLogonId: 0x3E7\r\nTerminalSessionId: 0\r\nIntegrityLevel: System\r\nHashes: MD5=71CF589293424C4389202C7F1752FB2D,SHA256=071B0D3A08503A8B88AEEDA1D20F371A563377028F6E252DC66CCE60AB8F823E,IMPHASH=73D10F665B566678AC1DDF9942FDAEA0\r\nParentProcessGuid: {4b2ce92d-c3aa-6abf-1603-000000001400}\r\nParentProcessId: 1816\r\nParentImage: C:\\Windows\\UUS\\amd64\\wuaucltcore.exe\r\nParentCommandLine: \"C:\\WINDOWS\\uus\\AMD64\\wuaucltcore.exe\" /DeploymentHandlerFullPath \\\\?\\C:\\Windows\\UUS\\AMD64\\UpdateDeploy.dll /ClassId c6e279c4-09e0-4adb-851e-9a9704778f9a /RunHandlerComServer\r\nParentUser: NT AUTHORITY\\SYSTEM\""},"eventdata":{"utcTime":"2026-10-02 14:46:03.283","processGuid":"{4b2ce92d-c3ab-6abf-1803-000000001400}","processId":"2752","image":"C:\\\\Windows\\\\System32\\\\MpSigStub.exe","fileVersion":"1.1.24010.2001 (7122f19e8a45ed98fbe41ea0bdadf251e45717f9)","description":"Microsoft Malware Protection Signature Update Stub","product":"Microsoft Malware Protection","company":"Microsoft Corporation","originalFileName":"MpSigStub.exe","commandLine":"C:\\\\WINDOWS\\\\system32\\\\MpSigStub.exe /stub 1.1.24010.2001 /payload 1.459.518.0 /MpWUStub /program C:\\\\WINDOWS\\\\SoftwareDistribution\\\\Download\\\\Install\\\\AM_Delta_Patch_1.459.503.0.exe WD /q","currentDirectory":"C:\\\\WINDOWS\\\\system32\\\\","user":"NT AUTHORITY\\\\SYSTEM","logonGuid":"{4b2ce92d-824a-6abe-e703-000000000000}","logonId":"0x3e7","terminalSessionId":"0","integrityLevel":"System","hashes":"MD5=71CF589293424C4389202C7F1752FB2D,SHA256=071B0D3A08503A8B88AEEDA1D20F371A563377028F6E252DC66CCE60AB8F823E,IMPHASH=73D10F665B566678AC1DDF9942FDAEA0","parentProcessGuid":"{4b2ce92d-c3aa-6abf-1603-000000001400}","parentProcessId":"1816","parentImage":"C:\\\\Windows\\\\UUS\\\\amd64\\\\wuaucltcore.exe","parentCommandLine":"\\\"C:\\\\WINDOWS\\\\uus\\\\AMD64\\\\wuaucltcore.exe\\\" /DeploymentHandlerFullPath \\\\\\\\?\\\\C:\\\\Windows\\\\UUS\\\\AMD64\\\\UpdateDeploy.dll /ClassId c6e279c4-09e0-4adb-851e-9a9704778f9a /RunHandlerComServer","parentUser":"NT AUTHORITY\\\\SYSTEM"}}},"location":"EventChannel"}
{"timestamp":"2026-10-02T15:46:08.487+0200","agent":{"id":"001","name":"Windows_VM","ip":"192.168.232.130"},"manager":{"name":"dcasey-virtual-machine"},"id":"1790948768.356725","full_log":"{\"win\":{\"system\":{\"providerName\":\"Microsoft-Windows-Kernel-General\",\"providerGuid\":\"{a68ca8b7-004f-d7b6-a698-07e2de0f1f5d}\",\"eventID\":\"16\",\"version\":\"0\",\"level\":\"4\",\"task\":\"0\",\"opcode\":\"0\",\"keywords\":\"0x8000000000000000\",\"systemTime\":\"2026-10-02T14:46:03.8590107Z\",\"eventRecordID\":\"2985\",\"processID\":\"2984\",\"threadID\":\"4648\",\"channel\":\"System\",\"computer\":\"DESKTOP-5OG7C28\",\"severityValue\":\"INFORMATION\",\"message\":\"\\\"The access history in hive \\\\??\\\\C:\\\\WINDOWS\\\\appcompat\\\\programs\\\\Amcache.hve was cleared updating 376 keys and creating 77 modified pages.\\\"\"},\"eventdata\":{\"hiveNameLength\":\"45\",\"hiveName\":\"\\\\\\\\??\\\\\\\\C:\\\\\\\\WINDOWS\\\\\\\\appcompat\\\\\\\\programs\\\\\\\\Amcache.hve\",\"keysUpdated\":\"376\",\"dirtyPages\":\"77\"}}}","decoder":{"name":"windows_eventchannel"},"data":{"win":{"system":{"providerName":"Microsoft-Windows-Kernel-General","providerGuid":"{a68ca8b7-004f-d7b6-a698-07e2de0f1f5d}","eventID":"16","version":"0","level":"4","task":"0","opcode":"0","keywords":"0x8000000000000000","systemTime":"2026-10-02T14:46:03.8590107Z","eventRecordID":"2985","processID":"2984","threadID":"4648","channel":"System","computer":"DESKTOP-5OG7C28","severityValue":"INFORMATION","message":"\"The access history in hive \\??\\C:\\WINDOWS\\appcompat\\programs\\Amcache.hve was cleared updating 376 keys and creating 77 modified pages.\""},"eventdata":{"hiveNameLength":"45","hiveName":"\\\\??\\\\C:\\\\WINDOWS\\\\appcompat\\\\programs\\\\Amcache.hve","keysUpdated":"376","dirtyPages":"77"}}},"location":"EventChannel"}
{"timestamp":"2026-10-02T15:46:11.875+0200","agent":{"id":"001","name":"Windows_VM","ip":"192.168.232.130"},"manager":{"name":"dcasey-virtual-machine"},"id":"1790948771.356725","full_log":"{\"win\":{\"system\":{\"providerName\":\"Microsoft-Windows-Sysmon\",\"providerGuid\":\"{5770385f-c22a-43e0-bf4c-06f5698ffbd9}\",\"eventID\":\"11\",\"version\":\"2\",\"level\":\"4\",\"task\":\"11\",\"opcode\":\"0\",\"keywords\":\"0x8000000000000000\",\"systemTime\":\"2026-10-02T14:46:06.9919313Z\",\"eventRecordID\":\"15044\",\"processID\":\"3504\",\"threadID\":\"4956\",\"channel\":\"Microsoft-Windows-Sysmon/Operational\",\"computer\":\"DESKTOP-5OG7C28\",\"severityValue\":\"INFORMATION\",\"message\":\"\\\"File created:\\r\\nRuleName: DLL\\r\\nUtcTime: 2026-10-02 14:46:06.988\\r\\nProcessGuid: {4b2ce92d-8253-6abe-4600-000000001400}\\r\\nProcessId: 3160\\r\\nImage: C:\\\\ProgramData\\\\Microsoft\\\\Windows Defender\\\\Platform\\\\4.18.26080.4-0\\\\MsMpEng.exe\\r\\nTargetFilename: C:\\\\ProgramData\\\\Microsoft\\\\Windows Defender\\\\Definition Updates\\\\{79DE2D61-B0E4-4112-9C4D-E388C99F1980}\\\\mpengine.dll\\r\\nCreationUtcTime: 2026-10-02 14:46:06.988\\r\\nUser: NT AUTHORITY\\\\SYSTEM\\\"\"},\"eventdata\":{\"ruleName\":\"DLL\",\"utcTime\":\"2026-10-02 14:46:06.988\",\"processGuid\":\"{4b2ce92d-8253-6abe-4600-000000001400}\",\"processId\":\"3160\",\"image\":\"C:\\\\\\\\ProgramData\\\\\\\\Microsoft\\\\\\\\Windows Defender\\\\\\\\Platform\\\\\\\\4.18.26080.4-0\\\\\\\\MsMpEng.exe\",\"targetFilename\":\"C:\\\\\\\\ProgramData\\\\\\\\Microsoft\\\\\\\\Windows Defender\\\\\\\\Definition Updates\\\\\\\\{79DE2D61-B0E4-4112-9C4D-E388C99F1980}\\\\\\\\mpengine.dll\",\"creationUtcTime\":\"2026-10-02 14:46:06.988\",\"user\":\"NT AUTHORITY\\\\\\\\SYSTEM\"}}}","decoder":{"name":"windows_eventchannel"},"data":{"win":{"system":{"providerName":"Microsoft-Windows-Sysmon","providerGuid":"{5770385f-c22a-43e0-bf4c-06f5698ffbd9}","eventID":"11","version":"2","level":"4","task":"11","opcode":"0","keywords":"0x8000000000000000","systemTime":"2026-10-02T14:46:06.9919313Z","eventRecordID":"15044","processID":"3504","threadID":"4956","channel":"Microsoft-Windows-Sysmon/Operational","computer":"DESKTOP-5OG7C28","severityValue":"INFORMATION","message":"\"File created:\r\nRuleName: DLL\r\nUtcTime: 2026-10-02 14:46:06.988\r\nProcessGuid: {4b2ce92d-8253-6abe-4600-000000001400}\r\nProcessId: 3160\r\nImage: C:\\ProgramData\\Microsoft\\Windows Defender\\Platform\\4.18.26080.4-0\\MsMpEng.exe\r\nTargetFilename: C:\\ProgramData\\Microsoft\\Windows Defender\\Definition Updates\\{79DE2D61-B0E4-4112-9C4D-E388C99F1980}\\mpengine.dll\r\nCreationUtcTime: 2026-10-02 14:46:06.988\r\nUser: NT AUTHORITY\\SYSTEM\""},"eventdata":{"ruleName":"DLL","utcTime":"2026-10-02 14:46:06.988","processGuid":"{4b2ce92d-8253-6abe-4600-000000001400}","processId":"3160","image":"C:\\\\ProgramData\\\\Microsoft\\\\Windows Defender\\\\Platform\\\\4.18.26080.4-0\\\\MsMpEng.exe","targetFilename":"C:\\\\ProgramData\\\\Microsoft\\\\Windows Defender\\\\Definition Updates\\\\{79DE2D61-B0E4-4112-9C4D-E388C99F1980}\\\\mpengine.dll","creationUtcTime":"2026-10-02 14:46:06.988","user":"NT AUTHORITY\\\\SYSTEM"}}},"location":"EventChannel"}
{"timestamp":"2026-10-02T15:46:21.835+0200","agent":{"id":"001","name":"Windows_VM","ip":"192.168.232.130"},"manager":{"name":"dcasey-virtual-machine"},"id":"1790948781.356725","full_log":"{\"win\":{\"system\":{\"providerName\":\"Microsoft-Windows-Sysmon\",\"providerGuid\":\"{5770385f-c22a-43e0-bf4c-06f5698ffbd9}\",\"eventID\":\"13\",\"version\":\"2\",\"level\":\"4\",\"task\":\"13\",\"opcode\":\"0\",\"keywords\":\"0x8000000000000000\",\"systemTime\":\"2026-10-02T14:46:16.9472479Z\",\"eventRecordID\":\"15045\",\"processID\":\"3504\",\"threadID\":\"4956\",\"channel\":\"Microsoft-Windows-Sysmon/Operational\",\"computer\":\"DESKTOP-5OG7C28\",\"severityValue\":\"INFORMATION\",\"message\":\"\\\"Registry value set:\\r\\nRuleName: T1183,IFEO\\r\\nEventType: SetValue\\r\\nUtcTime: 2026-10-02 14:46:16.945\\r\\nProcessGuid: {4b2ce92d-8253-6abe-4600-000000001400}\\r\\nProcessId: 3160\\r\\nImage: C:\\\\ProgramData\\\\Microsoft\\\\Windows Defender\\\\Platform\\\\4.18.26080.4-0\\\\MsMpEng.exe\\r\\nTargetObject: HKLM\\\\SOFTWARE\\\\Microsoft\\\\Windows NT\\\\CurrentVersion\\\\Image File Execution Options\\\\DefenderAgentScan.exe\\\\MitigationOptions\\r\\nDetails: QWORD (0x00501010-0x00000000)\\r\\nUser: NT AUTHORITY\\\\SYSTEM\\\"\"},\"eventdata\":{\"ruleName\":\"T1183,IFEO\",\"eventType\":\"SetValue\",\"utcTime\":\"2026-10-02 14:46:16.945\",\"processGuid\":\"{4b2ce92d-8253-6abe-4600-000000001400}\",\"processId\":\"3160\",\"image\":\"C:\\\\\\\\ProgramData\\\\\\\\Microsoft\\\\\\\\Windows Defender\\\\\\\\Platform\\\\\\\\4.18.26080.4-0\\\\\\\\MsMpEng.exe\",\"targetObject\":\"HKLM\\\\\\\\SOFTWARE\\\\\\\\Microsoft\\\\\\\\Windows NT\\\\\\\\CurrentVersion\\\\\\\\Image File Execution Options\\\\\\\\DefenderAgentScan.exe\\\\\\\\MitigationOptions\",\"details\":\"QWORD (0x00501010-0x00000000)\",\"user\":\"NT AUTHORITY\\\\\\\\SYSTEM\"}}}","decoder":{"name":"windows_eventchannel"},"data":{"win":{"system":{"providerName":"Microsoft-Windows-Sysmon","providerGuid":"{5770385f-c22a-43e0-bf4c-06f5698ffbd9}","eventID":"13","version":"2","level":"4","task":"13","opcode":"0","keywords":"0x8000000000000000","systemTime":"2026-10-02T14:46:16.9472479Z","eventRecordID":"15045","processID":"3504","threadID":"4956","channel":"Microsoft-Windows-Sysmon/Operational","computer":"DESKTOP-5OG7C28","severityValue":"INFORMATION","message":"\"Registry value set:\r\nRuleName: T1183,IFEO\r\nEventType: SetValue\r\nUtcTime: 2026-10-02 14:46:16.945\r\nProcessGuid: {4b2ce92d-8253-6abe-4600-000000001400}\r\nProcessId: 3160\r\nImage: C:\\ProgramData\\Microsoft\\Windows Defender\\Platform\\4.18.26080.4-0\\MsMpEng.exe\r\nTargetObject: HKLM\\SOFTWARE\\Microsoft\\Windows NT\\CurrentVersion\\Image File Execution Options\\DefenderAgentScan.exe\\MitigationOptions\r\nDetails: QWORD (0x00501010-0x00000000)\r\nUser: NT AUTHORITY\\SYSTEM\""},"eventdata":{"ruleName":"T1183,IFEO","eventType":"SetValue","utcTime":"2026-10-02 14:46:16.945","processGuid":"{4b2ce92d-8253-6abe-4600-000000001400}","processId":"3160","image":"C:\\\\ProgramData\\\\Microsoft\\\\Windows Defender\\\\Platform\\\\4.18.26080.4-0\\\\MsMpEng.exe","targetObject":"HKLM\\\\SOFTWARE\\\\Microsoft\\\\Windows NT\\\\CurrentVersion\\\\Image File Execution Options\\\\DefenderAgentScan.exe\\\\MitigationOptions","details":"QWORD (0x00501010-0x00000000)","user":"NT AUTHORITY\\\\SYSTEM"}}},"location":"EventChannel"}
{"timestamp":"2026-10-02T15:46:22.136+0200","agent":{"id":"000","name":"dcasey-virtual-machine"},"manager":{"name":"dcasey-virtual-machine"},"id":"1790948782.356725","full_log":"ossec: output: 'df -P': tmpfs               808392     1996    806396       1% /run","decoder":{"name":"ossec"},"location":"df -P"}
{"timestamp":"2026-10-02T15:46:22.136+0200","agent":{"id":"000","name":"dcasey-virtual-machine"},"manager":{"name":"dcasey-virtual-machine"},"id":"1790948782.356725","full_log":"ossec: output: 'df -P': Filesystem     1024-blocks     Used Available Capacity Mounted on","decoder":{"name":"ossec"},"location":"df -P"}
{"timestamp":"2026-10-02T15:46:22.136+0200","agent":{"id":"000","name":"dcasey-virtual-machine"},"manager":{"name":"dcasey-virtual-machine"},"id":"1790948782.356725","full_log":"ossec: output: 'df -P': /dev/sda3         50902716 26334680  22271364      55% /","decoder":{"name":"ossec"},"location":"df -P"}
{"timestamp":"2026-10-02T15:46:22.137+0200","agent":{"id":"000","name":"dcasey-virtual-machine"},"manager":{"name":"dcasey-virtual-machine"},"id":"1790948782.356725","full_log":"ossec: output: 'df -P': tmpfs              4041956       80   4041876       1% /dev/shm","decoder":{"name":"ossec"},"location":"df -P"}
{"timestamp":"2026-10-02T15:46:22.138+0200","agent":{"id":"000","name":"dcasey-virtual-machine"},"manager":{"name":"dcasey-virtual-machine"},"id":"1790948782.356725","full_log":"ossec: output: 'df -P': tmpfs                 5120        4      5116       1% /run/lock","decoder":{"name":"ossec"},"location":"df -P"}
{"timestamp":"2026-10-02T15:46:22.138+0200","agent":{"id":"000","name":"dcasey-virtual-machine"},"manager":{"name":"dcasey-virtual-machine"},"id":"1790948782.356725","full_log":"ossec: output: 'df -P': tmpfs               808388      100    808288       1% /run/user/1000","decoder":{"name":"ossec"},"location":"df -P"}
{"timestamp":"2026-10-02T15:46:22.138+0200","agent":{"id":"000","name":"dcasey-virtual-machine"},"manager":{"name":"dcasey-virtual-machine"},"id":"1790948782.356725","full_log":"ossec: output: 'df -P': /dev/sr0            160192   160192         0     100% /media/dcasey/CDROM","decoder":{"name":"ossec"},"location":"df -P"}
{"timestamp":"2026-10-02T15:46:22.138+0200","agent":{"id":"000","name":"dcasey-virtual-machine"},"manager":{"name":"dcasey-virtual-machine"},"id":"1790948782.356725","full_log":"ossec: output: 'df -P': /dev/sda2           524252     6232    518020       2% /boot/efi","decoder":{"name":"ossec"},"location":"df -P"}
{"timestamp":"2026-10-02T15:46:22.138+0200","agent":{"id":"000","name":"dcasey-virtual-machine"},"manager":{"name":"dcasey-virtual-machine"},"id":"1790948782.356725","full_log":"ossec: output: 'df -P': /dev/sr1           4651082  4651082         0     100% /media/dcasey/Ubuntu 22.04.5 LTS amd64","decoder":{"name":"ossec"},"location":"df -P"}
{"timestamp":"2026-10-02T15:46:22.154+0200","agent":{"id":"000","name":"dcasey-virtual-machine"},"manager":{"name":"dcasey-virtual-machine"},"id":"1790948782.356725","full_log":"ossec: output: 'last -n 20':\ndcasey   tty2         tty2             Thu Oct  1 16:57    gone - no logout\nreboot   system boot  6.8.0-138-generi Thu Oct  1 16:56   still running\ndcasey   tty2         tty2             Sun Sep 27 13:36 - crash (4+03:20)\nreboot   system boot  6.8.0-138-generi Sun Sep 27 13:35   still running\ndcasey   tty2         tty2             Fri Sep 25 16:46 - down  (1+20:47)\nreboot   system boot  6.8.0-138-generi Fri Sep 25 16:15 - 13:34 (1+21:19)\ndcasey   tty2         tty2             Thu Sep 10 12:16 - crash (15+03:58)\nreboot   system boot  6.8.0-138-generi Thu Sep 10 12:12 - 13:34 (17+01:21)\ndcasey   tty2         tty2             Tue Sep  8 16:20 - crash (1+19:52)\nreboot   system boot  6.8.0-138-generi Tue Sep  8 16:17 - 13:34 (18+21:17)\ndcasey   tty2         tty2             Mon Sep  7 15:46 - down   (06:10)\nreboot   system boot  6.8.0-138-generi Mon Sep  7 15:44 - 21:56  (06:11)\ndcasey   tty2         tty2             Mon Sep  7 12:16 - down   (03:06)\nreboot   system boot  6.8.0-138-generi Mon Sep  7 12:16 - 15:23  (03:06)\ndcasey   tty2         tty2             Mon Sep  7 11:49 - down   (00:26)\nreboot   system boot  6.8.0-138-generi Mon Sep  7 11:48 - 12:15  (00:26)\ndcasey   tty2         tty2             Mon Sep  7 10:55 - down   (00:52)\nreboot   system boot  6.8.0-138-generi Mon Sep  7 10:54 - 11:47  (00:53)\ndcasey   tty2         tty2             Fri Sep  4 13:07 - down  (2+08:17)\nreboot   system boot  6.8.0-138-generi Fri Sep  4 13:06 - 21:25 (2+08:19)\nwtmp begins Tue Sep  1 11:03:38 2026","decoder":{"name":"ossec"},"location":"last -n 20"}
{"timestamp":"2026-10-02T15:46:22.936+0200","agent":{"id":"001","name":"Windows_VM","ip":"192.168.232.130"},"manager":{"name":"dcasey-virtual-machine"},"id":"1790948782.356725","full_log":"{\"win\":{\"system\":{\"providerName\":\"Microsoft-Windows-WindowsUpdateClient\",\"providerGuid\":\"{945a8954-c147-4acd-923f-40c45405a658}\",\"eventID\":\"19\",\"version\":\"1\",\"level\":\"4\",\"task\":\"1\",\"opcode\":\"13\",\"keywords\":\"0x8000000000000018\",\"systemTime\":\"2026-10-02T14:46:18.3678206Z\",\"eventRecordID\":\"2986\",\"processID\":\"4848\",\"threadID\":\"2540\",\"channel\":\"System\",\"computer\":\"DESKTOP-5OG7C28\",\"severityValue\":\"INFORMATION\",\"message\":\"\\\"Installation Successful: Windows successfully installed the following update: Security Intelligence Update for Microsoft Defender Antivirus - KB2267602 (Version 1.459.518.0) - Current Channel (Broad)\\\"\"},\"eventdata\":{\"updateTitle\":\"Security Intelligence Update for Microsoft Defender Antivirus - KB2267602 (Version 1.459.518.0) - Current Channel (Broad)\",\"updateGuid\":\"{0f7cdd7e-fcc9-4de5-9063-3ff819fddae6}\",\"updateRevisionNumber\":\"200\",\"serviceGuid\":\"{9482f4b4-e343-43b6-b170-9a65bc822c77}\"}}}","decoder":{"name":"windows_eventchannel"},"data":{"win":{"system":{"providerName":"Microsoft-Windows-WindowsUpdateClient","providerGuid":"{945a8954-c147-4acd-923f-40c45405a658}","eventID":"19","version":"1","level":"4","task":"1","opcode":"13","keywords":"0x8000000000000018","systemTime":"2026-10-02T14:46:18.3678206Z","eventRecordID":"2986","processID":"4848","threadID":"2540","channel":"System","computer":"DESKTOP-5OG7C28","severityValue":"INFORMATION","message":"\"Installation Successful: Windows successfully installed the following update: Security Intelligence Update for Microsoft Defender Antivirus - KB2267602 (Version 1.459.518.0) - Current Channel (Broad)\""},"eventdata":{"updateTitle":"Security Intelligence Update for Microsoft Defender Antivirus - KB2267602 (Version 1.459.518.0) - Current Channel (Broad)","updateGuid":"{0f7cdd7e-fcc9-4de5-9063-3ff819fddae6}","updateRevisionNumber":"200","serviceGuid":"{9482f4b4-e343-43b6-b170-9a65bc822c77}"}}},"location":"EventChannel"}
{"timestamp":"2026-10-02T15:46:23.003+0200","agent":{"id":"001","name":"Windows_VM","ip":"192.168.232.130"},"manager":{"name":"dcasey-virtual-machine"},"id":"1790948783.356725","full_log":"{\"win\":{\"system\":{\"providerName\":\"SecurityCenter\",\"eventID\":\"15\",\"version\":\"0\",\"level\":\"4\",\"task\":\"0\",\"opcode\":\"0\",\"keywords\":\"0x80000000000000\",\"systemTime\":\"2026-10-02T14:46:19.0756518Z\",\"eventRecordID\":\"1252\",\"processID\":\"8080\",\"threadID\":\"0\",\"channel\":\"Application\",\"computer\":\"DESKTOP-5OG7C28\",\"severityValue\":\"INFORMATION\",\"message\":\"\\\"Updated Windows Defender status successfully to SECURITY_PRODUCT_STATE_ON.\\\"\"},\"eventdata\":{\"data\":\"Windows Defender, SECURITY_PRODUCT_STATE_ON\"}}}","decoder":{"name":"windows_eventchannel"},"data":{"win":{"system":{"providerName":"SecurityCenter","eventID":"15","version":"0","level":"4","task":"0","opcode":"0","keywords":"0x80000000000000","systemTime":"2026-10-02T14:46:19.0756518Z","eventRecordID":"1252","processID":"8080","threadID":"0","channel":"Application","computer":"DESKTOP-5OG7C28","severityValue":"INFORMATION","message":"\"Updated Windows Defender status successfully to SECURITY_PRODUCT_STATE_ON.\""},"eventdata":{"data":"Windows Defender, SECURITY_PRODUCT_STATE_ON"}}},"location":"EventChannel"}
