{"timestamp":"2026-10-02T15:40:25.088+0200","agent":{"id":"001","name":"Windows_VM","ip":"192.168.232.130"},"manager":{"name":"dcasey-virtual-machine"},"id":"1790948425.330865","full_log":"{\"win\":{\"system\":{\"providerName\":\"Microsoft-Windows-Sysmon\",\"providerGuid\":\"{5770385f-c22a-43e0-bf4c-06f5698ffbd9}\",\"eventID\":\"22\",\"version\":\"5\",\"level\":\"4\",\"task\":\"22\",\"opcode\":\"0\",\"keywords\":\"0x8000000000000000\",\"systemTime\":\"2026-10-02T13:40:25.1179347Z\",\"eventRecordID\":\"14989\",\"processID\":\"3504\",\"threadID\":\"4972\",\"channel\":\"Microsoft-Windows-Sysmon/Operational\",\"computer\":\"DESKTOP-5OG7C28\",\"severityValue\":\"INFORMATION\",\"message\":\"\\\"Dns query:\\r\\nRuleName: -\\r\\nUtcTime: 2026-10-02 13:40:25.116\\r\\nProcessGuid: {4b2ce92d-b444-6abf-b602-000000001400}\\r\\nProcessId: 1608\\r\\nQueryName: vmw-keyid-a2b1e2e01c8ec4bbba7d8a1af28e79861922f9cc-v2.microsoftaik.azure.net\\r\\nQueryStatus: 0\\r\\nQueryResults: type: 5 prdf.aadg.msidentity.com;type: 5 www.tm.f.prd.aadg.akadns.net;::ffff:40.126.32.6;::ffff:40.126.32.131;::ffff:40.126.32.129;::ffff:40.126.32.66;\\r\\nImage: C:\\\\Windows\\\\System32\\\\taskhostw.exe\\r\\nUser: NT AUTHORITY\\\\SYSTEM\\\"\"},\"eventdata\":{\"utcTime\":\"2026-10-02 13:40:25.116\",\"processGuid\":\"{4b2ce92d-b444-6abf-b602-000000001400}\",\"processId\":\"1608\",\"queryName\":\"vmw-keyid-a2b1e2e01c8ec4bbba7d8a1af28e79861922f9cc-v2.microsoftaik.azure.net\",\"queryStatus\":\"0\",\"queryResults\":\"type: 5 prdf.aadg.msidentity.com;type: 5 www.tm.f.prd.aadg.akadns.net;::ffff:40.126.32.6;::ffff:40.126.32.131;::ffff:40.126.32.129;::ffff:40.126.32.66;\",\"image\":\"C:\\\\\\\\Windows\\\\\\\\System32\\\\\\\\taskhostw.exe\",\"user\":\"NT AUTHORITY\\\\\\\\SYSTEM\"}}}","decoder":{"name":"windows_eventchannel"},"data":{"win":{"system":{"providerName":"Microsoft-Windows-Sysmon","providerGuid":"{5770385f-c22a-43e0-bf4c-06f5698ffbd9}","eventID":"22","version":"5","level":"4","task":"22","opcode":"0","keywords":"0x8000000000000000","systemTime":"2026-10-02T13:40:25.1179347Z","eventRecordID":"14989","processID":"3504","threadID":"4972","channel":"Microsoft-Windows-Sysmon/Operational","computer":"DESKTOP-5OG7C28","severityValue":"INFORMATION","message":"\"Dns query:\r\nRuleName: -\r\nUtcTime: 2026-10-02 13:40:25.116\r\nProcessGuid: {4b2ce92d-b444-6abf-b602-000000001400}\r\nProcessId: 1608\r\nQueryName: vmw-keyid-a2b1e2e01c8ec4bbba7d8a1af28e79861922f9cc-v2.microsoftaik.azure.net\r\nQueryStatus: 0\r\nQueryResults: type: 5 prdf.aadg.msidentity.com;type: 5 www.tm.f.prd.aadg.akadns.net;::ffff:40.126.32.6;::ffff:40.126.32.131;::ffff:40.126.32.129;::ffff:40.126.32.66;\r\nImage: C:\\Windows\\System32\\taskhostw.exe\r\nUser: NT AUTHORITY\\SYSTEM\""},"eventdata":{"utcTime":"2026-10-02 13:40:25.116","processGuid":"{4b2ce92d-b444-6abf-b602-000000001400}","processId":"1608","queryName":"vmw-keyid-a2b1e2e01c8ec4bbba7d8a1af28e79861922f9cc-v2.microsoftaik.azure.net","queryStatus":"0","queryResults":"type: 5 prdf.aadg.msidentity.com;type: 5 www.tm.f.prd.aadg.akadns.net;::ffff:40.126.32.6;::ffff:40.126.32.131;::ffff:40.126.32.129;::ffff:40.126.32.66;","image":"C:\\\\Windows\\\\System32\\\\taskhostw.exe","user":"NT AUTHORITY\\\\SYSTEM"}}},"location":"EventChannel"}
{"timestamp":"2026-10-02T15:40:25.834+0200","agent":{"id":"001","name":"Windows_VM","ip":"192.168.232.130"},"manager":{"name":"dcasey-virtual-machine"},"id":"1790948425.330865","full_log":"{\"win\":{\"system\":{\"providerName\":\"Microsoft-Windows-Security-SPP\",\"providerGuid\":\"{E23B33B0-C8C9-472C-A5F9-F2BDFEA0F156}\",\"eventSourceName\":\"Software Protection Platform Service\",\"eventID\":\"16394\",\"version\":\"0\",\"level\":\"4\",\"task\":\"0\",\"opcode\":\"0\",\"keywords\":\"0x80000000000000\",\"systemTime\":\"2026-10-02T13:40:26.8725392Z\",\"eventRecordID\":\"1247\",\"processID\":\"8836\",\"threadID\":\"0\",\"channel\":\"Application\",\"computer\":\"DESKTOP-5OG7C28\",\"severityValue\":\"INFORMATION\",\"message\":\"\\\"Offline downlevel migration succeeded.\\\"\"}}}","decoder":{"name":"windows_eventchannel"},"data":{"win":{"system":{"providerName":"Microsoft-Windows-Security-SPP","providerGuid":"{E23B33B0-C8C9-472C-A5F9-F2BDFEA0F156}","eventSourceName":"Software Protection Platform Service","eventID":"16394","version":"0","level":"4","task":"0","opcode":"0","keywords":"0x80000000000000","systemTime":"2026-10-02T13:40:26.8725392Z","eventRecordID":"1247","processID":"8836","threadID":"0","channel":"Application","computer":"DESKTOP-5OG7C28","severityValue":"INFORMATION","message":"\"Offline downlevel migration succeeded.\""}}},"location":"EventChannel"}
{"timestamp":"2026-10-02T15:40:26.732+0200","agent":{"id":"001","name":"Windows_VM","ip":"192.168.232.130"},"manager":{"name":"dcasey-virtual-machine"},"id":"1790948426.330865","full_log":"{\"win\":{\"system\":{\"providerName\":\"Microsoft-Windows-Sysmon\",\"providerGuid\":\"{5770385f-c22a-43e0-bf4c-06f5698ffbd9}\",\"eventID\":\"11\",\"version\":\"2\",\"level\":\"4\",\"task\":\"11\",\"opcode\":\"0\",\"keywords\":\"0x8000000000000000\",\"systemTime\":\"2026-10-02T13:40:26.7616459Z\",\"eventRecordID\":\"14990\",\"processID\":\"3504\",\"threadID\":\"4956\",\"channel\":\"Microsoft-Windows-Sysmon/Operational\",\"computer\":\"DESKTOP-5OG7C28\",\"severityValue\":\"INFORMATION\",\"message\":\"\\\"File created:\\r\\nRuleName: T1053\\r\\nUtcTime: 2026-10-02 13:40:26.725\\r\\nProcessGuid: {4b2ce92d-824e-6abe-2c00-000000001400}\\r\\nProcessId: 1268\\r\\nImage: C:\\\\WINDOWS\\\\system32\\\\svchost.exe\\r\\nTargetFilename: C:\\\\Windows\\\\System32\\\\Tasks\\\\SoftLanding\\\\S-1-5-21-2586188580-1629295405-1270050116-1001\\\\SoftLandingTriggerTask-128000000001615609-render-{767fb6ec-2f32-452f-b32e-3217f1f7c52c}\\r\\nCreationUtcTime: 2026-10-02 13:40:26.725\\r\\nUser: NT AUTHORITY\\\\SYSTEM\\\"\"},\"eventdata\":{\"ruleName\":\"T1053\",\"utcTime\":\"2026-10-02 13:40:26.725\",\"processGuid\":\"{4b2ce92d-824e-6abe-2c00-000000001400}\",\"processId\":\"1268\",\"image\":\"C:\\\\\\\\WINDOWS\\\\\\\\system32\\\\\\\\svchost.exe\",\"targetFilename\":\"C:\\\\\\\\Windows\\\\\\\\System32\\\\\\\\Tasks\\\\\\\\SoftLanding\\\\\\\\S-1-5-21-2586188580-1629295405-1270050116-1001\\\\\\\\SoftLandingTriggerTask-128000000001615609-render-{767fb6ec-2f32-452f-b32e-3217f1f7c52c}\",\"creationUtcTime\":\"2026-10-02 13:40:26.725\",\"user\":\"NT AUTHORITY\\\\\\\\SYSTEM\"}}}","decoder":{"name":"windows_eventchannel"},"data":{"win":{"system":{"providerName":"Microsoft-Windows-Sysmon","providerGuid":"{5770385f-c22a-43e0-bf4c-06f5698ffbd9}","eventID":"11","version":"2","level":"4","task":"11","opcode":"0","keywords":"0x8000000000000000","systemTime":"2026-10-02T13:40:26.7616459Z","eventRecordID":"14990","processID":"3504","threadID":"4956","channel":"Microsoft-Windows-Sysmon/Operational","computer":"DESKTOP-5OG7C28","severityValue":"INFORMATION","message":"\"File created:\r\nRuleName: T1053\r\nUtcTime: 2026-10-02 13:40:26.725\r\nProcessGuid: {4b2ce92d-824e-6abe-2c00-000000001400}\r\nProcessId: 1268\r\nImage: C:\\WINDOWS\\system32\\svchost.exe\r\nTargetFilename: C:\\Windows\\System32\\Tasks\\SoftLanding\\S-1-5-21-2586188580-1629295405-1270050116-1001\\SoftLandingTriggerTask-128000000001615609-render-{767fb6ec-2f32-452f-b32e-3217f1f7c52c}\r\nCreationUtcTime: 2026-10-02 13:40:26.725\r\nUser: NT AUTHORITY\\SYSTEM\""},"eventdata":{"ruleName":"T1053","utcTime":"2026-10-02 13:40:26.725","processGuid":"{4b2ce92d-824e-6abe-2c00-000000001400}","processId":"1268","image":"C:\\\\WINDOWS\\\\system32\\\\svchost.exe","targetFilename":"C:\\\\Windows\\\\System32\\\\Tasks\\\\SoftLanding\\\\S-1-5-21-2586188580-1629295405-1270050116-1001\\\\SoftLandingTriggerTask-128000000001615609-render-{767fb6ec-2f32-452f-b32e-3217f1f7c52c}","creationUtcTime":"2026-10-02 13:40:26.725","user":"NT AUTHORITY\\\\SYSTEM"}}},"location":"EventChannel"}
{"timestamp":"2026-10-02T15:40:26.734+0200","agent":{"id":"001","name":"Windows_VM","ip":"192.168.232.130"},"manager":{"name":"dcasey-virtual-machine"},"id":"1790948426.330865","full_log":"{\"win\":{\"system\":{\"providerName\":\"Microsoft-Windows-Sysmon\",\"providerGuid\":\"{5770385f-c22a-43e0-bf4c-06f5698ffbd9}\",\"eventID\":\"11\",\"version\":\"2\",\"level\":\"4\",\"task\":\"11\",\"opcode\":\"0\",\"keywords\":\"0x8000000000000000\",\"systemTime\":\"2026-10-02T13:40:27.0281738Z\",\"eventRecordID\":\"14991\",\"processID\":\"3504\",\"threadID\":\"4956\",\"channel\":\"Microsoft-Windows-Sysmon/Operational\",\"computer\":\"DESKTOP-5OG7C28\",\"severityValue\":\"INFORMATION\",\"message\":\"\\\"File created:\\r\\nRuleName: T1053\\r\\nUtcTime: 2026-10-02 13:40:27.026\\r\\nProcessGuid: {4b2ce92d-824e-6abe-2c00-000000001400}\\r\\nProcessId: 1268\\r\\nImage: C:\\\\WINDOWS\\\\system32\\\\svchost.exe\\r\\nTargetFilename: C:\\\\Windows\\\\System32\\\\Tasks\\\\SoftLanding\\\\S-1-5-21-2586188580-1629295405-1270050116-1001\\\\SoftLandingTriggerTask-128000000001615609-render-{aa810c17-62a0-44c8-ad10-ce522ae127d2}\\r\\nCreationUtcTime: 2026-10-02 13:40:27.026\\r\\nUser: NT AUTHORITY\\\\SYSTEM\\\"\"},\"eventdata\":{\"ruleName\":\"T1053\",\"utcTime\":\"2026-10-02 13:40:27.026\",\"processGuid\":\"{4b2ce92d-824e-6abe-2c00-000000001400}\",\"processId\":\"1268\",\"image\":\"C:\\\\\\\\WINDOWS\\\\\\\\system32\\\\\\\\svchost.exe\",\"targetFilename\":\"C:\\\\\\\\Windows\\\\\\\\System32\\\\\\\\Tasks\\\\\\\\SoftLanding\\\\\\\\S-1-5-21-2586188580-1629295405-1270050116-1001\\\\\\\\SoftLandingTriggerTask-128000000001615609-render-{aa810c17-62a0-44c8-ad10-ce522ae127d2}\",\"creationUtcTime\":\"2026-10-02 13:40:27.026\",\"user\":\"NT AUTHORITY\\\\\\\\SYSTEM\"}}}","decoder":{"name":"windows_eventchannel"},"data":{"win":{"system":{"providerName":"Microsoft-Windows-Sysmon","providerGuid":"{5770385f-c22a-43e0-bf4c-06f5698ffbd9}","eventID":"11","version":"2","level":"4","task":"11","opcode":"0","keywords":"0x8000000000000000","systemTime":"2026-10-02T13:40:27.0281738Z","eventRecordID":"14991","processID":"3504","threadID":"4956","channel":"Microsoft-Windows-Sysmon/Operational","computer":"DESKTOP-5OG7C28","severityValue":"INFORMATION","message":"\"File created:\r\nRuleName: T1053\r\nUtcTime: 2026-10-02 13:40:27.026\r\nProcessGuid: {4b2ce92d-824e-6abe-2c00-000000001400}\r\nProcessId: 1268\r\nImage: C:\\WINDOWS\\system32\\svchost.exe\r\nTargetFilename: C:\\Windows\\System32\\Tasks\\SoftLanding\\S-1-5-21-2586188580-1629295405-1270050116-1001\\SoftLandingTriggerTask-128000000001615609-render-{aa810c17-62a0-44c8-ad10-ce522ae127d2}\r\nCreationUtcTime: 2026-10-02 13:40:27.026\r\nUser: NT AUTHORITY\\SYSTEM\""},"eventdata":{"ruleName":"T1053","utcTime":"2026-10-02 13:40:27.026","processGuid":"{4b2ce92d-824e-6abe-2c00-000000001400}","processId":"1268","image":"C:\\\\WINDOWS\\\\system32\\\\svchost.exe","targetFilename":"C:\\\\Windows\\\\System32\\\\Tasks\\\\SoftLanding\\\\S-1-5-21-2586188580-1629295405-1270050116-1001\\\\SoftLandingTriggerTask-128000000001615609-render-{aa810c17-62a0-44c8-ad10-ce522ae127d2}","creationUtcTime":"2026-10-02 13:40:27.026","user":"NT AUTHORITY\\\\SYSTEM"}}},"location":"EventChannel"}
{"timestamp":"2026-10-02T15:40:26.735+0200","agent":{"id":"001","name":"Windows_VM","ip":"192.168.232.130"},"manager":{"name":"dcasey-virtual-machine"},"id":"1790948426.330865","full_log":"{\"win\":{\"system\":{\"providerName\":\"Microsoft-Windows-Sysmon\",\"providerGuid\":\"{5770385f-c22a-43e0-bf4c-06f5698ffbd9}\",\"eventID\":\"11\",\"version\":\"2\",\"level\":\"4\",\"task\":\"11\",\"opcode\":\"0\",\"keywords\":\"0x8000000000000000\",\"systemTime\":\"2026-10-02T13:40:27.1059394Z\",\"eventRecordID\":\"14992\",\"processID\":\"3504\",\"threadID\":\"4956\",\"channel\":\"Microsoft-Windows-Sysmon/Operational\",\"computer\":\"DESKTOP-5OG7C28\",\"severityValue\":\"INFORMATION\",\"message\":\"\\\"File created:\\r\\nRuleName: T1053\\r\\nUtcTime: 2026-10-02 13:40:27.096\\r\\nProcessGuid: {4b2ce92d-824e-6abe-2c00-000000001400}\\r\\nProcessId: 1268\\r\\nImage: C:\\\\WINDOWS\\\\system32\\\\svchost.exe\\r\\nTargetFilename: C:\\\\Windows\\\\System32\\\\Tasks\\\\SoftLanding\\\\S-1-5-21-2586188580-1629295405-1270050116-1001\\\\SoftLandingDeferralTask-{0fcd91c4-61a7-47a3-a505-2a5d8c5001e2}\\r\\nCreationUtcTime: 2026-10-02 13:40:27.096\\r\\nUser: NT AUTHORITY\\\\SYSTEM\\\"\"},\"eventdata\":{\"ruleName\":\"T1053\",\"utcTime\":\"2026-10-02 13:40:27.096\",\"processGuid\":\"{4b2ce92d-824e-6abe-2c00-000000001400}\",\"processId\":\"1268\",\"image\":\"C:\\\\\\\\WINDOWS\\\\\\\\system32\\\\\\\\svchost.exe\",\"targetFilename\":\"C:\\\\\\\\Windows\\\\\\\\System32\\\\\\\\Tasks\\\\\\\\SoftLanding\\\\\\\\S-1-5-21-2586188580-1629295405-1270050116-1001\\\\\\\\SoftLandingDeferralTask-{0fcd91c4-61a7-47a3-a505-2a5d8c5001e2}\",\"creationUtcTime\":\"2026-10-02 13:40:27.096\",\"user\":\"NT AUTHORITY\\\\\\\\SYSTEM\"}}}","decoder":{"name":"windows_eventchannel"},"data":{"win":{"system":{"providerName":"Microsoft-Windows-Sysmon","providerGuid":"{5770385f-c22a-43e0-bf4c-06f5698ffbd9}","eventID":"11","version":"2","level":"4","task":"11","opcode":"0","keywords":"0x8000000000000000","systemTime":"2026-10-02T13:40:27.1059394Z","eventRecordID":"14992","processID":"3504","threadID":"4956","channel":"Microsoft-Windows-Sysmon/Operational","computer":"DESKTOP-5OG7C28","severityValue":"INFORMATION","message":"\"File created:\r\nRuleName: T1053\r\nUtcTime: 2026-10-02 13:40:27.096\r\nProcessGuid: {4b2ce92d-824e-6abe-2c00-000000001400}\r\nProcessId: 1268\r\nImage: C:\\WINDOWS\\system32\\svchost.exe\r\nTargetFilename: C:\\Windows\\System32\\Tasks\\SoftLanding\\S-1-5-21-2586188580-1629295405-1270050116-1001\\SoftLandingDeferralTask-{0fcd91c4-61a7-47a3-a505-2a5d8c5001e2}\r\nCreationUtcTime: 2026-10-02 13:40:27.096\r\nUser: NT AUTHORITY\\SYSTEM\""},"eventdata":{"ruleName":"T1053","utcTime":"2026-10-02 13:40:27.096","processGuid":"{4b2ce92d-824e-6abe-2c00-000000001400}","processId":"1268","image":"C:\\\\WINDOWS\\\\system32\\\\svchost.exe","targetFilename":"C:\\\\Windows\\\\System32\\\\Tasks\\\\SoftLanding\\\\S-1-5-21-2586188580-1629295405-1270050116-1001\\\\SoftLandingDeferralTask-{0fcd91c4-61a7-47a3-a505-2a5d8c5001e2}","creationUtcTime":"2026-10-02 13:40:27.096","user":"NT AUTHORITY\\\\SYSTEM"}}},"location":"EventChannel"}
{"timestamp":"2026-10-02T15:40:26.737+0200","agent":{"id":"001","name":"Windows_VM","ip":"192.168.232.130"},"manager":{"name":"dcasey-virtual-machine"},"id":"1790948426.330865","full_log":"{\"win\":{\"system\":{\"providerName\":\"Microsoft-Windows-Sysmon\",\"providerGuid\":\"{5770385f-c22a-43e0-bf4c-06f5698ffbd9}\",\"eventID\":\"22\",\"version\":\"5\",\"level\":\"4\",\"task\":\"22\",\"opcode\":\"0\",\"keywords\":\"0x8000000000000000\",\"systemTime\":\"2026-10-02T13:40:27.1336864Z\",\"eventRecordID\":\"14993\",\"processID\":\"3504\",\"threadID\":\"4972\",\"channel\":\"Microsoft-Windows-Sysmon/Operational\",\"computer\":\"DESKTOP-5OG7C28\",\"severityValue\":\"INFORMATION\",\"message\":\"\\\"Dns query:\\r\\nRuleName: -\\r\\nUtcTime: 2026-10-02 13:40:26.588\\r\\nProcessGuid: {4b2ce92d-b444-6abf-b602-000000001400}\\r\\nProcessId: 1608\\r\\nQueryName: vmw-keyid-a2b1e2e01c8ec4bbba7d8a1af28e79861922f9cc.microsoftaik.azure.net\\r\\nQueryStatus: 0\\r\\nQueryResults: type: 5 prdf.aadg.msidentity.com;type: 5 www.tm.f.prd.aadg.akadns.net;::ffff:40.126.32.129;::ffff:40.126.32.66;::ffff:40.126.32.6;::ffff:40.126.32.131;\\r\\nImage: C:\\\\Windows\\\\System32\\\\taskhostw.exe\\r\\nUser: NT AUTHORITY\\\\SYSTEM\\\"\"},\"eventdata\":{\"utcTime\":\"2026-10-02 13:40:26.588\",\"processGuid\":\"{4b2ce92d-b444-6abf-b602-000000001400}\",\"processId\":\"1608\",\"queryName\":\"vmw-keyid-a2b1e2e01c8ec4bbba7d8a1af28e79861922f9cc.microsoftaik.azure.net\",\"queryStatus\":\"0\",\"queryResults\":\"type: 5 prdf.aadg.msidentity.com;type: 5 www.tm.f.prd.aadg.akadns.net;::ffff:40.126.32.129;::ffff:40.126.32.66;::ffff:40.126.32.6;::ffff:40.126.32.131;\",\"image\":\"C:\\\\\\\\Windows\\\\\\\\System32\\\\\\\\taskhostw.exe\",\"user\":\"NT AUTHORITY\\\\\\\\SYSTEM\"}}}","decoder":{"name":"windows_eventchannel"},"data":{"win":{"system":{"providerName":"Microsoft-Windows-Sysmon","providerGuid":"{5770385f-c22a-43e0-bf4c-06f5698ffbd9}","eventID":"22","version":"5","level":"4","task":"22","opcode":"0","keywords":"0x8000000000000000","systemTime":"2026-10-02T13:40:27.1336864Z","eventRecordID":"14993","processID":"3504","threadID":"4972","channel":"Microsoft-Windows-Sysmon/Operational","computer":"DESKTOP-5OG7C28","severityValue":"INFORMATION","message":"\"Dns query:\r\nRuleName: -\r\nUtcTime: 2026-10-02 13:40:26.588\r\nProcessGuid: {4b2ce92d-b444-6abf-b602-000000001400}\r\nProcessId: 1608\r\nQueryName: vmw-keyid-a2b1e2e01c8ec4bbba7d8a1af28e79861922f9cc.microsoftaik.azure.net\r\nQueryStatus: 0\r\nQueryResults: type: 5 prdf.aadg.msidentity.com;type: 5 www.tm.f.prd.aadg.akadns.net;::ffff:40.126.32.129;::ffff:40.126.32.66;::ffff:40.126.32.6;::ffff:40.126.32.131;\r\nImage: C:\\Windows\\System32\\taskhostw.exe\r\nUser: NT AUTHORITY\\SYSTEM\""},"eventdata":{"utcTime":"2026-10-02 13:40:26.588","processGuid":"{4b2ce92d-b444-6abf-b602-000000001400}","processId":"1608","queryName":"vmw-keyid-a2b1e2e01c8ec4bbba7d8a1af28e79861922f9cc.microsoftaik.azure.net","queryStatus":"0","queryResults":"type: 5 prdf.aadg.msidentity.com;type: 5 www.tm.f.prd.aadg.akadns.net;::ffff:40.126.32.129;::ffff:40.126.32.66;::ffff:40.126.32.6;::ffff:40.126.32.131;","image":"C:\\\\Windows\\\\System32\\\\taskhostw.exe","user":"NT AUTHORITY\\\\SYSTEM"}}},"location":"EventChannel"}
{"timestamp":"2026-10-02T15:40:26.745+0200","agent":{"id":"001","name":"Windows_VM","ip":"192.168.232.130"},"manager":{"name":"dcasey-virtual-machine"},"id":"1790948426.330865","full_log":"{\"win\":{\"system\":{\"providerName\":\"Microsoft-Windows-Sysmon\",\"providerGuid\":\"{5770385f-c22a-43e0-bf4c-06f5698ffbd9}\",\"eventID\":\"3\",\"version\":\"5\",\"level\":\"4\",\"task\":\"3\",\"opcode\":\"0\",\"keywords\":\"0x8000000000000000\",\"systemTime\":\"2026-10-02T13:40:27.3108042Z\",\"eventRecordID\":\"14994\",\"processID\":\"3504\",\"threadID\":\"4320\",\"channel\":\"Microsoft-Windows-Sysmon/Operational\",\"computer\":\"DESKTOP-5OG7C28\",\"severityValue\":\"INFORMATION\",\"message\":\"\\\"Network connection detected:\\r\\nRuleName: -\\r\\nUtcTime: 2026-10-02 13:40:26.152\\r\\nProcessGuid: {4b2ce92d-b448-6abf-c702-000000001400}\\r\\nProcessId: 2452\\r\\nImage: C:\\\\Windows\\\\System32\\\\rundll32.exe\\r\\nUser: NT AUTHORITY\\\\SYSTEM\\r\\nProtocol: tcp\\r\\nInitiated: true\\r\\nSourceIsIpv6: false\\r\\nSourceIp: 192.168.232.130\\r\\nSourceHostname: DESKTOP-5OG7C28.localdomain\\r\\nSourcePort: 54136\\r\\nSourcePortName: -\\r\\nDestinationIsIpv6: false\\r\\nDestinationIp: 48.209.133.15\\r\\nDestinationHostname: -\\r\\nDestinationPort: 443\\r\\nDestinationPortName: https\\\"\"},\"eventdata\":{\"utcTime\":\"2026-10-02 13:40:26.152\",\"processGuid\":\"{4b2ce92d-b448-6abf-c702-000000001400}\",\"processId\":\"2452\",\"image\":\"C:\\\\\\\\Windows\\\\\\\\System32\\\\\\\\rundll32.exe\",\"user\":\"NT AUTHORITY\\\\\\\\SYSTEM\",\"protocol\":\"tcp\",\"initiated\":\"true\",\"sourceIsIpv6\":\"false\",\"sourceIp\":\"192.168.232.130\",\"sourceHostname\":\"DESKTOP-5OG7C28.localdomain\",\"sourcePort\":\"54136\",\"destinationIsIpv6\":\"false\",\"destinationIp\":\"48.209.133.15\",\"destinationPort\":\"443\",\"destinationPortName\":\"https\"}}}","decoder":{"name":"windows_eventchannel"},"data":{"win":{"system":{"providerName":"Microsoft-Windows-Sysmon","providerGuid":"{5770385f-c22a-43e0-bf4c-06f5698ffbd9}","eventID":"3","version":"5","level":"4","task":"3","opcode":"0","keywords":"0x8000000000000000","systemTime":"2026-10-02T13:40:27.3108042Z","eventRecordID":"14994","processID":"3504","threadID":"4320","channel":"Microsoft-Windows-Sysmon/Operational","computer":"DESKTOP-5OG7C28","severityValue":"INFORMATION","message":"\"Network connection detected:\r\nRuleName: -\r\nUtcTime: 2026-10-02 13:40:26.152\r\nProcessGuid: {4b2ce92d-b448-6abf-c702-000000001400}\r\nProcessId: 2452\r\nImage: C:\\Windows\\System32\\rundll32.exe\r\nUser: NT AUTHORITY\\SYSTEM\r\nProtocol: tcp\r\nInitiated: true\r\nSourceIsIpv6: false\r\nSourceIp: 192.168.232.130\r\nSourceHostname: DESKTOP-5OG7C28.localdomain\r\nSourcePort: 54136\r\nSourcePortName: -\r\nDestinationIsIpv6: false\r\nDestinationIp: 48.209.133.15\r\nDestinationHostname: -\r\nDestinationPort: 443\r\nDestinationPortName: https\""},"eventdata":{"utcTime":"2026-10-02 13:40:26.152","processGuid":"{4b2ce92d-b448-6abf-c702-000000001400}","processId":"2452","image":"C:\\\\Windows\\\\System32\\\\rundll32.exe","user":"NT AUTHORITY\\\\SYSTEM","protocol":"tcp","initiated":"true","sourceIsIpv6":"false","sourceIp":"192.168.232.130","sourceHostname":"DESKTOP-5OG7C28.localdomain","sourcePort":"54136","destinationIsIpv6":"false","destinationIp":"48.209.133.15","destinationPort":"443","destinationPortName":"https"}}},"location":"EventChannel"}
{"timestamp":"2026-10-02T15:40:26.761+0200","agent":{"id":"001","name":"Windows_VM","ip":"192.168.232.130"},"manager":{"name":"dcasey-virtual-machine"},"id":"1790948426.330865","full_log":"{\"win\":{\"system\":{\"providerName\":\"Microsoft-Windows-Sysmon\",\"providerGuid\":\"{5770385f-c22a-43e0-bf4c-06f5698ffbd9}\",\"eventID\":\"1\",\"version\":\"5\",\"level\":\"4\",\"task\":\"1\",\"opcode\":\"0\",\"keywords\":\"0x8000000000000000\",\"systemTime\":\"2026-10-02T13:40:27.5781828Z\",\"eventRecordID\":\"14995\",\"processID\":\"3504\",\"threadID\":\"4956\",\"channel\":\"Microsoft-Windows-Sysmon/Operational\",\"computer\":\"DESKTOP-5OG7C28\",\"severityValue\":\"INFORMATION\",\"message\":\"\\\"Process Create:\\r\\nRuleName: -\\r\\nUtcTime: 2026-10-02 13:40:27.572\\r\\nProcessGuid: {4b2ce92d-b44b-6abf-ca02-000000001400}\\r\\nProcessId: 8568\\r\\nImage: C:\\\\Windows\\\\System32\\\\svchost.exe\\r\\nFileVersion: 10.0.26100.8737 (WinBuild.160101.0800)\\r\\nDescription: Host Process for Windows Services\\r\\nProduct: Microsoft® Windows® Operating System\\r\\nCompany: Microsoft Corporation\\r\\nOriginalFileName: svchost.exe\\r\\nCommandLine: C:\\\\WINDOWS\\\\system32\\\\svchost.exe -k WbioSvcGroup -s WbioSrvc\\r\\nCurrentDirectory: C:\\\\WINDOWS\\\\system32\\\\\\r\\nUser: NT AUTHORITY\\\\SYSTEM\\r\\nLogonGuid: {4b2ce92d-824a-6abe-e703-000000000000}\\r\\nLogonId: 0x3E7\\r\\nTerminalSessionId: 0\\r\\nIntegrityLevel: System\\r\\nHashes: MD5=07FE1BE55D1049C7B48E270C466502D4,SHA256=1222A44A5FDB4EFDE4DFCB41093648627950E7EC02D8667F1C26CCAE31D922E2,IMPHASH=DE43BD45CC98C143357416C7519ECCFD\\r\\nParentProcessGuid: {4b2ce92d-824a-6abe-0b00-000000001400}\\r\\nParentProcessId: 812\\r\\nParentImage: C:\\\\Windows\\\\System32\\\\services.exe\\r\\nParentCommandLine: C:\\\\WINDOWS\\\\system32\\\\services.exe\\r\\nParentUser: NT AUTHORITY\\\\SYSTEM\\\"\"},\"eventdata\":{\"utcTime\":\"2026-10-02 13:40:27.572\",\"processGuid\":\"{4b2ce92d-b44b-6abf-ca02-000000001400}\",\"processId\":\"8568\",\"image\":\"C:\\\\\\\\Windows\\\\\\\\System32\\\\\\\\svchost.exe\",\"fileVersion\":\"10.0.26100.8737 (WinBuild.160101.0800)\",\"description\":\"Host Process for Windows Services\",\"product\":\"Microsoft® Windows® Operating System\",\"company\":\"Microsoft Corporation\",\"originalFileName\":\"svchost.exe\",\"commandLine\":\"C:\\\\\\\\WINDOWS\\\\\\\\system32\\\\\\\\svchost.exe -k WbioSvcGroup -s WbioSrvc\",\"currentDirectory\":\"C:\\\\\\\\WINDOWS\\\\\\\\system32\\\\\\\\\",\"user\":\"NT AUTHORITY\\\\\\\\SYSTEM\",\"logonGuid\":\"{4b2ce92d-824a-6abe-e703-000000000000}\",\"logonId\":\"0x3e7\",\"terminalSessionId\":\"0\",\"integrityLevel\":\"System\",\"hashes\":\"MD5=07FE1BE55D1049C7B48E270C466502D4,SHA256=1222A44A5FDB4EFDE4DFCB41093648627950E7EC02D8667F1C26CCAE31D922E2,IMPHASH=DE43BD45CC98C143357416C7519ECCFD\",\"parentProcessGuid\":\"{4b2ce92d-824a-6abe-0b00-000000001400}\",\"parentProcessId\":\"812\",\"parentImage\":\"C:\\\\\\\\Windows\\\\\\\\System32\\\\\\\\services.exe\",\"parentCommandLine\":\"C:\\\\\\\\WINDOWS\\\\\\\\system32\\\\\\\\services.exe\",\"parentUser\":\"NT AUTHORITY\\\\\\\\SYSTEM\"}}}","decoder":{"name":"windows_eventchannel"},"data":{"win":{"system":{"providerName":"Microsoft-Windows-Sysmon","providerGuid":"{5770385f-c22a-43e0-bf4c-06f5698ffbd9}","eventID":"1","version":"5","level":"4","task":"1","opcode":"0","keywords":"0x8000000000000000","systemTime":"2026-10-02T13:40:27.5781828Z","eventRecordID":"14995","processID":"3504","threadID":"4956","channel":"Microsoft-Windows-Sysmon/Operational","computer":"DESKTOP-5OG7C28","severityValue":"INFORMATION","message":"\"Process Create:\r\nRuleName: -\r\nUtcTime: 2026-10-02 13:40:27.572\r\nProcessGuid: {4b2ce92d-b44b-6abf-ca02-000000001400}\r\nProcessId: 8568\r\nImage: C:\\Windows\\System32\\svchost.exe\r\nFileVersion: 10.0.26100.8737 (WinBuild.160101.0800)\r\nDescription: Host Process for Windows Services\r\nProduct: Microsoft® Windows® Operating System\r\nCompany: Microsoft Corporation\r\nOriginalFileName: svchost.exe\r\nCommandLine: C:\\WINDOWS\\system32\\svchost.exe -k WbioSvcGroup -s WbioSrvc\r\nCurrentDirectory: C:\\WINDOWS\\system32\\\r\nUser: NT AUTHORITY\\SYSTEM\r\nLogonGuid: {4b2ce92d-824a-6abe-e703-000000000000}\r\nLogonId: 0x3E7\r\nTerminalSessionId: 0\r\nIntegrityLevel: System\r\nHashes: MD5=07FE1BE55D1049C7B48E270C466502D4,SHA256=1222A44A5FDB4EFDE4DFCB41093648627950E7EC02D8667F1C26CCAE31D922E2,IMPHASH=DE43BD45CC98C143357416C7519ECCFD\r\nParentProcessGuid: {4b2ce92d-824a-6abe-0b00-000000001400}\r\nParentProcessId: 812\r\nParentImage: C:\\Windows\\System32\\services.exe\r\nParentCommandLine: C:\\WINDOWS\\system32\\services.exe\r\nParentUser: NT AUTHORITY\\SYSTEM\""},"eventdata":{"utcTime":"2026-10-02 13:40:27.572","processGuid":"{4b2ce92d-b44b-6abf-ca02-000000001400}","processId":"8568","image":"C:\\\\Windows\\\\System32\\\\svchost.exe","fileVersion":"10.0.26100.8737 (WinBuild.160101.0800)","description":"Host Process for Windows Services","product":"Microsoft® Windows® Operating System","company":"Microsoft Corporation","originalFileName":"svchost.exe","commandLine":"C:\\\\WINDOWS\\\\system32\\\\svchost.exe -k WbioSvcGroup -s WbioSrvc","currentDirectory":"C:\\\\WINDOWS\\\\system32\\\\","user":"NT AUTHORITY\\\\SYSTEM","logonGuid":"{4b2ce92d-824a-6abe-e703-000000000000}","logonId":"0x3e7","terminalSessionId":"0","integrityLevel":"System","hashes":"MD5=07FE1BE55D1049C7B48E270C466502D4,SHA256=1222A44A5FDB4EFDE4DFCB41093648627950E7EC02D8667F1C26CCAE31D922E2,IMPHASH=DE43BD45CC98C143357416C7519ECCFD","parentProcessGuid":"{4b2ce92d-824a-6abe-0b00-000000001400}","parentProcessId":"812","parentImage":"C:\\\\Windows\\\\System32\\\\services.exe","parentCommandLine":"C:\\\\WINDOWS\\\\system32\\\\services.exe","parentUser":"NT AUTHORITY\\\\SYSTEM"}}},"location":"EventChannel"}
{"timestamp":"2026-10-02T15:40:26.777+0200","agent":{"id":"001","name":"Windows_VM","ip":"192.168.232.130"},"manager":{"name":"dcasey-virtual-machine"},"id":"1790948426.330865","full_log":"{\"win\":{\"system\":{\"providerName\":\"Microsoft-Windows-Sysmon\",\"providerGuid\":\"{5770385f-c22a-43e0-bf4c-06f5698ffbd9}\",\"eventID\":\"1\",\"version\":\"5\",\"level\":\"4\",\"task\":\"1\",\"opcode\":\"0\",\"keywords\":\"0x8000000000000000\",\"systemTime\":\"2026-10-02T13:40:27.6743880Z\",\"eventRecordID\":\"14996\",\"processID\":\"3504\",\"threadID\":\"4956\",\"channel\":\"Microsoft-Windows-Sysmon/Operational\",\"computer\":\"DESKTOP-5OG7C28\",\"severityValue\":\"INFORMATION\",\"message\":\"\\\"Process Create:\\r\\nRuleName: -\\r\\nUtcTime: 2026-10-02 13:40:27.666\\r\\nProcessGuid: {4b2ce92d-b44b-6abf-cb02-000000001400}\\r\\nProcessId: 1852\\r\\nImage: C:\\\\Windows\\\\System32\\\\svchost.exe\\r\\nFileVersion: 10.0.26100.8737 (WinBuild.160101.0800)\\r\\nDescription: Host Process for Windows Services\\r\\nProduct: Microsoft® Windows® Operating System\\r\\nCompany: Microsoft Corporation\\r\\nOriginalFileName: svchost.exe\\r\\nCommandLine: C:\\\\WINDOWS\\\\system32\\\\svchost.exe -k LocalServiceNetworkRestricted -p\\r\\nCurrentDirectory: C:\\\\WINDOWS\\\\system32\\\\\\r\\nUser: NT AUTHORITY\\\\LOCAL SERVICE\\r\\nLogonGuid: {4b2ce92d-824c-6abe-e503-000000000000}\\r\\nLogonId: 0x3E5\\r\\nTerminalSessionId: 0\\r\\nIntegrityLevel: System\\r\\nHashes: MD5=07FE1BE55D1049C7B48E270C466502D4,SHA256=1222A44A5FDB4EFDE4DFCB41093648627950E7EC02D8667F1C26CCAE31D922E2,IMPHASH=DE43BD45CC98C143357416C7519ECCFD\\r\\nParentProcessGuid: {4b2ce92d-824a-6abe-0b00-000000001400}\\r\\nParentProcessId: 812\\r\\nParentImage: C:\\\\Windows\\\\System32\\\\services.exe\\r\\nParentCommandLine: C:\\\\WINDOWS\\\\system32\\\\services.exe\\r\\nParentUser: NT AUTHORITY\\\\SYSTEM\\\"\"},\"eventdata\":{\"utcTime\":\"2026-10-02 13:40:27.666\",\"processGuid\":\"{4b2ce92d-b44b-6abf-cb02-000000001400}\",\"processId\":\"1852\",\"image\":\"C:\\\\\\\\Windows\\\\\\\\System32\\\\\\\\svchost.exe\",\"fileVersion\":\"10.0.26100.8737 (WinBuild.160101.0800)\",\"description\":\"Host Process for Windows Services\",\"product\":\"Microsoft® Windows® Operating System\",\"company\":\"Microsoft Corporation\",\"originalFileName\":\"svchost.exe\",\"commandLine\":\"C:\\\\\\\\WINDOWS\\\\\\\\system32\\\\\\\\svchost.exe -k LocalServiceNetworkRestricted -p\",\"currentDirectory\":\"C:\\\\\\\\WINDOWS\\\\\\\\system32\\\\\\\\\",\"user\":\"NT AUTHORITY\\\\\\\\LOCAL SERVICE\",\"logonGuid\":\"{4b2ce92d-824c-6abe-e503-000000000000}\",\"logonId\":\"0x3e5\",\"terminalSessionId\":\"0\",\"integrityLevel\":\"System\",\"hashes\":\"MD5=07FE1BE55D1049C7B48E270C466502D4,SHA256=1222A44A5FDB4EFDE4DFCB41093648627950E7EC02D8667F1C26CCAE31D922E2,IMPHASH=DE43BD45CC98C143357416C7519ECCFD\",\"parentProcessGuid\":\"{4b2ce92d-824a-6abe-0b00-000000001400}\",\"parentProcessId\":\"812\",\"parentImage\":\"C:\\\\\\\\Windows\\\\\\\\System32\\\\\\\\services.exe\",\"parentCommandLine\":\"C:\\\\\\\\WINDOWS\\\\\\\\system32\\\\\\\\services.exe\",\"parentUser\":\"NT AUTHORITY\\\\\\\\SYSTEM\"}}}","decoder":{"name":"windows_eventchannel"},"data":{"win":{"system":{"providerName":"Microsoft-Windows-Sysmon","providerGuid":"{5770385f-c22a-43e0-bf4c-06f5698ffbd9}","eventID":"1","version":"5","level":"4","task":"1","opcode":"0","keywords":"0x8000000000000000","systemTime":"2026-10-02T13:40:27.6743880Z","eventRecordID":"14996","processID":"3504","threadID":"4956","channel":"Microsoft-Windows-Sysmon/Operational","computer":"DESKTOP-5OG7C28","severityValue":"INFORMATION","message":"\"Process Create:\r\nRuleName: -\r\nUtcTime: 2026-10-02 13:40:27.666\r\nProcessGuid: {4b2ce92d-b44b-6abf-cb02-000000001400}\r\nProcessId: 1852\r\nImage: C:\\Windows\\System32\\svchost.exe\r\nFileVersion: 10.0.26100.8737 (WinBuild.160101.0800)\r\nDescription: Host Process for Windows Services\r\nProduct: Microsoft® Windows® Operating System\r\nCompany: Microsoft Corporation\r\nOriginalFileName: svchost.exe\r\nCommandLine: C:\\WINDOWS\\system32\\svchost.exe -k LocalServiceNetworkRestricted -p\r\nCurrentDirectory: C:\\WINDOWS\\system32\\\r\nUser: NT AUTHORITY\\LOCAL SERVICE\r\nLogonGuid: {4b2ce92d-824c-6abe-e503-000000000000}\r\nLogonId: 0x3E5\r\nTerminalSessionId: 0\r\nIntegrityLevel: System\r\nHashes: MD5=07FE1BE55D1049C7B48E270C466502D4,SHA256=1222A44A5FDB4EFDE4DFCB41093648627950E7EC02D8667F1C26CCAE31D922E2,IMPHASH=DE43BD45CC98C143357416C7519ECCFD\r\nParentProcessGuid: {4b2ce92d-824a-6abe-0b00-000000001400}\r\nParentProcessId: 812\r\nParentImage: C:\\Windows\\System32\\services.exe\r\nParentCommandLine: C:\\WINDOWS\\system32\\services.exe\r\nParentUser: NT AUTHORITY\\SYSTEM\""},"eventdata":{"utcTime":"2026-10-02 13:40:27.666","processGuid":"{4b2ce92d-b44b-6abf-cb02-000000001400}","processId":"1852","image":"C:\\\\Windows\\\\System32\\\\svchost.exe","fileVersion":"10.0.26100.8737 (WinBuild.160101.0800)","description":"Host Process for Windows Services","product":"Microsoft® Windows® Operating System","company":"Microsoft Corporation","originalFileName":"svchost.exe","commandLine":"C:\\\\WINDOWS\\\\system32\\\\svchost.exe -k LocalServiceNetworkRestricted -p","currentDirectory":"C:\\\\WINDOWS\\\\system32\\\\","user":"NT AUTHORITY\\\\LOCAL SERVICE","logonGuid":"{4b2ce92d-824c-6abe-e503-000000000000}","logonId":"0x3e5","terminalSessionId":"0","integrityLevel":"System","hashes":"MD5=07FE1BE55D1049C7B48E270C466502D4,SHA256=1222A44A5FDB4EFDE4DFCB41093648627950E7EC02D8667F1C26CCAE31D922E2,IMPHASH=DE43BD45CC98C143357416C7519ECCFD","parentProcessGuid":"{4b2ce92d-824a-6abe-0b00-000000001400}","parentProcessId":"812","parentImage":"C:\\\\Windows\\\\System32\\\\services.exe","parentCommandLine":"C:\\\\WINDOWS\\\\system32\\\\services.exe","parentUser":"NT AUTHORITY\\\\SYSTEM"}}},"location":"EventChannel"}
{"timestamp":"2026-10-02T15:40:27.539+0200","agent":{"id":"001","name":"Windows_VM","ip":"192.168.232.130"},"manager":{"name":"dcasey-virtual-machine"},"id":"1790948427.330865","full_log":"{\"win\":{\"system\":{\"providerName\":\"Microsoft-Windows-Security-Auditing\",\"providerGuid\":\"{54849625-5478-4994-a5ba-3e3b0328c30d}\",\"eventID\":\"4624\",\"version\":\"3\",\"level\":\"0\",\"task\":\"12544\",\"opcode\":\"0\",\"keywords\":\"0x8020000000000000\",\"systemTime\":\"2026-10-02T13:40:27.5680883Z\",\"eventRecordID\":\"54025\",\"processID\":\"820\",\"threadID\":\"7800\",\"channel\":\"Security\",\"computer\":\"DESKTOP-5OG7C28\",\"severityValue\":\"AUDIT_SUCCESS\",\"message\":\"\\\"An account was successfully logged on.\\r\\n\\r\\nSubject:\\r\\n\\tSecurity ID:\\t\\tS-1-5-18\\r\\n\\tAccount Name:\\t\\tDESKTOP-5OG7C28$\\r\\n\\tAccount Domain:\\t\\tWORKGROUP\\r\\n\\tLogon ID:\\t\\t0x3E7\\r\\n\\r\\nLogon Information:\\r\\n\\tLogon Type:\\t\\t5\\r\\n\\tRestricted Admin Mode:\\t-\\r\\n\\tRemote Credential Guard:\\t-\\r\\n\\tVirtual Account:\\t\\tNo\\r\\n\\tElevated Token:\\t\\tYes\\r\\n\\r\\nImpersonation Level:\\t\\tImpersonation\\r\\n\\r\\nNew Logon:\\r\\n\\tSecurity ID:\\t\\tS-1-5-18\\r\\n\\tAccount Name:\\t\\tSYSTEM\\r\\n\\tAccount Domain:\\t\\tNT AUTHORITY\\r\\n\\tLogon ID:\\t\\t0x3E7\\r\\n\\tLinked Logon ID:\\t\\t0x0\\r\\n\\tNetwork Account Name:\\t-\\r\\n\\tNetwork Account Domain:\\t-\\r\\n\\tLogon GUID:\\t\\t{00000000-0000-0000-0000-000000000000}\\r\\n\\r\\nProcess Information:\\r\\n\\tProcess ID:\\t\\t0x32c\\r\\n\\tProcess Name:\\t\\tC:\\\\Windows\\\\System32\\\\services.exe\\r\\n\\r\\nNetwork Information:\\r\\n\\tWorkstation Name:\\t-\\r\\n\\tSource Network Address:\\t-\\r\\n\\tSource Port:\\t\\t-\\r\\n\\r\\nDetailed Authentication Information:\\r\\n\\tLogon Process:\\t\\tAdvapi  \\r\\n\\tAuthentication Package:\\tNegotiate\\r\\n\\tTransited Services:\\t-\\r\\n\\tPackage Name (NTLM only):\\t-\\r\\n\\tKey Length:\\t\\t0\\r\\n\\r\\nThis event is generated when a logon session is created. It is generated on the computer that was accessed.\\r\\n\\r\\nThe subject fields indicate the account on the local system which requested the logon. This is most commonly a service such as the Server service, or a local process such as Winlogon.exe or Services.exe.\\r\\n\\r\\nThe logon type field indicates the kind of logon that occurred. The most common types are 2 (interactive) and 3 (network).\\r\\n\\r\\nThe New Logon fields indicate the account for whom the new logon was created, i.e. the account that was logged on.\\r\\n\\r\\nThe network fields indicate where a remote logon request originated. Workstation name is not always available and may be left blank in some cases.\\r\\n\\r\\nThe impersonation level field indicates the extent to which a process in the logon session can impersonate.\\r\\n\\r\\nThe authentication information fields provide detailed information about this specific logon request.\\r\\n\\t- Logon GUID is a unique identifier that can be used to correlate this event with a KDC event.\\r\\n\\t- Transited services indicate which intermediate services have participated in this logon request.\\r\\n\\t- Package name indicates which sub-protocol was used among the NTLM protocols.\\r\\n\\t- Key length indicates the length of the generated session key. This will be 0 if no session key was requested.\\\"\"},\"eventdata\":{\"subjectUserSid\":\"S-1-5-18\",\"subjectUserName\":\"DESKTOP-5OG7C28$\",\"subjectDomainName\":\"WORKGROUP\",\"subjectLogonId\":\"0x3e7\",\"targetUserSid\":\"S-1-5-18\",\"targetUserName\":\"SYSTEM\",\"targetDomainName\":\"NT AUTHORITY\",\"targetLogonId\":\"0x3e7\",\"logonType\":\"5\",\"logonProcessName\":\"Advapi\",\"authenticationPackageName\":\"Negotiate\",\"logonGuid\":\"{00000000-0000-0000-0000-000000000000}\",\"keyLength\":\"0\",\"processId\":\"0x32c\",\"processName\":\"C:\\\\\\\\Windows\\\\\\\\System32\\\\\\\\services.exe\",\"impersonationLevel\":\"%%1833\",\"virtualAccount\":\"%%1843\",\"targetLinkedLogonId\":\"0x0\",\"elevatedToken\":\"%%1842\"}}}","decoder":{"name":"windows_eventchannel"},"data":{"win":{"system":{"providerName":"Microsoft-Windows-Security-Auditing","providerGuid":"{54849625-5478-4994-a5ba-3e3b0328c30d}","eventID":"4624","version":"3","level":"0","task":"12544","opcode":"0","keywords":"0x8020000000000000","systemTime":"2026-10-02T13:40:27.5680883Z","eventRecordID":"54025","processID":"820","threadID":"7800","channel":"Security","computer":"DESKTOP-5OG7C28","severityValue":"AUDIT_SUCCESS","message":"\"An account was successfully logged on.\r\n\r\nSubject:\r\n\tSecurity ID:\t\tS-1-5-18\r\n\tAccount Name:\t\tDESKTOP-5OG7C28$\r\n\tAccount Domain:\t\tWORKGROUP\r\n\tLogon ID:\t\t0x3E7\r\n\r\nLogon Information:\r\n\tLogon Type:\t\t5\r\n\tRestricted Admin Mode:\t-\r\n\tRemote Credential Guard:\t-\r\n\tVirtual Account:\t\tNo\r\n\tElevated Token:\t\tYes\r\n\r\nImpersonation Level:\t\tImpersonation\r\n\r\nNew Logon:\r\n\tSecurity ID:\t\tS-1-5-18\r\n\tAccount Name:\t\tSYSTEM\r\n\tAccount Domain:\t\tNT AUTHORITY\r\n\tLogon ID:\t\t0x3E7\r\n\tLinked Logon ID:\t\t0x0\r\n\tNetwork Account Name:\t-\r\n\tNetwork Account Domain:\t-\r\n\tLogon GUID:\t\t{00000000-0000-0000-0000-000000000000}\r\n\r\nProcess Information:\r\n\tProcess ID:\t\t0x32c\r\n\tProcess Name:\t\tC:\\Windows\\System32\\services.exe\r\n\r\nNetwork Information:\r\n\tWorkstation Name:\t-\r\n\tSource Network Address:\t-\r\n\tSource Port:\t\t-\r\n\r\nDetailed Authentication Information:\r\n\tLogon Process:\t\tAdvapi  \r\n\tAuthentication Package:\tNegotiate\r\n\tTransited Services:\t-\r\n\tPackage Name (NTLM only):\t-\r\n\tKey Length:\t\t0\r\n\r\nThis event is generated when a logon session is created. It is generated on the computer that was accessed.\r\n\r\nThe subject fields indicate the account on the local system which requested the logon. This is most commonly a service such as the Server service, or a local process such as Winlogon.exe or Services.exe.\r\n\r\nThe logon type field indicates the kind of logon that occurred. The most common types are 2 (interactive) and 3 (network).\r\n\r\nThe New Logon fields indicate the account for whom the new logon was created, i.e. the account that was logged on.\r\n\r\nThe network fields indicate where a remote logon request originated. Workstation name is not always available and may be left blank in some cases.\r\n\r\nThe impersonation level field indicates the extent to which a process in the logon session can impersonate.\r\n\r\nThe authentication information fields provide detailed information about this specific logon request.\r\n\t- Logon GUID is a unique identifier that can be used to correlate this event with a KDC event.\r\n\t- Transited services indicate which intermediate services have participated in this logon request.\r\n\t- Package name indicates which sub-protocol was used among the NTLM protocols.\r\n\t- Key length indicates the length of the generated session key. This will be 0 if no session key was requested.\""},"eventdata":{"subjectUserSid":"S-1-5-18","subjectUserName":"DESKTOP-5OG7C28$","subjectDomainName":"WORKGROUP","subjectLogonId":"0x3e7","targetUserSid":"S-1-5-18","targetUserName":"SYSTEM","targetDomainName":"NT AUTHORITY","targetLogonId":"0x3e7","logonType":"5","logonProcessName":"Advapi","authenticationPackageName":"Negotiate","logonGuid":"{00000000-0000-0000-0000-000000000000}","keyLength":"0","processId":"0x32c","processName":"C:\\\\Windows\\\\System32\\\\services.exe","impersonationLevel":"%%1833","virtualAccount":"%%1843","targetLinkedLogonId":"0x0","elevatedToken":"%%1842"}}},"location":"EventChannel"}
{"timestamp":"2026-10-02T15:40:27.542+0200","agent":{"id":"001","name":"Windows_VM","ip":"192.168.232.130"},"manager":{"name":"dcasey-virtual-machine"},"id":"1790948427.330865","full_log":"{\"win\":{\"system\":{\"providerName\":\"Microsoft-Windows-Security-Auditing\",\"providerGuid\":\"{54849625-5478-4994-a5ba-3e3b0328c30d}\",\"eventID\":\"4672\",\"version\":\"0\",\"level\":\"0\",\"task\":\"12548\",\"opcode\":\"0\",\"keywords\":\"0x8020000000000000\",\"systemTime\":\"2026-10-02T13:40:27.5681015Z\",\"eventRecordID\":\"54026\",\"processID\":\"820\",\"threadID\":\"7800\",\"channel\":\"Security\",\"computer\":\"DESKTOP-5OG7C28\",\"severityValue\":\"AUDIT_SUCCESS\",\"message\":\"\\\"Special privileges assigned to new logon.\\r\\n\\r\\nSubject:\\r\\n\\tSecurity ID:\\t\\tS-1-5-18\\r\\n\\tAccount Name:\\t\\tSYSTEM\\r\\n\\tAccount Domain:\\t\\tNT AUTHORITY\\r\\n\\tLogon ID:\\t\\t0x3E7\\r\\n\\r\\nPrivileges:\\t\\tSeAssignPrimaryTokenPrivilege\\r\\n\\t\\t\\tSeTcbPrivilege\\r\\n\\t\\t\\tSeSecurityPrivilege\\r\\n\\t\\t\\tSeTakeOwnershipPrivilege\\r\\n\\t\\t\\tSeLoadDriverPrivilege\\r\\n\\t\\t\\tSeBackupPrivilege\\r\\n\\t\\t\\tSeRestorePrivilege\\r\\n\\t\\t\\tSeDebugPrivilege\\r\\n\\t\\t\\tSeAuditPrivilege\\r\\n\\t\\t\\tSeSystemEnvironmentPrivilege\\r\\n\\t\\t\\tSeImpersonatePrivilege\\r\\n\\t\\t\\tSeDelegateSessionUserImpersonatePrivilege\\\"\"},\"eventdata\":{\"subjectUserSid\":\"S-1-5-18\",\"subjectUserName\":\"SYSTEM\",\"subjectDomainName\":\"NT AUTHORITY\",\"subjectLogonId\":\"0x3e7\",\"privilegeList\":\"SeAssignPrimaryTokenPrivilege     SeTcbPrivilege     SeSecurityPrivilege     SeTakeOwnershipPrivilege     SeLoadDriverPrivilege     SeBackupPrivilege     SeRestorePrivilege     SeDebugPrivilege     SeAuditPrivilege     SeSystemEnvironmentPrivilege     SeImpersonatePrivilege     SeDelegateSessionUserImpersonatePrivilege\"}}}","decoder":{"name":"windows_eventchannel"},"data":{"win":{"system":{"providerName":"Microsoft-Windows-Security-Auditing","providerGuid":"{54849625-5478-4994-a5ba-3e3b0328c30d}","eventID":"4672","version":"0","level":"0","task":"12548","opcode":"0","keywords":"0x8020000000000000","systemTime":"2026-10-02T13:40:27.5681015Z","eventRecordID":"54026","processID":"820","threadID":"7800","channel":"Security","computer":"DESKTOP-5OG7C28","severityValue":"AUDIT_SUCCESS","message":"\"Special privileges assigned to new logon.\r\n\r\nSubject:\r\n\tSecurity ID:\t\tS-1-5-18\r\n\tAccount Name:\t\tSYSTEM\r\n\tAccount Domain:\t\tNT AUTHORITY\r\n\tLogon ID:\t\t0x3E7\r\n\r\nPrivileges:\t\tSeAssignPrimaryTokenPrivilege\r\n\t\t\tSeTcbPrivilege\r\n\t\t\tSeSecurityPrivilege\r\n\t\t\tSeTakeOwnershipPrivilege\r\n\t\t\tSeLoadDriverPrivilege\r\n\t\t\tSeBackupPrivilege\r\n\t\t\tSeRestorePrivilege\r\n\t\t\tSeDebugPrivilege\r\n\t\t\tSeAuditPrivilege\r\n\t\t\tSeSystemEnvironmentPrivilege\r\n\t\t\tSeImpersonatePrivilege\r\n\t\t\tSeDelegateSessionUserImpersonatePrivilege\""},"eventdata":{"subjectUserSid":"S-1-5-18","subjectUserName":"SYSTEM","subjectDomainName":"NT AUTHORITY","subjectLogonId":"0x3e7","privilegeList":"SeAssignPrimaryTokenPrivilege     SeTcbPrivilege     SeSecurityPrivilege     SeTakeOwnershipPrivilege     SeLoadDriverPrivilege     SeBackupPrivilege     SeRestorePrivilege     SeDebugPrivilege     SeAuditPrivilege     SeSystemEnvironmentPrivilege     SeImpersonatePrivilege     SeDelegateSessionUserImpersonatePrivilege"}}},"location":"EventChannel"}
{"timestamp":"2026-10-02T15:40:27.545+0200","agent":{"id":"001","name":"Windows_VM","ip":"192.168.232.130"},"manager":{"name":"dcasey-virtual-machine"},"id":"1790948427.330865","full_log":"{\"win\":{\"system\":{\"providerName\":\"Microsoft-Windows-Security-Auditing\",\"providerGuid\":\"{54849625-5478-4994-a5ba-3e3b0328c30d}\",\"eventID\":\"4798\",\"version\":\"0\",\"level\":\"0\",\"task\":\"13824\",\"opcode\":\"0\",\"keywords\":\"0x8020000000000000\",\"systemTime\":\"2026-10-02T13:40:27.7740282Z\",\"eventRecordID\":\"54027\",\"processID\":\"820\",\"threadID\":\"7800\",\"channel\":\"Security\",\"computer\":\"DESKTOP-5OG7C28\",\"severityValue\":\"AUDIT_SUCCESS\",\"message\":\"\\\"A user's local group membership was enumerated.\\r\\n\\r\\nSubject:\\r\\n\\tSecurity ID:\\t\\tS-1-5-18\\r\\n\\tAccount Name:\\t\\tDESKTOP-5OG7C28$\\r\\n\\tAccount Domain:\\t\\tWORKGROUP\\r\\n\\tLogon ID:\\t\\t0x3E7\\r\\n\\r\\nUser:\\r\\n\\tSecurity ID:\\t\\tS-1-5-21-2586188580-1629295405-1270050116-1001\\r\\n\\tAccount Name:\\t\\tDarragh Casey\\r\\n\\tAccount Domain:\\t\\tDESKTOP-5OG7C28\\r\\n\\r\\nProcess Information:\\r\\n\\tProcess ID:\\t\\t0x2604\\r\\n\\tProcess Name:\\t\\tC:\\\\Windows\\\\System32\\\\DeviceCensus.exe\\\"\"},\"eventdata\":{\"targetUserName\":\"Darragh Casey\",\"targetDomainName\":\"DESKTOP-5OG7C28\",\"targetSid\":\"S-1-5-21-2586188580-1629295405-1270050116-1001\",\"subjectUserSid\":\"S-1-5-18\",\"subjectUserName\":\"DESKTOP-5OG7C28$\",\"subjectDomainName\":\"WORKGROUP\",\"subjectLogonId\":\"0x3e7\",\"callerProcessId\":\"0x2604\",\"callerProcessName\":\"C:\\\\\\\\Windows\\\\\\\\System32\\\\\\\\DeviceCensus.exe\"}}}","decoder":{"name":"windows_eventchannel"},"data":{"win":{"system":{"providerName":"Microsoft-Windows-Security-Auditing","providerGuid":"{54849625-5478-4994-a5ba-3e3b0328c30d}","eventID":"4798","version":"0","level":"0","task":"13824","opcode":"0","keywords":"0x8020000000000000","systemTime":"2026-10-02T13:40:27.7740282Z","eventRecordID":"54027","processID":"820","threadID":"7800","channel":"Security","computer":"DESKTOP-5OG7C28","severityValue":"AUDIT_SUCCESS","message":"\"A user's local group membership was enumerated.\r\n\r\nSubject:\r\n\tSecurity ID:\t\tS-1-5-18\r\n\tAccount Name:\t\tDESKTOP-5OG7C28$\r\n\tAccount Domain:\t\tWORKGROUP\r\n\tLogon ID:\t\t0x3E7\r\n\r\nUser:\r\n\tSecurity ID:\t\tS-1-5-21-2586188580-1629295405-1270050116-1001\r\n\tAccount Name:\t\tDarragh Casey\r\n\tAccount Domain:\t\tDESKTOP-5OG7C28\r\n\r\nProcess Information:\r\n\tProcess ID:\t\t0x2604\r\n\tProcess Name:\t\tC:\\Windows\\System32\\DeviceCensus.exe\""},"eventdata":{"targetUserName":"Darragh Casey","targetDomainName":"DESKTOP-5OG7C28","targetSid":"S-1-5-21-2586188580-1629295405-1270050116-1001","subjectUserSid":"S-1-5-18","subjectUserName":"DESKTOP-5OG7C28$","subjectDomainName":"WORKGROUP","subjectLogonId":"0x3e7","callerProcessId":"0x2604","callerProcessName":"C:\\\\Windows\\\\System32\\\\DeviceCensus.exe"}}},"location":"EventChannel"}
{"timestamp":"2026-10-02T15:40:27.548+0200","agent":{"id":"001","name":"Windows_VM","ip":"192.168.232.130"},"manager":{"name":"dcasey-virtual-machine"},"id":"1790948427.330865","full_log":"{\"win\":{\"system\":{\"providerName\":\"Microsoft-Windows-Security-Auditing\",\"providerGuid\":\"{54849625-5478-4994-a5ba-3e3b0328c30d}\",\"eventID\":\"5382\",\"version\":\"0\",\"level\":\"0\",\"task\":\"13824\",\"opcode\":\"0\",\"keywords\":\"0x8020000000000000\",\"systemTime\":\"2026-10-02T13:40:28.3123838Z\",\"eventRecordID\":\"54028\",\"processID\":\"820\",\"threadID\":\"1136\",\"channel\":\"Security\",\"computer\":\"DESKTOP-5OG7C28\",\"severityValue\":\"AUDIT_SUCCESS\",\"message\":\"\\\"Vault credentials were read.\\r\\n\\r\\nSubject:\\r\\n\\tSecurity ID:\\t\\tS-1-5-18\\r\\n\\tAccount Name:\\t\\tDESKTOP-5OG7C28$\\r\\n\\tAccount Domain:\\t\\tWORKGROUP\\r\\n\\tLogon ID:\\t\\t0x3E7\\r\\n\\r\\nThis event occurs when a user reads a stored vault credential.\\\"\"},\"eventdata\":{\"subjectUserSid\":\"S-1-5-18\",\"subjectUserName\":\"DESKTOP-5OG7C28$\",\"subjectDomainName\":\"WORKGROUP\",\"subjectLogonId\":\"0x3e7\",\"schemaFriendlyName\":\"NGC Local Accoount Logon Vault Resource Schema\",\"schema\":\"{1d4350a3-330d-4af9-b3ff-a927a45998ac}\",\"resource\":\"NGC Local Accoount Logon Vault Resource\",\"identity\":\"010500000000000515000000241B269A2D131D61446DB34BE9030000\",\"flags\":\"0\",\"returnCode\":\"1168\",\"processCreationTime\":\"2026-10-02T13:40:24.2960655Z\",\"clientProcessId\":\"3996\"}}}","decoder":{"name":"windows_eventchannel"},"data":{"win":{"system":{"providerName":"Microsoft-Windows-Security-Auditing","providerGuid":"{54849625-5478-4994-a5ba-3e3b0328c30d}","eventID":"5382","version":"0","level":"0","task":"13824","opcode":"0","keywords":"0x8020000000000000","systemTime":"2026-10-02T13:40:28.3123838Z","eventRecordID":"54028","processID":"820","threadID":"1136","channel":"Security","computer":"DESKTOP-5OG7C28","severityValue":"AUDIT_SUCCESS","message":"\"Vault credentials were read.\r\n\r\nSubject:\r\n\tSecurity ID:\t\tS-1-5-18\r\n\tAccount Name:\t\tDESKTOP-5OG7C28$\r\n\tAccount Domain:\t\tWORKGROUP\r\n\tLogon ID:\t\t0x3E7\r\n\r\nThis event occurs when a user reads a stored vault credential.\""},"eventdata":{"subjectUserSid":"S-1-5-18","subjectUserName":"DESKTOP-5OG7C28$","subjectDomainName":"WORKGROUP","subjectLogonId":"0x3e7","schemaFriendlyName":"NGC Local Accoount Logon Vault Resource Schema","schema":"{1d4350a3-330d-4af9-b3ff-a927a45998ac}","resource":"NGC Local Accoount Logon Vault Resource","identity":"010500000000000515000000241B269A2D131D61446DB34BE9030000","flags":"0","returnCode":"1168","processCreationTime":"2026-10-02T13:40:24.2960655Z","clientProcessId":"3996"}}},"location":"EventChannel"}
