{"timestamp":"2026-10-02T15:38:40.484+0200","agent":{"id":"001","name":"Windows_VM","ip":"192.168.232.130"},"manager":{"name":"dcasey-virtual-machine"},"id":"1790948320.321646","full_log":"{\"win\":{\"system\":{\"providerName\":\"Microsoft-Windows-Security-Auditing\",\"providerGuid\":\"{54849625-5478-4994-a5ba-3e3b0328c30d}\",\"eventID\":\"4624\",\"version\":\"3\",\"level\":\"0\",\"task\":\"12544\",\"opcode\":\"0\",\"keywords\":\"0x8020000000000000\",\"systemTime\":\"2026-10-02T13:38:40.7149635Z\",\"eventRecordID\":\"54007\",\"processID\":\"820\",\"threadID\":\"8572\",\"channel\":\"Security\",\"computer\":\"DESKTOP-5OG7C28\",\"severityValue\":\"AUDIT_SUCCESS\",\"message\":\"\\\"An account was successfully logged on.\\r\\n\\r\\nSubject:\\r\\n\\tSecurity ID:\\t\\tS-1-5-18\\r\\n\\tAccount Name:\\t\\tDESKTOP-5OG7C28$\\r\\n\\tAccount Domain:\\t\\tWORKGROUP\\r\\n\\tLogon ID:\\t\\t0x3E7\\r\\n\\r\\nLogon Information:\\r\\n\\tLogon Type:\\t\\t5\\r\\n\\tRestricted Admin Mode:\\t-\\r\\n\\tRemote Credential Guard:\\t-\\r\\n\\tVirtual Account:\\t\\tNo\\r\\n\\tElevated Token:\\t\\tYes\\r\\n\\r\\nImpersonation Level:\\t\\tImpersonation\\r\\n\\r\\nNew Logon:\\r\\n\\tSecurity ID:\\t\\tS-1-5-18\\r\\n\\tAccount Name:\\t\\tSYSTEM\\r\\n\\tAccount Domain:\\t\\tNT AUTHORITY\\r\\n\\tLogon ID:\\t\\t0x3E7\\r\\n\\tLinked Logon ID:\\t\\t0x0\\r\\n\\tNetwork Account Name:\\t-\\r\\n\\tNetwork Account Domain:\\t-\\r\\n\\tLogon GUID:\\t\\t{00000000-0000-0000-0000-000000000000}\\r\\n\\r\\nProcess Information:\\r\\n\\tProcess ID:\\t\\t0x32c\\r\\n\\tProcess Name:\\t\\tC:\\\\Windows\\\\System32\\\\services.exe\\r\\n\\r\\nNetwork Information:\\r\\n\\tWorkstation Name:\\t-\\r\\n\\tSource Network Address:\\t-\\r\\n\\tSource Port:\\t\\t-\\r\\n\\r\\nDetailed Authentication Information:\\r\\n\\tLogon Process:\\t\\tAdvapi  \\r\\n\\tAuthentication Package:\\tNegotiate\\r\\n\\tTransited Services:\\t-\\r\\n\\tPackage Name (NTLM only):\\t-\\r\\n\\tKey Length:\\t\\t0\\r\\n\\r\\nThis event is generated when a logon session is created. It is generated on the computer that was accessed.\\r\\n\\r\\nThe subject fields indicate the account on the local system which requested the logon. This is most commonly a service such as the Server service, or a local process such as Winlogon.exe or Services.exe.\\r\\n\\r\\nThe logon type field indicates the kind of logon that occurred. The most common types are 2 (interactive) and 3 (network).\\r\\n\\r\\nThe New Logon fields indicate the account for whom the new logon was created, i.e. the account that was logged on.\\r\\n\\r\\nThe network fields indicate where a remote logon request originated. Workstation name is not always available and may be left blank in some cases.\\r\\n\\r\\nThe impersonation level field indicates the extent to which a process in the logon session can impersonate.\\r\\n\\r\\nThe authentication information fields provide detailed information about this specific logon request.\\r\\n\\t- Logon GUID is a unique identifier that can be used to correlate this event with a KDC event.\\r\\n\\t- Transited services indicate which intermediate services have participated in this logon request.\\r\\n\\t- Package name indicates which sub-protocol was used among the NTLM protocols.\\r\\n\\t- Key length indicates the length of the generated session key. This will be 0 if no session key was requested.\\\"\"},\"eventdata\":{\"subjectUserSid\":\"S-1-5-18\",\"subjectUserName\":\"DESKTOP-5OG7C28$\",\"subjectDomainName\":\"WORKGROUP\",\"subjectLogonId\":\"0x3e7\",\"targetUserSid\":\"S-1-5-18\",\"targetUserName\":\"SYSTEM\",\"targetDomainName\":\"NT AUTHORITY\",\"targetLogonId\":\"0x3e7\",\"logonType\":\"5\",\"logonProcessName\":\"Advapi\",\"authenticationPackageName\":\"Negotiate\",\"logonGuid\":\"{00000000-0000-0000-0000-000000000000}\",\"keyLength\":\"0\",\"processId\":\"0x32c\",\"processName\":\"C:\\\\\\\\Windows\\\\\\\\System32\\\\\\\\services.exe\",\"impersonationLevel\":\"%%1833\",\"virtualAccount\":\"%%1843\",\"targetLinkedLogonId\":\"0x0\",\"elevatedToken\":\"%%1842\"}}}","decoder":{"name":"windows_eventchannel"},"data":{"win":{"system":{"providerName":"Microsoft-Windows-Security-Auditing","providerGuid":"{54849625-5478-4994-a5ba-3e3b0328c30d}","eventID":"4624","version":"3","level":"0","task":"12544","opcode":"0","keywords":"0x8020000000000000","systemTime":"2026-10-02T13:38:40.7149635Z","eventRecordID":"54007","processID":"820","threadID":"8572","channel":"Security","computer":"DESKTOP-5OG7C28","severityValue":"AUDIT_SUCCESS","message":"\"An account was successfully logged on.\r\n\r\nSubject:\r\n\tSecurity ID:\t\tS-1-5-18\r\n\tAccount Name:\t\tDESKTOP-5OG7C28$\r\n\tAccount Domain:\t\tWORKGROUP\r\n\tLogon ID:\t\t0x3E7\r\n\r\nLogon Information:\r\n\tLogon Type:\t\t5\r\n\tRestricted Admin Mode:\t-\r\n\tRemote Credential Guard:\t-\r\n\tVirtual Account:\t\tNo\r\n\tElevated Token:\t\tYes\r\n\r\nImpersonation Level:\t\tImpersonation\r\n\r\nNew Logon:\r\n\tSecurity ID:\t\tS-1-5-18\r\n\tAccount Name:\t\tSYSTEM\r\n\tAccount Domain:\t\tNT AUTHORITY\r\n\tLogon ID:\t\t0x3E7\r\n\tLinked Logon ID:\t\t0x0\r\n\tNetwork Account Name:\t-\r\n\tNetwork Account Domain:\t-\r\n\tLogon GUID:\t\t{00000000-0000-0000-0000-000000000000}\r\n\r\nProcess Information:\r\n\tProcess ID:\t\t0x32c\r\n\tProcess Name:\t\tC:\\Windows\\System32\\services.exe\r\n\r\nNetwork Information:\r\n\tWorkstation Name:\t-\r\n\tSource Network Address:\t-\r\n\tSource Port:\t\t-\r\n\r\nDetailed Authentication Information:\r\n\tLogon Process:\t\tAdvapi  \r\n\tAuthentication Package:\tNegotiate\r\n\tTransited Services:\t-\r\n\tPackage Name (NTLM only):\t-\r\n\tKey Length:\t\t0\r\n\r\nThis event is generated when a logon session is created. It is generated on the computer that was accessed.\r\n\r\nThe subject fields indicate the account on the local system which requested the logon. This is most commonly a service such as the Server service, or a local process such as Winlogon.exe or Services.exe.\r\n\r\nThe logon type field indicates the kind of logon that occurred. The most common types are 2 (interactive) and 3 (network).\r\n\r\nThe New Logon fields indicate the account for whom the new logon was created, i.e. the account that was logged on.\r\n\r\nThe network fields indicate where a remote logon request originated. Workstation name is not always available and may be left blank in some cases.\r\n\r\nThe impersonation level field indicates the extent to which a process in the logon session can impersonate.\r\n\r\nThe authentication information fields provide detailed information about this specific logon request.\r\n\t- Logon GUID is a unique identifier that can be used to correlate this event with a KDC event.\r\n\t- Transited services indicate which intermediate services have participated in this logon request.\r\n\t- Package name indicates which sub-protocol was used among the NTLM protocols.\r\n\t- Key length indicates the length of the generated session key. This will be 0 if no session key was requested.\""},"eventdata":{"subjectUserSid":"S-1-5-18","subjectUserName":"DESKTOP-5OG7C28$","subjectDomainName":"WORKGROUP","subjectLogonId":"0x3e7","targetUserSid":"S-1-5-18","targetUserName":"SYSTEM","targetDomainName":"NT AUTHORITY","targetLogonId":"0x3e7","logonType":"5","logonProcessName":"Advapi","authenticationPackageName":"Negotiate","logonGuid":"{00000000-0000-0000-0000-000000000000}","keyLength":"0","processId":"0x32c","processName":"C:\\\\Windows\\\\System32\\\\services.exe","impersonationLevel":"%%1833","virtualAccount":"%%1843","targetLinkedLogonId":"0x0","elevatedToken":"%%1842"}}},"location":"EventChannel"}
{"timestamp":"2026-10-02T15:38:40.487+0200","agent":{"id":"001","name":"Windows_VM","ip":"192.168.232.130"},"manager":{"name":"dcasey-virtual-machine"},"id":"1790948320.321646","full_log":"{\"win\":{\"system\":{\"providerName\":\"Microsoft-Windows-Security-Auditing\",\"providerGuid\":\"{54849625-5478-4994-a5ba-3e3b0328c30d}\",\"eventID\":\"4672\",\"version\":\"0\",\"level\":\"0\",\"task\":\"12548\",\"opcode\":\"0\",\"keywords\":\"0x8020000000000000\",\"systemTime\":\"2026-10-02T13:38:40.7149714Z\",\"eventRecordID\":\"54008\",\"processID\":\"820\",\"threadID\":\"8572\",\"channel\":\"Security\",\"computer\":\"DESKTOP-5OG7C28\",\"severityValue\":\"AUDIT_SUCCESS\",\"message\":\"\\\"Special privileges assigned to new logon.\\r\\n\\r\\nSubject:\\r\\n\\tSecurity ID:\\t\\tS-1-5-18\\r\\n\\tAccount Name:\\t\\tSYSTEM\\r\\n\\tAccount Domain:\\t\\tNT AUTHORITY\\r\\n\\tLogon ID:\\t\\t0x3E7\\r\\n\\r\\nPrivileges:\\t\\tSeAssignPrimaryTokenPrivilege\\r\\n\\t\\t\\tSeTcbPrivilege\\r\\n\\t\\t\\tSeSecurityPrivilege\\r\\n\\t\\t\\tSeTakeOwnershipPrivilege\\r\\n\\t\\t\\tSeLoadDriverPrivilege\\r\\n\\t\\t\\tSeBackupPrivilege\\r\\n\\t\\t\\tSeRestorePrivilege\\r\\n\\t\\t\\tSeDebugPrivilege\\r\\n\\t\\t\\tSeAuditPrivilege\\r\\n\\t\\t\\tSeSystemEnvironmentPrivilege\\r\\n\\t\\t\\tSeImpersonatePrivilege\\r\\n\\t\\t\\tSeDelegateSessionUserImpersonatePrivilege\\\"\"},\"eventdata\":{\"subjectUserSid\":\"S-1-5-18\",\"subjectUserName\":\"SYSTEM\",\"subjectDomainName\":\"NT AUTHORITY\",\"subjectLogonId\":\"0x3e7\",\"privilegeList\":\"SeAssignPrimaryTokenPrivilege     SeTcbPrivilege     SeSecurityPrivilege     SeTakeOwnershipPrivilege     SeLoadDriverPrivilege     SeBackupPrivilege     SeRestorePrivilege     SeDebugPrivilege     SeAuditPrivilege     SeSystemEnvironmentPrivilege     SeImpersonatePrivilege     SeDelegateSessionUserImpersonatePrivilege\"}}}","decoder":{"name":"windows_eventchannel"},"data":{"win":{"system":{"providerName":"Microsoft-Windows-Security-Auditing","providerGuid":"{54849625-5478-4994-a5ba-3e3b0328c30d}","eventID":"4672","version":"0","level":"0","task":"12548","opcode":"0","keywords":"0x8020000000000000","systemTime":"2026-10-02T13:38:40.7149714Z","eventRecordID":"54008","processID":"820","threadID":"8572","channel":"Security","computer":"DESKTOP-5OG7C28","severityValue":"AUDIT_SUCCESS","message":"\"Special privileges assigned to new logon.\r\n\r\nSubject:\r\n\tSecurity ID:\t\tS-1-5-18\r\n\tAccount Name:\t\tSYSTEM\r\n\tAccount Domain:\t\tNT AUTHORITY\r\n\tLogon ID:\t\t0x3E7\r\n\r\nPrivileges:\t\tSeAssignPrimaryTokenPrivilege\r\n\t\t\tSeTcbPrivilege\r\n\t\t\tSeSecurityPrivilege\r\n\t\t\tSeTakeOwnershipPrivilege\r\n\t\t\tSeLoadDriverPrivilege\r\n\t\t\tSeBackupPrivilege\r\n\t\t\tSeRestorePrivilege\r\n\t\t\tSeDebugPrivilege\r\n\t\t\tSeAuditPrivilege\r\n\t\t\tSeSystemEnvironmentPrivilege\r\n\t\t\tSeImpersonatePrivilege\r\n\t\t\tSeDelegateSessionUserImpersonatePrivilege\""},"eventdata":{"subjectUserSid":"S-1-5-18","subjectUserName":"SYSTEM","subjectDomainName":"NT AUTHORITY","subjectLogonId":"0x3e7","privilegeList":"SeAssignPrimaryTokenPrivilege     SeTcbPrivilege     SeSecurityPrivilege     SeTakeOwnershipPrivilege     SeLoadDriverPrivilege     SeBackupPrivilege     SeRestorePrivilege     SeDebugPrivilege     SeAuditPrivilege     SeSystemEnvironmentPrivilege     SeImpersonatePrivilege     SeDelegateSessionUserImpersonatePrivilege"}}},"location":"EventChannel"}
{"timestamp":"2026-10-02T15:38:40.490+0200","agent":{"id":"001","name":"Windows_VM","ip":"192.168.232.130"},"manager":{"name":"dcasey-virtual-machine"},"id":"1790948320.321646","full_log":"{\"win\":{\"system\":{\"providerName\":\"Microsoft-Windows-Security-Auditing\",\"providerGuid\":\"{54849625-5478-4994-a5ba-3e3b0328c30d}\",\"eventID\":\"5379\",\"version\":\"0\",\"level\":\"0\",\"task\":\"13824\",\"opcode\":\"0\",\"keywords\":\"0x8020000000000000\",\"systemTime\":\"2026-10-02T13:38:40.9281631Z\",\"eventRecordID\":\"54009\",\"processID\":\"820\",\"threadID\":\"2488\",\"channel\":\"Security\",\"computer\":\"DESKTOP-5OG7C28\",\"severityValue\":\"AUDIT_SUCCESS\",\"message\":\"\\\"Credential Manager credentials were read.\\r\\n\\r\\nSubject:\\r\\n\\tSecurity ID:\\t\\tS-1-5-21-2586188580-1629295405-1270050116-1001\\r\\n\\tAccount Name:\\t\\tDarragh Casey\\r\\n\\tAccount Domain:\\t\\tDESKTOP-5OG7C28\\r\\n\\tLogon ID:\\t\\t0xA8DA9\\r\\n\\tRead Operation:\\t\\tEnumerate Credentials\\r\\n\\r\\nThis event occurs when a user performs a read operation on stored credentials in Credential Manager.\\\"\"},\"eventdata\":{\"subjectUserSid\":\"S-1-5-21-2586188580-1629295405-1270050116-1001\",\"subjectUserName\":\"Darragh Casey\",\"subjectDomainName\":\"DESKTOP-5OG7C28\",\"subjectLogonId\":\"0xa8da9\",\"targetName\":\"MicrosoftAccount:user=02nvmpszfpbhhmjd\",\"type\":\"0\",\"countOfCredentialsReturned\":\"0\",\"readOperation\":\"%%8100\",\"returnCode\":\"3221226021\",\"processCreationTime\":\"2026-10-02T13:34:51.1226711Z\",\"clientProcessId\":\"7408\"}}}","decoder":{"name":"windows_eventchannel"},"data":{"win":{"system":{"providerName":"Microsoft-Windows-Security-Auditing","providerGuid":"{54849625-5478-4994-a5ba-3e3b0328c30d}","eventID":"5379","version":"0","level":"0","task":"13824","opcode":"0","keywords":"0x8020000000000000","systemTime":"2026-10-02T13:38:40.9281631Z","eventRecordID":"54009","processID":"820","threadID":"2488","channel":"Security","computer":"DESKTOP-5OG7C28","severityValue":"AUDIT_SUCCESS","message":"\"Credential Manager credentials were read.\r\n\r\nSubject:\r\n\tSecurity ID:\t\tS-1-5-21-2586188580-1629295405-1270050116-1001\r\n\tAccount Name:\t\tDarragh Casey\r\n\tAccount Domain:\t\tDESKTOP-5OG7C28\r\n\tLogon ID:\t\t0xA8DA9\r\n\tRead Operation:\t\tEnumerate Credentials\r\n\r\nThis event occurs when a user performs a read operation on stored credentials in Credential Manager.\""},"eventdata":{"subjectUserSid":"S-1-5-21-2586188580-1629295405-1270050116-1001","subjectUserName":"Darragh Casey","subjectDomainName":"DESKTOP-5OG7C28","subjectLogonId":"0xa8da9","targetName":"MicrosoftAccount:user=02nvmpszfpbhhmjd","type":"0","countOfCredentialsReturned":"0","readOperation":"%%8100","returnCode":"3221226021","processCreationTime":"2026-10-02T13:34:51.1226711Z","clientProcessId":"7408"}}},"location":"EventChannel"}
{"timestamp":"2026-10-02T15:38:40.493+0200","agent":{"id":"001","name":"Windows_VM","ip":"192.168.232.130"},"manager":{"name":"dcasey-virtual-machine"},"id":"1790948320.321646","full_log":"{\"win\":{\"system\":{\"providerName\":\"Microsoft-Windows-Security-Auditing\",\"providerGuid\":\"{54849625-5478-4994-a5ba-3e3b0328c30d}\",\"eventID\":\"5379\",\"version\":\"0\",\"level\":\"0\",\"task\":\"13824\",\"opcode\":\"0\",\"keywords\":\"0x8020000000000000\",\"systemTime\":\"2026-10-02T13:38:40.9432157Z\",\"eventRecordID\":\"54010\",\"processID\":\"820\",\"threadID\":\"2488\",\"channel\":\"Security\",\"computer\":\"DESKTOP-5OG7C28\",\"severityValue\":\"AUDIT_SUCCESS\",\"message\":\"\\\"Credential Manager credentials were read.\\r\\n\\r\\nSubject:\\r\\n\\tSecurity ID:\\t\\tS-1-5-21-2586188580-1629295405-1270050116-1001\\r\\n\\tAccount Name:\\t\\tDarragh Casey\\r\\n\\tAccount Domain:\\t\\tDESKTOP-5OG7C28\\r\\n\\tLogon ID:\\t\\t0xA8DA9\\r\\n\\tRead Operation:\\t\\tEnumerate Credentials\\r\\n\\r\\nThis event occurs when a user performs a read operation on stored credentials in Credential Manager.\\\"\"},\"eventdata\":{\"subjectUserSid\":\"S-1-5-21-2586188580-1629295405-1270050116-1001\",\"subjectUserName\":\"Darragh Casey\",\"subjectDomainName\":\"DESKTOP-5OG7C28\",\"subjectLogonId\":\"0xa8da9\",\"targetName\":\"MicrosoftAccount:user=02nvmpszfpbhhmjd\",\"type\":\"0\",\"countOfCredentialsReturned\":\"0\",\"readOperation\":\"%%8100\",\"returnCode\":\"3221226021\",\"processCreationTime\":\"2026-10-02T13:34:51.1226711Z\",\"clientProcessId\":\"7408\"}}}","decoder":{"name":"windows_eventchannel"},"data":{"win":{"system":{"providerName":"Microsoft-Windows-Security-Auditing","providerGuid":"{54849625-5478-4994-a5ba-3e3b0328c30d}","eventID":"5379","version":"0","level":"0","task":"13824","opcode":"0","keywords":"0x8020000000000000","systemTime":"2026-10-02T13:38:40.9432157Z","eventRecordID":"54010","processID":"820","threadID":"2488","channel":"Security","computer":"DESKTOP-5OG7C28","severityValue":"AUDIT_SUCCESS","message":"\"Credential Manager credentials were read.\r\n\r\nSubject:\r\n\tSecurity ID:\t\tS-1-5-21-2586188580-1629295405-1270050116-1001\r\n\tAccount Name:\t\tDarragh Casey\r\n\tAccount Domain:\t\tDESKTOP-5OG7C28\r\n\tLogon ID:\t\t0xA8DA9\r\n\tRead Operation:\t\tEnumerate Credentials\r\n\r\nThis event occurs when a user performs a read operation on stored credentials in Credential Manager.\""},"eventdata":{"subjectUserSid":"S-1-5-21-2586188580-1629295405-1270050116-1001","subjectUserName":"Darragh Casey","subjectDomainName":"DESKTOP-5OG7C28","subjectLogonId":"0xa8da9","targetName":"MicrosoftAccount:user=02nvmpszfpbhhmjd","type":"0","countOfCredentialsReturned":"0","readOperation":"%%8100","returnCode":"3221226021","processCreationTime":"2026-10-02T13:34:51.1226711Z","clientProcessId":"7408"}}},"location":"EventChannel"}
{"timestamp":"2026-10-02T15:38:40.496+0200","agent":{"id":"001","name":"Windows_VM","ip":"192.168.232.130"},"manager":{"name":"dcasey-virtual-machine"},"id":"1790948320.321646","full_log":"{\"win\":{\"system\":{\"providerName\":\"Microsoft-Windows-Security-Auditing\",\"providerGuid\":\"{54849625-5478-4994-a5ba-3e3b0328c30d}\",\"eventID\":\"5379\",\"version\":\"0\",\"level\":\"0\",\"task\":\"13824\",\"opcode\":\"0\",\"keywords\":\"0x8020000000000000\",\"systemTime\":\"2026-10-02T13:38:40.9476004Z\",\"eventRecordID\":\"54011\",\"processID\":\"820\",\"threadID\":\"2488\",\"channel\":\"Security\",\"computer\":\"DESKTOP-5OG7C28\",\"severityValue\":\"AUDIT_SUCCESS\",\"message\":\"\\\"Credential Manager credentials were read.\\r\\n\\r\\nSubject:\\r\\n\\tSecurity ID:\\t\\tS-1-5-21-2586188580-1629295405-1270050116-1001\\r\\n\\tAccount Name:\\t\\tDarragh Casey\\r\\n\\tAccount Domain:\\t\\tDESKTOP-5OG7C28\\r\\n\\tLogon ID:\\t\\t0xA8DA9\\r\\n\\tRead Operation:\\t\\tEnumerate Credentials\\r\\n\\r\\nThis event occurs when a user performs a read operation on stored credentials in Credential Manager.\\\"\"},\"eventdata\":{\"subjectUserSid\":\"S-1-5-21-2586188580-1629295405-1270050116-1001\",\"subjectUserName\":\"Darragh Casey\",\"subjectDomainName\":\"DESKTOP-5OG7C28\",\"subjectLogonId\":\"0xa8da9\",\"targetName\":\"MicrosoftAccount:user=02nvmpszfpbhhmjd\",\"type\":\"0\",\"countOfCredentialsReturned\":\"0\",\"readOperation\":\"%%8100\",\"returnCode\":\"3221226021\",\"processCreationTime\":\"2026-10-02T13:34:51.1226711Z\",\"clientProcessId\":\"7408\"}}}","decoder":{"name":"windows_eventchannel"},"data":{"win":{"system":{"providerName":"Microsoft-Windows-Security-Auditing","providerGuid":"{54849625-5478-4994-a5ba-3e3b0328c30d}","eventID":"5379","version":"0","level":"0","task":"13824","opcode":"0","keywords":"0x8020000000000000","systemTime":"2026-10-02T13:38:40.9476004Z","eventRecordID":"54011","processID":"820","threadID":"2488","channel":"Security","computer":"DESKTOP-5OG7C28","severityValue":"AUDIT_SUCCESS","message":"\"Credential Manager credentials were read.\r\n\r\nSubject:\r\n\tSecurity ID:\t\tS-1-5-21-2586188580-1629295405-1270050116-1001\r\n\tAccount Name:\t\tDarragh Casey\r\n\tAccount Domain:\t\tDESKTOP-5OG7C28\r\n\tLogon ID:\t\t0xA8DA9\r\n\tRead Operation:\t\tEnumerate Credentials\r\n\r\nThis event occurs when a user performs a read operation on stored credentials in Credential Manager.\""},"eventdata":{"subjectUserSid":"S-1-5-21-2586188580-1629295405-1270050116-1001","subjectUserName":"Darragh Casey","subjectDomainName":"DESKTOP-5OG7C28","subjectLogonId":"0xa8da9","targetName":"MicrosoftAccount:user=02nvmpszfpbhhmjd","type":"0","countOfCredentialsReturned":"0","readOperation":"%%8100","returnCode":"3221226021","processCreationTime":"2026-10-02T13:34:51.1226711Z","clientProcessId":"7408"}}},"location":"EventChannel"}
{"timestamp":"2026-10-02T15:38:40.499+0200","agent":{"id":"001","name":"Windows_VM","ip":"192.168.232.130"},"manager":{"name":"dcasey-virtual-machine"},"id":"1790948320.321646","full_log":"{\"win\":{\"system\":{\"providerName\":\"Microsoft-Windows-Security-Auditing\",\"providerGuid\":\"{54849625-5478-4994-a5ba-3e3b0328c30d}\",\"eventID\":\"5379\",\"version\":\"0\",\"level\":\"0\",\"task\":\"13824\",\"opcode\":\"0\",\"keywords\":\"0x8020000000000000\",\"systemTime\":\"2026-10-02T13:38:40.9476696Z\",\"eventRecordID\":\"54012\",\"processID\":\"820\",\"threadID\":\"2488\",\"channel\":\"Security\",\"computer\":\"DESKTOP-5OG7C28\",\"severityValue\":\"AUDIT_SUCCESS\",\"message\":\"\\\"Credential Manager credentials were read.\\r\\n\\r\\nSubject:\\r\\n\\tSecurity ID:\\t\\tS-1-5-21-2586188580-1629295405-1270050116-1001\\r\\n\\tAccount Name:\\t\\tDarragh Casey\\r\\n\\tAccount Domain:\\t\\tDESKTOP-5OG7C28\\r\\n\\tLogon ID:\\t\\t0xA8DA9\\r\\n\\tRead Operation:\\t\\tEnumerate Credentials\\r\\n\\r\\nThis event occurs when a user performs a read operation on stored credentials in Credential Manager.\\\"\"},\"eventdata\":{\"subjectUserSid\":\"S-1-5-21-2586188580-1629295405-1270050116-1001\",\"subjectUserName\":\"Darragh Casey\",\"subjectDomainName\":\"DESKTOP-5OG7C28\",\"subjectLogonId\":\"0xa8da9\",\"targetName\":\"MicrosoftAccount:user=02nvmpszfpbhhmjd\",\"type\":\"0\",\"countOfCredentialsReturned\":\"0\",\"readOperation\":\"%%8100\",\"returnCode\":\"3221226021\",\"processCreationTime\":\"2026-10-02T13:34:51.1226711Z\",\"clientProcessId\":\"7408\"}}}","decoder":{"name":"windows_eventchannel"},"data":{"win":{"system":{"providerName":"Microsoft-Windows-Security-Auditing","providerGuid":"{54849625-5478-4994-a5ba-3e3b0328c30d}","eventID":"5379","version":"0","level":"0","task":"13824","opcode":"0","keywords":"0x8020000000000000","systemTime":"2026-10-02T13:38:40.9476696Z","eventRecordID":"54012","processID":"820","threadID":"2488","channel":"Security","computer":"DESKTOP-5OG7C28","severityValue":"AUDIT_SUCCESS","message":"\"Credential Manager credentials were read.\r\n\r\nSubject:\r\n\tSecurity ID:\t\tS-1-5-21-2586188580-1629295405-1270050116-1001\r\n\tAccount Name:\t\tDarragh Casey\r\n\tAccount Domain:\t\tDESKTOP-5OG7C28\r\n\tLogon ID:\t\t0xA8DA9\r\n\tRead Operation:\t\tEnumerate Credentials\r\n\r\nThis event occurs when a user performs a read operation on stored credentials in Credential Manager.\""},"eventdata":{"subjectUserSid":"S-1-5-21-2586188580-1629295405-1270050116-1001","subjectUserName":"Darragh Casey","subjectDomainName":"DESKTOP-5OG7C28","subjectLogonId":"0xa8da9","targetName":"MicrosoftAccount:user=02nvmpszfpbhhmjd","type":"0","countOfCredentialsReturned":"0","readOperation":"%%8100","returnCode":"3221226021","processCreationTime":"2026-10-02T13:34:51.1226711Z","clientProcessId":"7408"}}},"location":"EventChannel"}
{"timestamp":"2026-10-02T15:38:43.514+0200","agent":{"id":"001","name":"Windows_VM","ip":"192.168.232.130"},"manager":{"name":"dcasey-virtual-machine"},"id":"1790948323.321646","full_log":"{\"win\":{\"system\":{\"providerName\":\"Microsoft-Windows-Sysmon\",\"providerGuid\":\"{5770385f-c22a-43e0-bf4c-06f5698ffbd9}\",\"eventID\":\"22\",\"version\":\"5\",\"level\":\"4\",\"task\":\"22\",\"opcode\":\"0\",\"keywords\":\"0x8000000000000000\",\"systemTime\":\"2026-10-02T13:38:43.5432721Z\",\"eventRecordID\":\"14966\",\"processID\":\"3504\",\"threadID\":\"4972\",\"channel\":\"Microsoft-Windows-Sysmon/Operational\",\"computer\":\"DESKTOP-5OG7C28\",\"severityValue\":\"INFORMATION\",\"message\":\"\\\"Dns query:\\r\\nRuleName: -\\r\\nUtcTime: 2026-10-02 13:38:43.318\\r\\nProcessGuid: {4b2ce92d-b3e2-6abf-aa02-000000001400}\\r\\nProcessId: 10512\\r\\nQueryName: res.public.onecdn.static.microsoft\\r\\nQueryStatus: 0\\r\\nQueryResults: type: 5 res-ocdi-public.trafficmanager.net;type: 5 res-1.public.onecdn.static.microsoft;type: 5 res-ocdi-stls-prod.edgesuite.net;::ffff:95.100.109.92;::ffff:95.100.109.77;\\r\\nImage: C:\\\\Windows\\\\System32\\\\BackgroundTransferHost.exe\\r\\nUser: DESKTOP-5OG7C28\\\\Darragh Casey\\\"\"},\"eventdata\":{\"utcTime\":\"2026-10-02 13:38:43.318\",\"processGuid\":\"{4b2ce92d-b3e2-6abf-aa02-000000001400}\",\"processId\":\"10512\",\"queryName\":\"res.public.onecdn.static.microsoft\",\"queryStatus\":\"0\",\"queryResults\":\"type: 5 res-ocdi-public.trafficmanager.net;type: 5 res-1.public.onecdn.static.microsoft;type: 5 res-ocdi-stls-prod.edgesuite.net;::ffff:95.100.109.92;::ffff:95.100.109.77;\",\"image\":\"C:\\\\\\\\Windows\\\\\\\\System32\\\\\\\\BackgroundTransferHost.exe\",\"user\":\"DESKTOP-5OG7C28\\\\\\\\Darragh Casey\"}}}","decoder":{"name":"windows_eventchannel"},"data":{"win":{"system":{"providerName":"Microsoft-Windows-Sysmon","providerGuid":"{5770385f-c22a-43e0-bf4c-06f5698ffbd9}","eventID":"22","version":"5","level":"4","task":"22","opcode":"0","keywords":"0x8000000000000000","systemTime":"2026-10-02T13:38:43.5432721Z","eventRecordID":"14966","processID":"3504","threadID":"4972","channel":"Microsoft-Windows-Sysmon/Operational","computer":"DESKTOP-5OG7C28","severityValue":"INFORMATION","message":"\"Dns query:\r\nRuleName: -\r\nUtcTime: 2026-10-02 13:38:43.318\r\nProcessGuid: {4b2ce92d-b3e2-6abf-aa02-000000001400}\r\nProcessId: 10512\r\nQueryName: res.public.onecdn.static.microsoft\r\nQueryStatus: 0\r\nQueryResults: type: 5 res-ocdi-public.trafficmanager.net;type: 5 res-1.public.onecdn.static.microsoft;type: 5 res-ocdi-stls-prod.edgesuite.net;::ffff:95.100.109.92;::ffff:95.100.109.77;\r\nImage: C:\\Windows\\System32\\BackgroundTransferHost.exe\r\nUser: DESKTOP-5OG7C28\\Darragh Casey\""},"eventdata":{"utcTime":"2026-10-02 13:38:43.318","processGuid":"{4b2ce92d-b3e2-6abf-aa02-000000001400}","processId":"10512","queryName":"res.public.onecdn.static.microsoft","queryStatus":"0","queryResults":"type: 5 res-ocdi-public.trafficmanager.net;type: 5 res-1.public.onecdn.static.microsoft;type: 5 res-ocdi-stls-prod.edgesuite.net;::ffff:95.100.109.92;::ffff:95.100.109.77;","image":"C:\\\\Windows\\\\System32\\\\BackgroundTransferHost.exe","user":"DESKTOP-5OG7C28\\\\Darragh Casey"}}},"location":"EventChannel"}
{"timestamp":"2026-10-02T15:38:55.021+0200","agent":{"id":"001","name":"Windows_VM","ip":"192.168.232.130"},"manager":{"name":"dcasey-virtual-machine"},"id":"1790948335.321646","full_log":"{\"win\":{\"system\":{\"providerName\":\"Microsoft-Windows-Security-Auditing\",\"providerGuid\":\"{54849625-5478-4994-a5ba-3e3b0328c30d}\",\"eventID\":\"4798\",\"version\":\"0\",\"level\":\"0\",\"task\":\"13824\",\"opcode\":\"0\",\"keywords\":\"0x8020000000000000\",\"systemTime\":\"2026-10-02T13:38:55.0533776Z\",\"eventRecordID\":\"54013\",\"processID\":\"820\",\"threadID\":\"7800\",\"channel\":\"Security\",\"computer\":\"DESKTOP-5OG7C28\",\"severityValue\":\"AUDIT_SUCCESS\",\"message\":\"\\\"A user's local group membership was enumerated.\\r\\n\\r\\nSubject:\\r\\n\\tSecurity ID:\\t\\tS-1-5-21-2586188580-1629295405-1270050116-1001\\r\\n\\tAccount Name:\\t\\tDarragh Casey\\r\\n\\tAccount Domain:\\t\\tDESKTOP-5OG7C28\\r\\n\\tLogon ID:\\t\\t0xA8DA9\\r\\n\\r\\nUser:\\r\\n\\tSecurity ID:\\t\\tS-1-5-21-2586188580-1629295405-1270050116-1001\\r\\n\\tAccount Name:\\t\\tDarragh Casey\\r\\n\\tAccount Domain:\\t\\tDESKTOP-5OG7C28\\r\\n\\r\\nProcess Information:\\r\\n\\tProcess ID:\\t\\t0x1718\\r\\n\\tProcess Name:\\t\\tC:\\\\Program Files\\\\WindowsApps\\\\Microsoft.WindowsNotepad_11.2607.14.0_x64__8wekyb3d8bbwe\\\\Notepad\\\\Notepad.exe\\\"\"},\"eventdata\":{\"targetUserName\":\"Darragh Casey\",\"targetDomainName\":\"DESKTOP-5OG7C28\",\"targetSid\":\"S-1-5-21-2586188580-1629295405-1270050116-1001\",\"subjectUserSid\":\"S-1-5-21-2586188580-1629295405-1270050116-1001\",\"subjectUserName\":\"Darragh Casey\",\"subjectDomainName\":\"DESKTOP-5OG7C28\",\"subjectLogonId\":\"0xa8da9\",\"callerProcessId\":\"0x1718\",\"callerProcessName\":\"C:\\\\\\\\Program Files\\\\\\\\WindowsApps\\\\\\\\Microsoft.WindowsNotepad_11.2607.14.0_x64__8wekyb3d8bbwe\\\\\\\\Notepad\\\\\\\\Notepad.exe\"}}}","decoder":{"name":"windows_eventchannel"},"data":{"win":{"system":{"providerName":"Microsoft-Windows-Security-Auditing","providerGuid":"{54849625-5478-4994-a5ba-3e3b0328c30d}","eventID":"4798","version":"0","level":"0","task":"13824","opcode":"0","keywords":"0x8020000000000000","systemTime":"2026-10-02T13:38:55.0533776Z","eventRecordID":"54013","processID":"820","threadID":"7800","channel":"Security","computer":"DESKTOP-5OG7C28","severityValue":"AUDIT_SUCCESS","message":"\"A user's local group membership was enumerated.\r\n\r\nSubject:\r\n\tSecurity ID:\t\tS-1-5-21-2586188580-1629295405-1270050116-1001\r\n\tAccount Name:\t\tDarragh Casey\r\n\tAccount Domain:\t\tDESKTOP-5OG7C28\r\n\tLogon ID:\t\t0xA8DA9\r\n\r\nUser:\r\n\tSecurity ID:\t\tS-1-5-21-2586188580-1629295405-1270050116-1001\r\n\tAccount Name:\t\tDarragh Casey\r\n\tAccount Domain:\t\tDESKTOP-5OG7C28\r\n\r\nProcess Information:\r\n\tProcess ID:\t\t0x1718\r\n\tProcess Name:\t\tC:\\Program Files\\WindowsApps\\Microsoft.WindowsNotepad_11.2607.14.0_x64__8wekyb3d8bbwe\\Notepad\\Notepad.exe\""},"eventdata":{"targetUserName":"Darragh Casey","targetDomainName":"DESKTOP-5OG7C28","targetSid":"S-1-5-21-2586188580-1629295405-1270050116-1001","subjectUserSid":"S-1-5-21-2586188580-1629295405-1270050116-1001","subjectUserName":"Darragh Casey","subjectDomainName":"DESKTOP-5OG7C28","subjectLogonId":"0xa8da9","callerProcessId":"0x1718","callerProcessName":"C:\\\\Program Files\\\\WindowsApps\\\\Microsoft.WindowsNotepad_11.2607.14.0_x64__8wekyb3d8bbwe\\\\Notepad\\\\Notepad.exe"}}},"location":"EventChannel"}
{"timestamp":"2026-10-02T15:39:23.039+0200","rule":{"level":6,"description":"Scripting file created under Windows Temp or User folder","id":"92200","mitre":{"id":["T1059","T1105"],"tactic":["Execution","Command and Control"],"technique":["Command and Scripting Interpreter","Ingress Tool Transfer"]},"firedtimes":2,"mail":false,"groups":["sysmon","sysmon_eid11_detections","windows"]},"agent":{"id":"001","name":"Windows_VM","ip":"192.168.232.130"},"manager":{"name":"dcasey-virtual-machine"},"id":"1790948363.321646","full_log":"{\"win\":{\"system\":{\"providerName\":\"Microsoft-Windows-Sysmon\",\"providerGuid\":\"{5770385f-c22a-43e0-bf4c-06f5698ffbd9}\",\"eventID\":\"11\",\"version\":\"2\",\"level\":\"4\",\"task\":\"11\",\"opcode\":\"0\",\"keywords\":\"0x8000000000000000\",\"systemTime\":\"2026-10-02T13:39:23.0652220Z\",\"eventRecordID\":\"14967\",\"processID\":\"3504\",\"threadID\":\"4956\",\"channel\":\"Microsoft-Windows-Sysmon/Operational\",\"computer\":\"DESKTOP-5OG7C28\",\"severityValue\":\"INFORMATION\",\"message\":\"\\\"File created:\\r\\nRuleName: -\\r\\nUtcTime: 2026-10-02 13:39:23.063\\r\\nProcessGuid: {4b2ce92d-8373-6abe-6e01-000000001400}\\r\\nProcessId: 5912\\r\\nImage: C:\\\\Program Files\\\\WindowsApps\\\\Microsoft.WindowsNotepad_11.2607.14.0_x64__8wekyb3d8bbwe\\\\Notepad\\\\Notepad.exe\\r\\nTargetFilename: C:\\\\Users\\\\Darragh Casey\\\\Desktop\\\\T1059.003\\\\T1059.003_Test_1.ps1\\r\\nCreationUtcTime: 2026-10-02 13:39:23.063\\r\\nUser: DESKTOP-5OG7C28\\\\Darragh Casey\\\"\"},\"eventdata\":{\"utcTime\":\"2026-10-02 13:39:23.063\",\"processGuid\":\"{4b2ce92d-8373-6abe-6e01-000000001400}\",\"processId\":\"5912\",\"image\":\"C:\\\\\\\\Program Files\\\\\\\\WindowsApps\\\\\\\\Microsoft.WindowsNotepad_11.2607.14.0_x64__8wekyb3d8bbwe\\\\\\\\Notepad\\\\\\\\Notepad.exe\",\"targetFilename\":\"C:\\\\\\\\Users\\\\\\\\Darragh Casey\\\\\\\\Desktop\\\\\\\\T1059.003\\\\\\\\T1059.003_Test_1.ps1\",\"creationUtcTime\":\"2026-10-02 13:39:23.063\",\"user\":\"DESKTOP-5OG7C28\\\\\\\\Darragh Casey\"}}}","decoder":{"name":"windows_eventchannel"},"data":{"win":{"system":{"providerName":"Microsoft-Windows-Sysmon","providerGuid":"{5770385f-c22a-43e0-bf4c-06f5698ffbd9}","eventID":"11","version":"2","level":"4","task":"11","opcode":"0","keywords":"0x8000000000000000","systemTime":"2026-10-02T13:39:23.0652220Z","eventRecordID":"14967","processID":"3504","threadID":"4956","channel":"Microsoft-Windows-Sysmon/Operational","computer":"DESKTOP-5OG7C28","severityValue":"INFORMATION","message":"\"File created:\r\nRuleName: -\r\nUtcTime: 2026-10-02 13:39:23.063\r\nProcessGuid: {4b2ce92d-8373-6abe-6e01-000000001400}\r\nProcessId: 5912\r\nImage: C:\\Program Files\\WindowsApps\\Microsoft.WindowsNotepad_11.2607.14.0_x64__8wekyb3d8bbwe\\Notepad\\Notepad.exe\r\nTargetFilename: C:\\Users\\Darragh Casey\\Desktop\\T1059.003\\T1059.003_Test_1.ps1\r\nCreationUtcTime: 2026-10-02 13:39:23.063\r\nUser: DESKTOP-5OG7C28\\Darragh Casey\""},"eventdata":{"utcTime":"2026-10-02 13:39:23.063","processGuid":"{4b2ce92d-8373-6abe-6e01-000000001400}","processId":"5912","image":"C:\\\\Program Files\\\\WindowsApps\\\\Microsoft.WindowsNotepad_11.2607.14.0_x64__8wekyb3d8bbwe\\\\Notepad\\\\Notepad.exe","targetFilename":"C:\\\\Users\\\\Darragh Casey\\\\Desktop\\\\T1059.003\\\\T1059.003_Test_1.ps1","creationUtcTime":"2026-10-02 13:39:23.063","user":"DESKTOP-5OG7C28\\\\Darragh Casey"}}},"location":"EventChannel"}
{"timestamp":"2026-10-02T15:39:23.080+0200","rule":{"level":6,"description":"Scripting file created under Windows Temp or User folder","id":"92200","mitre":{"id":["T1059","T1105"],"tactic":["Execution","Command and Control"],"technique":["Command and Scripting Interpreter","Ingress Tool Transfer"]},"firedtimes":3,"mail":false,"groups":["sysmon","sysmon_eid11_detections","windows"]},"agent":{"id":"001","name":"Windows_VM","ip":"192.168.232.130"},"manager":{"name":"dcasey-virtual-machine"},"id":"1790948363.324961","full_log":"{\"win\":{\"system\":{\"providerName\":\"Microsoft-Windows-Sysmon\",\"providerGuid\":\"{5770385f-c22a-43e0-bf4c-06f5698ffbd9}\",\"eventID\":\"11\",\"version\":\"2\",\"level\":\"4\",\"task\":\"11\",\"opcode\":\"0\",\"keywords\":\"0x8000000000000000\",\"systemTime\":\"2026-10-02T13:39:23.2585961Z\",\"eventRecordID\":\"14968\",\"processID\":\"3504\",\"threadID\":\"4956\",\"channel\":\"Microsoft-Windows-Sysmon/Operational\",\"computer\":\"DESKTOP-5OG7C28\",\"severityValue\":\"INFORMATION\",\"message\":\"\\\"File created:\\r\\nRuleName: -\\r\\nUtcTime: 2026-10-02 13:39:23.218\\r\\nProcessGuid: {4b2ce92d-8373-6abe-6e01-000000001400}\\r\\nProcessId: 5912\\r\\nImage: C:\\\\Program Files\\\\WindowsApps\\\\Microsoft.WindowsNotepad_11.2607.14.0_x64__8wekyb3d8bbwe\\\\Notepad\\\\Notepad.exe\\r\\nTargetFilename: C:\\\\Users\\\\Darragh Casey\\\\Desktop\\\\T1059.003\\\\T1059.003_Test_1.ps1\\r\\nCreationUtcTime: 2026-10-02 13:39:23.063\\r\\nUser: DESKTOP-5OG7C28\\\\Darragh Casey\\\"\"},\"eventdata\":{\"utcTime\":\"2026-10-02 13:39:23.218\",\"processGuid\":\"{4b2ce92d-8373-6abe-6e01-000000001400}\",\"processId\":\"5912\",\"image\":\"C:\\\\\\\\Program Files\\\\\\\\WindowsApps\\\\\\\\Microsoft.WindowsNotepad_11.2607.14.0_x64__8wekyb3d8bbwe\\\\\\\\Notepad\\\\\\\\Notepad.exe\",\"targetFilename\":\"C:\\\\\\\\Users\\\\\\\\Darragh Casey\\\\\\\\Desktop\\\\\\\\T1059.003\\\\\\\\T1059.003_Test_1.ps1\",\"creationUtcTime\":\"2026-10-02 13:39:23.063\",\"user\":\"DESKTOP-5OG7C28\\\\\\\\Darragh Casey\"}}}","decoder":{"name":"windows_eventchannel"},"data":{"win":{"system":{"providerName":"Microsoft-Windows-Sysmon","providerGuid":"{5770385f-c22a-43e0-bf4c-06f5698ffbd9}","eventID":"11","version":"2","level":"4","task":"11","opcode":"0","keywords":"0x8000000000000000","systemTime":"2026-10-02T13:39:23.2585961Z","eventRecordID":"14968","processID":"3504","threadID":"4956","channel":"Microsoft-Windows-Sysmon/Operational","computer":"DESKTOP-5OG7C28","severityValue":"INFORMATION","message":"\"File created:\r\nRuleName: -\r\nUtcTime: 2026-10-02 13:39:23.218\r\nProcessGuid: {4b2ce92d-8373-6abe-6e01-000000001400}\r\nProcessId: 5912\r\nImage: C:\\Program Files\\WindowsApps\\Microsoft.WindowsNotepad_11.2607.14.0_x64__8wekyb3d8bbwe\\Notepad\\Notepad.exe\r\nTargetFilename: C:\\Users\\Darragh Casey\\Desktop\\T1059.003\\T1059.003_Test_1.ps1\r\nCreationUtcTime: 2026-10-02 13:39:23.063\r\nUser: DESKTOP-5OG7C28\\Darragh Casey\""},"eventdata":{"utcTime":"2026-10-02 13:39:23.218","processGuid":"{4b2ce92d-8373-6abe-6e01-000000001400}","processId":"5912","image":"C:\\\\Program Files\\\\WindowsApps\\\\Microsoft.WindowsNotepad_11.2607.14.0_x64__8wekyb3d8bbwe\\\\Notepad\\\\Notepad.exe","targetFilename":"C:\\\\Users\\\\Darragh Casey\\\\Desktop\\\\T1059.003\\\\T1059.003_Test_1.ps1","creationUtcTime":"2026-10-02 13:39:23.063","user":"DESKTOP-5OG7C28\\\\Darragh Casey"}}},"location":"EventChannel"}
{"timestamp":"2026-10-02T15:39:27.547+0200","agent":{"id":"001","name":"Windows_VM","ip":"192.168.232.130"},"manager":{"name":"dcasey-virtual-machine"},"id":"1790948367.327913","full_log":"{\"win\":{\"system\":{\"providerName\":\"Microsoft-Windows-Sysmon\",\"providerGuid\":\"{5770385f-c22a-43e0-bf4c-06f5698ffbd9}\",\"eventID\":\"13\",\"version\":\"2\",\"level\":\"4\",\"task\":\"13\",\"opcode\":\"0\",\"keywords\":\"0x8000000000000000\",\"systemTime\":\"2026-10-02T13:39:27.5828426Z\",\"eventRecordID\":\"14969\",\"processID\":\"3504\",\"threadID\":\"4956\",\"channel\":\"Microsoft-Windows-Sysmon/Operational\",\"computer\":\"DESKTOP-5OG7C28\",\"severityValue\":\"INFORMATION\",\"message\":\"\\\"Registry value set:\\r\\nRuleName: InvDB\\r\\nEventType: SetValue\\r\\nUtcTime: 2026-10-02 13:39:27.581\\r\\nProcessGuid: {4b2ce92d-8260-6abe-7400-000000001400}\\r\\nProcessId: 4480\\r\\nImage: C:\\\\WINDOWS\\\\system32\\\\svchost.exe\\r\\nTargetObject: HKU\\\\S-1-5-21-2586188580-1629295405-1270050116-1001\\\\Software\\\\Microsoft\\\\Windows NT\\\\CurrentVersion\\\\AppCompatFlags\\\\Compatibility Assistant\\\\Store\\\\C:\\\\Program Files\\\\WindowsApps\\\\Microsoft.WindowsNotepad_11.2607.14.0_x64__8wekyb3d8bbwe\\\\Notepad\\\\Notepad.exe\\r\\nDetails: Binary Data\\r\\nUser: NT AUTHORITY\\\\SYSTEM\\\"\"},\"eventdata\":{\"ruleName\":\"InvDB\",\"eventType\":\"SetValue\",\"utcTime\":\"2026-10-02 13:39:27.581\",\"processGuid\":\"{4b2ce92d-8260-6abe-7400-000000001400}\",\"processId\":\"4480\",\"image\":\"C:\\\\\\\\WINDOWS\\\\\\\\system32\\\\\\\\svchost.exe\",\"targetObject\":\"HKU\\\\\\\\S-1-5-21-2586188580-1629295405-1270050116-1001\\\\\\\\Software\\\\\\\\Microsoft\\\\\\\\Windows NT\\\\\\\\CurrentVersion\\\\\\\\AppCompatFlags\\\\\\\\Compatibility Assistant\\\\\\\\Store\\\\\\\\C:\\\\\\\\Program Files\\\\\\\\WindowsApps\\\\\\\\Microsoft.WindowsNotepad_11.2607.14.0_x64__8wekyb3d8bbwe\\\\\\\\Notepad\\\\\\\\Notepad.exe\",\"details\":\"Binary Data\",\"user\":\"NT AUTHORITY\\\\\\\\SYSTEM\"}}}","decoder":{"name":"windows_eventchannel"},"data":{"win":{"system":{"providerName":"Microsoft-Windows-Sysmon","providerGuid":"{5770385f-c22a-43e0-bf4c-06f5698ffbd9}","eventID":"13","version":"2","level":"4","task":"13","opcode":"0","keywords":"0x8000000000000000","systemTime":"2026-10-02T13:39:27.5828426Z","eventRecordID":"14969","processID":"3504","threadID":"4956","channel":"Microsoft-Windows-Sysmon/Operational","computer":"DESKTOP-5OG7C28","severityValue":"INFORMATION","message":"\"Registry value set:\r\nRuleName: InvDB\r\nEventType: SetValue\r\nUtcTime: 2026-10-02 13:39:27.581\r\nProcessGuid: {4b2ce92d-8260-6abe-7400-000000001400}\r\nProcessId: 4480\r\nImage: C:\\WINDOWS\\system32\\svchost.exe\r\nTargetObject: HKU\\S-1-5-21-2586188580-1629295405-1270050116-1001\\Software\\Microsoft\\Windows NT\\CurrentVersion\\AppCompatFlags\\Compatibility Assistant\\Store\\C:\\Program Files\\WindowsApps\\Microsoft.WindowsNotepad_11.2607.14.0_x64__8wekyb3d8bbwe\\Notepad\\Notepad.exe\r\nDetails: Binary Data\r\nUser: NT AUTHORITY\\SYSTEM\""},"eventdata":{"ruleName":"InvDB","eventType":"SetValue","utcTime":"2026-10-02 13:39:27.581","processGuid":"{4b2ce92d-8260-6abe-7400-000000001400}","processId":"4480","image":"C:\\\\WINDOWS\\\\system32\\\\svchost.exe","targetObject":"HKU\\\\S-1-5-21-2586188580-1629295405-1270050116-1001\\\\Software\\\\Microsoft\\\\Windows NT\\\\CurrentVersion\\\\AppCompatFlags\\\\Compatibility Assistant\\\\Store\\\\C:\\\\Program Files\\\\WindowsApps\\\\Microsoft.WindowsNotepad_11.2607.14.0_x64__8wekyb3d8bbwe\\\\Notepad\\\\Notepad.exe","details":"Binary Data","user":"NT AUTHORITY\\\\SYSTEM"}}},"location":"EventChannel"}
{"timestamp":"2026-10-02T15:39:35.107+0200","agent":{"id":"001","name":"Windows_VM","ip":"192.168.232.130"},"manager":{"name":"dcasey-virtual-machine"},"id":"1790948375.327913","full_log":"{\"win\":{\"system\":{\"providerName\":\"Microsoft-Windows-Sysmon\",\"providerGuid\":\"{5770385f-c22a-43e0-bf4c-06f5698ffbd9}\",\"eventID\":\"1\",\"version\":\"5\",\"level\":\"4\",\"task\":\"1\",\"opcode\":\"0\",\"keywords\":\"0x8000000000000000\",\"systemTime\":\"2026-10-02T13:39:34.8437421Z\",\"eventRecordID\":\"14970\",\"processID\":\"3504\",\"threadID\":\"4956\",\"channel\":\"Microsoft-Windows-Sysmon/Operational\",\"computer\":\"DESKTOP-5OG7C28\",\"severityValue\":\"INFORMATION\",\"message\":\"\\\"Process Create:\\r\\nRuleName: -\\r\\nUtcTime: 2026-10-02 13:39:34.830\\r\\nProcessGuid: {4b2ce92d-b416-6abf-b002-000000001400}\\r\\nProcessId: 5384\\r\\nImage: C:\\\\Windows\\\\System32\\\\consent.exe\\r\\nFileVersion: 10.0.26100.9278 (WinBuild.160101.0800)\\r\\nDescription: Consent UI for administrative applications\\r\\nProduct: Microsoft® Windows® Operating System\\r\\nCompany: Microsoft Corporation\\r\\nOriginalFileName: consent.exe\\r\\nCommandLine: consent.exe 5132 604 00000249E1156E20\\r\\nCurrentDirectory: C:\\\\WINDOWS\\\\system32\\\\\\r\\nUser: NT AUTHORITY\\\\SYSTEM\\r\\nLogonGuid: {4b2ce92d-824a-6abe-e703-000000000000}\\r\\nLogonId: 0x3E7\\r\\nTerminalSessionId: 1\\r\\nIntegrityLevel: System\\r\\nHashes: MD5=972ADFE7F8B9716AC210A914A87C7ECE,SHA256=11BA7D9FB6276AC5D770683367B5773A9C25A0A17E1F93B5787521D16A8B5AF0,IMPHASH=8A053E01B063B847F6B0D919C0404D20\\r\\nParentProcessGuid: {4b2ce92d-8271-6abe-8d00-000000001400}\\r\\nParentProcessId: 5132\\r\\nParentImage: C:\\\\Windows\\\\System32\\\\svchost.exe\\r\\nParentCommandLine: C:\\\\WINDOWS\\\\system32\\\\svchost.exe -k netsvcs -p -s Appinfo\\r\\nParentUser: NT AUTHORITY\\\\SYSTEM\\\"\"},\"eventdata\":{\"utcTime\":\"2026-10-02 13:39:34.830\",\"processGuid\":\"{4b2ce92d-b416-6abf-b002-000000001400}\",\"processId\":\"5384\",\"image\":\"C:\\\\\\\\Windows\\\\\\\\System32\\\\\\\\consent.exe\",\"fileVersion\":\"10.0.26100.9278 (WinBuild.160101.0800)\",\"description\":\"Consent UI for administrative applications\",\"product\":\"Microsoft® Windows® Operating System\",\"company\":\"Microsoft Corporation\",\"originalFileName\":\"consent.exe\",\"commandLine\":\"consent.exe 5132 604 00000249E1156E20\",\"currentDirectory\":\"C:\\\\\\\\WINDOWS\\\\\\\\system32\\\\\\\\\",\"user\":\"NT AUTHORITY\\\\\\\\SYSTEM\",\"logonGuid\":\"{4b2ce92d-824a-6abe-e703-000000000000}\",\"logonId\":\"0x3e7\",\"terminalSessionId\":\"1\",\"integrityLevel\":\"System\",\"hashes\":\"MD5=972ADFE7F8B9716AC210A914A87C7ECE,SHA256=11BA7D9FB6276AC5D770683367B5773A9C25A0A17E1F93B5787521D16A8B5AF0,IMPHASH=8A053E01B063B847F6B0D919C0404D20\",\"parentProcessGuid\":\"{4b2ce92d-8271-6abe-8d00-000000001400}\",\"parentProcessId\":\"5132\",\"parentImage\":\"C:\\\\\\\\Windows\\\\\\\\System32\\\\\\\\svchost.exe\",\"parentCommandLine\":\"C:\\\\\\\\WINDOWS\\\\\\\\system32\\\\\\\\svchost.exe -k netsvcs -p -s Appinfo\",\"parentUser\":\"NT AUTHORITY\\\\\\\\SYSTEM\"}}}","decoder":{"name":"windows_eventchannel"},"data":{"win":{"system":{"providerName":"Microsoft-Windows-Sysmon","providerGuid":"{5770385f-c22a-43e0-bf4c-06f5698ffbd9}","eventID":"1","version":"5","level":"4","task":"1","opcode":"0","keywords":"0x8000000000000000","systemTime":"2026-10-02T13:39:34.8437421Z","eventRecordID":"14970","processID":"3504","threadID":"4956","channel":"Microsoft-Windows-Sysmon/Operational","computer":"DESKTOP-5OG7C28","severityValue":"INFORMATION","message":"\"Process Create:\r\nRuleName: -\r\nUtcTime: 2026-10-02 13:39:34.830\r\nProcessGuid: {4b2ce92d-b416-6abf-b002-000000001400}\r\nProcessId: 5384\r\nImage: C:\\Windows\\System32\\consent.exe\r\nFileVersion: 10.0.26100.9278 (WinBuild.160101.0800)\r\nDescription: Consent UI for administrative applications\r\nProduct: Microsoft® Windows® Operating System\r\nCompany: Microsoft Corporation\r\nOriginalFileName: consent.exe\r\nCommandLine: consent.exe 5132 604 00000249E1156E20\r\nCurrentDirectory: C:\\WINDOWS\\system32\\\r\nUser: NT AUTHORITY\\SYSTEM\r\nLogonGuid: {4b2ce92d-824a-6abe-e703-000000000000}\r\nLogonId: 0x3E7\r\nTerminalSessionId: 1\r\nIntegrityLevel: System\r\nHashes: MD5=972ADFE7F8B9716AC210A914A87C7ECE,SHA256=11BA7D9FB6276AC5D770683367B5773A9C25A0A17E1F93B5787521D16A8B5AF0,IMPHASH=8A053E01B063B847F6B0D919C0404D20\r\nParentProcessGuid: {4b2ce92d-8271-6abe-8d00-000000001400}\r\nParentProcessId: 5132\r\nParentImage: C:\\Windows\\System32\\svchost.exe\r\nParentCommandLine: C:\\WINDOWS\\system32\\svchost.exe -k netsvcs -p -s Appinfo\r\nParentUser: NT AUTHORITY\\SYSTEM\""},"eventdata":{"utcTime":"2026-10-02 13:39:34.830","processGuid":"{4b2ce92d-b416-6abf-b002-000000001400}","processId":"5384","image":"C:\\\\Windows\\\\System32\\\\consent.exe","fileVersion":"10.0.26100.9278 (WinBuild.160101.0800)","description":"Consent UI for administrative applications","product":"Microsoft® Windows® Operating System","company":"Microsoft Corporation","originalFileName":"consent.exe","commandLine":"consent.exe 5132 604 00000249E1156E20","currentDirectory":"C:\\\\WINDOWS\\\\system32\\\\","user":"NT AUTHORITY\\\\SYSTEM","logonGuid":"{4b2ce92d-824a-6abe-e703-000000000000}","logonId":"0x3e7","terminalSessionId":"1","integrityLevel":"System","hashes":"MD5=972ADFE7F8B9716AC210A914A87C7ECE,SHA256=11BA7D9FB6276AC5D770683367B5773A9C25A0A17E1F93B5787521D16A8B5AF0,IMPHASH=8A053E01B063B847F6B0D919C0404D20","parentProcessGuid":"{4b2ce92d-8271-6abe-8d00-000000001400}","parentProcessId":"5132","parentImage":"C:\\\\Windows\\\\System32\\\\svchost.exe","parentCommandLine":"C:\\\\WINDOWS\\\\system32\\\\svchost.exe -k netsvcs -p -s Appinfo","parentUser":"NT AUTHORITY\\\\SYSTEM"}}},"location":"EventChannel"}
