{"timestamp":"2026-10-02T15:44:22.718+0200","agent":{"id":"001","name":"Windows_VM","ip":"192.168.232.130"},"manager":{"name":"dcasey-virtual-machine"},"id":"1790948662.343949","full_log":"{\"win\":{\"system\":{\"providerName\":\"Microsoft-Windows-Security-Auditing\",\"providerGuid\":\"{54849625-5478-4994-a5ba-3e3b0328c30d}\",\"eventID\":\"5379\",\"version\":\"0\",\"level\":\"0\",\"task\":\"13824\",\"opcode\":\"0\",\"keywords\":\"0x8020000000000000\",\"systemTime\":\"2026-10-02T13:44:22.7492598Z\",\"eventRecordID\":\"54033\",\"processID\":\"820\",\"threadID\":\"8572\",\"channel\":\"Security\",\"computer\":\"DESKTOP-5OG7C28\",\"severityValue\":\"AUDIT_SUCCESS\",\"message\":\"\\\"Credential Manager credentials were read.\\r\\n\\r\\nSubject:\\r\\n\\tSecurity ID:\\t\\tS-1-5-20\\r\\n\\tAccount Name:\\t\\tDESKTOP-5OG7C28$\\r\\n\\tAccount Domain:\\t\\tWORKGROUP\\r\\n\\tLogon ID:\\t\\t0x3E4\\r\\n\\tRead Operation:\\t\\tEnumerate Credentials\\r\\n\\r\\nThis event occurs when a user performs a read operation on stored credentials in Credential Manager.\\\"\"},\"eventdata\":{\"subjectUserSid\":\"S-1-5-20\",\"subjectUserName\":\"DESKTOP-5OG7C28$\",\"subjectDomainName\":\"WORKGROUP\",\"subjectLogonId\":\"0x3e4\",\"targetName\":\"WindowsLive:(token):name=02lefzcmiygivedy;serviceuri=*\",\"type\":\"0\",\"countOfCredentialsReturned\":\"0\",\"readOperation\":\"%%8100\",\"returnCode\":\"3221226021\",\"processCreationTime\":\"2026-10-02T13:34:51.1226711Z\",\"clientProcessId\":\"7408\"}}}","decoder":{"name":"windows_eventchannel"},"data":{"win":{"system":{"providerName":"Microsoft-Windows-Security-Auditing","providerGuid":"{54849625-5478-4994-a5ba-3e3b0328c30d}","eventID":"5379","version":"0","level":"0","task":"13824","opcode":"0","keywords":"0x8020000000000000","systemTime":"2026-10-02T13:44:22.7492598Z","eventRecordID":"54033","processID":"820","threadID":"8572","channel":"Security","computer":"DESKTOP-5OG7C28","severityValue":"AUDIT_SUCCESS","message":"\"Credential Manager credentials were read.\r\n\r\nSubject:\r\n\tSecurity ID:\t\tS-1-5-20\r\n\tAccount Name:\t\tDESKTOP-5OG7C28$\r\n\tAccount Domain:\t\tWORKGROUP\r\n\tLogon ID:\t\t0x3E4\r\n\tRead Operation:\t\tEnumerate Credentials\r\n\r\nThis event occurs when a user performs a read operation on stored credentials in Credential Manager.\""},"eventdata":{"subjectUserSid":"S-1-5-20","subjectUserName":"DESKTOP-5OG7C28$","subjectDomainName":"WORKGROUP","subjectLogonId":"0x3e4","targetName":"WindowsLive:(token):name=02lefzcmiygivedy;serviceuri=*","type":"0","countOfCredentialsReturned":"0","readOperation":"%%8100","returnCode":"3221226021","processCreationTime":"2026-10-02T13:34:51.1226711Z","clientProcessId":"7408"}}},"location":"EventChannel"}
{"timestamp":"2026-10-02T15:44:22.722+0200","agent":{"id":"001","name":"Windows_VM","ip":"192.168.232.130"},"manager":{"name":"dcasey-virtual-machine"},"id":"1790948662.343949","full_log":"{\"win\":{\"system\":{\"providerName\":\"Microsoft-Windows-Security-Auditing\",\"providerGuid\":\"{54849625-5478-4994-a5ba-3e3b0328c30d}\",\"eventID\":\"5379\",\"version\":\"0\",\"level\":\"0\",\"task\":\"13824\",\"opcode\":\"0\",\"keywords\":\"0x8020000000000000\",\"systemTime\":\"2026-10-02T13:44:22.7497690Z\",\"eventRecordID\":\"54034\",\"processID\":\"820\",\"threadID\":\"8572\",\"channel\":\"Security\",\"computer\":\"DESKTOP-5OG7C28\",\"severityValue\":\"AUDIT_SUCCESS\",\"message\":\"\\\"Credential Manager credentials were read.\\r\\n\\r\\nSubject:\\r\\n\\tSecurity ID:\\t\\tS-1-5-20\\r\\n\\tAccount Name:\\t\\tDESKTOP-5OG7C28$\\r\\n\\tAccount Domain:\\t\\tWORKGROUP\\r\\n\\tLogon ID:\\t\\t0x3E4\\r\\n\\tRead Operation:\\t\\tEnumerate Credentials\\r\\n\\r\\nThis event occurs when a user performs a read operation on stored credentials in Credential Manager.\\\"\"},\"eventdata\":{\"subjectUserSid\":\"S-1-5-20\",\"subjectUserName\":\"DESKTOP-5OG7C28$\",\"subjectDomainName\":\"WORKGROUP\",\"subjectLogonId\":\"0x3e4\",\"targetName\":\"WindowsLive:(cert):name=02lefzcmiygivedy;serviceuri=*\",\"type\":\"0\",\"countOfCredentialsReturned\":\"0\",\"readOperation\":\"%%8100\",\"returnCode\":\"3221226021\",\"processCreationTime\":\"2026-10-02T13:34:51.1226711Z\",\"clientProcessId\":\"7408\"}}}","decoder":{"name":"windows_eventchannel"},"data":{"win":{"system":{"providerName":"Microsoft-Windows-Security-Auditing","providerGuid":"{54849625-5478-4994-a5ba-3e3b0328c30d}","eventID":"5379","version":"0","level":"0","task":"13824","opcode":"0","keywords":"0x8020000000000000","systemTime":"2026-10-02T13:44:22.7497690Z","eventRecordID":"54034","processID":"820","threadID":"8572","channel":"Security","computer":"DESKTOP-5OG7C28","severityValue":"AUDIT_SUCCESS","message":"\"Credential Manager credentials were read.\r\n\r\nSubject:\r\n\tSecurity ID:\t\tS-1-5-20\r\n\tAccount Name:\t\tDESKTOP-5OG7C28$\r\n\tAccount Domain:\t\tWORKGROUP\r\n\tLogon ID:\t\t0x3E4\r\n\tRead Operation:\t\tEnumerate Credentials\r\n\r\nThis event occurs when a user performs a read operation on stored credentials in Credential Manager.\""},"eventdata":{"subjectUserSid":"S-1-5-20","subjectUserName":"DESKTOP-5OG7C28$","subjectDomainName":"WORKGROUP","subjectLogonId":"0x3e4","targetName":"WindowsLive:(cert):name=02lefzcmiygivedy;serviceuri=*","type":"0","countOfCredentialsReturned":"0","readOperation":"%%8100","returnCode":"3221226021","processCreationTime":"2026-10-02T13:34:51.1226711Z","clientProcessId":"7408"}}},"location":"EventChannel"}
{"timestamp":"2026-10-02T15:44:22.725+0200","agent":{"id":"001","name":"Windows_VM","ip":"192.168.232.130"},"manager":{"name":"dcasey-virtual-machine"},"id":"1790948662.343949","full_log":"{\"win\":{\"system\":{\"providerName\":\"Microsoft-Windows-Security-Auditing\",\"providerGuid\":\"{54849625-5478-4994-a5ba-3e3b0328c30d}\",\"eventID\":\"5379\",\"version\":\"0\",\"level\":\"0\",\"task\":\"13824\",\"opcode\":\"0\",\"keywords\":\"0x8020000000000000\",\"systemTime\":\"2026-10-02T13:44:22.7499038Z\",\"eventRecordID\":\"54035\",\"processID\":\"820\",\"threadID\":\"8572\",\"channel\":\"Security\",\"computer\":\"DESKTOP-5OG7C28\",\"severityValue\":\"AUDIT_SUCCESS\",\"message\":\"\\\"Credential Manager credentials were read.\\r\\n\\r\\nSubject:\\r\\n\\tSecurity ID:\\t\\tS-1-5-20\\r\\n\\tAccount Name:\\t\\tDESKTOP-5OG7C28$\\r\\n\\tAccount Domain:\\t\\tWORKGROUP\\r\\n\\tLogon ID:\\t\\t0x3E4\\r\\n\\tRead Operation:\\t\\tEnumerate Credentials\\r\\n\\r\\nThis event occurs when a user performs a read operation on stored credentials in Credential Manager.\\\"\"},\"eventdata\":{\"subjectUserSid\":\"S-1-5-20\",\"subjectUserName\":\"DESKTOP-5OG7C28$\",\"subjectDomainName\":\"WORKGROUP\",\"subjectLogonId\":\"0x3e4\",\"targetName\":\"WindowsLive:target=virtualapp/didlogical\",\"type\":\"0\",\"countOfCredentialsReturned\":\"1\",\"readOperation\":\"%%8100\",\"returnCode\":\"0\",\"processCreationTime\":\"2026-10-02T13:34:51.1226711Z\",\"clientProcessId\":\"7408\"}}}","decoder":{"name":"windows_eventchannel"},"data":{"win":{"system":{"providerName":"Microsoft-Windows-Security-Auditing","providerGuid":"{54849625-5478-4994-a5ba-3e3b0328c30d}","eventID":"5379","version":"0","level":"0","task":"13824","opcode":"0","keywords":"0x8020000000000000","systemTime":"2026-10-02T13:44:22.7499038Z","eventRecordID":"54035","processID":"820","threadID":"8572","channel":"Security","computer":"DESKTOP-5OG7C28","severityValue":"AUDIT_SUCCESS","message":"\"Credential Manager credentials were read.\r\n\r\nSubject:\r\n\tSecurity ID:\t\tS-1-5-20\r\n\tAccount Name:\t\tDESKTOP-5OG7C28$\r\n\tAccount Domain:\t\tWORKGROUP\r\n\tLogon ID:\t\t0x3E4\r\n\tRead Operation:\t\tEnumerate Credentials\r\n\r\nThis event occurs when a user performs a read operation on stored credentials in Credential Manager.\""},"eventdata":{"subjectUserSid":"S-1-5-20","subjectUserName":"DESKTOP-5OG7C28$","subjectDomainName":"WORKGROUP","subjectLogonId":"0x3e4","targetName":"WindowsLive:target=virtualapp/didlogical","type":"0","countOfCredentialsReturned":"1","readOperation":"%%8100","returnCode":"0","processCreationTime":"2026-10-02T13:34:51.1226711Z","clientProcessId":"7408"}}},"location":"EventChannel"}
{"timestamp":"2026-10-02T15:44:22.727+0200","agent":{"id":"001","name":"Windows_VM","ip":"192.168.232.130"},"manager":{"name":"dcasey-virtual-machine"},"id":"1790948662.343949","full_log":"{\"win\":{\"system\":{\"providerName\":\"Microsoft-Windows-Security-Auditing\",\"providerGuid\":\"{54849625-5478-4994-a5ba-3e3b0328c30d}\",\"eventID\":\"5379\",\"version\":\"0\",\"level\":\"0\",\"task\":\"13824\",\"opcode\":\"0\",\"keywords\":\"0x8020000000000000\",\"systemTime\":\"2026-10-02T13:44:22.7527740Z\",\"eventRecordID\":\"54036\",\"processID\":\"820\",\"threadID\":\"8572\",\"channel\":\"Security\",\"computer\":\"DESKTOP-5OG7C28\",\"severityValue\":\"AUDIT_SUCCESS\",\"message\":\"\\\"Credential Manager credentials were read.\\r\\n\\r\\nSubject:\\r\\n\\tSecurity ID:\\t\\tS-1-5-20\\r\\n\\tAccount Name:\\t\\tDESKTOP-5OG7C28$\\r\\n\\tAccount Domain:\\t\\tWORKGROUP\\r\\n\\tLogon ID:\\t\\t0x3E4\\r\\n\\tRead Operation:\\t\\tEnumerate Credentials\\r\\n\\r\\nThis event occurs when a user performs a read operation on stored credentials in Credential Manager.\\\"\"},\"eventdata\":{\"subjectUserSid\":\"S-1-5-20\",\"subjectUserName\":\"DESKTOP-5OG7C28$\",\"subjectDomainName\":\"WORKGROUP\",\"subjectLogonId\":\"0x3e4\",\"targetName\":\"MicrosoftAccount:user=02lefzcmiygivedy\",\"type\":\"0\",\"countOfCredentialsReturned\":\"0\",\"readOperation\":\"%%8100\",\"returnCode\":\"3221226021\",\"processCreationTime\":\"2026-10-02T13:34:51.1226711Z\",\"clientProcessId\":\"7408\"}}}","decoder":{"name":"windows_eventchannel"},"data":{"win":{"system":{"providerName":"Microsoft-Windows-Security-Auditing","providerGuid":"{54849625-5478-4994-a5ba-3e3b0328c30d}","eventID":"5379","version":"0","level":"0","task":"13824","opcode":"0","keywords":"0x8020000000000000","systemTime":"2026-10-02T13:44:22.7527740Z","eventRecordID":"54036","processID":"820","threadID":"8572","channel":"Security","computer":"DESKTOP-5OG7C28","severityValue":"AUDIT_SUCCESS","message":"\"Credential Manager credentials were read.\r\n\r\nSubject:\r\n\tSecurity ID:\t\tS-1-5-20\r\n\tAccount Name:\t\tDESKTOP-5OG7C28$\r\n\tAccount Domain:\t\tWORKGROUP\r\n\tLogon ID:\t\t0x3E4\r\n\tRead Operation:\t\tEnumerate Credentials\r\n\r\nThis event occurs when a user performs a read operation on stored credentials in Credential Manager.\""},"eventdata":{"subjectUserSid":"S-1-5-20","subjectUserName":"DESKTOP-5OG7C28$","subjectDomainName":"WORKGROUP","subjectLogonId":"0x3e4","targetName":"MicrosoftAccount:user=02lefzcmiygivedy","type":"0","countOfCredentialsReturned":"0","readOperation":"%%8100","returnCode":"3221226021","processCreationTime":"2026-10-02T13:34:51.1226711Z","clientProcessId":"7408"}}},"location":"EventChannel"}
{"timestamp":"2026-10-02T15:44:22.730+0200","agent":{"id":"001","name":"Windows_VM","ip":"192.168.232.130"},"manager":{"name":"dcasey-virtual-machine"},"id":"1790948662.343949","full_log":"{\"win\":{\"system\":{\"providerName\":\"Microsoft-Windows-Security-Auditing\",\"providerGuid\":\"{54849625-5478-4994-a5ba-3e3b0328c30d}\",\"eventID\":\"5379\",\"version\":\"0\",\"level\":\"0\",\"task\":\"13824\",\"opcode\":\"0\",\"keywords\":\"0x8020000000000000\",\"systemTime\":\"2026-10-02T13:44:22.7529839Z\",\"eventRecordID\":\"54037\",\"processID\":\"820\",\"threadID\":\"8572\",\"channel\":\"Security\",\"computer\":\"DESKTOP-5OG7C28\",\"severityValue\":\"AUDIT_SUCCESS\",\"message\":\"\\\"Credential Manager credentials were read.\\r\\n\\r\\nSubject:\\r\\n\\tSecurity ID:\\t\\tS-1-5-20\\r\\n\\tAccount Name:\\t\\tDESKTOP-5OG7C28$\\r\\n\\tAccount Domain:\\t\\tWORKGROUP\\r\\n\\tLogon ID:\\t\\t0x3E4\\r\\n\\tRead Operation:\\t\\tEnumerate Credentials\\r\\n\\r\\nThis event occurs when a user performs a read operation on stored credentials in Credential Manager.\\\"\"},\"eventdata\":{\"subjectUserSid\":\"S-1-5-20\",\"subjectUserName\":\"DESKTOP-5OG7C28$\",\"subjectDomainName\":\"WORKGROUP\",\"subjectLogonId\":\"0x3e4\",\"targetName\":\"WindowsLive:(token):name=02lefzcmiygivedy;serviceuri=*\",\"type\":\"0\",\"countOfCredentialsReturned\":\"0\",\"readOperation\":\"%%8100\",\"returnCode\":\"3221226021\",\"processCreationTime\":\"2026-10-02T13:34:51.1226711Z\",\"clientProcessId\":\"7408\"}}}","decoder":{"name":"windows_eventchannel"},"data":{"win":{"system":{"providerName":"Microsoft-Windows-Security-Auditing","providerGuid":"{54849625-5478-4994-a5ba-3e3b0328c30d}","eventID":"5379","version":"0","level":"0","task":"13824","opcode":"0","keywords":"0x8020000000000000","systemTime":"2026-10-02T13:44:22.7529839Z","eventRecordID":"54037","processID":"820","threadID":"8572","channel":"Security","computer":"DESKTOP-5OG7C28","severityValue":"AUDIT_SUCCESS","message":"\"Credential Manager credentials were read.\r\n\r\nSubject:\r\n\tSecurity ID:\t\tS-1-5-20\r\n\tAccount Name:\t\tDESKTOP-5OG7C28$\r\n\tAccount Domain:\t\tWORKGROUP\r\n\tLogon ID:\t\t0x3E4\r\n\tRead Operation:\t\tEnumerate Credentials\r\n\r\nThis event occurs when a user performs a read operation on stored credentials in Credential Manager.\""},"eventdata":{"subjectUserSid":"S-1-5-20","subjectUserName":"DESKTOP-5OG7C28$","subjectDomainName":"WORKGROUP","subjectLogonId":"0x3e4","targetName":"WindowsLive:(token):name=02lefzcmiygivedy;serviceuri=*","type":"0","countOfCredentialsReturned":"0","readOperation":"%%8100","returnCode":"3221226021","processCreationTime":"2026-10-02T13:34:51.1226711Z","clientProcessId":"7408"}}},"location":"EventChannel"}
{"timestamp":"2026-10-02T15:44:22.734+0200","agent":{"id":"001","name":"Windows_VM","ip":"192.168.232.130"},"manager":{"name":"dcasey-virtual-machine"},"id":"1790948662.343949","full_log":"{\"win\":{\"system\":{\"providerName\":\"Microsoft-Windows-Security-Auditing\",\"providerGuid\":\"{54849625-5478-4994-a5ba-3e3b0328c30d}\",\"eventID\":\"5379\",\"version\":\"0\",\"level\":\"0\",\"task\":\"13824\",\"opcode\":\"0\",\"keywords\":\"0x8020000000000000\",\"systemTime\":\"2026-10-02T13:44:22.7536297Z\",\"eventRecordID\":\"54038\",\"processID\":\"820\",\"threadID\":\"8572\",\"channel\":\"Security\",\"computer\":\"DESKTOP-5OG7C28\",\"severityValue\":\"AUDIT_SUCCESS\",\"message\":\"\\\"Credential Manager credentials were read.\\r\\n\\r\\nSubject:\\r\\n\\tSecurity ID:\\t\\tS-1-5-20\\r\\n\\tAccount Name:\\t\\tDESKTOP-5OG7C28$\\r\\n\\tAccount Domain:\\t\\tWORKGROUP\\r\\n\\tLogon ID:\\t\\t0x3E4\\r\\n\\tRead Operation:\\t\\tEnumerate Credentials\\r\\n\\r\\nThis event occurs when a user performs a read operation on stored credentials in Credential Manager.\\\"\"},\"eventdata\":{\"subjectUserSid\":\"S-1-5-20\",\"subjectUserName\":\"DESKTOP-5OG7C28$\",\"subjectDomainName\":\"WORKGROUP\",\"subjectLogonId\":\"0x3e4\",\"targetName\":\"WindowsLive:(cert):name=02lefzcmiygivedy;serviceuri=*\",\"type\":\"0\",\"countOfCredentialsReturned\":\"0\",\"readOperation\":\"%%8100\",\"returnCode\":\"3221226021\",\"processCreationTime\":\"2026-10-02T13:34:51.1226711Z\",\"clientProcessId\":\"7408\"}}}","decoder":{"name":"windows_eventchannel"},"data":{"win":{"system":{"providerName":"Microsoft-Windows-Security-Auditing","providerGuid":"{54849625-5478-4994-a5ba-3e3b0328c30d}","eventID":"5379","version":"0","level":"0","task":"13824","opcode":"0","keywords":"0x8020000000000000","systemTime":"2026-10-02T13:44:22.7536297Z","eventRecordID":"54038","processID":"820","threadID":"8572","channel":"Security","computer":"DESKTOP-5OG7C28","severityValue":"AUDIT_SUCCESS","message":"\"Credential Manager credentials were read.\r\n\r\nSubject:\r\n\tSecurity ID:\t\tS-1-5-20\r\n\tAccount Name:\t\tDESKTOP-5OG7C28$\r\n\tAccount Domain:\t\tWORKGROUP\r\n\tLogon ID:\t\t0x3E4\r\n\tRead Operation:\t\tEnumerate Credentials\r\n\r\nThis event occurs when a user performs a read operation on stored credentials in Credential Manager.\""},"eventdata":{"subjectUserSid":"S-1-5-20","subjectUserName":"DESKTOP-5OG7C28$","subjectDomainName":"WORKGROUP","subjectLogonId":"0x3e4","targetName":"WindowsLive:(cert):name=02lefzcmiygivedy;serviceuri=*","type":"0","countOfCredentialsReturned":"0","readOperation":"%%8100","returnCode":"3221226021","processCreationTime":"2026-10-02T13:34:51.1226711Z","clientProcessId":"7408"}}},"location":"EventChannel"}
{"timestamp":"2026-10-02T15:44:22.736+0200","agent":{"id":"001","name":"Windows_VM","ip":"192.168.232.130"},"manager":{"name":"dcasey-virtual-machine"},"id":"1790948662.343949","full_log":"{\"win\":{\"system\":{\"providerName\":\"Microsoft-Windows-Security-Auditing\",\"providerGuid\":\"{54849625-5478-4994-a5ba-3e3b0328c30d}\",\"eventID\":\"5379\",\"version\":\"0\",\"level\":\"0\",\"task\":\"13824\",\"opcode\":\"0\",\"keywords\":\"0x8020000000000000\",\"systemTime\":\"2026-10-02T13:44:23.4773298Z\",\"eventRecordID\":\"54039\",\"processID\":\"820\",\"threadID\":\"7800\",\"channel\":\"Security\",\"computer\":\"DESKTOP-5OG7C28\",\"severityValue\":\"AUDIT_SUCCESS\",\"message\":\"\\\"Credential Manager credentials were read.\\r\\n\\r\\nSubject:\\r\\n\\tSecurity ID:\\t\\tS-1-5-20\\r\\n\\tAccount Name:\\t\\tDESKTOP-5OG7C28$\\r\\n\\tAccount Domain:\\t\\tWORKGROUP\\r\\n\\tLogon ID:\\t\\t0x3E4\\r\\n\\tRead Operation:\\t\\tEnumerate Credentials\\r\\n\\r\\nThis event occurs when a user performs a read operation on stored credentials in Credential Manager.\\\"\"},\"eventdata\":{\"subjectUserSid\":\"S-1-5-20\",\"subjectUserName\":\"DESKTOP-5OG7C28$\",\"subjectDomainName\":\"WORKGROUP\",\"subjectLogonId\":\"0x3e4\",\"targetName\":\"MicrosoftAccount:user=02lefzcmiygivedy\",\"type\":\"0\",\"countOfCredentialsReturned\":\"0\",\"readOperation\":\"%%8100\",\"returnCode\":\"3221226021\",\"processCreationTime\":\"2026-10-02T13:34:51.1226711Z\",\"clientProcessId\":\"7408\"}}}","decoder":{"name":"windows_eventchannel"},"data":{"win":{"system":{"providerName":"Microsoft-Windows-Security-Auditing","providerGuid":"{54849625-5478-4994-a5ba-3e3b0328c30d}","eventID":"5379","version":"0","level":"0","task":"13824","opcode":"0","keywords":"0x8020000000000000","systemTime":"2026-10-02T13:44:23.4773298Z","eventRecordID":"54039","processID":"820","threadID":"7800","channel":"Security","computer":"DESKTOP-5OG7C28","severityValue":"AUDIT_SUCCESS","message":"\"Credential Manager credentials were read.\r\n\r\nSubject:\r\n\tSecurity ID:\t\tS-1-5-20\r\n\tAccount Name:\t\tDESKTOP-5OG7C28$\r\n\tAccount Domain:\t\tWORKGROUP\r\n\tLogon ID:\t\t0x3E4\r\n\tRead Operation:\t\tEnumerate Credentials\r\n\r\nThis event occurs when a user performs a read operation on stored credentials in Credential Manager.\""},"eventdata":{"subjectUserSid":"S-1-5-20","subjectUserName":"DESKTOP-5OG7C28$","subjectDomainName":"WORKGROUP","subjectLogonId":"0x3e4","targetName":"MicrosoftAccount:user=02lefzcmiygivedy","type":"0","countOfCredentialsReturned":"0","readOperation":"%%8100","returnCode":"3221226021","processCreationTime":"2026-10-02T13:34:51.1226711Z","clientProcessId":"7408"}}},"location":"EventChannel"}
{"timestamp":"2026-10-02T15:44:22.739+0200","agent":{"id":"001","name":"Windows_VM","ip":"192.168.232.130"},"manager":{"name":"dcasey-virtual-machine"},"id":"1790948662.343949","full_log":"{\"win\":{\"system\":{\"providerName\":\"Microsoft-Windows-Security-Auditing\",\"providerGuid\":\"{54849625-5478-4994-a5ba-3e3b0328c30d}\",\"eventID\":\"5379\",\"version\":\"0\",\"level\":\"0\",\"task\":\"13824\",\"opcode\":\"0\",\"keywords\":\"0x8020000000000000\",\"systemTime\":\"2026-10-02T13:44:23.4930120Z\",\"eventRecordID\":\"54040\",\"processID\":\"820\",\"threadID\":\"7800\",\"channel\":\"Security\",\"computer\":\"DESKTOP-5OG7C28\",\"severityValue\":\"AUDIT_SUCCESS\",\"message\":\"\\\"Credential Manager credentials were read.\\r\\n\\r\\nSubject:\\r\\n\\tSecurity ID:\\t\\tS-1-5-20\\r\\n\\tAccount Name:\\t\\tDESKTOP-5OG7C28$\\r\\n\\tAccount Domain:\\t\\tWORKGROUP\\r\\n\\tLogon ID:\\t\\t0x3E4\\r\\n\\tRead Operation:\\t\\tEnumerate Credentials\\r\\n\\r\\nThis event occurs when a user performs a read operation on stored credentials in Credential Manager.\\\"\"},\"eventdata\":{\"subjectUserSid\":\"S-1-5-20\",\"subjectUserName\":\"DESKTOP-5OG7C28$\",\"subjectDomainName\":\"WORKGROUP\",\"subjectLogonId\":\"0x3e4\",\"targetName\":\"MicrosoftAccount:user=02lefzcmiygivedy\",\"type\":\"0\",\"countOfCredentialsReturned\":\"0\",\"readOperation\":\"%%8100\",\"returnCode\":\"3221226021\",\"processCreationTime\":\"2026-10-02T13:34:51.1226711Z\",\"clientProcessId\":\"7408\"}}}","decoder":{"name":"windows_eventchannel"},"data":{"win":{"system":{"providerName":"Microsoft-Windows-Security-Auditing","providerGuid":"{54849625-5478-4994-a5ba-3e3b0328c30d}","eventID":"5379","version":"0","level":"0","task":"13824","opcode":"0","keywords":"0x8020000000000000","systemTime":"2026-10-02T13:44:23.4930120Z","eventRecordID":"54040","processID":"820","threadID":"7800","channel":"Security","computer":"DESKTOP-5OG7C28","severityValue":"AUDIT_SUCCESS","message":"\"Credential Manager credentials were read.\r\n\r\nSubject:\r\n\tSecurity ID:\t\tS-1-5-20\r\n\tAccount Name:\t\tDESKTOP-5OG7C28$\r\n\tAccount Domain:\t\tWORKGROUP\r\n\tLogon ID:\t\t0x3E4\r\n\tRead Operation:\t\tEnumerate Credentials\r\n\r\nThis event occurs when a user performs a read operation on stored credentials in Credential Manager.\""},"eventdata":{"subjectUserSid":"S-1-5-20","subjectUserName":"DESKTOP-5OG7C28$","subjectDomainName":"WORKGROUP","subjectLogonId":"0x3e4","targetName":"MicrosoftAccount:user=02lefzcmiygivedy","type":"0","countOfCredentialsReturned":"0","readOperation":"%%8100","returnCode":"3221226021","processCreationTime":"2026-10-02T13:34:51.1226711Z","clientProcessId":"7408"}}},"location":"EventChannel"}
{"timestamp":"2026-10-02T15:44:22.741+0200","agent":{"id":"001","name":"Windows_VM","ip":"192.168.232.130"},"manager":{"name":"dcasey-virtual-machine"},"id":"1790948662.343949","full_log":"{\"win\":{\"system\":{\"providerName\":\"Microsoft-Windows-Security-Auditing\",\"providerGuid\":\"{54849625-5478-4994-a5ba-3e3b0328c30d}\",\"eventID\":\"5379\",\"version\":\"0\",\"level\":\"0\",\"task\":\"13824\",\"opcode\":\"0\",\"keywords\":\"0x8020000000000000\",\"systemTime\":\"2026-10-02T13:44:23.4976669Z\",\"eventRecordID\":\"54041\",\"processID\":\"820\",\"threadID\":\"7800\",\"channel\":\"Security\",\"computer\":\"DESKTOP-5OG7C28\",\"severityValue\":\"AUDIT_SUCCESS\",\"message\":\"\\\"Credential Manager credentials were read.\\r\\n\\r\\nSubject:\\r\\n\\tSecurity ID:\\t\\tS-1-5-20\\r\\n\\tAccount Name:\\t\\tDESKTOP-5OG7C28$\\r\\n\\tAccount Domain:\\t\\tWORKGROUP\\r\\n\\tLogon ID:\\t\\t0x3E4\\r\\n\\tRead Operation:\\t\\tEnumerate Credentials\\r\\n\\r\\nThis event occurs when a user performs a read operation on stored credentials in Credential Manager.\\\"\"},\"eventdata\":{\"subjectUserSid\":\"S-1-5-20\",\"subjectUserName\":\"DESKTOP-5OG7C28$\",\"subjectDomainName\":\"WORKGROUP\",\"subjectLogonId\":\"0x3e4\",\"targetName\":\"MicrosoftAccount:user=02lefzcmiygivedy\",\"type\":\"0\",\"countOfCredentialsReturned\":\"0\",\"readOperation\":\"%%8100\",\"returnCode\":\"3221226021\",\"processCreationTime\":\"2026-10-02T13:34:51.1226711Z\",\"clientProcessId\":\"7408\"}}}","decoder":{"name":"windows_eventchannel"},"data":{"win":{"system":{"providerName":"Microsoft-Windows-Security-Auditing","providerGuid":"{54849625-5478-4994-a5ba-3e3b0328c30d}","eventID":"5379","version":"0","level":"0","task":"13824","opcode":"0","keywords":"0x8020000000000000","systemTime":"2026-10-02T13:44:23.4976669Z","eventRecordID":"54041","processID":"820","threadID":"7800","channel":"Security","computer":"DESKTOP-5OG7C28","severityValue":"AUDIT_SUCCESS","message":"\"Credential Manager credentials were read.\r\n\r\nSubject:\r\n\tSecurity ID:\t\tS-1-5-20\r\n\tAccount Name:\t\tDESKTOP-5OG7C28$\r\n\tAccount Domain:\t\tWORKGROUP\r\n\tLogon ID:\t\t0x3E4\r\n\tRead Operation:\t\tEnumerate Credentials\r\n\r\nThis event occurs when a user performs a read operation on stored credentials in Credential Manager.\""},"eventdata":{"subjectUserSid":"S-1-5-20","subjectUserName":"DESKTOP-5OG7C28$","subjectDomainName":"WORKGROUP","subjectLogonId":"0x3e4","targetName":"MicrosoftAccount:user=02lefzcmiygivedy","type":"0","countOfCredentialsReturned":"0","readOperation":"%%8100","returnCode":"3221226021","processCreationTime":"2026-10-02T13:34:51.1226711Z","clientProcessId":"7408"}}},"location":"EventChannel"}
{"timestamp":"2026-10-02T15:44:22.745+0200","agent":{"id":"001","name":"Windows_VM","ip":"192.168.232.130"},"manager":{"name":"dcasey-virtual-machine"},"id":"1790948662.343949","full_log":"{\"win\":{\"system\":{\"providerName\":\"Microsoft-Windows-Security-Auditing\",\"providerGuid\":\"{54849625-5478-4994-a5ba-3e3b0328c30d}\",\"eventID\":\"5379\",\"version\":\"0\",\"level\":\"0\",\"task\":\"13824\",\"opcode\":\"0\",\"keywords\":\"0x8020000000000000\",\"systemTime\":\"2026-10-02T13:44:23.4977578Z\",\"eventRecordID\":\"54042\",\"processID\":\"820\",\"threadID\":\"7800\",\"channel\":\"Security\",\"computer\":\"DESKTOP-5OG7C28\",\"severityValue\":\"AUDIT_SUCCESS\",\"message\":\"\\\"Credential Manager credentials were read.\\r\\n\\r\\nSubject:\\r\\n\\tSecurity ID:\\t\\tS-1-5-20\\r\\n\\tAccount Name:\\t\\tDESKTOP-5OG7C28$\\r\\n\\tAccount Domain:\\t\\tWORKGROUP\\r\\n\\tLogon ID:\\t\\t0x3E4\\r\\n\\tRead Operation:\\t\\tEnumerate Credentials\\r\\n\\r\\nThis event occurs when a user performs a read operation on stored credentials in Credential Manager.\\\"\"},\"eventdata\":{\"subjectUserSid\":\"S-1-5-20\",\"subjectUserName\":\"DESKTOP-5OG7C28$\",\"subjectDomainName\":\"WORKGROUP\",\"subjectLogonId\":\"0x3e4\",\"targetName\":\"MicrosoftAccount:user=02lefzcmiygivedy\",\"type\":\"0\",\"countOfCredentialsReturned\":\"0\",\"readOperation\":\"%%8100\",\"returnCode\":\"3221226021\",\"processCreationTime\":\"2026-10-02T13:34:51.1226711Z\",\"clientProcessId\":\"7408\"}}}","decoder":{"name":"windows_eventchannel"},"data":{"win":{"system":{"providerName":"Microsoft-Windows-Security-Auditing","providerGuid":"{54849625-5478-4994-a5ba-3e3b0328c30d}","eventID":"5379","version":"0","level":"0","task":"13824","opcode":"0","keywords":"0x8020000000000000","systemTime":"2026-10-02T13:44:23.4977578Z","eventRecordID":"54042","processID":"820","threadID":"7800","channel":"Security","computer":"DESKTOP-5OG7C28","severityValue":"AUDIT_SUCCESS","message":"\"Credential Manager credentials were read.\r\n\r\nSubject:\r\n\tSecurity ID:\t\tS-1-5-20\r\n\tAccount Name:\t\tDESKTOP-5OG7C28$\r\n\tAccount Domain:\t\tWORKGROUP\r\n\tLogon ID:\t\t0x3E4\r\n\tRead Operation:\t\tEnumerate Credentials\r\n\r\nThis event occurs when a user performs a read operation on stored credentials in Credential Manager.\""},"eventdata":{"subjectUserSid":"S-1-5-20","subjectUserName":"DESKTOP-5OG7C28$","subjectDomainName":"WORKGROUP","subjectLogonId":"0x3e4","targetName":"MicrosoftAccount:user=02lefzcmiygivedy","type":"0","countOfCredentialsReturned":"0","readOperation":"%%8100","returnCode":"3221226021","processCreationTime":"2026-10-02T13:34:51.1226711Z","clientProcessId":"7408"}}},"location":"EventChannel"}
{"timestamp":"2026-10-02T15:44:24.088+0200","agent":{"id":"001","name":"Windows_VM","ip":"192.168.232.130"},"manager":{"name":"dcasey-virtual-machine"},"id":"1790948664.343949","full_log":"{\"win\":{\"system\":{\"providerName\":\"Microsoft-Windows-Sysmon\",\"providerGuid\":\"{5770385f-c22a-43e0-bf4c-06f5698ffbd9}\",\"eventID\":\"1\",\"version\":\"5\",\"level\":\"4\",\"task\":\"1\",\"opcode\":\"0\",\"keywords\":\"0x8000000000000000\",\"systemTime\":\"2026-10-02T13:44:24.1302916Z\",\"eventRecordID\":\"15017\",\"processID\":\"3504\",\"threadID\":\"4956\",\"channel\":\"Microsoft-Windows-Sysmon/Operational\",\"computer\":\"DESKTOP-5OG7C28\",\"severityValue\":\"INFORMATION\",\"message\":\"\\\"Process Create:\\r\\nRuleName: -\\r\\nUtcTime: 2026-10-02 13:44:24.124\\r\\nProcessGuid: {4b2ce92d-b538-6abf-f502-000000001400}\\r\\nProcessId: 1392\\r\\nImage: C:\\\\ProgramData\\\\Microsoft\\\\Windows Defender\\\\Platform\\\\4.18.26080.4-0\\\\MpCmdRun.exe\\r\\nFileVersion: 4.18.26080.4 (ccacee407da609d5c2c557d13db39624e32a0227)\\r\\nDescription: Microsoft Malware Protection Command Line Utility\\r\\nProduct: Microsoft® Windows® Operating System\\r\\nCompany: Microsoft Corporation\\r\\nOriginalFileName: MpCmdRun.exe\\r\\nCommandLine: \\\"C:\\\\ProgramData\\\\Microsoft\\\\Windows Defender\\\\Platform\\\\4.18.26080.4-0\\\\MpCmdRun.exe\\\" -IdleTask -TaskName WdVerification\\r\\nCurrentDirectory: C:\\\\WINDOWS\\\\system32\\\\\\r\\nUser: NT AUTHORITY\\\\SYSTEM\\r\\nLogonGuid: {4b2ce92d-824a-6abe-e703-000000000000}\\r\\nLogonId: 0x3E7\\r\\nTerminalSessionId: 0\\r\\nIntegrityLevel: System\\r\\nHashes: MD5=F32D5E3526CCD0C9DCF73CF78F29E5EB,SHA256=540BB6E0B6596CDC636CFB83ACA6C462282A5770D6B3044CC49EF06414F1D5FB,IMPHASH=62C0483EF5C789FA0A0F4076D14A649B\\r\\nParentProcessGuid: {4b2ce92d-824e-6abe-2c00-000000001400}\\r\\nParentProcessId: 1268\\r\\nParentImage: C:\\\\Windows\\\\System32\\\\svchost.exe\\r\\nParentCommandLine: C:\\\\WINDOWS\\\\system32\\\\svchost.exe -k netsvcs -p -s Schedule\\r\\nParentUser: NT AUTHORITY\\\\SYSTEM\\\"\"},\"eventdata\":{\"utcTime\":\"2026-10-02 13:44:24.124\",\"processGuid\":\"{4b2ce92d-b538-6abf-f502-000000001400}\",\"processId\":\"1392\",\"image\":\"C:\\\\\\\\ProgramData\\\\\\\\Microsoft\\\\\\\\Windows Defender\\\\\\\\Platform\\\\\\\\4.18.26080.4-0\\\\\\\\MpCmdRun.exe\",\"fileVersion\":\"4.18.26080.4 (ccacee407da609d5c2c557d13db39624e32a0227)\",\"description\":\"Microsoft Malware Protection Command Line Utility\",\"product\":\"Microsoft® Windows® Operating System\",\"company\":\"Microsoft Corporation\",\"originalFileName\":\"MpCmdRun.exe\",\"commandLine\":\"\\\\\\\"C:\\\\\\\\ProgramData\\\\\\\\Microsoft\\\\\\\\Windows Defender\\\\\\\\Platform\\\\\\\\4.18.26080.4-0\\\\\\\\MpCmdRun.exe\\\\\\\" -IdleTask -TaskName WdVerification\",\"currentDirectory\":\"C:\\\\\\\\WINDOWS\\\\\\\\system32\\\\\\\\\",\"user\":\"NT AUTHORITY\\\\\\\\SYSTEM\",\"logonGuid\":\"{4b2ce92d-824a-6abe-e703-000000000000}\",\"logonId\":\"0x3e7\",\"terminalSessionId\":\"0\",\"integrityLevel\":\"System\",\"hashes\":\"MD5=F32D5E3526CCD0C9DCF73CF78F29E5EB,SHA256=540BB6E0B6596CDC636CFB83ACA6C462282A5770D6B3044CC49EF06414F1D5FB,IMPHASH=62C0483EF5C789FA0A0F4076D14A649B\",\"parentProcessGuid\":\"{4b2ce92d-824e-6abe-2c00-000000001400}\",\"parentProcessId\":\"1268\",\"parentImage\":\"C:\\\\\\\\Windows\\\\\\\\System32\\\\\\\\svchost.exe\",\"parentCommandLine\":\"C:\\\\\\\\WINDOWS\\\\\\\\system32\\\\\\\\svchost.exe -k netsvcs -p -s Schedule\",\"parentUser\":\"NT AUTHORITY\\\\\\\\SYSTEM\"}}}","decoder":{"name":"windows_eventchannel"},"data":{"win":{"system":{"providerName":"Microsoft-Windows-Sysmon","providerGuid":"{5770385f-c22a-43e0-bf4c-06f5698ffbd9}","eventID":"1","version":"5","level":"4","task":"1","opcode":"0","keywords":"0x8000000000000000","systemTime":"2026-10-02T13:44:24.1302916Z","eventRecordID":"15017","processID":"3504","threadID":"4956","channel":"Microsoft-Windows-Sysmon/Operational","computer":"DESKTOP-5OG7C28","severityValue":"INFORMATION","message":"\"Process Create:\r\nRuleName: -\r\nUtcTime: 2026-10-02 13:44:24.124\r\nProcessGuid: {4b2ce92d-b538-6abf-f502-000000001400}\r\nProcessId: 1392\r\nImage: C:\\ProgramData\\Microsoft\\Windows Defender\\Platform\\4.18.26080.4-0\\MpCmdRun.exe\r\nFileVersion: 4.18.26080.4 (ccacee407da609d5c2c557d13db39624e32a0227)\r\nDescription: Microsoft Malware Protection Command Line Utility\r\nProduct: Microsoft® Windows® Operating System\r\nCompany: Microsoft Corporation\r\nOriginalFileName: MpCmdRun.exe\r\nCommandLine: \"C:\\ProgramData\\Microsoft\\Windows Defender\\Platform\\4.18.26080.4-0\\MpCmdRun.exe\" -IdleTask -TaskName WdVerification\r\nCurrentDirectory: C:\\WINDOWS\\system32\\\r\nUser: NT AUTHORITY\\SYSTEM\r\nLogonGuid: {4b2ce92d-824a-6abe-e703-000000000000}\r\nLogonId: 0x3E7\r\nTerminalSessionId: 0\r\nIntegrityLevel: System\r\nHashes: MD5=F32D5E3526CCD0C9DCF73CF78F29E5EB,SHA256=540BB6E0B6596CDC636CFB83ACA6C462282A5770D6B3044CC49EF06414F1D5FB,IMPHASH=62C0483EF5C789FA0A0F4076D14A649B\r\nParentProcessGuid: {4b2ce92d-824e-6abe-2c00-000000001400}\r\nParentProcessId: 1268\r\nParentImage: C:\\Windows\\System32\\svchost.exe\r\nParentCommandLine: C:\\WINDOWS\\system32\\svchost.exe -k netsvcs -p -s Schedule\r\nParentUser: NT AUTHORITY\\SYSTEM\""},"eventdata":{"utcTime":"2026-10-02 13:44:24.124","processGuid":"{4b2ce92d-b538-6abf-f502-000000001400}","processId":"1392","image":"C:\\\\ProgramData\\\\Microsoft\\\\Windows Defender\\\\Platform\\\\4.18.26080.4-0\\\\MpCmdRun.exe","fileVersion":"4.18.26080.4 (ccacee407da609d5c2c557d13db39624e32a0227)","description":"Microsoft Malware Protection Command Line Utility","product":"Microsoft® Windows® Operating System","company":"Microsoft Corporation","originalFileName":"MpCmdRun.exe","commandLine":"\\\"C:\\\\ProgramData\\\\Microsoft\\\\Windows Defender\\\\Platform\\\\4.18.26080.4-0\\\\MpCmdRun.exe\\\" -IdleTask -TaskName WdVerification","currentDirectory":"C:\\\\WINDOWS\\\\system32\\\\","user":"NT AUTHORITY\\\\SYSTEM","logonGuid":"{4b2ce92d-824a-6abe-e703-000000000000}","logonId":"0x3e7","terminalSessionId":"0","integrityLevel":"System","hashes":"MD5=F32D5E3526CCD0C9DCF73CF78F29E5EB,SHA256=540BB6E0B6596CDC636CFB83ACA6C462282A5770D6B3044CC49EF06414F1D5FB,IMPHASH=62C0483EF5C789FA0A0F4076D14A649B","parentProcessGuid":"{4b2ce92d-824e-6abe-2c00-000000001400}","parentProcessId":"1268","parentImage":"C:\\\\Windows\\\\System32\\\\svchost.exe","parentCommandLine":"C:\\\\WINDOWS\\\\system32\\\\svchost.exe -k netsvcs -p -s Schedule","parentUser":"NT AUTHORITY\\\\SYSTEM"}}},"location":"EventChannel"}
{"timestamp":"2026-10-02T15:44:28.631+0200","rule":{"level":3,"description":"PAM: Login session closed.","id":"5502","firedtimes":1,"mail":false,"groups":["pam","syslog"],"pci_dss":["10.2.5"],"gpg13":["7.8","7.9"],"gdpr":["IV_32.2"],"hipaa":["164.312.b"],"nist_800_53":["AU.14","AC.7"],"tsc":["CC6.8","CC7.2","CC7.3"]},"agent":{"id":"000","name":"dcasey-virtual-machine"},"manager":{"name":"dcasey-virtual-machine"},"id":"1790948668.343949","full_log":"Oct 02 13:44:27 dcasey-virtual-machine sudo[11699]: pam_unix(sudo:session): session closed for user root","predecoder":{"program_name":"sudo","timestamp":"Oct 02 13:44:27","hostname":"dcasey-virtual-machine"},"decoder":{"parent":"pam","name":"pam"},"data":{"dstuser":"root"},"location":"journald"}
{"timestamp":"2026-10-02T15:44:28.631+0200","rule":{"level":3,"description":"Successful sudo to ROOT executed.","id":"5402","mitre":{"id":["T1548.003"],"tactic":["Privilege Escalation","Defense Evasion"],"technique":["Sudo and Sudo Caching"]},"firedtimes":1,"mail":false,"groups":["syslog","sudo"],"pci_dss":["10.2.5","10.2.2"],"gpg13":["7.6","7.8","7.13"],"gdpr":["IV_32.2"],"hipaa":["164.312.b"],"nist_800_53":["AU.14","AC.7","AC.6"],"tsc":["CC6.8","CC7.2","CC7.3"]},"agent":{"id":"000","name":"dcasey-virtual-machine"},"manager":{"name":"dcasey-virtual-machine"},"id":"1790948668.347190","full_log":"Oct 02 13:44:27 dcasey-virtual-machine sudo[11699]:     root : TTY=pts/1 ; PWD=/root ; USER=root ; COMMAND=/usr/bin/cat /var/ossec/logs/archives/archives.json","predecoder":{"program_name":"sudo","timestamp":"Oct 02 13:44:27","hostname":"dcasey-virtual-machine"},"decoder":{"parent":"sudo","name":"sudo","ftscomment":"First time user executed the sudo command"},"data":{"srcuser":"root","dstuser":"root","tty":"pts/1","pwd":"/root","command":"/usr/bin/cat /var/ossec/logs/archives/archives.json"},"location":"journald"}
{"timestamp":"2026-10-02T15:44:28.631+0200","rule":{"level":3,"description":"PAM: Login session opened.","id":"5501","mitre":{"id":["T1078"],"tactic":["Defense Evasion","Persistence","Privilege Escalation","Initial Access"],"technique":["Valid Accounts"]},"firedtimes":2,"mail":false,"groups":["pam","syslog","authentication_success"],"pci_dss":["10.2.5"],"gpg13":["7.8","7.9"],"gdpr":["IV_32.2"],"hipaa":["164.312.b"],"nist_800_53":["AU.14","AC.7"],"tsc":["CC6.8","CC7.2","CC7.3"]},"agent":{"id":"000","name":"dcasey-virtual-machine"},"manager":{"name":"dcasey-virtual-machine"},"id":"1790948668.347773","full_log":"Oct 02 13:44:27 dcasey-virtual-machine sudo[11699]: pam_unix(sudo:session): session opened for user root(uid=0) by dcasey(uid=0)","predecoder":{"program_name":"sudo","timestamp":"Oct 02 13:44:27","hostname":"dcasey-virtual-machine"},"decoder":{"parent":"pam","name":"pam"},"data":{"srcuser":"dcasey","dstuser":"root","uid":"0"},"location":"journald"}
{"timestamp":"2026-10-02T15:44:29.865+0200","agent":{"id":"001","name":"Windows_VM","ip":"192.168.232.130"},"manager":{"name":"dcasey-virtual-machine"},"id":"1790948669.347773","full_log":"{\"win\":{\"system\":{\"providerName\":\"Microsoft-Windows-Sysmon\",\"providerGuid\":\"{5770385f-c22a-43e0-bf4c-06f5698ffbd9}\",\"eventID\":\"1\",\"version\":\"5\",\"level\":\"4\",\"task\":\"1\",\"opcode\":\"0\",\"keywords\":\"0x8000000000000000\",\"systemTime\":\"2026-10-02T13:44:29.9152632Z\",\"eventRecordID\":\"15018\",\"processID\":\"3504\",\"threadID\":\"4956\",\"channel\":\"Microsoft-Windows-Sysmon/Operational\",\"computer\":\"DESKTOP-5OG7C28\",\"severityValue\":\"INFORMATION\",\"message\":\"\\\"Process Create:\\r\\nRuleName: -\\r\\nUtcTime: 2026-10-02 13:44:29.908\\r\\nProcessGuid: {4b2ce92d-b53d-6abf-f702-000000001400}\\r\\nProcessId: 9580\\r\\nImage: C:\\\\Windows\\\\System32\\\\SecurityHealth\\\\10.0.29628.1000-0\\\\SecurityHealthHost.exe\\r\\nFileVersion: 10.0.29628.1000 (WinBuild.160101.0800)\\r\\nDescription: Windows Security Health Host\\r\\nProduct: Microsoft® Windows® Operating System\\r\\nCompany: Microsoft Corporation\\r\\nOriginalFileName: SecurityHealthHost.exe\\r\\nCommandLine: \\\\\\\\?\\\\C:\\\\Windows\\\\System32\\\\SecurityHealth\\\\10.0.29628.1000-0\\\\SecurityHealthHost.exe {08728914-3F57-4D52-9E31-49DAECA5A80A} -Embedding\\r\\nCurrentDirectory: C:\\\\WINDOWS\\\\system32\\\\\\r\\nUser: DESKTOP-5OG7C28\\\\Darragh Casey\\r\\nLogonGuid: {4b2ce92d-826e-6abe-a98d-0a0000000000}\\r\\nLogonId: 0xA8DA9\\r\\nTerminalSessionId: 1\\r\\nIntegrityLevel: Medium\\r\\nHashes: MD5=2B7AA09812B50668D6AF17C23EFBD848,SHA256=41393D3517A7AF600617F5A247CD08AF84D9C66DFC0604DDCBAF0F274042E2A6,IMPHASH=39FDBDB91931E454955C00A202FA0A33\\r\\nParentProcessGuid: {00000000-0000-0000-0000-000000000000}\\r\\nParentProcessId: 952\\r\\nParentImage: -\\r\\nParentCommandLine: -\\r\\nParentUser: -\\\"\"},\"eventdata\":{\"utcTime\":\"2026-10-02 13:44:29.908\",\"processGuid\":\"{4b2ce92d-b53d-6abf-f702-000000001400}\",\"processId\":\"9580\",\"image\":\"C:\\\\\\\\Windows\\\\\\\\System32\\\\\\\\SecurityHealth\\\\\\\\10.0.29628.1000-0\\\\\\\\SecurityHealthHost.exe\",\"fileVersion\":\"10.0.29628.1000 (WinBuild.160101.0800)\",\"description\":\"Windows Security Health Host\",\"product\":\"Microsoft® Windows® Operating System\",\"company\":\"Microsoft Corporation\",\"originalFileName\":\"SecurityHealthHost.exe\",\"commandLine\":\"\\\\\\\\\\\\\\\\?\\\\\\\\C:\\\\\\\\Windows\\\\\\\\System32\\\\\\\\SecurityHealth\\\\\\\\10.0.29628.1000-0\\\\\\\\SecurityHealthHost.exe {08728914-3F57-4D52-9E31-49DAECA5A80A} -Embedding\",\"currentDirectory\":\"C:\\\\\\\\WINDOWS\\\\\\\\system32\\\\\\\\\",\"user\":\"DESKTOP-5OG7C28\\\\\\\\Darragh Casey\",\"logonGuid\":\"{4b2ce92d-826e-6abe-a98d-0a0000000000}\",\"logonId\":\"0xa8da9\",\"terminalSessionId\":\"1\",\"integrityLevel\":\"Medium\",\"hashes\":\"MD5=2B7AA09812B50668D6AF17C23EFBD848,SHA256=41393D3517A7AF600617F5A247CD08AF84D9C66DFC0604DDCBAF0F274042E2A6,IMPHASH=39FDBDB91931E454955C00A202FA0A33\",\"parentProcessGuid\":\"{00000000-0000-0000-0000-000000000000}\",\"parentProcessId\":\"952\"}}}","decoder":{"name":"windows_eventchannel"},"data":{"win":{"system":{"providerName":"Microsoft-Windows-Sysmon","providerGuid":"{5770385f-c22a-43e0-bf4c-06f5698ffbd9}","eventID":"1","version":"5","level":"4","task":"1","opcode":"0","keywords":"0x8000000000000000","systemTime":"2026-10-02T13:44:29.9152632Z","eventRecordID":"15018","processID":"3504","threadID":"4956","channel":"Microsoft-Windows-Sysmon/Operational","computer":"DESKTOP-5OG7C28","severityValue":"INFORMATION","message":"\"Process Create:\r\nRuleName: -\r\nUtcTime: 2026-10-02 13:44:29.908\r\nProcessGuid: {4b2ce92d-b53d-6abf-f702-000000001400}\r\nProcessId: 9580\r\nImage: C:\\Windows\\System32\\SecurityHealth\\10.0.29628.1000-0\\SecurityHealthHost.exe\r\nFileVersion: 10.0.29628.1000 (WinBuild.160101.0800)\r\nDescription: Windows Security Health Host\r\nProduct: Microsoft® Windows® Operating System\r\nCompany: Microsoft Corporation\r\nOriginalFileName: SecurityHealthHost.exe\r\nCommandLine: \\\\?\\C:\\Windows\\System32\\SecurityHealth\\10.0.29628.1000-0\\SecurityHealthHost.exe {08728914-3F57-4D52-9E31-49DAECA5A80A} -Embedding\r\nCurrentDirectory: C:\\WINDOWS\\system32\\\r\nUser: DESKTOP-5OG7C28\\Darragh Casey\r\nLogonGuid: {4b2ce92d-826e-6abe-a98d-0a0000000000}\r\nLogonId: 0xA8DA9\r\nTerminalSessionId: 1\r\nIntegrityLevel: Medium\r\nHashes: MD5=2B7AA09812B50668D6AF17C23EFBD848,SHA256=41393D3517A7AF600617F5A247CD08AF84D9C66DFC0604DDCBAF0F274042E2A6,IMPHASH=39FDBDB91931E454955C00A202FA0A33\r\nParentProcessGuid: {00000000-0000-0000-0000-000000000000}\r\nParentProcessId: 952\r\nParentImage: -\r\nParentCommandLine: -\r\nParentUser: -\""},"eventdata":{"utcTime":"2026-10-02 13:44:29.908","processGuid":"{4b2ce92d-b53d-6abf-f702-000000001400}","processId":"9580","image":"C:\\\\Windows\\\\System32\\\\SecurityHealth\\\\10.0.29628.1000-0\\\\SecurityHealthHost.exe","fileVersion":"10.0.29628.1000 (WinBuild.160101.0800)","description":"Windows Security Health Host","product":"Microsoft® Windows® Operating System","company":"Microsoft Corporation","originalFileName":"SecurityHealthHost.exe","commandLine":"\\\\\\\\?\\\\C:\\\\Windows\\\\System32\\\\SecurityHealth\\\\10.0.29628.1000-0\\\\SecurityHealthHost.exe {08728914-3F57-4D52-9E31-49DAECA5A80A} -Embedding","currentDirectory":"C:\\\\WINDOWS\\\\system32\\\\","user":"DESKTOP-5OG7C28\\\\Darragh Casey","logonGuid":"{4b2ce92d-826e-6abe-a98d-0a0000000000}","logonId":"0xa8da9","terminalSessionId":"1","integrityLevel":"Medium","hashes":"MD5=2B7AA09812B50668D6AF17C23EFBD848,SHA256=41393D3517A7AF600617F5A247CD08AF84D9C66DFC0604DDCBAF0F274042E2A6,IMPHASH=39FDBDB91931E454955C00A202FA0A33","parentProcessGuid":"{00000000-0000-0000-0000-000000000000}","parentProcessId":"952"}}},"location":"EventChannel"}
{"timestamp":"2026-10-02T15:44:29.866+0200","agent":{"id":"001","name":"Windows_VM","ip":"192.168.232.130"},"manager":{"name":"dcasey-virtual-machine"},"id":"1790948669.347773","full_log":"{\"win\":{\"system\":{\"providerName\":\"Microsoft-Windows-Sysmon\",\"providerGuid\":\"{5770385f-c22a-43e0-bf4c-06f5698ffbd9}\",\"eventID\":\"1\",\"version\":\"5\",\"level\":\"4\",\"task\":\"1\",\"opcode\":\"0\",\"keywords\":\"0x8000000000000000\",\"systemTime\":\"2026-10-02T13:44:30.1872103Z\",\"eventRecordID\":\"15019\",\"processID\":\"3504\",\"threadID\":\"4956\",\"channel\":\"Microsoft-Windows-Sysmon/Operational\",\"computer\":\"DESKTOP-5OG7C28\",\"severityValue\":\"INFORMATION\",\"message\":\"\\\"Process Create:\\r\\nRuleName: -\\r\\nUtcTime: 2026-10-02 13:44:30.184\\r\\nProcessGuid: {4b2ce92d-b53e-6abf-f802-000000001400}\\r\\nProcessId: 7656\\r\\nImage: C:\\\\Windows\\\\System32\\\\SecurityHealth\\\\10.0.29628.1000-0\\\\SecurityHealthHost.exe\\r\\nFileVersion: 10.0.29628.1000 (WinBuild.160101.0800)\\r\\nDescription: Windows Security Health Host\\r\\nProduct: Microsoft® Windows® Operating System\\r\\nCompany: Microsoft Corporation\\r\\nOriginalFileName: SecurityHealthHost.exe\\r\\nCommandLine: \\\\\\\\?\\\\C:\\\\Windows\\\\System32\\\\SecurityHealth\\\\10.0.29628.1000-0\\\\SecurityHealthHost.exe {08728914-3F57-4D52-9E31-49DAECA5A80A} -Embedding\\r\\nCurrentDirectory: C:\\\\WINDOWS\\\\system32\\\\\\r\\nUser: DESKTOP-5OG7C28\\\\Darragh Casey\\r\\nLogonGuid: {4b2ce92d-826e-6abe-a98d-0a0000000000}\\r\\nLogonId: 0xA8DA9\\r\\nTerminalSessionId: 1\\r\\nIntegrityLevel: Medium\\r\\nHashes: MD5=2B7AA09812B50668D6AF17C23EFBD848,SHA256=41393D3517A7AF600617F5A247CD08AF84D9C66DFC0604DDCBAF0F274042E2A6,IMPHASH=39FDBDB91931E454955C00A202FA0A33\\r\\nParentProcessGuid: {00000000-0000-0000-0000-000000000000}\\r\\nParentProcessId: 952\\r\\nParentImage: -\\r\\nParentCommandLine: -\\r\\nParentUser: -\\\"\"},\"eventdata\":{\"utcTime\":\"2026-10-02 13:44:30.184\",\"processGuid\":\"{4b2ce92d-b53e-6abf-f802-000000001400}\",\"processId\":\"7656\",\"image\":\"C:\\\\\\\\Windows\\\\\\\\System32\\\\\\\\SecurityHealth\\\\\\\\10.0.29628.1000-0\\\\\\\\SecurityHealthHost.exe\",\"fileVersion\":\"10.0.29628.1000 (WinBuild.160101.0800)\",\"description\":\"Windows Security Health Host\",\"product\":\"Microsoft® Windows® Operating System\",\"company\":\"Microsoft Corporation\",\"originalFileName\":\"SecurityHealthHost.exe\",\"commandLine\":\"\\\\\\\\\\\\\\\\?\\\\\\\\C:\\\\\\\\Windows\\\\\\\\System32\\\\\\\\SecurityHealth\\\\\\\\10.0.29628.1000-0\\\\\\\\SecurityHealthHost.exe {08728914-3F57-4D52-9E31-49DAECA5A80A} -Embedding\",\"currentDirectory\":\"C:\\\\\\\\WINDOWS\\\\\\\\system32\\\\\\\\\",\"user\":\"DESKTOP-5OG7C28\\\\\\\\Darragh Casey\",\"logonGuid\":\"{4b2ce92d-826e-6abe-a98d-0a0000000000}\",\"logonId\":\"0xa8da9\",\"terminalSessionId\":\"1\",\"integrityLevel\":\"Medium\",\"hashes\":\"MD5=2B7AA09812B50668D6AF17C23EFBD848,SHA256=41393D3517A7AF600617F5A247CD08AF84D9C66DFC0604DDCBAF0F274042E2A6,IMPHASH=39FDBDB91931E454955C00A202FA0A33\",\"parentProcessGuid\":\"{00000000-0000-0000-0000-000000000000}\",\"parentProcessId\":\"952\"}}}","decoder":{"name":"windows_eventchannel"},"data":{"win":{"system":{"providerName":"Microsoft-Windows-Sysmon","providerGuid":"{5770385f-c22a-43e0-bf4c-06f5698ffbd9}","eventID":"1","version":"5","level":"4","task":"1","opcode":"0","keywords":"0x8000000000000000","systemTime":"2026-10-02T13:44:30.1872103Z","eventRecordID":"15019","processID":"3504","threadID":"4956","channel":"Microsoft-Windows-Sysmon/Operational","computer":"DESKTOP-5OG7C28","severityValue":"INFORMATION","message":"\"Process Create:\r\nRuleName: -\r\nUtcTime: 2026-10-02 13:44:30.184\r\nProcessGuid: {4b2ce92d-b53e-6abf-f802-000000001400}\r\nProcessId: 7656\r\nImage: C:\\Windows\\System32\\SecurityHealth\\10.0.29628.1000-0\\SecurityHealthHost.exe\r\nFileVersion: 10.0.29628.1000 (WinBuild.160101.0800)\r\nDescription: Windows Security Health Host\r\nProduct: Microsoft® Windows® Operating System\r\nCompany: Microsoft Corporation\r\nOriginalFileName: SecurityHealthHost.exe\r\nCommandLine: \\\\?\\C:\\Windows\\System32\\SecurityHealth\\10.0.29628.1000-0\\SecurityHealthHost.exe {08728914-3F57-4D52-9E31-49DAECA5A80A} -Embedding\r\nCurrentDirectory: C:\\WINDOWS\\system32\\\r\nUser: DESKTOP-5OG7C28\\Darragh Casey\r\nLogonGuid: {4b2ce92d-826e-6abe-a98d-0a0000000000}\r\nLogonId: 0xA8DA9\r\nTerminalSessionId: 1\r\nIntegrityLevel: Medium\r\nHashes: MD5=2B7AA09812B50668D6AF17C23EFBD848,SHA256=41393D3517A7AF600617F5A247CD08AF84D9C66DFC0604DDCBAF0F274042E2A6,IMPHASH=39FDBDB91931E454955C00A202FA0A33\r\nParentProcessGuid: {00000000-0000-0000-0000-000000000000}\r\nParentProcessId: 952\r\nParentImage: -\r\nParentCommandLine: -\r\nParentUser: -\""},"eventdata":{"utcTime":"2026-10-02 13:44:30.184","processGuid":"{4b2ce92d-b53e-6abf-f802-000000001400}","processId":"7656","image":"C:\\\\Windows\\\\System32\\\\SecurityHealth\\\\10.0.29628.1000-0\\\\SecurityHealthHost.exe","fileVersion":"10.0.29628.1000 (WinBuild.160101.0800)","description":"Windows Security Health Host","product":"Microsoft® Windows® Operating System","company":"Microsoft Corporation","originalFileName":"SecurityHealthHost.exe","commandLine":"\\\\\\\\?\\\\C:\\\\Windows\\\\System32\\\\SecurityHealth\\\\10.0.29628.1000-0\\\\SecurityHealthHost.exe {08728914-3F57-4D52-9E31-49DAECA5A80A} -Embedding","currentDirectory":"C:\\\\WINDOWS\\\\system32\\\\","user":"DESKTOP-5OG7C28\\\\Darragh Casey","logonGuid":"{4b2ce92d-826e-6abe-a98d-0a0000000000}","logonId":"0xa8da9","terminalSessionId":"1","integrityLevel":"Medium","hashes":"MD5=2B7AA09812B50668D6AF17C23EFBD848,SHA256=41393D3517A7AF600617F5A247CD08AF84D9C66DFC0604DDCBAF0F274042E2A6,IMPHASH=39FDBDB91931E454955C00A202FA0A33","parentProcessGuid":"{00000000-0000-0000-0000-000000000000}","parentProcessId":"952"}}},"location":"EventChannel"}
{"timestamp":"2026-10-02T15:44:32.634+0200","rule":{"level":3,"description":"Software protection service scheduled successfully.","id":"60642","firedtimes":3,"mail":false,"groups":["windows","windows_application"]},"agent":{"id":"001","name":"Windows_VM","ip":"192.168.232.130"},"manager":{"name":"dcasey-virtual-machine"},"id":"1790948672.348222","full_log":"{\"win\":{\"system\":{\"providerName\":\"Microsoft-Windows-Security-SPP\",\"providerGuid\":\"{E23B33B0-C8C9-472C-A5F9-F2BDFEA0F156}\",\"eventSourceName\":\"Software Protection Platform Service\",\"eventID\":\"16384\",\"version\":\"0\",\"level\":\"4\",\"task\":\"0\",\"opcode\":\"0\",\"keywords\":\"0x80000000000000\",\"systemTime\":\"2026-10-02T13:44:33.6857069Z\",\"eventRecordID\":\"1250\",\"processID\":\"1536\",\"threadID\":\"0\",\"channel\":\"Application\",\"computer\":\"DESKTOP-5OG7C28\",\"severityValue\":\"INFORMATION\",\"message\":\"\\\"Successfully scheduled Software Protection service for re-start at 2026-10-31T09:27:33Z. Reason: RulesEngine.\\\"\"},\"eventdata\":{\"data\":\"2026-10-31T09:27:33Z, RulesEngine\"}}}","decoder":{"name":"windows_eventchannel"},"data":{"win":{"system":{"providerName":"Microsoft-Windows-Security-SPP","providerGuid":"{E23B33B0-C8C9-472C-A5F9-F2BDFEA0F156}","eventSourceName":"Software Protection Platform Service","eventID":"16384","version":"0","level":"4","task":"0","opcode":"0","keywords":"0x80000000000000","systemTime":"2026-10-02T13:44:33.6857069Z","eventRecordID":"1250","processID":"1536","threadID":"0","channel":"Application","computer":"DESKTOP-5OG7C28","severityValue":"INFORMATION","message":"\"Successfully scheduled Software Protection service for re-start at 2026-10-31T09:27:33Z. Reason: RulesEngine.\""},"eventdata":{"data":"2026-10-31T09:27:33Z, RulesEngine"}}},"location":"EventChannel"}
