{"timestamp":"2026-10-02T15:37:02.250+0200","agent":{"id":"001","name":"Windows_VM","ip":"192.168.232.130"},"manager":{"name":"dcasey-virtual-machine"},"id":"1790948222.319820","full_log":"{\"win\":{\"system\":{\"providerName\":\"Microsoft-Windows-Sysmon\",\"providerGuid\":\"{5770385f-c22a-43e0-bf4c-06f5698ffbd9}\",\"eventID\":\"11\",\"version\":\"2\",\"level\":\"4\",\"task\":\"11\",\"opcode\":\"0\",\"keywords\":\"0x8000000000000000\",\"systemTime\":\"2026-10-02T13:37:02.2837942Z\",\"eventRecordID\":\"14886\",\"processID\":\"3504\",\"threadID\":\"4956\",\"channel\":\"Microsoft-Windows-Sysmon/Operational\",\"computer\":\"DESKTOP-5OG7C28\",\"severityValue\":\"INFORMATION\",\"message\":\"\\\"File created:\\r\\nRuleName: DLL\\r\\nUtcTime: 2026-10-02 13:37:02.282\\r\\nProcessGuid: {4b2ce92d-b34e-6abf-8d02-000000001400}\\r\\nProcessId: 2440\\r\\nImage: C:\\\\Program Files (x86)\\\\Microsoft\\\\EdgeUpdate\\\\Install\\\\{B6A4972A-04A1-4EA4-83CA-676CCD5C737C}\\\\EDGEMITMP_BB81F.tmp\\\\setup.exe\\r\\nTargetFilename: C:\\\\Program Files (x86)\\\\Microsoft\\\\EdgeCore\\\\154.0.4258.48\\\\learning_tools.dll\\r\\nCreationUtcTime: 2026-10-02 13:37:02.282\\r\\nUser: NT AUTHORITY\\\\SYSTEM\\\"\"},\"eventdata\":{\"ruleName\":\"DLL\",\"utcTime\":\"2026-10-02 13:37:02.282\",\"processGuid\":\"{4b2ce92d-b34e-6abf-8d02-000000001400}\",\"processId\":\"2440\",\"image\":\"C:\\\\\\\\Program Files (x86)\\\\\\\\Microsoft\\\\\\\\EdgeUpdate\\\\\\\\Install\\\\\\\\{B6A4972A-04A1-4EA4-83CA-676CCD5C737C}\\\\\\\\EDGEMITMP_BB81F.tmp\\\\\\\\setup.exe\",\"targetFilename\":\"C:\\\\\\\\Program Files (x86)\\\\\\\\Microsoft\\\\\\\\EdgeCore\\\\\\\\154.0.4258.48\\\\\\\\learning_tools.dll\",\"creationUtcTime\":\"2026-10-02 13:37:02.282\",\"user\":\"NT AUTHORITY\\\\\\\\SYSTEM\"}}}","decoder":{"name":"windows_eventchannel"},"data":{"win":{"system":{"providerName":"Microsoft-Windows-Sysmon","providerGuid":"{5770385f-c22a-43e0-bf4c-06f5698ffbd9}","eventID":"11","version":"2","level":"4","task":"11","opcode":"0","keywords":"0x8000000000000000","systemTime":"2026-10-02T13:37:02.2837942Z","eventRecordID":"14886","processID":"3504","threadID":"4956","channel":"Microsoft-Windows-Sysmon/Operational","computer":"DESKTOP-5OG7C28","severityValue":"INFORMATION","message":"\"File created:\r\nRuleName: DLL\r\nUtcTime: 2026-10-02 13:37:02.282\r\nProcessGuid: {4b2ce92d-b34e-6abf-8d02-000000001400}\r\nProcessId: 2440\r\nImage: C:\\Program Files (x86)\\Microsoft\\EdgeUpdate\\Install\\{B6A4972A-04A1-4EA4-83CA-676CCD5C737C}\\EDGEMITMP_BB81F.tmp\\setup.exe\r\nTargetFilename: C:\\Program Files (x86)\\Microsoft\\EdgeCore\\154.0.4258.48\\learning_tools.dll\r\nCreationUtcTime: 2026-10-02 13:37:02.282\r\nUser: NT AUTHORITY\\SYSTEM\""},"eventdata":{"ruleName":"DLL","utcTime":"2026-10-02 13:37:02.282","processGuid":"{4b2ce92d-b34e-6abf-8d02-000000001400}","processId":"2440","image":"C:\\\\Program Files (x86)\\\\Microsoft\\\\EdgeUpdate\\\\Install\\\\{B6A4972A-04A1-4EA4-83CA-676CCD5C737C}\\\\EDGEMITMP_BB81F.tmp\\\\setup.exe","targetFilename":"C:\\\\Program Files (x86)\\\\Microsoft\\\\EdgeCore\\\\154.0.4258.48\\\\learning_tools.dll","creationUtcTime":"2026-10-02 13:37:02.282","user":"NT AUTHORITY\\\\SYSTEM"}}},"location":"EventChannel"}
{"timestamp":"2026-10-02T15:37:05.233+0200","agent":{"id":"001","name":"Windows_VM","ip":"192.168.232.130"},"manager":{"name":"dcasey-virtual-machine"},"id":"1790948225.319820","full_log":"{\"win\":{\"system\":{\"providerName\":\"Microsoft-Windows-Sysmon\",\"providerGuid\":\"{5770385f-c22a-43e0-bf4c-06f5698ffbd9}\",\"eventID\":\"11\",\"version\":\"2\",\"level\":\"4\",\"task\":\"11\",\"opcode\":\"0\",\"keywords\":\"0x8000000000000000\",\"systemTime\":\"2026-10-02T13:37:05.1597920Z\",\"eventRecordID\":\"14887\",\"processID\":\"3504\",\"threadID\":\"4956\",\"channel\":\"Microsoft-Windows-Sysmon/Operational\",\"computer\":\"DESKTOP-5OG7C28\",\"severityValue\":\"INFORMATION\",\"message\":\"\\\"File created:\\r\\nRuleName: DLL\\r\\nUtcTime: 2026-10-02 13:37:05.158\\r\\nProcessGuid: {4b2ce92d-b34e-6abf-8d02-000000001400}\\r\\nProcessId: 2440\\r\\nImage: C:\\\\Program Files (x86)\\\\Microsoft\\\\EdgeUpdate\\\\Install\\\\{B6A4972A-04A1-4EA4-83CA-676CCD5C737C}\\\\EDGEMITMP_BB81F.tmp\\\\setup.exe\\r\\nTargetFilename: C:\\\\Program Files (x86)\\\\Microsoft\\\\EdgeCore\\\\154.0.4258.48\\\\microsoft_shell_integration.dll\\r\\nCreationUtcTime: 2026-10-02 13:37:05.158\\r\\nUser: NT AUTHORITY\\\\SYSTEM\\\"\"},\"eventdata\":{\"ruleName\":\"DLL\",\"utcTime\":\"2026-10-02 13:37:05.158\",\"processGuid\":\"{4b2ce92d-b34e-6abf-8d02-000000001400}\",\"processId\":\"2440\",\"image\":\"C:\\\\\\\\Program Files (x86)\\\\\\\\Microsoft\\\\\\\\EdgeUpdate\\\\\\\\Install\\\\\\\\{B6A4972A-04A1-4EA4-83CA-676CCD5C737C}\\\\\\\\EDGEMITMP_BB81F.tmp\\\\\\\\setup.exe\",\"targetFilename\":\"C:\\\\\\\\Program Files (x86)\\\\\\\\Microsoft\\\\\\\\EdgeCore\\\\\\\\154.0.4258.48\\\\\\\\microsoft_shell_integration.dll\",\"creationUtcTime\":\"2026-10-02 13:37:05.158\",\"user\":\"NT AUTHORITY\\\\\\\\SYSTEM\"}}}","decoder":{"name":"windows_eventchannel"},"data":{"win":{"system":{"providerName":"Microsoft-Windows-Sysmon","providerGuid":"{5770385f-c22a-43e0-bf4c-06f5698ffbd9}","eventID":"11","version":"2","level":"4","task":"11","opcode":"0","keywords":"0x8000000000000000","systemTime":"2026-10-02T13:37:05.1597920Z","eventRecordID":"14887","processID":"3504","threadID":"4956","channel":"Microsoft-Windows-Sysmon/Operational","computer":"DESKTOP-5OG7C28","severityValue":"INFORMATION","message":"\"File created:\r\nRuleName: DLL\r\nUtcTime: 2026-10-02 13:37:05.158\r\nProcessGuid: {4b2ce92d-b34e-6abf-8d02-000000001400}\r\nProcessId: 2440\r\nImage: C:\\Program Files (x86)\\Microsoft\\EdgeUpdate\\Install\\{B6A4972A-04A1-4EA4-83CA-676CCD5C737C}\\EDGEMITMP_BB81F.tmp\\setup.exe\r\nTargetFilename: C:\\Program Files (x86)\\Microsoft\\EdgeCore\\154.0.4258.48\\microsoft_shell_integration.dll\r\nCreationUtcTime: 2026-10-02 13:37:05.158\r\nUser: NT AUTHORITY\\SYSTEM\""},"eventdata":{"ruleName":"DLL","utcTime":"2026-10-02 13:37:05.158","processGuid":"{4b2ce92d-b34e-6abf-8d02-000000001400}","processId":"2440","image":"C:\\\\Program Files (x86)\\\\Microsoft\\\\EdgeUpdate\\\\Install\\\\{B6A4972A-04A1-4EA4-83CA-676CCD5C737C}\\\\EDGEMITMP_BB81F.tmp\\\\setup.exe","targetFilename":"C:\\\\Program Files (x86)\\\\Microsoft\\\\EdgeCore\\\\154.0.4258.48\\\\microsoft_shell_integration.dll","creationUtcTime":"2026-10-02 13:37:05.158","user":"NT AUTHORITY\\\\SYSTEM"}}},"location":"EventChannel"}
{"timestamp":"2026-10-02T15:37:05.247+0200","agent":{"id":"001","name":"Windows_VM","ip":"192.168.232.130"},"manager":{"name":"dcasey-virtual-machine"},"id":"1790948225.319820","full_log":"{\"win\":{\"system\":{\"providerName\":\"Microsoft-Windows-Sysmon\",\"providerGuid\":\"{5770385f-c22a-43e0-bf4c-06f5698ffbd9}\",\"eventID\":\"11\",\"version\":\"2\",\"level\":\"4\",\"task\":\"11\",\"opcode\":\"0\",\"keywords\":\"0x8000000000000000\",\"systemTime\":\"2026-10-02T13:37:05.1894437Z\",\"eventRecordID\":\"14888\",\"processID\":\"3504\",\"threadID\":\"4956\",\"channel\":\"Microsoft-Windows-Sysmon/Operational\",\"computer\":\"DESKTOP-5OG7C28\",\"severityValue\":\"INFORMATION\",\"message\":\"\\\"File created:\\r\\nRuleName: DLL\\r\\nUtcTime: 2026-10-02 13:37:05.188\\r\\nProcessGuid: {4b2ce92d-b34e-6abf-8d02-000000001400}\\r\\nProcessId: 2440\\r\\nImage: C:\\\\Program Files (x86)\\\\Microsoft\\\\EdgeUpdate\\\\Install\\\\{B6A4972A-04A1-4EA4-83CA-676CCD5C737C}\\\\EDGEMITMP_BB81F.tmp\\\\setup.exe\\r\\nTargetFilename: C:\\\\Program Files (x86)\\\\Microsoft\\\\EdgeCore\\\\154.0.4258.48\\\\mip_core_gn.dll\\r\\nCreationUtcTime: 2026-10-02 13:37:05.188\\r\\nUser: NT AUTHORITY\\\\SYSTEM\\\"\"},\"eventdata\":{\"ruleName\":\"DLL\",\"utcTime\":\"2026-10-02 13:37:05.188\",\"processGuid\":\"{4b2ce92d-b34e-6abf-8d02-000000001400}\",\"processId\":\"2440\",\"image\":\"C:\\\\\\\\Program Files (x86)\\\\\\\\Microsoft\\\\\\\\EdgeUpdate\\\\\\\\Install\\\\\\\\{B6A4972A-04A1-4EA4-83CA-676CCD5C737C}\\\\\\\\EDGEMITMP_BB81F.tmp\\\\\\\\setup.exe\",\"targetFilename\":\"C:\\\\\\\\Program Files (x86)\\\\\\\\Microsoft\\\\\\\\EdgeCore\\\\\\\\154.0.4258.48\\\\\\\\mip_core_gn.dll\",\"creationUtcTime\":\"2026-10-02 13:37:05.188\",\"user\":\"NT AUTHORITY\\\\\\\\SYSTEM\"}}}","decoder":{"name":"windows_eventchannel"},"data":{"win":{"system":{"providerName":"Microsoft-Windows-Sysmon","providerGuid":"{5770385f-c22a-43e0-bf4c-06f5698ffbd9}","eventID":"11","version":"2","level":"4","task":"11","opcode":"0","keywords":"0x8000000000000000","systemTime":"2026-10-02T13:37:05.1894437Z","eventRecordID":"14888","processID":"3504","threadID":"4956","channel":"Microsoft-Windows-Sysmon/Operational","computer":"DESKTOP-5OG7C28","severityValue":"INFORMATION","message":"\"File created:\r\nRuleName: DLL\r\nUtcTime: 2026-10-02 13:37:05.188\r\nProcessGuid: {4b2ce92d-b34e-6abf-8d02-000000001400}\r\nProcessId: 2440\r\nImage: C:\\Program Files (x86)\\Microsoft\\EdgeUpdate\\Install\\{B6A4972A-04A1-4EA4-83CA-676CCD5C737C}\\EDGEMITMP_BB81F.tmp\\setup.exe\r\nTargetFilename: C:\\Program Files (x86)\\Microsoft\\EdgeCore\\154.0.4258.48\\mip_core_gn.dll\r\nCreationUtcTime: 2026-10-02 13:37:05.188\r\nUser: NT AUTHORITY\\SYSTEM\""},"eventdata":{"ruleName":"DLL","utcTime":"2026-10-02 13:37:05.188","processGuid":"{4b2ce92d-b34e-6abf-8d02-000000001400}","processId":"2440","image":"C:\\\\Program Files (x86)\\\\Microsoft\\\\EdgeUpdate\\\\Install\\\\{B6A4972A-04A1-4EA4-83CA-676CCD5C737C}\\\\EDGEMITMP_BB81F.tmp\\\\setup.exe","targetFilename":"C:\\\\Program Files (x86)\\\\Microsoft\\\\EdgeCore\\\\154.0.4258.48\\\\mip_core_gn.dll","creationUtcTime":"2026-10-02 13:37:05.188","user":"NT AUTHORITY\\\\SYSTEM"}}},"location":"EventChannel"}
{"timestamp":"2026-10-02T15:37:05.247+0200","agent":{"id":"001","name":"Windows_VM","ip":"192.168.232.130"},"manager":{"name":"dcasey-virtual-machine"},"id":"1790948225.319820","full_log":"{\"win\":{\"system\":{\"providerName\":\"Microsoft-Windows-Sysmon\",\"providerGuid\":\"{5770385f-c22a-43e0-bf4c-06f5698ffbd9}\",\"eventID\":\"11\",\"version\":\"2\",\"level\":\"4\",\"task\":\"11\",\"opcode\":\"0\",\"keywords\":\"0x8000000000000000\",\"systemTime\":\"2026-10-02T13:37:05.3398921Z\",\"eventRecordID\":\"14889\",\"processID\":\"3504\",\"threadID\":\"4956\",\"channel\":\"Microsoft-Windows-Sysmon/Operational\",\"computer\":\"DESKTOP-5OG7C28\",\"severityValue\":\"INFORMATION\",\"message\":\"\\\"File created:\\r\\nRuleName: EXE\\r\\nUtcTime: 2026-10-02 13:37:05.338\\r\\nProcessGuid: {4b2ce92d-b34e-6abf-8d02-000000001400}\\r\\nProcessId: 2440\\r\\nImage: C:\\\\Program Files (x86)\\\\Microsoft\\\\EdgeUpdate\\\\Install\\\\{B6A4972A-04A1-4EA4-83CA-676CCD5C737C}\\\\EDGEMITMP_BB81F.tmp\\\\setup.exe\\r\\nTargetFilename: C:\\\\Program Files (x86)\\\\Microsoft\\\\EdgeCore\\\\154.0.4258.48\\\\mscopilot.exe\\r\\nCreationUtcTime: 2026-10-02 13:37:05.338\\r\\nUser: NT AUTHORITY\\\\SYSTEM\\\"\"},\"eventdata\":{\"ruleName\":\"EXE\",\"utcTime\":\"2026-10-02 13:37:05.338\",\"processGuid\":\"{4b2ce92d-b34e-6abf-8d02-000000001400}\",\"processId\":\"2440\",\"image\":\"C:\\\\\\\\Program Files (x86)\\\\\\\\Microsoft\\\\\\\\EdgeUpdate\\\\\\\\Install\\\\\\\\{B6A4972A-04A1-4EA4-83CA-676CCD5C737C}\\\\\\\\EDGEMITMP_BB81F.tmp\\\\\\\\setup.exe\",\"targetFilename\":\"C:\\\\\\\\Program Files (x86)\\\\\\\\Microsoft\\\\\\\\EdgeCore\\\\\\\\154.0.4258.48\\\\\\\\mscopilot.exe\",\"creationUtcTime\":\"2026-10-02 13:37:05.338\",\"user\":\"NT AUTHORITY\\\\\\\\SYSTEM\"}}}","decoder":{"name":"windows_eventchannel"},"data":{"win":{"system":{"providerName":"Microsoft-Windows-Sysmon","providerGuid":"{5770385f-c22a-43e0-bf4c-06f5698ffbd9}","eventID":"11","version":"2","level":"4","task":"11","opcode":"0","keywords":"0x8000000000000000","systemTime":"2026-10-02T13:37:05.3398921Z","eventRecordID":"14889","processID":"3504","threadID":"4956","channel":"Microsoft-Windows-Sysmon/Operational","computer":"DESKTOP-5OG7C28","severityValue":"INFORMATION","message":"\"File created:\r\nRuleName: EXE\r\nUtcTime: 2026-10-02 13:37:05.338\r\nProcessGuid: {4b2ce92d-b34e-6abf-8d02-000000001400}\r\nProcessId: 2440\r\nImage: C:\\Program Files (x86)\\Microsoft\\EdgeUpdate\\Install\\{B6A4972A-04A1-4EA4-83CA-676CCD5C737C}\\EDGEMITMP_BB81F.tmp\\setup.exe\r\nTargetFilename: C:\\Program Files (x86)\\Microsoft\\EdgeCore\\154.0.4258.48\\mscopilot.exe\r\nCreationUtcTime: 2026-10-02 13:37:05.338\r\nUser: NT AUTHORITY\\SYSTEM\""},"eventdata":{"ruleName":"EXE","utcTime":"2026-10-02 13:37:05.338","processGuid":"{4b2ce92d-b34e-6abf-8d02-000000001400}","processId":"2440","image":"C:\\\\Program Files (x86)\\\\Microsoft\\\\EdgeUpdate\\\\Install\\\\{B6A4972A-04A1-4EA4-83CA-676CCD5C737C}\\\\EDGEMITMP_BB81F.tmp\\\\setup.exe","targetFilename":"C:\\\\Program Files (x86)\\\\Microsoft\\\\EdgeCore\\\\154.0.4258.48\\\\mscopilot.exe","creationUtcTime":"2026-10-02 13:37:05.338","user":"NT AUTHORITY\\\\SYSTEM"}}},"location":"EventChannel"}
{"timestamp":"2026-10-02T15:37:05.263+0200","agent":{"id":"001","name":"Windows_VM","ip":"192.168.232.130"},"manager":{"name":"dcasey-virtual-machine"},"id":"1790948225.319820","full_log":"{\"win\":{\"system\":{\"providerName\":\"Microsoft-Windows-Sysmon\",\"providerGuid\":\"{5770385f-c22a-43e0-bf4c-06f5698ffbd9}\",\"eventID\":\"11\",\"version\":\"2\",\"level\":\"4\",\"task\":\"11\",\"opcode\":\"0\",\"keywords\":\"0x8000000000000000\",\"systemTime\":\"2026-10-02T13:37:05.4748837Z\",\"eventRecordID\":\"14890\",\"processID\":\"3504\",\"threadID\":\"4956\",\"channel\":\"Microsoft-Windows-Sysmon/Operational\",\"computer\":\"DESKTOP-5OG7C28\",\"severityValue\":\"INFORMATION\",\"message\":\"\\\"File created:\\r\\nRuleName: DLL\\r\\nUtcTime: 2026-10-02 13:37:05.474\\r\\nProcessGuid: {4b2ce92d-b34e-6abf-8d02-000000001400}\\r\\nProcessId: 2440\\r\\nImage: C:\\\\Program Files (x86)\\\\Microsoft\\\\EdgeUpdate\\\\Install\\\\{B6A4972A-04A1-4EA4-83CA-676CCD5C737C}\\\\EDGEMITMP_BB81F.tmp\\\\setup.exe\\r\\nTargetFilename: C:\\\\Program Files (x86)\\\\Microsoft\\\\EdgeCore\\\\154.0.4258.48\\\\msedge.dll\\r\\nCreationUtcTime: 2026-10-02 13:37:05.472\\r\\nUser: NT AUTHORITY\\\\SYSTEM\\\"\"},\"eventdata\":{\"ruleName\":\"DLL\",\"utcTime\":\"2026-10-02 13:37:05.474\",\"processGuid\":\"{4b2ce92d-b34e-6abf-8d02-000000001400}\",\"processId\":\"2440\",\"image\":\"C:\\\\\\\\Program Files (x86)\\\\\\\\Microsoft\\\\\\\\EdgeUpdate\\\\\\\\Install\\\\\\\\{B6A4972A-04A1-4EA4-83CA-676CCD5C737C}\\\\\\\\EDGEMITMP_BB81F.tmp\\\\\\\\setup.exe\",\"targetFilename\":\"C:\\\\\\\\Program Files (x86)\\\\\\\\Microsoft\\\\\\\\EdgeCore\\\\\\\\154.0.4258.48\\\\\\\\msedge.dll\",\"creationUtcTime\":\"2026-10-02 13:37:05.472\",\"user\":\"NT AUTHORITY\\\\\\\\SYSTEM\"}}}","decoder":{"name":"windows_eventchannel"},"data":{"win":{"system":{"providerName":"Microsoft-Windows-Sysmon","providerGuid":"{5770385f-c22a-43e0-bf4c-06f5698ffbd9}","eventID":"11","version":"2","level":"4","task":"11","opcode":"0","keywords":"0x8000000000000000","systemTime":"2026-10-02T13:37:05.4748837Z","eventRecordID":"14890","processID":"3504","threadID":"4956","channel":"Microsoft-Windows-Sysmon/Operational","computer":"DESKTOP-5OG7C28","severityValue":"INFORMATION","message":"\"File created:\r\nRuleName: DLL\r\nUtcTime: 2026-10-02 13:37:05.474\r\nProcessGuid: {4b2ce92d-b34e-6abf-8d02-000000001400}\r\nProcessId: 2440\r\nImage: C:\\Program Files (x86)\\Microsoft\\EdgeUpdate\\Install\\{B6A4972A-04A1-4EA4-83CA-676CCD5C737C}\\EDGEMITMP_BB81F.tmp\\setup.exe\r\nTargetFilename: C:\\Program Files (x86)\\Microsoft\\EdgeCore\\154.0.4258.48\\msedge.dll\r\nCreationUtcTime: 2026-10-02 13:37:05.472\r\nUser: NT AUTHORITY\\SYSTEM\""},"eventdata":{"ruleName":"DLL","utcTime":"2026-10-02 13:37:05.474","processGuid":"{4b2ce92d-b34e-6abf-8d02-000000001400}","processId":"2440","image":"C:\\\\Program Files (x86)\\\\Microsoft\\\\EdgeUpdate\\\\Install\\\\{B6A4972A-04A1-4EA4-83CA-676CCD5C737C}\\\\EDGEMITMP_BB81F.tmp\\\\setup.exe","targetFilename":"C:\\\\Program Files (x86)\\\\Microsoft\\\\EdgeCore\\\\154.0.4258.48\\\\msedge.dll","creationUtcTime":"2026-10-02 13:37:05.472","user":"NT AUTHORITY\\\\SYSTEM"}}},"location":"EventChannel"}
{"timestamp":"2026-10-02T15:37:15.337+0200","agent":{"id":"001","name":"Windows_VM","ip":"192.168.232.130"},"manager":{"name":"dcasey-virtual-machine"},"id":"1790948235.319820","full_log":"{\"win\":{\"system\":{\"providerName\":\"Microsoft-Windows-Sysmon\",\"providerGuid\":\"{5770385f-c22a-43e0-bf4c-06f5698ffbd9}\",\"eventID\":\"11\",\"version\":\"2\",\"level\":\"4\",\"task\":\"11\",\"opcode\":\"0\",\"keywords\":\"0x8000000000000000\",\"systemTime\":\"2026-10-02T13:37:15.3630517Z\",\"eventRecordID\":\"14891\",\"processID\":\"3504\",\"threadID\":\"4956\",\"channel\":\"Microsoft-Windows-Sysmon/Operational\",\"computer\":\"DESKTOP-5OG7C28\",\"severityValue\":\"INFORMATION\",\"message\":\"\\\"File created:\\r\\nRuleName: EXE\\r\\nUtcTime: 2026-10-02 13:37:15.361\\r\\nProcessGuid: {4b2ce92d-b34e-6abf-8d02-000000001400}\\r\\nProcessId: 2440\\r\\nImage: C:\\\\Program Files (x86)\\\\Microsoft\\\\EdgeUpdate\\\\Install\\\\{B6A4972A-04A1-4EA4-83CA-676CCD5C737C}\\\\EDGEMITMP_BB81F.tmp\\\\setup.exe\\r\\nTargetFilename: C:\\\\Program Files (x86)\\\\Microsoft\\\\EdgeCore\\\\154.0.4258.48\\\\msedge.exe\\r\\nCreationUtcTime: 2026-10-02 13:37:15.361\\r\\nUser: NT AUTHORITY\\\\SYSTEM\\\"\"},\"eventdata\":{\"ruleName\":\"EXE\",\"utcTime\":\"2026-10-02 13:37:15.361\",\"processGuid\":\"{4b2ce92d-b34e-6abf-8d02-000000001400}\",\"processId\":\"2440\",\"image\":\"C:\\\\\\\\Program Files (x86)\\\\\\\\Microsoft\\\\\\\\EdgeUpdate\\\\\\\\Install\\\\\\\\{B6A4972A-04A1-4EA4-83CA-676CCD5C737C}\\\\\\\\EDGEMITMP_BB81F.tmp\\\\\\\\setup.exe\",\"targetFilename\":\"C:\\\\\\\\Program Files (x86)\\\\\\\\Microsoft\\\\\\\\EdgeCore\\\\\\\\154.0.4258.48\\\\\\\\msedge.exe\",\"creationUtcTime\":\"2026-10-02 13:37:15.361\",\"user\":\"NT AUTHORITY\\\\\\\\SYSTEM\"}}}","decoder":{"name":"windows_eventchannel"},"data":{"win":{"system":{"providerName":"Microsoft-Windows-Sysmon","providerGuid":"{5770385f-c22a-43e0-bf4c-06f5698ffbd9}","eventID":"11","version":"2","level":"4","task":"11","opcode":"0","keywords":"0x8000000000000000","systemTime":"2026-10-02T13:37:15.3630517Z","eventRecordID":"14891","processID":"3504","threadID":"4956","channel":"Microsoft-Windows-Sysmon/Operational","computer":"DESKTOP-5OG7C28","severityValue":"INFORMATION","message":"\"File created:\r\nRuleName: EXE\r\nUtcTime: 2026-10-02 13:37:15.361\r\nProcessGuid: {4b2ce92d-b34e-6abf-8d02-000000001400}\r\nProcessId: 2440\r\nImage: C:\\Program Files (x86)\\Microsoft\\EdgeUpdate\\Install\\{B6A4972A-04A1-4EA4-83CA-676CCD5C737C}\\EDGEMITMP_BB81F.tmp\\setup.exe\r\nTargetFilename: C:\\Program Files (x86)\\Microsoft\\EdgeCore\\154.0.4258.48\\msedge.exe\r\nCreationUtcTime: 2026-10-02 13:37:15.361\r\nUser: NT AUTHORITY\\SYSTEM\""},"eventdata":{"ruleName":"EXE","utcTime":"2026-10-02 13:37:15.361","processGuid":"{4b2ce92d-b34e-6abf-8d02-000000001400}","processId":"2440","image":"C:\\\\Program Files (x86)\\\\Microsoft\\\\EdgeUpdate\\\\Install\\\\{B6A4972A-04A1-4EA4-83CA-676CCD5C737C}\\\\EDGEMITMP_BB81F.tmp\\\\setup.exe","targetFilename":"C:\\\\Program Files (x86)\\\\Microsoft\\\\EdgeCore\\\\154.0.4258.48\\\\msedge.exe","creationUtcTime":"2026-10-02 13:37:15.361","user":"NT AUTHORITY\\\\SYSTEM"}}},"location":"EventChannel"}
{"timestamp":"2026-10-02T15:37:15.339+0200","agent":{"id":"001","name":"Windows_VM","ip":"192.168.232.130"},"manager":{"name":"dcasey-virtual-machine"},"id":"1790948235.319820","full_log":"{\"win\":{\"system\":{\"providerName\":\"Microsoft-Windows-Sysmon\",\"providerGuid\":\"{5770385f-c22a-43e0-bf4c-06f5698ffbd9}\",\"eventID\":\"11\",\"version\":\"2\",\"level\":\"4\",\"task\":\"11\",\"opcode\":\"0\",\"keywords\":\"0x8000000000000000\",\"systemTime\":\"2026-10-02T13:37:15.5208960Z\",\"eventRecordID\":\"14892\",\"processID\":\"3504\",\"threadID\":\"4956\",\"channel\":\"Microsoft-Windows-Sysmon/Operational\",\"computer\":\"DESKTOP-5OG7C28\",\"severityValue\":\"INFORMATION\",\"message\":\"\\\"File created:\\r\\nRuleName: EXE\\r\\nUtcTime: 2026-10-02 13:37:15.520\\r\\nProcessGuid: {4b2ce92d-b34e-6abf-8d02-000000001400}\\r\\nProcessId: 2440\\r\\nImage: C:\\\\Program Files (x86)\\\\Microsoft\\\\EdgeUpdate\\\\Install\\\\{B6A4972A-04A1-4EA4-83CA-676CCD5C737C}\\\\EDGEMITMP_BB81F.tmp\\\\setup.exe\\r\\nTargetFilename: C:\\\\Program Files (x86)\\\\Microsoft\\\\EdgeCore\\\\154.0.4258.48\\\\msedgewebview2.exe\\r\\nCreationUtcTime: 2026-10-02 13:37:15.520\\r\\nUser: NT AUTHORITY\\\\SYSTEM\\\"\"},\"eventdata\":{\"ruleName\":\"EXE\",\"utcTime\":\"2026-10-02 13:37:15.520\",\"processGuid\":\"{4b2ce92d-b34e-6abf-8d02-000000001400}\",\"processId\":\"2440\",\"image\":\"C:\\\\\\\\Program Files (x86)\\\\\\\\Microsoft\\\\\\\\EdgeUpdate\\\\\\\\Install\\\\\\\\{B6A4972A-04A1-4EA4-83CA-676CCD5C737C}\\\\\\\\EDGEMITMP_BB81F.tmp\\\\\\\\setup.exe\",\"targetFilename\":\"C:\\\\\\\\Program Files (x86)\\\\\\\\Microsoft\\\\\\\\EdgeCore\\\\\\\\154.0.4258.48\\\\\\\\msedgewebview2.exe\",\"creationUtcTime\":\"2026-10-02 13:37:15.520\",\"user\":\"NT AUTHORITY\\\\\\\\SYSTEM\"}}}","decoder":{"name":"windows_eventchannel"},"data":{"win":{"system":{"providerName":"Microsoft-Windows-Sysmon","providerGuid":"{5770385f-c22a-43e0-bf4c-06f5698ffbd9}","eventID":"11","version":"2","level":"4","task":"11","opcode":"0","keywords":"0x8000000000000000","systemTime":"2026-10-02T13:37:15.5208960Z","eventRecordID":"14892","processID":"3504","threadID":"4956","channel":"Microsoft-Windows-Sysmon/Operational","computer":"DESKTOP-5OG7C28","severityValue":"INFORMATION","message":"\"File created:\r\nRuleName: EXE\r\nUtcTime: 2026-10-02 13:37:15.520\r\nProcessGuid: {4b2ce92d-b34e-6abf-8d02-000000001400}\r\nProcessId: 2440\r\nImage: C:\\Program Files (x86)\\Microsoft\\EdgeUpdate\\Install\\{B6A4972A-04A1-4EA4-83CA-676CCD5C737C}\\EDGEMITMP_BB81F.tmp\\setup.exe\r\nTargetFilename: C:\\Program Files (x86)\\Microsoft\\EdgeCore\\154.0.4258.48\\msedgewebview2.exe\r\nCreationUtcTime: 2026-10-02 13:37:15.520\r\nUser: NT AUTHORITY\\SYSTEM\""},"eventdata":{"ruleName":"EXE","utcTime":"2026-10-02 13:37:15.520","processGuid":"{4b2ce92d-b34e-6abf-8d02-000000001400}","processId":"2440","image":"C:\\\\Program Files (x86)\\\\Microsoft\\\\EdgeUpdate\\\\Install\\\\{B6A4972A-04A1-4EA4-83CA-676CCD5C737C}\\\\EDGEMITMP_BB81F.tmp\\\\setup.exe","targetFilename":"C:\\\\Program Files (x86)\\\\Microsoft\\\\EdgeCore\\\\154.0.4258.48\\\\msedgewebview2.exe","creationUtcTime":"2026-10-02 13:37:15.520","user":"NT AUTHORITY\\\\SYSTEM"}}},"location":"EventChannel"}
{"timestamp":"2026-10-02T15:37:15.340+0200","agent":{"id":"001","name":"Windows_VM","ip":"192.168.232.130"},"manager":{"name":"dcasey-virtual-machine"},"id":"1790948235.319820","full_log":"{\"win\":{\"system\":{\"providerName\":\"Microsoft-Windows-Sysmon\",\"providerGuid\":\"{5770385f-c22a-43e0-bf4c-06f5698ffbd9}\",\"eventID\":\"11\",\"version\":\"2\",\"level\":\"4\",\"task\":\"11\",\"opcode\":\"0\",\"keywords\":\"0x8000000000000000\",\"systemTime\":\"2026-10-02T13:37:15.7065615Z\",\"eventRecordID\":\"14893\",\"processID\":\"3504\",\"threadID\":\"4956\",\"channel\":\"Microsoft-Windows-Sysmon/Operational\",\"computer\":\"DESKTOP-5OG7C28\",\"severityValue\":\"INFORMATION\",\"message\":\"\\\"File created:\\r\\nRuleName: DLL\\r\\nUtcTime: 2026-10-02 13:37:15.704\\r\\nProcessGuid: {4b2ce92d-b34e-6abf-8d02-000000001400}\\r\\nProcessId: 2440\\r\\nImage: C:\\\\Program Files (x86)\\\\Microsoft\\\\EdgeUpdate\\\\Install\\\\{B6A4972A-04A1-4EA4-83CA-676CCD5C737C}\\\\EDGEMITMP_BB81F.tmp\\\\setup.exe\\r\\nTargetFilename: C:\\\\Program Files (x86)\\\\Microsoft\\\\EdgeCore\\\\154.0.4258.48\\\\msedge_elf.dll\\r\\nCreationUtcTime: 2026-10-02 13:37:15.704\\r\\nUser: NT AUTHORITY\\\\SYSTEM\\\"\"},\"eventdata\":{\"ruleName\":\"DLL\",\"utcTime\":\"2026-10-02 13:37:15.704\",\"processGuid\":\"{4b2ce92d-b34e-6abf-8d02-000000001400}\",\"processId\":\"2440\",\"image\":\"C:\\\\\\\\Program Files (x86)\\\\\\\\Microsoft\\\\\\\\EdgeUpdate\\\\\\\\Install\\\\\\\\{B6A4972A-04A1-4EA4-83CA-676CCD5C737C}\\\\\\\\EDGEMITMP_BB81F.tmp\\\\\\\\setup.exe\",\"targetFilename\":\"C:\\\\\\\\Program Files (x86)\\\\\\\\Microsoft\\\\\\\\EdgeCore\\\\\\\\154.0.4258.48\\\\\\\\msedge_elf.dll\",\"creationUtcTime\":\"2026-10-02 13:37:15.704\",\"user\":\"NT AUTHORITY\\\\\\\\SYSTEM\"}}}","decoder":{"name":"windows_eventchannel"},"data":{"win":{"system":{"providerName":"Microsoft-Windows-Sysmon","providerGuid":"{5770385f-c22a-43e0-bf4c-06f5698ffbd9}","eventID":"11","version":"2","level":"4","task":"11","opcode":"0","keywords":"0x8000000000000000","systemTime":"2026-10-02T13:37:15.7065615Z","eventRecordID":"14893","processID":"3504","threadID":"4956","channel":"Microsoft-Windows-Sysmon/Operational","computer":"DESKTOP-5OG7C28","severityValue":"INFORMATION","message":"\"File created:\r\nRuleName: DLL\r\nUtcTime: 2026-10-02 13:37:15.704\r\nProcessGuid: {4b2ce92d-b34e-6abf-8d02-000000001400}\r\nProcessId: 2440\r\nImage: C:\\Program Files (x86)\\Microsoft\\EdgeUpdate\\Install\\{B6A4972A-04A1-4EA4-83CA-676CCD5C737C}\\EDGEMITMP_BB81F.tmp\\setup.exe\r\nTargetFilename: C:\\Program Files (x86)\\Microsoft\\EdgeCore\\154.0.4258.48\\msedge_elf.dll\r\nCreationUtcTime: 2026-10-02 13:37:15.704\r\nUser: NT AUTHORITY\\SYSTEM\""},"eventdata":{"ruleName":"DLL","utcTime":"2026-10-02 13:37:15.704","processGuid":"{4b2ce92d-b34e-6abf-8d02-000000001400}","processId":"2440","image":"C:\\\\Program Files (x86)\\\\Microsoft\\\\EdgeUpdate\\\\Install\\\\{B6A4972A-04A1-4EA4-83CA-676CCD5C737C}\\\\EDGEMITMP_BB81F.tmp\\\\setup.exe","targetFilename":"C:\\\\Program Files (x86)\\\\Microsoft\\\\EdgeCore\\\\154.0.4258.48\\\\msedge_elf.dll","creationUtcTime":"2026-10-02 13:37:15.704","user":"NT AUTHORITY\\\\SYSTEM"}}},"location":"EventChannel"}
{"timestamp":"2026-10-02T15:37:15.342+0200","agent":{"id":"001","name":"Windows_VM","ip":"192.168.232.130"},"manager":{"name":"dcasey-virtual-machine"},"id":"1790948235.319820","full_log":"{\"win\":{\"system\":{\"providerName\":\"Microsoft-Windows-Sysmon\",\"providerGuid\":\"{5770385f-c22a-43e0-bf4c-06f5698ffbd9}\",\"eventID\":\"11\",\"version\":\"2\",\"level\":\"4\",\"task\":\"11\",\"opcode\":\"0\",\"keywords\":\"0x8000000000000000\",\"systemTime\":\"2026-10-02T13:37:15.7905661Z\",\"eventRecordID\":\"14894\",\"processID\":\"3504\",\"threadID\":\"4956\",\"channel\":\"Microsoft-Windows-Sysmon/Operational\",\"computer\":\"DESKTOP-5OG7C28\",\"severityValue\":\"INFORMATION\",\"message\":\"\\\"File created:\\r\\nRuleName: EXE\\r\\nUtcTime: 2026-10-02 13:37:15.788\\r\\nProcessGuid: {4b2ce92d-b34e-6abf-8d02-000000001400}\\r\\nProcessId: 2440\\r\\nImage: C:\\\\Program Files (x86)\\\\Microsoft\\\\EdgeUpdate\\\\Install\\\\{B6A4972A-04A1-4EA4-83CA-676CCD5C737C}\\\\EDGEMITMP_BB81F.tmp\\\\setup.exe\\r\\nTargetFilename: C:\\\\Program Files (x86)\\\\Microsoft\\\\EdgeCore\\\\154.0.4258.48\\\\msedge_proxy.exe\\r\\nCreationUtcTime: 2026-10-02 13:37:15.788\\r\\nUser: NT AUTHORITY\\\\SYSTEM\\\"\"},\"eventdata\":{\"ruleName\":\"EXE\",\"utcTime\":\"2026-10-02 13:37:15.788\",\"processGuid\":\"{4b2ce92d-b34e-6abf-8d02-000000001400}\",\"processId\":\"2440\",\"image\":\"C:\\\\\\\\Program Files (x86)\\\\\\\\Microsoft\\\\\\\\EdgeUpdate\\\\\\\\Install\\\\\\\\{B6A4972A-04A1-4EA4-83CA-676CCD5C737C}\\\\\\\\EDGEMITMP_BB81F.tmp\\\\\\\\setup.exe\",\"targetFilename\":\"C:\\\\\\\\Program Files (x86)\\\\\\\\Microsoft\\\\\\\\EdgeCore\\\\\\\\154.0.4258.48\\\\\\\\msedge_proxy.exe\",\"creationUtcTime\":\"2026-10-02 13:37:15.788\",\"user\":\"NT AUTHORITY\\\\\\\\SYSTEM\"}}}","decoder":{"name":"windows_eventchannel"},"data":{"win":{"system":{"providerName":"Microsoft-Windows-Sysmon","providerGuid":"{5770385f-c22a-43e0-bf4c-06f5698ffbd9}","eventID":"11","version":"2","level":"4","task":"11","opcode":"0","keywords":"0x8000000000000000","systemTime":"2026-10-02T13:37:15.7905661Z","eventRecordID":"14894","processID":"3504","threadID":"4956","channel":"Microsoft-Windows-Sysmon/Operational","computer":"DESKTOP-5OG7C28","severityValue":"INFORMATION","message":"\"File created:\r\nRuleName: EXE\r\nUtcTime: 2026-10-02 13:37:15.788\r\nProcessGuid: {4b2ce92d-b34e-6abf-8d02-000000001400}\r\nProcessId: 2440\r\nImage: C:\\Program Files (x86)\\Microsoft\\EdgeUpdate\\Install\\{B6A4972A-04A1-4EA4-83CA-676CCD5C737C}\\EDGEMITMP_BB81F.tmp\\setup.exe\r\nTargetFilename: C:\\Program Files (x86)\\Microsoft\\EdgeCore\\154.0.4258.48\\msedge_proxy.exe\r\nCreationUtcTime: 2026-10-02 13:37:15.788\r\nUser: NT AUTHORITY\\SYSTEM\""},"eventdata":{"ruleName":"EXE","utcTime":"2026-10-02 13:37:15.788","processGuid":"{4b2ce92d-b34e-6abf-8d02-000000001400}","processId":"2440","image":"C:\\\\Program Files (x86)\\\\Microsoft\\\\EdgeUpdate\\\\Install\\\\{B6A4972A-04A1-4EA4-83CA-676CCD5C737C}\\\\EDGEMITMP_BB81F.tmp\\\\setup.exe","targetFilename":"C:\\\\Program Files (x86)\\\\Microsoft\\\\EdgeCore\\\\154.0.4258.48\\\\msedge_proxy.exe","creationUtcTime":"2026-10-02 13:37:15.788","user":"NT AUTHORITY\\\\SYSTEM"}}},"location":"EventChannel"}
{"timestamp":"2026-10-02T15:37:15.344+0200","agent":{"id":"001","name":"Windows_VM","ip":"192.168.232.130"},"manager":{"name":"dcasey-virtual-machine"},"id":"1790948235.319820","full_log":"{\"win\":{\"system\":{\"providerName\":\"Microsoft-Windows-Sysmon\",\"providerGuid\":\"{5770385f-c22a-43e0-bf4c-06f5698ffbd9}\",\"eventID\":\"11\",\"version\":\"2\",\"level\":\"4\",\"task\":\"11\",\"opcode\":\"0\",\"keywords\":\"0x8000000000000000\",\"systemTime\":\"2026-10-02T13:37:15.8436926Z\",\"eventRecordID\":\"14895\",\"processID\":\"3504\",\"threadID\":\"4956\",\"channel\":\"Microsoft-Windows-Sysmon/Operational\",\"computer\":\"DESKTOP-5OG7C28\",\"severityValue\":\"INFORMATION\",\"message\":\"\\\"File created:\\r\\nRuleName: EXE\\r\\nUtcTime: 2026-10-02 13:37:15.842\\r\\nProcessGuid: {4b2ce92d-b34e-6abf-8d02-000000001400}\\r\\nProcessId: 2440\\r\\nImage: C:\\\\Program Files (x86)\\\\Microsoft\\\\EdgeUpdate\\\\Install\\\\{B6A4972A-04A1-4EA4-83CA-676CCD5C737C}\\\\EDGEMITMP_BB81F.tmp\\\\setup.exe\\r\\nTargetFilename: C:\\\\Program Files (x86)\\\\Microsoft\\\\EdgeCore\\\\154.0.4258.48\\\\msedge_pwa_launcher.exe\\r\\nCreationUtcTime: 2026-10-02 13:37:15.842\\r\\nUser: NT AUTHORITY\\\\SYSTEM\\\"\"},\"eventdata\":{\"ruleName\":\"EXE\",\"utcTime\":\"2026-10-02 13:37:15.842\",\"processGuid\":\"{4b2ce92d-b34e-6abf-8d02-000000001400}\",\"processId\":\"2440\",\"image\":\"C:\\\\\\\\Program Files (x86)\\\\\\\\Microsoft\\\\\\\\EdgeUpdate\\\\\\\\Install\\\\\\\\{B6A4972A-04A1-4EA4-83CA-676CCD5C737C}\\\\\\\\EDGEMITMP_BB81F.tmp\\\\\\\\setup.exe\",\"targetFilename\":\"C:\\\\\\\\Program Files (x86)\\\\\\\\Microsoft\\\\\\\\EdgeCore\\\\\\\\154.0.4258.48\\\\\\\\msedge_pwa_launcher.exe\",\"creationUtcTime\":\"2026-10-02 13:37:15.842\",\"user\":\"NT AUTHORITY\\\\\\\\SYSTEM\"}}}","decoder":{"name":"windows_eventchannel"},"data":{"win":{"system":{"providerName":"Microsoft-Windows-Sysmon","providerGuid":"{5770385f-c22a-43e0-bf4c-06f5698ffbd9}","eventID":"11","version":"2","level":"4","task":"11","opcode":"0","keywords":"0x8000000000000000","systemTime":"2026-10-02T13:37:15.8436926Z","eventRecordID":"14895","processID":"3504","threadID":"4956","channel":"Microsoft-Windows-Sysmon/Operational","computer":"DESKTOP-5OG7C28","severityValue":"INFORMATION","message":"\"File created:\r\nRuleName: EXE\r\nUtcTime: 2026-10-02 13:37:15.842\r\nProcessGuid: {4b2ce92d-b34e-6abf-8d02-000000001400}\r\nProcessId: 2440\r\nImage: C:\\Program Files (x86)\\Microsoft\\EdgeUpdate\\Install\\{B6A4972A-04A1-4EA4-83CA-676CCD5C737C}\\EDGEMITMP_BB81F.tmp\\setup.exe\r\nTargetFilename: C:\\Program Files (x86)\\Microsoft\\EdgeCore\\154.0.4258.48\\msedge_pwa_launcher.exe\r\nCreationUtcTime: 2026-10-02 13:37:15.842\r\nUser: NT AUTHORITY\\SYSTEM\""},"eventdata":{"ruleName":"EXE","utcTime":"2026-10-02 13:37:15.842","processGuid":"{4b2ce92d-b34e-6abf-8d02-000000001400}","processId":"2440","image":"C:\\\\Program Files (x86)\\\\Microsoft\\\\EdgeUpdate\\\\Install\\\\{B6A4972A-04A1-4EA4-83CA-676CCD5C737C}\\\\EDGEMITMP_BB81F.tmp\\\\setup.exe","targetFilename":"C:\\\\Program Files (x86)\\\\Microsoft\\\\EdgeCore\\\\154.0.4258.48\\\\msedge_pwa_launcher.exe","creationUtcTime":"2026-10-02 13:37:15.842","user":"NT AUTHORITY\\\\SYSTEM"}}},"location":"EventChannel"}
{"timestamp":"2026-10-02T15:37:15.346+0200","agent":{"id":"001","name":"Windows_VM","ip":"192.168.232.130"},"manager":{"name":"dcasey-virtual-machine"},"id":"1790948235.319820","full_log":"{\"win\":{\"system\":{\"providerName\":\"Microsoft-Windows-Sysmon\",\"providerGuid\":\"{5770385f-c22a-43e0-bf4c-06f5698ffbd9}\",\"eventID\":\"11\",\"version\":\"2\",\"level\":\"4\",\"task\":\"11\",\"opcode\":\"0\",\"keywords\":\"0x8000000000000000\",\"systemTime\":\"2026-10-02T13:37:15.9147912Z\",\"eventRecordID\":\"14896\",\"processID\":\"3504\",\"threadID\":\"4956\",\"channel\":\"Microsoft-Windows-Sysmon/Operational\",\"computer\":\"DESKTOP-5OG7C28\",\"severityValue\":\"INFORMATION\",\"message\":\"\\\"File created:\\r\\nRuleName: DLL\\r\\nUtcTime: 2026-10-02 13:37:15.913\\r\\nProcessGuid: {4b2ce92d-b34e-6abf-8d02-000000001400}\\r\\nProcessId: 2440\\r\\nImage: C:\\\\Program Files (x86)\\\\Microsoft\\\\EdgeUpdate\\\\Install\\\\{B6A4972A-04A1-4EA4-83CA-676CCD5C737C}\\\\EDGEMITMP_BB81F.tmp\\\\setup.exe\\r\\nTargetFilename: C:\\\\Program Files (x86)\\\\Microsoft\\\\EdgeCore\\\\154.0.4258.48\\\\msedge_wer.dll\\r\\nCreationUtcTime: 2026-10-02 13:37:15.913\\r\\nUser: NT AUTHORITY\\\\SYSTEM\\\"\"},\"eventdata\":{\"ruleName\":\"DLL\",\"utcTime\":\"2026-10-02 13:37:15.913\",\"processGuid\":\"{4b2ce92d-b34e-6abf-8d02-000000001400}\",\"processId\":\"2440\",\"image\":\"C:\\\\\\\\Program Files (x86)\\\\\\\\Microsoft\\\\\\\\EdgeUpdate\\\\\\\\Install\\\\\\\\{B6A4972A-04A1-4EA4-83CA-676CCD5C737C}\\\\\\\\EDGEMITMP_BB81F.tmp\\\\\\\\setup.exe\",\"targetFilename\":\"C:\\\\\\\\Program Files (x86)\\\\\\\\Microsoft\\\\\\\\EdgeCore\\\\\\\\154.0.4258.48\\\\\\\\msedge_wer.dll\",\"creationUtcTime\":\"2026-10-02 13:37:15.913\",\"user\":\"NT AUTHORITY\\\\\\\\SYSTEM\"}}}","decoder":{"name":"windows_eventchannel"},"data":{"win":{"system":{"providerName":"Microsoft-Windows-Sysmon","providerGuid":"{5770385f-c22a-43e0-bf4c-06f5698ffbd9}","eventID":"11","version":"2","level":"4","task":"11","opcode":"0","keywords":"0x8000000000000000","systemTime":"2026-10-02T13:37:15.9147912Z","eventRecordID":"14896","processID":"3504","threadID":"4956","channel":"Microsoft-Windows-Sysmon/Operational","computer":"DESKTOP-5OG7C28","severityValue":"INFORMATION","message":"\"File created:\r\nRuleName: DLL\r\nUtcTime: 2026-10-02 13:37:15.913\r\nProcessGuid: {4b2ce92d-b34e-6abf-8d02-000000001400}\r\nProcessId: 2440\r\nImage: C:\\Program Files (x86)\\Microsoft\\EdgeUpdate\\Install\\{B6A4972A-04A1-4EA4-83CA-676CCD5C737C}\\EDGEMITMP_BB81F.tmp\\setup.exe\r\nTargetFilename: C:\\Program Files (x86)\\Microsoft\\EdgeCore\\154.0.4258.48\\msedge_wer.dll\r\nCreationUtcTime: 2026-10-02 13:37:15.913\r\nUser: NT AUTHORITY\\SYSTEM\""},"eventdata":{"ruleName":"DLL","utcTime":"2026-10-02 13:37:15.913","processGuid":"{4b2ce92d-b34e-6abf-8d02-000000001400}","processId":"2440","image":"C:\\\\Program Files (x86)\\\\Microsoft\\\\EdgeUpdate\\\\Install\\\\{B6A4972A-04A1-4EA4-83CA-676CCD5C737C}\\\\EDGEMITMP_BB81F.tmp\\\\setup.exe","targetFilename":"C:\\\\Program Files (x86)\\\\Microsoft\\\\EdgeCore\\\\154.0.4258.48\\\\msedge_wer.dll","creationUtcTime":"2026-10-02 13:37:15.913","user":"NT AUTHORITY\\\\SYSTEM"}}},"location":"EventChannel"}
{"timestamp":"2026-10-02T15:37:15.351+0200","agent":{"id":"001","name":"Windows_VM","ip":"192.168.232.130"},"manager":{"name":"dcasey-virtual-machine"},"id":"1790948235.319820","full_log":"{\"win\":{\"system\":{\"providerName\":\"Microsoft-Windows-Sysmon\",\"providerGuid\":\"{5770385f-c22a-43e0-bf4c-06f5698ffbd9}\",\"eventID\":\"11\",\"version\":\"2\",\"level\":\"4\",\"task\":\"11\",\"opcode\":\"0\",\"keywords\":\"0x8000000000000000\",\"systemTime\":\"2026-10-02T13:37:15.9267817Z\",\"eventRecordID\":\"14897\",\"processID\":\"3504\",\"threadID\":\"4956\",\"channel\":\"Microsoft-Windows-Sysmon/Operational\",\"computer\":\"DESKTOP-5OG7C28\",\"severityValue\":\"INFORMATION\",\"message\":\"\\\"File created:\\r\\nRuleName: DLL\\r\\nUtcTime: 2026-10-02 13:37:15.924\\r\\nProcessGuid: {4b2ce92d-b34e-6abf-8d02-000000001400}\\r\\nProcessId: 2440\\r\\nImage: C:\\\\Program Files (x86)\\\\Microsoft\\\\EdgeUpdate\\\\Install\\\\{B6A4972A-04A1-4EA4-83CA-676CCD5C737C}\\\\EDGEMITMP_BB81F.tmp\\\\setup.exe\\r\\nTargetFilename: C:\\\\Program Files (x86)\\\\Microsoft\\\\EdgeCore\\\\154.0.4258.48\\\\mspdf.dll\\r\\nCreationUtcTime: 2026-10-02 13:37:15.924\\r\\nUser: NT AUTHORITY\\\\SYSTEM\\\"\"},\"eventdata\":{\"ruleName\":\"DLL\",\"utcTime\":\"2026-10-02 13:37:15.924\",\"processGuid\":\"{4b2ce92d-b34e-6abf-8d02-000000001400}\",\"processId\":\"2440\",\"image\":\"C:\\\\\\\\Program Files (x86)\\\\\\\\Microsoft\\\\\\\\EdgeUpdate\\\\\\\\Install\\\\\\\\{B6A4972A-04A1-4EA4-83CA-676CCD5C737C}\\\\\\\\EDGEMITMP_BB81F.tmp\\\\\\\\setup.exe\",\"targetFilename\":\"C:\\\\\\\\Program Files (x86)\\\\\\\\Microsoft\\\\\\\\EdgeCore\\\\\\\\154.0.4258.48\\\\\\\\mspdf.dll\",\"creationUtcTime\":\"2026-10-02 13:37:15.924\",\"user\":\"NT AUTHORITY\\\\\\\\SYSTEM\"}}}","decoder":{"name":"windows_eventchannel"},"data":{"win":{"system":{"providerName":"Microsoft-Windows-Sysmon","providerGuid":"{5770385f-c22a-43e0-bf4c-06f5698ffbd9}","eventID":"11","version":"2","level":"4","task":"11","opcode":"0","keywords":"0x8000000000000000","systemTime":"2026-10-02T13:37:15.9267817Z","eventRecordID":"14897","processID":"3504","threadID":"4956","channel":"Microsoft-Windows-Sysmon/Operational","computer":"DESKTOP-5OG7C28","severityValue":"INFORMATION","message":"\"File created:\r\nRuleName: DLL\r\nUtcTime: 2026-10-02 13:37:15.924\r\nProcessGuid: {4b2ce92d-b34e-6abf-8d02-000000001400}\r\nProcessId: 2440\r\nImage: C:\\Program Files (x86)\\Microsoft\\EdgeUpdate\\Install\\{B6A4972A-04A1-4EA4-83CA-676CCD5C737C}\\EDGEMITMP_BB81F.tmp\\setup.exe\r\nTargetFilename: C:\\Program Files (x86)\\Microsoft\\EdgeCore\\154.0.4258.48\\mspdf.dll\r\nCreationUtcTime: 2026-10-02 13:37:15.924\r\nUser: NT AUTHORITY\\SYSTEM\""},"eventdata":{"ruleName":"DLL","utcTime":"2026-10-02 13:37:15.924","processGuid":"{4b2ce92d-b34e-6abf-8d02-000000001400}","processId":"2440","image":"C:\\\\Program Files (x86)\\\\Microsoft\\\\EdgeUpdate\\\\Install\\\\{B6A4972A-04A1-4EA4-83CA-676CCD5C737C}\\\\EDGEMITMP_BB81F.tmp\\\\setup.exe","targetFilename":"C:\\\\Program Files (x86)\\\\Microsoft\\\\EdgeCore\\\\154.0.4258.48\\\\mspdf.dll","creationUtcTime":"2026-10-02 13:37:15.924","user":"NT AUTHORITY\\\\SYSTEM"}}},"location":"EventChannel"}
{"timestamp":"2026-10-02T15:37:15.370+0200","agent":{"id":"001","name":"Windows_VM","ip":"192.168.232.130"},"manager":{"name":"dcasey-virtual-machine"},"id":"1790948235.319820","full_log":"{\"win\":{\"system\":{\"providerName\":\"Microsoft-Windows-Sysmon\",\"providerGuid\":\"{5770385f-c22a-43e0-bf4c-06f5698ffbd9}\",\"eventID\":\"11\",\"version\":\"2\",\"level\":\"4\",\"task\":\"11\",\"opcode\":\"0\",\"keywords\":\"0x8000000000000000\",\"systemTime\":\"2026-10-02T13:37:16.2625855Z\",\"eventRecordID\":\"14898\",\"processID\":\"3504\",\"threadID\":\"4956\",\"channel\":\"Microsoft-Windows-Sysmon/Operational\",\"computer\":\"DESKTOP-5OG7C28\",\"severityValue\":\"INFORMATION\",\"message\":\"\\\"File created:\\r\\nRuleName: DLL\\r\\nUtcTime: 2026-10-02 13:37:16.261\\r\\nProcessGuid: {4b2ce92d-b34e-6abf-8d02-000000001400}\\r\\nProcessId: 2440\\r\\nImage: C:\\\\Program Files (x86)\\\\Microsoft\\\\EdgeUpdate\\\\Install\\\\{B6A4972A-04A1-4EA4-83CA-676CCD5C737C}\\\\EDGEMITMP_BB81F.tmp\\\\setup.exe\\r\\nTargetFilename: C:\\\\Program Files (x86)\\\\Microsoft\\\\EdgeCore\\\\154.0.4258.48\\\\msvcp140.dll\\r\\nCreationUtcTime: 2026-10-02 13:37:16.261\\r\\nUser: NT AUTHORITY\\\\SYSTEM\\\"\"},\"eventdata\":{\"ruleName\":\"DLL\",\"utcTime\":\"2026-10-02 13:37:16.261\",\"processGuid\":\"{4b2ce92d-b34e-6abf-8d02-000000001400}\",\"processId\":\"2440\",\"image\":\"C:\\\\\\\\Program Files (x86)\\\\\\\\Microsoft\\\\\\\\EdgeUpdate\\\\\\\\Install\\\\\\\\{B6A4972A-04A1-4EA4-83CA-676CCD5C737C}\\\\\\\\EDGEMITMP_BB81F.tmp\\\\\\\\setup.exe\",\"targetFilename\":\"C:\\\\\\\\Program Files (x86)\\\\\\\\Microsoft\\\\\\\\EdgeCore\\\\\\\\154.0.4258.48\\\\\\\\msvcp140.dll\",\"creationUtcTime\":\"2026-10-02 13:37:16.261\",\"user\":\"NT AUTHORITY\\\\\\\\SYSTEM\"}}}","decoder":{"name":"windows_eventchannel"},"data":{"win":{"system":{"providerName":"Microsoft-Windows-Sysmon","providerGuid":"{5770385f-c22a-43e0-bf4c-06f5698ffbd9}","eventID":"11","version":"2","level":"4","task":"11","opcode":"0","keywords":"0x8000000000000000","systemTime":"2026-10-02T13:37:16.2625855Z","eventRecordID":"14898","processID":"3504","threadID":"4956","channel":"Microsoft-Windows-Sysmon/Operational","computer":"DESKTOP-5OG7C28","severityValue":"INFORMATION","message":"\"File created:\r\nRuleName: DLL\r\nUtcTime: 2026-10-02 13:37:16.261\r\nProcessGuid: {4b2ce92d-b34e-6abf-8d02-000000001400}\r\nProcessId: 2440\r\nImage: C:\\Program Files (x86)\\Microsoft\\EdgeUpdate\\Install\\{B6A4972A-04A1-4EA4-83CA-676CCD5C737C}\\EDGEMITMP_BB81F.tmp\\setup.exe\r\nTargetFilename: C:\\Program Files (x86)\\Microsoft\\EdgeCore\\154.0.4258.48\\msvcp140.dll\r\nCreationUtcTime: 2026-10-02 13:37:16.261\r\nUser: NT AUTHORITY\\SYSTEM\""},"eventdata":{"ruleName":"DLL","utcTime":"2026-10-02 13:37:16.261","processGuid":"{4b2ce92d-b34e-6abf-8d02-000000001400}","processId":"2440","image":"C:\\\\Program Files (x86)\\\\Microsoft\\\\EdgeUpdate\\\\Install\\\\{B6A4972A-04A1-4EA4-83CA-676CCD5C737C}\\\\EDGEMITMP_BB81F.tmp\\\\setup.exe","targetFilename":"C:\\\\Program Files (x86)\\\\Microsoft\\\\EdgeCore\\\\154.0.4258.48\\\\msvcp140.dll","creationUtcTime":"2026-10-02 13:37:16.261","user":"NT AUTHORITY\\\\SYSTEM"}}},"location":"EventChannel"}
{"timestamp":"2026-10-02T15:37:15.372+0200","agent":{"id":"001","name":"Windows_VM","ip":"192.168.232.130"},"manager":{"name":"dcasey-virtual-machine"},"id":"1790948235.319820","full_log":"{\"win\":{\"system\":{\"providerName\":\"Microsoft-Windows-Sysmon\",\"providerGuid\":\"{5770385f-c22a-43e0-bf4c-06f5698ffbd9}\",\"eventID\":\"11\",\"version\":\"2\",\"level\":\"4\",\"task\":\"11\",\"opcode\":\"0\",\"keywords\":\"0x8000000000000000\",\"systemTime\":\"2026-10-02T13:37:16.2861474Z\",\"eventRecordID\":\"14899\",\"processID\":\"3504\",\"threadID\":\"4956\",\"channel\":\"Microsoft-Windows-Sysmon/Operational\",\"computer\":\"DESKTOP-5OG7C28\",\"severityValue\":\"INFORMATION\",\"message\":\"\\\"File created:\\r\\nRuleName: DLL\\r\\nUtcTime: 2026-10-02 13:37:16.284\\r\\nProcessGuid: {4b2ce92d-b34e-6abf-8d02-000000001400}\\r\\nProcessId: 2440\\r\\nImage: C:\\\\Program Files (x86)\\\\Microsoft\\\\EdgeUpdate\\\\Install\\\\{B6A4972A-04A1-4EA4-83CA-676CCD5C737C}\\\\EDGEMITMP_BB81F.tmp\\\\setup.exe\\r\\nTargetFilename: C:\\\\Program Files (x86)\\\\Microsoft\\\\EdgeCore\\\\154.0.4258.48\\\\msvcp140_codecvt_ids.dll\\r\\nCreationUtcTime: 2026-10-02 13:37:16.284\\r\\nUser: NT AUTHORITY\\\\SYSTEM\\\"\"},\"eventdata\":{\"ruleName\":\"DLL\",\"utcTime\":\"2026-10-02 13:37:16.284\",\"processGuid\":\"{4b2ce92d-b34e-6abf-8d02-000000001400}\",\"processId\":\"2440\",\"image\":\"C:\\\\\\\\Program Files (x86)\\\\\\\\Microsoft\\\\\\\\EdgeUpdate\\\\\\\\Install\\\\\\\\{B6A4972A-04A1-4EA4-83CA-676CCD5C737C}\\\\\\\\EDGEMITMP_BB81F.tmp\\\\\\\\setup.exe\",\"targetFilename\":\"C:\\\\\\\\Program Files (x86)\\\\\\\\Microsoft\\\\\\\\EdgeCore\\\\\\\\154.0.4258.48\\\\\\\\msvcp140_codecvt_ids.dll\",\"creationUtcTime\":\"2026-10-02 13:37:16.284\",\"user\":\"NT AUTHORITY\\\\\\\\SYSTEM\"}}}","decoder":{"name":"windows_eventchannel"},"data":{"win":{"system":{"providerName":"Microsoft-Windows-Sysmon","providerGuid":"{5770385f-c22a-43e0-bf4c-06f5698ffbd9}","eventID":"11","version":"2","level":"4","task":"11","opcode":"0","keywords":"0x8000000000000000","systemTime":"2026-10-02T13:37:16.2861474Z","eventRecordID":"14899","processID":"3504","threadID":"4956","channel":"Microsoft-Windows-Sysmon/Operational","computer":"DESKTOP-5OG7C28","severityValue":"INFORMATION","message":"\"File created:\r\nRuleName: DLL\r\nUtcTime: 2026-10-02 13:37:16.284\r\nProcessGuid: {4b2ce92d-b34e-6abf-8d02-000000001400}\r\nProcessId: 2440\r\nImage: C:\\Program Files (x86)\\Microsoft\\EdgeUpdate\\Install\\{B6A4972A-04A1-4EA4-83CA-676CCD5C737C}\\EDGEMITMP_BB81F.tmp\\setup.exe\r\nTargetFilename: C:\\Program Files (x86)\\Microsoft\\EdgeCore\\154.0.4258.48\\msvcp140_codecvt_ids.dll\r\nCreationUtcTime: 2026-10-02 13:37:16.284\r\nUser: NT AUTHORITY\\SYSTEM\""},"eventdata":{"ruleName":"DLL","utcTime":"2026-10-02 13:37:16.284","processGuid":"{4b2ce92d-b34e-6abf-8d02-000000001400}","processId":"2440","image":"C:\\\\Program Files (x86)\\\\Microsoft\\\\EdgeUpdate\\\\Install\\\\{B6A4972A-04A1-4EA4-83CA-676CCD5C737C}\\\\EDGEMITMP_BB81F.tmp\\\\setup.exe","targetFilename":"C:\\\\Program Files (x86)\\\\Microsoft\\\\EdgeCore\\\\154.0.4258.48\\\\msvcp140_codecvt_ids.dll","creationUtcTime":"2026-10-02 13:37:16.284","user":"NT AUTHORITY\\\\SYSTEM"}}},"location":"EventChannel"}
{"timestamp":"2026-10-02T15:37:15.373+0200","agent":{"id":"001","name":"Windows_VM","ip":"192.168.232.130"},"manager":{"name":"dcasey-virtual-machine"},"id":"1790948235.319820","full_log":"{\"win\":{\"system\":{\"providerName\":\"Microsoft-Windows-Sysmon\",\"providerGuid\":\"{5770385f-c22a-43e0-bf4c-06f5698ffbd9}\",\"eventID\":\"11\",\"version\":\"2\",\"level\":\"4\",\"task\":\"11\",\"opcode\":\"0\",\"keywords\":\"0x8000000000000000\",\"systemTime\":\"2026-10-02T13:37:16.2985017Z\",\"eventRecordID\":\"14900\",\"processID\":\"3504\",\"threadID\":\"4956\",\"channel\":\"Microsoft-Windows-Sysmon/Operational\",\"computer\":\"DESKTOP-5OG7C28\",\"severityValue\":\"INFORMATION\",\"message\":\"\\\"File created:\\r\\nRuleName: EXE\\r\\nUtcTime: 2026-10-02 13:37:16.295\\r\\nProcessGuid: {4b2ce92d-b34e-6abf-8d02-000000001400}\\r\\nProcessId: 2440\\r\\nImage: C:\\\\Program Files (x86)\\\\Microsoft\\\\EdgeUpdate\\\\Install\\\\{B6A4972A-04A1-4EA4-83CA-676CCD5C737C}\\\\EDGEMITMP_BB81F.tmp\\\\setup.exe\\r\\nTargetFilename: C:\\\\Program Files (x86)\\\\Microsoft\\\\EdgeCore\\\\154.0.4258.48\\\\notification_helper.exe\\r\\nCreationUtcTime: 2026-10-02 13:37:16.295\\r\\nUser: NT AUTHORITY\\\\SYSTEM\\\"\"},\"eventdata\":{\"ruleName\":\"EXE\",\"utcTime\":\"2026-10-02 13:37:16.295\",\"processGuid\":\"{4b2ce92d-b34e-6abf-8d02-000000001400}\",\"processId\":\"2440\",\"image\":\"C:\\\\\\\\Program Files (x86)\\\\\\\\Microsoft\\\\\\\\EdgeUpdate\\\\\\\\Install\\\\\\\\{B6A4972A-04A1-4EA4-83CA-676CCD5C737C}\\\\\\\\EDGEMITMP_BB81F.tmp\\\\\\\\setup.exe\",\"targetFilename\":\"C:\\\\\\\\Program Files (x86)\\\\\\\\Microsoft\\\\\\\\EdgeCore\\\\\\\\154.0.4258.48\\\\\\\\notification_helper.exe\",\"creationUtcTime\":\"2026-10-02 13:37:16.295\",\"user\":\"NT AUTHORITY\\\\\\\\SYSTEM\"}}}","decoder":{"name":"windows_eventchannel"},"data":{"win":{"system":{"providerName":"Microsoft-Windows-Sysmon","providerGuid":"{5770385f-c22a-43e0-bf4c-06f5698ffbd9}","eventID":"11","version":"2","level":"4","task":"11","opcode":"0","keywords":"0x8000000000000000","systemTime":"2026-10-02T13:37:16.2985017Z","eventRecordID":"14900","processID":"3504","threadID":"4956","channel":"Microsoft-Windows-Sysmon/Operational","computer":"DESKTOP-5OG7C28","severityValue":"INFORMATION","message":"\"File created:\r\nRuleName: EXE\r\nUtcTime: 2026-10-02 13:37:16.295\r\nProcessGuid: {4b2ce92d-b34e-6abf-8d02-000000001400}\r\nProcessId: 2440\r\nImage: C:\\Program Files (x86)\\Microsoft\\EdgeUpdate\\Install\\{B6A4972A-04A1-4EA4-83CA-676CCD5C737C}\\EDGEMITMP_BB81F.tmp\\setup.exe\r\nTargetFilename: C:\\Program Files (x86)\\Microsoft\\EdgeCore\\154.0.4258.48\\notification_helper.exe\r\nCreationUtcTime: 2026-10-02 13:37:16.295\r\nUser: NT AUTHORITY\\SYSTEM\""},"eventdata":{"ruleName":"EXE","utcTime":"2026-10-02 13:37:16.295","processGuid":"{4b2ce92d-b34e-6abf-8d02-000000001400}","processId":"2440","image":"C:\\\\Program Files (x86)\\\\Microsoft\\\\EdgeUpdate\\\\Install\\\\{B6A4972A-04A1-4EA4-83CA-676CCD5C737C}\\\\EDGEMITMP_BB81F.tmp\\\\setup.exe","targetFilename":"C:\\\\Program Files (x86)\\\\Microsoft\\\\EdgeCore\\\\154.0.4258.48\\\\notification_helper.exe","creationUtcTime":"2026-10-02 13:37:16.295","user":"NT AUTHORITY\\\\SYSTEM"}}},"location":"EventChannel"}
