{"timestamp":"2026-10-02T15:37:22.878+0200","agent":{"id":"001","name":"Windows_VM","ip":"192.168.232.130"},"manager":{"name":"dcasey-virtual-machine"},"id":"1790948242.321646","full_log":"{\"win\":{\"system\":{\"providerName\":\"Microsoft-Windows-Sysmon\",\"providerGuid\":\"{5770385f-c22a-43e0-bf4c-06f5698ffbd9}\",\"eventID\":\"13\",\"version\":\"2\",\"level\":\"4\",\"task\":\"13\",\"opcode\":\"0\",\"keywords\":\"0x8000000000000000\",\"systemTime\":\"2026-10-02T13:37:23.1468811Z\",\"eventRecordID\":\"14929\",\"processID\":\"3504\",\"threadID\":\"4956\",\"channel\":\"Microsoft-Windows-Sysmon/Operational\",\"computer\":\"DESKTOP-5OG7C28\",\"severityValue\":\"INFORMATION\",\"message\":\"\\\"Registry value set:\\r\\nRuleName: T1122\\r\\nEventType: SetValue\\r\\nUtcTime: 2026-10-02 13:37:23.145\\r\\nProcessGuid: {4b2ce92d-b34e-6abf-8d02-000000001400}\\r\\nProcessId: 2440\\r\\nImage: C:\\\\Program Files (x86)\\\\Microsoft\\\\EdgeUpdate\\\\Install\\\\{B6A4972A-04A1-4EA4-83CA-676CCD5C737C}\\\\EDGEMITMP_BB81F.tmp\\\\setup.exe\\r\\nTargetObject: HKCR\\\\CLSID\\\\{3A84F9C2-6164-485C-A7D9-4B27F8AC009E}\\\\InProcServer32\\\\(Default)\\r\\nDetails: C:\\\\Program Files (x86)\\\\Microsoft\\\\Edge\\\\Application\\\\154.0.4258.48\\\\PdfPreview\\\\PdfPreviewHandler.dll\\r\\nUser: NT AUTHORITY\\\\SYSTEM\\\"\"},\"eventdata\":{\"ruleName\":\"T1122\",\"eventType\":\"SetValue\",\"utcTime\":\"2026-10-02 13:37:23.145\",\"processGuid\":\"{4b2ce92d-b34e-6abf-8d02-000000001400}\",\"processId\":\"2440\",\"image\":\"C:\\\\\\\\Program Files (x86)\\\\\\\\Microsoft\\\\\\\\EdgeUpdate\\\\\\\\Install\\\\\\\\{B6A4972A-04A1-4EA4-83CA-676CCD5C737C}\\\\\\\\EDGEMITMP_BB81F.tmp\\\\\\\\setup.exe\",\"targetObject\":\"HKCR\\\\\\\\CLSID\\\\\\\\{3A84F9C2-6164-485C-A7D9-4B27F8AC009E}\\\\\\\\InProcServer32\\\\\\\\(Default)\",\"details\":\"C:\\\\\\\\Program Files (x86)\\\\\\\\Microsoft\\\\\\\\Edge\\\\\\\\Application\\\\\\\\154.0.4258.48\\\\\\\\PdfPreview\\\\\\\\PdfPreviewHandler.dll\",\"user\":\"NT AUTHORITY\\\\\\\\SYSTEM\"}}}","decoder":{"name":"windows_eventchannel"},"data":{"win":{"system":{"providerName":"Microsoft-Windows-Sysmon","providerGuid":"{5770385f-c22a-43e0-bf4c-06f5698ffbd9}","eventID":"13","version":"2","level":"4","task":"13","opcode":"0","keywords":"0x8000000000000000","systemTime":"2026-10-02T13:37:23.1468811Z","eventRecordID":"14929","processID":"3504","threadID":"4956","channel":"Microsoft-Windows-Sysmon/Operational","computer":"DESKTOP-5OG7C28","severityValue":"INFORMATION","message":"\"Registry value set:\r\nRuleName: T1122\r\nEventType: SetValue\r\nUtcTime: 2026-10-02 13:37:23.145\r\nProcessGuid: {4b2ce92d-b34e-6abf-8d02-000000001400}\r\nProcessId: 2440\r\nImage: C:\\Program Files (x86)\\Microsoft\\EdgeUpdate\\Install\\{B6A4972A-04A1-4EA4-83CA-676CCD5C737C}\\EDGEMITMP_BB81F.tmp\\setup.exe\r\nTargetObject: HKCR\\CLSID\\{3A84F9C2-6164-485C-A7D9-4B27F8AC009E}\\InProcServer32\\(Default)\r\nDetails: C:\\Program Files (x86)\\Microsoft\\Edge\\Application\\154.0.4258.48\\PdfPreview\\PdfPreviewHandler.dll\r\nUser: NT AUTHORITY\\SYSTEM\""},"eventdata":{"ruleName":"T1122","eventType":"SetValue","utcTime":"2026-10-02 13:37:23.145","processGuid":"{4b2ce92d-b34e-6abf-8d02-000000001400}","processId":"2440","image":"C:\\\\Program Files (x86)\\\\Microsoft\\\\EdgeUpdate\\\\Install\\\\{B6A4972A-04A1-4EA4-83CA-676CCD5C737C}\\\\EDGEMITMP_BB81F.tmp\\\\setup.exe","targetObject":"HKCR\\\\CLSID\\\\{3A84F9C2-6164-485C-A7D9-4B27F8AC009E}\\\\InProcServer32\\\\(Default)","details":"C:\\\\Program Files (x86)\\\\Microsoft\\\\Edge\\\\Application\\\\154.0.4258.48\\\\PdfPreview\\\\PdfPreviewHandler.dll","user":"NT AUTHORITY\\\\SYSTEM"}}},"location":"EventChannel"}
{"timestamp":"2026-10-02T15:37:22.883+0200","agent":{"id":"001","name":"Windows_VM","ip":"192.168.232.130"},"manager":{"name":"dcasey-virtual-machine"},"id":"1790948242.321646","full_log":"{\"win\":{\"system\":{\"providerName\":\"Microsoft-Windows-Sysmon\",\"providerGuid\":\"{5770385f-c22a-43e0-bf4c-06f5698ffbd9}\",\"eventID\":\"13\",\"version\":\"2\",\"level\":\"4\",\"task\":\"13\",\"opcode\":\"0\",\"keywords\":\"0x8000000000000000\",\"systemTime\":\"2026-10-02T13:37:23.1477678Z\",\"eventRecordID\":\"14930\",\"processID\":\"3504\",\"threadID\":\"4956\",\"channel\":\"Microsoft-Windows-Sysmon/Operational\",\"computer\":\"DESKTOP-5OG7C28\",\"severityValue\":\"INFORMATION\",\"message\":\"\\\"Registry value set:\\r\\nRuleName: T1122\\r\\nEventType: SetValue\\r\\nUtcTime: 2026-10-02 13:37:23.145\\r\\nProcessGuid: {4b2ce92d-b34e-6abf-8d02-000000001400}\\r\\nProcessId: 2440\\r\\nImage: C:\\\\Program Files (x86)\\\\Microsoft\\\\EdgeUpdate\\\\Install\\\\{B6A4972A-04A1-4EA4-83CA-676CCD5C737C}\\\\EDGEMITMP_BB81F.tmp\\\\setup.exe\\r\\nTargetObject: HKCR\\\\WOW6432Node\\\\CLSID\\\\{3A84F9C2-6164-485C-A7D9-4B27F8AC009E}\\\\InProcServer32\\\\(Default)\\r\\nDetails: C:\\\\Program Files (x86)\\\\Microsoft\\\\Edge\\\\Application\\\\154.0.4258.48\\\\PdfPreview\\\\PdfPreviewHandler.dll\\r\\nUser: NT AUTHORITY\\\\SYSTEM\\\"\"},\"eventdata\":{\"ruleName\":\"T1122\",\"eventType\":\"SetValue\",\"utcTime\":\"2026-10-02 13:37:23.145\",\"processGuid\":\"{4b2ce92d-b34e-6abf-8d02-000000001400}\",\"processId\":\"2440\",\"image\":\"C:\\\\\\\\Program Files (x86)\\\\\\\\Microsoft\\\\\\\\EdgeUpdate\\\\\\\\Install\\\\\\\\{B6A4972A-04A1-4EA4-83CA-676CCD5C737C}\\\\\\\\EDGEMITMP_BB81F.tmp\\\\\\\\setup.exe\",\"targetObject\":\"HKCR\\\\\\\\WOW6432Node\\\\\\\\CLSID\\\\\\\\{3A84F9C2-6164-485C-A7D9-4B27F8AC009E}\\\\\\\\InProcServer32\\\\\\\\(Default)\",\"details\":\"C:\\\\\\\\Program Files (x86)\\\\\\\\Microsoft\\\\\\\\Edge\\\\\\\\Application\\\\\\\\154.0.4258.48\\\\\\\\PdfPreview\\\\\\\\PdfPreviewHandler.dll\",\"user\":\"NT AUTHORITY\\\\\\\\SYSTEM\"}}}","decoder":{"name":"windows_eventchannel"},"data":{"win":{"system":{"providerName":"Microsoft-Windows-Sysmon","providerGuid":"{5770385f-c22a-43e0-bf4c-06f5698ffbd9}","eventID":"13","version":"2","level":"4","task":"13","opcode":"0","keywords":"0x8000000000000000","systemTime":"2026-10-02T13:37:23.1477678Z","eventRecordID":"14930","processID":"3504","threadID":"4956","channel":"Microsoft-Windows-Sysmon/Operational","computer":"DESKTOP-5OG7C28","severityValue":"INFORMATION","message":"\"Registry value set:\r\nRuleName: T1122\r\nEventType: SetValue\r\nUtcTime: 2026-10-02 13:37:23.145\r\nProcessGuid: {4b2ce92d-b34e-6abf-8d02-000000001400}\r\nProcessId: 2440\r\nImage: C:\\Program Files (x86)\\Microsoft\\EdgeUpdate\\Install\\{B6A4972A-04A1-4EA4-83CA-676CCD5C737C}\\EDGEMITMP_BB81F.tmp\\setup.exe\r\nTargetObject: HKCR\\WOW6432Node\\CLSID\\{3A84F9C2-6164-485C-A7D9-4B27F8AC009E}\\InProcServer32\\(Default)\r\nDetails: C:\\Program Files (x86)\\Microsoft\\Edge\\Application\\154.0.4258.48\\PdfPreview\\PdfPreviewHandler.dll\r\nUser: NT AUTHORITY\\SYSTEM\""},"eventdata":{"ruleName":"T1122","eventType":"SetValue","utcTime":"2026-10-02 13:37:23.145","processGuid":"{4b2ce92d-b34e-6abf-8d02-000000001400}","processId":"2440","image":"C:\\\\Program Files (x86)\\\\Microsoft\\\\EdgeUpdate\\\\Install\\\\{B6A4972A-04A1-4EA4-83CA-676CCD5C737C}\\\\EDGEMITMP_BB81F.tmp\\\\setup.exe","targetObject":"HKCR\\\\WOW6432Node\\\\CLSID\\\\{3A84F9C2-6164-485C-A7D9-4B27F8AC009E}\\\\InProcServer32\\\\(Default)","details":"C:\\\\Program Files (x86)\\\\Microsoft\\\\Edge\\\\Application\\\\154.0.4258.48\\\\PdfPreview\\\\PdfPreviewHandler.dll","user":"NT AUTHORITY\\\\SYSTEM"}}},"location":"EventChannel"}
{"timestamp":"2026-10-02T15:37:22.915+0200","agent":{"id":"001","name":"Windows_VM","ip":"192.168.232.130"},"manager":{"name":"dcasey-virtual-machine"},"id":"1790948242.321646","full_log":"{\"win\":{\"system\":{\"providerName\":\"Microsoft-Windows-Sysmon\",\"providerGuid\":\"{5770385f-c22a-43e0-bf4c-06f5698ffbd9}\",\"eventID\":\"13\",\"version\":\"2\",\"level\":\"4\",\"task\":\"13\",\"opcode\":\"0\",\"keywords\":\"0x8000000000000000\",\"systemTime\":\"2026-10-02T13:37:23.1778589Z\",\"eventRecordID\":\"14931\",\"processID\":\"3504\",\"threadID\":\"4956\",\"channel\":\"Microsoft-Windows-Sysmon/Operational\",\"computer\":\"DESKTOP-5OG7C28\",\"severityValue\":\"INFORMATION\",\"message\":\"\\\"Registry value set:\\r\\nRuleName: T1122\\r\\nEventType: SetValue\\r\\nUtcTime: 2026-10-02 13:37:23.177\\r\\nProcessGuid: {4b2ce92d-b34e-6abf-8d02-000000001400}\\r\\nProcessId: 2440\\r\\nImage: C:\\\\Program Files (x86)\\\\Microsoft\\\\EdgeUpdate\\\\Install\\\\{B6A4972A-04A1-4EA4-83CA-676CCD5C737C}\\\\EDGEMITMP_BB81F.tmp\\\\setup.exe\\r\\nTargetObject: HKCR\\\\CLSID\\\\{B54934CD-71A6-4698-BDC2-AFEA5B86504C}\\\\InprocServer32\\\\(Default)\\r\\nDetails: C:\\\\Program Files (x86)\\\\Microsoft\\\\Edge\\\\Application\\\\154.0.4258.48\\\\EBWebView\\\\x64\\\\EmbeddedBrowserWebView.dll\\r\\nUser: NT AUTHORITY\\\\SYSTEM\\\"\"},\"eventdata\":{\"ruleName\":\"T1122\",\"eventType\":\"SetValue\",\"utcTime\":\"2026-10-02 13:37:23.177\",\"processGuid\":\"{4b2ce92d-b34e-6abf-8d02-000000001400}\",\"processId\":\"2440\",\"image\":\"C:\\\\\\\\Program Files (x86)\\\\\\\\Microsoft\\\\\\\\EdgeUpdate\\\\\\\\Install\\\\\\\\{B6A4972A-04A1-4EA4-83CA-676CCD5C737C}\\\\\\\\EDGEMITMP_BB81F.tmp\\\\\\\\setup.exe\",\"targetObject\":\"HKCR\\\\\\\\CLSID\\\\\\\\{B54934CD-71A6-4698-BDC2-AFEA5B86504C}\\\\\\\\InprocServer32\\\\\\\\(Default)\",\"details\":\"C:\\\\\\\\Program Files (x86)\\\\\\\\Microsoft\\\\\\\\Edge\\\\\\\\Application\\\\\\\\154.0.4258.48\\\\\\\\EBWebView\\\\\\\\x64\\\\\\\\EmbeddedBrowserWebView.dll\",\"user\":\"NT AUTHORITY\\\\\\\\SYSTEM\"}}}","decoder":{"name":"windows_eventchannel"},"data":{"win":{"system":{"providerName":"Microsoft-Windows-Sysmon","providerGuid":"{5770385f-c22a-43e0-bf4c-06f5698ffbd9}","eventID":"13","version":"2","level":"4","task":"13","opcode":"0","keywords":"0x8000000000000000","systemTime":"2026-10-02T13:37:23.1778589Z","eventRecordID":"14931","processID":"3504","threadID":"4956","channel":"Microsoft-Windows-Sysmon/Operational","computer":"DESKTOP-5OG7C28","severityValue":"INFORMATION","message":"\"Registry value set:\r\nRuleName: T1122\r\nEventType: SetValue\r\nUtcTime: 2026-10-02 13:37:23.177\r\nProcessGuid: {4b2ce92d-b34e-6abf-8d02-000000001400}\r\nProcessId: 2440\r\nImage: C:\\Program Files (x86)\\Microsoft\\EdgeUpdate\\Install\\{B6A4972A-04A1-4EA4-83CA-676CCD5C737C}\\EDGEMITMP_BB81F.tmp\\setup.exe\r\nTargetObject: HKCR\\CLSID\\{B54934CD-71A6-4698-BDC2-AFEA5B86504C}\\InprocServer32\\(Default)\r\nDetails: C:\\Program Files (x86)\\Microsoft\\Edge\\Application\\154.0.4258.48\\EBWebView\\x64\\EmbeddedBrowserWebView.dll\r\nUser: NT AUTHORITY\\SYSTEM\""},"eventdata":{"ruleName":"T1122","eventType":"SetValue","utcTime":"2026-10-02 13:37:23.177","processGuid":"{4b2ce92d-b34e-6abf-8d02-000000001400}","processId":"2440","image":"C:\\\\Program Files (x86)\\\\Microsoft\\\\EdgeUpdate\\\\Install\\\\{B6A4972A-04A1-4EA4-83CA-676CCD5C737C}\\\\EDGEMITMP_BB81F.tmp\\\\setup.exe","targetObject":"HKCR\\\\CLSID\\\\{B54934CD-71A6-4698-BDC2-AFEA5B86504C}\\\\InprocServer32\\\\(Default)","details":"C:\\\\Program Files (x86)\\\\Microsoft\\\\Edge\\\\Application\\\\154.0.4258.48\\\\EBWebView\\\\x64\\\\EmbeddedBrowserWebView.dll","user":"NT AUTHORITY\\\\SYSTEM"}}},"location":"EventChannel"}
{"timestamp":"2026-10-02T15:37:22.915+0200","agent":{"id":"001","name":"Windows_VM","ip":"192.168.232.130"},"manager":{"name":"dcasey-virtual-machine"},"id":"1790948242.321646","full_log":"{\"win\":{\"system\":{\"providerName\":\"Microsoft-Windows-Sysmon\",\"providerGuid\":\"{5770385f-c22a-43e0-bf4c-06f5698ffbd9}\",\"eventID\":\"13\",\"version\":\"2\",\"level\":\"4\",\"task\":\"13\",\"opcode\":\"0\",\"keywords\":\"0x8000000000000000\",\"systemTime\":\"2026-10-02T13:37:23.1816456Z\",\"eventRecordID\":\"14932\",\"processID\":\"3504\",\"threadID\":\"4956\",\"channel\":\"Microsoft-Windows-Sysmon/Operational\",\"computer\":\"DESKTOP-5OG7C28\",\"severityValue\":\"INFORMATION\",\"message\":\"\\\"Registry value set:\\r\\nRuleName: T1042\\r\\nEventType: SetValue\\r\\nUtcTime: 2026-10-02 13:37:23.179\\r\\nProcessGuid: {4b2ce92d-b34e-6abf-8d02-000000001400}\\r\\nProcessId: 2440\\r\\nImage: C:\\\\Program Files (x86)\\\\Microsoft\\\\EdgeUpdate\\\\Install\\\\{B6A4972A-04A1-4EA4-83CA-676CCD5C737C}\\\\EDGEMITMP_BB81F.tmp\\\\setup.exe\\r\\nTargetObject: HKCR\\\\http\\\\shell\\\\open\\\\command\\\\(Default)\\r\\nDetails: \\\"C:\\\\Program Files (x86)\\\\Microsoft\\\\Edge\\\\Application\\\\msedge.exe\\\" \\\"Incorrect function. \\\"\\r\\nUser: NT AUTHORITY\\\\SYSTEM\\\"\"},\"eventdata\":{\"ruleName\":\"T1042\",\"eventType\":\"SetValue\",\"utcTime\":\"2026-10-02 13:37:23.179\",\"processGuid\":\"{4b2ce92d-b34e-6abf-8d02-000000001400}\",\"processId\":\"2440\",\"image\":\"C:\\\\\\\\Program Files (x86)\\\\\\\\Microsoft\\\\\\\\EdgeUpdate\\\\\\\\Install\\\\\\\\{B6A4972A-04A1-4EA4-83CA-676CCD5C737C}\\\\\\\\EDGEMITMP_BB81F.tmp\\\\\\\\setup.exe\",\"targetObject\":\"HKCR\\\\\\\\http\\\\\\\\shell\\\\\\\\open\\\\\\\\command\\\\\\\\(Default)\",\"details\":\"\\\\\\\"C:\\\\\\\\Program Files (x86)\\\\\\\\Microsoft\\\\\\\\Edge\\\\\\\\Application\\\\\\\\msedge.exe\\\\\\\" \\\\\\\"%%1\\\\\\\"\",\"user\":\"NT AUTHORITY\\\\\\\\SYSTEM\"}}}","decoder":{"name":"windows_eventchannel"},"data":{"win":{"system":{"providerName":"Microsoft-Windows-Sysmon","providerGuid":"{5770385f-c22a-43e0-bf4c-06f5698ffbd9}","eventID":"13","version":"2","level":"4","task":"13","opcode":"0","keywords":"0x8000000000000000","systemTime":"2026-10-02T13:37:23.1816456Z","eventRecordID":"14932","processID":"3504","threadID":"4956","channel":"Microsoft-Windows-Sysmon/Operational","computer":"DESKTOP-5OG7C28","severityValue":"INFORMATION","message":"\"Registry value set:\r\nRuleName: T1042\r\nEventType: SetValue\r\nUtcTime: 2026-10-02 13:37:23.179\r\nProcessGuid: {4b2ce92d-b34e-6abf-8d02-000000001400}\r\nProcessId: 2440\r\nImage: C:\\Program Files (x86)\\Microsoft\\EdgeUpdate\\Install\\{B6A4972A-04A1-4EA4-83CA-676CCD5C737C}\\EDGEMITMP_BB81F.tmp\\setup.exe\r\nTargetObject: HKCR\\http\\shell\\open\\command\\(Default)\r\nDetails: \"C:\\Program Files (x86)\\Microsoft\\Edge\\Application\\msedge.exe\" \"Incorrect function. \"\r\nUser: NT AUTHORITY\\SYSTEM\""},"eventdata":{"ruleName":"T1042","eventType":"SetValue","utcTime":"2026-10-02 13:37:23.179","processGuid":"{4b2ce92d-b34e-6abf-8d02-000000001400}","processId":"2440","image":"C:\\\\Program Files (x86)\\\\Microsoft\\\\EdgeUpdate\\\\Install\\\\{B6A4972A-04A1-4EA4-83CA-676CCD5C737C}\\\\EDGEMITMP_BB81F.tmp\\\\setup.exe","targetObject":"HKCR\\\\http\\\\shell\\\\open\\\\command\\\\(Default)","details":"\\\"C:\\\\Program Files (x86)\\\\Microsoft\\\\Edge\\\\Application\\\\msedge.exe\\\" \\\"%%1\\\"","user":"NT AUTHORITY\\\\SYSTEM"}}},"location":"EventChannel"}
{"timestamp":"2026-10-02T15:37:22.932+0200","agent":{"id":"001","name":"Windows_VM","ip":"192.168.232.130"},"manager":{"name":"dcasey-virtual-machine"},"id":"1790948242.321646","full_log":"{\"win\":{\"system\":{\"providerName\":\"Microsoft-Windows-Sysmon\",\"providerGuid\":\"{5770385f-c22a-43e0-bf4c-06f5698ffbd9}\",\"eventID\":\"13\",\"version\":\"2\",\"level\":\"4\",\"task\":\"13\",\"opcode\":\"0\",\"keywords\":\"0x8000000000000000\",\"systemTime\":\"2026-10-02T13:37:23.1839154Z\",\"eventRecordID\":\"14933\",\"processID\":\"3504\",\"threadID\":\"4956\",\"channel\":\"Microsoft-Windows-Sysmon/Operational\",\"computer\":\"DESKTOP-5OG7C28\",\"severityValue\":\"INFORMATION\",\"message\":\"\\\"Registry value set:\\r\\nRuleName: T1042\\r\\nEventType: SetValue\\r\\nUtcTime: 2026-10-02 13:37:23.181\\r\\nProcessGuid: {4b2ce92d-b34e-6abf-8d02-000000001400}\\r\\nProcessId: 2440\\r\\nImage: C:\\\\Program Files (x86)\\\\Microsoft\\\\EdgeUpdate\\\\Install\\\\{B6A4972A-04A1-4EA4-83CA-676CCD5C737C}\\\\EDGEMITMP_BB81F.tmp\\\\setup.exe\\r\\nTargetObject: HKCR\\\\https\\\\shell\\\\open\\\\command\\\\(Default)\\r\\nDetails: \\\"C:\\\\Program Files (x86)\\\\Microsoft\\\\Edge\\\\Application\\\\msedge.exe\\\" \\\"Incorrect function. \\\"\\r\\nUser: NT AUTHORITY\\\\SYSTEM\\\"\"},\"eventdata\":{\"ruleName\":\"T1042\",\"eventType\":\"SetValue\",\"utcTime\":\"2026-10-02 13:37:23.181\",\"processGuid\":\"{4b2ce92d-b34e-6abf-8d02-000000001400}\",\"processId\":\"2440\",\"image\":\"C:\\\\\\\\Program Files (x86)\\\\\\\\Microsoft\\\\\\\\EdgeUpdate\\\\\\\\Install\\\\\\\\{B6A4972A-04A1-4EA4-83CA-676CCD5C737C}\\\\\\\\EDGEMITMP_BB81F.tmp\\\\\\\\setup.exe\",\"targetObject\":\"HKCR\\\\\\\\https\\\\\\\\shell\\\\\\\\open\\\\\\\\command\\\\\\\\(Default)\",\"details\":\"\\\\\\\"C:\\\\\\\\Program Files (x86)\\\\\\\\Microsoft\\\\\\\\Edge\\\\\\\\Application\\\\\\\\msedge.exe\\\\\\\" \\\\\\\"%%1\\\\\\\"\",\"user\":\"NT AUTHORITY\\\\\\\\SYSTEM\"}}}","decoder":{"name":"windows_eventchannel"},"data":{"win":{"system":{"providerName":"Microsoft-Windows-Sysmon","providerGuid":"{5770385f-c22a-43e0-bf4c-06f5698ffbd9}","eventID":"13","version":"2","level":"4","task":"13","opcode":"0","keywords":"0x8000000000000000","systemTime":"2026-10-02T13:37:23.1839154Z","eventRecordID":"14933","processID":"3504","threadID":"4956","channel":"Microsoft-Windows-Sysmon/Operational","computer":"DESKTOP-5OG7C28","severityValue":"INFORMATION","message":"\"Registry value set:\r\nRuleName: T1042\r\nEventType: SetValue\r\nUtcTime: 2026-10-02 13:37:23.181\r\nProcessGuid: {4b2ce92d-b34e-6abf-8d02-000000001400}\r\nProcessId: 2440\r\nImage: C:\\Program Files (x86)\\Microsoft\\EdgeUpdate\\Install\\{B6A4972A-04A1-4EA4-83CA-676CCD5C737C}\\EDGEMITMP_BB81F.tmp\\setup.exe\r\nTargetObject: HKCR\\https\\shell\\open\\command\\(Default)\r\nDetails: \"C:\\Program Files (x86)\\Microsoft\\Edge\\Application\\msedge.exe\" \"Incorrect function. \"\r\nUser: NT AUTHORITY\\SYSTEM\""},"eventdata":{"ruleName":"T1042","eventType":"SetValue","utcTime":"2026-10-02 13:37:23.181","processGuid":"{4b2ce92d-b34e-6abf-8d02-000000001400}","processId":"2440","image":"C:\\\\Program Files (x86)\\\\Microsoft\\\\EdgeUpdate\\\\Install\\\\{B6A4972A-04A1-4EA4-83CA-676CCD5C737C}\\\\EDGEMITMP_BB81F.tmp\\\\setup.exe","targetObject":"HKCR\\\\https\\\\shell\\\\open\\\\command\\\\(Default)","details":"\\\"C:\\\\Program Files (x86)\\\\Microsoft\\\\Edge\\\\Application\\\\msedge.exe\\\" \\\"%%1\\\"","user":"NT AUTHORITY\\\\SYSTEM"}}},"location":"EventChannel"}
{"timestamp":"2026-10-02T15:37:22.964+0200","agent":{"id":"001","name":"Windows_VM","ip":"192.168.232.130"},"manager":{"name":"dcasey-virtual-machine"},"id":"1790948242.321646","full_log":"{\"win\":{\"system\":{\"providerName\":\"Microsoft-Windows-Sysmon\",\"providerGuid\":\"{5770385f-c22a-43e0-bf4c-06f5698ffbd9}\",\"eventID\":\"11\",\"version\":\"2\",\"level\":\"4\",\"task\":\"11\",\"opcode\":\"0\",\"keywords\":\"0x8000000000000000\",\"systemTime\":\"2026-10-02T13:37:23.2449752Z\",\"eventRecordID\":\"14935\",\"processID\":\"3504\",\"threadID\":\"4956\",\"channel\":\"Microsoft-Windows-Sysmon/Operational\",\"computer\":\"DESKTOP-5OG7C28\",\"severityValue\":\"INFORMATION\",\"message\":\"\\\"File created:\\r\\nRuleName: EXE\\r\\nUtcTime: 2026-10-02 13:37:23.243\\r\\nProcessGuid: {4b2ce92d-b34e-6abf-8d02-000000001400}\\r\\nProcessId: 2440\\r\\nImage: C:\\\\Program Files (x86)\\\\Microsoft\\\\EdgeUpdate\\\\Install\\\\{B6A4972A-04A1-4EA4-83CA-676CCD5C737C}\\\\EDGEMITMP_BB81F.tmp\\\\setup.exe\\r\\nTargetFilename: C:\\\\Program Files (x86)\\\\Microsoft\\\\Edge\\\\Application\\\\pwahelper.exe\\r\\nCreationUtcTime: 2025-09-11 09:23:08.811\\r\\nUser: NT AUTHORITY\\\\SYSTEM\\\"\"},\"eventdata\":{\"ruleName\":\"EXE\",\"utcTime\":\"2026-10-02 13:37:23.243\",\"processGuid\":\"{4b2ce92d-b34e-6abf-8d02-000000001400}\",\"processId\":\"2440\",\"image\":\"C:\\\\\\\\Program Files (x86)\\\\\\\\Microsoft\\\\\\\\EdgeUpdate\\\\\\\\Install\\\\\\\\{B6A4972A-04A1-4EA4-83CA-676CCD5C737C}\\\\\\\\EDGEMITMP_BB81F.tmp\\\\\\\\setup.exe\",\"targetFilename\":\"C:\\\\\\\\Program Files (x86)\\\\\\\\Microsoft\\\\\\\\Edge\\\\\\\\Application\\\\\\\\pwahelper.exe\",\"creationUtcTime\":\"2025-09-11 09:23:08.811\",\"user\":\"NT AUTHORITY\\\\\\\\SYSTEM\"}}}","decoder":{"name":"windows_eventchannel"},"data":{"win":{"system":{"providerName":"Microsoft-Windows-Sysmon","providerGuid":"{5770385f-c22a-43e0-bf4c-06f5698ffbd9}","eventID":"11","version":"2","level":"4","task":"11","opcode":"0","keywords":"0x8000000000000000","systemTime":"2026-10-02T13:37:23.2449752Z","eventRecordID":"14935","processID":"3504","threadID":"4956","channel":"Microsoft-Windows-Sysmon/Operational","computer":"DESKTOP-5OG7C28","severityValue":"INFORMATION","message":"\"File created:\r\nRuleName: EXE\r\nUtcTime: 2026-10-02 13:37:23.243\r\nProcessGuid: {4b2ce92d-b34e-6abf-8d02-000000001400}\r\nProcessId: 2440\r\nImage: C:\\Program Files (x86)\\Microsoft\\EdgeUpdate\\Install\\{B6A4972A-04A1-4EA4-83CA-676CCD5C737C}\\EDGEMITMP_BB81F.tmp\\setup.exe\r\nTargetFilename: C:\\Program Files (x86)\\Microsoft\\Edge\\Application\\pwahelper.exe\r\nCreationUtcTime: 2025-09-11 09:23:08.811\r\nUser: NT AUTHORITY\\SYSTEM\""},"eventdata":{"ruleName":"EXE","utcTime":"2026-10-02 13:37:23.243","processGuid":"{4b2ce92d-b34e-6abf-8d02-000000001400}","processId":"2440","image":"C:\\\\Program Files (x86)\\\\Microsoft\\\\EdgeUpdate\\\\Install\\\\{B6A4972A-04A1-4EA4-83CA-676CCD5C737C}\\\\EDGEMITMP_BB81F.tmp\\\\setup.exe","targetFilename":"C:\\\\Program Files (x86)\\\\Microsoft\\\\Edge\\\\Application\\\\pwahelper.exe","creationUtcTime":"2025-09-11 09:23:08.811","user":"NT AUTHORITY\\\\SYSTEM"}}},"location":"EventChannel"}
{"timestamp":"2026-10-02T15:37:22.964+0200","agent":{"id":"001","name":"Windows_VM","ip":"192.168.232.130"},"manager":{"name":"dcasey-virtual-machine"},"id":"1790948242.321646","full_log":"{\"win\":{\"system\":{\"providerName\":\"Microsoft-Windows-Sysmon\",\"providerGuid\":\"{5770385f-c22a-43e0-bf4c-06f5698ffbd9}\",\"eventID\":\"11\",\"version\":\"2\",\"level\":\"4\",\"task\":\"11\",\"opcode\":\"0\",\"keywords\":\"0x8000000000000000\",\"systemTime\":\"2026-10-02T13:37:23.2401195Z\",\"eventRecordID\":\"14934\",\"processID\":\"3504\",\"threadID\":\"4956\",\"channel\":\"Microsoft-Windows-Sysmon/Operational\",\"computer\":\"DESKTOP-5OG7C28\",\"severityValue\":\"INFORMATION\",\"message\":\"\\\"File created:\\r\\nRuleName: EXE\\r\\nUtcTime: 2026-10-02 13:37:23.238\\r\\nProcessGuid: {4b2ce92d-b34e-6abf-8d02-000000001400}\\r\\nProcessId: 2440\\r\\nImage: C:\\\\Program Files (x86)\\\\Microsoft\\\\EdgeUpdate\\\\Install\\\\{B6A4972A-04A1-4EA4-83CA-676CCD5C737C}\\\\EDGEMITMP_BB81F.tmp\\\\setup.exe\\r\\nTargetFilename: C:\\\\Program Files (x86)\\\\Microsoft\\\\Edge\\\\Application\\\\msedge_proxy.exe\\r\\nCreationUtcTime: 2025-09-11 09:23:08.795\\r\\nUser: NT AUTHORITY\\\\SYSTEM\\\"\"},\"eventdata\":{\"ruleName\":\"EXE\",\"utcTime\":\"2026-10-02 13:37:23.238\",\"processGuid\":\"{4b2ce92d-b34e-6abf-8d02-000000001400}\",\"processId\":\"2440\",\"image\":\"C:\\\\\\\\Program Files (x86)\\\\\\\\Microsoft\\\\\\\\EdgeUpdate\\\\\\\\Install\\\\\\\\{B6A4972A-04A1-4EA4-83CA-676CCD5C737C}\\\\\\\\EDGEMITMP_BB81F.tmp\\\\\\\\setup.exe\",\"targetFilename\":\"C:\\\\\\\\Program Files (x86)\\\\\\\\Microsoft\\\\\\\\Edge\\\\\\\\Application\\\\\\\\msedge_proxy.exe\",\"creationUtcTime\":\"2025-09-11 09:23:08.795\",\"user\":\"NT AUTHORITY\\\\\\\\SYSTEM\"}}}","decoder":{"name":"windows_eventchannel"},"data":{"win":{"system":{"providerName":"Microsoft-Windows-Sysmon","providerGuid":"{5770385f-c22a-43e0-bf4c-06f5698ffbd9}","eventID":"11","version":"2","level":"4","task":"11","opcode":"0","keywords":"0x8000000000000000","systemTime":"2026-10-02T13:37:23.2401195Z","eventRecordID":"14934","processID":"3504","threadID":"4956","channel":"Microsoft-Windows-Sysmon/Operational","computer":"DESKTOP-5OG7C28","severityValue":"INFORMATION","message":"\"File created:\r\nRuleName: EXE\r\nUtcTime: 2026-10-02 13:37:23.238\r\nProcessGuid: {4b2ce92d-b34e-6abf-8d02-000000001400}\r\nProcessId: 2440\r\nImage: C:\\Program Files (x86)\\Microsoft\\EdgeUpdate\\Install\\{B6A4972A-04A1-4EA4-83CA-676CCD5C737C}\\EDGEMITMP_BB81F.tmp\\setup.exe\r\nTargetFilename: C:\\Program Files (x86)\\Microsoft\\Edge\\Application\\msedge_proxy.exe\r\nCreationUtcTime: 2025-09-11 09:23:08.795\r\nUser: NT AUTHORITY\\SYSTEM\""},"eventdata":{"ruleName":"EXE","utcTime":"2026-10-02 13:37:23.238","processGuid":"{4b2ce92d-b34e-6abf-8d02-000000001400}","processId":"2440","image":"C:\\\\Program Files (x86)\\\\Microsoft\\\\EdgeUpdate\\\\Install\\\\{B6A4972A-04A1-4EA4-83CA-676CCD5C737C}\\\\EDGEMITMP_BB81F.tmp\\\\setup.exe","targetFilename":"C:\\\\Program Files (x86)\\\\Microsoft\\\\Edge\\\\Application\\\\msedge_proxy.exe","creationUtcTime":"2025-09-11 09:23:08.795","user":"NT AUTHORITY\\\\SYSTEM"}}},"location":"EventChannel"}
{"timestamp":"2026-10-02T15:37:22.980+0200","agent":{"id":"001","name":"Windows_VM","ip":"192.168.232.130"},"manager":{"name":"dcasey-virtual-machine"},"id":"1790948242.321646","full_log":"{\"win\":{\"system\":{\"providerName\":\"Microsoft-Windows-Sysmon\",\"providerGuid\":\"{5770385f-c22a-43e0-bf4c-06f5698ffbd9}\",\"eventID\":\"11\",\"version\":\"2\",\"level\":\"4\",\"task\":\"11\",\"opcode\":\"0\",\"keywords\":\"0x8000000000000000\",\"systemTime\":\"2026-10-02T13:37:23.3430077Z\",\"eventRecordID\":\"14936\",\"processID\":\"3504\",\"threadID\":\"4956\",\"channel\":\"Microsoft-Windows-Sysmon/Operational\",\"computer\":\"DESKTOP-5OG7C28\",\"severityValue\":\"INFORMATION\",\"message\":\"\\\"File created:\\r\\nRuleName: EXE\\r\\nUtcTime: 2026-10-02 13:37:23.341\\r\\nProcessGuid: {4b2ce92d-b34e-6abf-8d02-000000001400}\\r\\nProcessId: 2440\\r\\nImage: C:\\\\Program Files (x86)\\\\Microsoft\\\\EdgeUpdate\\\\Install\\\\{B6A4972A-04A1-4EA4-83CA-676CCD5C737C}\\\\EDGEMITMP_BB81F.tmp\\\\setup.exe\\r\\nTargetFilename: C:\\\\Program Files (x86)\\\\Microsoft\\\\Edge\\\\Application\\\\PlatformExperiencesHelper\\\\new_platform_experiences_helper.exe\\r\\nCreationUtcTime: 2026-10-02 13:37:23.341\\r\\nUser: NT AUTHORITY\\\\SYSTEM\\\"\"},\"eventdata\":{\"ruleName\":\"EXE\",\"utcTime\":\"2026-10-02 13:37:23.341\",\"processGuid\":\"{4b2ce92d-b34e-6abf-8d02-000000001400}\",\"processId\":\"2440\",\"image\":\"C:\\\\\\\\Program Files (x86)\\\\\\\\Microsoft\\\\\\\\EdgeUpdate\\\\\\\\Install\\\\\\\\{B6A4972A-04A1-4EA4-83CA-676CCD5C737C}\\\\\\\\EDGEMITMP_BB81F.tmp\\\\\\\\setup.exe\",\"targetFilename\":\"C:\\\\\\\\Program Files (x86)\\\\\\\\Microsoft\\\\\\\\Edge\\\\\\\\Application\\\\\\\\PlatformExperiencesHelper\\\\\\\\new_platform_experiences_helper.exe\",\"creationUtcTime\":\"2026-10-02 13:37:23.341\",\"user\":\"NT AUTHORITY\\\\\\\\SYSTEM\"}}}","decoder":{"name":"windows_eventchannel"},"data":{"win":{"system":{"providerName":"Microsoft-Windows-Sysmon","providerGuid":"{5770385f-c22a-43e0-bf4c-06f5698ffbd9}","eventID":"11","version":"2","level":"4","task":"11","opcode":"0","keywords":"0x8000000000000000","systemTime":"2026-10-02T13:37:23.3430077Z","eventRecordID":"14936","processID":"3504","threadID":"4956","channel":"Microsoft-Windows-Sysmon/Operational","computer":"DESKTOP-5OG7C28","severityValue":"INFORMATION","message":"\"File created:\r\nRuleName: EXE\r\nUtcTime: 2026-10-02 13:37:23.341\r\nProcessGuid: {4b2ce92d-b34e-6abf-8d02-000000001400}\r\nProcessId: 2440\r\nImage: C:\\Program Files (x86)\\Microsoft\\EdgeUpdate\\Install\\{B6A4972A-04A1-4EA4-83CA-676CCD5C737C}\\EDGEMITMP_BB81F.tmp\\setup.exe\r\nTargetFilename: C:\\Program Files (x86)\\Microsoft\\Edge\\Application\\PlatformExperiencesHelper\\new_platform_experiences_helper.exe\r\nCreationUtcTime: 2026-10-02 13:37:23.341\r\nUser: NT AUTHORITY\\SYSTEM\""},"eventdata":{"ruleName":"EXE","utcTime":"2026-10-02 13:37:23.341","processGuid":"{4b2ce92d-b34e-6abf-8d02-000000001400}","processId":"2440","image":"C:\\\\Program Files (x86)\\\\Microsoft\\\\EdgeUpdate\\\\Install\\\\{B6A4972A-04A1-4EA4-83CA-676CCD5C737C}\\\\EDGEMITMP_BB81F.tmp\\\\setup.exe","targetFilename":"C:\\\\Program Files (x86)\\\\Microsoft\\\\Edge\\\\Application\\\\PlatformExperiencesHelper\\\\new_platform_experiences_helper.exe","creationUtcTime":"2026-10-02 13:37:23.341","user":"NT AUTHORITY\\\\SYSTEM"}}},"location":"EventChannel"}
{"timestamp":"2026-10-02T15:37:23.031+0200","agent":{"id":"001","name":"Windows_VM","ip":"192.168.232.130"},"manager":{"name":"dcasey-virtual-machine"},"id":"1790948243.321646","full_log":"{\"win\":{\"system\":{\"providerName\":\"Microsoft-Windows-Sysmon\",\"providerGuid\":\"{5770385f-c22a-43e0-bf4c-06f5698ffbd9}\",\"eventID\":\"13\",\"version\":\"2\",\"level\":\"4\",\"task\":\"13\",\"opcode\":\"0\",\"keywords\":\"0x8000000000000000\",\"systemTime\":\"2026-10-02T13:37:23.7060965Z\",\"eventRecordID\":\"14939\",\"processID\":\"3504\",\"threadID\":\"4956\",\"channel\":\"Microsoft-Windows-Sysmon/Operational\",\"computer\":\"DESKTOP-5OG7C28\",\"severityValue\":\"INFORMATION\",\"message\":\"\\\"Registry value set:\\r\\nRuleName: T1042\\r\\nEventType: SetValue\\r\\nUtcTime: 2026-10-02 13:37:23.704\\r\\nProcessGuid: {4b2ce92d-b34e-6abf-8d02-000000001400}\\r\\nProcessId: 2440\\r\\nImage: C:\\\\Program Files (x86)\\\\Microsoft\\\\EdgeUpdate\\\\Install\\\\{B6A4972A-04A1-4EA4-83CA-676CCD5C737C}\\\\EDGEMITMP_BB81F.tmp\\\\setup.exe\\r\\nTargetObject: HKCR\\\\MSEdgeHTM\\\\shell\\\\open\\\\command\\\\(Default)\\r\\nDetails: \\\"C:\\\\Program Files (x86)\\\\Microsoft\\\\Edge\\\\Application\\\\msedge.exe\\\" --single-argument Incorrect function. \\r\\nUser: NT AUTHORITY\\\\SYSTEM\\\"\"},\"eventdata\":{\"ruleName\":\"T1042\",\"eventType\":\"SetValue\",\"utcTime\":\"2026-10-02 13:37:23.704\",\"processGuid\":\"{4b2ce92d-b34e-6abf-8d02-000000001400}\",\"processId\":\"2440\",\"image\":\"C:\\\\\\\\Program Files (x86)\\\\\\\\Microsoft\\\\\\\\EdgeUpdate\\\\\\\\Install\\\\\\\\{B6A4972A-04A1-4EA4-83CA-676CCD5C737C}\\\\\\\\EDGEMITMP_BB81F.tmp\\\\\\\\setup.exe\",\"targetObject\":\"HKCR\\\\\\\\MSEdgeHTM\\\\\\\\shell\\\\\\\\open\\\\\\\\command\\\\\\\\(Default)\",\"details\":\"\\\\\\\"C:\\\\\\\\Program Files (x86)\\\\\\\\Microsoft\\\\\\\\Edge\\\\\\\\Application\\\\\\\\msedge.exe\\\\\\\" --single-argument %%1\",\"user\":\"NT AUTHORITY\\\\\\\\SYSTEM\"}}}","decoder":{"name":"windows_eventchannel"},"data":{"win":{"system":{"providerName":"Microsoft-Windows-Sysmon","providerGuid":"{5770385f-c22a-43e0-bf4c-06f5698ffbd9}","eventID":"13","version":"2","level":"4","task":"13","opcode":"0","keywords":"0x8000000000000000","systemTime":"2026-10-02T13:37:23.7060965Z","eventRecordID":"14939","processID":"3504","threadID":"4956","channel":"Microsoft-Windows-Sysmon/Operational","computer":"DESKTOP-5OG7C28","severityValue":"INFORMATION","message":"\"Registry value set:\r\nRuleName: T1042\r\nEventType: SetValue\r\nUtcTime: 2026-10-02 13:37:23.704\r\nProcessGuid: {4b2ce92d-b34e-6abf-8d02-000000001400}\r\nProcessId: 2440\r\nImage: C:\\Program Files (x86)\\Microsoft\\EdgeUpdate\\Install\\{B6A4972A-04A1-4EA4-83CA-676CCD5C737C}\\EDGEMITMP_BB81F.tmp\\setup.exe\r\nTargetObject: HKCR\\MSEdgeHTM\\shell\\open\\command\\(Default)\r\nDetails: \"C:\\Program Files (x86)\\Microsoft\\Edge\\Application\\msedge.exe\" --single-argument Incorrect function. \r\nUser: NT AUTHORITY\\SYSTEM\""},"eventdata":{"ruleName":"T1042","eventType":"SetValue","utcTime":"2026-10-02 13:37:23.704","processGuid":"{4b2ce92d-b34e-6abf-8d02-000000001400}","processId":"2440","image":"C:\\\\Program Files (x86)\\\\Microsoft\\\\EdgeUpdate\\\\Install\\\\{B6A4972A-04A1-4EA4-83CA-676CCD5C737C}\\\\EDGEMITMP_BB81F.tmp\\\\setup.exe","targetObject":"HKCR\\\\MSEdgeHTM\\\\shell\\\\open\\\\command\\\\(Default)","details":"\\\"C:\\\\Program Files (x86)\\\\Microsoft\\\\Edge\\\\Application\\\\msedge.exe\\\" --single-argument %%1","user":"NT AUTHORITY\\\\SYSTEM"}}},"location":"EventChannel"}
{"timestamp":"2026-10-02T15:37:23.030+0200","agent":{"id":"001","name":"Windows_VM","ip":"192.168.232.130"},"manager":{"name":"dcasey-virtual-machine"},"id":"1790948243.321646","full_log":"{\"win\":{\"system\":{\"providerName\":\"Microsoft-Windows-Sysmon\",\"providerGuid\":\"{5770385f-c22a-43e0-bf4c-06f5698ffbd9}\",\"eventID\":\"1\",\"version\":\"5\",\"level\":\"4\",\"task\":\"1\",\"opcode\":\"0\",\"keywords\":\"0x8000000000000000\",\"systemTime\":\"2026-10-02T13:37:23.4544199Z\",\"eventRecordID\":\"14937\",\"processID\":\"3504\",\"threadID\":\"4956\",\"channel\":\"Microsoft-Windows-Sysmon/Operational\",\"computer\":\"DESKTOP-5OG7C28\",\"severityValue\":\"INFORMATION\",\"message\":\"\\\"Process Create:\\r\\nRuleName: -\\r\\nUtcTime: 2026-10-02 13:37:23.448\\r\\nProcessGuid: {4b2ce92d-b393-6abf-9502-000000001400}\\r\\nProcessId: 3980\\r\\nImage: C:\\\\Program Files (x86)\\\\Microsoft\\\\EdgeUpdate\\\\Install\\\\{B6A4972A-04A1-4EA4-83CA-676CCD5C737C}\\\\EDGEMITMP_BB81F.tmp\\\\setup.exe\\r\\nFileVersion: 154.0.4258.48\\r\\nDescription: Microsoft Edge Installer\\r\\nProduct: Microsoft Edge Installer\\r\\nCompany: Microsoft Corporation\\r\\nOriginalFileName: setup.exe\\r\\nCommandLine: \\\"C:\\\\Program Files (x86)\\\\Microsoft\\\\EdgeUpdate\\\\Install\\\\{B6A4972A-04A1-4EA4-83CA-676CCD5C737C}\\\\EDGEMITMP_BB81F.tmp\\\\setup.exe\\\" --msedge --channel=stable --system-level --verbose-logging --create-shortcuts=2 --install-level=1\\r\\nCurrentDirectory: C:\\\\Program Files (x86)\\\\Microsoft\\\\EdgeUpdate\\\\1.3.275.13\\\\\\r\\nUser: NT AUTHORITY\\\\SYSTEM\\r\\nLogonGuid: {4b2ce92d-824a-6abe-e703-000000000000}\\r\\nLogonId: 0x3E7\\r\\nTerminalSessionId: 0\\r\\nIntegrityLevel: System\\r\\nHashes: MD5=D0E7BD7A6A04B9475DC897BC09E37EE6,SHA256=A2B295222B0325150773385BAD0F5ACBCE8CCE16A60CFC6B883CC1CBBACA9E8E,IMPHASH=3A957038E01A36E9455A72310E40AB52\\r\\nParentProcessGuid: {4b2ce92d-b34e-6abf-8d02-000000001400}\\r\\nParentProcessId: 2440\\r\\nParentImage: C:\\\\Program Files (x86)\\\\Microsoft\\\\EdgeUpdate\\\\Install\\\\{B6A4972A-04A1-4EA4-83CA-676CCD5C737C}\\\\EDGEMITMP_BB81F.tmp\\\\setup.exe\\r\\nParentCommandLine: \\\"C:\\\\Program Files (x86)\\\\Microsoft\\\\EdgeUpdate\\\\Install\\\\{B6A4972A-04A1-4EA4-83CA-676CCD5C737C}\\\\EDGEMITMP_BB81F.tmp\\\\setup.exe\\\" --install-archive=\\\"C:\\\\Program Files (x86)\\\\Microsoft\\\\EdgeUpdate\\\\Install\\\\{B6A4972A-04A1-4EA4-83CA-676CCD5C737C}\\\\MicrosoftEdge_X64_154.0.4258.48_154.0.4258.37.exe\\\" --previous-version=\\\"154.0.4258.37\\\" --msedge --verbose-logging --do-not-launch-msedge --system-level --channel=stable\\r\\nParentUser: NT AUTHORITY\\\\SYSTEM\\\"\"},\"eventdata\":{\"utcTime\":\"2026-10-02 13:37:23.448\",\"processGuid\":\"{4b2ce92d-b393-6abf-9502-000000001400}\",\"processId\":\"3980\",\"image\":\"C:\\\\\\\\Program Files (x86)\\\\\\\\Microsoft\\\\\\\\EdgeUpdate\\\\\\\\Install\\\\\\\\{B6A4972A-04A1-4EA4-83CA-676CCD5C737C}\\\\\\\\EDGEMITMP_BB81F.tmp\\\\\\\\setup.exe\",\"fileVersion\":\"154.0.4258.48\",\"description\":\"Microsoft Edge Installer\",\"product\":\"Microsoft Edge Installer\",\"company\":\"Microsoft Corporation\",\"originalFileName\":\"setup.exe\",\"commandLine\":\"\\\\\\\"C:\\\\\\\\Program Files (x86)\\\\\\\\Microsoft\\\\\\\\EdgeUpdate\\\\\\\\Install\\\\\\\\{B6A4972A-04A1-4EA4-83CA-676CCD5C737C}\\\\\\\\EDGEMITMP_BB81F.tmp\\\\\\\\setup.exe\\\\\\\" --msedge --channel=stable --system-level --verbose-logging --create-shortcuts=2 --install-level=1\",\"currentDirectory\":\"C:\\\\\\\\Program Files (x86)\\\\\\\\Microsoft\\\\\\\\EdgeUpdate\\\\\\\\1.3.275.13\\\\\\\\\",\"user\":\"NT AUTHORITY\\\\\\\\SYSTEM\",\"logonGuid\":\"{4b2ce92d-824a-6abe-e703-000000000000}\",\"logonId\":\"0x3e7\",\"terminalSessionId\":\"0\",\"integrityLevel\":\"System\",\"hashes\":\"MD5=D0E7BD7A6A04B9475DC897BC09E37EE6,SHA256=A2B295222B0325150773385BAD0F5ACBCE8CCE16A60CFC6B883CC1CBBACA9E8E,IMPHASH=3A957038E01A36E9455A72310E40AB52\",\"parentProcessGuid\":\"{4b2ce92d-b34e-6abf-8d02-000000001400}\",\"parentProcessId\":\"2440\",\"parentImage\":\"C:\\\\\\\\Program Files (x86)\\\\\\\\Microsoft\\\\\\\\EdgeUpdate\\\\\\\\Install\\\\\\\\{B6A4972A-04A1-4EA4-83CA-676CCD5C737C}\\\\\\\\EDGEMITMP_BB81F.tmp\\\\\\\\setup.exe\",\"parentCommandLine\":\"\\\\\\\"C:\\\\\\\\Program Files (x86)\\\\\\\\Microsoft\\\\\\\\EdgeUpdate\\\\\\\\Install\\\\\\\\{B6A4972A-04A1-4EA4-83CA-676CCD5C737C}\\\\\\\\EDGEMITMP_BB81F.tmp\\\\\\\\setup.exe\\\\\\\" --install-archive=\\\\\\\"C:\\\\\\\\Program Files (x86)\\\\\\\\Microsoft\\\\\\\\EdgeUpdate\\\\\\\\Install\\\\\\\\{B6A4972A-04A1-4EA4-83CA-676CCD5C737C}\\\\\\\\MicrosoftEdge_X64_154.0.4258.48_154.0.4258.37.exe\\\\\\\" --previous-version=\\\\\\\"154.0.4258.37\\\\\\\" --msedge --verbose-logging --do-not-launch-msedge --system-level --channel=stable\",\"parentUser\":\"NT AUTHORITY\\\\\\\\SYSTEM\"}}}","decoder":{"name":"windows_eventchannel"},"data":{"win":{"system":{"providerName":"Microsoft-Windows-Sysmon","providerGuid":"{5770385f-c22a-43e0-bf4c-06f5698ffbd9}","eventID":"1","version":"5","level":"4","task":"1","opcode":"0","keywords":"0x8000000000000000","systemTime":"2026-10-02T13:37:23.4544199Z","eventRecordID":"14937","processID":"3504","threadID":"4956","channel":"Microsoft-Windows-Sysmon/Operational","computer":"DESKTOP-5OG7C28","severityValue":"INFORMATION","message":"\"Process Create:\r\nRuleName: -\r\nUtcTime: 2026-10-02 13:37:23.448\r\nProcessGuid: {4b2ce92d-b393-6abf-9502-000000001400}\r\nProcessId: 3980\r\nImage: C:\\Program Files (x86)\\Microsoft\\EdgeUpdate\\Install\\{B6A4972A-04A1-4EA4-83CA-676CCD5C737C}\\EDGEMITMP_BB81F.tmp\\setup.exe\r\nFileVersion: 154.0.4258.48\r\nDescription: Microsoft Edge Installer\r\nProduct: Microsoft Edge Installer\r\nCompany: Microsoft Corporation\r\nOriginalFileName: setup.exe\r\nCommandLine: \"C:\\Program Files (x86)\\Microsoft\\EdgeUpdate\\Install\\{B6A4972A-04A1-4EA4-83CA-676CCD5C737C}\\EDGEMITMP_BB81F.tmp\\setup.exe\" --msedge --channel=stable --system-level --verbose-logging --create-shortcuts=2 --install-level=1\r\nCurrentDirectory: C:\\Program Files (x86)\\Microsoft\\EdgeUpdate\\1.3.275.13\\\r\nUser: NT AUTHORITY\\SYSTEM\r\nLogonGuid: {4b2ce92d-824a-6abe-e703-000000000000}\r\nLogonId: 0x3E7\r\nTerminalSessionId: 0\r\nIntegrityLevel: System\r\nHashes: MD5=D0E7BD7A6A04B9475DC897BC09E37EE6,SHA256=A2B295222B0325150773385BAD0F5ACBCE8CCE16A60CFC6B883CC1CBBACA9E8E,IMPHASH=3A957038E01A36E9455A72310E40AB52\r\nParentProcessGuid: {4b2ce92d-b34e-6abf-8d02-000000001400}\r\nParentProcessId: 2440\r\nParentImage: C:\\Program Files (x86)\\Microsoft\\EdgeUpdate\\Install\\{B6A4972A-04A1-4EA4-83CA-676CCD5C737C}\\EDGEMITMP_BB81F.tmp\\setup.exe\r\nParentCommandLine: \"C:\\Program Files (x86)\\Microsoft\\EdgeUpdate\\Install\\{B6A4972A-04A1-4EA4-83CA-676CCD5C737C}\\EDGEMITMP_BB81F.tmp\\setup.exe\" --install-archive=\"C:\\Program Files (x86)\\Microsoft\\EdgeUpdate\\Install\\{B6A4972A-04A1-4EA4-83CA-676CCD5C737C}\\MicrosoftEdge_X64_154.0.4258.48_154.0.4258.37.exe\" --previous-version=\"154.0.4258.37\" --msedge --verbose-logging --do-not-launch-msedge --system-level --channel=stable\r\nParentUser: NT AUTHORITY\\SYSTEM\""},"eventdata":{"utcTime":"2026-10-02 13:37:23.448","processGuid":"{4b2ce92d-b393-6abf-9502-000000001400}","processId":"3980","image":"C:\\\\Program Files (x86)\\\\Microsoft\\\\EdgeUpdate\\\\Install\\\\{B6A4972A-04A1-4EA4-83CA-676CCD5C737C}\\\\EDGEMITMP_BB81F.tmp\\\\setup.exe","fileVersion":"154.0.4258.48","description":"Microsoft Edge Installer","product":"Microsoft Edge Installer","company":"Microsoft Corporation","originalFileName":"setup.exe","commandLine":"\\\"C:\\\\Program Files (x86)\\\\Microsoft\\\\EdgeUpdate\\\\Install\\\\{B6A4972A-04A1-4EA4-83CA-676CCD5C737C}\\\\EDGEMITMP_BB81F.tmp\\\\setup.exe\\\" --msedge --channel=stable --system-level --verbose-logging --create-shortcuts=2 --install-level=1","currentDirectory":"C:\\\\Program Files (x86)\\\\Microsoft\\\\EdgeUpdate\\\\1.3.275.13\\\\","user":"NT AUTHORITY\\\\SYSTEM","logonGuid":"{4b2ce92d-824a-6abe-e703-000000000000}","logonId":"0x3e7","terminalSessionId":"0","integrityLevel":"System","hashes":"MD5=D0E7BD7A6A04B9475DC897BC09E37EE6,SHA256=A2B295222B0325150773385BAD0F5ACBCE8CCE16A60CFC6B883CC1CBBACA9E8E,IMPHASH=3A957038E01A36E9455A72310E40AB52","parentProcessGuid":"{4b2ce92d-b34e-6abf-8d02-000000001400}","parentProcessId":"2440","parentImage":"C:\\\\Program Files (x86)\\\\Microsoft\\\\EdgeUpdate\\\\Install\\\\{B6A4972A-04A1-4EA4-83CA-676CCD5C737C}\\\\EDGEMITMP_BB81F.tmp\\\\setup.exe","parentCommandLine":"\\\"C:\\\\Program Files (x86)\\\\Microsoft\\\\EdgeUpdate\\\\Install\\\\{B6A4972A-04A1-4EA4-83CA-676CCD5C737C}\\\\EDGEMITMP_BB81F.tmp\\\\setup.exe\\\" --install-archive=\\\"C:\\\\Program Files (x86)\\\\Microsoft\\\\EdgeUpdate\\\\Install\\\\{B6A4972A-04A1-4EA4-83CA-676CCD5C737C}\\\\MicrosoftEdge_X64_154.0.4258.48_154.0.4258.37.exe\\\" --previous-version=\\\"154.0.4258.37\\\" --msedge --verbose-logging --do-not-launch-msedge --system-level --channel=stable","parentUser":"NT AUTHORITY\\\\SYSTEM"}}},"location":"EventChannel"}
{"timestamp":"2026-10-02T15:37:23.031+0200","agent":{"id":"001","name":"Windows_VM","ip":"192.168.232.130"},"manager":{"name":"dcasey-virtual-machine"},"id":"1790948243.321646","full_log":"{\"win\":{\"system\":{\"providerName\":\"Microsoft-Windows-Sysmon\",\"providerGuid\":\"{5770385f-c22a-43e0-bf4c-06f5698ffbd9}\",\"eventID\":\"11\",\"version\":\"2\",\"level\":\"4\",\"task\":\"11\",\"opcode\":\"0\",\"keywords\":\"0x8000000000000000\",\"systemTime\":\"2026-10-02T13:37:23.6533400Z\",\"eventRecordID\":\"14938\",\"processID\":\"3504\",\"threadID\":\"4956\",\"channel\":\"Microsoft-Windows-Sysmon/Operational\",\"computer\":\"DESKTOP-5OG7C28\",\"severityValue\":\"INFORMATION\",\"message\":\"\\\"File created:\\r\\nRuleName: T1023\\r\\nUtcTime: 2026-10-02 13:37:23.651\\r\\nProcessGuid: {4b2ce92d-b393-6abf-9502-000000001400}\\r\\nProcessId: 3980\\r\\nImage: C:\\\\Program Files (x86)\\\\Microsoft\\\\EdgeUpdate\\\\Install\\\\{B6A4972A-04A1-4EA4-83CA-676CCD5C737C}\\\\EDGEMITMP_BB81F.tmp\\\\setup.exe\\r\\nTargetFilename: C:\\\\ProgramData\\\\Microsoft\\\\Windows\\\\Start Menu\\\\Programs\\\\Microsoft Edge.lnk\\r\\nCreationUtcTime: 2026-09-01 10:24:17.224\\r\\nUser: NT AUTHORITY\\\\SYSTEM\\\"\"},\"eventdata\":{\"ruleName\":\"T1023\",\"utcTime\":\"2026-10-02 13:37:23.651\",\"processGuid\":\"{4b2ce92d-b393-6abf-9502-000000001400}\",\"processId\":\"3980\",\"image\":\"C:\\\\\\\\Program Files (x86)\\\\\\\\Microsoft\\\\\\\\EdgeUpdate\\\\\\\\Install\\\\\\\\{B6A4972A-04A1-4EA4-83CA-676CCD5C737C}\\\\\\\\EDGEMITMP_BB81F.tmp\\\\\\\\setup.exe\",\"targetFilename\":\"C:\\\\\\\\ProgramData\\\\\\\\Microsoft\\\\\\\\Windows\\\\\\\\Start Menu\\\\\\\\Programs\\\\\\\\Microsoft Edge.lnk\",\"creationUtcTime\":\"2026-09-01 10:24:17.224\",\"user\":\"NT AUTHORITY\\\\\\\\SYSTEM\"}}}","decoder":{"name":"windows_eventchannel"},"data":{"win":{"system":{"providerName":"Microsoft-Windows-Sysmon","providerGuid":"{5770385f-c22a-43e0-bf4c-06f5698ffbd9}","eventID":"11","version":"2","level":"4","task":"11","opcode":"0","keywords":"0x8000000000000000","systemTime":"2026-10-02T13:37:23.6533400Z","eventRecordID":"14938","processID":"3504","threadID":"4956","channel":"Microsoft-Windows-Sysmon/Operational","computer":"DESKTOP-5OG7C28","severityValue":"INFORMATION","message":"\"File created:\r\nRuleName: T1023\r\nUtcTime: 2026-10-02 13:37:23.651\r\nProcessGuid: {4b2ce92d-b393-6abf-9502-000000001400}\r\nProcessId: 3980\r\nImage: C:\\Program Files (x86)\\Microsoft\\EdgeUpdate\\Install\\{B6A4972A-04A1-4EA4-83CA-676CCD5C737C}\\EDGEMITMP_BB81F.tmp\\setup.exe\r\nTargetFilename: C:\\ProgramData\\Microsoft\\Windows\\Start Menu\\Programs\\Microsoft Edge.lnk\r\nCreationUtcTime: 2026-09-01 10:24:17.224\r\nUser: NT AUTHORITY\\SYSTEM\""},"eventdata":{"ruleName":"T1023","utcTime":"2026-10-02 13:37:23.651","processGuid":"{4b2ce92d-b393-6abf-9502-000000001400}","processId":"3980","image":"C:\\\\Program Files (x86)\\\\Microsoft\\\\EdgeUpdate\\\\Install\\\\{B6A4972A-04A1-4EA4-83CA-676CCD5C737C}\\\\EDGEMITMP_BB81F.tmp\\\\setup.exe","targetFilename":"C:\\\\ProgramData\\\\Microsoft\\\\Windows\\\\Start Menu\\\\Programs\\\\Microsoft Edge.lnk","creationUtcTime":"2026-09-01 10:24:17.224","user":"NT AUTHORITY\\\\SYSTEM"}}},"location":"EventChannel"}
{"timestamp":"2026-10-02T15:37:23.031+0200","agent":{"id":"001","name":"Windows_VM","ip":"192.168.232.130"},"manager":{"name":"dcasey-virtual-machine"},"id":"1790948243.321646","full_log":"{\"win\":{\"system\":{\"providerName\":\"Microsoft-Windows-Sysmon\",\"providerGuid\":\"{5770385f-c22a-43e0-bf4c-06f5698ffbd9}\",\"eventID\":\"13\",\"version\":\"2\",\"level\":\"4\",\"task\":\"13\",\"opcode\":\"0\",\"keywords\":\"0x8000000000000000\",\"systemTime\":\"2026-10-02T13:37:23.7074587Z\",\"eventRecordID\":\"14940\",\"processID\":\"3504\",\"threadID\":\"4956\",\"channel\":\"Microsoft-Windows-Sysmon/Operational\",\"computer\":\"DESKTOP-5OG7C28\",\"severityValue\":\"INFORMATION\",\"message\":\"\\\"Registry value set:\\r\\nRuleName: T1042\\r\\nEventType: SetValue\\r\\nUtcTime: 2026-10-02 13:37:23.706\\r\\nProcessGuid: {4b2ce92d-b34e-6abf-8d02-000000001400}\\r\\nProcessId: 2440\\r\\nImage: C:\\\\Program Files (x86)\\\\Microsoft\\\\EdgeUpdate\\\\Install\\\\{B6A4972A-04A1-4EA4-83CA-676CCD5C737C}\\\\EDGEMITMP_BB81F.tmp\\\\setup.exe\\r\\nTargetObject: HKCR\\\\MSEdgeHTM\\\\shell\\\\runas\\\\command\\\\(Default)\\r\\nDetails: \\\"C:\\\\Program Files (x86)\\\\Microsoft\\\\Edge\\\\Application\\\\msedge.exe\\\" --do-not-de-elevate --single-argument Incorrect function. \\r\\nUser: NT AUTHORITY\\\\SYSTEM\\\"\"},\"eventdata\":{\"ruleName\":\"T1042\",\"eventType\":\"SetValue\",\"utcTime\":\"2026-10-02 13:37:23.706\",\"processGuid\":\"{4b2ce92d-b34e-6abf-8d02-000000001400}\",\"processId\":\"2440\",\"image\":\"C:\\\\\\\\Program Files (x86)\\\\\\\\Microsoft\\\\\\\\EdgeUpdate\\\\\\\\Install\\\\\\\\{B6A4972A-04A1-4EA4-83CA-676CCD5C737C}\\\\\\\\EDGEMITMP_BB81F.tmp\\\\\\\\setup.exe\",\"targetObject\":\"HKCR\\\\\\\\MSEdgeHTM\\\\\\\\shell\\\\\\\\runas\\\\\\\\command\\\\\\\\(Default)\",\"details\":\"\\\\\\\"C:\\\\\\\\Program Files (x86)\\\\\\\\Microsoft\\\\\\\\Edge\\\\\\\\Application\\\\\\\\msedge.exe\\\\\\\" --do-not-de-elevate --single-argument %%1\",\"user\":\"NT AUTHORITY\\\\\\\\SYSTEM\"}}}","decoder":{"name":"windows_eventchannel"},"data":{"win":{"system":{"providerName":"Microsoft-Windows-Sysmon","providerGuid":"{5770385f-c22a-43e0-bf4c-06f5698ffbd9}","eventID":"13","version":"2","level":"4","task":"13","opcode":"0","keywords":"0x8000000000000000","systemTime":"2026-10-02T13:37:23.7074587Z","eventRecordID":"14940","processID":"3504","threadID":"4956","channel":"Microsoft-Windows-Sysmon/Operational","computer":"DESKTOP-5OG7C28","severityValue":"INFORMATION","message":"\"Registry value set:\r\nRuleName: T1042\r\nEventType: SetValue\r\nUtcTime: 2026-10-02 13:37:23.706\r\nProcessGuid: {4b2ce92d-b34e-6abf-8d02-000000001400}\r\nProcessId: 2440\r\nImage: C:\\Program Files (x86)\\Microsoft\\EdgeUpdate\\Install\\{B6A4972A-04A1-4EA4-83CA-676CCD5C737C}\\EDGEMITMP_BB81F.tmp\\setup.exe\r\nTargetObject: HKCR\\MSEdgeHTM\\shell\\runas\\command\\(Default)\r\nDetails: \"C:\\Program Files (x86)\\Microsoft\\Edge\\Application\\msedge.exe\" --do-not-de-elevate --single-argument Incorrect function. \r\nUser: NT AUTHORITY\\SYSTEM\""},"eventdata":{"ruleName":"T1042","eventType":"SetValue","utcTime":"2026-10-02 13:37:23.706","processGuid":"{4b2ce92d-b34e-6abf-8d02-000000001400}","processId":"2440","image":"C:\\\\Program Files (x86)\\\\Microsoft\\\\EdgeUpdate\\\\Install\\\\{B6A4972A-04A1-4EA4-83CA-676CCD5C737C}\\\\EDGEMITMP_BB81F.tmp\\\\setup.exe","targetObject":"HKCR\\\\MSEdgeHTM\\\\shell\\\\runas\\\\command\\\\(Default)","details":"\\\"C:\\\\Program Files (x86)\\\\Microsoft\\\\Edge\\\\Application\\\\msedge.exe\\\" --do-not-de-elevate --single-argument %%1","user":"NT AUTHORITY\\\\SYSTEM"}}},"location":"EventChannel"}
