{"timestamp":"2026-10-02T15:37:27.361+0200","agent":{"id":"001","name":"Windows_VM","ip":"192.168.232.130"},"manager":{"name":"dcasey-virtual-machine"},"id":"1790948247.321646","full_log":"{\"win\":{\"system\":{\"providerName\":\"Microsoft-Windows-Security-Auditing\",\"providerGuid\":\"{54849625-5478-4994-a5ba-3e3b0328c30d}\",\"eventID\":\"5379\",\"version\":\"0\",\"level\":\"0\",\"task\":\"13824\",\"opcode\":\"0\",\"keywords\":\"0x8020000000000000\",\"systemTime\":\"2026-10-02T13:37:27.8301546Z\",\"eventRecordID\":\"53999\",\"processID\":\"820\",\"threadID\":\"1136\",\"channel\":\"Security\",\"computer\":\"DESKTOP-5OG7C28\",\"severityValue\":\"AUDIT_SUCCESS\",\"message\":\"\\\"Credential Manager credentials were read.\\r\\n\\r\\nSubject:\\r\\n\\tSecurity ID:\\t\\tS-1-5-21-2586188580-1629295405-1270050116-1001\\r\\n\\tAccount Name:\\t\\tDarragh Casey\\r\\n\\tAccount Domain:\\t\\tDESKTOP-5OG7C28\\r\\n\\tLogon ID:\\t\\t0xA8DA9\\r\\n\\tRead Operation:\\t\\tEnumerate Credentials\\r\\n\\r\\nThis event occurs when a user performs a read operation on stored credentials in Credential Manager.\\\"\"},\"eventdata\":{\"subjectUserSid\":\"S-1-5-21-2586188580-1629295405-1270050116-1001\",\"subjectUserName\":\"Darragh Casey\",\"subjectDomainName\":\"DESKTOP-5OG7C28\",\"subjectLogonId\":\"0xa8da9\",\"targetName\":\"MicrosoftAccount:user=02nvmpszfpbhhmjd\",\"type\":\"0\",\"countOfCredentialsReturned\":\"0\",\"readOperation\":\"%%8100\",\"returnCode\":\"3221226021\",\"processCreationTime\":\"2026-10-02T13:34:51.1226711Z\",\"clientProcessId\":\"7408\"}}}","decoder":{"name":"windows_eventchannel"},"data":{"win":{"system":{"providerName":"Microsoft-Windows-Security-Auditing","providerGuid":"{54849625-5478-4994-a5ba-3e3b0328c30d}","eventID":"5379","version":"0","level":"0","task":"13824","opcode":"0","keywords":"0x8020000000000000","systemTime":"2026-10-02T13:37:27.8301546Z","eventRecordID":"53999","processID":"820","threadID":"1136","channel":"Security","computer":"DESKTOP-5OG7C28","severityValue":"AUDIT_SUCCESS","message":"\"Credential Manager credentials were read.\r\n\r\nSubject:\r\n\tSecurity ID:\t\tS-1-5-21-2586188580-1629295405-1270050116-1001\r\n\tAccount Name:\t\tDarragh Casey\r\n\tAccount Domain:\t\tDESKTOP-5OG7C28\r\n\tLogon ID:\t\t0xA8DA9\r\n\tRead Operation:\t\tEnumerate Credentials\r\n\r\nThis event occurs when a user performs a read operation on stored credentials in Credential Manager.\""},"eventdata":{"subjectUserSid":"S-1-5-21-2586188580-1629295405-1270050116-1001","subjectUserName":"Darragh Casey","subjectDomainName":"DESKTOP-5OG7C28","subjectLogonId":"0xa8da9","targetName":"MicrosoftAccount:user=02nvmpszfpbhhmjd","type":"0","countOfCredentialsReturned":"0","readOperation":"%%8100","returnCode":"3221226021","processCreationTime":"2026-10-02T13:34:51.1226711Z","clientProcessId":"7408"}}},"location":"EventChannel"}
{"timestamp":"2026-10-02T15:37:27.368+0200","agent":{"id":"001","name":"Windows_VM","ip":"192.168.232.130"},"manager":{"name":"dcasey-virtual-machine"},"id":"1790948247.321646","full_log":"{\"win\":{\"system\":{\"providerName\":\"Microsoft-Windows-Security-Auditing\",\"providerGuid\":\"{54849625-5478-4994-a5ba-3e3b0328c30d}\",\"eventID\":\"5379\",\"version\":\"0\",\"level\":\"0\",\"task\":\"13824\",\"opcode\":\"0\",\"keywords\":\"0x8020000000000000\",\"systemTime\":\"2026-10-02T13:37:27.8370634Z\",\"eventRecordID\":\"54000\",\"processID\":\"820\",\"threadID\":\"1136\",\"channel\":\"Security\",\"computer\":\"DESKTOP-5OG7C28\",\"severityValue\":\"AUDIT_SUCCESS\",\"message\":\"\\\"Credential Manager credentials were read.\\r\\n\\r\\nSubject:\\r\\n\\tSecurity ID:\\t\\tS-1-5-21-2586188580-1629295405-1270050116-1001\\r\\n\\tAccount Name:\\t\\tDarragh Casey\\r\\n\\tAccount Domain:\\t\\tDESKTOP-5OG7C28\\r\\n\\tLogon ID:\\t\\t0xA8DA9\\r\\n\\tRead Operation:\\t\\tEnumerate Credentials\\r\\n\\r\\nThis event occurs when a user performs a read operation on stored credentials in Credential Manager.\\\"\"},\"eventdata\":{\"subjectUserSid\":\"S-1-5-21-2586188580-1629295405-1270050116-1001\",\"subjectUserName\":\"Darragh Casey\",\"subjectDomainName\":\"DESKTOP-5OG7C28\",\"subjectLogonId\":\"0xa8da9\",\"targetName\":\"MicrosoftAccount:user=02nvmpszfpbhhmjd\",\"type\":\"0\",\"countOfCredentialsReturned\":\"0\",\"readOperation\":\"%%8100\",\"returnCode\":\"3221226021\",\"processCreationTime\":\"2026-10-02T13:34:51.1226711Z\",\"clientProcessId\":\"7408\"}}}","decoder":{"name":"windows_eventchannel"},"data":{"win":{"system":{"providerName":"Microsoft-Windows-Security-Auditing","providerGuid":"{54849625-5478-4994-a5ba-3e3b0328c30d}","eventID":"5379","version":"0","level":"0","task":"13824","opcode":"0","keywords":"0x8020000000000000","systemTime":"2026-10-02T13:37:27.8370634Z","eventRecordID":"54000","processID":"820","threadID":"1136","channel":"Security","computer":"DESKTOP-5OG7C28","severityValue":"AUDIT_SUCCESS","message":"\"Credential Manager credentials were read.\r\n\r\nSubject:\r\n\tSecurity ID:\t\tS-1-5-21-2586188580-1629295405-1270050116-1001\r\n\tAccount Name:\t\tDarragh Casey\r\n\tAccount Domain:\t\tDESKTOP-5OG7C28\r\n\tLogon ID:\t\t0xA8DA9\r\n\tRead Operation:\t\tEnumerate Credentials\r\n\r\nThis event occurs when a user performs a read operation on stored credentials in Credential Manager.\""},"eventdata":{"subjectUserSid":"S-1-5-21-2586188580-1629295405-1270050116-1001","subjectUserName":"Darragh Casey","subjectDomainName":"DESKTOP-5OG7C28","subjectLogonId":"0xa8da9","targetName":"MicrosoftAccount:user=02nvmpszfpbhhmjd","type":"0","countOfCredentialsReturned":"0","readOperation":"%%8100","returnCode":"3221226021","processCreationTime":"2026-10-02T13:34:51.1226711Z","clientProcessId":"7408"}}},"location":"EventChannel"}
{"timestamp":"2026-10-02T15:37:27.370+0200","agent":{"id":"001","name":"Windows_VM","ip":"192.168.232.130"},"manager":{"name":"dcasey-virtual-machine"},"id":"1790948247.321646","full_log":"{\"win\":{\"system\":{\"providerName\":\"Microsoft-Windows-Security-Auditing\",\"providerGuid\":\"{54849625-5478-4994-a5ba-3e3b0328c30d}\",\"eventID\":\"5379\",\"version\":\"0\",\"level\":\"0\",\"task\":\"13824\",\"opcode\":\"0\",\"keywords\":\"0x8020000000000000\",\"systemTime\":\"2026-10-02T13:37:27.8371347Z\",\"eventRecordID\":\"54001\",\"processID\":\"820\",\"threadID\":\"1136\",\"channel\":\"Security\",\"computer\":\"DESKTOP-5OG7C28\",\"severityValue\":\"AUDIT_SUCCESS\",\"message\":\"\\\"Credential Manager credentials were read.\\r\\n\\r\\nSubject:\\r\\n\\tSecurity ID:\\t\\tS-1-5-21-2586188580-1629295405-1270050116-1001\\r\\n\\tAccount Name:\\t\\tDarragh Casey\\r\\n\\tAccount Domain:\\t\\tDESKTOP-5OG7C28\\r\\n\\tLogon ID:\\t\\t0xA8DA9\\r\\n\\tRead Operation:\\t\\tEnumerate Credentials\\r\\n\\r\\nThis event occurs when a user performs a read operation on stored credentials in Credential Manager.\\\"\"},\"eventdata\":{\"subjectUserSid\":\"S-1-5-21-2586188580-1629295405-1270050116-1001\",\"subjectUserName\":\"Darragh Casey\",\"subjectDomainName\":\"DESKTOP-5OG7C28\",\"subjectLogonId\":\"0xa8da9\",\"targetName\":\"MicrosoftAccount:user=02nvmpszfpbhhmjd\",\"type\":\"0\",\"countOfCredentialsReturned\":\"0\",\"readOperation\":\"%%8100\",\"returnCode\":\"3221226021\",\"processCreationTime\":\"2026-10-02T13:34:51.1226711Z\",\"clientProcessId\":\"7408\"}}}","decoder":{"name":"windows_eventchannel"},"data":{"win":{"system":{"providerName":"Microsoft-Windows-Security-Auditing","providerGuid":"{54849625-5478-4994-a5ba-3e3b0328c30d}","eventID":"5379","version":"0","level":"0","task":"13824","opcode":"0","keywords":"0x8020000000000000","systemTime":"2026-10-02T13:37:27.8371347Z","eventRecordID":"54001","processID":"820","threadID":"1136","channel":"Security","computer":"DESKTOP-5OG7C28","severityValue":"AUDIT_SUCCESS","message":"\"Credential Manager credentials were read.\r\n\r\nSubject:\r\n\tSecurity ID:\t\tS-1-5-21-2586188580-1629295405-1270050116-1001\r\n\tAccount Name:\t\tDarragh Casey\r\n\tAccount Domain:\t\tDESKTOP-5OG7C28\r\n\tLogon ID:\t\t0xA8DA9\r\n\tRead Operation:\t\tEnumerate Credentials\r\n\r\nThis event occurs when a user performs a read operation on stored credentials in Credential Manager.\""},"eventdata":{"subjectUserSid":"S-1-5-21-2586188580-1629295405-1270050116-1001","subjectUserName":"Darragh Casey","subjectDomainName":"DESKTOP-5OG7C28","subjectLogonId":"0xa8da9","targetName":"MicrosoftAccount:user=02nvmpszfpbhhmjd","type":"0","countOfCredentialsReturned":"0","readOperation":"%%8100","returnCode":"3221226021","processCreationTime":"2026-10-02T13:34:51.1226711Z","clientProcessId":"7408"}}},"location":"EventChannel"}
{"timestamp":"2026-10-02T15:37:29.457+0200","agent":{"id":"001","name":"Windows_VM","ip":"192.168.232.130"},"manager":{"name":"dcasey-virtual-machine"},"id":"1790948249.321646","full_log":"{\"win\":{\"system\":{\"providerName\":\"Microsoft-Windows-Security-Auditing\",\"providerGuid\":\"{54849625-5478-4994-a5ba-3e3b0328c30d}\",\"eventID\":\"4624\",\"version\":\"3\",\"level\":\"0\",\"task\":\"12544\",\"opcode\":\"0\",\"keywords\":\"0x8020000000000000\",\"systemTime\":\"2026-10-02T13:37:29.4695081Z\",\"eventRecordID\":\"54002\",\"processID\":\"820\",\"threadID\":\"8572\",\"channel\":\"Security\",\"computer\":\"DESKTOP-5OG7C28\",\"severityValue\":\"AUDIT_SUCCESS\",\"message\":\"\\\"An account was successfully logged on.\\r\\n\\r\\nSubject:\\r\\n\\tSecurity ID:\\t\\tS-1-5-18\\r\\n\\tAccount Name:\\t\\tDESKTOP-5OG7C28$\\r\\n\\tAccount Domain:\\t\\tWORKGROUP\\r\\n\\tLogon ID:\\t\\t0x3E7\\r\\n\\r\\nLogon Information:\\r\\n\\tLogon Type:\\t\\t5\\r\\n\\tRestricted Admin Mode:\\t-\\r\\n\\tRemote Credential Guard:\\t-\\r\\n\\tVirtual Account:\\t\\tNo\\r\\n\\tElevated Token:\\t\\tYes\\r\\n\\r\\nImpersonation Level:\\t\\tImpersonation\\r\\n\\r\\nNew Logon:\\r\\n\\tSecurity ID:\\t\\tS-1-5-18\\r\\n\\tAccount Name:\\t\\tSYSTEM\\r\\n\\tAccount Domain:\\t\\tNT AUTHORITY\\r\\n\\tLogon ID:\\t\\t0x3E7\\r\\n\\tLinked Logon ID:\\t\\t0x0\\r\\n\\tNetwork Account Name:\\t-\\r\\n\\tNetwork Account Domain:\\t-\\r\\n\\tLogon GUID:\\t\\t{00000000-0000-0000-0000-000000000000}\\r\\n\\r\\nProcess Information:\\r\\n\\tProcess ID:\\t\\t0x32c\\r\\n\\tProcess Name:\\t\\tC:\\\\Windows\\\\System32\\\\services.exe\\r\\n\\r\\nNetwork Information:\\r\\n\\tWorkstation Name:\\t-\\r\\n\\tSource Network Address:\\t-\\r\\n\\tSource Port:\\t\\t-\\r\\n\\r\\nDetailed Authentication Information:\\r\\n\\tLogon Process:\\t\\tAdvapi  \\r\\n\\tAuthentication Package:\\tNegotiate\\r\\n\\tTransited Services:\\t-\\r\\n\\tPackage Name (NTLM only):\\t-\\r\\n\\tKey Length:\\t\\t0\\r\\n\\r\\nThis event is generated when a logon session is created. It is generated on the computer that was accessed.\\r\\n\\r\\nThe subject fields indicate the account on the local system which requested the logon. This is most commonly a service such as the Server service, or a local process such as Winlogon.exe or Services.exe.\\r\\n\\r\\nThe logon type field indicates the kind of logon that occurred. The most common types are 2 (interactive) and 3 (network).\\r\\n\\r\\nThe New Logon fields indicate the account for whom the new logon was created, i.e. the account that was logged on.\\r\\n\\r\\nThe network fields indicate where a remote logon request originated. Workstation name is not always available and may be left blank in some cases.\\r\\n\\r\\nThe impersonation level field indicates the extent to which a process in the logon session can impersonate.\\r\\n\\r\\nThe authentication information fields provide detailed information about this specific logon request.\\r\\n\\t- Logon GUID is a unique identifier that can be used to correlate this event with a KDC event.\\r\\n\\t- Transited services indicate which intermediate services have participated in this logon request.\\r\\n\\t- Package name indicates which sub-protocol was used among the NTLM protocols.\\r\\n\\t- Key length indicates the length of the generated session key. This will be 0 if no session key was requested.\\\"\"},\"eventdata\":{\"subjectUserSid\":\"S-1-5-18\",\"subjectUserName\":\"DESKTOP-5OG7C28$\",\"subjectDomainName\":\"WORKGROUP\",\"subjectLogonId\":\"0x3e7\",\"targetUserSid\":\"S-1-5-18\",\"targetUserName\":\"SYSTEM\",\"targetDomainName\":\"NT AUTHORITY\",\"targetLogonId\":\"0x3e7\",\"logonType\":\"5\",\"logonProcessName\":\"Advapi\",\"authenticationPackageName\":\"Negotiate\",\"logonGuid\":\"{00000000-0000-0000-0000-000000000000}\",\"keyLength\":\"0\",\"processId\":\"0x32c\",\"processName\":\"C:\\\\\\\\Windows\\\\\\\\System32\\\\\\\\services.exe\",\"impersonationLevel\":\"%%1833\",\"virtualAccount\":\"%%1843\",\"targetLinkedLogonId\":\"0x0\",\"elevatedToken\":\"%%1842\"}}}","decoder":{"name":"windows_eventchannel"},"data":{"win":{"system":{"providerName":"Microsoft-Windows-Security-Auditing","providerGuid":"{54849625-5478-4994-a5ba-3e3b0328c30d}","eventID":"4624","version":"3","level":"0","task":"12544","opcode":"0","keywords":"0x8020000000000000","systemTime":"2026-10-02T13:37:29.4695081Z","eventRecordID":"54002","processID":"820","threadID":"8572","channel":"Security","computer":"DESKTOP-5OG7C28","severityValue":"AUDIT_SUCCESS","message":"\"An account was successfully logged on.\r\n\r\nSubject:\r\n\tSecurity ID:\t\tS-1-5-18\r\n\tAccount Name:\t\tDESKTOP-5OG7C28$\r\n\tAccount Domain:\t\tWORKGROUP\r\n\tLogon ID:\t\t0x3E7\r\n\r\nLogon Information:\r\n\tLogon Type:\t\t5\r\n\tRestricted Admin Mode:\t-\r\n\tRemote Credential Guard:\t-\r\n\tVirtual Account:\t\tNo\r\n\tElevated Token:\t\tYes\r\n\r\nImpersonation Level:\t\tImpersonation\r\n\r\nNew Logon:\r\n\tSecurity ID:\t\tS-1-5-18\r\n\tAccount Name:\t\tSYSTEM\r\n\tAccount Domain:\t\tNT AUTHORITY\r\n\tLogon ID:\t\t0x3E7\r\n\tLinked Logon ID:\t\t0x0\r\n\tNetwork Account Name:\t-\r\n\tNetwork Account Domain:\t-\r\n\tLogon GUID:\t\t{00000000-0000-0000-0000-000000000000}\r\n\r\nProcess Information:\r\n\tProcess ID:\t\t0x32c\r\n\tProcess Name:\t\tC:\\Windows\\System32\\services.exe\r\n\r\nNetwork Information:\r\n\tWorkstation Name:\t-\r\n\tSource Network Address:\t-\r\n\tSource Port:\t\t-\r\n\r\nDetailed Authentication Information:\r\n\tLogon Process:\t\tAdvapi  \r\n\tAuthentication Package:\tNegotiate\r\n\tTransited Services:\t-\r\n\tPackage Name (NTLM only):\t-\r\n\tKey Length:\t\t0\r\n\r\nThis event is generated when a logon session is created. It is generated on the computer that was accessed.\r\n\r\nThe subject fields indicate the account on the local system which requested the logon. This is most commonly a service such as the Server service, or a local process such as Winlogon.exe or Services.exe.\r\n\r\nThe logon type field indicates the kind of logon that occurred. The most common types are 2 (interactive) and 3 (network).\r\n\r\nThe New Logon fields indicate the account for whom the new logon was created, i.e. the account that was logged on.\r\n\r\nThe network fields indicate where a remote logon request originated. Workstation name is not always available and may be left blank in some cases.\r\n\r\nThe impersonation level field indicates the extent to which a process in the logon session can impersonate.\r\n\r\nThe authentication information fields provide detailed information about this specific logon request.\r\n\t- Logon GUID is a unique identifier that can be used to correlate this event with a KDC event.\r\n\t- Transited services indicate which intermediate services have participated in this logon request.\r\n\t- Package name indicates which sub-protocol was used among the NTLM protocols.\r\n\t- Key length indicates the length of the generated session key. This will be 0 if no session key was requested.\""},"eventdata":{"subjectUserSid":"S-1-5-18","subjectUserName":"DESKTOP-5OG7C28$","subjectDomainName":"WORKGROUP","subjectLogonId":"0x3e7","targetUserSid":"S-1-5-18","targetUserName":"SYSTEM","targetDomainName":"NT AUTHORITY","targetLogonId":"0x3e7","logonType":"5","logonProcessName":"Advapi","authenticationPackageName":"Negotiate","logonGuid":"{00000000-0000-0000-0000-000000000000}","keyLength":"0","processId":"0x32c","processName":"C:\\\\Windows\\\\System32\\\\services.exe","impersonationLevel":"%%1833","virtualAccount":"%%1843","targetLinkedLogonId":"0x0","elevatedToken":"%%1842"}}},"location":"EventChannel"}
{"timestamp":"2026-10-02T15:37:29.461+0200","agent":{"id":"001","name":"Windows_VM","ip":"192.168.232.130"},"manager":{"name":"dcasey-virtual-machine"},"id":"1790948249.321646","full_log":"{\"win\":{\"system\":{\"providerName\":\"Microsoft-Windows-Security-Auditing\",\"providerGuid\":\"{54849625-5478-4994-a5ba-3e3b0328c30d}\",\"eventID\":\"4672\",\"version\":\"0\",\"level\":\"0\",\"task\":\"12548\",\"opcode\":\"0\",\"keywords\":\"0x8020000000000000\",\"systemTime\":\"2026-10-02T13:37:29.4695218Z\",\"eventRecordID\":\"54003\",\"processID\":\"820\",\"threadID\":\"8572\",\"channel\":\"Security\",\"computer\":\"DESKTOP-5OG7C28\",\"severityValue\":\"AUDIT_SUCCESS\",\"message\":\"\\\"Special privileges assigned to new logon.\\r\\n\\r\\nSubject:\\r\\n\\tSecurity ID:\\t\\tS-1-5-18\\r\\n\\tAccount Name:\\t\\tSYSTEM\\r\\n\\tAccount Domain:\\t\\tNT AUTHORITY\\r\\n\\tLogon ID:\\t\\t0x3E7\\r\\n\\r\\nPrivileges:\\t\\tSeAssignPrimaryTokenPrivilege\\r\\n\\t\\t\\tSeTcbPrivilege\\r\\n\\t\\t\\tSeSecurityPrivilege\\r\\n\\t\\t\\tSeTakeOwnershipPrivilege\\r\\n\\t\\t\\tSeLoadDriverPrivilege\\r\\n\\t\\t\\tSeBackupPrivilege\\r\\n\\t\\t\\tSeRestorePrivilege\\r\\n\\t\\t\\tSeDebugPrivilege\\r\\n\\t\\t\\tSeAuditPrivilege\\r\\n\\t\\t\\tSeSystemEnvironmentPrivilege\\r\\n\\t\\t\\tSeImpersonatePrivilege\\r\\n\\t\\t\\tSeDelegateSessionUserImpersonatePrivilege\\\"\"},\"eventdata\":{\"subjectUserSid\":\"S-1-5-18\",\"subjectUserName\":\"SYSTEM\",\"subjectDomainName\":\"NT AUTHORITY\",\"subjectLogonId\":\"0x3e7\",\"privilegeList\":\"SeAssignPrimaryTokenPrivilege     SeTcbPrivilege     SeSecurityPrivilege     SeTakeOwnershipPrivilege     SeLoadDriverPrivilege     SeBackupPrivilege     SeRestorePrivilege     SeDebugPrivilege     SeAuditPrivilege     SeSystemEnvironmentPrivilege     SeImpersonatePrivilege     SeDelegateSessionUserImpersonatePrivilege\"}}}","decoder":{"name":"windows_eventchannel"},"data":{"win":{"system":{"providerName":"Microsoft-Windows-Security-Auditing","providerGuid":"{54849625-5478-4994-a5ba-3e3b0328c30d}","eventID":"4672","version":"0","level":"0","task":"12548","opcode":"0","keywords":"0x8020000000000000","systemTime":"2026-10-02T13:37:29.4695218Z","eventRecordID":"54003","processID":"820","threadID":"8572","channel":"Security","computer":"DESKTOP-5OG7C28","severityValue":"AUDIT_SUCCESS","message":"\"Special privileges assigned to new logon.\r\n\r\nSubject:\r\n\tSecurity ID:\t\tS-1-5-18\r\n\tAccount Name:\t\tSYSTEM\r\n\tAccount Domain:\t\tNT AUTHORITY\r\n\tLogon ID:\t\t0x3E7\r\n\r\nPrivileges:\t\tSeAssignPrimaryTokenPrivilege\r\n\t\t\tSeTcbPrivilege\r\n\t\t\tSeSecurityPrivilege\r\n\t\t\tSeTakeOwnershipPrivilege\r\n\t\t\tSeLoadDriverPrivilege\r\n\t\t\tSeBackupPrivilege\r\n\t\t\tSeRestorePrivilege\r\n\t\t\tSeDebugPrivilege\r\n\t\t\tSeAuditPrivilege\r\n\t\t\tSeSystemEnvironmentPrivilege\r\n\t\t\tSeImpersonatePrivilege\r\n\t\t\tSeDelegateSessionUserImpersonatePrivilege\""},"eventdata":{"subjectUserSid":"S-1-5-18","subjectUserName":"SYSTEM","subjectDomainName":"NT AUTHORITY","subjectLogonId":"0x3e7","privilegeList":"SeAssignPrimaryTokenPrivilege     SeTcbPrivilege     SeSecurityPrivilege     SeTakeOwnershipPrivilege     SeLoadDriverPrivilege     SeBackupPrivilege     SeRestorePrivilege     SeDebugPrivilege     SeAuditPrivilege     SeSystemEnvironmentPrivilege     SeImpersonatePrivilege     SeDelegateSessionUserImpersonatePrivilege"}}},"location":"EventChannel"}
{"timestamp":"2026-10-02T15:37:31.864+0200","agent":{"id":"001","name":"Windows_VM","ip":"192.168.232.130"},"manager":{"name":"dcasey-virtual-machine"},"id":"1790948251.321646","full_log":"{\"win\":{\"system\":{\"providerName\":\"Microsoft-Windows-WindowsUpdateClient\",\"providerGuid\":\"{945a8954-c147-4acd-923f-40c45405a658}\",\"eventID\":\"44\",\"version\":\"1\",\"level\":\"4\",\"task\":\"1\",\"opcode\":\"12\",\"keywords\":\"0x8000000000002004\",\"systemTime\":\"2026-10-02T13:37:32.5036408Z\",\"eventRecordID\":\"2969\",\"processID\":\"4848\",\"threadID\":\"5672\",\"channel\":\"System\",\"computer\":\"DESKTOP-5OG7C28\",\"severityValue\":\"INFORMATION\",\"message\":\"\\\"Windows Update started downloading an update.\\\"\"},\"eventdata\":{\"updateTitle\":\"9NRZT3Q9R3DL-Microsoft.WindowsAppRuntime.2\",\"updateGuid\":\"{3d8652ea-6aa8-4b54-af49-27591858b754}\",\"updateRevisionNumber\":\"1\"}}}","decoder":{"name":"windows_eventchannel"},"data":{"win":{"system":{"providerName":"Microsoft-Windows-WindowsUpdateClient","providerGuid":"{945a8954-c147-4acd-923f-40c45405a658}","eventID":"44","version":"1","level":"4","task":"1","opcode":"12","keywords":"0x8000000000002004","systemTime":"2026-10-02T13:37:32.5036408Z","eventRecordID":"2969","processID":"4848","threadID":"5672","channel":"System","computer":"DESKTOP-5OG7C28","severityValue":"INFORMATION","message":"\"Windows Update started downloading an update.\""},"eventdata":{"updateTitle":"9NRZT3Q9R3DL-Microsoft.WindowsAppRuntime.2","updateGuid":"{3d8652ea-6aa8-4b54-af49-27591858b754}","updateRevisionNumber":"1"}}},"location":"EventChannel"}
{"timestamp":"2026-10-02T15:37:31.866+0200","agent":{"id":"001","name":"Windows_VM","ip":"192.168.232.130"},"manager":{"name":"dcasey-virtual-machine"},"id":"1790948251.321646","full_log":"{\"win\":{\"system\":{\"providerName\":\"Microsoft-Windows-WindowsUpdateClient\",\"providerGuid\":\"{945a8954-c147-4acd-923f-40c45405a658}\",\"eventID\":\"43\",\"version\":\"1\",\"level\":\"4\",\"task\":\"1\",\"opcode\":\"13\",\"keywords\":\"0x8000000000002008\",\"systemTime\":\"2026-10-02T13:37:32.5036443Z\",\"eventRecordID\":\"2970\",\"processID\":\"4848\",\"threadID\":\"5672\",\"channel\":\"System\",\"computer\":\"DESKTOP-5OG7C28\",\"severityValue\":\"INFORMATION\",\"message\":\"\\\"Installation Started: Windows has started installing the following update: 9NRZT3Q9R3DL-Microsoft.WindowsAppRuntime.2\\\"\"},\"eventdata\":{\"updateTitle\":\"9NRZT3Q9R3DL-Microsoft.WindowsAppRuntime.2\",\"updateGuid\":\"{3d8652ea-6aa8-4b54-af49-27591858b754}\",\"updateRevisionNumber\":\"1\"}}}","decoder":{"name":"windows_eventchannel"},"data":{"win":{"system":{"providerName":"Microsoft-Windows-WindowsUpdateClient","providerGuid":"{945a8954-c147-4acd-923f-40c45405a658}","eventID":"43","version":"1","level":"4","task":"1","opcode":"13","keywords":"0x8000000000002008","systemTime":"2026-10-02T13:37:32.5036443Z","eventRecordID":"2970","processID":"4848","threadID":"5672","channel":"System","computer":"DESKTOP-5OG7C28","severityValue":"INFORMATION","message":"\"Installation Started: Windows has started installing the following update: 9NRZT3Q9R3DL-Microsoft.WindowsAppRuntime.2\""},"eventdata":{"updateTitle":"9NRZT3Q9R3DL-Microsoft.WindowsAppRuntime.2","updateGuid":"{3d8652ea-6aa8-4b54-af49-27591858b754}","updateRevisionNumber":"1"}}},"location":"EventChannel"}
{"timestamp":"2026-10-02T15:37:31.867+0200","agent":{"id":"001","name":"Windows_VM","ip":"192.168.232.130"},"manager":{"name":"dcasey-virtual-machine"},"id":"1790948251.321646","full_log":"{\"win\":{\"system\":{\"providerName\":\"Microsoft-Windows-WindowsUpdateClient\",\"providerGuid\":\"{945a8954-c147-4acd-923f-40c45405a658}\",\"eventID\":\"19\",\"version\":\"1\",\"level\":\"4\",\"task\":\"1\",\"opcode\":\"13\",\"keywords\":\"0x8000000000000018\",\"systemTime\":\"2026-10-02T13:37:32.5856223Z\",\"eventRecordID\":\"2971\",\"processID\":\"4848\",\"threadID\":\"5672\",\"channel\":\"System\",\"computer\":\"DESKTOP-5OG7C28\",\"severityValue\":\"INFORMATION\",\"message\":\"\\\"Installation Successful: Windows successfully installed the following update: 9NRZT3Q9R3DL-Microsoft.WindowsAppRuntime.2\\\"\"},\"eventdata\":{\"updateTitle\":\"9NRZT3Q9R3DL-Microsoft.WindowsAppRuntime.2\",\"updateGuid\":\"{3d8652ea-6aa8-4b54-af49-27591858b754}\",\"updateRevisionNumber\":\"1\",\"serviceGuid\":\"{855e8a7c-ecb4-4ca3-b045-1dfa50104289}\"}}}","decoder":{"name":"windows_eventchannel"},"data":{"win":{"system":{"providerName":"Microsoft-Windows-WindowsUpdateClient","providerGuid":"{945a8954-c147-4acd-923f-40c45405a658}","eventID":"19","version":"1","level":"4","task":"1","opcode":"13","keywords":"0x8000000000000018","systemTime":"2026-10-02T13:37:32.5856223Z","eventRecordID":"2971","processID":"4848","threadID":"5672","channel":"System","computer":"DESKTOP-5OG7C28","severityValue":"INFORMATION","message":"\"Installation Successful: Windows successfully installed the following update: 9NRZT3Q9R3DL-Microsoft.WindowsAppRuntime.2\""},"eventdata":{"updateTitle":"9NRZT3Q9R3DL-Microsoft.WindowsAppRuntime.2","updateGuid":"{3d8652ea-6aa8-4b54-af49-27591858b754}","updateRevisionNumber":"1","serviceGuid":"{855e8a7c-ecb4-4ca3-b045-1dfa50104289}"}}},"location":"EventChannel"}
{"timestamp":"2026-10-02T15:37:44.062+0200","agent":{"id":"001","name":"Windows_VM","ip":"192.168.232.130"},"manager":{"name":"dcasey-virtual-machine"},"id":"1790948264.321646","full_log":"{\"win\":{\"system\":{\"providerName\":\"Microsoft-Windows-Sysmon\",\"providerGuid\":\"{5770385f-c22a-43e0-bf4c-06f5698ffbd9}\",\"eventID\":\"11\",\"version\":\"2\",\"level\":\"4\",\"task\":\"11\",\"opcode\":\"0\",\"keywords\":\"0x8000000000000000\",\"systemTime\":\"2026-10-02T13:37:44.0841029Z\",\"eventRecordID\":\"14954\",\"processID\":\"3504\",\"threadID\":\"4956\",\"channel\":\"Microsoft-Windows-Sysmon/Operational\",\"computer\":\"DESKTOP-5OG7C28\",\"severityValue\":\"INFORMATION\",\"message\":\"\\\"File created:\\r\\nRuleName: EXE\\r\\nUtcTime: 2026-10-02 13:37:44.081\\r\\nProcessGuid: {4b2ce92d-b348-6abf-8a02-000000001400}\\r\\nProcessId: 9980\\r\\nImage: C:\\\\Program Files (x86)\\\\Microsoft\\\\EdgeUpdate\\\\MicrosoftEdgeUpdate.exe\\r\\nTargetFilename: C:\\\\Program Files (x86)\\\\Microsoft\\\\EdgeUpdate\\\\Download\\\\{F3017226-FE2A-4295-8BDF-00C3A9A7E4C5}\\\\154.0.4258.48\\\\MicrosoftEdge_X64_154.0.4258.48_154.0.4258.37.exe\\r\\nCreationUtcTime: 2026-10-02 13:37:44.081\\r\\nUser: NT AUTHORITY\\\\SYSTEM\\\"\"},\"eventdata\":{\"ruleName\":\"EXE\",\"utcTime\":\"2026-10-02 13:37:44.081\",\"processGuid\":\"{4b2ce92d-b348-6abf-8a02-000000001400}\",\"processId\":\"9980\",\"image\":\"C:\\\\\\\\Program Files (x86)\\\\\\\\Microsoft\\\\\\\\EdgeUpdate\\\\\\\\MicrosoftEdgeUpdate.exe\",\"targetFilename\":\"C:\\\\\\\\Program Files (x86)\\\\\\\\Microsoft\\\\\\\\EdgeUpdate\\\\\\\\Download\\\\\\\\{F3017226-FE2A-4295-8BDF-00C3A9A7E4C5}\\\\\\\\154.0.4258.48\\\\\\\\MicrosoftEdge_X64_154.0.4258.48_154.0.4258.37.exe\",\"creationUtcTime\":\"2026-10-02 13:37:44.081\",\"user\":\"NT AUTHORITY\\\\\\\\SYSTEM\"}}}","decoder":{"name":"windows_eventchannel"},"data":{"win":{"system":{"providerName":"Microsoft-Windows-Sysmon","providerGuid":"{5770385f-c22a-43e0-bf4c-06f5698ffbd9}","eventID":"11","version":"2","level":"4","task":"11","opcode":"0","keywords":"0x8000000000000000","systemTime":"2026-10-02T13:37:44.0841029Z","eventRecordID":"14954","processID":"3504","threadID":"4956","channel":"Microsoft-Windows-Sysmon/Operational","computer":"DESKTOP-5OG7C28","severityValue":"INFORMATION","message":"\"File created:\r\nRuleName: EXE\r\nUtcTime: 2026-10-02 13:37:44.081\r\nProcessGuid: {4b2ce92d-b348-6abf-8a02-000000001400}\r\nProcessId: 9980\r\nImage: C:\\Program Files (x86)\\Microsoft\\EdgeUpdate\\MicrosoftEdgeUpdate.exe\r\nTargetFilename: C:\\Program Files (x86)\\Microsoft\\EdgeUpdate\\Download\\{F3017226-FE2A-4295-8BDF-00C3A9A7E4C5}\\154.0.4258.48\\MicrosoftEdge_X64_154.0.4258.48_154.0.4258.37.exe\r\nCreationUtcTime: 2026-10-02 13:37:44.081\r\nUser: NT AUTHORITY\\SYSTEM\""},"eventdata":{"ruleName":"EXE","utcTime":"2026-10-02 13:37:44.081","processGuid":"{4b2ce92d-b348-6abf-8a02-000000001400}","processId":"9980","image":"C:\\\\Program Files (x86)\\\\Microsoft\\\\EdgeUpdate\\\\MicrosoftEdgeUpdate.exe","targetFilename":"C:\\\\Program Files (x86)\\\\Microsoft\\\\EdgeUpdate\\\\Download\\\\{F3017226-FE2A-4295-8BDF-00C3A9A7E4C5}\\\\154.0.4258.48\\\\MicrosoftEdge_X64_154.0.4258.48_154.0.4258.37.exe","creationUtcTime":"2026-10-02 13:37:44.081","user":"NT AUTHORITY\\\\SYSTEM"}}},"location":"EventChannel"}
{"timestamp":"2026-10-02T15:37:45.102+0200","agent":{"id":"001","name":"Windows_VM","ip":"192.168.232.130"},"manager":{"name":"dcasey-virtual-machine"},"id":"1790948265.321646","full_log":"{\"win\":{\"system\":{\"providerName\":\"Microsoft-Windows-Sysmon\",\"providerGuid\":\"{5770385f-c22a-43e0-bf4c-06f5698ffbd9}\",\"eventID\":\"1\",\"version\":\"5\",\"level\":\"4\",\"task\":\"1\",\"opcode\":\"0\",\"keywords\":\"0x8000000000000000\",\"systemTime\":\"2026-10-02T13:37:45.1274820Z\",\"eventRecordID\":\"14955\",\"processID\":\"3504\",\"threadID\":\"4956\",\"channel\":\"Microsoft-Windows-Sysmon/Operational\",\"computer\":\"DESKTOP-5OG7C28\",\"severityValue\":\"INFORMATION\",\"message\":\"\\\"Process Create:\\r\\nRuleName: -\\r\\nUtcTime: 2026-10-02 13:37:45.073\\r\\nProcessGuid: {4b2ce92d-b3a9-6abf-9b02-000000001400}\\r\\nProcessId: 5844\\r\\nImage: C:\\\\Program Files (x86)\\\\Microsoft\\\\EdgeUpdate\\\\Install\\\\{C3748C6C-3DF0-4F40-A83F-6A5DE3F43CDA}\\\\MicrosoftEdge_X64_154.0.4258.48_154.0.4258.37.exe\\r\\nFileVersion: 154.0.4258.48\\r\\nDescription: Microsoft Edge Installer\\r\\nProduct: Microsoft Edge Installer\\r\\nCompany: Microsoft Corporation\\r\\nOriginalFileName: mini_installer.exe\\r\\nCommandLine: \\\"C:\\\\Program Files (x86)\\\\Microsoft\\\\EdgeUpdate\\\\Install\\\\{C3748C6C-3DF0-4F40-A83F-6A5DE3F43CDA}\\\\MicrosoftEdge_X64_154.0.4258.48_154.0.4258.37.exe\\\" --msedgewebview --verbose-logging --do-not-launch-msedge --system-level\\r\\nCurrentDirectory: C:\\\\Program Files (x86)\\\\Microsoft\\\\EdgeUpdate\\\\1.3.275.13\\\\\\r\\nUser: NT AUTHORITY\\\\SYSTEM\\r\\nLogonGuid: {4b2ce92d-824a-6abe-e703-000000000000}\\r\\nLogonId: 0x3E7\\r\\nTerminalSessionId: 0\\r\\nIntegrityLevel: System\\r\\nHashes: MD5=332C8AE8E2432290AADBCD9792FF0300,SHA256=694397780BE2119BB86CCC34FD97AC17EB153726956C3D0C3776F5B05DE9E6C9,IMPHASH=FE13F922657805CDDB58424F4BC5D4D0\\r\\nParentProcessGuid: {4b2ce92d-b348-6abf-8a02-000000001400}\\r\\nParentProcessId: 9980\\r\\nParentImage: C:\\\\Program Files (x86)\\\\Microsoft\\\\EdgeUpdate\\\\MicrosoftEdgeUpdate.exe\\r\\nParentCommandLine: \\\"C:\\\\Program Files (x86)\\\\Microsoft\\\\EdgeUpdate\\\\MicrosoftEdgeUpdate.exe\\\" /svc\\r\\nParentUser: NT AUTHORITY\\\\SYSTEM\\\"\"},\"eventdata\":{\"utcTime\":\"2026-10-02 13:37:45.073\",\"processGuid\":\"{4b2ce92d-b3a9-6abf-9b02-000000001400}\",\"processId\":\"5844\",\"image\":\"C:\\\\\\\\Program Files (x86)\\\\\\\\Microsoft\\\\\\\\EdgeUpdate\\\\\\\\Install\\\\\\\\{C3748C6C-3DF0-4F40-A83F-6A5DE3F43CDA}\\\\\\\\MicrosoftEdge_X64_154.0.4258.48_154.0.4258.37.exe\",\"fileVersion\":\"154.0.4258.48\",\"description\":\"Microsoft Edge Installer\",\"product\":\"Microsoft Edge Installer\",\"company\":\"Microsoft Corporation\",\"originalFileName\":\"mini_installer.exe\",\"commandLine\":\"\\\\\\\"C:\\\\\\\\Program Files (x86)\\\\\\\\Microsoft\\\\\\\\EdgeUpdate\\\\\\\\Install\\\\\\\\{C3748C6C-3DF0-4F40-A83F-6A5DE3F43CDA}\\\\\\\\MicrosoftEdge_X64_154.0.4258.48_154.0.4258.37.exe\\\\\\\" --msedgewebview --verbose-logging --do-not-launch-msedge --system-level\",\"currentDirectory\":\"C:\\\\\\\\Program Files (x86)\\\\\\\\Microsoft\\\\\\\\EdgeUpdate\\\\\\\\1.3.275.13\\\\\\\\\",\"user\":\"NT AUTHORITY\\\\\\\\SYSTEM\",\"logonGuid\":\"{4b2ce92d-824a-6abe-e703-000000000000}\",\"logonId\":\"0x3e7\",\"terminalSessionId\":\"0\",\"integrityLevel\":\"System\",\"hashes\":\"MD5=332C8AE8E2432290AADBCD9792FF0300,SHA256=694397780BE2119BB86CCC34FD97AC17EB153726956C3D0C3776F5B05DE9E6C9,IMPHASH=FE13F922657805CDDB58424F4BC5D4D0\",\"parentProcessGuid\":\"{4b2ce92d-b348-6abf-8a02-000000001400}\",\"parentProcessId\":\"9980\",\"parentImage\":\"C:\\\\\\\\Program Files (x86)\\\\\\\\Microsoft\\\\\\\\EdgeUpdate\\\\\\\\MicrosoftEdgeUpdate.exe\",\"parentCommandLine\":\"\\\\\\\"C:\\\\\\\\Program Files (x86)\\\\\\\\Microsoft\\\\\\\\EdgeUpdate\\\\\\\\MicrosoftEdgeUpdate.exe\\\\\\\" /svc\",\"parentUser\":\"NT AUTHORITY\\\\\\\\SYSTEM\"}}}","decoder":{"name":"windows_eventchannel"},"data":{"win":{"system":{"providerName":"Microsoft-Windows-Sysmon","providerGuid":"{5770385f-c22a-43e0-bf4c-06f5698ffbd9}","eventID":"1","version":"5","level":"4","task":"1","opcode":"0","keywords":"0x8000000000000000","systemTime":"2026-10-02T13:37:45.1274820Z","eventRecordID":"14955","processID":"3504","threadID":"4956","channel":"Microsoft-Windows-Sysmon/Operational","computer":"DESKTOP-5OG7C28","severityValue":"INFORMATION","message":"\"Process Create:\r\nRuleName: -\r\nUtcTime: 2026-10-02 13:37:45.073\r\nProcessGuid: {4b2ce92d-b3a9-6abf-9b02-000000001400}\r\nProcessId: 5844\r\nImage: C:\\Program Files (x86)\\Microsoft\\EdgeUpdate\\Install\\{C3748C6C-3DF0-4F40-A83F-6A5DE3F43CDA}\\MicrosoftEdge_X64_154.0.4258.48_154.0.4258.37.exe\r\nFileVersion: 154.0.4258.48\r\nDescription: Microsoft Edge Installer\r\nProduct: Microsoft Edge Installer\r\nCompany: Microsoft Corporation\r\nOriginalFileName: mini_installer.exe\r\nCommandLine: \"C:\\Program Files (x86)\\Microsoft\\EdgeUpdate\\Install\\{C3748C6C-3DF0-4F40-A83F-6A5DE3F43CDA}\\MicrosoftEdge_X64_154.0.4258.48_154.0.4258.37.exe\" --msedgewebview --verbose-logging --do-not-launch-msedge --system-level\r\nCurrentDirectory: C:\\Program Files (x86)\\Microsoft\\EdgeUpdate\\1.3.275.13\\\r\nUser: NT AUTHORITY\\SYSTEM\r\nLogonGuid: {4b2ce92d-824a-6abe-e703-000000000000}\r\nLogonId: 0x3E7\r\nTerminalSessionId: 0\r\nIntegrityLevel: System\r\nHashes: MD5=332C8AE8E2432290AADBCD9792FF0300,SHA256=694397780BE2119BB86CCC34FD97AC17EB153726956C3D0C3776F5B05DE9E6C9,IMPHASH=FE13F922657805CDDB58424F4BC5D4D0\r\nParentProcessGuid: {4b2ce92d-b348-6abf-8a02-000000001400}\r\nParentProcessId: 9980\r\nParentImage: C:\\Program Files (x86)\\Microsoft\\EdgeUpdate\\MicrosoftEdgeUpdate.exe\r\nParentCommandLine: \"C:\\Program Files (x86)\\Microsoft\\EdgeUpdate\\MicrosoftEdgeUpdate.exe\" /svc\r\nParentUser: NT AUTHORITY\\SYSTEM\""},"eventdata":{"utcTime":"2026-10-02 13:37:45.073","processGuid":"{4b2ce92d-b3a9-6abf-9b02-000000001400}","processId":"5844","image":"C:\\\\Program Files (x86)\\\\Microsoft\\\\EdgeUpdate\\\\Install\\\\{C3748C6C-3DF0-4F40-A83F-6A5DE3F43CDA}\\\\MicrosoftEdge_X64_154.0.4258.48_154.0.4258.37.exe","fileVersion":"154.0.4258.48","description":"Microsoft Edge Installer","product":"Microsoft Edge Installer","company":"Microsoft Corporation","originalFileName":"mini_installer.exe","commandLine":"\\\"C:\\\\Program Files (x86)\\\\Microsoft\\\\EdgeUpdate\\\\Install\\\\{C3748C6C-3DF0-4F40-A83F-6A5DE3F43CDA}\\\\MicrosoftEdge_X64_154.0.4258.48_154.0.4258.37.exe\\\" --msedgewebview --verbose-logging --do-not-launch-msedge --system-level","currentDirectory":"C:\\\\Program Files (x86)\\\\Microsoft\\\\EdgeUpdate\\\\1.3.275.13\\\\","user":"NT AUTHORITY\\\\SYSTEM","logonGuid":"{4b2ce92d-824a-6abe-e703-000000000000}","logonId":"0x3e7","terminalSessionId":"0","integrityLevel":"System","hashes":"MD5=332C8AE8E2432290AADBCD9792FF0300,SHA256=694397780BE2119BB86CCC34FD97AC17EB153726956C3D0C3776F5B05DE9E6C9,IMPHASH=FE13F922657805CDDB58424F4BC5D4D0","parentProcessGuid":"{4b2ce92d-b348-6abf-8a02-000000001400}","parentProcessId":"9980","parentImage":"C:\\\\Program Files (x86)\\\\Microsoft\\\\EdgeUpdate\\\\MicrosoftEdgeUpdate.exe","parentCommandLine":"\\\"C:\\\\Program Files (x86)\\\\Microsoft\\\\EdgeUpdate\\\\MicrosoftEdgeUpdate.exe\\\" /svc","parentUser":"NT AUTHORITY\\\\SYSTEM"}}},"location":"EventChannel"}
{"timestamp":"2026-10-02T15:37:45.107+0200","agent":{"id":"001","name":"Windows_VM","ip":"192.168.232.130"},"manager":{"name":"dcasey-virtual-machine"},"id":"1790948265.321646","full_log":"{\"win\":{\"system\":{\"providerName\":\"Microsoft-Windows-Sysmon\",\"providerGuid\":\"{5770385f-c22a-43e0-bf4c-06f5698ffbd9}\",\"eventID\":\"11\",\"version\":\"2\",\"level\":\"4\",\"task\":\"11\",\"opcode\":\"0\",\"keywords\":\"0x8000000000000000\",\"systemTime\":\"2026-10-02T13:37:45.1654123Z\",\"eventRecordID\":\"14956\",\"processID\":\"3504\",\"threadID\":\"4956\",\"channel\":\"Microsoft-Windows-Sysmon/Operational\",\"computer\":\"DESKTOP-5OG7C28\",\"severityValue\":\"INFORMATION\",\"message\":\"\\\"File created:\\r\\nRuleName: EXE\\r\\nUtcTime: 2026-10-02 13:37:45.164\\r\\nProcessGuid: {4b2ce92d-b3a9-6abf-9b02-000000001400}\\r\\nProcessId: 5844\\r\\nImage: C:\\\\Program Files (x86)\\\\Microsoft\\\\EdgeUpdate\\\\Install\\\\{C3748C6C-3DF0-4F40-A83F-6A5DE3F43CDA}\\\\MicrosoftEdge_X64_154.0.4258.48_154.0.4258.37.exe\\r\\nTargetFilename: C:\\\\Program Files (x86)\\\\Microsoft\\\\EdgeUpdate\\\\Install\\\\{C3748C6C-3DF0-4F40-A83F-6A5DE3F43CDA}\\\\EDGEMITMP_AE746.tmp\\\\setup.exe\\r\\nCreationUtcTime: 2026-10-02 13:37:45.164\\r\\nUser: NT AUTHORITY\\\\SYSTEM\\\"\"},\"eventdata\":{\"ruleName\":\"EXE\",\"utcTime\":\"2026-10-02 13:37:45.164\",\"processGuid\":\"{4b2ce92d-b3a9-6abf-9b02-000000001400}\",\"processId\":\"5844\",\"image\":\"C:\\\\\\\\Program Files (x86)\\\\\\\\Microsoft\\\\\\\\EdgeUpdate\\\\\\\\Install\\\\\\\\{C3748C6C-3DF0-4F40-A83F-6A5DE3F43CDA}\\\\\\\\MicrosoftEdge_X64_154.0.4258.48_154.0.4258.37.exe\",\"targetFilename\":\"C:\\\\\\\\Program Files (x86)\\\\\\\\Microsoft\\\\\\\\EdgeUpdate\\\\\\\\Install\\\\\\\\{C3748C6C-3DF0-4F40-A83F-6A5DE3F43CDA}\\\\\\\\EDGEMITMP_AE746.tmp\\\\\\\\setup.exe\",\"creationUtcTime\":\"2026-10-02 13:37:45.164\",\"user\":\"NT AUTHORITY\\\\\\\\SYSTEM\"}}}","decoder":{"name":"windows_eventchannel"},"data":{"win":{"system":{"providerName":"Microsoft-Windows-Sysmon","providerGuid":"{5770385f-c22a-43e0-bf4c-06f5698ffbd9}","eventID":"11","version":"2","level":"4","task":"11","opcode":"0","keywords":"0x8000000000000000","systemTime":"2026-10-02T13:37:45.1654123Z","eventRecordID":"14956","processID":"3504","threadID":"4956","channel":"Microsoft-Windows-Sysmon/Operational","computer":"DESKTOP-5OG7C28","severityValue":"INFORMATION","message":"\"File created:\r\nRuleName: EXE\r\nUtcTime: 2026-10-02 13:37:45.164\r\nProcessGuid: {4b2ce92d-b3a9-6abf-9b02-000000001400}\r\nProcessId: 5844\r\nImage: C:\\Program Files (x86)\\Microsoft\\EdgeUpdate\\Install\\{C3748C6C-3DF0-4F40-A83F-6A5DE3F43CDA}\\MicrosoftEdge_X64_154.0.4258.48_154.0.4258.37.exe\r\nTargetFilename: C:\\Program Files (x86)\\Microsoft\\EdgeUpdate\\Install\\{C3748C6C-3DF0-4F40-A83F-6A5DE3F43CDA}\\EDGEMITMP_AE746.tmp\\setup.exe\r\nCreationUtcTime: 2026-10-02 13:37:45.164\r\nUser: NT AUTHORITY\\SYSTEM\""},"eventdata":{"ruleName":"EXE","utcTime":"2026-10-02 13:37:45.164","processGuid":"{4b2ce92d-b3a9-6abf-9b02-000000001400}","processId":"5844","image":"C:\\\\Program Files (x86)\\\\Microsoft\\\\EdgeUpdate\\\\Install\\\\{C3748C6C-3DF0-4F40-A83F-6A5DE3F43CDA}\\\\MicrosoftEdge_X64_154.0.4258.48_154.0.4258.37.exe","targetFilename":"C:\\\\Program Files (x86)\\\\Microsoft\\\\EdgeUpdate\\\\Install\\\\{C3748C6C-3DF0-4F40-A83F-6A5DE3F43CDA}\\\\EDGEMITMP_AE746.tmp\\\\setup.exe","creationUtcTime":"2026-10-02 13:37:45.164","user":"NT AUTHORITY\\\\SYSTEM"}}},"location":"EventChannel"}
{"timestamp":"2026-10-02T15:37:45.109+0200","agent":{"id":"001","name":"Windows_VM","ip":"192.168.232.130"},"manager":{"name":"dcasey-virtual-machine"},"id":"1790948265.321646","full_log":"{\"win\":{\"system\":{\"providerName\":\"Microsoft-Windows-Sysmon\",\"providerGuid\":\"{5770385f-c22a-43e0-bf4c-06f5698ffbd9}\",\"eventID\":\"1\",\"version\":\"5\",\"level\":\"4\",\"task\":\"1\",\"opcode\":\"0\",\"keywords\":\"0x8000000000000000\",\"systemTime\":\"2026-10-02T13:37:45.3817475Z\",\"eventRecordID\":\"14957\",\"processID\":\"3504\",\"threadID\":\"4956\",\"channel\":\"Microsoft-Windows-Sysmon/Operational\",\"computer\":\"DESKTOP-5OG7C28\",\"severityValue\":\"INFORMATION\",\"message\":\"\\\"Process Create:\\r\\nRuleName: -\\r\\nUtcTime: 2026-10-02 13:37:45.350\\r\\nProcessGuid: {4b2ce92d-b3a9-6abf-9c02-000000001400}\\r\\nProcessId: 9228\\r\\nImage: C:\\\\Program Files (x86)\\\\Microsoft\\\\EdgeUpdate\\\\Install\\\\{C3748C6C-3DF0-4F40-A83F-6A5DE3F43CDA}\\\\EDGEMITMP_AE746.tmp\\\\setup.exe\\r\\nFileVersion: 154.0.4258.48\\r\\nDescription: Microsoft Edge Installer\\r\\nProduct: Microsoft Edge Installer\\r\\nCompany: Microsoft Corporation\\r\\nOriginalFileName: setup.exe\\r\\nCommandLine: \\\"C:\\\\Program Files (x86)\\\\Microsoft\\\\EdgeUpdate\\\\Install\\\\{C3748C6C-3DF0-4F40-A83F-6A5DE3F43CDA}\\\\EDGEMITMP_AE746.tmp\\\\setup.exe\\\" --install-archive=\\\"C:\\\\Program Files (x86)\\\\Microsoft\\\\EdgeUpdate\\\\Install\\\\{C3748C6C-3DF0-4F40-A83F-6A5DE3F43CDA}\\\\MicrosoftEdge_X64_154.0.4258.48_154.0.4258.37.exe\\\" --previous-version=\\\"154.0.4258.37\\\" --msedgewebview --verbose-logging --do-not-launch-msedge --system-level\\r\\nCurrentDirectory: C:\\\\Program Files (x86)\\\\Microsoft\\\\EdgeUpdate\\\\1.3.275.13\\\\\\r\\nUser: NT AUTHORITY\\\\SYSTEM\\r\\nLogonGuid: {4b2ce92d-824a-6abe-e703-000000000000}\\r\\nLogonId: 0x3E7\\r\\nTerminalSessionId: 0\\r\\nIntegrityLevel: System\\r\\nHashes: MD5=D0E7BD7A6A04B9475DC897BC09E37EE6,SHA256=A2B295222B0325150773385BAD0F5ACBCE8CCE16A60CFC6B883CC1CBBACA9E8E,IMPHASH=3A957038E01A36E9455A72310E40AB52\\r\\nParentProcessGuid: {4b2ce92d-b3a9-6abf-9b02-000000001400}\\r\\nParentProcessId: 5844\\r\\nParentImage: C:\\\\Program Files (x86)\\\\Microsoft\\\\EdgeUpdate\\\\Install\\\\{C3748C6C-3DF0-4F40-A83F-6A5DE3F43CDA}\\\\MicrosoftEdge_X64_154.0.4258.48_154.0.4258.37.exe\\r\\nParentCommandLine: \\\"C:\\\\Program Files (x86)\\\\Microsoft\\\\EdgeUpdate\\\\Install\\\\{C3748C6C-3DF0-4F40-A83F-6A5DE3F43CDA}\\\\MicrosoftEdge_X64_154.0.4258.48_154.0.4258.37.exe\\\" --msedgewebview --verbose-logging --do-not-launch-msedge --system-level\\r\\nParentUser: NT AUTHORITY\\\\SYSTEM\\\"\"},\"eventdata\":{\"utcTime\":\"2026-10-02 13:37:45.350\",\"processGuid\":\"{4b2ce92d-b3a9-6abf-9c02-000000001400}\",\"processId\":\"9228\",\"image\":\"C:\\\\\\\\Program Files (x86)\\\\\\\\Microsoft\\\\\\\\EdgeUpdate\\\\\\\\Install\\\\\\\\{C3748C6C-3DF0-4F40-A83F-6A5DE3F43CDA}\\\\\\\\EDGEMITMP_AE746.tmp\\\\\\\\setup.exe\",\"fileVersion\":\"154.0.4258.48\",\"description\":\"Microsoft Edge Installer\",\"product\":\"Microsoft Edge Installer\",\"company\":\"Microsoft Corporation\",\"originalFileName\":\"setup.exe\",\"commandLine\":\"\\\\\\\"C:\\\\\\\\Program Files (x86)\\\\\\\\Microsoft\\\\\\\\EdgeUpdate\\\\\\\\Install\\\\\\\\{C3748C6C-3DF0-4F40-A83F-6A5DE3F43CDA}\\\\\\\\EDGEMITMP_AE746.tmp\\\\\\\\setup.exe\\\\\\\" --install-archive=\\\\\\\"C:\\\\\\\\Program Files (x86)\\\\\\\\Microsoft\\\\\\\\EdgeUpdate\\\\\\\\Install\\\\\\\\{C3748C6C-3DF0-4F40-A83F-6A5DE3F43CDA}\\\\\\\\MicrosoftEdge_X64_154.0.4258.48_154.0.4258.37.exe\\\\\\\" --previous-version=\\\\\\\"154.0.4258.37\\\\\\\" --msedgewebview --verbose-logging --do-not-launch-msedge --system-level\",\"currentDirectory\":\"C:\\\\\\\\Program Files (x86)\\\\\\\\Microsoft\\\\\\\\EdgeUpdate\\\\\\\\1.3.275.13\\\\\\\\\",\"user\":\"NT AUTHORITY\\\\\\\\SYSTEM\",\"logonGuid\":\"{4b2ce92d-824a-6abe-e703-000000000000}\",\"logonId\":\"0x3e7\",\"terminalSessionId\":\"0\",\"integrityLevel\":\"System\",\"hashes\":\"MD5=D0E7BD7A6A04B9475DC897BC09E37EE6,SHA256=A2B295222B0325150773385BAD0F5ACBCE8CCE16A60CFC6B883CC1CBBACA9E8E,IMPHASH=3A957038E01A36E9455A72310E40AB52\",\"parentProcessGuid\":\"{4b2ce92d-b3a9-6abf-9b02-000000001400}\",\"parentProcessId\":\"5844\",\"parentImage\":\"C:\\\\\\\\Program Files (x86)\\\\\\\\Microsoft\\\\\\\\EdgeUpdate\\\\\\\\Install\\\\\\\\{C3748C6C-3DF0-4F40-A83F-6A5DE3F43CDA}\\\\\\\\MicrosoftEdge_X64_154.0.4258.48_154.0.4258.37.exe\",\"parentCommandLine\":\"\\\\\\\"C:\\\\\\\\Program Files (x86)\\\\\\\\Microsoft\\\\\\\\EdgeUpdate\\\\\\\\Install\\\\\\\\{C3748C6C-3DF0-4F40-A83F-6A5DE3F43CDA}\\\\\\\\MicrosoftEdge_X64_154.0.4258.48_154.0.4258.37.exe\\\\\\\" --msedgewebview --verbose-logging --do-not-launch-msedge --system-level\",\"parentUser\":\"NT AUTHORITY\\\\\\\\SYSTEM\"}}}","decoder":{"name":"windows_eventchannel"},"data":{"win":{"system":{"providerName":"Microsoft-Windows-Sysmon","providerGuid":"{5770385f-c22a-43e0-bf4c-06f5698ffbd9}","eventID":"1","version":"5","level":"4","task":"1","opcode":"0","keywords":"0x8000000000000000","systemTime":"2026-10-02T13:37:45.3817475Z","eventRecordID":"14957","processID":"3504","threadID":"4956","channel":"Microsoft-Windows-Sysmon/Operational","computer":"DESKTOP-5OG7C28","severityValue":"INFORMATION","message":"\"Process Create:\r\nRuleName: -\r\nUtcTime: 2026-10-02 13:37:45.350\r\nProcessGuid: {4b2ce92d-b3a9-6abf-9c02-000000001400}\r\nProcessId: 9228\r\nImage: C:\\Program Files (x86)\\Microsoft\\EdgeUpdate\\Install\\{C3748C6C-3DF0-4F40-A83F-6A5DE3F43CDA}\\EDGEMITMP_AE746.tmp\\setup.exe\r\nFileVersion: 154.0.4258.48\r\nDescription: Microsoft Edge Installer\r\nProduct: Microsoft Edge Installer\r\nCompany: Microsoft Corporation\r\nOriginalFileName: setup.exe\r\nCommandLine: \"C:\\Program Files (x86)\\Microsoft\\EdgeUpdate\\Install\\{C3748C6C-3DF0-4F40-A83F-6A5DE3F43CDA}\\EDGEMITMP_AE746.tmp\\setup.exe\" --install-archive=\"C:\\Program Files (x86)\\Microsoft\\EdgeUpdate\\Install\\{C3748C6C-3DF0-4F40-A83F-6A5DE3F43CDA}\\MicrosoftEdge_X64_154.0.4258.48_154.0.4258.37.exe\" --previous-version=\"154.0.4258.37\" --msedgewebview --verbose-logging --do-not-launch-msedge --system-level\r\nCurrentDirectory: C:\\Program Files (x86)\\Microsoft\\EdgeUpdate\\1.3.275.13\\\r\nUser: NT AUTHORITY\\SYSTEM\r\nLogonGuid: {4b2ce92d-824a-6abe-e703-000000000000}\r\nLogonId: 0x3E7\r\nTerminalSessionId: 0\r\nIntegrityLevel: System\r\nHashes: MD5=D0E7BD7A6A04B9475DC897BC09E37EE6,SHA256=A2B295222B0325150773385BAD0F5ACBCE8CCE16A60CFC6B883CC1CBBACA9E8E,IMPHASH=3A957038E01A36E9455A72310E40AB52\r\nParentProcessGuid: {4b2ce92d-b3a9-6abf-9b02-000000001400}\r\nParentProcessId: 5844\r\nParentImage: C:\\Program Files (x86)\\Microsoft\\EdgeUpdate\\Install\\{C3748C6C-3DF0-4F40-A83F-6A5DE3F43CDA}\\MicrosoftEdge_X64_154.0.4258.48_154.0.4258.37.exe\r\nParentCommandLine: \"C:\\Program Files (x86)\\Microsoft\\EdgeUpdate\\Install\\{C3748C6C-3DF0-4F40-A83F-6A5DE3F43CDA}\\MicrosoftEdge_X64_154.0.4258.48_154.0.4258.37.exe\" --msedgewebview --verbose-logging --do-not-launch-msedge --system-level\r\nParentUser: NT AUTHORITY\\SYSTEM\""},"eventdata":{"utcTime":"2026-10-02 13:37:45.350","processGuid":"{4b2ce92d-b3a9-6abf-9c02-000000001400}","processId":"9228","image":"C:\\\\Program Files (x86)\\\\Microsoft\\\\EdgeUpdate\\\\Install\\\\{C3748C6C-3DF0-4F40-A83F-6A5DE3F43CDA}\\\\EDGEMITMP_AE746.tmp\\\\setup.exe","fileVersion":"154.0.4258.48","description":"Microsoft Edge Installer","product":"Microsoft Edge Installer","company":"Microsoft Corporation","originalFileName":"setup.exe","commandLine":"\\\"C:\\\\Program Files (x86)\\\\Microsoft\\\\EdgeUpdate\\\\Install\\\\{C3748C6C-3DF0-4F40-A83F-6A5DE3F43CDA}\\\\EDGEMITMP_AE746.tmp\\\\setup.exe\\\" --install-archive=\\\"C:\\\\Program Files (x86)\\\\Microsoft\\\\EdgeUpdate\\\\Install\\\\{C3748C6C-3DF0-4F40-A83F-6A5DE3F43CDA}\\\\MicrosoftEdge_X64_154.0.4258.48_154.0.4258.37.exe\\\" --previous-version=\\\"154.0.4258.37\\\" --msedgewebview --verbose-logging --do-not-launch-msedge --system-level","currentDirectory":"C:\\\\Program Files (x86)\\\\Microsoft\\\\EdgeUpdate\\\\1.3.275.13\\\\","user":"NT AUTHORITY\\\\SYSTEM","logonGuid":"{4b2ce92d-824a-6abe-e703-000000000000}","logonId":"0x3e7","terminalSessionId":"0","integrityLevel":"System","hashes":"MD5=D0E7BD7A6A04B9475DC897BC09E37EE6,SHA256=A2B295222B0325150773385BAD0F5ACBCE8CCE16A60CFC6B883CC1CBBACA9E8E,IMPHASH=3A957038E01A36E9455A72310E40AB52","parentProcessGuid":"{4b2ce92d-b3a9-6abf-9b02-000000001400}","parentProcessId":"5844","parentImage":"C:\\\\Program Files (x86)\\\\Microsoft\\\\EdgeUpdate\\\\Install\\\\{C3748C6C-3DF0-4F40-A83F-6A5DE3F43CDA}\\\\MicrosoftEdge_X64_154.0.4258.48_154.0.4258.37.exe","parentCommandLine":"\\\"C:\\\\Program Files (x86)\\\\Microsoft\\\\EdgeUpdate\\\\Install\\\\{C3748C6C-3DF0-4F40-A83F-6A5DE3F43CDA}\\\\MicrosoftEdge_X64_154.0.4258.48_154.0.4258.37.exe\\\" --msedgewebview --verbose-logging --do-not-launch-msedge --system-level","parentUser":"NT AUTHORITY\\\\SYSTEM"}}},"location":"EventChannel"}
